{
	"start":	{
		"connected":	[{
				"socket":	5,
				"local_host":	"192.168.1.3",
				"local_port":	48018,
				"remote_host":	"192.168.1.58",
				"remote_port":	5201
			}],
		"version":	"iperf 3.20",
		"system_info":	"Linux kuroi-washi 6.19.11+kali-amd64 #1 SMP PREEMPT_DYNAMIC Kali 6.19.11-1kali1 (2026-04-09) x86_64",
		"timestamp":	{
			"time":	"Thu, 23 Apr 2026 20:04:24 GMT",
			"timesecs":	1776974664,
			"timemillisecs":	1776974664168
		},
		"connecting_to":	{
			"host":	"192.168.1.58",
			"port":	5201
		},
		"cookie":	"b5uiryxyatfd2j4djye72bdlmbcbtxc2yt64",
		"tcp_mss":	766,
		"target_bitrate":	0,
		"fq_rate":	0,
		"sock_bufsize":	0,
		"sndbuf_actual":	16384,
		"rcvbuf_actual":	131072,
		"test_start":	{
			"protocol":	"TCP",
			"num_streams":	1,
			"blksize":	131072,
			"omit":	0,
			"duration":	10,
			"bytes":	0,
			"blocks":	0,
			"reverse":	0,
			"tos":	0,
			"target_bitrate":	0,
			"bidir":	0,
			"fqrate":	0,
			"interval":	1
		}
	},
	"intervals":	[{
			"streams":	[{
					"socket":	5,
					"start":	0,
					"end":	1.001067,
					"seconds":	1.001067042350769,
					"bytes":	4718592,
					"bits_per_second":	37708499.434119843,
					"retransmits":	0,
					"snd_cwnd":	227708,
					"snd_wnd":	1783936,
					"rtt":	37462,
					"rttvar":	2677,
					"pmtu":	1500,
					"reorder":	0,
					"omitted":	false,
					"sender":	true
				}],
			"sum":	{
				"start":	0,
				"end":	1.001067,
				"seconds":	1.001067042350769,
				"bytes":	4718592,
				"bits_per_second":	37708499.434119843,
				"retransmits":	0,
				"omitted":	false,
				"sender":	true
			}
		}, {
			"streams":	[{
					"socket":	5,
					"start":	1.001067,
					"end":	2.001139,
					"seconds":	1.0000720024108887,
					"bytes":	4063232,
					"bits_per_second":	32503515.668509509,
					"retransmits":	0,
					"snd_cwnd":	384540,
					"snd_wnd":	1778624,
					"rtt":	43343,
					"rttvar":	7907,
					"pmtu":	1500,
					"reorder":	0,
					"omitted":	false,
					"sender":	true
				}],
			"sum":	{
				"start":	1.001067,
				"end":	2.001139,
				"seconds":	1.0000720024108887,
				"bytes":	4063232,
				"bits_per_second":	32503515.668509509,
				"retransmits":	0,
				"omitted":	false,
				"sender":	true
			}
		}, {
			"streams":	[{
					"socket":	5,
					"start":	2.001139,
					"end":	3.001094,
					"seconds":	0.99995499849319458,
					"bytes":	4456448,
					"bits_per_second":	35653188.447202541,
					"retransmits":	0,
					"snd_cwnd":	561730,
					"snd_wnd":	1625024,
					"rtt":	107492,
					"rttvar":	56031,
					"pmtu":	1500,
					"reorder":	0,
					"omitted":	false,
					"sender":	true
				}],
			"sum":	{
				"start":	2.001139,
				"end":	3.001094,
				"seconds":	0.99995499849319458,
				"bytes":	4456448,
				"bits_per_second":	35653188.447202541,
				"retransmits":	0,
				"omitted":	false,
				"sender":	true
			}
		}, {
			"streams":	[{
					"socket":	5,
					"start":	3.001094,
					"end":	4.000892,
					"seconds":	0.9997979998588562,
					"bytes":	4194304,
					"bits_per_second":	33561211.369433582,
					"retransmits":	0,
					"snd_cwnd":	730626,
					"snd_wnd":	1930432,
					"rtt":	86557,
					"rttvar":	45438,
					"pmtu":	1500,
					"reorder":	0,
					"omitted":	false,
					"sender":	true
				}],
			"sum":	{
				"start":	3.001094,
				"end":	4.000892,
				"seconds":	0.9997979998588562,
				"bytes":	4194304,
				"bits_per_second":	33561211.369433582,
				"retransmits":	0,
				"omitted":	false,
				"sender":	true
			}
		}, {
			"streams":	[{
					"socket":	5,
					"start":	4.000892,
					"end":	5.001063,
					"seconds":	1.0001709461212158,
					"bytes":	4849664,
					"bits_per_second":	38790680.883563638,
					"retransmits":	0,
					"snd_cwnd":	891228,
					"snd_wnd":	1935680,
					"rtt":	72205,
					"rttvar":	38115,
					"pmtu":	1500,
					"reorder":	0,
					"omitted":	false,
					"sender":	true
				}],
			"sum":	{
				"start":	4.000892,
				"end":	5.001063,
				"seconds":	1.0001709461212158,
				"bytes":	4849664,
				"bits_per_second":	38790680.883563638,
				"retransmits":	0,
				"omitted":	false,
				"sender":	true
			}
		}, {
			"streams":	[{
					"socket":	5,
					"start":	5.001063,
					"end":	6.001067,
					"seconds":	1.0000040531158447,
					"bytes":	3014656,
					"bits_per_second":	24117150.250396192,
					"retransmits":	0,
					"snd_cwnd":	1045044,
					"snd_wnd":	1076608,
					"rtt":	182090,
					"rttvar":	130695,
					"pmtu":	1500,
					"reorder":	0,
					"omitted":	false,
					"sender":	true
				}],
			"sum":	{
				"start":	5.001063,
				"end":	6.001067,
				"seconds":	1.0000040531158447,
				"bytes":	3014656,
				"bits_per_second":	24117150.250396192,
				"retransmits":	0,
				"omitted":	false,
				"sender":	true
			}
		}, {
			"streams":	[{
					"socket":	5,
					"start":	6.001067,
					"end":	7.001064,
					"seconds":	0.99999701976776123,
					"bytes":	2883584,
					"bits_per_second":	23068740.750204891,
					"retransmits":	0,
					"snd_cwnd":	1198106,
					"snd_wnd":	1219712,
					"rtt":	279068,
					"rttvar":	80870,
					"pmtu":	1500,
					"reorder":	0,
					"omitted":	false,
					"sender":	true
				}],
			"sum":	{
				"start":	6.001067,
				"end":	7.001064,
				"seconds":	0.99999701976776123,
				"bytes":	2883584,
				"bits_per_second":	23068740.750204891,
				"retransmits":	0,
				"omitted":	false,
				"sender":	true
			}
		}, {
			"streams":	[{
					"socket":	5,
					"start":	7.001064,
					"end":	8.001063,
					"seconds":	0.99999898672103882,
					"bytes":	4456448,
					"bits_per_second":	35651620.1250366,
					"retransmits":	0,
					"snd_cwnd":	1348906,
					"snd_wnd":	1935680,
					"rtt":	116848,
					"rttvar":	128939,
					"pmtu":	1500,
					"reorder":	0,
					"omitted":	false,
					"sender":	true
				}],
			"sum":	{
				"start":	7.001064,
				"end":	8.001063,
				"seconds":	0.99999898672103882,
				"bytes":	4456448,
				"bits_per_second":	35651620.1250366,
				"retransmits":	0,
				"omitted":	false,
				"sender":	true
			}
		}, {
			"streams":	[{
					"socket":	5,
					"start":	8.001063,
					"end":	9.001125,
					"seconds":	1.0000619888305664,
					"bytes":	3014656,
					"bits_per_second":	24115753.092667557,
					"retransmits":	0,
					"snd_cwnd":	1471054,
					"snd_wnd":	1935680,
					"rtt":	331489,
					"rttvar":	25571,
					"pmtu":	1500,
					"reorder":	0,
					"omitted":	false,
					"sender":	true
				}],
			"sum":	{
				"start":	8.001063,
				"end":	9.001125,
				"seconds":	1.0000619888305664,
				"bytes":	3014656,
				"bits_per_second":	24115753.092667557,
				"retransmits":	0,
				"omitted":	false,
				"sender":	true
			}
		}, {
			"streams":	[{
					"socket":	5,
					"start":	9.001125,
					"end":	10.001969,
					"seconds":	1.0008440017700195,
					"bytes":	2883584,
					"bits_per_second":	23049218.418856919,
					"retransmits":	0,
					"snd_cwnd":	1604512,
					"snd_wnd":	1935680,
					"rtt":	132733,
					"rttvar":	125283,
					"pmtu":	1500,
					"reorder":	0,
					"omitted":	false,
					"sender":	true
				}],
			"sum":	{
				"start":	9.001125,
				"end":	10.001969,
				"seconds":	1.0008440017700195,
				"bytes":	2883584,
				"bits_per_second":	23049218.418856919,
				"retransmits":	0,
				"omitted":	false,
				"sender":	true
			}
		}],
	"end":	{
		"streams":	[{
				"sender":	{
					"socket":	5,
					"start":	0,
					"end":	10.001969,
					"seconds":	10.001969,
					"bytes":	38535168,
					"bits_per_second":	30822065.5352961,
					"retransmits":	0,
					"reorder":	0,
					"max_snd_cwnd":	1604512,
					"max_snd_wnd":	1935680,
					"max_rtt":	331489,
					"min_rtt":	37462,
					"mean_rtt":	138928,
					"sender":	true
				},
				"receiver":	{
					"socket":	5,
					"start":	0,
					"end":	10.079406,
					"seconds":	10.001969,
					"bytes":	34865152,
					"bits_per_second":	27672386.249745272,
					"sender":	true
				}
			}],
		"sum_sent":	{
			"start":	0,
			"end":	10.001969,
			"seconds":	10.001969,
			"bytes":	38535168,
			"bits_per_second":	30822065.5352961,
			"retransmits":	0,
			"sender":	true
		},
		"sum_received":	{
			"start":	0,
			"end":	10.079406,
			"seconds":	10.079406,
			"bytes":	34865152,
			"bits_per_second":	27672386.249745272,
			"sender":	true
		},
		"cpu_utilization_percent":	{
			"host_total":	0.18402135570218681,
			"host_user":	0.013549109108798651,
			"host_system":	0.17046230594107062,
			"remote_total":	13.7108827202378,
			"remote_user":	0.069880641924388,
			"remote_system":	13.641011972217127
		},
		"sender_tcp_congestion":	"cubic",
		"receiver_tcp_congestion":	"cubic"
	}
}
