{
	"start":	{
		"connected":	[{
				"socket":	5,
				"local_host":	"192.168.1.3",
				"local_port":	37538,
				"remote_host":	"192.168.1.58",
				"remote_port":	5201
			}],
		"version":	"iperf 3.20",
		"system_info":	"Linux kuroi-washi 6.19.11+kali-amd64 #1 SMP PREEMPT_DYNAMIC Kali 6.19.11-1kali1 (2026-04-09) x86_64",
		"timestamp":	{
			"time":	"Thu, 23 Apr 2026 20:30:16 GMT",
			"timesecs":	1776976216,
			"timemillisecs":	1776976216667
		},
		"connecting_to":	{
			"host":	"192.168.1.58",
			"port":	5201
		},
		"cookie":	"mbd3tba4ueu2l75tk5c3xwv7gbojazciicho",
		"tcp_mss":	1366,
		"target_bitrate":	0,
		"fq_rate":	0,
		"sock_bufsize":	0,
		"sndbuf_actual":	16384,
		"rcvbuf_actual":	131072,
		"test_start":	{
			"protocol":	"TCP",
			"num_streams":	1,
			"blksize":	131072,
			"omit":	0,
			"duration":	10,
			"bytes":	0,
			"blocks":	0,
			"reverse":	0,
			"tos":	0,
			"target_bitrate":	0,
			"bidir":	0,
			"fqrate":	0,
			"interval":	1
		}
	},
	"intervals":	[{
			"streams":	[{
					"socket":	5,
					"start":	0,
					"end":	1.001037,
					"seconds":	1.0010370016098022,
					"bytes":	7340032,
					"bits_per_second":	58659426.0807242,
					"retransmits":	0,
					"snd_cwnd":	408908,
					"snd_wnd":	1935360,
					"rtt":	56564,
					"rttvar":	6696,
					"pmtu":	1500,
					"reorder":	0,
					"omitted":	false,
					"sender":	true
				}],
			"sum":	{
				"start":	0,
				"end":	1.001037,
				"seconds":	1.0010370016098022,
				"bytes":	7340032,
				"bits_per_second":	58659426.0807242,
				"retransmits":	0,
				"omitted":	false,
				"sender":	true
			}
		}, {
			"streams":	[{
					"socket":	5,
					"start":	1.001037,
					"end":	2.001104,
					"seconds":	1.0000669956207275,
					"bytes":	7077888,
					"bits_per_second":	56619310.754130863,
					"retransmits":	0,
					"snd_cwnd":	747408,
					"snd_wnd":	1935360,
					"rtt":	105552,
					"rttvar":	8275,
					"pmtu":	1500,
					"reorder":	0,
					"omitted":	false,
					"sender":	true
				}],
			"sum":	{
				"start":	1.001037,
				"end":	2.001104,
				"seconds":	1.0000669956207275,
				"bytes":	7077888,
				"bits_per_second":	56619310.754130863,
				"retransmits":	0,
				"omitted":	false,
				"sender":	true
			}
		}, {
			"streams":	[{
					"socket":	5,
					"start":	2.001104,
					"end":	3.001155,
					"seconds":	1.0000510215759277,
					"bytes":	7602176,
					"bits_per_second":	60814305.158311874,
					"retransmits":	0,
					"snd_cwnd":	1071014,
					"snd_wnd":	1935360,
					"rtt":	149283,
					"rttvar":	8839,
					"pmtu":	1500,
					"reorder":	0,
					"omitted":	false,
					"sender":	true
				}],
			"sum":	{
				"start":	2.001104,
				"end":	3.001155,
				"seconds":	1.0000510215759277,
				"bytes":	7602176,
				"bits_per_second":	60814305.158311874,
				"retransmits":	0,
				"omitted":	false,
				"sender":	true
			}
		}, {
			"streams":	[{
					"socket":	5,
					"start":	3.001155,
					"end":	4.001049,
					"seconds":	0.99989402294158936,
					"bytes":	6946816,
					"bits_per_second":	55580418.249231286,
					"retransmits":	0,
					"snd_cwnd":	1409514,
					"snd_wnd":	1935360,
					"rtt":	193353,
					"rttvar":	9691,
					"pmtu":	1500,
					"reorder":	0,
					"omitted":	false,
					"sender":	true
				}],
			"sum":	{
				"start":	3.001155,
				"end":	4.001049,
				"seconds":	0.99989402294158936,
				"bytes":	6946816,
				"bits_per_second":	55580418.249231286,
				"retransmits":	0,
				"omitted":	false,
				"sender":	true
			}
		}, {
			"streams":	[{
					"socket":	5,
					"start":	4.001049,
					"end":	5.001063,
					"seconds":	1.0000139474868774,
					"bytes":	7208960,
					"bits_per_second":	57670875.636218853,
					"retransmits":	0,
					"snd_cwnd":	1746660,
					"snd_wnd":	1935360,
					"rtt":	230510,
					"rttvar":	5503,
					"pmtu":	1500,
					"reorder":	0,
					"omitted":	false,
					"sender":	true
				}],
			"sum":	{
				"start":	4.001049,
				"end":	5.001063,
				"seconds":	1.0000139474868774,
				"bytes":	7208960,
				"bits_per_second":	57670875.636218853,
				"retransmits":	0,
				"omitted":	false,
				"sender":	true
			}
		}, {
			"streams":	[{
					"socket":	5,
					"start":	5.001063,
					"end":	6.001045,
					"seconds":	0.99998199939727783,
					"bytes":	7077888,
					"bits_per_second":	56624123.268347442,
					"retransmits":	0,
					"snd_cwnd":	2032354,
					"snd_wnd":	1935360,
					"rtt":	296458,
					"rttvar":	4924,
					"pmtu":	1500,
					"reorder":	0,
					"omitted":	false,
					"sender":	true
				}],
			"sum":	{
				"start":	5.001063,
				"end":	6.001045,
				"seconds":	0.99998199939727783,
				"bytes":	7077888,
				"bits_per_second":	56624123.268347442,
				"retransmits":	0,
				"omitted":	false,
				"sender":	true
			}
		}, {
			"streams":	[{
					"socket":	5,
					"start":	6.001045,
					"end":	7.001058,
					"seconds":	1.000012993812561,
					"bytes":	5767168,
					"bits_per_second":	46136744.507789686,
					"retransmits":	0,
					"snd_cwnd":	2032354,
					"snd_wnd":	1935360,
					"rtt":	283057,
					"rttvar":	6552,
					"pmtu":	1500,
					"reorder":	0,
					"omitted":	false,
					"sender":	true
				}],
			"sum":	{
				"start":	6.001045,
				"end":	7.001058,
				"seconds":	1.000012993812561,
				"bytes":	5767168,
				"bits_per_second":	46136744.507789686,
				"retransmits":	0,
				"omitted":	false,
				"sender":	true
			}
		}, {
			"streams":	[{
					"socket":	5,
					"start":	7.001058,
					"end":	8.001141,
					"seconds":	1.0000829696655273,
					"bytes":	7208960,
					"bits_per_second":	57666895.3969769,
					"retransmits":	0,
					"snd_cwnd":	2032354,
					"snd_wnd":	1935360,
					"rtt":	276882,
					"rttvar":	5458,
					"pmtu":	1500,
					"reorder":	0,
					"omitted":	false,
					"sender":	true
				}],
			"sum":	{
				"start":	7.001058,
				"end":	8.001141,
				"seconds":	1.0000829696655273,
				"bytes":	7208960,
				"bits_per_second":	57666895.3969769,
				"retransmits":	0,
				"omitted":	false,
				"sender":	true
			}
		}, {
			"streams":	[{
					"socket":	5,
					"start":	8.001141,
					"end":	9.001067,
					"seconds":	0.999925971031189,
					"bytes":	5898240,
					"bits_per_second":	47189413.3836116,
					"retransmits":	0,
					"snd_cwnd":	2032354,
					"snd_wnd":	1935360,
					"rtt":	280578,
					"rttvar":	3179,
					"pmtu":	1500,
					"reorder":	0,
					"omitted":	false,
					"sender":	true
				}],
			"sum":	{
				"start":	8.001141,
				"end":	9.001067,
				"seconds":	0.999925971031189,
				"bytes":	5898240,
				"bits_per_second":	47189413.3836116,
				"retransmits":	0,
				"omitted":	false,
				"sender":	true
			}
		}, {
			"streams":	[{
					"socket":	5,
					"start":	9.001067,
					"end":	10.001649,
					"seconds":	1.0005819797515869,
					"bytes":	7471104,
					"bits_per_second":	59734067.9819546,
					"retransmits":	0,
					"snd_cwnd":	2032354,
					"snd_wnd":	1935360,
					"rtt":	282014,
					"rttvar":	19196,
					"pmtu":	1500,
					"reorder":	0,
					"omitted":	false,
					"sender":	true
				}],
			"sum":	{
				"start":	9.001067,
				"end":	10.001649,
				"seconds":	1.0005819797515869,
				"bytes":	7471104,
				"bits_per_second":	59734067.9819546,
				"retransmits":	0,
				"omitted":	false,
				"sender":	true
			}
		}],
	"end":	{
		"streams":	[{
				"sender":	{
					"socket":	5,
					"start":	0,
					"end":	10.001649,
					"seconds":	10.001649,
					"bytes":	69599232,
					"bits_per_second":	55670205.583099343,
					"retransmits":	0,
					"reorder":	0,
					"max_snd_cwnd":	2032354,
					"max_snd_wnd":	1935360,
					"max_rtt":	296458,
					"min_rtt":	56564,
					"mean_rtt":	215425,
					"sender":	true
				},
				"receiver":	{
					"socket":	5,
					"start":	0,
					"end":	10.279639,
					"seconds":	10.001649,
					"bytes":	68157440,
					"bits_per_second":	53042672.023793831,
					"sender":	true
				}
			}],
		"sum_sent":	{
			"start":	0,
			"end":	10.001649,
			"seconds":	10.001649,
			"bytes":	69599232,
			"bits_per_second":	55670205.583099343,
			"retransmits":	0,
			"sender":	true
		},
		"sum_received":	{
			"start":	0,
			"end":	10.279639,
			"seconds":	10.279639,
			"bytes":	68157440,
			"bits_per_second":	53042672.023793831,
			"sender":	true
		},
		"cpu_utilization_percent":	{
			"host_total":	0.26243599830912118,
			"host_user":	0.10199330127394243,
			"host_system":	0.16041288605468168,
			"remote_total":	18.779711028122879,
			"remote_user":	0.92934714482806224,
			"remote_system":	17.850334799388424
		},
		"sender_tcp_congestion":	"cubic",
		"receiver_tcp_congestion":	"cubic"
	}
}
{
	"start":	{
		"connected":	[{
				"socket":	5,
				"local_host":	"192.168.1.3",
				"local_port":	40136,
				"remote_host":	"192.168.1.58",
				"remote_port":	5201
			}],
		"version":	"iperf 3.20",
		"system_info":	"Linux kuroi-washi 6.19.11+kali-amd64 #1 SMP PREEMPT_DYNAMIC Kali 6.19.11-1kali1 (2026-04-09) x86_64",
		"timestamp":	{
			"time":	"Thu, 23 Apr 2026 20:30:27 GMT",
			"timesecs":	1776976227,
			"timemillisecs":	1776976227460
		},
		"connecting_to":	{
			"host":	"192.168.1.58",
			"port":	5201
		},
		"cookie":	"lf662ibuf22cnvly7xebey4kevjtwdhtpj5a",
		"tcp_mss":	1366,
		"target_bitrate":	0,
		"fq_rate":	0,
		"sock_bufsize":	0,
		"sndbuf_actual":	16384,
		"rcvbuf_actual":	131072,
		"test_start":	{
			"protocol":	"TCP",
			"num_streams":	1,
			"blksize":	131072,
			"omit":	0,
			"duration":	10,
			"bytes":	0,
			"blocks":	0,
			"reverse":	0,
			"tos":	0,
			"target_bitrate":	0,
			"bidir":	0,
			"fqrate":	0,
			"interval":	1
		}
	},
	"intervals":	[{
			"streams":	[{
					"socket":	5,
					"start":	0,
					"end":	1.001085,
					"seconds":	1.0010850429534912,
					"bytes":	7077888,
					"bits_per_second":	56561732.091157235,
					"retransmits":	0,
					"snd_cwnd":	411616,
					"snd_wnd":	1846848,
					"rtt":	33914,
					"rttvar":	2662,
					"pmtu":	1500,
					"reorder":	0,
					"omitted":	false,
					"sender":	true
				}],
			"sum":	{
				"start":	0,
				"end":	1.001085,
				"seconds":	1.0010850429534912,
				"bytes":	7077888,
				"bits_per_second":	56561732.091157235,
				"retransmits":	0,
				"omitted":	false,
				"sender":	true
			}
		}, {
			"streams":	[{
					"socket":	5,
					"start":	1.001085,
					"end":	2.001053,
					"seconds":	0.99996799230575562,
					"bytes":	7995392,
					"bits_per_second":	63965183.37803185,
					"retransmits":	0,
					"snd_cwnd":	740638,
					"snd_wnd":	1846848,
					"rtt":	94113,
					"rttvar":	2797,
					"pmtu":	1500,
					"reorder":	0,
					"omitted":	false,
					"sender":	true
				}],
			"sum":	{
				"start":	1.001085,
				"end":	2.001053,
				"seconds":	0.99996799230575562,
				"bytes":	7995392,
				"bits_per_second":	63965183.37803185,
				"retransmits":	0,
				"omitted":	false,
				"sender":	true
			}
		}, {
			"streams":	[{
					"socket":	5,
					"start":	2.001053,
					"end":	3.00114,
					"seconds":	1.0000870227813721,
					"bytes":	7602176,
					"bits_per_second":	60812115.960528,
					"retransmits":	0,
					"snd_cwnd":	1064244,
					"snd_wnd":	1935360,
					"rtt":	148995,
					"rttvar":	2905,
					"pmtu":	1500,
					"reorder":	0,
					"omitted":	false,
					"sender":	true
				}],
			"sum":	{
				"start":	2.001053,
				"end":	3.00114,
				"seconds":	1.0000870227813721,
				"bytes":	7602176,
				"bits_per_second":	60812115.960528,
				"retransmits":	0,
				"omitted":	false,
				"sender":	true
			}
		}, {
			"streams":	[{
					"socket":	5,
					"start":	3.00114,
					"end":	4.001078,
					"seconds":	0.99993801116943359,
					"bytes":	7077888,
					"bits_per_second":	56626614.217594281,
					"retransmits":	0,
					"snd_cwnd":	1400036,
					"snd_wnd":	1935360,
					"rtt":	202736,
					"rttvar":	5404,
					"pmtu":	1500,
					"reorder":	0,
					"omitted":	false,
					"sender":	true
				}],
			"sum":	{
				"start":	3.00114,
				"end":	4.001078,
				"seconds":	0.99993801116943359,
				"bytes":	7077888,
				"bits_per_second":	56626614.217594281,
				"retransmits":	0,
				"omitted":	false,
				"sender":	true
			}
		}, {
			"streams":	[{
					"socket":	5,
					"start":	4.001078,
					"end":	5.001136,
					"seconds":	1.0000580549240112,
					"bytes":	5767168,
					"bits_per_second":	46134665.655491084,
					"retransmits":	0,
					"snd_cwnd":	1714164,
					"snd_wnd":	1935360,
					"rtt":	249389,
					"rttvar":	8102,
					"pmtu":	1500,
					"reorder":	0,
					"omitted":	false,
					"sender":	true
				}],
			"sum":	{
				"start":	4.001078,
				"end":	5.001136,
				"seconds":	1.0000580549240112,
				"bytes":	5767168,
				"bits_per_second":	46134665.655491084,
				"retransmits":	0,
				"omitted":	false,
				"sender":	true
			}
		}, {
			"streams":	[{
					"socket":	5,
					"start":	5.001136,
					"end":	6.00107,
					"seconds":	0.99993401765823364,
					"bytes":	7208960,
					"bits_per_second":	57675485.5636,
					"retransmits":	0,
					"snd_cwnd":	2025584,
					"snd_wnd":	1935360,
					"rtt":	275682,
					"rttvar":	8441,
					"pmtu":	1500,
					"reorder":	0,
					"omitted":	false,
					"sender":	true
				}],
			"sum":	{
				"start":	5.001136,
				"end":	6.00107,
				"seconds":	0.99993401765823364,
				"bytes":	7208960,
				"bits_per_second":	57675485.5636,
				"retransmits":	0,
				"omitted":	false,
				"sender":	true
			}
		}, {
			"streams":	[{
					"socket":	5,
					"start":	6.00107,
					"end":	7.001119,
					"seconds":	1.0000489950180054,
					"bytes":	7340032,
					"bits_per_second":	58717379.14095176,
					"retransmits":	0,
					"snd_cwnd":	2025584,
					"snd_wnd":	1935360,
					"rtt":	276222,
					"rttvar":	1721,
					"pmtu":	1500,
					"reorder":	0,
					"omitted":	false,
					"sender":	true
				}],
			"sum":	{
				"start":	6.00107,
				"end":	7.001119,
				"seconds":	1.0000489950180054,
				"bytes":	7340032,
				"bits_per_second":	58717379.14095176,
				"retransmits":	0,
				"omitted":	false,
				"sender":	true
			}
		}, {
			"streams":	[{
					"socket":	5,
					"start":	7.001119,
					"end":	8.001076,
					"seconds":	0.999957025051117,
					"bytes":	6029312,
					"bits_per_second":	48236568.964085527,
					"retransmits":	0,
					"snd_cwnd":	2025584,
					"snd_wnd":	1935360,
					"rtt":	295758,
					"rttvar":	9300,
					"pmtu":	1500,
					"reorder":	0,
					"omitted":	false,
					"sender":	true
				}],
			"sum":	{
				"start":	7.001119,
				"end":	8.001076,
				"seconds":	0.999957025051117,
				"bytes":	6029312,
				"bits_per_second":	48236568.964085527,
				"retransmits":	0,
				"omitted":	false,
				"sender":	true
			}
		}, {
			"streams":	[{
					"socket":	5,
					"start":	8.001076,
					"end":	9.001062,
					"seconds":	0.99998599290847778,
					"bytes":	7208960,
					"bits_per_second":	57672487.823815264,
					"retransmits":	0,
					"snd_cwnd":	2025584,
					"snd_wnd":	1935360,
					"rtt":	281708,
					"rttvar":	3181,
					"pmtu":	1500,
					"reorder":	0,
					"omitted":	false,
					"sender":	true
				}],
			"sum":	{
				"start":	8.001076,
				"end":	9.001062,
				"seconds":	0.99998599290847778,
				"bytes":	7208960,
				"bits_per_second":	57672487.823815264,
				"retransmits":	0,
				"omitted":	false,
				"sender":	true
			}
		}, {
			"streams":	[{
					"socket":	5,
					"start":	9.001062,
					"end":	10.001437,
					"seconds":	1.0003750324249268,
					"bytes":	5898240,
					"bits_per_second":	47168230.384179518,
					"retransmits":	0,
					"snd_cwnd":	2025584,
					"snd_wnd":	1935360,
					"rtt":	294905,
					"rttvar":	3126,
					"pmtu":	1500,
					"reorder":	0,
					"omitted":	false,
					"sender":	true
				}],
			"sum":	{
				"start":	9.001062,
				"end":	10.001437,
				"seconds":	1.0003750324249268,
				"bytes":	5898240,
				"bits_per_second":	47168230.384179518,
				"retransmits":	0,
				"omitted":	false,
				"sender":	true
			}
		}],
	"end":	{
		"streams":	[{
				"sender":	{
					"socket":	5,
					"start":	0,
					"end":	10.001437,
					"seconds":	10.001437,
					"bytes":	69206016,
					"bits_per_second":	55356858.0195026,
					"retransmits":	0,
					"reorder":	0,
					"max_snd_cwnd":	2025584,
					"max_snd_wnd":	1935360,
					"max_rtt":	295758,
					"min_rtt":	33914,
					"mean_rtt":	215342,
					"sender":	true
				},
				"receiver":	{
					"socket":	5,
					"start":	0,
					"end":	10.30967,
					"seconds":	10.001437,
					"bytes":	68157440,
					"bits_per_second":	52888164.218641333,
					"sender":	true
				}
			}],
		"sum_sent":	{
			"start":	0,
			"end":	10.001437,
			"seconds":	10.001437,
			"bytes":	69206016,
			"bits_per_second":	55356858.0195026,
			"retransmits":	0,
			"sender":	true
		},
		"sum_received":	{
			"start":	0,
			"end":	10.30967,
			"seconds":	10.30967,
			"bytes":	68157440,
			"bits_per_second":	52888164.218641333,
			"sender":	true
		},
		"cpu_utilization_percent":	{
			"host_total":	0.260204639692941,
			"host_user":	0,
			"host_system":	0.26017480883391175,
			"remote_total":	18.707422489331229,
			"remote_user":	1.5779789252657412,
			"remote_system":	17.12943389134302
		},
		"sender_tcp_congestion":	"cubic",
		"receiver_tcp_congestion":	"cubic"
	}
}
{
	"start":	{
		"connected":	[{
				"socket":	5,
				"local_host":	"192.168.1.3",
				"local_port":	37464,
				"remote_host":	"192.168.1.58",
				"remote_port":	5201
			}],
		"version":	"iperf 3.20",
		"system_info":	"Linux kuroi-washi 6.19.11+kali-amd64 #1 SMP PREEMPT_DYNAMIC Kali 6.19.11-1kali1 (2026-04-09) x86_64",
		"timestamp":	{
			"time":	"Thu, 23 Apr 2026 20:30:38 GMT",
			"timesecs":	1776976238,
			"timemillisecs":	1776976238203
		},
		"connecting_to":	{
			"host":	"192.168.1.58",
			"port":	5201
		},
		"cookie":	"qcdcilpdescciiisybr476t7ventkvxumndu",
		"tcp_mss":	1366,
		"target_bitrate":	0,
		"fq_rate":	0,
		"sock_bufsize":	0,
		"sndbuf_actual":	16384,
		"rcvbuf_actual":	131072,
		"test_start":	{
			"protocol":	"TCP",
			"num_streams":	1,
			"blksize":	131072,
			"omit":	0,
			"duration":	10,
			"bytes":	0,
			"blocks":	0,
			"reverse":	0,
			"tos":	0,
			"target_bitrate":	0,
			"bidir":	0,
			"fqrate":	0,
			"interval":	1
		}
	},
	"intervals":	[{
			"streams":	[{
					"socket":	5,
					"start":	0,
					"end":	1.001068,
					"seconds":	1.0010679960250854,
					"bytes":	7077888,
					"bits_per_second":	56562695.266287483,
					"retransmits":	0,
					"snd_cwnd":	435988,
					"snd_wnd":	1930944,
					"rtt":	61308,
					"rttvar":	2731,
					"pmtu":	1500,
					"reorder":	0,
					"omitted":	false,
					"sender":	true
				}],
			"sum":	{
				"start":	0,
				"end":	1.001068,
				"seconds":	1.0010679960250854,
				"bytes":	7077888,
				"bits_per_second":	56562695.266287483,
				"retransmits":	0,
				"omitted":	false,
				"sender":	true
			}
		}, {
			"streams":	[{
					"socket":	5,
					"start":	1.001068,
					"end":	2.001065,
					"seconds":	0.99999701976776123,
					"bytes":	7602176,
					"bits_per_second":	60817589.250540167,
					"retransmits":	0,
					"snd_cwnd":	743346,
					"snd_wnd":	1931648,
					"rtt":	103192,
					"rttvar":	9097,
					"pmtu":	1500,
					"reorder":	0,
					"omitted":	false,
					"sender":	true
				}],
			"sum":	{
				"start":	1.001068,
				"end":	2.001065,
				"seconds":	0.99999701976776123,
				"bytes":	7602176,
				"bits_per_second":	60817589.250540167,
				"retransmits":	0,
				"omitted":	false,
				"sender":	true
			}
		}, {
			"streams":	[{
					"socket":	5,
					"start":	2.001065,
					"end":	3.001093,
					"seconds":	1.0000280141830444,
					"bytes":	5898240,
					"bits_per_second":	47184598.162030213,
					"retransmits":	0,
					"snd_cwnd":	1015500,
					"snd_wnd":	1935360,
					"rtt":	171718,
					"rttvar":	4683,
					"pmtu":	1500,
					"reorder":	0,
					"omitted":	false,
					"sender":	true
				}],
			"sum":	{
				"start":	2.001065,
				"end":	3.001093,
				"seconds":	1.0000280141830444,
				"bytes":	5898240,
				"bits_per_second":	47184598.162030213,
				"retransmits":	0,
				"omitted":	false,
				"sender":	true
			}
		}, {
			"streams":	[{
					"socket":	5,
					"start":	3.001093,
					"end":	4.001076,
					"seconds":	0.999983012676239,
					"bytes":	5373952,
					"bits_per_second":	42992346.324906267,
					"retransmits":	0,
					"snd_cwnd":	1282238,
					"snd_wnd":	1935360,
					"rtt":	221530,
					"rttvar":	7811,
					"pmtu":	1500,
					"reorder":	0,
					"omitted":	false,
					"sender":	true
				}],
			"sum":	{
				"start":	3.001093,
				"end":	4.001076,
				"seconds":	0.999983012676239,
				"bytes":	5373952,
				"bits_per_second":	42992346.324906267,
				"retransmits":	0,
				"omitted":	false,
				"sender":	true
			}
		}, {
			"streams":	[{
					"socket":	5,
					"start":	4.001076,
					"end":	5.001092,
					"seconds":	1.0000159740448,
					"bytes":	5898240,
					"bits_per_second":	47185166.262040243,
					"retransmits":	0,
					"snd_cwnd":	1559808,
					"snd_wnd":	1935360,
					"rtt":	278637,
					"rttvar":	5868,
					"pmtu":	1500,
					"reorder":	0,
					"omitted":	false,
					"sender":	true
				}],
			"sum":	{
				"start":	4.001076,
				"end":	5.001092,
				"seconds":	1.0000159740448,
				"bytes":	5898240,
				"bits_per_second":	47185166.262040243,
				"retransmits":	0,
				"omitted":	false,
				"sender":	true
			}
		}, {
			"streams":	[{
					"socket":	5,
					"start":	5.001092,
					"end":	6.001114,
					"seconds":	1.0000220537185669,
					"bytes":	5636096,
					"bits_per_second":	45087773.646929182,
					"retransmits":	0,
					"snd_cwnd":	1833316,
					"snd_wnd":	1930944,
					"rtt":	312348,
					"rttvar":	4110,
					"pmtu":	1500,
					"reorder":	0,
					"omitted":	false,
					"sender":	true
				}],
			"sum":	{
				"start":	5.001092,
				"end":	6.001114,
				"seconds":	1.0000220537185669,
				"bytes":	5636096,
				"bits_per_second":	45087773.646929182,
				"retransmits":	0,
				"omitted":	false,
				"sender":	true
			}
		}, {
			"streams":	[{
					"socket":	5,
					"start":	6.001114,
					"end":	7.001119,
					"seconds":	1.0000050067901611,
					"bytes":	5636096,
					"bits_per_second":	45088542.251130275,
					"retransmits":	0,
					"snd_cwnd":	2033708,
					"snd_wnd":	1935360,
					"rtt":	354012,
					"rttvar":	6927,
					"pmtu":	1500,
					"reorder":	0,
					"omitted":	false,
					"sender":	true
				}],
			"sum":	{
				"start":	6.001114,
				"end":	7.001119,
				"seconds":	1.0000050067901611,
				"bytes":	5636096,
				"bits_per_second":	45088542.251130275,
				"retransmits":	0,
				"omitted":	false,
				"sender":	true
			}
		}, {
			"streams":	[{
					"socket":	5,
					"start":	7.001119,
					"end":	8.001096,
					"seconds":	0.9999769926071167,
					"bytes":	5767168,
					"bits_per_second":	46138405.5244229,
					"retransmits":	0,
					"snd_cwnd":	2033708,
					"snd_wnd":	1935360,
					"rtt":	343541,
					"rttvar":	17595,
					"pmtu":	1500,
					"reorder":	0,
					"omitted":	false,
					"sender":	true
				}],
			"sum":	{
				"start":	7.001119,
				"end":	8.001096,
				"seconds":	0.9999769926071167,
				"bytes":	5767168,
				"bits_per_second":	46138405.5244229,
				"retransmits":	0,
				"omitted":	false,
				"sender":	true
			}
		}, {
			"streams":	[{
					"socket":	5,
					"start":	8.001096,
					"end":	9.001075,
					"seconds":	0.999979019165039,
					"bytes":	4456448,
					"bits_per_second":	35652332.015694,
					"retransmits":	0,
					"snd_cwnd":	2033708,
					"snd_wnd":	1935360,
					"rtt":	343240,
					"rttvar":	5268,
					"pmtu":	1500,
					"reorder":	0,
					"omitted":	false,
					"sender":	true
				}],
			"sum":	{
				"start":	8.001096,
				"end":	9.001075,
				"seconds":	0.999979019165039,
				"bytes":	4456448,
				"bits_per_second":	35652332.015694,
				"retransmits":	0,
				"omitted":	false,
				"sender":	true
			}
		}, {
			"streams":	[{
					"socket":	5,
					"start":	9.001075,
					"end":	10.001352,
					"seconds":	1.000277042388916,
					"bytes":	6160384,
					"bits_per_second":	49269422.2815506,
					"retransmits":	0,
					"snd_cwnd":	2033708,
					"snd_wnd":	1935360,
					"rtt":	360205,
					"rttvar":	2999,
					"pmtu":	1500,
					"reorder":	0,
					"omitted":	false,
					"sender":	true
				}],
			"sum":	{
				"start":	9.001075,
				"end":	10.001352,
				"seconds":	1.000277042388916,
				"bytes":	6160384,
				"bits_per_second":	49269422.2815506,
				"retransmits":	0,
				"omitted":	false,
				"sender":	true
			}
		}],
	"end":	{
		"streams":	[{
				"sender":	{
					"socket":	5,
					"start":	0,
					"end":	10.001352,
					"seconds":	10.001352,
					"bytes":	59506688,
					"bits_per_second":	47598915.0266884,
					"retransmits":	0,
					"reorder":	0,
					"max_snd_cwnd":	2033708,
					"max_snd_wnd":	1935360,
					"max_rtt":	360205,
					"min_rtt":	61308,
					"mean_rtt":	254973,
					"sender":	true
				},
				"receiver":	{
					"socket":	5,
					"start":	0,
					"end":	10.378098,
					"seconds":	10.001352,
					"bytes":	58195968,
					"bits_per_second":	44860603.937253244,
					"sender":	true
				}
			}],
		"sum_sent":	{
			"start":	0,
			"end":	10.001352,
			"seconds":	10.001352,
			"bytes":	59506688,
			"bits_per_second":	47598915.0266884,
			"retransmits":	0,
			"sender":	true
		},
		"sum_received":	{
			"start":	0,
			"end":	10.378098,
			"seconds":	10.378098,
			"bytes":	58195968,
			"bits_per_second":	44860603.937253244,
			"sender":	true
		},
		"cpu_utilization_percent":	{
			"host_total":	0.25099460352157943,
			"host_user":	0,
			"host_system":	0.25097472039855323,
			"remote_total":	17.206743220545054,
			"remote_user":	1.0898085691883945,
			"remote_system":	16.11689622165942
		},
		"sender_tcp_congestion":	"cubic",
		"receiver_tcp_congestion":	"cubic"
	}
}
{
	"start":	{
		"connected":	[{
				"socket":	5,
				"local_host":	"192.168.1.3",
				"local_port":	48136,
				"remote_host":	"192.168.1.58",
				"remote_port":	5201
			}],
		"version":	"iperf 3.20",
		"system_info":	"Linux kuroi-washi 6.19.11+kali-amd64 #1 SMP PREEMPT_DYNAMIC Kali 6.19.11-1kali1 (2026-04-09) x86_64",
		"timestamp":	{
			"time":	"Thu, 23 Apr 2026 20:30:49 GMT",
			"timesecs":	1776976249,
			"timemillisecs":	1776976249001
		},
		"connecting_to":	{
			"host":	"192.168.1.58",
			"port":	5201
		},
		"cookie":	"hs6pxtti5k4rtcpyowgcjo4zianfuk7fsogp",
		"tcp_mss":	1366,
		"target_bitrate":	0,
		"fq_rate":	0,
		"sock_bufsize":	0,
		"sndbuf_actual":	16384,
		"rcvbuf_actual":	131072,
		"test_start":	{
			"protocol":	"TCP",
			"num_streams":	1,
			"blksize":	131072,
			"omit":	0,
			"duration":	10,
			"bytes":	0,
			"blocks":	0,
			"reverse":	0,
			"tos":	0,
			"target_bitrate":	0,
			"bidir":	0,
			"fqrate":	0,
			"interval":	1
		}
	},
	"intervals":	[{
			"streams":	[{
					"socket":	5,
					"start":	0,
					"end":	1.001118,
					"seconds":	1.0011179447174072,
					"bytes":	6160384,
					"bits_per_second":	49228037.775220871,
					"retransmits":	0,
					"snd_cwnd":	431926,
					"snd_wnd":	1935360,
					"rtt":	41820,
					"rttvar":	9739,
					"pmtu":	1500,
					"reorder":	0,
					"omitted":	false,
					"sender":	true
				}],
			"sum":	{
				"start":	0,
				"end":	1.001118,
				"seconds":	1.0011179447174072,
				"bytes":	6160384,
				"bits_per_second":	49228037.775220871,
				"retransmits":	0,
				"omitted":	false,
				"sender":	true
			}
		}, {
			"streams":	[{
					"socket":	5,
					"start":	1.001118,
					"end":	2.001117,
					"seconds":	0.99999898672103882,
					"bytes":	6291456,
					"bits_per_second":	50331699.000051677,
					"retransmits":	0,
					"snd_cwnd":	714912,
					"snd_wnd":	1935360,
					"rtt":	117430,
					"rttvar":	4280,
					"pmtu":	1500,
					"reorder":	0,
					"omitted":	false,
					"sender":	true
				}],
			"sum":	{
				"start":	1.001118,
				"end":	2.001117,
				"seconds":	0.99999898672103882,
				"bytes":	6291456,
				"bits_per_second":	50331699.000051677,
				"retransmits":	0,
				"omitted":	false,
				"sender":	true
			}
		}, {
			"streams":	[{
					"socket":	5,
					"start":	2.001117,
					"end":	3.001065,
					"seconds":	0.999948024749756,
					"bytes":	7077888,
					"bits_per_second":	56626047.152971111,
					"retransmits":	0,
					"snd_cwnd":	993836,
					"snd_wnd":	1935360,
					"rtt":	182182,
					"rttvar":	4591,
					"pmtu":	1500,
					"reorder":	0,
					"omitted":	false,
					"sender":	true
				}],
			"sum":	{
				"start":	2.001117,
				"end":	3.001065,
				"seconds":	0.999948024749756,
				"bytes":	7077888,
				"bits_per_second":	56626047.152971111,
				"retransmits":	0,
				"omitted":	false,
				"sender":	true
			}
		}, {
			"streams":	[{
					"socket":	5,
					"start":	3.001065,
					"end":	4.001064,
					"seconds":	0.99999898672103882,
					"bytes":	5636096,
					"bits_per_second":	45088813.6875463,
					"retransmits":	0,
					"snd_cwnd":	1271406,
					"snd_wnd":	1935360,
					"rtt":	210348,
					"rttvar":	2642,
					"pmtu":	1500,
					"reorder":	0,
					"omitted":	false,
					"sender":	true
				}],
			"sum":	{
				"start":	3.001065,
				"end":	4.001064,
				"seconds":	0.99999898672103882,
				"bytes":	5636096,
				"bits_per_second":	45088813.6875463,
				"retransmits":	0,
				"omitted":	false,
				"sender":	true
			}
		}, {
			"streams":	[{
					"socket":	5,
					"start":	4.001064,
					"end":	5.001089,
					"seconds":	1.0000250339508057,
					"bytes":	5767168,
					"bits_per_second":	46136189.0289135,
					"retransmits":	0,
					"snd_cwnd":	1562516,
					"snd_wnd":	1935360,
					"rtt":	263439,
					"rttvar":	9602,
					"pmtu":	1500,
					"reorder":	0,
					"omitted":	false,
					"sender":	true
				}],
			"sum":	{
				"start":	4.001064,
				"end":	5.001089,
				"seconds":	1.0000250339508057,
				"bytes":	5767168,
				"bits_per_second":	46136189.0289135,
				"retransmits":	0,
				"omitted":	false,
				"sender":	true
			}
		}, {
			"streams":	[{
					"socket":	5,
					"start":	5.001089,
					"end":	6.001107,
					"seconds":	1.0000180006027222,
					"bytes":	6029312,
					"bits_per_second":	48233627.76562874,
					"retransmits":	0,
					"snd_cwnd":	1867166,
					"snd_wnd":	1935360,
					"rtt":	264861,
					"rttvar":	5611,
					"pmtu":	1500,
					"reorder":	0,
					"omitted":	false,
					"sender":	true
				}],
			"sum":	{
				"start":	5.001089,
				"end":	6.001107,
				"seconds":	1.0000180006027222,
				"bytes":	6029312,
				"bits_per_second":	48233627.76562874,
				"retransmits":	0,
				"omitted":	false,
				"sender":	true
			}
		}, {
			"streams":	[{
					"socket":	5,
					"start":	6.001107,
					"end":	7.001099,
					"seconds":	0.9999920129776,
					"bytes":	7077888,
					"bits_per_second":	56623556.253612161,
					"retransmits":	0,
					"snd_cwnd":	2028292,
					"snd_wnd":	1935616,
					"rtt":	286586,
					"rttvar":	3564,
					"pmtu":	1500,
					"reorder":	0,
					"omitted":	false,
					"sender":	true
				}],
			"sum":	{
				"start":	6.001107,
				"end":	7.001099,
				"seconds":	0.9999920129776,
				"bytes":	7077888,
				"bits_per_second":	56623556.253612161,
				"retransmits":	0,
				"omitted":	false,
				"sender":	true
			}
		}, {
			"streams":	[{
					"socket":	5,
					"start":	7.001099,
					"end":	8.001063,
					"seconds":	0.99996399879455566,
					"bytes":	5898240,
					"bits_per_second":	47187618.811159253,
					"retransmits":	0,
					"snd_cwnd":	2028292,
					"snd_wnd":	1935680,
					"rtt":	290588,
					"rttvar":	3044,
					"pmtu":	1500,
					"reorder":	0,
					"omitted":	false,
					"sender":	true
				}],
			"sum":	{
				"start":	7.001099,
				"end":	8.001063,
				"seconds":	0.99996399879455566,
				"bytes":	5898240,
				"bits_per_second":	47187618.811159253,
				"retransmits":	0,
				"omitted":	false,
				"sender":	true
			}
		}, {
			"streams":	[{
					"socket":	5,
					"start":	8.001063,
					"end":	9.001088,
					"seconds":	1.0000250339508057,
					"bytes":	7471104,
					"bits_per_second":	59767335.7874561,
					"retransmits":	0,
					"snd_cwnd":	2028292,
					"snd_wnd":	1935680,
					"rtt":	299123,
					"rttvar":	5281,
					"pmtu":	1500,
					"reorder":	0,
					"omitted":	false,
					"sender":	true
				}],
			"sum":	{
				"start":	8.001063,
				"end":	9.001088,
				"seconds":	1.0000250339508057,
				"bytes":	7471104,
				"bits_per_second":	59767335.7874561,
				"retransmits":	0,
				"omitted":	false,
				"sender":	true
			}
		}, {
			"streams":	[{
					"socket":	5,
					"start":	9.001088,
					"end":	10.001483,
					"seconds":	1.0003950595855713,
					"bytes":	5898240,
					"bits_per_second":	47167286.11149627,
					"retransmits":	0,
					"snd_cwnd":	2028292,
					"snd_wnd":	1935680,
					"rtt":	288420,
					"rttvar":	2295,
					"pmtu":	1500,
					"reorder":	0,
					"omitted":	false,
					"sender":	true
				}],
			"sum":	{
				"start":	9.001088,
				"end":	10.001483,
				"seconds":	1.0003950595855713,
				"bytes":	5898240,
				"bits_per_second":	47167286.11149627,
				"retransmits":	0,
				"omitted":	false,
				"sender":	true
			}
		}],
	"end":	{
		"streams":	[{
				"sender":	{
					"socket":	5,
					"start":	0,
					"end":	10.001483,
					"seconds":	10.001483,
					"bytes":	63307776,
					"bits_per_second":	50638711.079146959,
					"retransmits":	0,
					"reorder":	0,
					"max_snd_cwnd":	2028292,
					"max_snd_wnd":	1935680,
					"max_rtt":	299123,
					"min_rtt":	41820,
					"mean_rtt":	224479,
					"sender":	true
				},
				"receiver":	{
					"socket":	5,
					"start":	0,
					"end":	10.296307,
					"seconds":	10.001483,
					"bytes":	62128128,
					"bits_per_second":	48272164.378937028,
					"sender":	true
				}
			}],
		"sum_sent":	{
			"start":	0,
			"end":	10.001483,
			"seconds":	10.001483,
			"bytes":	63307776,
			"bits_per_second":	50638711.079146959,
			"retransmits":	0,
			"sender":	true
		},
		"sum_received":	{
			"start":	0,
			"end":	10.296307,
			"seconds":	10.296307,
			"bytes":	62128128,
			"bits_per_second":	48272164.378937028,
			"sender":	true
		},
		"cpu_utilization_percent":	{
			"host_total":	0.22491053068629513,
			"host_user":	0.0764608352377322,
			"host_system":	0.14840994455943493,
			"remote_total":	18.081751417843485,
			"remote_user":	1.2019556995904492,
			"remote_system":	16.879747319431257
		},
		"sender_tcp_congestion":	"cubic",
		"receiver_tcp_congestion":	"cubic"
	}
}
{
	"start":	{
		"connected":	[{
				"socket":	5,
				"local_host":	"192.168.1.3",
				"local_port":	39926,
				"remote_host":	"192.168.1.58",
				"remote_port":	5201
			}],
		"version":	"iperf 3.20",
		"system_info":	"Linux kuroi-washi 6.19.11+kali-amd64 #1 SMP PREEMPT_DYNAMIC Kali 6.19.11-1kali1 (2026-04-09) x86_64",
		"timestamp":	{
			"time":	"Thu, 23 Apr 2026 20:30:59 GMT",
			"timesecs":	1776976259,
			"timemillisecs":	1776976259730
		},
		"connecting_to":	{
			"host":	"192.168.1.58",
			"port":	5201
		},
		"cookie":	"mmdgeu3lncu6a63y2npanfkkb2kja2zf65a6",
		"tcp_mss":	1366,
		"target_bitrate":	0,
		"fq_rate":	0,
		"sock_bufsize":	0,
		"sndbuf_actual":	16384,
		"rcvbuf_actual":	131072,
		"test_start":	{
			"protocol":	"TCP",
			"num_streams":	1,
			"blksize":	131072,
			"omit":	0,
			"duration":	10,
			"bytes":	0,
			"blocks":	0,
			"reverse":	0,
			"tos":	0,
			"target_bitrate":	0,
			"bidir":	0,
			"fqrate":	0,
			"interval":	1
		}
	},
	"intervals":	[{
			"streams":	[{
					"socket":	5,
					"start":	0,
					"end":	1.001106,
					"seconds":	1.0011060237884521,
					"bytes":	6291456,
					"bits_per_second":	50276041.502109461,
					"retransmits":	0,
					"snd_cwnd":	380474,
					"snd_wnd":	1541632,
					"rtt":	47771,
					"rttvar":	14976,
					"pmtu":	1500,
					"reorder":	0,
					"omitted":	false,
					"sender":	true
				}],
			"sum":	{
				"start":	0,
				"end":	1.001106,
				"seconds":	1.0011060237884521,
				"bytes":	6291456,
				"bits_per_second":	50276041.502109461,
				"retransmits":	0,
				"omitted":	false,
				"sender":	true
			}
		}, {
			"streams":	[{
					"socket":	5,
					"start":	1.001106,
					"end":	2.001073,
					"seconds":	0.99996697902679443,
					"bytes":	7864320,
					"bits_per_second":	62916637.568603337,
					"retransmits":	0,
					"snd_cwnd":	712204,
					"snd_wnd":	1541632,
					"rtt":	88266,
					"rttvar":	1842,
					"pmtu":	1500,
					"reorder":	0,
					"omitted":	false,
					"sender":	true
				}],
			"sum":	{
				"start":	1.001106,
				"end":	2.001073,
				"seconds":	0.99996697902679443,
				"bytes":	7864320,
				"bits_per_second":	62916637.568603337,
				"retransmits":	0,
				"omitted":	false,
				"sender":	true
			}
		}, {
			"streams":	[{
					"socket":	5,
					"start":	2.001073,
					"end":	3.001071,
					"seconds":	0.99999797344207764,
					"bytes":	7208960,
					"bits_per_second":	57671796.875236854,
					"retransmits":	0,
					"snd_cwnd":	1033102,
					"snd_wnd":	1935360,
					"rtt":	111293,
					"rttvar":	4261,
					"pmtu":	1500,
					"reorder":	0,
					"omitted":	false,
					"sender":	true
				}],
			"sum":	{
				"start":	2.001073,
				"end":	3.001071,
				"seconds":	0.99999797344207764,
				"bytes":	7208960,
				"bits_per_second":	57671796.875236854,
				"retransmits":	0,
				"omitted":	false,
				"sender":	true
			}
		}, {
			"streams":	[{
					"socket":	5,
					"start":	3.001071,
					"end":	4.001064,
					"seconds":	0.99999302625656128,
					"bytes":	7208960,
					"bits_per_second":	57672082.190304771,
					"retransmits":	0,
					"snd_cwnd":	1372956,
					"snd_wnd":	1935360,
					"rtt":	188142,
					"rttvar":	8795,
					"pmtu":	1500,
					"reorder":	0,
					"omitted":	false,
					"sender":	true
				}],
			"sum":	{
				"start":	3.001071,
				"end":	4.001064,
				"seconds":	0.99999302625656128,
				"bytes":	7208960,
				"bits_per_second":	57672082.190304771,
				"retransmits":	0,
				"omitted":	false,
				"sender":	true
			}
		}, {
			"streams":	[{
					"socket":	5,
					"start":	4.001064,
					"end":	5.00104,
					"seconds":	0.99997597932815552,
					"bytes":	7208960,
					"bits_per_second":	57673065.345776938,
					"retransmits":	0,
					"snd_cwnd":	1710102,
					"snd_wnd":	1935360,
					"rtt":	216184,
					"rttvar":	5360,
					"pmtu":	1500,
					"reorder":	0,
					"omitted":	false,
					"sender":	true
				}],
			"sum":	{
				"start":	4.001064,
				"end":	5.00104,
				"seconds":	0.99997597932815552,
				"bytes":	7208960,
				"bits_per_second":	57673065.345776938,
				"retransmits":	0,
				"omitted":	false,
				"sender":	true
			}
		}, {
			"streams":	[{
					"socket":	5,
					"start":	5.00104,
					"end":	6.001062,
					"seconds":	1.0000220537185669,
					"bytes":	5898240,
					"bits_per_second":	47184879.397949144,
					"retransmits":	0,
					"snd_cwnd":	2024230,
					"snd_wnd":	1935360,
					"rtt":	334665,
					"rttvar":	6982,
					"pmtu":	1500,
					"reorder":	0,
					"omitted":	false,
					"sender":	true
				}],
			"sum":	{
				"start":	5.00104,
				"end":	6.001062,
				"seconds":	1.0000220537185669,
				"bytes":	5898240,
				"bits_per_second":	47184879.397949144,
				"retransmits":	0,
				"omitted":	false,
				"sender":	true
			}
		}, {
			"streams":	[{
					"socket":	5,
					"start":	6.001062,
					"end":	7.001046,
					"seconds":	0.9999840259552002,
					"bytes":	7208960,
					"bits_per_second":	57672601.264716327,
					"retransmits":	0,
					"snd_cwnd":	2036416,
					"snd_wnd":	1935360,
					"rtt":	277829,
					"rttvar":	5235,
					"pmtu":	1500,
					"reorder":	0,
					"omitted":	false,
					"sender":	true
				}],
			"sum":	{
				"start":	6.001062,
				"end":	7.001046,
				"seconds":	0.9999840259552002,
				"bytes":	7208960,
				"bits_per_second":	57672601.264716327,
				"retransmits":	0,
				"omitted":	false,
				"sender":	true
			}
		}, {
			"streams":	[{
					"socket":	5,
					"start":	7.001046,
					"end":	8.001066,
					"seconds":	1.0000200271606445,
					"bytes":	7340032,
					"bits_per_second":	58719080.023551472,
					"retransmits":	0,
					"snd_cwnd":	2036416,
					"snd_wnd":	1935360,
					"rtt":	277814,
					"rttvar":	6867,
					"pmtu":	1500,
					"reorder":	0,
					"omitted":	false,
					"sender":	true
				}],
			"sum":	{
				"start":	7.001046,
				"end":	8.001066,
				"seconds":	1.0000200271606445,
				"bytes":	7340032,
				"bits_per_second":	58719080.023551472,
				"retransmits":	0,
				"omitted":	false,
				"sender":	true
			}
		}, {
			"streams":	[{
					"socket":	5,
					"start":	8.001066,
					"end":	9.001105,
					"seconds":	1.0000389814376831,
					"bytes":	5767168,
					"bits_per_second":	46135545.570105381,
					"retransmits":	0,
					"snd_cwnd":	2036416,
					"snd_wnd":	1935360,
					"rtt":	278190,
					"rttvar":	6168,
					"pmtu":	1500,
					"reorder":	0,
					"omitted":	false,
					"sender":	true
				}],
			"sum":	{
				"start":	8.001066,
				"end":	9.001105,
				"seconds":	1.0000389814376831,
				"bytes":	5767168,
				"bits_per_second":	46135545.570105381,
				"retransmits":	0,
				"omitted":	false,
				"sender":	true
			}
		}, {
			"streams":	[{
					"socket":	5,
					"start":	9.001105,
					"end":	10.0017,
					"seconds":	1.0005949735641479,
					"bytes":	7208960,
					"bits_per_second":	57637387.278262876,
					"retransmits":	0,
					"snd_cwnd":	2036416,
					"snd_wnd":	1935360,
					"rtt":	278936,
					"rttvar":	4015,
					"pmtu":	1500,
					"reorder":	0,
					"omitted":	false,
					"sender":	true
				}],
			"sum":	{
				"start":	9.001105,
				"end":	10.0017,
				"seconds":	1.0005949735641479,
				"bytes":	7208960,
				"bits_per_second":	57637387.278262876,
				"retransmits":	0,
				"omitted":	false,
				"sender":	true
			}
		}],
	"end":	{
		"streams":	[{
				"sender":	{
					"socket":	5,
					"start":	0,
					"end":	10.0017,
					"seconds":	10.0017,
					"bytes":	69206016,
					"bits_per_second":	55355402.381595135,
					"retransmits":	0,
					"reorder":	0,
					"max_snd_cwnd":	2036416,
					"max_snd_wnd":	1935360,
					"max_rtt":	334665,
					"min_rtt":	47771,
					"mean_rtt":	209909,
					"sender":	true
				},
				"receiver":	{
					"socket":	5,
					"start":	0,
					"end":	10.28876,
					"seconds":	10.0017,
					"bytes":	67371008,
					"bits_per_second":	52384161.356664941,
					"sender":	true
				}
			}],
		"sum_sent":	{
			"start":	0,
			"end":	10.0017,
			"seconds":	10.0017,
			"bytes":	69206016,
			"bits_per_second":	55355402.381595135,
			"retransmits":	0,
			"sender":	true
		},
		"sum_received":	{
			"start":	0,
			"end":	10.28876,
			"seconds":	10.28876,
			"bytes":	67371008,
			"bits_per_second":	52384161.356664941,
			"sender":	true
		},
		"cpu_utilization_percent":	{
			"host_total":	0.26513013337331143,
			"host_user":	0,
			"host_system":	0.26511025035307273,
			"remote_total":	18.386331452269154,
			"remote_user":	1.6978094752139863,
			"remote_system":	16.688521977055167
		},
		"sender_tcp_congestion":	"cubic",
		"receiver_tcp_congestion":	"cubic"
	}
}
{
	"start":	{
		"connected":	[{
				"socket":	5,
				"local_host":	"192.168.1.3",
				"local_port":	33534,
				"remote_host":	"192.168.1.58",
				"remote_port":	5201
			}],
		"version":	"iperf 3.20",
		"system_info":	"Linux kuroi-washi 6.19.11+kali-amd64 #1 SMP PREEMPT_DYNAMIC Kali 6.19.11-1kali1 (2026-04-09) x86_64",
		"timestamp":	{
			"time":	"Thu, 23 Apr 2026 20:31:10 GMT",
			"timesecs":	1776976270,
			"timemillisecs":	1776976270587
		},
		"connecting_to":	{
			"host":	"192.168.1.58",
			"port":	5201
		},
		"cookie":	"l5uovsi3qyvwnbbtt3tsbq4lmq6wuedactsk",
		"tcp_mss":	1366,
		"target_bitrate":	0,
		"fq_rate":	0,
		"sock_bufsize":	0,
		"sndbuf_actual":	16384,
		"rcvbuf_actual":	131072,
		"test_start":	{
			"protocol":	"TCP",
			"num_streams":	1,
			"blksize":	131072,
			"omit":	0,
			"duration":	10,
			"bytes":	0,
			"blocks":	0,
			"reverse":	0,
			"tos":	0,
			"target_bitrate":	0,
			"bidir":	0,
			"fqrate":	0,
			"interval":	1
		}
	},
	"intervals":	[{
			"streams":	[{
					"socket":	5,
					"start":	0,
					"end":	1.001042,
					"seconds":	1.0010420083999634,
					"bytes":	7077888,
					"bits_per_second":	56564163.6663228,
					"retransmits":	0,
					"snd_cwnd":	410262,
					"snd_wnd":	1599616,
					"rtt":	40971,
					"rttvar":	2916,
					"pmtu":	1500,
					"reorder":	0,
					"omitted":	false,
					"sender":	true
				}],
			"sum":	{
				"start":	0,
				"end":	1.001042,
				"seconds":	1.0010420083999634,
				"bytes":	7077888,
				"bits_per_second":	56564163.6663228,
				"retransmits":	0,
				"omitted":	false,
				"sender":	true
			}
		}, {
			"streams":	[{
					"socket":	5,
					"start":	1.001042,
					"end":	2.001033,
					"seconds":	0.999990999698639,
					"bytes":	7733248,
					"bits_per_second":	61866540.817511529,
					"retransmits":	0,
					"snd_cwnd":	750116,
					"snd_wnd":	1935360,
					"rtt":	97223,
					"rttvar":	1894,
					"pmtu":	1500,
					"reorder":	0,
					"omitted":	false,
					"sender":	true
				}],
			"sum":	{
				"start":	1.001042,
				"end":	2.001033,
				"seconds":	0.999990999698639,
				"bytes":	7733248,
				"bits_per_second":	61866540.817511529,
				"retransmits":	0,
				"omitted":	false,
				"sender":	true
			}
		}, {
			"streams":	[{
					"socket":	5,
					"start":	2.001033,
					"end":	3.001087,
					"seconds":	1.0000540018081665,
					"bytes":	7602176,
					"bits_per_second":	60814123.927345864,
					"retransmits":	0,
					"snd_cwnd":	1089970,
					"snd_wnd":	1935360,
					"rtt":	152767,
					"rttvar":	4350,
					"pmtu":	1500,
					"reorder":	0,
					"omitted":	false,
					"sender":	true
				}],
			"sum":	{
				"start":	2.001033,
				"end":	3.001087,
				"seconds":	1.0000540018081665,
				"bytes":	7602176,
				"bits_per_second":	60814123.927345864,
				"retransmits":	0,
				"omitted":	false,
				"sender":	true
			}
		}, {
			"streams":	[{
					"socket":	5,
					"start":	3.001087,
					"end":	4.000714,
					"seconds":	0.99962699413299561,
					"bytes":	7077888,
					"bits_per_second":	56644232.631103367,
					"retransmits":	0,
					"snd_cwnd":	1414930,
					"snd_wnd":	1935360,
					"rtt":	179152,
					"rttvar":	9972,
					"pmtu":	1500,
					"reorder":	0,
					"omitted":	false,
					"sender":	true
				}],
			"sum":	{
				"start":	3.001087,
				"end":	4.000714,
				"seconds":	0.99962699413299561,
				"bytes":	7077888,
				"bits_per_second":	56644232.631103367,
				"retransmits":	0,
				"omitted":	false,
				"sender":	true
			}
		}, {
			"streams":	[{
					"socket":	5,
					"start":	4.000714,
					"end":	5.000726,
					"seconds":	1.0000120401382446,
					"bytes":	7077888,
					"bits_per_second":	56622422.258208267,
					"retransmits":	0,
					"snd_cwnd":	1745306,
					"snd_wnd":	1935360,
					"rtt":	250559,
					"rttvar":	9201,
					"pmtu":	1500,
					"reorder":	0,
					"omitted":	false,
					"sender":	true
				}],
			"sum":	{
				"start":	4.000714,
				"end":	5.000726,
				"seconds":	1.0000120401382446,
				"bytes":	7077888,
				"bits_per_second":	56622422.258208267,
				"retransmits":	0,
				"omitted":	false,
				"sender":	true
			}
		}, {
			"streams":	[{
					"socket":	5,
					"start":	5.000726,
					"end":	6.001092,
					"seconds":	1.0003659725189209,
					"bytes":	5898240,
					"bits_per_second":	47168657.567575879,
					"retransmits":	0,
					"snd_cwnd":	2033708,
					"snd_wnd":	1935360,
					"rtt":	274521,
					"rttvar":	11455,
					"pmtu":	1500,
					"reorder":	0,
					"omitted":	false,
					"sender":	true
				}],
			"sum":	{
				"start":	5.000726,
				"end":	6.001092,
				"seconds":	1.0003659725189209,
				"bytes":	5898240,
				"bits_per_second":	47168657.567575879,
				"retransmits":	0,
				"omitted":	false,
				"sender":	true
			}
		}, {
			"streams":	[{
					"socket":	5,
					"start":	6.001092,
					"end":	7.001034,
					"seconds":	0.99994200468063354,
					"bytes":	7340032,
					"bits_per_second":	58723661.697514512,
					"retransmits":	0,
					"snd_cwnd":	2033708,
					"snd_wnd":	1935360,
					"rtt":	283991,
					"rttvar":	3565,
					"pmtu":	1500,
					"reorder":	0,
					"omitted":	false,
					"sender":	true
				}],
			"sum":	{
				"start":	6.001092,
				"end":	7.001034,
				"seconds":	0.99994200468063354,
				"bytes":	7340032,
				"bits_per_second":	58723661.697514512,
				"retransmits":	0,
				"omitted":	false,
				"sender":	true
			}
		}, {
			"streams":	[{
					"socket":	5,
					"start":	7.001034,
					"end":	8.001064,
					"seconds":	1.0000300407409668,
					"bytes":	5767168,
					"bits_per_second":	46135958.041635215,
					"retransmits":	0,
					"snd_cwnd":	2033708,
					"snd_wnd":	1935360,
					"rtt":	293459,
					"rttvar":	10941,
					"pmtu":	1500,
					"reorder":	0,
					"omitted":	false,
					"sender":	true
				}],
			"sum":	{
				"start":	7.001034,
				"end":	8.001064,
				"seconds":	1.0000300407409668,
				"bytes":	5767168,
				"bits_per_second":	46135958.041635215,
				"retransmits":	0,
				"omitted":	false,
				"sender":	true
			}
		}, {
			"streams":	[{
					"socket":	5,
					"start":	8.001064,
					"end":	9.001115,
					"seconds":	1.0000510215759277,
					"bytes":	7208960,
					"bits_per_second":	57668737.650123328,
					"retransmits":	0,
					"snd_cwnd":	2033708,
					"snd_wnd":	1935360,
					"rtt":	287102,
					"rttvar":	3851,
					"pmtu":	1500,
					"reorder":	0,
					"omitted":	false,
					"sender":	true
				}],
			"sum":	{
				"start":	8.001064,
				"end":	9.001115,
				"seconds":	1.0000510215759277,
				"bytes":	7208960,
				"bits_per_second":	57668737.650123328,
				"retransmits":	0,
				"omitted":	false,
				"sender":	true
			}
		}, {
			"streams":	[{
					"socket":	5,
					"start":	9.001115,
					"end":	10.00183,
					"seconds":	1.0007150173187256,
					"bytes":	7208960,
					"bits_per_second":	57630473.213565953,
					"retransmits":	0,
					"snd_cwnd":	2033708,
					"snd_wnd":	1935360,
					"rtt":	287049,
					"rttvar":	9475,
					"pmtu":	1500,
					"reorder":	0,
					"omitted":	false,
					"sender":	true
				}],
			"sum":	{
				"start":	9.001115,
				"end":	10.00183,
				"seconds":	1.0007150173187256,
				"bytes":	7208960,
				"bits_per_second":	57630473.213565953,
				"retransmits":	0,
				"omitted":	false,
				"sender":	true
			}
		}],
	"end":	{
		"streams":	[{
				"sender":	{
					"socket":	5,
					"start":	0,
					"end":	10.00183,
					"seconds":	10.00183,
					"bytes":	69992448,
					"bits_per_second":	55983713.380451374,
					"retransmits":	0,
					"reorder":	0,
					"max_snd_cwnd":	2033708,
					"max_snd_wnd":	1935360,
					"max_rtt":	293459,
					"min_rtt":	40971,
					"mean_rtt":	214679,
					"sender":	true
				},
				"receiver":	{
					"socket":	5,
					"start":	0,
					"end":	10.293749,
					"seconds":	10.00183,
					"bytes":	68157440,
					"bits_per_second":	52969964.5872461,
					"sender":	true
				}
			}],
		"sum_sent":	{
			"start":	0,
			"end":	10.00183,
			"seconds":	10.00183,
			"bytes":	69992448,
			"bits_per_second":	55983713.380451374,
			"retransmits":	0,
			"sender":	true
		},
		"sum_received":	{
			"start":	0,
			"end":	10.293749,
			"seconds":	10.293749,
			"bytes":	68157440,
			"bits_per_second":	52969964.5872461,
			"sender":	true
		},
		"cpu_utilization_percent":	{
			"host_total":	0.26997898704822876,
			"host_user":	0,
			"host_system":	0.26995909689557479,
			"remote_total":	18.66935751415286,
			"remote_user":	0.5091203553700957,
			"remote_system":	18.160217786230668
		},
		"sender_tcp_congestion":	"cubic",
		"receiver_tcp_congestion":	"cubic"
	}
}
{
	"start":	{
		"connected":	[{
				"socket":	5,
				"local_host":	"192.168.1.3",
				"local_port":	39046,
				"remote_host":	"192.168.1.58",
				"remote_port":	5201
			}],
		"version":	"iperf 3.20",
		"system_info":	"Linux kuroi-washi 6.19.11+kali-amd64 #1 SMP PREEMPT_DYNAMIC Kali 6.19.11-1kali1 (2026-04-09) x86_64",
		"timestamp":	{
			"time":	"Thu, 23 Apr 2026 20:31:21 GMT",
			"timesecs":	1776976281,
			"timemillisecs":	1776976281473
		},
		"connecting_to":	{
			"host":	"192.168.1.58",
			"port":	5201
		},
		"cookie":	"nbb3qecnyperaraoi3admq3atebpmg6jhrxm",
		"tcp_mss":	1366,
		"target_bitrate":	0,
		"fq_rate":	0,
		"sock_bufsize":	0,
		"sndbuf_actual":	16384,
		"rcvbuf_actual":	131072,
		"test_start":	{
			"protocol":	"TCP",
			"num_streams":	1,
			"blksize":	131072,
			"omit":	0,
			"duration":	10,
			"bytes":	0,
			"blocks":	0,
			"reverse":	0,
			"tos":	0,
			"target_bitrate":	0,
			"bidir":	0,
			"fqrate":	0,
			"interval":	1
		}
	},
	"intervals":	[{
			"streams":	[{
					"socket":	5,
					"start":	0,
					"end":	1.001043,
					"seconds":	1.00104296207428,
					"bytes":	7208960,
					"bits_per_second":	57611593.2931564,
					"retransmits":	0,
					"snd_cwnd":	434634,
					"snd_wnd":	1930944,
					"rtt":	49607,
					"rttvar":	11032,
					"pmtu":	1500,
					"reorder":	0,
					"omitted":	false,
					"sender":	true
				}],
			"sum":	{
				"start":	0,
				"end":	1.001043,
				"seconds":	1.00104296207428,
				"bytes":	7208960,
				"bits_per_second":	57611593.2931564,
				"retransmits":	0,
				"omitted":	false,
				"sender":	true
			}
		}, {
			"streams":	[{
					"socket":	5,
					"start":	1.001043,
					"end":	2.001069,
					"seconds":	1.0000259876251221,
					"bytes":	7471104,
					"bits_per_second":	59767278.790364228,
					"retransmits":	0,
					"snd_cwnd":	767718,
					"snd_wnd":	1935360,
					"rtt":	99749,
					"rttvar":	7628,
					"pmtu":	1500,
					"reorder":	0,
					"omitted":	false,
					"sender":	true
				}],
			"sum":	{
				"start":	1.001043,
				"end":	2.001069,
				"seconds":	1.0000259876251221,
				"bytes":	7471104,
				"bits_per_second":	59767278.790364228,
				"retransmits":	0,
				"omitted":	false,
				"sender":	true
			}
		}, {
			"streams":	[{
					"socket":	5,
					"start":	2.001069,
					"end":	3.001137,
					"seconds":	1.0000679492950439,
					"bytes":	7864320,
					"bits_per_second":	62910285.2904635,
					"retransmits":	0,
					"snd_cwnd":	1110280,
					"snd_wnd":	1935360,
					"rtt":	141824,
					"rttvar":	4570,
					"pmtu":	1500,
					"reorder":	0,
					"omitted":	false,
					"sender":	true
				}],
			"sum":	{
				"start":	2.001069,
				"end":	3.001137,
				"seconds":	1.0000679492950439,
				"bytes":	7864320,
				"bits_per_second":	62910285.2904635,
				"retransmits":	0,
				"omitted":	false,
				"sender":	true
			}
		}, {
			"streams":	[{
					"socket":	5,
					"start":	3.001137,
					"end":	4.000644,
					"seconds":	0.99950700998306274,
					"bytes":	7208960,
					"bits_per_second":	57700125.585889868,
					"retransmits":	0,
					"snd_cwnd":	1448780,
					"snd_wnd":	1935360,
					"rtt":	205688,
					"rttvar":	6485,
					"pmtu":	1500,
					"reorder":	0,
					"omitted":	false,
					"sender":	true
				}],
			"sum":	{
				"start":	3.001137,
				"end":	4.000644,
				"seconds":	0.99950700998306274,
				"bytes":	7208960,
				"bits_per_second":	57700125.585889868,
				"retransmits":	0,
				"omitted":	false,
				"sender":	true
			}
		}, {
			"streams":	[{
					"socket":	5,
					"start":	4.000644,
					"end":	5.001033,
					"seconds":	1.0003889799118042,
					"bytes":	7340032,
					"bits_per_second":	58697423.88123554,
					"retransmits":	0,
					"snd_cwnd":	1792696,
					"snd_wnd":	1935360,
					"rtt":	247453,
					"rttvar":	5439,
					"pmtu":	1500,
					"reorder":	0,
					"omitted":	false,
					"sender":	true
				}],
			"sum":	{
				"start":	4.000644,
				"end":	5.001033,
				"seconds":	1.0003889799118042,
				"bytes":	7340032,
				"bits_per_second":	58697423.88123554,
				"retransmits":	0,
				"omitted":	false,
				"sender":	true
			}
		}, {
			"streams":	[{
					"socket":	5,
					"start":	5.001033,
					"end":	6.001128,
					"seconds":	1.000095009803772,
					"bytes":	5767168,
					"bits_per_second":	46132960.916435912,
					"retransmits":	0,
					"snd_cwnd":	2033708,
					"snd_wnd":	1935360,
					"rtt":	286206,
					"rttvar":	4416,
					"pmtu":	1500,
					"reorder":	0,
					"omitted":	false,
					"sender":	true
				}],
			"sum":	{
				"start":	5.001033,
				"end":	6.001128,
				"seconds":	1.000095009803772,
				"bytes":	5767168,
				"bits_per_second":	46132960.916435912,
				"retransmits":	0,
				"omitted":	false,
				"sender":	true
			}
		}, {
			"streams":	[{
					"socket":	5,
					"start":	6.001128,
					"end":	7.001133,
					"seconds":	1.0000050067901611,
					"bytes":	7208960,
					"bits_per_second":	57671391.2514457,
					"retransmits":	0,
					"snd_cwnd":	2033708,
					"snd_wnd":	1935360,
					"rtt":	267760,
					"rttvar":	5583,
					"pmtu":	1500,
					"reorder":	0,
					"omitted":	false,
					"sender":	true
				}],
			"sum":	{
				"start":	6.001128,
				"end":	7.001133,
				"seconds":	1.0000050067901611,
				"bytes":	7208960,
				"bits_per_second":	57671391.2514457,
				"retransmits":	0,
				"omitted":	false,
				"sender":	true
			}
		}, {
			"streams":	[{
					"socket":	5,
					"start":	7.001133,
					"end":	8.001064,
					"seconds":	0.99993097782135,
					"bytes":	7471104,
					"bits_per_second":	59772957.659762025,
					"retransmits":	0,
					"snd_cwnd":	2033708,
					"snd_wnd":	1935360,
					"rtt":	274706,
					"rttvar":	2131,
					"pmtu":	1500,
					"reorder":	0,
					"omitted":	false,
					"sender":	true
				}],
			"sum":	{
				"start":	7.001133,
				"end":	8.001064,
				"seconds":	0.99993097782135,
				"bytes":	7471104,
				"bits_per_second":	59772957.659762025,
				"retransmits":	0,
				"omitted":	false,
				"sender":	true
			}
		}, {
			"streams":	[{
					"socket":	5,
					"start":	8.001064,
					"end":	9.001051,
					"seconds":	0.999987006187439,
					"bytes":	5636096,
					"bits_per_second":	45089353.882612847,
					"retransmits":	0,
					"snd_cwnd":	2033708,
					"snd_wnd":	1935360,
					"rtt":	289678,
					"rttvar":	2978,
					"pmtu":	1500,
					"reorder":	0,
					"omitted":	false,
					"sender":	true
				}],
			"sum":	{
				"start":	8.001064,
				"end":	9.001051,
				"seconds":	0.999987006187439,
				"bytes":	5636096,
				"bits_per_second":	45089353.882612847,
				"retransmits":	0,
				"omitted":	false,
				"sender":	true
			}
		}, {
			"streams":	[{
					"socket":	5,
					"start":	9.001051,
					"end":	10.001987,
					"seconds":	1.0009360313415527,
					"bytes":	7471104,
					"bits_per_second":	59712938.817770347,
					"retransmits":	0,
					"snd_cwnd":	2033708,
					"snd_wnd":	1935360,
					"rtt":	292578,
					"rttvar":	3119,
					"pmtu":	1500,
					"reorder":	0,
					"omitted":	false,
					"sender":	true
				}],
			"sum":	{
				"start":	9.001051,
				"end":	10.001987,
				"seconds":	1.0009360313415527,
				"bytes":	7471104,
				"bits_per_second":	59712938.817770347,
				"retransmits":	0,
				"omitted":	false,
				"sender":	true
			}
		}],
	"end":	{
		"streams":	[{
				"sender":	{
					"socket":	5,
					"start":	0,
					"end":	10.001987,
					"seconds":	10.001987,
					"bytes":	70647808,
					"bits_per_second":	56507018.4554329,
					"retransmits":	0,
					"reorder":	0,
					"max_snd_cwnd":	2033708,
					"max_snd_wnd":	1935360,
					"max_rtt":	292578,
					"min_rtt":	49607,
					"mean_rtt":	215524,
					"sender":	true
				},
				"receiver":	{
					"socket":	5,
					"start":	0,
					"end":	10.348955,
					"seconds":	10.001987,
					"bytes":	68550656,
					"bits_per_second":	52991364.635366566,
					"sender":	true
				}
			}],
		"sum_sent":	{
			"start":	0,
			"end":	10.001987,
			"seconds":	10.001987,
			"bytes":	70647808,
			"bits_per_second":	56507018.4554329,
			"retransmits":	0,
			"sender":	true
		},
		"sum_received":	{
			"start":	0,
			"end":	10.348955,
			"seconds":	10.348955,
			"bytes":	68550656,
			"bits_per_second":	52991364.635366566,
			"sender":	true
		},
		"cpu_utilization_percent":	{
			"host_total":	0.28976242322979928,
			"host_user":	0.023647586575006766,
			"host_system":	0.26610490069404674,
			"remote_total":	18.544370213195606,
			"remote_user":	1.4176108927763524,
			"remote_system":	17.126759320419254
		},
		"sender_tcp_congestion":	"cubic",
		"receiver_tcp_congestion":	"cubic"
	}
}
{
	"start":	{
		"connected":	[{
				"socket":	5,
				"local_host":	"192.168.1.3",
				"local_port":	43126,
				"remote_host":	"192.168.1.58",
				"remote_port":	5201
			}],
		"version":	"iperf 3.20",
		"system_info":	"Linux kuroi-washi 6.19.11+kali-amd64 #1 SMP PREEMPT_DYNAMIC Kali 6.19.11-1kali1 (2026-04-09) x86_64",
		"timestamp":	{
			"time":	"Thu, 23 Apr 2026 20:31:32 GMT",
			"timesecs":	1776976292,
			"timemillisecs":	1776976292354
		},
		"connecting_to":	{
			"host":	"192.168.1.58",
			"port":	5201
		},
		"cookie":	"x6regmgouqr3levtfh5lg34phv476gl4km5g",
		"tcp_mss":	1366,
		"target_bitrate":	0,
		"fq_rate":	0,
		"sock_bufsize":	0,
		"sndbuf_actual":	16384,
		"rcvbuf_actual":	131072,
		"test_start":	{
			"protocol":	"TCP",
			"num_streams":	1,
			"blksize":	131072,
			"omit":	0,
			"duration":	10,
			"bytes":	0,
			"blocks":	0,
			"reverse":	0,
			"tos":	0,
			"target_bitrate":	0,
			"bidir":	0,
			"fqrate":	0,
			"interval":	1
		}
	},
	"intervals":	[{
			"streams":	[{
					"socket":	5,
					"start":	0,
					"end":	1.001128,
					"seconds":	1.0011279582977295,
					"bytes":	6815744,
					"bits_per_second":	54464518.2946577,
					"retransmits":	0,
					"snd_cwnd":	426510,
					"snd_wnd":	1935360,
					"rtt":	51241,
					"rttvar":	10075,
					"pmtu":	1500,
					"reorder":	0,
					"omitted":	false,
					"sender":	true
				}],
			"sum":	{
				"start":	0,
				"end":	1.001128,
				"seconds":	1.0011279582977295,
				"bytes":	6815744,
				"bits_per_second":	54464518.2946577,
				"retransmits":	0,
				"omitted":	false,
				"sender":	true
			}
		}, {
			"streams":	[{
					"socket":	5,
					"start":	1.001128,
					"end":	2.001094,
					"seconds":	0.999966025352478,
					"bytes":	8126464,
					"bits_per_second":	65013920.825044051,
					"retransmits":	0,
					"snd_cwnd":	773134,
					"snd_wnd":	1932544,
					"rtt":	100167,
					"rttvar":	8113,
					"pmtu":	1500,
					"reorder":	0,
					"omitted":	false,
					"sender":	true
				}],
			"sum":	{
				"start":	1.001128,
				"end":	2.001094,
				"seconds":	0.999966025352478,
				"bytes":	8126464,
				"bits_per_second":	65013920.825044051,
				"retransmits":	0,
				"omitted":	false,
				"sender":	true
			}
		}, {
			"streams":	[{
					"socket":	5,
					"start":	2.001094,
					"end":	3.001076,
					"seconds":	0.99998199939727783,
					"bytes":	7733248,
					"bits_per_second":	61867097.645046279,
					"retransmits":	0,
					"snd_cwnd":	1106218,
					"snd_wnd":	1928192,
					"rtt":	156523,
					"rttvar":	4139,
					"pmtu":	1500,
					"reorder":	0,
					"omitted":	false,
					"sender":	true
				}],
			"sum":	{
				"start":	2.001094,
				"end":	3.001076,
				"seconds":	0.99998199939727783,
				"bytes":	7733248,
				"bits_per_second":	61867097.645046279,
				"retransmits":	0,
				"omitted":	false,
				"sender":	true
			}
		}, {
			"streams":	[{
					"socket":	5,
					"start":	3.001076,
					"end":	4.001143,
					"seconds":	1.0000669956207275,
					"bytes":	5636096,
					"bits_per_second":	45085747.452363461,
					"retransmits":	0,
					"snd_cwnd":	1366186,
					"snd_wnd":	1935360,
					"rtt":	214637,
					"rttvar":	5716,
					"pmtu":	1500,
					"reorder":	0,
					"omitted":	false,
					"sender":	true
				}],
			"sum":	{
				"start":	3.001076,
				"end":	4.001143,
				"seconds":	1.0000669956207275,
				"bytes":	5636096,
				"bits_per_second":	45085747.452363461,
				"retransmits":	0,
				"omitted":	false,
				"sender":	true
			}
		}, {
			"streams":	[{
					"socket":	5,
					"start":	4.001143,
					"end":	5.00114,
					"seconds":	0.99999701976776123,
					"bytes":	5898240,
					"bits_per_second":	47186060.6254191,
					"retransmits":	0,
					"snd_cwnd":	1615322,
					"snd_wnd":	1935360,
					"rtt":	312493,
					"rttvar":	3302,
					"pmtu":	1500,
					"reorder":	0,
					"omitted":	false,
					"sender":	true
				}],
			"sum":	{
				"start":	4.001143,
				"end":	5.00114,
				"seconds":	0.99999701976776123,
				"bytes":	5898240,
				"bits_per_second":	47186060.6254191,
				"retransmits":	0,
				"omitted":	false,
				"sender":	true
			}
		}, {
			"streams":	[{
					"socket":	5,
					"start":	5.00114,
					"end":	6.001105,
					"seconds":	0.999965012073517,
					"bytes":	5636096,
					"bits_per_second":	45090345.617697574,
					"retransmits":	0,
					"snd_cwnd":	1875290,
					"snd_wnd":	1935360,
					"rtt":	335732,
					"rttvar":	10337,
					"pmtu":	1500,
					"reorder":	0,
					"omitted":	false,
					"sender":	true
				}],
			"sum":	{
				"start":	5.00114,
				"end":	6.001105,
				"seconds":	0.999965012073517,
				"bytes":	5636096,
				"bits_per_second":	45090345.617697574,
				"retransmits":	0,
				"omitted":	false,
				"sender":	true
			}
		}, {
			"streams":	[{
					"socket":	5,
					"start":	6.001105,
					"end":	7.001118,
					"seconds":	1.000012993812561,
					"bytes":	4325376,
					"bits_per_second":	34602558.380842268,
					"retransmits":	0,
					"snd_cwnd":	2031000,
					"snd_wnd":	1935360,
					"rtt":	316951,
					"rttvar":	6007,
					"pmtu":	1500,
					"reorder":	0,
					"omitted":	false,
					"sender":	true
				}],
			"sum":	{
				"start":	6.001105,
				"end":	7.001118,
				"seconds":	1.000012993812561,
				"bytes":	4325376,
				"bits_per_second":	34602558.380842268,
				"retransmits":	0,
				"omitted":	false,
				"sender":	true
			}
		}, {
			"streams":	[{
					"socket":	5,
					"start":	7.001118,
					"end":	8.001106,
					"seconds":	0.9999880194664,
					"bytes":	6029312,
					"bits_per_second":	48235073.881923333,
					"retransmits":	0,
					"snd_cwnd":	2031000,
					"snd_wnd":	1935360,
					"rtt":	363302,
					"rttvar":	16646,
					"pmtu":	1500,
					"reorder":	0,
					"omitted":	false,
					"sender":	true
				}],
			"sum":	{
				"start":	7.001118,
				"end":	8.001106,
				"seconds":	0.9999880194664,
				"bytes":	6029312,
				"bits_per_second":	48235073.881923333,
				"retransmits":	0,
				"omitted":	false,
				"sender":	true
			}
		}, {
			"streams":	[{
					"socket":	5,
					"start":	8.001106,
					"end":	9.001092,
					"seconds":	0.99998599290847778,
					"bytes":	5767168,
					"bits_per_second":	46137990.2590522,
					"retransmits":	0,
					"snd_cwnd":	2031000,
					"snd_wnd":	1932544,
					"rtt":	343026,
					"rttvar":	9800,
					"pmtu":	1500,
					"reorder":	0,
					"omitted":	false,
					"sender":	true
				}],
			"sum":	{
				"start":	8.001106,
				"end":	9.001092,
				"seconds":	0.99998599290847778,
				"bytes":	5767168,
				"bits_per_second":	46137990.2590522,
				"retransmits":	0,
				"omitted":	false,
				"sender":	true
			}
		}, {
			"streams":	[{
					"socket":	5,
					"start":	9.001092,
					"end":	10.001889,
					"seconds":	1.0007970333099365,
					"bytes":	5767168,
					"bits_per_second":	46100600.28596402,
					"retransmits":	0,
					"snd_cwnd":	2031000,
					"snd_wnd":	1931648,
					"rtt":	318684,
					"rttvar":	2661,
					"pmtu":	1500,
					"reorder":	0,
					"omitted":	false,
					"sender":	true
				}],
			"sum":	{
				"start":	9.001092,
				"end":	10.001889,
				"seconds":	1.0007970333099365,
				"bytes":	5767168,
				"bits_per_second":	46100600.28596402,
				"retransmits":	0,
				"omitted":	false,
				"sender":	true
			}
		}],
	"end":	{
		"streams":	[{
				"sender":	{
					"socket":	5,
					"start":	0,
					"end":	10.001889,
					"seconds":	10.001889,
					"bytes":	61734912,
					"bits_per_second":	49378601.982085586,
					"retransmits":	0,
					"reorder":	0,
					"max_snd_cwnd":	2031000,
					"max_snd_wnd":	1935360,
					"max_rtt":	363302,
					"min_rtt":	51241,
					"mean_rtt":	251275,
					"sender":	true
				},
				"receiver":	{
					"socket":	5,
					"start":	0,
					"end":	10.401516,
					"seconds":	10.001889,
					"bytes":	60555264,
					"bits_per_second":	46574183.224829912,
					"sender":	true
				}
			}],
		"sum_sent":	{
			"start":	0,
			"end":	10.001889,
			"seconds":	10.001889,
			"bytes":	61734912,
			"bits_per_second":	49378601.982085586,
			"retransmits":	0,
			"sender":	true
		},
		"sum_received":	{
			"start":	0,
			"end":	10.401516,
			"seconds":	10.401516,
			"bytes":	60555264,
			"bits_per_second":	46574183.224829912,
			"sender":	true
		},
		"cpu_utilization_percent":	{
			"host_total":	0.23227499215910669,
			"host_user":	0.0362055295338992,
			"host_system":	0.19605954058368,
			"remote_total":	17.796166660323433,
			"remote_user":	0.95580880986124039,
			"remote_system":	16.8403482637097
		},
		"sender_tcp_congestion":	"cubic",
		"receiver_tcp_congestion":	"cubic"
	}
}
{
	"start":	{
		"connected":	[{
				"socket":	5,
				"local_host":	"192.168.1.3",
				"local_port":	42566,
				"remote_host":	"192.168.1.58",
				"remote_port":	5201
			}],
		"version":	"iperf 3.20",
		"system_info":	"Linux kuroi-washi 6.19.11+kali-amd64 #1 SMP PREEMPT_DYNAMIC Kali 6.19.11-1kali1 (2026-04-09) x86_64",
		"timestamp":	{
			"time":	"Thu, 23 Apr 2026 20:31:43 GMT",
			"timesecs":	1776976303,
			"timemillisecs":	1776976303129
		},
		"connecting_to":	{
			"host":	"192.168.1.58",
			"port":	5201
		},
		"cookie":	"hqozvhj6bnabpdcfxzb52bsj6fhztso5kghe",
		"tcp_mss":	1366,
		"target_bitrate":	0,
		"fq_rate":	0,
		"sock_bufsize":	0,
		"sndbuf_actual":	16384,
		"rcvbuf_actual":	131072,
		"test_start":	{
			"protocol":	"TCP",
			"num_streams":	1,
			"blksize":	131072,
			"omit":	0,
			"duration":	10,
			"bytes":	0,
			"blocks":	0,
			"reverse":	0,
			"tos":	0,
			"target_bitrate":	0,
			"bidir":	0,
			"fqrate":	0,
			"interval":	1
		}
	},
	"intervals":	[{
			"streams":	[{
					"socket":	5,
					"start":	0,
					"end":	1.001098,
					"seconds":	1.0010980367660522,
					"bytes":	6422528,
					"bits_per_second":	51323868.505405031,
					"retransmits":	0,
					"snd_cwnd":	357456,
					"snd_wnd":	1935360,
					"rtt":	59167,
					"rttvar":	5316,
					"pmtu":	1500,
					"reorder":	0,
					"omitted":	false,
					"sender":	true
				}],
			"sum":	{
				"start":	0,
				"end":	1.001098,
				"seconds":	1.0010980367660522,
				"bytes":	6422528,
				"bits_per_second":	51323868.505405031,
				"retransmits":	0,
				"omitted":	false,
				"sender":	true
			}
		}, {
			"streams":	[{
					"socket":	5,
					"start":	1.001098,
					"end":	2.001105,
					"seconds":	1.0000070333480835,
					"bytes":	6815744,
					"bits_per_second":	54525568.502697267,
					"retransmits":	0,
					"snd_cwnd":	666168,
					"snd_wnd":	1935360,
					"rtt":	102565,
					"rttvar":	6228,
					"pmtu":	1500,
					"reorder":	0,
					"omitted":	false,
					"sender":	true
				}],
			"sum":	{
				"start":	1.001098,
				"end":	2.001105,
				"seconds":	1.0000070333480835,
				"bytes":	6815744,
				"bits_per_second":	54525568.502697267,
				"retransmits":	0,
				"omitted":	false,
				"sender":	true
			}
		}, {
			"streams":	[{
					"socket":	5,
					"start":	2.001105,
					"end":	3.001121,
					"seconds":	1.0000159740448,
					"bytes":	6815744,
					"bits_per_second":	54525081.01391317,
					"retransmits":	0,
					"snd_cwnd":	965402,
					"snd_wnd":	1935360,
					"rtt":	145806,
					"rttvar":	3001,
					"pmtu":	1500,
					"reorder":	0,
					"omitted":	false,
					"sender":	true
				}],
			"sum":	{
				"start":	2.001105,
				"end":	3.001121,
				"seconds":	1.0000159740448,
				"bytes":	6815744,
				"bits_per_second":	54525081.01391317,
				"retransmits":	0,
				"omitted":	false,
				"sender":	true
			}
		}, {
			"streams":	[{
					"socket":	5,
					"start":	3.001121,
					"end":	4.001124,
					"seconds":	1.0000029802322388,
					"bytes":	6946816,
					"bits_per_second":	55574362.3754936,
					"retransmits":	0,
					"snd_cwnd":	1261928,
					"snd_wnd":	1935360,
					"rtt":	179276,
					"rttvar":	6862,
					"pmtu":	1500,
					"reorder":	0,
					"omitted":	false,
					"sender":	true
				}],
			"sum":	{
				"start":	3.001121,
				"end":	4.001124,
				"seconds":	1.0000029802322388,
				"bytes":	6946816,
				"bits_per_second":	55574362.3754936,
				"retransmits":	0,
				"omitted":	false,
				"sender":	true
			}
		}, {
			"streams":	[{
					"socket":	5,
					"start":	4.001124,
					"end":	5.001101,
					"seconds":	0.9999769926071167,
					"bytes":	5898240,
					"bits_per_second":	47187005.649977975,
					"retransmits":	0,
					"snd_cwnd":	1525958,
					"snd_wnd":	1935360,
					"rtt":	230970,
					"rttvar":	3239,
					"pmtu":	1500,
					"reorder":	0,
					"omitted":	false,
					"sender":	true
				}],
			"sum":	{
				"start":	4.001124,
				"end":	5.001101,
				"seconds":	0.9999769926071167,
				"bytes":	5898240,
				"bits_per_second":	47187005.649977975,
				"retransmits":	0,
				"omitted":	false,
				"sender":	true
			}
		}, {
			"streams":	[{
					"socket":	5,
					"start":	5.001101,
					"end":	6.00114,
					"seconds":	1.0000389814376831,
					"bytes":	5767168,
					"bits_per_second":	46135545.570105381,
					"retransmits":	0,
					"snd_cwnd":	1829254,
					"snd_wnd":	1930048,
					"rtt":	263010,
					"rttvar":	7382,
					"pmtu":	1500,
					"reorder":	0,
					"omitted":	false,
					"sender":	true
				}],
			"sum":	{
				"start":	5.001101,
				"end":	6.00114,
				"seconds":	1.0000389814376831,
				"bytes":	5767168,
				"bits_per_second":	46135545.570105381,
				"retransmits":	0,
				"omitted":	false,
				"sender":	true
			}
		}, {
			"streams":	[{
					"socket":	5,
					"start":	6.00114,
					"end":	7.001067,
					"seconds":	0.99992698431015,
					"bytes":	5767168,
					"bits_per_second":	46140712.995989569,
					"retransmits":	0,
					"snd_cwnd":	1993088,
					"snd_wnd":	1935360,
					"rtt":	322363,
					"rttvar":	5420,
					"pmtu":	1500,
					"reorder":	0,
					"omitted":	false,
					"sender":	true
				}],
			"sum":	{
				"start":	6.00114,
				"end":	7.001067,
				"seconds":	0.99992698431015,
				"bytes":	5767168,
				"bits_per_second":	46140712.995989569,
				"retransmits":	0,
				"omitted":	false,
				"sender":	true
			}
		}, {
			"streams":	[{
					"socket":	5,
					"start":	7.001067,
					"end":	8.001077,
					"seconds":	1.0000100135803223,
					"bytes":	5767168,
					"bits_per_second":	46136882.004626229,
					"retransmits":	0,
					"snd_cwnd":	1993088,
					"snd_wnd":	1935360,
					"rtt":	347937,
					"rttvar":	4258,
					"pmtu":	1500,
					"reorder":	0,
					"omitted":	false,
					"sender":	true
				}],
			"sum":	{
				"start":	7.001067,
				"end":	8.001077,
				"seconds":	1.0000100135803223,
				"bytes":	5767168,
				"bits_per_second":	46136882.004626229,
				"retransmits":	0,
				"omitted":	false,
				"sender":	true
			}
		}, {
			"streams":	[{
					"socket":	5,
					"start":	8.001077,
					"end":	9.001095,
					"seconds":	1.0000180006027222,
					"bytes":	7208960,
					"bits_per_second":	57670641.89368654,
					"retransmits":	0,
					"snd_cwnd":	1993088,
					"snd_wnd":	1935360,
					"rtt":	273516,
					"rttvar":	2841,
					"pmtu":	1500,
					"reorder":	0,
					"omitted":	false,
					"sender":	true
				}],
			"sum":	{
				"start":	8.001077,
				"end":	9.001095,
				"seconds":	1.0000180006027222,
				"bytes":	7208960,
				"bits_per_second":	57670641.89368654,
				"retransmits":	0,
				"omitted":	false,
				"sender":	true
			}
		}, {
			"streams":	[{
					"socket":	5,
					"start":	9.001095,
					"end":	10.001835,
					"seconds":	1.0007400512695312,
					"bytes":	5898240,
					"bits_per_second":	47151025.82347963,
					"retransmits":	0,
					"snd_cwnd":	1993088,
					"snd_wnd":	1935360,
					"rtt":	265454,
					"rttvar":	5445,
					"pmtu":	1500,
					"reorder":	0,
					"omitted":	false,
					"sender":	true
				}],
			"sum":	{
				"start":	9.001095,
				"end":	10.001835,
				"seconds":	1.0007400512695312,
				"bytes":	5898240,
				"bits_per_second":	47151025.82347963,
				"retransmits":	0,
				"omitted":	false,
				"sender":	true
			}
		}],
	"end":	{
		"streams":	[{
				"sender":	{
					"socket":	5,
					"start":	0,
					"end":	10.001835,
					"seconds":	10.001835,
					"bytes":	63307776,
					"bits_per_second":	50636928.923542529,
					"retransmits":	0,
					"reorder":	0,
					"max_snd_cwnd":	1993088,
					"max_snd_wnd":	1935360,
					"max_rtt":	347937,
					"min_rtt":	59167,
					"mean_rtt":	219006,
					"sender":	true
				},
				"receiver":	{
					"socket":	5,
					"start":	0,
					"end":	10.3207,
					"seconds":	10.001835,
					"bytes":	62390272,
					"bits_per_second":	48361271.619173117,
					"sender":	true
				}
			}],
		"sum_sent":	{
			"start":	0,
			"end":	10.001835,
			"seconds":	10.001835,
			"bytes":	63307776,
			"bits_per_second":	50636928.923542529,
			"retransmits":	0,
			"sender":	true
		},
		"sum_received":	{
			"start":	0,
			"end":	10.3207,
			"seconds":	10.3207,
			"bytes":	62390272,
			"bits_per_second":	48361271.619173117,
			"sender":	true
		},
		"cpu_utilization_percent":	{
			"host_total":	0.29085831828551029,
			"host_user":	0.052647502458937533,
			"host_system":	0.2382008767096275,
			"remote_total":	18.185442403477722,
			"remote_user":	1.4808155203029039,
			"remote_system":	16.704607563359815
		},
		"sender_tcp_congestion":	"cubic",
		"receiver_tcp_congestion":	"cubic"
	}
}
{
	"start":	{
		"connected":	[{
				"socket":	5,
				"local_host":	"192.168.1.3",
				"local_port":	48198,
				"remote_host":	"192.168.1.58",
				"remote_port":	5201
			}],
		"version":	"iperf 3.20",
		"system_info":	"Linux kuroi-washi 6.19.11+kali-amd64 #1 SMP PREEMPT_DYNAMIC Kali 6.19.11-1kali1 (2026-04-09) x86_64",
		"timestamp":	{
			"time":	"Thu, 23 Apr 2026 20:31:53 GMT",
			"timesecs":	1776976313,
			"timemillisecs":	1776976313826
		},
		"connecting_to":	{
			"host":	"192.168.1.58",
			"port":	5201
		},
		"cookie":	"mrmtjfokzpmmcesqtgqheb6rqrdlbdiojnog",
		"tcp_mss":	1366,
		"target_bitrate":	0,
		"fq_rate":	0,
		"sock_bufsize":	0,
		"sndbuf_actual":	16384,
		"rcvbuf_actual":	131072,
		"test_start":	{
			"protocol":	"TCP",
			"num_streams":	1,
			"blksize":	131072,
			"omit":	0,
			"duration":	10,
			"bytes":	0,
			"blocks":	0,
			"reverse":	0,
			"tos":	0,
			"target_bitrate":	0,
			"bidir":	0,
			"fqrate":	0,
			"interval":	1
		}
	},
	"intervals":	[{
			"streams":	[{
					"socket":	5,
					"start":	0,
					"end":	1.001079,
					"seconds":	1.0010789632797241,
					"bytes":	7340032,
					"bits_per_second":	58656967.286198214,
					"retransmits":	0,
					"snd_cwnd":	431926,
					"snd_wnd":	1935360,
					"rtt":	67464,
					"rttvar":	9299,
					"pmtu":	1500,
					"reorder":	0,
					"omitted":	false,
					"sender":	true
				}],
			"sum":	{
				"start":	0,
				"end":	1.001079,
				"seconds":	1.0010789632797241,
				"bytes":	7340032,
				"bits_per_second":	58656967.286198214,
				"retransmits":	0,
				"omitted":	false,
				"sender":	true
			}
		}, {
			"streams":	[{
					"socket":	5,
					"start":	1.001079,
					"end":	2.001066,
					"seconds":	0.999987006187439,
					"bytes":	7208960,
					"bits_per_second":	57672429.384737365,
					"retransmits":	0,
					"snd_cwnd":	740638,
					"snd_wnd":	1935360,
					"rtt":	97691,
					"rttvar":	10052,
					"pmtu":	1500,
					"reorder":	0,
					"omitted":	false,
					"sender":	true
				}],
			"sum":	{
				"start":	1.001079,
				"end":	2.001066,
				"seconds":	0.999987006187439,
				"bytes":	7208960,
				"bits_per_second":	57672429.384737365,
				"retransmits":	0,
				"omitted":	false,
				"sender":	true
			}
		}, {
			"streams":	[{
					"socket":	5,
					"start":	2.001066,
					"end":	3.00107,
					"seconds":	1.0000040531158447,
					"bytes":	6422528,
					"bits_per_second":	51380015.750844061,
					"retransmits":	0,
					"snd_cwnd":	1037164,
					"snd_wnd":	1935360,
					"rtt":	131547,
					"rttvar":	2541,
					"pmtu":	1500,
					"reorder":	0,
					"omitted":	false,
					"sender":	true
				}],
			"sum":	{
				"start":	2.001066,
				"end":	3.00107,
				"seconds":	1.0000040531158447,
				"bytes":	6422528,
				"bits_per_second":	51380015.750844061,
				"retransmits":	0,
				"omitted":	false,
				"sender":	true
			}
		}, {
			"streams":	[{
					"socket":	5,
					"start":	3.00107,
					"end":	4.001134,
					"seconds":	1.0000640153884888,
					"bytes":	5505024,
					"bits_per_second":	44037372.930463828,
					"retransmits":	0,
					"snd_cwnd":	1309318,
					"snd_wnd":	1935360,
					"rtt":	221773,
					"rttvar":	7426,
					"pmtu":	1500,
					"reorder":	0,
					"omitted":	false,
					"sender":	true
				}],
			"sum":	{
				"start":	3.00107,
				"end":	4.001134,
				"seconds":	1.0000640153884888,
				"bytes":	5505024,
				"bits_per_second":	44037372.930463828,
				"retransmits":	0,
				"omitted":	false,
				"sender":	true
			}
		}, {
			"streams":	[{
					"socket":	5,
					"start":	4.001134,
					"end":	5.001035,
					"seconds":	0.999900996685028,
					"bytes":	5767168,
					"bits_per_second":	46141912.20226717,
					"retransmits":	0,
					"snd_cwnd":	1601782,
					"snd_wnd":	1935360,
					"rtt":	274992,
					"rttvar":	3303,
					"pmtu":	1500,
					"reorder":	0,
					"omitted":	false,
					"sender":	true
				}],
			"sum":	{
				"start":	4.001134,
				"end":	5.001035,
				"seconds":	0.999900996685028,
				"bytes":	5767168,
				"bits_per_second":	46141912.20226717,
				"retransmits":	0,
				"omitted":	false,
				"sender":	true
			}
		}, {
			"streams":	[{
					"socket":	5,
					"start":	5.001035,
					"end":	6.001046,
					"seconds":	1.0000109672546387,
					"bytes":	5767168,
					"bits_per_second":	46136838.005549371,
					"retransmits":	0,
					"snd_cwnd":	1857688,
					"snd_wnd":	1935360,
					"rtt":	338232,
					"rttvar":	5957,
					"pmtu":	1500,
					"reorder":	0,
					"omitted":	false,
					"sender":	true
				}],
			"sum":	{
				"start":	5.001035,
				"end":	6.001046,
				"seconds":	1.0000109672546387,
				"bytes":	5767168,
				"bits_per_second":	46136838.005549371,
				"retransmits":	0,
				"omitted":	false,
				"sender":	true
			}
		}, {
			"streams":	[{
					"socket":	5,
					"start":	6.001046,
					"end":	7.000778,
					"seconds":	0.99973201751709,
					"bytes":	6291456,
					"bits_per_second":	50345139.615516625,
					"retransmits":	0,
					"snd_cwnd":	2025584,
					"snd_wnd":	1935360,
					"rtt":	315003,
					"rttvar":	6022,
					"pmtu":	1500,
					"reorder":	0,
					"omitted":	false,
					"sender":	true
				}],
			"sum":	{
				"start":	6.001046,
				"end":	7.000778,
				"seconds":	0.99973201751709,
				"bytes":	6291456,
				"bits_per_second":	50345139.615516625,
				"retransmits":	0,
				"omitted":	false,
				"sender":	true
			}
		}, {
			"streams":	[{
					"socket":	5,
					"start":	7.000778,
					"end":	8.001074,
					"seconds":	1.0002959966659546,
					"bytes":	5636096,
					"bits_per_second":	45075425.824239545,
					"retransmits":	0,
					"snd_cwnd":	2025584,
					"snd_wnd":	1935360,
					"rtt":	328300,
					"rttvar":	2143,
					"pmtu":	1500,
					"reorder":	0,
					"omitted":	false,
					"sender":	true
				}],
			"sum":	{
				"start":	7.000778,
				"end":	8.001074,
				"seconds":	1.0002959966659546,
				"bytes":	5636096,
				"bits_per_second":	45075425.824239545,
				"retransmits":	0,
				"omitted":	false,
				"sender":	true
			}
		}, {
			"streams":	[{
					"socket":	5,
					"start":	8.001074,
					"end":	9.001062,
					"seconds":	0.9999880194664,
					"bytes":	5767168,
					"bits_per_second":	46137896.756622322,
					"retransmits":	0,
					"snd_cwnd":	2025584,
					"snd_wnd":	1935360,
					"rtt":	326522,
					"rttvar":	7419,
					"pmtu":	1500,
					"reorder":	0,
					"omitted":	false,
					"sender":	true
				}],
			"sum":	{
				"start":	8.001074,
				"end":	9.001062,
				"seconds":	0.9999880194664,
				"bytes":	5767168,
				"bits_per_second":	46137896.756622322,
				"retransmits":	0,
				"omitted":	false,
				"sender":	true
			}
		}, {
			"streams":	[{
					"socket":	5,
					"start":	9.001062,
					"end":	10.001463,
					"seconds":	1.0004010200500488,
					"bytes":	5898240,
					"bits_per_second":	47167005.085260056,
					"retransmits":	0,
					"snd_cwnd":	2025584,
					"snd_wnd":	1935360,
					"rtt":	314089,
					"rttvar":	2878,
					"pmtu":	1500,
					"reorder":	0,
					"omitted":	false,
					"sender":	true
				}],
			"sum":	{
				"start":	9.001062,
				"end":	10.001463,
				"seconds":	1.0004010200500488,
				"bytes":	5898240,
				"bits_per_second":	47167005.085260056,
				"retransmits":	0,
				"omitted":	false,
				"sender":	true
			}
		}],
	"end":	{
		"streams":	[{
				"sender":	{
					"socket":	5,
					"start":	0,
					"end":	10.001463,
					"seconds":	10.001463,
					"bytes":	61603840,
					"bits_per_second":	49275862.9412517,
					"retransmits":	0,
					"reorder":	0,
					"max_snd_cwnd":	2025584,
					"max_snd_wnd":	1935360,
					"max_rtt":	338232,
					"min_rtt":	67464,
					"mean_rtt":	241561,
					"sender":	true
				},
				"receiver":	{
					"socket":	5,
					"start":	0,
					"end":	10.353185,
					"seconds":	10.001463,
					"bytes":	60030976,
					"bits_per_second":	46386479.9093226,
					"sender":	true
				}
			}],
		"sum_sent":	{
			"start":	0,
			"end":	10.001463,
			"seconds":	10.001463,
			"bytes":	61603840,
			"bits_per_second":	49275862.9412517,
			"retransmits":	0,
			"sender":	true
		},
		"sum_received":	{
			"start":	0,
			"end":	10.353185,
			"seconds":	10.353185,
			"bytes":	60030976,
			"bits_per_second":	46386479.9093226,
			"sender":	true
		},
		"cpu_utilization_percent":	{
			"host_total":	0.24640226245783745,
			"host_user":	0,
			"host_system":	0.246372430471584,
			"remote_total":	17.507930035006382,
			"remote_user":	1.2537805756857721,
			"remote_system":	16.254139827894111
		},
		"sender_tcp_congestion":	"cubic",
		"receiver_tcp_congestion":	"cubic"
	}
}
