{
	"start":	{
		"connected":	[{
				"socket":	5,
				"local_host":	"192.168.1.3",
				"local_port":	50856,
				"remote_host":	"192.168.1.58",
				"remote_port":	5201
			}],
		"version":	"iperf 3.20",
		"system_info":	"Linux kuroi-washi 6.19.11+kali-amd64 #1 SMP PREEMPT_DYNAMIC Kali 6.19.11-1kali1 (2026-04-09) x86_64",
		"timestamp":	{
			"time":	"Thu, 23 Apr 2026 20:24:54 GMT",
			"timesecs":	1776975894,
			"timemillisecs":	1776975894938
		},
		"connecting_to":	{
			"host":	"192.168.1.58",
			"port":	5201
		},
		"cookie":	"qeaxg335q23uzo37vx74tr6zm4qt5uizvqmu",
		"tcp_mss":	916,
		"target_bitrate":	0,
		"fq_rate":	0,
		"sock_bufsize":	0,
		"sndbuf_actual":	16384,
		"rcvbuf_actual":	131072,
		"test_start":	{
			"protocol":	"TCP",
			"num_streams":	1,
			"blksize":	131072,
			"omit":	0,
			"duration":	10,
			"bytes":	0,
			"blocks":	0,
			"reverse":	0,
			"tos":	0,
			"target_bitrate":	0,
			"bidir":	0,
			"fqrate":	0,
			"interval":	1
		}
	},
	"intervals":	[{
			"streams":	[{
					"socket":	5,
					"start":	0,
					"end":	1.001146,
					"seconds":	1.0011459589004517,
					"bytes":	4849664,
					"bits_per_second":	38752902.766156785,
					"retransmits":	0,
					"snd_cwnd":	265776,
					"snd_wnd":	1935616,
					"rtt":	29796,
					"rttvar":	18517,
					"pmtu":	1500,
					"reorder":	0,
					"omitted":	false,
					"sender":	true
				}],
			"sum":	{
				"start":	0,
				"end":	1.001146,
				"seconds":	1.0011459589004517,
				"bytes":	4849664,
				"bits_per_second":	38752902.766156785,
				"retransmits":	0,
				"omitted":	false,
				"sender":	true
			}
		}, {
			"streams":	[{
					"socket":	5,
					"start":	1.001146,
					"end":	2.001144,
					"seconds":	0.99999797344207764,
					"bytes":	4063232,
					"bits_per_second":	32505921.8751335,
					"retransmits":	0,
					"snd_cwnd":	446576,
					"snd_wnd":	1935616,
					"rtt":	41909,
					"rttvar":	36983,
					"pmtu":	1500,
					"reorder":	0,
					"omitted":	false,
					"sender":	true
				}],
			"sum":	{
				"start":	1.001146,
				"end":	2.001144,
				"seconds":	0.99999797344207764,
				"bytes":	4063232,
				"bits_per_second":	32505921.8751335,
				"retransmits":	0,
				"omitted":	false,
				"sender":	true
			}
		}, {
			"streams":	[{
					"socket":	5,
					"start":	2.001144,
					"end":	3.001145,
					"seconds":	1.0000009536743164,
					"bytes":	5373952,
					"bits_per_second":	42991575.0000391,
					"retransmits":	0,
					"snd_cwnd":	620144,
					"snd_wnd":	1935616,
					"rtt":	49177,
					"rttvar":	30841,
					"pmtu":	1500,
					"reorder":	0,
					"omitted":	false,
					"sender":	true
				}],
			"sum":	{
				"start":	2.001144,
				"end":	3.001145,
				"seconds":	1.0000009536743164,
				"bytes":	5373952,
				"bits_per_second":	42991575.0000391,
				"retransmits":	0,
				"omitted":	false,
				"sender":	true
			}
		}, {
			"streams":	[{
					"socket":	5,
					"start":	3.001145,
					"end":	4.001074,
					"seconds":	0.99992901086807251,
					"bytes":	4456448,
					"bits_per_second":	35654115.054677375,
					"retransmits":	0,
					"snd_cwnd":	818120,
					"snd_wnd":	1538048,
					"rtt":	111800,
					"rttvar":	73473,
					"pmtu":	1500,
					"reorder":	0,
					"omitted":	false,
					"sender":	true
				}],
			"sum":	{
				"start":	3.001145,
				"end":	4.001074,
				"seconds":	0.99992901086807251,
				"bytes":	4456448,
				"bits_per_second":	35654115.054677375,
				"retransmits":	0,
				"omitted":	false,
				"sender":	true
			}
		}, {
			"streams":	[{
					"socket":	5,
					"start":	4.001074,
					"end":	5.001143,
					"seconds":	1.00006902217865,
					"bytes":	4849664,
					"bits_per_second":	38794634.309820011,
					"retransmits":	0,
					"snd_cwnd":	955528,
					"snd_wnd":	1935616,
					"rtt":	70000,
					"rttvar":	66177,
					"pmtu":	1500,
					"reorder":	0,
					"omitted":	false,
					"sender":	true
				}],
			"sum":	{
				"start":	4.001074,
				"end":	5.001143,
				"seconds":	1.00006902217865,
				"bytes":	4849664,
				"bits_per_second":	38794634.309820011,
				"retransmits":	0,
				"omitted":	false,
				"sender":	true
			}
		}, {
			"streams":	[{
					"socket":	5,
					"start":	5.001143,
					"end":	6.001061,
					"seconds":	0.999917984008789,
					"bytes":	4718592,
					"bits_per_second":	37751832.253942333,
					"retransmits":	0,
					"snd_cwnd":	1135424,
					"snd_wnd":	1931392,
					"rtt":	66877,
					"rttvar":	30341,
					"pmtu":	1500,
					"reorder":	0,
					"omitted":	false,
					"sender":	true
				}],
			"sum":	{
				"start":	5.001143,
				"end":	6.001061,
				"seconds":	0.999917984008789,
				"bytes":	4718592,
				"bits_per_second":	37751832.253942333,
				"retransmits":	0,
				"omitted":	false,
				"sender":	true
			}
		}, {
			"streams":	[{
					"socket":	5,
					"start":	6.001061,
					"end":	7.001146,
					"seconds":	1.00008499622345,
					"bytes":	2883584,
					"bits_per_second":	23066711.416642182,
					"retransmits":	0,
					"snd_cwnd":	1280968,
					"snd_wnd":	1801600,
					"rtt":	142668,
					"rttvar":	85373,
					"pmtu":	1500,
					"reorder":	0,
					"omitted":	false,
					"sender":	true
				}],
			"sum":	{
				"start":	6.001061,
				"end":	7.001146,
				"seconds":	1.00008499622345,
				"bytes":	2883584,
				"bits_per_second":	23066711.416642182,
				"retransmits":	0,
				"omitted":	false,
				"sender":	true
			}
		}, {
			"streams":	[{
					"socket":	5,
					"start":	7.001146,
					"end":	8.001069,
					"seconds":	0.9999229907989502,
					"bytes":	5767168,
					"bits_per_second":	46140897.273634762,
					"retransmits":	0,
					"snd_cwnd":	1482560,
					"snd_wnd":	1380480,
					"rtt":	175422,
					"rttvar":	150043,
					"pmtu":	1500,
					"reorder":	0,
					"omitted":	false,
					"sender":	true
				}],
			"sum":	{
				"start":	7.001146,
				"end":	8.001069,
				"seconds":	0.9999229907989502,
				"bytes":	5767168,
				"bits_per_second":	46140897.273634762,
				"retransmits":	0,
				"omitted":	false,
				"sender":	true
			}
		}, {
			"streams":	[{
					"socket":	5,
					"start":	8.001069,
					"end":	9.001151,
					"seconds":	1.0000820159912109,
					"bytes":	1441792,
					"bits_per_second":	11533390.077580765,
					"retransmits":	0,
					"snd_cwnd":	1556688,
					"snd_wnd":	1834560,
					"rtt":	112078,
					"rttvar":	35856,
					"pmtu":	1500,
					"reorder":	0,
					"omitted":	false,
					"sender":	true
				}],
			"sum":	{
				"start":	8.001069,
				"end":	9.001151,
				"seconds":	1.0000820159912109,
				"bytes":	1441792,
				"bits_per_second":	11533390.077580765,
				"retransmits":	0,
				"omitted":	false,
				"sender":	true
			}
		}, {
			"streams":	[{
					"socket":	5,
					"start":	9.001151,
					"end":	10.001917,
					"seconds":	1.0007660388946533,
					"bytes":	5242880,
					"bits_per_second":	41910934.59398973,
					"retransmits":	0,
					"snd_cwnd":	1635336,
					"snd_wnd":	1932864,
					"rtt":	107174,
					"rttvar":	22775,
					"pmtu":	1500,
					"reorder":	0,
					"omitted":	false,
					"sender":	true
				}],
			"sum":	{
				"start":	9.001151,
				"end":	10.001917,
				"seconds":	1.0007660388946533,
				"bytes":	5242880,
				"bits_per_second":	41910934.59398973,
				"retransmits":	0,
				"omitted":	false,
				"sender":	true
			}
		}],
	"end":	{
		"streams":	[{
				"sender":	{
					"socket":	5,
					"start":	0,
					"end":	10.001917,
					"seconds":	10.001917,
					"bytes":	43646976,
					"bits_per_second":	34910888.382697038,
					"retransmits":	0,
					"reorder":	0,
					"max_snd_cwnd":	1635336,
					"max_snd_wnd":	1935616,
					"max_rtt":	175422,
					"min_rtt":	29796,
					"mean_rtt":	90690,
					"sender":	true
				},
				"receiver":	{
					"socket":	5,
					"start":	0,
					"end":	10.220939,
					"seconds":	10.001917,
					"bytes":	40370176,
					"bits_per_second":	31598017.364158031,
					"sender":	true
				}
			}],
		"sum_sent":	{
			"start":	0,
			"end":	10.001917,
			"seconds":	10.001917,
			"bytes":	43646976,
			"bits_per_second":	34910888.382697038,
			"retransmits":	0,
			"sender":	true
		},
		"sum_received":	{
			"start":	0,
			"end":	10.220939,
			"seconds":	10.220939,
			"bytes":	40370176,
			"bits_per_second":	31598017.364158031,
			"sender":	true
		},
		"cpu_utilization_percent":	{
			"host_total":	0.20892978736286469,
			"host_user":	0.058219977863285054,
			"host_system":	0.15069986756346906,
			"remote_total":	12.023171168244106,
			"remote_user":	0.22697463397329645,
			"remote_system":	11.796186783244735
		},
		"sender_tcp_congestion":	"cubic",
		"receiver_tcp_congestion":	"cubic"
	}
}
{
	"start":	{
		"connected":	[{
				"socket":	5,
				"local_host":	"192.168.1.3",
				"local_port":	41198,
				"remote_host":	"192.168.1.58",
				"remote_port":	5201
			}],
		"version":	"iperf 3.20",
		"system_info":	"Linux kuroi-washi 6.19.11+kali-amd64 #1 SMP PREEMPT_DYNAMIC Kali 6.19.11-1kali1 (2026-04-09) x86_64",
		"timestamp":	{
			"time":	"Thu, 23 Apr 2026 20:25:05 GMT",
			"timesecs":	1776975905,
			"timemillisecs":	1776975905294
		},
		"connecting_to":	{
			"host":	"192.168.1.58",
			"port":	5201
		},
		"cookie":	"2xgfqt5ygz5mjmvtkrwx74dpnnl37scvzxby",
		"tcp_mss":	916,
		"target_bitrate":	0,
		"fq_rate":	0,
		"sock_bufsize":	0,
		"sndbuf_actual":	16384,
		"rcvbuf_actual":	131072,
		"test_start":	{
			"protocol":	"TCP",
			"num_streams":	1,
			"blksize":	131072,
			"omit":	0,
			"duration":	10,
			"bytes":	0,
			"blocks":	0,
			"reverse":	0,
			"tos":	0,
			"target_bitrate":	0,
			"bidir":	0,
			"fqrate":	0,
			"interval":	1
		}
	},
	"intervals":	[{
			"streams":	[{
					"socket":	5,
					"start":	0,
					"end":	1.001071,
					"seconds":	1.0010709762573242,
					"bytes":	5111808,
					"bits_per_second":	40850713.855366156,
					"retransmits":	0,
					"snd_cwnd":	278432,
					"snd_wnd":	1924224,
					"rtt":	54020,
					"rttvar":	13896,
					"pmtu":	1500,
					"reorder":	0,
					"omitted":	false,
					"sender":	true
				}],
			"sum":	{
				"start":	0,
				"end":	1.001071,
				"seconds":	1.0010709762573242,
				"bytes":	5111808,
				"bits_per_second":	40850713.855366156,
				"retransmits":	0,
				"omitted":	false,
				"sender":	true
			}
		}, {
			"streams":	[{
					"socket":	5,
					"start":	1.001071,
					"end":	2.001116,
					"seconds":	1.0000449419021606,
					"bytes":	4456448,
					"bits_per_second":	35649981.822004929,
					"retransmits":	0,
					"snd_cwnd":	461040,
					"snd_wnd":	1926336,
					"rtt":	67694,
					"rttvar":	18482,
					"pmtu":	1500,
					"reorder":	0,
					"omitted":	false,
					"sender":	true
				}],
			"sum":	{
				"start":	1.001071,
				"end":	2.001116,
				"seconds":	1.0000449419021606,
				"bytes":	4456448,
				"bits_per_second":	35649981.822004929,
				"retransmits":	0,
				"omitted":	false,
				"sender":	true
			}
		}, {
			"streams":	[{
					"socket":	5,
					"start":	2.001116,
					"end":	3.001064,
					"seconds":	0.999948024749756,
					"bytes":	5505024,
					"bits_per_second":	44042481.118977532,
					"retransmits":	0,
					"snd_cwnd":	646360,
					"snd_wnd":	1935616,
					"rtt":	54216,
					"rttvar":	48200,
					"pmtu":	1500,
					"reorder":	0,
					"omitted":	false,
					"sender":	true
				}],
			"sum":	{
				"start":	2.001116,
				"end":	3.001064,
				"seconds":	0.999948024749756,
				"bytes":	5505024,
				"bits_per_second":	44042481.118977532,
				"retransmits":	0,
				"omitted":	false,
				"sender":	true
			}
		}, {
			"streams":	[{
					"socket":	5,
					"start":	3.001064,
					"end":	4.001064,
					"seconds":	1,
					"bytes":	3932160,
					"bits_per_second":	31457280,
					"retransmits":	0,
					"snd_cwnd":	825352,
					"snd_wnd":	1935616,
					"rtt":	60385,
					"rttvar":	43498,
					"pmtu":	1500,
					"reorder":	0,
					"omitted":	false,
					"sender":	true
				}],
			"sum":	{
				"start":	3.001064,
				"end":	4.001064,
				"seconds":	1,
				"bytes":	3932160,
				"bits_per_second":	31457280,
				"retransmits":	0,
				"omitted":	false,
				"sender":	true
			}
		}, {
			"streams":	[{
					"socket":	5,
					"start":	4.001064,
					"end":	5.001136,
					"seconds":	1.0000720024108887,
					"bytes":	3932160,
					"bits_per_second":	31455015.163073719,
					"retransmits":	0,
					"snd_cwnd":	990784,
					"snd_wnd":	1935616,
					"rtt":	78271,
					"rttvar":	60390,
					"pmtu":	1500,
					"reorder":	0,
					"omitted":	false,
					"sender":	true
				}],
			"sum":	{
				"start":	4.001064,
				"end":	5.001136,
				"seconds":	1.0000720024108887,
				"bytes":	3932160,
				"bits_per_second":	31455015.163073719,
				"retransmits":	0,
				"omitted":	false,
				"sender":	true
			}
		}, {
			"streams":	[{
					"socket":	5,
					"start":	5.001136,
					"end":	6.001137,
					"seconds":	1.0000009536743164,
					"bytes":	4718592,
					"bits_per_second":	37748700.000034332,
					"retransmits":	0,
					"snd_cwnd":	1148080,
					"snd_wnd":	1935616,
					"rtt":	63321,
					"rttvar":	55794,
					"pmtu":	1500,
					"reorder":	0,
					"omitted":	false,
					"sender":	true
				}],
			"sum":	{
				"start":	5.001136,
				"end":	6.001137,
				"seconds":	1.0000009536743164,
				"bytes":	4718592,
				"bits_per_second":	37748700.000034332,
				"retransmits":	0,
				"omitted":	false,
				"sender":	true
			}
		}, {
			"streams":	[{
					"socket":	5,
					"start":	6.001137,
					"end":	7.001142,
					"seconds":	1.0000050067901611,
					"bytes":	3276800,
					"bits_per_second":	26214268.750657137,
					"retransmits":	10,
					"snd_cwnd":	897672,
					"snd_wnd":	1935616,
					"rtt":	81712,
					"rttvar":	7900,
					"pmtu":	1500,
					"reorder":	0,
					"omitted":	false,
					"sender":	true
				}],
			"sum":	{
				"start":	6.001137,
				"end":	7.001142,
				"seconds":	1.0000050067901611,
				"bytes":	3276800,
				"bits_per_second":	26214268.750657137,
				"retransmits":	10,
				"omitted":	false,
				"sender":	true
			}
		}, {
			"streams":	[{
					"socket":	5,
					"start":	7.001142,
					"end":	8.001069,
					"seconds":	0.99992698431015,
					"bytes":	4325376,
					"bits_per_second":	34605534.746992178,
					"retransmits":	0,
					"snd_cwnd":	1010672,
					"snd_wnd":	1775616,
					"rtt":	124031,
					"rttvar":	106315,
					"pmtu":	1500,
					"reorder":	0,
					"omitted":	false,
					"sender":	true
				}],
			"sum":	{
				"start":	7.001142,
				"end":	8.001069,
				"seconds":	0.99992698431015,
				"bytes":	4325376,
				"bits_per_second":	34605534.746992178,
				"retransmits":	0,
				"omitted":	false,
				"sender":	true
			}
		}, {
			"streams":	[{
					"socket":	5,
					"start":	8.001069,
					"end":	9.001126,
					"seconds":	1.0000569820404053,
					"bytes":	3801088,
					"bits_per_second":	30406971.34873,
					"retransmits":	0,
					"snd_cwnd":	1080280,
					"snd_wnd":	1935616,
					"rtt":	91449,
					"rttvar":	56377,
					"pmtu":	1500,
					"reorder":	0,
					"omitted":	false,
					"sender":	true
				}],
			"sum":	{
				"start":	8.001069,
				"end":	9.001126,
				"seconds":	1.0000569820404053,
				"bytes":	3801088,
				"bits_per_second":	30406971.34873,
				"retransmits":	0,
				"omitted":	false,
				"sender":	true
			}
		}, {
			"streams":	[{
					"socket":	5,
					"start":	9.001126,
					"end":	10.00148,
					"seconds":	1.0003540515899658,
					"bytes":	5242880,
					"bits_per_second":	41928195.255805284,
					"retransmits":	0,
					"snd_cwnd":	1151696,
					"snd_wnd":	1910976,
					"rtt":	133187,
					"rttvar":	104302,
					"pmtu":	1500,
					"reorder":	0,
					"omitted":	false,
					"sender":	true
				}],
			"sum":	{
				"start":	9.001126,
				"end":	10.00148,
				"seconds":	1.0003540515899658,
				"bytes":	5242880,
				"bits_per_second":	41928195.255805284,
				"retransmits":	0,
				"omitted":	false,
				"sender":	true
			}
		}],
	"end":	{
		"streams":	[{
				"sender":	{
					"socket":	5,
					"start":	0,
					"end":	10.00148,
					"seconds":	10.00148,
					"bytes":	44302336,
					"bits_per_second":	35436624.179621413,
					"retransmits":	10,
					"reorder":	0,
					"max_snd_cwnd":	1151696,
					"max_snd_wnd":	1935616,
					"max_rtt":	133187,
					"min_rtt":	54020,
					"mean_rtt":	80828,
					"sender":	true
				},
				"receiver":	{
					"socket":	5,
					"start":	0,
					"end":	10.167157,
					"seconds":	10.00148,
					"bytes":	41156608,
					"bits_per_second":	32383965.7438161,
					"sender":	true
				}
			}],
		"sum_sent":	{
			"start":	0,
			"end":	10.00148,
			"seconds":	10.00148,
			"bytes":	44302336,
			"bits_per_second":	35436624.179621413,
			"retransmits":	10,
			"sender":	true
		},
		"sum_received":	{
			"start":	0,
			"end":	10.167157,
			"seconds":	10.167157,
			"bytes":	41156608,
			"bits_per_second":	32383965.7438161,
			"sender":	true
		},
		"cpu_utilization_percent":	{
			"host_total":	0.21335029791459781,
			"host_user":	0,
			"host_system":	0.21331051231125711,
			"remote_total":	12.894607935232397,
			"remote_user":	0.42318270082881415,
			"remote_system":	12.471444855718097
		},
		"sender_tcp_congestion":	"cubic",
		"receiver_tcp_congestion":	"cubic"
	}
}
{
	"start":	{
		"connected":	[{
				"socket":	5,
				"local_host":	"192.168.1.3",
				"local_port":	49738,
				"remote_host":	"192.168.1.58",
				"remote_port":	5201
			}],
		"version":	"iperf 3.20",
		"system_info":	"Linux kuroi-washi 6.19.11+kali-amd64 #1 SMP PREEMPT_DYNAMIC Kali 6.19.11-1kali1 (2026-04-09) x86_64",
		"timestamp":	{
			"time":	"Thu, 23 Apr 2026 20:25:15 GMT",
			"timesecs":	1776975915,
			"timemillisecs":	1776975915957
		},
		"connecting_to":	{
			"host":	"192.168.1.58",
			"port":	5201
		},
		"cookie":	"ws7fjk52zsjr4fyt3ploqfpqkswkm4benkvz",
		"tcp_mss":	916,
		"target_bitrate":	0,
		"fq_rate":	0,
		"sock_bufsize":	0,
		"sndbuf_actual":	16384,
		"rcvbuf_actual":	131072,
		"test_start":	{
			"protocol":	"TCP",
			"num_streams":	1,
			"blksize":	131072,
			"omit":	0,
			"duration":	10,
			"bytes":	0,
			"blocks":	0,
			"reverse":	0,
			"tos":	0,
			"target_bitrate":	0,
			"bidir":	0,
			"fqrate":	0,
			"interval":	1
		}
	},
	"intervals":	[{
			"streams":	[{
					"socket":	5,
					"start":	0,
					"end":	1.001148,
					"seconds":	1.001147985458374,
					"bytes":	4849664,
					"bits_per_second":	38752824.321208328,
					"retransmits":	0,
					"snd_cwnd":	264872,
					"snd_wnd":	1664128,
					"rtt":	26714,
					"rttvar":	11523,
					"pmtu":	1500,
					"reorder":	0,
					"omitted":	false,
					"sender":	true
				}],
			"sum":	{
				"start":	0,
				"end":	1.001148,
				"seconds":	1.001147985458374,
				"bytes":	4849664,
				"bits_per_second":	38752824.321208328,
				"retransmits":	0,
				"omitted":	false,
				"sender":	true
			}
		}, {
			"streams":	[{
					"socket":	5,
					"start":	1.001148,
					"end":	2.001143,
					"seconds":	0.999994993209839,
					"bytes":	4325376,
					"bits_per_second":	34603181.250867434,
					"retransmits":	0,
					"snd_cwnd":	448384,
					"snd_wnd":	1935616,
					"rtt":	35371,
					"rttvar":	25258,
					"pmtu":	1500,
					"reorder":	0,
					"omitted":	false,
					"sender":	true
				}],
			"sum":	{
				"start":	1.001148,
				"end":	2.001143,
				"seconds":	0.999994993209839,
				"bytes":	4325376,
				"bits_per_second":	34603181.250867434,
				"retransmits":	0,
				"omitted":	false,
				"sender":	true
			}
		}, {
			"streams":	[{
					"socket":	5,
					"start":	2.001143,
					"end":	3.001139,
					"seconds":	0.9999960064888,
					"bytes":	4849664,
					"bits_per_second":	38797466.938118748,
					"retransmits":	0,
					"snd_cwnd":	628280,
					"snd_wnd":	1932096,
					"rtt":	49262,
					"rttvar":	39897,
					"pmtu":	1500,
					"reorder":	0,
					"omitted":	false,
					"sender":	true
				}],
			"sum":	{
				"start":	2.001143,
				"end":	3.001139,
				"seconds":	0.9999960064888,
				"bytes":	4849664,
				"bits_per_second":	38797466.938118748,
				"retransmits":	0,
				"omitted":	false,
				"sender":	true
			}
		}, {
			"streams":	[{
					"socket":	5,
					"start":	3.001139,
					"end":	4.001104,
					"seconds":	0.999965012073517,
					"bytes":	6291456,
					"bits_per_second":	50333409.0616159,
					"retransmits":	0,
					"snd_cwnd":	809984,
					"snd_wnd":	1368000,
					"rtt":	109377,
					"rttvar":	87891,
					"pmtu":	1500,
					"reorder":	0,
					"omitted":	false,
					"sender":	true
				}],
			"sum":	{
				"start":	3.001139,
				"end":	4.001104,
				"seconds":	0.999965012073517,
				"bytes":	6291456,
				"bits_per_second":	50333409.0616159,
				"retransmits":	0,
				"omitted":	false,
				"sender":	true
			}
		}, {
			"streams":	[{
					"socket":	5,
					"start":	4.001104,
					"end":	5.00114,
					"seconds":	1.0000360012054443,
					"bytes":	3407872,
					"bits_per_second":	27261994.535333913,
					"retransmits":	0,
					"snd_cwnd":	952816,
					"snd_wnd":	1935616,
					"rtt":	74021,
					"rttvar":	60354,
					"pmtu":	1500,
					"reorder":	0,
					"omitted":	false,
					"sender":	true
				}],
			"sum":	{
				"start":	4.001104,
				"end":	5.00114,
				"seconds":	1.0000360012054443,
				"bytes":	3407872,
				"bits_per_second":	27261994.535333913,
				"retransmits":	0,
				"omitted":	false,
				"sender":	true
			}
		}, {
			"streams":	[{
					"socket":	5,
					"start":	5.00114,
					"end":	6.001139,
					"seconds":	0.99999898672103882,
					"bytes":	3932160,
					"bits_per_second":	31457311.8750323,
					"retransmits":	0,
					"snd_cwnd":	1102880,
					"snd_wnd":	1934272,
					"rtt":	85948,
					"rttvar":	90149,
					"pmtu":	1500,
					"reorder":	0,
					"omitted":	false,
					"sender":	true
				}],
			"sum":	{
				"start":	5.00114,
				"end":	6.001139,
				"seconds":	0.99999898672103882,
				"bytes":	3932160,
				"bits_per_second":	31457311.8750323,
				"retransmits":	0,
				"omitted":	false,
				"sender":	true
			}
		}, {
			"streams":	[{
					"socket":	5,
					"start":	6.001139,
					"end":	7.001066,
					"seconds":	0.99992698431015,
					"bytes":	4718592,
					"bits_per_second":	37751492.451264188,
					"retransmits":	0,
					"snd_cwnd":	1294528,
					"snd_wnd":	1737152,
					"rtt":	104052,
					"rttvar":	118179,
					"pmtu":	1500,
					"reorder":	0,
					"omitted":	false,
					"sender":	true
				}],
			"sum":	{
				"start":	6.001139,
				"end":	7.001066,
				"seconds":	0.99992698431015,
				"bytes":	4718592,
				"bits_per_second":	37751492.451264188,
				"retransmits":	0,
				"omitted":	false,
				"sender":	true
			}
		}, {
			"streams":	[{
					"socket":	5,
					"start":	7.001066,
					"end":	8.00113,
					"seconds":	1.0000640153884888,
					"bytes":	3670016,
					"bits_per_second":	29358248.620309222,
					"retransmits":	0,
					"snd_cwnd":	1429224,
					"snd_wnd":	1935616,
					"rtt":	81348,
					"rttvar":	60613,
					"pmtu":	1500,
					"reorder":	0,
					"omitted":	false,
					"sender":	true
				}],
			"sum":	{
				"start":	7.001066,
				"end":	8.00113,
				"seconds":	1.0000640153884888,
				"bytes":	3670016,
				"bits_per_second":	29358248.620309222,
				"retransmits":	0,
				"omitted":	false,
				"sender":	true
			}
		}, {
			"streams":	[{
					"socket":	5,
					"start":	8.00113,
					"end":	9.001145,
					"seconds":	1.0000150203704834,
					"bytes":	3670016,
					"bits_per_second":	29359687.006623883,
					"retransmits":	0,
					"snd_cwnd":	1575672,
					"snd_wnd":	1935616,
					"rtt":	79961,
					"rttvar":	51057,
					"pmtu":	1500,
					"reorder":	0,
					"omitted":	false,
					"sender":	true
				}],
			"sum":	{
				"start":	8.00113,
				"end":	9.001145,
				"seconds":	1.0000150203704834,
				"bytes":	3670016,
				"bits_per_second":	29359687.006623883,
				"retransmits":	0,
				"omitted":	false,
				"sender":	true
			}
		}, {
			"streams":	[{
					"socket":	5,
					"start":	9.001145,
					"end":	10.001925,
					"seconds":	1.0007799863815308,
					"bytes":	3670016,
					"bits_per_second":	29337245.34815681,
					"retransmits":	150,
					"snd_cwnd":	1212264,
					"snd_wnd":	1933568,
					"rtt":	91414,
					"rttvar":	21489,
					"pmtu":	1500,
					"reorder":	0,
					"omitted":	false,
					"sender":	true
				}],
			"sum":	{
				"start":	9.001145,
				"end":	10.001925,
				"seconds":	1.0007799863815308,
				"bytes":	3670016,
				"bits_per_second":	29337245.34815681,
				"retransmits":	150,
				"omitted":	false,
				"sender":	true
			}
		}],
	"end":	{
		"streams":	[{
				"sender":	{
					"socket":	5,
					"start":	0,
					"end":	10.001925,
					"seconds":	10.001925,
					"bytes":	43384832,
					"bits_per_second":	34701185.621767811,
					"retransmits":	150,
					"reorder":	0,
					"max_snd_cwnd":	1575672,
					"max_snd_wnd":	1935616,
					"max_rtt":	109377,
					"min_rtt":	26714,
					"mean_rtt":	73746,
					"sender":	true
				},
				"receiver":	{
					"socket":	5,
					"start":	0,
					"end":	10.203662,
					"seconds":	10.001925,
					"bytes":	40239104,
					"bits_per_second":	31548754.946998443,
					"sender":	true
				}
			}],
		"sum_sent":	{
			"start":	0,
			"end":	10.001925,
			"seconds":	10.001925,
			"bytes":	43384832,
			"bits_per_second":	34701185.621767811,
			"retransmits":	150,
			"sender":	true
		},
		"sum_received":	{
			"start":	0,
			"end":	10.203662,
			"seconds":	10.203662,
			"bytes":	40239104,
			"bits_per_second":	31548754.946998443,
			"sender":	true
		},
		"cpu_utilization_percent":	{
			"host_total":	0.23400258509948341,
			"host_user":	0.0957834415692186,
			"host_system":	0.13821914353026479,
			"remote_total":	12.838050842690485,
			"remote_user":	0.22313406482138337,
			"remote_system":	12.614907011847357
		},
		"sender_tcp_congestion":	"cubic",
		"receiver_tcp_congestion":	"cubic"
	}
}
{
	"start":	{
		"connected":	[{
				"socket":	5,
				"local_host":	"192.168.1.3",
				"local_port":	55690,
				"remote_host":	"192.168.1.58",
				"remote_port":	5201
			}],
		"version":	"iperf 3.20",
		"system_info":	"Linux kuroi-washi 6.19.11+kali-amd64 #1 SMP PREEMPT_DYNAMIC Kali 6.19.11-1kali1 (2026-04-09) x86_64",
		"timestamp":	{
			"time":	"Thu, 23 Apr 2026 20:25:26 GMT",
			"timesecs":	1776975926,
			"timemillisecs":	1776975926294
		},
		"connecting_to":	{
			"host":	"192.168.1.58",
			"port":	5201
		},
		"cookie":	"n7ulqexduk477z5s6m635kndkhykkmvfcuug",
		"tcp_mss":	916,
		"target_bitrate":	0,
		"fq_rate":	0,
		"sock_bufsize":	0,
		"sndbuf_actual":	16384,
		"rcvbuf_actual":	131072,
		"test_start":	{
			"protocol":	"TCP",
			"num_streams":	1,
			"blksize":	131072,
			"omit":	0,
			"duration":	10,
			"bytes":	0,
			"blocks":	0,
			"reverse":	0,
			"tos":	0,
			"target_bitrate":	0,
			"bidir":	0,
			"fqrate":	0,
			"interval":	1
		}
	},
	"intervals":	[{
			"streams":	[{
					"socket":	5,
					"start":	0,
					"end":	1.001139,
					"seconds":	1.0011390447616577,
					"bytes":	4980736,
					"bits_per_second":	39800553.388152145,
					"retransmits":	0,
					"snd_cwnd":	284760,
					"snd_wnd":	1935616,
					"rtt":	31965,
					"rttvar":	6220,
					"pmtu":	1500,
					"reorder":	0,
					"omitted":	false,
					"sender":	true
				}],
			"sum":	{
				"start":	0,
				"end":	1.001139,
				"seconds":	1.0011390447616577,
				"bytes":	4980736,
				"bits_per_second":	39800553.388152145,
				"retransmits":	0,
				"omitted":	false,
				"sender":	true
			}
		}, {
			"streams":	[{
					"socket":	5,
					"start":	1.001139,
					"end":	2.000431,
					"seconds":	0.999292016029358,
					"bytes":	4587520,
					"bits_per_second":	36726161.533669047,
					"retransmits":	0,
					"snd_cwnd":	476408,
					"snd_wnd":	1932800,
					"rtt":	52938,
					"rttvar":	21130,
					"pmtu":	1500,
					"reorder":	0,
					"omitted":	false,
					"sender":	true
				}],
			"sum":	{
				"start":	1.001139,
				"end":	2.000431,
				"seconds":	0.999292016029358,
				"bytes":	4587520,
				"bits_per_second":	36726161.533669047,
				"retransmits":	0,
				"omitted":	false,
				"sender":	true
			}
		}, {
			"streams":	[{
					"socket":	5,
					"start":	2.000431,
					"end":	3.001121,
					"seconds":	1.00068998336792,
					"bytes":	5242880,
					"bits_per_second":	41914119.9543505,
					"retransmits":	0,
					"snd_cwnd":	647264,
					"snd_wnd":	1935616,
					"rtt":	92418,
					"rttvar":	49865,
					"pmtu":	1500,
					"reorder":	0,
					"omitted":	false,
					"sender":	true
				}],
			"sum":	{
				"start":	2.000431,
				"end":	3.001121,
				"seconds":	1.00068998336792,
				"bytes":	5242880,
				"bits_per_second":	41914119.9543505,
				"retransmits":	0,
				"omitted":	false,
				"sender":	true
			}
		}, {
			"streams":	[{
					"socket":	5,
					"start":	3.001121,
					"end":	4.001128,
					"seconds":	1.0000070333480835,
					"bytes":	3801088,
					"bits_per_second":	30408490.126504246,
					"retransmits":	0,
					"snd_cwnd":	814504,
					"snd_wnd":	1935616,
					"rtt":	154031,
					"rttvar":	62540,
					"pmtu":	1500,
					"reorder":	0,
					"omitted":	false,
					"sender":	true
				}],
			"sum":	{
				"start":	3.001121,
				"end":	4.001128,
				"seconds":	1.0000070333480835,
				"bytes":	3801088,
				"bits_per_second":	30408490.126504246,
				"retransmits":	0,
				"omitted":	false,
				"sender":	true
			}
		}, {
			"streams":	[{
					"socket":	5,
					"start":	4.001128,
					"end":	5.001137,
					"seconds":	1.0000089406967163,
					"bytes":	4325376,
					"bits_per_second":	34602698.627766,
					"retransmits":	0,
					"snd_cwnd":	998016,
					"snd_wnd":	1935616,
					"rtt":	71134,
					"rttvar":	38526,
					"pmtu":	1500,
					"reorder":	0,
					"omitted":	false,
					"sender":	true
				}],
			"sum":	{
				"start":	4.001128,
				"end":	5.001137,
				"seconds":	1.0000089406967163,
				"bytes":	4325376,
				"bits_per_second":	34602698.627766,
				"retransmits":	0,
				"omitted":	false,
				"sender":	true
			}
		}, {
			"streams":	[{
					"socket":	5,
					"start":	5.001137,
					"end":	6.001145,
					"seconds":	1.0000079870224,
					"bytes":	4587520,
					"bits_per_second":	36699866.877341174,
					"retransmits":	0,
					"snd_cwnd":	1154408,
					"snd_wnd":	1935616,
					"rtt":	111361,
					"rttvar":	85157,
					"pmtu":	1500,
					"reorder":	0,
					"omitted":	false,
					"sender":	true
				}],
			"sum":	{
				"start":	5.001137,
				"end":	6.001145,
				"seconds":	1.0000079870224,
				"bytes":	4587520,
				"bits_per_second":	36699866.877341174,
				"retransmits":	0,
				"omitted":	false,
				"sender":	true
			}
		}, {
			"streams":	[{
					"socket":	5,
					"start":	6.001145,
					"end":	7.001085,
					"seconds":	0.99993997812271118,
					"bytes":	5111808,
					"bits_per_second":	40896918.7098363,
					"retransmits":	0,
					"snd_cwnd":	1356904,
					"snd_wnd":	988032,
					"rtt":	164020,
					"rttvar":	169454,
					"pmtu":	1500,
					"reorder":	0,
					"omitted":	false,
					"sender":	true
				}],
			"sum":	{
				"start":	6.001145,
				"end":	7.001085,
				"seconds":	0.99993997812271118,
				"bytes":	5111808,
				"bits_per_second":	40896918.7098363,
				"retransmits":	0,
				"omitted":	false,
				"sender":	true
			}
		}, {
			"streams":	[{
					"socket":	5,
					"start":	7.001085,
					"end":	8.001099,
					"seconds":	1.0000139474868774,
					"bytes":	3407872,
					"bits_per_second":	27262595.755303457,
					"retransmits":	0,
					"snd_cwnd":	1362328,
					"snd_wnd":	1428480,
					"rtt":	187531,
					"rttvar":	60177,
					"pmtu":	1500,
					"reorder":	0,
					"omitted":	false,
					"sender":	true
				}],
			"sum":	{
				"start":	7.001085,
				"end":	8.001099,
				"seconds":	1.0000139474868774,
				"bytes":	3407872,
				"bits_per_second":	27262595.755303457,
				"retransmits":	0,
				"omitted":	false,
				"sender":	true
			}
		}, {
			"streams":	[{
					"socket":	5,
					"start":	8.001099,
					"end":	9.001158,
					"seconds":	1.0000590085983276,
					"bytes":	3014656,
					"bits_per_second":	24115824.958971657,
					"retransmits":	0,
					"snd_cwnd":	1495216,
					"snd_wnd":	1935616,
					"rtt":	390126,
					"rttvar":	180009,
					"pmtu":	1500,
					"reorder":	0,
					"omitted":	false,
					"sender":	true
				}],
			"sum":	{
				"start":	8.001099,
				"end":	9.001158,
				"seconds":	1.0000590085983276,
				"bytes":	3014656,
				"bits_per_second":	24115824.958971657,
				"retransmits":	0,
				"omitted":	false,
				"sender":	true
			}
		}, {
			"streams":	[{
					"socket":	5,
					"start":	9.001158,
					"end":	10.001996,
					"seconds":	1.000838041305542,
					"bytes":	4718592,
					"bits_per_second":	37717127.489237629,
					"retransmits":	0,
					"snd_cwnd":	1652512,
					"snd_wnd":	1935616,
					"rtt":	104061,
					"rttvar":	41714,
					"pmtu":	1500,
					"reorder":	0,
					"omitted":	false,
					"sender":	true
				}],
			"sum":	{
				"start":	9.001158,
				"end":	10.001996,
				"seconds":	1.000838041305542,
				"bytes":	4718592,
				"bits_per_second":	37717127.489237629,
				"retransmits":	0,
				"omitted":	false,
				"sender":	true
			}
		}],
	"end":	{
		"streams":	[{
				"sender":	{
					"socket":	5,
					"start":	0,
					"end":	10.001996,
					"seconds":	10.001996,
					"bytes":	43778048,
					"bits_per_second":	35015449.316316463,
					"retransmits":	0,
					"reorder":	0,
					"max_snd_cwnd":	1652512,
					"max_snd_wnd":	1935616,
					"max_rtt":	390126,
					"min_rtt":	31965,
					"mean_rtt":	135958,
					"sender":	true
				},
				"receiver":	{
					"socket":	5,
					"start":	0,
					"end":	10.067312,
					"seconds":	10.001996,
					"bytes":	40501248,
					"bits_per_second":	32184359.042413708,
					"sender":	true
				}
			}],
		"sum_sent":	{
			"start":	0,
			"end":	10.001996,
			"seconds":	10.001996,
			"bytes":	43778048,
			"bits_per_second":	35015449.316316463,
			"retransmits":	0,
			"sender":	true
		},
		"sum_received":	{
			"start":	0,
			"end":	10.067312,
			"seconds":	10.067312,
			"bytes":	40501248,
			"bits_per_second":	32184359.042413708,
			"sender":	true
		},
		"cpu_utilization_percent":	{
			"host_total":	0.22702543994938071,
			"host_user":	0,
			"host_system":	0.22703537933206752,
			"remote_total":	13.0690131856993,
			"remote_user":	0.405018978702828,
			"remote_system":	12.663984302394626
		},
		"sender_tcp_congestion":	"cubic",
		"receiver_tcp_congestion":	"cubic"
	}
}
{
	"start":	{
		"connected":	[{
				"socket":	5,
				"local_host":	"192.168.1.3",
				"local_port":	53172,
				"remote_host":	"192.168.1.58",
				"remote_port":	5201
			}],
		"version":	"iperf 3.20",
		"system_info":	"Linux kuroi-washi 6.19.11+kali-amd64 #1 SMP PREEMPT_DYNAMIC Kali 6.19.11-1kali1 (2026-04-09) x86_64",
		"timestamp":	{
			"time":	"Thu, 23 Apr 2026 20:25:36 GMT",
			"timesecs":	1776975936,
			"timemillisecs":	1776975936587
		},
		"connecting_to":	{
			"host":	"192.168.1.58",
			"port":	5201
		},
		"cookie":	"p3x35hwnyxpi7olns2j6otc4ebg3gtccqnci",
		"tcp_mss":	916,
		"target_bitrate":	0,
		"fq_rate":	0,
		"sock_bufsize":	0,
		"sndbuf_actual":	16384,
		"rcvbuf_actual":	131072,
		"test_start":	{
			"protocol":	"TCP",
			"num_streams":	1,
			"blksize":	131072,
			"omit":	0,
			"duration":	10,
			"bytes":	0,
			"blocks":	0,
			"reverse":	0,
			"tos":	0,
			"target_bitrate":	0,
			"bidir":	0,
			"fqrate":	0,
			"interval":	1
		}
	},
	"intervals":	[{
			"streams":	[{
					"socket":	5,
					"start":	0,
					"end":	1.000286,
					"seconds":	1.0002859830856323,
					"bytes":	4849664,
					"bits_per_second":	38786219.797182389,
					"retransmits":	0,
					"snd_cwnd":	281144,
					"snd_wnd":	1208384,
					"rtt":	45018,
					"rttvar":	33720,
					"pmtu":	1500,
					"reorder":	0,
					"omitted":	false,
					"sender":	true
				}],
			"sum":	{
				"start":	0,
				"end":	1.000286,
				"seconds":	1.0002859830856323,
				"bytes":	4849664,
				"bits_per_second":	38786219.797182389,
				"retransmits":	0,
				"omitted":	false,
				"sender":	true
			}
		}, {
			"streams":	[{
					"socket":	5,
					"start":	1.000286,
					"end":	2.000301,
					"seconds":	1.0000150203704834,
					"bytes":	5242880,
					"bits_per_second":	41942410.0094627,
					"retransmits":	0,
					"snd_cwnd":	461944,
					"snd_wnd":	1897408,
					"rtt":	41531,
					"rttvar":	28269,
					"pmtu":	1500,
					"reorder":	0,
					"omitted":	false,
					"sender":	true
				}],
			"sum":	{
				"start":	1.000286,
				"end":	2.000301,
				"seconds":	1.0000150203704834,
				"bytes":	5242880,
				"bits_per_second":	41942410.0094627,
				"retransmits":	0,
				"omitted":	false,
				"sender":	true
			}
		}, {
			"streams":	[{
					"socket":	5,
					"start":	2.000301,
					"end":	3.000549,
					"seconds":	1.0002479553222656,
					"bytes":	4194304,
					"bits_per_second":	33546114.062476881,
					"retransmits":	0,
					"snd_cwnd":	652688,
					"snd_wnd":	1935616,
					"rtt":	111631,
					"rttvar":	52780,
					"pmtu":	1500,
					"reorder":	0,
					"omitted":	false,
					"sender":	true
				}],
			"sum":	{
				"start":	2.000301,
				"end":	3.000549,
				"seconds":	1.0002479553222656,
				"bytes":	4194304,
				"bits_per_second":	33546114.062476881,
				"retransmits":	0,
				"omitted":	false,
				"sender":	true
			}
		}, {
			"streams":	[{
					"socket":	5,
					"start":	3.000549,
					"end":	4.000328,
					"seconds":	0.999778985977173,
					"bytes":	6160384,
					"bits_per_second":	49293966.657872163,
					"retransmits":	0,
					"snd_cwnd":	849760,
					"snd_wnd":	1934208,
					"rtt":	52294,
					"rttvar":	8902,
					"pmtu":	1500,
					"reorder":	0,
					"omitted":	false,
					"sender":	true
				}],
			"sum":	{
				"start":	3.000549,
				"end":	4.000328,
				"seconds":	0.999778985977173,
				"bytes":	6160384,
				"bits_per_second":	49293966.657872163,
				"retransmits":	0,
				"omitted":	false,
				"sender":	true
			}
		}, {
			"streams":	[{
					"socket":	5,
					"start":	4.000328,
					"end":	5.000592,
					"seconds":	1.000264048576355,
					"bytes":	4325376,
					"bits_per_second":	34593873.536941968,
					"retransmits":	23,
					"snd_cwnd":	376968,
					"snd_wnd":	1459776,
					"rtt":	59126,
					"rttvar":	53056,
					"pmtu":	1500,
					"reorder":	0,
					"omitted":	false,
					"sender":	true
				}],
			"sum":	{
				"start":	4.000328,
				"end":	5.000592,
				"seconds":	1.000264048576355,
				"bytes":	4325376,
				"bits_per_second":	34593873.536941968,
				"retransmits":	23,
				"omitted":	false,
				"sender":	true
			}
		}, {
			"streams":	[{
					"socket":	5,
					"start":	5.000592,
					"end":	6.000236,
					"seconds":	0.99964398145675659,
					"bytes":	3538944,
					"bits_per_second":	28321635.027244672,
					"retransmits":	29,
					"snd_cwnd":	788288,
					"snd_wnd":	1915904,
					"rtt":	61812,
					"rttvar":	19907,
					"pmtu":	1500,
					"reorder":	0,
					"omitted":	false,
					"sender":	true
				}],
			"sum":	{
				"start":	5.000592,
				"end":	6.000236,
				"seconds":	0.99964398145675659,
				"bytes":	3538944,
				"bits_per_second":	28321635.027244672,
				"retransmits":	29,
				"omitted":	false,
				"sender":	true
			}
		}, {
			"streams":	[{
					"socket":	5,
					"start":	6.000236,
					"end":	7.00033,
					"seconds":	1.0000940561294556,
					"bytes":	2883584,
					"bits_per_second":	23066502.454059094,
					"retransmits":	0,
					"snd_cwnd":	858800,
					"snd_wnd":	1873984,
					"rtt":	93979,
					"rttvar":	18923,
					"pmtu":	1500,
					"reorder":	0,
					"omitted":	false,
					"sender":	true
				}],
			"sum":	{
				"start":	6.000236,
				"end":	7.00033,
				"seconds":	1.0000940561294556,
				"bytes":	2883584,
				"bits_per_second":	23066502.454059094,
				"retransmits":	0,
				"omitted":	false,
				"sender":	true
			}
		}, {
			"streams":	[{
					"socket":	5,
					"start":	7.00033,
					"end":	8.000313,
					"seconds":	0.999983012676239,
					"bytes":	4718592,
					"bits_per_second":	37749377.2608933,
					"retransmits":	0,
					"snd_cwnd":	918464,
					"snd_wnd":	1635328,
					"rtt":	129169,
					"rttvar":	81112,
					"pmtu":	1500,
					"reorder":	0,
					"omitted":	false,
					"sender":	true
				}],
			"sum":	{
				"start":	7.00033,
				"end":	8.000313,
				"seconds":	0.999983012676239,
				"bytes":	4718592,
				"bits_per_second":	37749377.2608933,
				"retransmits":	0,
				"omitted":	false,
				"sender":	true
			}
		}, {
			"streams":	[{
					"socket":	5,
					"start":	8.000313,
					"end":	9.00032,
					"seconds":	1.0000070333480835,
					"bytes":	3407872,
					"bits_per_second":	27262784.251348633,
					"retransmits":	0,
					"snd_cwnd":	962760,
					"snd_wnd":	1934912,
					"rtt":	92158,
					"rttvar":	39518,
					"pmtu":	1500,
					"reorder":	0,
					"omitted":	false,
					"sender":	true
				}],
			"sum":	{
				"start":	8.000313,
				"end":	9.00032,
				"seconds":	1.0000070333480835,
				"bytes":	3407872,
				"bits_per_second":	27262784.251348633,
				"retransmits":	0,
				"omitted":	false,
				"sender":	true
			}
		}, {
			"streams":	[{
					"socket":	5,
					"start":	9.00032,
					"end":	10.001022,
					"seconds":	1.0007020235061646,
					"bytes":	5111808,
					"bits_per_second":	40865775.265166216,
					"retransmits":	0,
					"snd_cwnd":	993496,
					"snd_wnd":	1894656,
					"rtt":	99663,
					"rttvar":	25041,
					"pmtu":	1500,
					"reorder":	0,
					"omitted":	false,
					"sender":	true
				}],
			"sum":	{
				"start":	9.00032,
				"end":	10.001022,
				"seconds":	1.0007020235061646,
				"bytes":	5111808,
				"bits_per_second":	40865775.265166216,
				"retransmits":	0,
				"omitted":	false,
				"sender":	true
			}
		}],
	"end":	{
		"streams":	[{
				"sender":	{
					"socket":	5,
					"start":	0,
					"end":	10.001022,
					"seconds":	10.001022,
					"bytes":	44433408,
					"bits_per_second":	35543093.895803846,
					"retransmits":	52,
					"reorder":	0,
					"max_snd_cwnd":	993496,
					"max_snd_wnd":	1935616,
					"max_rtt":	129169,
					"min_rtt":	41531,
					"mean_rtt":	78638,
					"sender":	true
				},
				"receiver":	{
					"socket":	5,
					"start":	0,
					"end":	10.073992,
					"seconds":	10.001022,
					"bytes":	40763392,
					"bits_per_second":	32371192.671187349,
					"sender":	true
				}
			}],
		"sum_sent":	{
			"start":	0,
			"end":	10.001022,
			"seconds":	10.001022,
			"bytes":	44433408,
			"bits_per_second":	35543093.895803846,
			"retransmits":	52,
			"sender":	true
		},
		"sum_received":	{
			"start":	0,
			"end":	10.073992,
			"seconds":	10.073992,
			"bytes":	40763392,
			"bits_per_second":	32371192.671187349,
			"sender":	true
		},
		"cpu_utilization_percent":	{
			"host_total":	0.222680496841813,
			"host_user":	0.027991676279793858,
			"host_system":	0.19468882056201917,
			"remote_total":	12.917369999216541,
			"remote_user":	0,
			"remote_system":	12.917350214897274
		},
		"sender_tcp_congestion":	"cubic",
		"receiver_tcp_congestion":	"cubic"
	}
}
{
	"start":	{
		"connected":	[{
				"socket":	5,
				"local_host":	"192.168.1.3",
				"local_port":	53288,
				"remote_host":	"192.168.1.58",
				"remote_port":	5201
			}],
		"version":	"iperf 3.20",
		"system_info":	"Linux kuroi-washi 6.19.11+kali-amd64 #1 SMP PREEMPT_DYNAMIC Kali 6.19.11-1kali1 (2026-04-09) x86_64",
		"timestamp":	{
			"time":	"Thu, 23 Apr 2026 20:25:47 GMT",
			"timesecs":	1776975947,
			"timemillisecs":	1776975947006
		},
		"connecting_to":	{
			"host":	"192.168.1.58",
			"port":	5201
		},
		"cookie":	"hajl7zl46jqbokgjmhyvgyrjmbgmpotxchtw",
		"tcp_mss":	916,
		"target_bitrate":	0,
		"fq_rate":	0,
		"sock_bufsize":	0,
		"sndbuf_actual":	16384,
		"rcvbuf_actual":	131072,
		"test_start":	{
			"protocol":	"TCP",
			"num_streams":	1,
			"blksize":	131072,
			"omit":	0,
			"duration":	10,
			"bytes":	0,
			"blocks":	0,
			"reverse":	0,
			"tos":	0,
			"target_bitrate":	0,
			"bidir":	0,
			"fqrate":	0,
			"interval":	1
		}
	},
	"intervals":	[{
			"streams":	[{
					"socket":	5,
					"start":	0,
					"end":	1.001088,
					"seconds":	1.00108802318573,
					"bytes":	4587520,
					"bits_per_second":	36660272.773227543,
					"retransmits":	0,
					"snd_cwnd":	291088,
					"snd_wnd":	1935616,
					"rtt":	37539,
					"rttvar":	18979,
					"pmtu":	1500,
					"reorder":	0,
					"omitted":	false,
					"sender":	true
				}],
			"sum":	{
				"start":	0,
				"end":	1.001088,
				"seconds":	1.00108802318573,
				"bytes":	4587520,
				"bits_per_second":	36660272.773227543,
				"retransmits":	0,
				"omitted":	false,
				"sender":	true
			}
		}, {
			"streams":	[{
					"socket":	5,
					"start":	1.001088,
					"end":	2.001037,
					"seconds":	0.99994897842407227,
					"bytes":	5636096,
					"bits_per_second":	45091068.617381126,
					"retransmits":	0,
					"snd_cwnd":	482736,
					"snd_wnd":	1935616,
					"rtt":	33729,
					"rttvar":	24702,
					"pmtu":	1500,
					"reorder":	0,
					"omitted":	false,
					"sender":	true
				}],
			"sum":	{
				"start":	1.001088,
				"end":	2.001037,
				"seconds":	0.99994897842407227,
				"bytes":	5636096,
				"bits_per_second":	45091068.617381126,
				"retransmits":	0,
				"omitted":	false,
				"sender":	true
			}
		}, {
			"streams":	[{
					"socket":	5,
					"start":	2.001037,
					"end":	3.001071,
					"seconds":	1.000033974647522,
					"bytes":	4456448,
					"bits_per_second":	35650372.7911504,
					"retransmits":	0,
					"snd_cwnd":	642744,
					"snd_wnd":	1935616,
					"rtt":	43138,
					"rttvar":	33782,
					"pmtu":	1500,
					"reorder":	0,
					"omitted":	false,
					"sender":	true
				}],
			"sum":	{
				"start":	2.001037,
				"end":	3.001071,
				"seconds":	1.000033974647522,
				"bytes":	4456448,
				"bits_per_second":	35650372.7911504,
				"retransmits":	0,
				"omitted":	false,
				"sender":	true
			}
		}, {
			"streams":	[{
					"socket":	5,
					"start":	3.001071,
					"end":	4.00113,
					"seconds":	1.0000590085983276,
					"bytes":	4718592,
					"bits_per_second":	37746508.6314339,
					"retransmits":	0,
					"snd_cwnd":	811792,
					"snd_wnd":	1935616,
					"rtt":	67563,
					"rttvar":	55753,
					"pmtu":	1500,
					"reorder":	0,
					"omitted":	false,
					"sender":	true
				}],
			"sum":	{
				"start":	3.001071,
				"end":	4.00113,
				"seconds":	1.0000590085983276,
				"bytes":	4718592,
				"bits_per_second":	37746508.6314339,
				"retransmits":	0,
				"omitted":	false,
				"sender":	true
			}
		}, {
			"streams":	[{
					"socket":	5,
					"start":	4.00113,
					"end":	5.00113,
					"seconds":	1,
					"bytes":	3014656,
					"bits_per_second":	24117248,
					"retransmits":	0,
					"snd_cwnd":	976320,
					"snd_wnd":	1867008,
					"rtt":	145133,
					"rttvar":	113263,
					"pmtu":	1500,
					"reorder":	0,
					"omitted":	false,
					"sender":	true
				}],
			"sum":	{
				"start":	4.00113,
				"end":	5.00113,
				"seconds":	1,
				"bytes":	3014656,
				"bits_per_second":	24117248,
				"retransmits":	0,
				"omitted":	false,
				"sender":	true
			}
		}, {
			"streams":	[{
					"socket":	5,
					"start":	5.00113,
					"end":	6.001105,
					"seconds":	0.999975025653839,
					"bytes":	5636096,
					"bits_per_second":	45089894.090623379,
					"retransmits":	0,
					"snd_cwnd":	1170680,
					"snd_wnd":	1935616,
					"rtt":	78456,
					"rttvar":	41377,
					"pmtu":	1500,
					"reorder":	0,
					"omitted":	false,
					"sender":	true
				}],
			"sum":	{
				"start":	5.00113,
				"end":	6.001105,
				"seconds":	0.999975025653839,
				"bytes":	5636096,
				"bits_per_second":	45089894.090623379,
				"retransmits":	0,
				"omitted":	false,
				"sender":	true
			}
		}, {
			"streams":	[{
					"socket":	5,
					"start":	6.001105,
					"end":	7.0011,
					"seconds":	0.999994993209839,
					"bytes":	3276800,
					"bits_per_second":	26214531.250657145,
					"retransmits":	0,
					"snd_cwnd":	1295432,
					"snd_wnd":	1935616,
					"rtt":	124943,
					"rttvar":	63736,
					"pmtu":	1500,
					"reorder":	0,
					"omitted":	false,
					"sender":	true
				}],
			"sum":	{
				"start":	6.001105,
				"end":	7.0011,
				"seconds":	0.999994993209839,
				"bytes":	3276800,
				"bits_per_second":	26214531.250657145,
				"retransmits":	0,
				"omitted":	false,
				"sender":	true
			}
		}, {
			"streams":	[{
					"socket":	5,
					"start":	7.0011,
					"end":	8.001122,
					"seconds":	1.0000220537185669,
					"bytes":	4587520,
					"bits_per_second":	36699350.642849334,
					"retransmits":	0,
					"snd_cwnd":	1483464,
					"snd_wnd":	1651456,
					"rtt":	101987,
					"rttvar":	33990,
					"pmtu":	1500,
					"reorder":	0,
					"omitted":	false,
					"sender":	true
				}],
			"sum":	{
				"start":	7.0011,
				"end":	8.001122,
				"seconds":	1.0000220537185669,
				"bytes":	4587520,
				"bits_per_second":	36699350.642849334,
				"retransmits":	0,
				"omitted":	false,
				"sender":	true
			}
		}, {
			"streams":	[{
					"socket":	5,
					"start":	8.001122,
					"end":	9.001128,
					"seconds":	1.0000059604644775,
					"bytes":	4456448,
					"bits_per_second":	35651371.5012666,
					"retransmits":	0,
					"snd_cwnd":	1557592,
					"snd_wnd":	1855040,
					"rtt":	91978,
					"rttvar":	29746,
					"pmtu":	1500,
					"reorder":	0,
					"omitted":	false,
					"sender":	true
				}],
			"sum":	{
				"start":	8.001122,
				"end":	9.001128,
				"seconds":	1.0000059604644775,
				"bytes":	4456448,
				"bits_per_second":	35651371.5012666,
				"retransmits":	0,
				"omitted":	false,
				"sender":	true
			}
		}, {
			"streams":	[{
					"socket":	5,
					"start":	9.001128,
					"end":	10.00141,
					"seconds":	1.0002820491790771,
					"bytes":	3801088,
					"bits_per_second":	30400129.668383192,
					"retransmits":	0,
					"snd_cwnd":	1636240,
					"snd_wnd":	1935616,
					"rtt":	99025,
					"rttvar":	63923,
					"pmtu":	1500,
					"reorder":	0,
					"omitted":	false,
					"sender":	true
				}],
			"sum":	{
				"start":	9.001128,
				"end":	10.00141,
				"seconds":	1.0002820491790771,
				"bytes":	3801088,
				"bits_per_second":	30400129.668383192,
				"retransmits":	0,
				"omitted":	false,
				"sender":	true
			}
		}],
	"end":	{
		"streams":	[{
				"sender":	{
					"socket":	5,
					"start":	0,
					"end":	10.00141,
					"seconds":	10.00141,
					"bytes":	44171264,
					"bits_per_second":	35332029.383856878,
					"retransmits":	0,
					"reorder":	0,
					"max_snd_cwnd":	1636240,
					"max_snd_wnd":	1935616,
					"max_rtt":	145133,
					"min_rtt":	33729,
					"mean_rtt":	82349,
					"sender":	true
				},
				"receiver":	{
					"socket":	5,
					"start":	0,
					"end":	10.384117,
					"seconds":	10.00141,
					"bytes":	41418752,
					"bits_per_second":	31909310.729068249,
					"sender":	true
				}
			}],
		"sum_sent":	{
			"start":	0,
			"end":	10.00141,
			"seconds":	10.00141,
			"bytes":	44171264,
			"bits_per_second":	35332029.383856878,
			"retransmits":	0,
			"sender":	true
		},
		"sum_received":	{
			"start":	0,
			"end":	10.384117,
			"seconds":	10.384117,
			"bytes":	41418752,
			"bits_per_second":	31909310.729068249,
			"sender":	true
		},
		"cpu_utilization_percent":	{
			"host_total":	0.19391675765057625,
			"host_user":	0.036741494657124611,
			"host_system":	0.15715538123227354,
			"remote_total":	11.671549157338422,
			"remote_user":	0.10298343856604511,
			"remote_system":	11.568536922955833
		},
		"sender_tcp_congestion":	"cubic",
		"receiver_tcp_congestion":	"cubic"
	}
}
{
	"start":	{
		"connected":	[{
				"socket":	5,
				"local_host":	"192.168.1.3",
				"local_port":	55936,
				"remote_host":	"192.168.1.58",
				"remote_port":	5201
			}],
		"version":	"iperf 3.20",
		"system_info":	"Linux kuroi-washi 6.19.11+kali-amd64 #1 SMP PREEMPT_DYNAMIC Kali 6.19.11-1kali1 (2026-04-09) x86_64",
		"timestamp":	{
			"time":	"Thu, 23 Apr 2026 20:25:57 GMT",
			"timesecs":	1776975957,
			"timemillisecs":	1776975957521
		},
		"connecting_to":	{
			"host":	"192.168.1.58",
			"port":	5201
		},
		"cookie":	"f47hkaffilhtvkifbjx5hm2x26u47h6bws4v",
		"tcp_mss":	916,
		"target_bitrate":	0,
		"fq_rate":	0,
		"sock_bufsize":	0,
		"sndbuf_actual":	16384,
		"rcvbuf_actual":	131072,
		"test_start":	{
			"protocol":	"TCP",
			"num_streams":	1,
			"blksize":	131072,
			"omit":	0,
			"duration":	10,
			"bytes":	0,
			"blocks":	0,
			"reverse":	0,
			"tos":	0,
			"target_bitrate":	0,
			"bidir":	0,
			"fqrate":	0,
			"interval":	1
		}
	},
	"intervals":	[{
			"streams":	[{
					"socket":	5,
					"start":	0,
					"end":	1.001132,
					"seconds":	1.0011320114135742,
					"bytes":	4849664,
					"bits_per_second":	38753442.660592914,
					"retransmits":	0,
					"snd_cwnd":	291992,
					"snd_wnd":	1935616,
					"rtt":	31391,
					"rttvar":	6170,
					"pmtu":	1500,
					"reorder":	0,
					"omitted":	false,
					"sender":	true
				}],
			"sum":	{
				"start":	0,
				"end":	1.001132,
				"seconds":	1.0011320114135742,
				"bytes":	4849664,
				"bits_per_second":	38753442.660592914,
				"retransmits":	0,
				"omitted":	false,
				"sender":	true
			}
		}, {
			"streams":	[{
					"socket":	5,
					"start":	1.001132,
					"end":	2.001136,
					"seconds":	1.0000040531158447,
					"bytes":	4849664,
					"bits_per_second":	38797154.750637352,
					"retransmits":	0,
					"snd_cwnd":	472792,
					"snd_wnd":	1853696,
					"rtt":	45124,
					"rttvar":	24479,
					"pmtu":	1500,
					"reorder":	0,
					"omitted":	false,
					"sender":	true
				}],
			"sum":	{
				"start":	1.001132,
				"end":	2.001136,
				"seconds":	1.0000040531158447,
				"bytes":	4849664,
				"bits_per_second":	38797154.750637352,
				"retransmits":	0,
				"omitted":	false,
				"sender":	true
			}
		}, {
			"streams":	[{
					"socket":	5,
					"start":	2.001136,
					"end":	3.001064,
					"seconds":	0.99992799758911133,
					"bytes":	5898240,
					"bits_per_second":	47189317.7446458,
					"retransmits":	0,
					"snd_cwnd":	678000,
					"snd_wnd":	1935616,
					"rtt":	55246,
					"rttvar":	38231,
					"pmtu":	1500,
					"reorder":	0,
					"omitted":	false,
					"sender":	true
				}],
			"sum":	{
				"start":	2.001136,
				"end":	3.001064,
				"seconds":	0.99992799758911133,
				"bytes":	5898240,
				"bits_per_second":	47189317.7446458,
				"retransmits":	0,
				"omitted":	false,
				"sender":	true
			}
		}, {
			"streams":	[{
					"socket":	5,
					"start":	3.001064,
					"end":	4.001143,
					"seconds":	1.0000790357589722,
					"bytes":	3407872,
					"bits_per_second":	27260821.420288842,
					"retransmits":	0,
					"snd_cwnd":	847952,
					"snd_wnd":	1935616,
					"rtt":	72129,
					"rttvar":	35239,
					"pmtu":	1500,
					"reorder":	0,
					"omitted":	false,
					"sender":	true
				}],
			"sum":	{
				"start":	3.001064,
				"end":	4.001143,
				"seconds":	1.0000790357589722,
				"bytes":	3407872,
				"bits_per_second":	27260821.420288842,
				"retransmits":	0,
				"omitted":	false,
				"sender":	true
			}
		}, {
			"streams":	[{
					"socket":	5,
					"start":	4.001143,
					"end":	5.001151,
					"seconds":	1.0000079870224,
					"bytes":	3670016,
					"bits_per_second":	29359893.501872942,
					"retransmits":	0,
					"snd_cwnd":	993496,
					"snd_wnd":	1935616,
					"rtt":	84374,
					"rttvar":	79110,
					"pmtu":	1500,
					"reorder":	0,
					"omitted":	false,
					"sender":	true
				}],
			"sum":	{
				"start":	4.001143,
				"end":	5.001151,
				"seconds":	1.0000079870224,
				"bytes":	3670016,
				"bits_per_second":	29359893.501872942,
				"retransmits":	0,
				"omitted":	false,
				"sender":	true
			}
		}, {
			"streams":	[{
					"socket":	5,
					"start":	5.001151,
					"end":	6.001033,
					"seconds":	0.99988198280334473,
					"bytes":	5898240,
					"bits_per_second":	47191489.407285832,
					"retransmits":	0,
					"snd_cwnd":	1187856,
					"snd_wnd":	1935616,
					"rtt":	90054,
					"rttvar":	63881,
					"pmtu":	1500,
					"reorder":	0,
					"omitted":	false,
					"sender":	true
				}],
			"sum":	{
				"start":	5.001151,
				"end":	6.001033,
				"seconds":	0.99988198280334473,
				"bytes":	5898240,
				"bits_per_second":	47191489.407285832,
				"retransmits":	0,
				"omitted":	false,
				"sender":	true
			}
		}, {
			"streams":	[{
					"socket":	5,
					"start":	6.001033,
					"end":	7.000948,
					"seconds":	0.99991500377655029,
					"bytes":	3145728,
					"bits_per_second":	25167963.181822374,
					"retransmits":	0,
					"snd_cwnd":	1351480,
					"snd_wnd":	1542336,
					"rtt":	156157,
					"rttvar":	81268,
					"pmtu":	1500,
					"reorder":	0,
					"omitted":	false,
					"sender":	true
				}],
			"sum":	{
				"start":	6.001033,
				"end":	7.000948,
				"seconds":	0.99991500377655029,
				"bytes":	3145728,
				"bits_per_second":	25167963.181822374,
				"retransmits":	0,
				"omitted":	false,
				"sender":	true
			}
		}, {
			"streams":	[{
					"socket":	5,
					"start":	7.000948,
					"end":	8.001088,
					"seconds":	1.0001399517059326,
					"bytes":	4718592,
					"bits_per_second":	37743453.7392614,
					"retransmits":	0,
					"snd_cwnd":	1503352,
					"snd_wnd":	1935616,
					"rtt":	94726,
					"rttvar":	13990,
					"pmtu":	1500,
					"reorder":	0,
					"omitted":	false,
					"sender":	true
				}],
			"sum":	{
				"start":	7.000948,
				"end":	8.001088,
				"seconds":	1.0001399517059326,
				"bytes":	4718592,
				"bits_per_second":	37743453.7392614,
				"retransmits":	0,
				"omitted":	false,
				"sender":	true
			}
		}, {
			"streams":	[{
					"socket":	5,
					"start":	8.001088,
					"end":	9.001146,
					"seconds":	1.0000580549240112,
					"bytes":	3145728,
					"bits_per_second":	25164363.084813319,
					"retransmits":	0,
					"snd_cwnd":	1629008,
					"snd_wnd":	1935616,
					"rtt":	156138,
					"rttvar":	14159,
					"pmtu":	1500,
					"reorder":	0,
					"omitted":	false,
					"sender":	true
				}],
			"sum":	{
				"start":	8.001088,
				"end":	9.001146,
				"seconds":	1.0000580549240112,
				"bytes":	3145728,
				"bits_per_second":	25164363.084813319,
				"retransmits":	0,
				"omitted":	false,
				"sender":	true
			}
		}, {
			"streams":	[{
					"socket":	5,
					"start":	9.001146,
					"end":	10.001783,
					"seconds":	1.0006370544433594,
					"bytes":	5898240,
					"bits_per_second":	47155879.137664832,
					"retransmits":	0,
					"snd_cwnd":	1892976,
					"snd_wnd":	1935616,
					"rtt":	351414,
					"rttvar":	36187,
					"pmtu":	1500,
					"reorder":	0,
					"omitted":	false,
					"sender":	true
				}],
			"sum":	{
				"start":	9.001146,
				"end":	10.001783,
				"seconds":	1.0006370544433594,
				"bytes":	5898240,
				"bits_per_second":	47155879.137664832,
				"retransmits":	0,
				"omitted":	false,
				"sender":	true
			}
		}],
	"end":	{
		"streams":	[{
				"sender":	{
					"socket":	5,
					"start":	0,
					"end":	10.001783,
					"seconds":	10.001783,
					"bytes":	45481984,
					"bits_per_second":	36379100.806326233,
					"retransmits":	0,
					"reorder":	0,
					"max_snd_cwnd":	1892976,
					"max_snd_wnd":	1935616,
					"max_rtt":	351414,
					"min_rtt":	31391,
					"mean_rtt":	113675,
					"sender":	true
				},
				"receiver":	{
					"socket":	5,
					"start":	0,
					"end":	10.32808,
					"seconds":	10.001783,
					"bytes":	43515904,
					"bits_per_second":	33706868.265931323,
					"sender":	true
				}
			}],
		"sum_sent":	{
			"start":	0,
			"end":	10.001783,
			"seconds":	10.001783,
			"bytes":	45481984,
			"bits_per_second":	36379100.806326233,
			"retransmits":	0,
			"sender":	true
		},
		"sum_received":	{
			"start":	0,
			"end":	10.32808,
			"seconds":	10.32808,
			"bytes":	43515904,
			"bits_per_second":	33706868.265931323,
			"sender":	true
		},
		"cpu_utilization_percent":	{
			"host_total":	0.22767848267361179,
			"host_user":	0.011610568798584464,
			"host_system":	0.2160579733195491,
			"remote_total":	13.773450232293522,
			"remote_user":	0.54202787213263748,
			"remote_system":	13.23144167208849
		},
		"sender_tcp_congestion":	"cubic",
		"receiver_tcp_congestion":	"cubic"
	}
}
{
	"start":	{
		"connected":	[{
				"socket":	5,
				"local_host":	"192.168.1.3",
				"local_port":	39670,
				"remote_host":	"192.168.1.58",
				"remote_port":	5201
			}],
		"version":	"iperf 3.20",
		"system_info":	"Linux kuroi-washi 6.19.11+kali-amd64 #1 SMP PREEMPT_DYNAMIC Kali 6.19.11-1kali1 (2026-04-09) x86_64",
		"timestamp":	{
			"time":	"Thu, 23 Apr 2026 20:26:08 GMT",
			"timesecs":	1776975968,
			"timemillisecs":	1776975968378
		},
		"connecting_to":	{
			"host":	"192.168.1.58",
			"port":	5201
		},
		"cookie":	"hnhmzpnukmgvcy2bs2zcq3kbw46uuxnbgffk",
		"tcp_mss":	916,
		"target_bitrate":	0,
		"fq_rate":	0,
		"sock_bufsize":	0,
		"sndbuf_actual":	16384,
		"rcvbuf_actual":	131072,
		"test_start":	{
			"protocol":	"TCP",
			"num_streams":	1,
			"blksize":	131072,
			"omit":	0,
			"duration":	10,
			"bytes":	0,
			"blocks":	0,
			"reverse":	0,
			"tos":	0,
			"target_bitrate":	0,
			"bidir":	0,
			"fqrate":	0,
			"interval":	1
		}
	},
	"intervals":	[{
			"streams":	[{
					"socket":	5,
					"start":	0,
					"end":	1.001062,
					"seconds":	1.0010620355606079,
					"bytes":	5636096,
					"bits_per_second":	45040932.927548,
					"retransmits":	0,
					"snd_cwnd":	300128,
					"snd_wnd":	1935616,
					"rtt":	36546,
					"rttvar":	9168,
					"pmtu":	1500,
					"reorder":	0,
					"omitted":	false,
					"sender":	true
				}],
			"sum":	{
				"start":	0,
				"end":	1.001062,
				"seconds":	1.0010620355606079,
				"bytes":	5636096,
				"bits_per_second":	45040932.927548,
				"retransmits":	0,
				"omitted":	false,
				"sender":	true
			}
		}, {
			"streams":	[{
					"socket":	5,
					"start":	1.001062,
					"end":	2.001061,
					"seconds":	0.99999898672103882,
					"bytes":	5636096,
					"bits_per_second":	45088813.6875463,
					"retransmits":	0,
					"snd_cwnd":	540592,
					"snd_wnd":	1931520,
					"rtt":	85612,
					"rttvar":	43203,
					"pmtu":	1500,
					"reorder":	0,
					"omitted":	false,
					"sender":	true
				}],
			"sum":	{
				"start":	1.001062,
				"end":	2.001061,
				"seconds":	0.99999898672103882,
				"bytes":	5636096,
				"bits_per_second":	45088813.6875463,
				"retransmits":	0,
				"omitted":	false,
				"sender":	true
			}
		}, {
			"streams":	[{
					"socket":	5,
					"start":	2.001061,
					"end":	3.001141,
					"seconds":	1.0000799894332886,
					"bytes":	4980736,
					"bits_per_second":	39842701.004925929,
					"retransmits":	0,
					"snd_cwnd":	716872,
					"snd_wnd":	1935616,
					"rtt":	77538,
					"rttvar":	58163,
					"pmtu":	1500,
					"reorder":	0,
					"omitted":	false,
					"sender":	true
				}],
			"sum":	{
				"start":	2.001061,
				"end":	3.001141,
				"seconds":	1.0000799894332886,
				"bytes":	4980736,
				"bits_per_second":	39842701.004925929,
				"retransmits":	0,
				"omitted":	false,
				"sender":	true
			}
		}, {
			"streams":	[{
					"socket":	5,
					"start":	3.001141,
					"end":	4.001137,
					"seconds":	0.9999960064888,
					"bytes":	4849664,
					"bits_per_second":	38797466.938118748,
					"retransmits":	0,
					"snd_cwnd":	889536,
					"snd_wnd":	1909440,
					"rtt":	78763,
					"rttvar":	42636,
					"pmtu":	1500,
					"reorder":	0,
					"omitted":	false,
					"sender":	true
				}],
			"sum":	{
				"start":	3.001141,
				"end":	4.001137,
				"seconds":	0.9999960064888,
				"bytes":	4849664,
				"bits_per_second":	38797466.938118748,
				"retransmits":	0,
				"omitted":	false,
				"sender":	true
			}
		}, {
			"streams":	[{
					"socket":	5,
					"start":	4.001137,
					"end":	5.001141,
					"seconds":	1.0000040531158447,
					"bytes":	2883584,
					"bits_per_second":	23068578.500378966,
					"retransmits":	0,
					"snd_cwnd":	1045928,
					"snd_wnd":	1935616,
					"rtt":	96131,
					"rttvar":	90163,
					"pmtu":	1500,
					"reorder":	0,
					"omitted":	false,
					"sender":	true
				}],
			"sum":	{
				"start":	4.001137,
				"end":	5.001141,
				"seconds":	1.0000040531158447,
				"bytes":	2883584,
				"bits_per_second":	23068578.500378966,
				"retransmits":	0,
				"omitted":	false,
				"sender":	true
			}
		}, {
			"streams":	[{
					"socket":	5,
					"start":	5.001141,
					"end":	6.00036,
					"seconds":	0.999219000339508,
					"bytes":	4587520,
					"bits_per_second":	36728845.215643682,
					"retransmits":	0,
					"snd_cwnd":	1216784,
					"snd_wnd":	1935616,
					"rtt":	205789,
					"rttvar":	21713,
					"pmtu":	1500,
					"reorder":	0,
					"omitted":	false,
					"sender":	true
				}],
			"sum":	{
				"start":	5.001141,
				"end":	6.00036,
				"seconds":	0.999219000339508,
				"bytes":	4587520,
				"bits_per_second":	36728845.215643682,
				"retransmits":	0,
				"omitted":	false,
				"sender":	true
			}
		}, {
			"streams":	[{
					"socket":	5,
					"start":	6.00036,
					"end":	7.001086,
					"seconds":	1.0007259845733643,
					"bytes":	4456448,
					"bits_per_second":	35625720.276664153,
					"retransmits":	0,
					"snd_cwnd":	1409336,
					"snd_wnd":	1868416,
					"rtt":	114550,
					"rttvar":	92873,
					"pmtu":	1500,
					"reorder":	0,
					"omitted":	false,
					"sender":	true
				}],
			"sum":	{
				"start":	6.00036,
				"end":	7.001086,
				"seconds":	1.0007259845733643,
				"bytes":	4456448,
				"bits_per_second":	35625720.276664153,
				"retransmits":	0,
				"omitted":	false,
				"sender":	true
			}
		}, {
			"streams":	[{
					"socket":	5,
					"start":	7.001086,
					"end":	8.001068,
					"seconds":	0.99998199939727783,
					"bytes":	4456448,
					"bits_per_second":	35652225.7615521,
					"retransmits":	0,
					"snd_cwnd":	1572056,
					"snd_wnd":	1935616,
					"rtt":	91532,
					"rttvar":	80385,
					"pmtu":	1500,
					"reorder":	0,
					"omitted":	false,
					"sender":	true
				}],
			"sum":	{
				"start":	7.001086,
				"end":	8.001068,
				"seconds":	0.99998199939727783,
				"bytes":	4456448,
				"bits_per_second":	35652225.7615521,
				"retransmits":	0,
				"omitted":	false,
				"sender":	true
			}
		}, {
			"streams":	[{
					"socket":	5,
					"start":	8.001068,
					"end":	9.001102,
					"seconds":	1.000033974647522,
					"bytes":	3670016,
					"bits_per_second":	29359130.53388856,
					"retransmits":	0,
					"snd_cwnd":	1651608,
					"snd_wnd":	518528,
					"rtt":	282775,
					"rttvar":	177921,
					"pmtu":	1500,
					"reorder":	0,
					"omitted":	false,
					"sender":	true
				}],
			"sum":	{
				"start":	8.001068,
				"end":	9.001102,
				"seconds":	1.000033974647522,
				"bytes":	3670016,
				"bits_per_second":	29359130.53388856,
				"retransmits":	0,
				"omitted":	false,
				"sender":	true
			}
		}, {
			"streams":	[{
					"socket":	5,
					"start":	9.001102,
					"end":	10.001494,
					"seconds":	1.000391960144043,
					"bytes":	5242880,
					"bits_per_second":	41926606.441300035,
					"retransmits":	0,
					"snd_cwnd":	1651608,
					"snd_wnd":	576384,
					"rtt":	235492,
					"rttvar":	178719,
					"pmtu":	1500,
					"reorder":	0,
					"omitted":	false,
					"sender":	true
				}],
			"sum":	{
				"start":	9.001102,
				"end":	10.001494,
				"seconds":	1.000391960144043,
				"bytes":	5242880,
				"bits_per_second":	41926606.441300035,
				"retransmits":	0,
				"omitted":	false,
				"sender":	true
			}
		}],
	"end":	{
		"streams":	[{
				"sender":	{
					"socket":	5,
					"start":	0,
					"end":	10.001494,
					"seconds":	10.001494,
					"bytes":	46399488,
					"bits_per_second":	37114045.5615931,
					"retransmits":	0,
					"reorder":	0,
					"max_snd_cwnd":	1651608,
					"max_snd_wnd":	1935616,
					"max_rtt":	282775,
					"min_rtt":	36546,
					"mean_rtt":	130472,
					"sender":	true
				},
				"receiver":	{
					"socket":	5,
					"start":	0,
					"end":	10.055375,
					"seconds":	10.001494,
					"bytes":	41156608,
					"bits_per_second":	32743966.684484668,
					"sender":	true
				}
			}],
		"sum_sent":	{
			"start":	0,
			"end":	10.001494,
			"seconds":	10.001494,
			"bytes":	46399488,
			"bits_per_second":	37114045.5615931,
			"retransmits":	0,
			"sender":	true
		},
		"sum_received":	{
			"start":	0,
			"end":	10.055375,
			"seconds":	10.055375,
			"bytes":	41156608,
			"bits_per_second":	32743966.684484668,
			"sender":	true
		},
		"cpu_utilization_percent":	{
			"host_total":	0.21730961550314232,
			"host_user":	0,
			"host_system":	0.21728973356210821,
			"remote_total":	12.945505025956406,
			"remote_user":	0.43643594393384466,
			"remote_system":	12.509049258892457
		},
		"sender_tcp_congestion":	"cubic",
		"receiver_tcp_congestion":	"cubic"
	}
}
{
	"start":	{
		"connected":	[{
				"socket":	5,
				"local_host":	"192.168.1.3",
				"local_port":	32844,
				"remote_host":	"192.168.1.58",
				"remote_port":	5201
			}],
		"version":	"iperf 3.20",
		"system_info":	"Linux kuroi-washi 6.19.11+kali-amd64 #1 SMP PREEMPT_DYNAMIC Kali 6.19.11-1kali1 (2026-04-09) x86_64",
		"timestamp":	{
			"time":	"Thu, 23 Apr 2026 20:26:18 GMT",
			"timesecs":	1776975978,
			"timemillisecs":	1776975978692
		},
		"connecting_to":	{
			"host":	"192.168.1.58",
			"port":	5201
		},
		"cookie":	"sikvmej6chdgwtllmg5myn3gp6pkp3yobk54",
		"tcp_mss":	916,
		"target_bitrate":	0,
		"fq_rate":	0,
		"sock_bufsize":	0,
		"sndbuf_actual":	16384,
		"rcvbuf_actual":	131072,
		"test_start":	{
			"protocol":	"TCP",
			"num_streams":	1,
			"blksize":	131072,
			"omit":	0,
			"duration":	10,
			"bytes":	0,
			"blocks":	0,
			"reverse":	0,
			"tos":	0,
			"target_bitrate":	0,
			"bidir":	0,
			"fqrate":	0,
			"interval":	1
		}
	},
	"intervals":	[{
			"streams":	[{
					"socket":	5,
					"start":	0,
					"end":	1.001066,
					"seconds":	1.0010659694671631,
					"bytes":	4849664,
					"bits_per_second":	38755999.2880895,
					"retransmits":	0,
					"snd_cwnd":	273008,
					"snd_wnd":	1752128,
					"rtt":	36697,
					"rttvar":	29113,
					"pmtu":	1500,
					"reorder":	0,
					"omitted":	false,
					"sender":	true
				}],
			"sum":	{
				"start":	0,
				"end":	1.001066,
				"seconds":	1.0010659694671631,
				"bytes":	4849664,
				"bits_per_second":	38755999.2880895,
				"retransmits":	0,
				"omitted":	false,
				"sender":	true
			}
		}, {
			"streams":	[{
					"socket":	5,
					"start":	1.001066,
					"end":	2.001137,
					"seconds":	1.0000710487365723,
					"bytes":	5242880,
					"bits_per_second":	41940060.2117102,
					"retransmits":	0,
					"snd_cwnd":	456520,
					"snd_wnd":	1935616,
					"rtt":	60399,
					"rttvar":	11898,
					"pmtu":	1500,
					"reorder":	0,
					"omitted":	false,
					"sender":	true
				}],
			"sum":	{
				"start":	1.001066,
				"end":	2.001137,
				"seconds":	1.0000710487365723,
				"bytes":	5242880,
				"bits_per_second":	41940060.2117102,
				"retransmits":	0,
				"omitted":	false,
				"sender":	true
			}
		}, {
			"streams":	[{
					"socket":	5,
					"start":	2.001137,
					"end":	3.001073,
					"seconds":	0.99993598461151123,
					"bytes":	4456448,
					"bits_per_second":	35653866.396108471,
					"retransmits":	0,
					"snd_cwnd":	649072,
					"snd_wnd":	1568896,
					"rtt":	116381,
					"rttvar":	63647,
					"pmtu":	1500,
					"reorder":	0,
					"omitted":	false,
					"sender":	true
				}],
			"sum":	{
				"start":	2.001137,
				"end":	3.001073,
				"seconds":	0.99993598461151123,
				"bytes":	4456448,
				"bits_per_second":	35653866.396108471,
				"retransmits":	0,
				"omitted":	false,
				"sender":	true
			}
		}, {
			"streams":	[{
					"socket":	5,
					"start":	3.001073,
					"end":	4.00114,
					"seconds":	1.0000669956207275,
					"bytes":	4587520,
					"bits_per_second":	36697701.414714448,
					"retransmits":	0,
					"snd_cwnd":	800944,
					"snd_wnd":	1934848,
					"rtt":	55495,
					"rttvar":	28612,
					"pmtu":	1500,
					"reorder":	0,
					"omitted":	false,
					"sender":	true
				}],
			"sum":	{
				"start":	3.001073,
				"end":	4.00114,
				"seconds":	1.0000669956207275,
				"bytes":	4587520,
				"bits_per_second":	36697701.414714448,
				"retransmits":	0,
				"omitted":	false,
				"sender":	true
			}
		}, {
			"streams":	[{
					"socket":	5,
					"start":	4.00114,
					"end":	5.001138,
					"seconds":	0.99999797344207764,
					"bytes":	4587520,
					"bits_per_second":	36700234.375150725,
					"retransmits":	0,
					"snd_cwnd":	947392,
					"snd_wnd":	1924288,
					"rtt":	72731,
					"rttvar":	25195,
					"pmtu":	1500,
					"reorder":	0,
					"omitted":	false,
					"sender":	true
				}],
			"sum":	{
				"start":	4.00114,
				"end":	5.001138,
				"seconds":	0.99999797344207764,
				"bytes":	4587520,
				"bits_per_second":	36700234.375150725,
				"retransmits":	0,
				"omitted":	false,
				"sender":	true
			}
		}, {
			"streams":	[{
					"socket":	5,
					"start":	5.001138,
					"end":	6.00114,
					"seconds":	1.0000020265579224,
					"bytes":	4325376,
					"bits_per_second":	34602937.875142112,
					"retransmits":	0,
					"snd_cwnd":	1111016,
					"snd_wnd":	1771264,
					"rtt":	94121,
					"rttvar":	29628,
					"pmtu":	1500,
					"reorder":	0,
					"omitted":	false,
					"sender":	true
				}],
			"sum":	{
				"start":	5.001138,
				"end":	6.00114,
				"seconds":	1.0000020265579224,
				"bytes":	4325376,
				"bits_per_second":	34602937.875142112,
				"retransmits":	0,
				"omitted":	false,
				"sender":	true
			}
		}, {
			"streams":	[{
					"socket":	5,
					"start":	6.00114,
					"end":	7.001147,
					"seconds":	1.0000070333480835,
					"bytes":	3276800,
					"bits_per_second":	26214215.626296766,
					"retransmits":	0,
					"snd_cwnd":	1240288,
					"snd_wnd":	1883584,
					"rtt":	97666,
					"rttvar":	34083,
					"pmtu":	1500,
					"reorder":	0,
					"omitted":	false,
					"sender":	true
				}],
			"sum":	{
				"start":	6.00114,
				"end":	7.001147,
				"seconds":	1.0000070333480835,
				"bytes":	3276800,
				"bits_per_second":	26214215.626296766,
				"retransmits":	0,
				"omitted":	false,
				"sender":	true
			}
		}, {
			"streams":	[{
					"socket":	5,
					"start":	7.001147,
					"end":	8.001133,
					"seconds":	0.99998599290847778,
					"bytes":	5242880,
					"bits_per_second":	41943627.508229278,
					"retransmits":	0,
					"snd_cwnd":	1425608,
					"snd_wnd":	1766848,
					"rtt":	110346,
					"rttvar":	30121,
					"pmtu":	1500,
					"reorder":	0,
					"omitted":	false,
					"sender":	true
				}],
			"sum":	{
				"start":	7.001147,
				"end":	8.001133,
				"seconds":	0.99998599290847778,
				"bytes":	5242880,
				"bits_per_second":	41943627.508229278,
				"retransmits":	0,
				"omitted":	false,
				"sender":	true
			}
		}, {
			"streams":	[{
					"socket":	5,
					"start":	8.001133,
					"end":	9.001141,
					"seconds":	1.0000079870224,
					"bytes":	3932160,
					"bits_per_second":	31457028.752006724,
					"retransmits":	0,
					"snd_cwnd":	1579288,
					"snd_wnd":	1935616,
					"rtt":	87640,
					"rttvar":	72302,
					"pmtu":	1500,
					"reorder":	0,
					"omitted":	false,
					"sender":	true
				}],
			"sum":	{
				"start":	8.001133,
				"end":	9.001141,
				"seconds":	1.0000079870224,
				"bytes":	3932160,
				"bits_per_second":	31457028.752006724,
				"retransmits":	0,
				"omitted":	false,
				"sender":	true
			}
		}, {
			"streams":	[{
					"socket":	5,
					"start":	9.001141,
					"end":	10.001832,
					"seconds":	1.0006910562515259,
					"bytes":	3276800,
					"bits_per_second":	26196296.885270607,
					"retransmits":	312,
					"snd_cwnd":	134696,
					"snd_wnd":	1608896,
					"rtt":	24838,
					"rttvar":	6259,
					"pmtu":	1500,
					"reorder":	0,
					"omitted":	false,
					"sender":	true
				}],
			"sum":	{
				"start":	9.001141,
				"end":	10.001832,
				"seconds":	1.0006910562515259,
				"bytes":	3276800,
				"bits_per_second":	26196296.885270607,
				"retransmits":	312,
				"omitted":	false,
				"sender":	true
			}
		}],
	"end":	{
		"streams":	[{
				"sender":	{
					"socket":	5,
					"start":	0,
					"end":	10.001832,
					"seconds":	10.001832,
					"bytes":	43778048,
					"bits_per_second":	35016023.4645013,
					"retransmits":	312,
					"reorder":	0,
					"max_snd_cwnd":	1579288,
					"max_snd_wnd":	1935616,
					"max_rtt":	116381,
					"min_rtt":	24838,
					"mean_rtt":	75631,
					"sender":	true
				},
				"receiver":	{
					"socket":	5,
					"start":	0,
					"end":	10.03948,
					"seconds":	10.001832,
					"bytes":	40763392,
					"bits_per_second":	32482472.797395885,
					"sender":	true
				}
			}],
		"sum_sent":	{
			"start":	0,
			"end":	10.001832,
			"seconds":	10.001832,
			"bytes":	43778048,
			"bits_per_second":	35016023.4645013,
			"retransmits":	312,
			"sender":	true
		},
		"sum_received":	{
			"start":	0,
			"end":	10.03948,
			"seconds":	10.03948,
			"bytes":	40763392,
			"bits_per_second":	32482472.797395885,
			"sender":	true
		},
		"cpu_utilization_percent":	{
			"host_total":	0.20028586698484907,
			"host_user":	0,
			"host_system":	0.20029581018432205,
			"remote_total":	12.37352600113538,
			"remote_user":	0.28087566546706144,
			"remote_system":	12.092670198874393
		},
		"sender_tcp_congestion":	"cubic",
		"receiver_tcp_congestion":	"cubic"
	}
}
{
	"start":	{
		"connected":	[{
				"socket":	5,
				"local_host":	"192.168.1.3",
				"local_port":	55660,
				"remote_host":	"192.168.1.58",
				"remote_port":	5201
			}],
		"version":	"iperf 3.20",
		"system_info":	"Linux kuroi-washi 6.19.11+kali-amd64 #1 SMP PREEMPT_DYNAMIC Kali 6.19.11-1kali1 (2026-04-09) x86_64",
		"timestamp":	{
			"time":	"Thu, 23 Apr 2026 20:26:28 GMT",
			"timesecs":	1776975988,
			"timemillisecs":	1776975988868
		},
		"connecting_to":	{
			"host":	"192.168.1.58",
			"port":	5201
		},
		"cookie":	"pqxrv6xzdp755vyu25deczu7jdg65vi7cb3o",
		"tcp_mss":	916,
		"target_bitrate":	0,
		"fq_rate":	0,
		"sock_bufsize":	0,
		"sndbuf_actual":	16384,
		"rcvbuf_actual":	131072,
		"test_start":	{
			"protocol":	"TCP",
			"num_streams":	1,
			"blksize":	131072,
			"omit":	0,
			"duration":	10,
			"bytes":	0,
			"blocks":	0,
			"reverse":	0,
			"tos":	0,
			"target_bitrate":	0,
			"bidir":	0,
			"fqrate":	0,
			"interval":	1
		}
	},
	"intervals":	[{
			"streams":	[{
					"socket":	5,
					"start":	0,
					"end":	1.001064,
					"seconds":	1.0010639429092407,
					"bytes":	4718592,
					"bits_per_second":	37708616.185192488,
					"retransmits":	0,
					"snd_cwnd":	224192,
					"snd_wnd":	1868928,
					"rtt":	41957,
					"rttvar":	23147,
					"pmtu":	1500,
					"reorder":	0,
					"omitted":	false,
					"sender":	true
				}],
			"sum":	{
				"start":	0,
				"end":	1.001064,
				"seconds":	1.0010639429092407,
				"bytes":	4718592,
				"bits_per_second":	37708616.185192488,
				"retransmits":	0,
				"omitted":	false,
				"sender":	true
			}
		}, {
			"streams":	[{
					"socket":	5,
					"start":	1.001064,
					"end":	2.001137,
					"seconds":	1.0000729560852051,
					"bytes":	5505024,
					"bits_per_second":	44036979.2343908,
					"retransmits":	0,
					"snd_cwnd":	429400,
					"snd_wnd":	1935616,
					"rtt":	37385,
					"rttvar":	21388,
					"pmtu":	1500,
					"reorder":	0,
					"omitted":	false,
					"sender":	true
				}],
			"sum":	{
				"start":	1.001064,
				"end":	2.001137,
				"seconds":	1.0000729560852051,
				"bytes":	5505024,
				"bits_per_second":	44036979.2343908,
				"retransmits":	0,
				"omitted":	false,
				"sender":	true
			}
		}, {
			"streams":	[{
					"socket":	5,
					"start":	2.001137,
					"end":	3.001115,
					"seconds":	0.999978005886078,
					"bytes":	4325376,
					"bits_per_second":	34603769.079239264,
					"retransmits":	0,
					"snd_cwnd":	627376,
					"snd_wnd":	1935616,
					"rtt":	48621,
					"rttvar":	24358,
					"pmtu":	1500,
					"reorder":	0,
					"omitted":	false,
					"sender":	true
				}],
			"sum":	{
				"start":	2.001137,
				"end":	3.001115,
				"seconds":	0.999978005886078,
				"bytes":	4325376,
				"bits_per_second":	34603769.079239264,
				"retransmits":	0,
				"omitted":	false,
				"sender":	true
			}
		}, {
			"streams":	[{
					"socket":	5,
					"start":	3.001115,
					"end":	4.001097,
					"seconds":	0.99998199939727783,
					"bytes":	5111808,
					"bits_per_second":	40895200.138250932,
					"retransmits":	0,
					"snd_cwnd":	819928,
					"snd_wnd":	1423040,
					"rtt":	102537,
					"rttvar":	99960,
					"pmtu":	1500,
					"reorder":	0,
					"omitted":	false,
					"sender":	true
				}],
			"sum":	{
				"start":	3.001115,
				"end":	4.001097,
				"seconds":	0.99998199939727783,
				"bytes":	5111808,
				"bits_per_second":	40895200.138250932,
				"retransmits":	0,
				"omitted":	false,
				"sender":	true
			}
		}, {
			"streams":	[{
					"socket":	5,
					"start":	4.001097,
					"end":	5.001064,
					"seconds":	0.99996697902679443,
					"bytes":	4718592,
					"bits_per_second":	37749982.541162,
					"retransmits":	0,
					"snd_cwnd":	982648,
					"snd_wnd":	1752704,
					"rtt":	97221,
					"rttvar":	94404,
					"pmtu":	1500,
					"reorder":	0,
					"omitted":	false,
					"sender":	true
				}],
			"sum":	{
				"start":	4.001097,
				"end":	5.001064,
				"seconds":	0.99996697902679443,
				"bytes":	4718592,
				"bits_per_second":	37749982.541162,
				"retransmits":	0,
				"omitted":	false,
				"sender":	true
			}
		}, {
			"streams":	[{
					"socket":	5,
					"start":	5.001064,
					"end":	6.00114,
					"seconds":	1.0000760555267334,
					"bytes":	3670016,
					"bits_per_second":	29357895.169819076,
					"retransmits":	0,
					"snd_cwnd":	1100168,
					"snd_wnd":	1935616,
					"rtt":	92519,
					"rttvar":	19749,
					"pmtu":	1500,
					"reorder":	0,
					"omitted":	false,
					"sender":	true
				}],
			"sum":	{
				"start":	5.001064,
				"end":	6.00114,
				"seconds":	1.0000760555267334,
				"bytes":	3670016,
				"bits_per_second":	29357895.169819076,
				"retransmits":	0,
				"omitted":	false,
				"sender":	true
			}
		}, {
			"streams":	[{
					"socket":	5,
					"start":	6.00114,
					"end":	7.001063,
					"seconds":	0.9999229907989502,
					"bytes":	4718592,
					"bits_per_second":	37751643.223882988,
					"retransmits":	0,
					"snd_cwnd":	1281872,
					"snd_wnd":	1934208,
					"rtt":	80270,
					"rttvar":	40946,
					"pmtu":	1500,
					"reorder":	0,
					"omitted":	false,
					"sender":	true
				}],
			"sum":	{
				"start":	6.00114,
				"end":	7.001063,
				"seconds":	0.9999229907989502,
				"bytes":	4718592,
				"bits_per_second":	37751643.223882988,
				"retransmits":	0,
				"omitted":	false,
				"sender":	true
			}
		}, {
			"streams":	[{
					"socket":	5,
					"start":	7.001063,
					"end":	8.001061,
					"seconds":	0.99999797344207764,
					"bytes":	3670016,
					"bits_per_second":	29360187.50012058,
					"retransmits":	0,
					"snd_cwnd":	1427416,
					"snd_wnd":	1652096,
					"rtt":	120130,
					"rttvar":	82620,
					"pmtu":	1500,
					"reorder":	0,
					"omitted":	false,
					"sender":	true
				}],
			"sum":	{
				"start":	7.001063,
				"end":	8.001061,
				"seconds":	0.99999797344207764,
				"bytes":	3670016,
				"bits_per_second":	29360187.50012058,
				"retransmits":	0,
				"omitted":	false,
				"sender":	true
			}
		}, {
			"streams":	[{
					"socket":	5,
					"start":	8.001061,
					"end":	9.001139,
					"seconds":	1.0000779628753662,
					"bytes":	2752512,
					"bits_per_second":	22018379.383832332,
					"retransmits":	0,
					"snd_cwnd":	1555784,
					"snd_wnd":	1767872,
					"rtt":	150919,
					"rttvar":	53541,
					"pmtu":	1500,
					"reorder":	0,
					"omitted":	false,
					"sender":	true
				}],
			"sum":	{
				"start":	8.001061,
				"end":	9.001139,
				"seconds":	1.0000779628753662,
				"bytes":	2752512,
				"bits_per_second":	22018379.383832332,
				"retransmits":	0,
				"omitted":	false,
				"sender":	true
			}
		}, {
			"streams":	[{
					"socket":	5,
					"start":	9.001139,
					"end":	10.001943,
					"seconds":	1.0008039474487305,
					"bytes":	4980736,
					"bits_per_second":	39813879.73296462,
					"retransmits":	0,
					"snd_cwnd":	1648896,
					"snd_wnd":	1749248,
					"rtt":	132928,
					"rttvar":	49700,
					"pmtu":	1500,
					"reorder":	0,
					"omitted":	false,
					"sender":	true
				}],
			"sum":	{
				"start":	9.001139,
				"end":	10.001943,
				"seconds":	1.0008039474487305,
				"bytes":	4980736,
				"bits_per_second":	39813879.73296462,
				"retransmits":	0,
				"omitted":	false,
				"sender":	true
			}
		}],
	"end":	{
		"streams":	[{
				"sender":	{
					"socket":	5,
					"start":	0,
					"end":	10.001943,
					"seconds":	10.001943,
					"bytes":	44171264,
					"bits_per_second":	35330146.552524842,
					"retransmits":	0,
					"reorder":	0,
					"max_snd_cwnd":	1648896,
					"max_snd_wnd":	1935616,
					"max_rtt":	150919,
					"min_rtt":	37385,
					"mean_rtt":	90448,
					"sender":	true
				},
				"receiver":	{
					"socket":	5,
					"start":	0,
					"end":	10.317757,
					"seconds":	10.001943,
					"bytes":	41025536,
					"bits_per_second":	31809654.753450774,
					"sender":	true
				}
			}],
		"sum_sent":	{
			"start":	0,
			"end":	10.001943,
			"seconds":	10.001943,
			"bytes":	44171264,
			"bits_per_second":	35330146.552524842,
			"retransmits":	0,
			"sender":	true
		},
		"sum_received":	{
			"start":	0,
			"end":	10.317757,
			"seconds":	10.317757,
			"bytes":	41025536,
			"bits_per_second":	31809654.753450774,
			"sender":	true
		},
		"cpu_utilization_percent":	{
			"host_total":	0.21335213628455382,
			"host_user":	0,
			"host_system":	0.21335213628455382,
			"remote_total":	11.673041326547873,
			"remote_user":	0.5072953366874,
			"remote_system":	11.165736323962246
		},
		"sender_tcp_congestion":	"cubic",
		"receiver_tcp_congestion":	"cubic"
	}
}
