{
	"start":	{
		"connected":	[{
				"socket":	5,
				"local_host":	"192.168.1.48",
				"local_port":	60888,
				"remote_host":	"192.168.1.58",
				"remote_port":	5201
			}],
		"version":	"iperf 3.20",
		"system_info":	"Linux kuroi-washi 6.19.11+kali-amd64 #1 SMP PREEMPT_DYNAMIC Kali 6.19.11-1kali1 (2026-04-09) x86_64",
		"timestamp":	{
			"time":	"Thu, 23 Apr 2026 22:44:37 GMT",
			"timesecs":	1776984277,
			"timemillisecs":	1776984277074
		},
		"connecting_to":	{
			"host":	"192.168.1.58",
			"port":	5201
		},
		"cookie":	"3gwg3xjaworst7mmtux7gtmesqh2kaontqwp",
		"tcp_mss":	316,
		"target_bitrate":	0,
		"fq_rate":	0,
		"sock_bufsize":	0,
		"sndbuf_actual":	16384,
		"rcvbuf_actual":	131072,
		"test_start":	{
			"protocol":	"TCP",
			"num_streams":	1,
			"blksize":	131072,
			"omit":	0,
			"duration":	10,
			"bytes":	0,
			"blocks":	0,
			"reverse":	0,
			"tos":	0,
			"target_bitrate":	0,
			"bidir":	0,
			"fqrate":	0,
			"interval":	1
		}
	},
	"intervals":	[{
			"streams":	[{
					"socket":	5,
					"start":	0,
					"end":	1.001025,
					"seconds":	1.0010249614715576,
					"bytes":	2359296,
					"bits_per_second":	18855042.308089618,
					"retransmits":	0,
					"snd_cwnd":	91808,
					"snd_wnd":	954560,
					"rtt":	26511,
					"rttvar":	8917,
					"pmtu":	1500,
					"reorder":	0,
					"omitted":	false,
					"sender":	true
				}],
			"sum":	{
				"start":	0,
				"end":	1.001025,
				"seconds":	1.0010249614715576,
				"bytes":	2359296,
				"bits_per_second":	18855042.308089618,
				"retransmits":	0,
				"omitted":	false,
				"sender":	true
			}
		}, {
			"streams":	[{
					"socket":	5,
					"start":	1.001025,
					"end":	2.001073,
					"seconds":	1.000048041343689,
					"bytes":	1966080,
					"bits_per_second":	15727884.411299497,
					"retransmits":	0,
					"snd_cwnd":	173280,
					"snd_wnd":	1075584,
					"rtt":	105178,
					"rttvar":	4048,
					"pmtu":	1500,
					"reorder":	0,
					"omitted":	false,
					"sender":	true
				}],
			"sum":	{
				"start":	1.001025,
				"end":	2.001073,
				"seconds":	1.000048041343689,
				"bytes":	1966080,
				"bits_per_second":	15727884.411299497,
				"retransmits":	0,
				"omitted":	false,
				"sender":	true
			}
		}, {
			"streams":	[{
					"socket":	5,
					"start":	2.001073,
					"end":	3.001067,
					"seconds":	0.99999397993087769,
					"bytes":	1835008,
					"bits_per_second":	14680152.375532027,
					"retransmits":	0,
					"snd_cwnd":	241680,
					"snd_wnd":	1086528,
					"rtt":	155335,
					"rttvar":	1400,
					"pmtu":	1500,
					"reorder":	0,
					"omitted":	false,
					"sender":	true
				}],
			"sum":	{
				"start":	2.001073,
				"end":	3.001067,
				"seconds":	0.99999397993087769,
				"bytes":	1835008,
				"bits_per_second":	14680152.375532027,
				"retransmits":	0,
				"omitted":	false,
				"sender":	true
			}
		}, {
			"streams":	[{
					"socket":	5,
					"start":	3.001067,
					"end":	4.001064,
					"seconds":	0.99999701976776123,
					"bytes":	2490368,
					"bits_per_second":	19923003.375176951,
					"retransmits":	0,
					"snd_cwnd":	325280,
					"snd_wnd":	1685376,
					"rtt":	239456,
					"rttvar":	2057,
					"pmtu":	1500,
					"reorder":	0,
					"omitted":	false,
					"sender":	true
				}],
			"sum":	{
				"start":	3.001067,
				"end":	4.001064,
				"seconds":	0.99999701976776123,
				"bytes":	2490368,
				"bits_per_second":	19923003.375176951,
				"retransmits":	0,
				"omitted":	false,
				"sender":	true
			}
		}, {
			"streams":	[{
					"socket":	5,
					"start":	4.001064,
					"end":	5.001071,
					"seconds":	1.0000070333480835,
					"bytes":	2097152,
					"bits_per_second":	16777098.000829929,
					"retransmits":	0,
					"snd_cwnd":	404624,
					"snd_wnd":	1805760,
					"rtt":	237318,
					"rttvar":	2055,
					"pmtu":	1500,
					"reorder":	0,
					"omitted":	false,
					"sender":	true
				}],
			"sum":	{
				"start":	4.001064,
				"end":	5.001071,
				"seconds":	1.0000070333480835,
				"bytes":	2097152,
				"bits_per_second":	16777098.000829929,
				"retransmits":	0,
				"omitted":	false,
				"sender":	true
			}
		}, {
			"streams":	[{
					"socket":	5,
					"start":	5.001071,
					"end":	6.001075,
					"seconds":	1.0000040531158447,
					"bytes":	2621440,
					"bits_per_second":	20971435.000344515,
					"retransmits":	0,
					"snd_cwnd":	490960,
					"snd_wnd":	1928448,
					"rtt":	242009,
					"rttvar":	7912,
					"pmtu":	1500,
					"reorder":	0,
					"omitted":	false,
					"sender":	true
				}],
			"sum":	{
				"start":	5.001071,
				"end":	6.001075,
				"seconds":	1.0000040531158447,
				"bytes":	2621440,
				"bits_per_second":	20971435.000344515,
				"retransmits":	0,
				"omitted":	false,
				"sender":	true
			}
		}, {
			"streams":	[{
					"socket":	5,
					"start":	6.001075,
					"end":	7.001069,
					"seconds":	0.99999397993087769,
					"bytes":	1441792,
					"bits_per_second":	11534405.43791802,
					"retransmits":	0,
					"snd_cwnd":	560576,
					"snd_wnd":	1928448,
					"rtt":	360741,
					"rttvar":	2767,
					"pmtu":	1500,
					"reorder":	0,
					"omitted":	false,
					"sender":	true
				}],
			"sum":	{
				"start":	6.001075,
				"end":	7.001069,
				"seconds":	0.99999397993087769,
				"bytes":	1441792,
				"bits_per_second":	11534405.43791802,
				"retransmits":	0,
				"omitted":	false,
				"sender":	true
			}
		}, {
			"streams":	[{
					"socket":	5,
					"start":	7.001069,
					"end":	8.001062,
					"seconds":	0.99999302625656128,
					"bytes":	1703936,
					"bits_per_second":	13631583.063162945,
					"retransmits":	0,
					"snd_cwnd":	631712,
					"snd_wnd":	1928448,
					"rtt":	104457,
					"rttvar":	31265,
					"pmtu":	1500,
					"reorder":	0,
					"omitted":	false,
					"sender":	true
				}],
			"sum":	{
				"start":	7.001069,
				"end":	8.001062,
				"seconds":	0.99999302625656128,
				"bytes":	1703936,
				"bits_per_second":	13631583.063162945,
				"retransmits":	0,
				"omitted":	false,
				"sender":	true
			}
		}, {
			"streams":	[{
					"socket":	5,
					"start":	8.001062,
					"end":	9.00111,
					"seconds":	1.000048041343689,
					"bytes":	0,
					"bits_per_second":	0,
					"retransmits":	0,
					"snd_cwnd":	701024,
					"snd_wnd":	1928448,
					"rtt":	49583,
					"rttvar":	5365,
					"pmtu":	1500,
					"reorder":	0,
					"omitted":	false,
					"sender":	true
				}],
			"sum":	{
				"start":	8.001062,
				"end":	9.00111,
				"seconds":	1.000048041343689,
				"bytes":	0,
				"bits_per_second":	0,
				"retransmits":	0,
				"omitted":	false,
				"sender":	true
			}
		}, {
			"streams":	[{
					"socket":	5,
					"start":	9.00111,
					"end":	10.001931,
					"seconds":	1.0008209943771362,
					"bytes":	3014656,
					"bits_per_second":	24097464.117456328,
					"retransmits":	0,
					"snd_cwnd":	777632,
					"snd_wnd":	1928448,
					"rtt":	59590,
					"rttvar":	5258,
					"pmtu":	1500,
					"reorder":	0,
					"omitted":	false,
					"sender":	true
				}],
			"sum":	{
				"start":	9.00111,
				"end":	10.001931,
				"seconds":	1.0008209943771362,
				"bytes":	3014656,
				"bits_per_second":	24097464.117456328,
				"retransmits":	0,
				"omitted":	false,
				"sender":	true
			}
		}],
	"end":	{
		"streams":	[{
				"sender":	{
					"socket":	5,
					"start":	0,
					"end":	10.001931,
					"seconds":	10.001931,
					"bytes":	19529728,
					"bits_per_second":	15620766.03007959,
					"retransmits":	0,
					"reorder":	0,
					"max_snd_cwnd":	777632,
					"max_snd_wnd":	1928448,
					"max_rtt":	360741,
					"min_rtt":	26511,
					"mean_rtt":	158017,
					"sender":	true
				},
				"receiver":	{
					"socket":	5,
					"start":	0,
					"end":	10.297204,
					"seconds":	10.001931,
					"bytes":	15597568,
					"bits_per_second":	12117905.404224291,
					"sender":	true
				}
			}],
		"sum_sent":	{
			"start":	0,
			"end":	10.001931,
			"seconds":	10.001931,
			"bytes":	19529728,
			"bits_per_second":	15620766.03007959,
			"retransmits":	0,
			"sender":	true
		},
		"sum_received":	{
			"start":	0,
			"end":	10.297204,
			"seconds":	10.297204,
			"bytes":	15597568,
			"bits_per_second":	12117905.404224291,
			"sender":	true
		},
		"cpu_utilization_percent":	{
			"host_total":	0.12455327761979858,
			"host_user":	0,
			"host_system":	0.12458307980777589,
			"remote_total":	8.3414686618632441,
			"remote_user":	0.228717845138169,
			"remote_system":	8.11277983692197
		},
		"sender_tcp_congestion":	"cubic",
		"receiver_tcp_congestion":	"cubic"
	}
}
{
	"start":	{
		"connected":	[{
				"socket":	5,
				"local_host":	"192.168.1.48",
				"local_port":	58304,
				"remote_host":	"192.168.1.58",
				"remote_port":	5201
			}],
		"version":	"iperf 3.20",
		"system_info":	"Linux kuroi-washi 6.19.11+kali-amd64 #1 SMP PREEMPT_DYNAMIC Kali 6.19.11-1kali1 (2026-04-09) x86_64",
		"timestamp":	{
			"time":	"Thu, 23 Apr 2026 22:44:47 GMT",
			"timesecs":	1776984287,
			"timemillisecs":	1776984287693
		},
		"connecting_to":	{
			"host":	"192.168.1.58",
			"port":	5201
		},
		"cookie":	"ynrzfhyd6m7yyekzmw4vfeferkf3rlnxpyg7",
		"tcp_mss":	316,
		"target_bitrate":	0,
		"fq_rate":	0,
		"sock_bufsize":	0,
		"sndbuf_actual":	16384,
		"rcvbuf_actual":	131072,
		"test_start":	{
			"protocol":	"TCP",
			"num_streams":	1,
			"blksize":	131072,
			"omit":	0,
			"duration":	10,
			"bytes":	0,
			"blocks":	0,
			"reverse":	0,
			"tos":	0,
			"target_bitrate":	0,
			"bidir":	0,
			"fqrate":	0,
			"interval":	1
		}
	},
	"intervals":	[{
			"streams":	[{
					"socket":	5,
					"start":	0,
					"end":	1.000955,
					"seconds":	1.0009549856185913,
					"bytes":	1966080,
					"bits_per_second":	15713633.705795154,
					"retransmits":	0,
					"snd_cwnd":	81168,
					"snd_wnd":	1059968,
					"rtt":	42958,
					"rttvar":	2966,
					"pmtu":	1500,
					"reorder":	0,
					"omitted":	false,
					"sender":	true
				}],
			"sum":	{
				"start":	0,
				"end":	1.000955,
				"seconds":	1.0009549856185913,
				"bytes":	1966080,
				"bits_per_second":	15713633.705795154,
				"retransmits":	0,
				"omitted":	false,
				"sender":	true
			}
		}, {
			"streams":	[{
					"socket":	5,
					"start":	1.000955,
					"end":	2.000946,
					"seconds":	0.999990999698639,
					"bytes":	2228224,
					"bits_per_second":	17825952.438944,
					"retransmits":	0,
					"snd_cwnd":	165072,
					"snd_wnd":	1333568,
					"rtt":	101667,
					"rttvar":	2529,
					"pmtu":	1500,
					"reorder":	0,
					"omitted":	false,
					"sender":	true
				}],
			"sum":	{
				"start":	1.000955,
				"end":	2.000946,
				"seconds":	0.999990999698639,
				"bytes":	2228224,
				"bits_per_second":	17825952.438944,
				"retransmits":	0,
				"omitted":	false,
				"sender":	true
			}
		}, {
			"streams":	[{
					"socket":	5,
					"start":	2.000946,
					"end":	3.000961,
					"seconds":	1.0000150203704834,
					"bytes":	1835008,
					"bits_per_second":	14679843.503311941,
					"retransmits":	0,
					"snd_cwnd":	246240,
					"snd_wnd":	1478080,
					"rtt":	143794,
					"rttvar":	5365,
					"pmtu":	1500,
					"reorder":	0,
					"omitted":	false,
					"sender":	true
				}],
			"sum":	{
				"start":	2.000946,
				"end":	3.000961,
				"seconds":	1.0000150203704834,
				"bytes":	1835008,
				"bits_per_second":	14679843.503311941,
				"retransmits":	0,
				"omitted":	false,
				"sender":	true
			}
		}, {
			"streams":	[{
					"socket":	5,
					"start":	3.000961,
					"end":	4.000882,
					"seconds":	0.99992102384567261,
					"bytes":	2490368,
					"bits_per_second":	19924517.561773859,
					"retransmits":	0,
					"snd_cwnd":	315856,
					"snd_wnd":	1478080,
					"rtt":	199108,
					"rttvar":	9044,
					"pmtu":	1500,
					"reorder":	0,
					"omitted":	false,
					"sender":	true
				}],
			"sum":	{
				"start":	3.000961,
				"end":	4.000882,
				"seconds":	0.99992102384567261,
				"bytes":	2490368,
				"bits_per_second":	19924517.561773859,
				"retransmits":	0,
				"omitted":	false,
				"sender":	true
			}
		}, {
			"streams":	[{
					"socket":	5,
					"start":	4.000882,
					"end":	5.000887,
					"seconds":	1.0000050067901611,
					"bytes":	2097152,
					"bits_per_second":	16777132.000420569,
					"retransmits":	0,
					"snd_cwnd":	390944,
					"snd_wnd":	1478080,
					"rtt":	257162,
					"rttvar":	4320,
					"pmtu":	1500,
					"reorder":	0,
					"omitted":	false,
					"sender":	true
				}],
			"sum":	{
				"start":	4.000882,
				"end":	5.000887,
				"seconds":	1.0000050067901611,
				"bytes":	2097152,
				"bits_per_second":	16777132.000420569,
				"retransmits":	0,
				"omitted":	false,
				"sender":	true
			}
		}, {
			"streams":	[{
					"socket":	5,
					"start":	5.000887,
					"end":	6.000909,
					"seconds":	1.0000220537185669,
					"bytes":	1179648,
					"bits_per_second":	9436975.87958983,
					"retransmits":	0,
					"snd_cwnd":	468464,
					"snd_wnd":	1537664,
					"rtt":	290348,
					"rttvar":	2046,
					"pmtu":	1500,
					"reorder":	0,
					"omitted":	false,
					"sender":	true
				}],
			"sum":	{
				"start":	5.000887,
				"end":	6.000909,
				"seconds":	1.0000220537185669,
				"bytes":	1179648,
				"bits_per_second":	9436975.87958983,
				"retransmits":	0,
				"omitted":	false,
				"sender":	true
			}
		}, {
			"streams":	[{
					"socket":	5,
					"start":	6.000909,
					"end":	7.000891,
					"seconds":	0.99998199939727783,
					"bytes":	2752512,
					"bits_per_second":	22020492.382135116,
					"retransmits":	0,
					"snd_cwnd":	550848,
					"snd_wnd":	1873280,
					"rtt":	345843,
					"rttvar":	3577,
					"pmtu":	1500,
					"reorder":	0,
					"omitted":	false,
					"sender":	true
				}],
			"sum":	{
				"start":	6.000909,
				"end":	7.000891,
				"seconds":	0.99998199939727783,
				"bytes":	2752512,
				"bits_per_second":	22020492.382135116,
				"retransmits":	0,
				"omitted":	false,
				"sender":	true
			}
		}, {
			"streams":	[{
					"socket":	5,
					"start":	7.000891,
					"end":	8.000916,
					"seconds":	1.0000250339508057,
					"bytes":	1441792,
					"bits_per_second":	11534047.257228373,
					"retransmits":	0,
					"snd_cwnd":	626544,
					"snd_wnd":	1902464,
					"rtt":	404046,
					"rttvar":	2782,
					"pmtu":	1500,
					"reorder":	0,
					"omitted":	false,
					"sender":	true
				}],
			"sum":	{
				"start":	7.000891,
				"end":	8.000916,
				"seconds":	1.0000250339508057,
				"bytes":	1441792,
				"bits_per_second":	11534047.257228373,
				"retransmits":	0,
				"omitted":	false,
				"sender":	true
			}
		}, {
			"streams":	[{
					"socket":	5,
					"start":	8.000916,
					"end":	9.000961,
					"seconds":	1.0000449419021606,
					"bytes":	1441792,
					"bits_per_second":	11533817.648295712,
					"retransmits":	0,
					"snd_cwnd":	704672,
					"snd_wnd":	1904896,
					"rtt":	408843,
					"rttvar":	2817,
					"pmtu":	1500,
					"reorder":	0,
					"omitted":	false,
					"sender":	true
				}],
			"sum":	{
				"start":	8.000916,
				"end":	9.000961,
				"seconds":	1.0000449419021606,
				"bytes":	1441792,
				"bits_per_second":	11533817.648295712,
				"retransmits":	0,
				"omitted":	false,
				"sender":	true
			}
		}, {
			"streams":	[{
					"socket":	5,
					"start":	9.000961,
					"end":	10.001867,
					"seconds":	1.0009059906005859,
					"bytes":	1441792,
					"bits_per_second":	11523895.459031982,
					"retransmits":	0,
					"snd_cwnd":	780976,
					"snd_wnd":	1926592,
					"rtt":	467103,
					"rttvar":	1726,
					"pmtu":	1500,
					"reorder":	0,
					"omitted":	false,
					"sender":	true
				}],
			"sum":	{
				"start":	9.000961,
				"end":	10.001867,
				"seconds":	1.0009059906005859,
				"bytes":	1441792,
				"bits_per_second":	11523895.459031982,
				"retransmits":	0,
				"omitted":	false,
				"sender":	true
			}
		}],
	"end":	{
		"streams":	[{
				"sender":	{
					"socket":	5,
					"start":	0,
					"end":	10.001867,
					"seconds":	10.001867,
					"bytes":	18874368,
					"bits_per_second":	15096675.850618688,
					"retransmits":	0,
					"reorder":	0,
					"max_snd_cwnd":	780976,
					"max_snd_wnd":	1926592,
					"max_rtt":	467103,
					"min_rtt":	42958,
					"mean_rtt":	266087,
					"sender":	true
				},
				"receiver":	{
					"socket":	5,
					"start":	0,
					"end":	10.074637,
					"seconds":	10.001867,
					"bytes":	16252928,
					"bits_per_second":	12906015.77009673,
					"sender":	true
				}
			}],
		"sum_sent":	{
			"start":	0,
			"end":	10.001867,
			"seconds":	10.001867,
			"bytes":	18874368,
			"bits_per_second":	15096675.850618688,
			"retransmits":	0,
			"sender":	true
		},
		"sum_received":	{
			"start":	0,
			"end":	10.074637,
			"seconds":	10.074637,
			"bytes":	16252928,
			"bits_per_second":	12906015.77009673,
			"sender":	true
		},
		"cpu_utilization_percent":	{
			"host_total":	0.16510245450594019,
			"host_user":	0,
			"host_system":	0.16511238727302635,
			"remote_total":	8.72253830847865,
			"remote_user":	0.622372307623305,
			"remote_system":	8.1001462423770558
		},
		"sender_tcp_congestion":	"cubic",
		"receiver_tcp_congestion":	"cubic"
	}
}
{
	"start":	{
		"connected":	[{
				"socket":	5,
				"local_host":	"192.168.1.48",
				"local_port":	42940,
				"remote_host":	"192.168.1.58",
				"remote_port":	5201
			}],
		"version":	"iperf 3.20",
		"system_info":	"Linux kuroi-washi 6.19.11+kali-amd64 #1 SMP PREEMPT_DYNAMIC Kali 6.19.11-1kali1 (2026-04-09) x86_64",
		"timestamp":	{
			"time":	"Thu, 23 Apr 2026 22:44:58 GMT",
			"timesecs":	1776984298,
			"timemillisecs":	1776984298336
		},
		"connecting_to":	{
			"host":	"192.168.1.58",
			"port":	5201
		},
		"cookie":	"dvxby33n3f4janc7myxek64z6rxe2pmgqilg",
		"tcp_mss":	316,
		"target_bitrate":	0,
		"fq_rate":	0,
		"sock_bufsize":	0,
		"sndbuf_actual":	16384,
		"rcvbuf_actual":	131072,
		"test_start":	{
			"protocol":	"TCP",
			"num_streams":	1,
			"blksize":	131072,
			"omit":	0,
			"duration":	10,
			"bytes":	0,
			"blocks":	0,
			"reverse":	0,
			"tos":	0,
			"target_bitrate":	0,
			"bidir":	0,
			"fqrate":	0,
			"interval":	1
		}
	},
	"intervals":	[{
			"streams":	[{
					"socket":	5,
					"start":	0,
					"end":	1.001087,
					"seconds":	1.001086950302124,
					"bytes":	2228224,
					"bits_per_second":	17806437.287610479,
					"retransmits":	0,
					"snd_cwnd":	127072,
					"snd_wnd":	968768,
					"rtt":	87905,
					"rttvar":	4102,
					"pmtu":	1500,
					"reorder":	0,
					"omitted":	false,
					"sender":	true
				}],
			"sum":	{
				"start":	0,
				"end":	1.001087,
				"seconds":	1.001086950302124,
				"bytes":	2228224,
				"bits_per_second":	17806437.287610479,
				"retransmits":	0,
				"omitted":	false,
				"sender":	true
			}
		}, {
			"streams":	[{
					"socket":	5,
					"start":	1.001087,
					"end":	2.001037,
					"seconds":	0.99994999170303345,
					"bytes":	1966080,
					"bits_per_second":	15729426.601836618,
					"retransmits":	0,
					"snd_cwnd":	204288,
					"snd_wnd":	1030784,
					"rtt":	107400,
					"rttvar":	2112,
					"pmtu":	1500,
					"reorder":	0,
					"omitted":	false,
					"sender":	true
				}],
			"sum":	{
				"start":	1.001087,
				"end":	2.001037,
				"seconds":	0.99994999170303345,
				"bytes":	1966080,
				"bits_per_second":	15729426.601836618,
				"retransmits":	0,
				"omitted":	false,
				"sender":	true
			}
		}, {
			"streams":	[{
					"socket":	5,
					"start":	2.001037,
					"end":	3.001072,
					"seconds":	1.0000350475311279,
					"bytes":	2228224,
					"bits_per_second":	17825167.271895178,
					"retransmits":	0,
					"snd_cwnd":	286672,
					"snd_wnd":	1577984,
					"rtt":	177950,
					"rttvar":	5125,
					"pmtu":	1500,
					"reorder":	0,
					"omitted":	false,
					"sender":	true
				}],
			"sum":	{
				"start":	2.001037,
				"end":	3.001072,
				"seconds":	1.0000350475311279,
				"bytes":	2228224,
				"bits_per_second":	17825167.271895178,
				"retransmits":	0,
				"omitted":	false,
				"sender":	true
			}
		}, {
			"streams":	[{
					"socket":	5,
					"start":	3.001072,
					"end":	4.001036,
					"seconds":	0.99996399879455566,
					"bytes":	1835008,
					"bits_per_second":	14680592.519027323,
					"retransmits":	0,
					"snd_cwnd":	363280,
					"snd_wnd":	1630656,
					"rtt":	194521,
					"rttvar":	7915,
					"pmtu":	1500,
					"reorder":	0,
					"omitted":	false,
					"sender":	true
				}],
			"sum":	{
				"start":	3.001072,
				"end":	4.001036,
				"seconds":	0.99996399879455566,
				"bytes":	1835008,
				"bits_per_second":	14680592.519027323,
				"retransmits":	0,
				"omitted":	false,
				"sender":	true
			}
		}, {
			"streams":	[{
					"socket":	5,
					"start":	4.001036,
					"end":	5.001083,
					"seconds":	1.000046968460083,
					"bytes":	2228224,
					"bits_per_second":	17824954.7893225,
					"retransmits":	0,
					"snd_cwnd":	443232,
					"snd_wnd":	1635520,
					"rtt":	259169,
					"rttvar":	3788,
					"pmtu":	1500,
					"reorder":	0,
					"omitted":	false,
					"sender":	true
				}],
			"sum":	{
				"start":	4.001036,
				"end":	5.001083,
				"seconds":	1.000046968460083,
				"bytes":	2228224,
				"bits_per_second":	17824954.7893225,
				"retransmits":	0,
				"omitted":	false,
				"sender":	true
			}
		}, {
			"streams":	[{
					"socket":	5,
					"start":	5.001083,
					"end":	6.001085,
					"seconds":	1.0000020265579224,
					"bytes":	2752512,
					"bits_per_second":	22020051.375090435,
					"retransmits":	0,
					"snd_cwnd":	521360,
					"snd_wnd":	1711936,
					"rtt":	336412,
					"rttvar":	3329,
					"pmtu":	1500,
					"reorder":	0,
					"omitted":	false,
					"sender":	true
				}],
			"sum":	{
				"start":	5.001083,
				"end":	6.001085,
				"seconds":	1.0000020265579224,
				"bytes":	2752512,
				"bits_per_second":	22020051.375090435,
				"retransmits":	0,
				"omitted":	false,
				"sender":	true
			}
		}, {
			"streams":	[{
					"socket":	5,
					"start":	6.001085,
					"end":	7.001016,
					"seconds":	0.99993097782135,
					"bytes":	1441792,
					"bits_per_second":	11535132.179954074,
					"retransmits":	0,
					"snd_cwnd":	596752,
					"snd_wnd":	1731392,
					"rtt":	339719,
					"rttvar":	6240,
					"pmtu":	1500,
					"reorder":	0,
					"omitted":	false,
					"sender":	true
				}],
			"sum":	{
				"start":	6.001085,
				"end":	7.001016,
				"seconds":	0.99993097782135,
				"bytes":	1441792,
				"bits_per_second":	11535132.179954074,
				"retransmits":	0,
				"omitted":	false,
				"sender":	true
			}
		}, {
			"streams":	[{
					"socket":	5,
					"start":	7.001016,
					"end":	8.001096,
					"seconds":	1.0000799894332886,
					"bytes":	1441792,
					"bits_per_second":	11533413.448794348,
					"retransmits":	0,
					"snd_cwnd":	674576,
					"snd_wnd":	1777600,
					"rtt":	423876,
					"rttvar":	3321,
					"pmtu":	1500,
					"reorder":	0,
					"omitted":	false,
					"sender":	true
				}],
			"sum":	{
				"start":	7.001016,
				"end":	8.001096,
				"seconds":	1.0000799894332886,
				"bytes":	1441792,
				"bits_per_second":	11533413.448794348,
				"retransmits":	0,
				"omitted":	false,
				"sender":	true
			}
		}, {
			"streams":	[{
					"socket":	5,
					"start":	8.001096,
					"end":	9.00109,
					"seconds":	0.99999397993087769,
					"bytes":	1441792,
					"bits_per_second":	11534405.43791802,
					"retransmits":	0,
					"snd_cwnd":	780672,
					"snd_wnd":	1929664,
					"rtt":	96870,
					"rttvar":	6995,
					"pmtu":	1500,
					"reorder":	0,
					"omitted":	false,
					"sender":	true
				}],
			"sum":	{
				"start":	8.001096,
				"end":	9.00109,
				"seconds":	0.99999397993087769,
				"bytes":	1441792,
				"bits_per_second":	11534405.43791802,
				"retransmits":	0,
				"omitted":	false,
				"sender":	true
			}
		}, {
			"streams":	[{
					"socket":	5,
					"start":	9.00109,
					"end":	10.001877,
					"seconds":	1.0007870197296143,
					"bytes":	2097152,
					"bits_per_second":	16764022.383636383,
					"retransmits":	0,
					"snd_cwnd":	860320,
					"snd_wnd":	1930880,
					"rtt":	277767,
					"rttvar":	12071,
					"pmtu":	1500,
					"reorder":	0,
					"omitted":	false,
					"sender":	true
				}],
			"sum":	{
				"start":	9.00109,
				"end":	10.001877,
				"seconds":	1.0007870197296143,
				"bytes":	2097152,
				"bits_per_second":	16764022.383636383,
				"retransmits":	0,
				"omitted":	false,
				"sender":	true
			}
		}],
	"end":	{
		"streams":	[{
				"sender":	{
					"socket":	5,
					"start":	0,
					"end":	10.001877,
					"seconds":	10.001877,
					"bytes":	19660800,
					"bits_per_second":	15725688.288308283,
					"retransmits":	0,
					"reorder":	0,
					"max_snd_cwnd":	860320,
					"max_snd_wnd":	1930880,
					"max_rtt":	423876,
					"min_rtt":	87905,
					"mean_rtt":	230158,
					"sender":	true
				},
				"receiver":	{
					"socket":	5,
					"start":	0,
					"end":	10.474705,
					"seconds":	10.001877,
					"bytes":	16646144,
					"bits_per_second":	12713403.575566091,
					"sender":	true
				}
			}],
		"sum_sent":	{
			"start":	0,
			"end":	10.001877,
			"seconds":	10.001877,
			"bytes":	19660800,
			"bits_per_second":	15725688.288308283,
			"retransmits":	0,
			"sender":	true
		},
		"sum_received":	{
			"start":	0,
			"end":	10.474705,
			"seconds":	10.474705,
			"bytes":	16646144,
			"bits_per_second":	12713403.575566091,
			"sender":	true
		},
		"cpu_utilization_percent":	{
			"host_total":	0.16952680845736171,
			"host_user":	0,
			"host_system":	0.16956655450002212,
			"remote_total":	8.61069392109837,
			"remote_user":	0.5382552791428985,
			"remote_system":	8.07243864195547
		},
		"sender_tcp_congestion":	"cubic",
		"receiver_tcp_congestion":	"cubic"
	}
}
{
	"start":	{
		"connected":	[{
				"socket":	5,
				"local_host":	"192.168.1.48",
				"local_port":	42936,
				"remote_host":	"192.168.1.58",
				"remote_port":	5201
			}],
		"version":	"iperf 3.20",
		"system_info":	"Linux kuroi-washi 6.19.11+kali-amd64 #1 SMP PREEMPT_DYNAMIC Kali 6.19.11-1kali1 (2026-04-09) x86_64",
		"timestamp":	{
			"time":	"Thu, 23 Apr 2026 22:45:09 GMT",
			"timesecs":	1776984309,
			"timemillisecs":	1776984309282
		},
		"connecting_to":	{
			"host":	"192.168.1.58",
			"port":	5201
		},
		"cookie":	"ayxxblnhkgdipgkdz55ppyckajsgxeuk7ucg",
		"tcp_mss":	316,
		"target_bitrate":	0,
		"fq_rate":	0,
		"sock_bufsize":	0,
		"sndbuf_actual":	16384,
		"rcvbuf_actual":	131072,
		"test_start":	{
			"protocol":	"TCP",
			"num_streams":	1,
			"blksize":	131072,
			"omit":	0,
			"duration":	10,
			"bytes":	0,
			"blocks":	0,
			"reverse":	0,
			"tos":	0,
			"target_bitrate":	0,
			"bidir":	0,
			"fqrate":	0,
			"interval":	1
		}
	},
	"intervals":	[{
			"streams":	[{
					"socket":	5,
					"start":	0,
					"end":	1.001057,
					"seconds":	1.0010570287704468,
					"bytes":	2359296,
					"bits_per_second":	18854438.31624911,
					"retransmits":	0,
					"snd_cwnd":	124640,
					"snd_wnd":	1113728,
					"rtt":	69238,
					"rttvar":	1009,
					"pmtu":	1500,
					"reorder":	0,
					"omitted":	false,
					"sender":	true
				}],
			"sum":	{
				"start":	0,
				"end":	1.001057,
				"seconds":	1.0010570287704468,
				"bytes":	2359296,
				"bits_per_second":	18854438.31624911,
				"retransmits":	0,
				"omitted":	false,
				"sender":	true
			}
		}, {
			"streams":	[{
					"socket":	5,
					"start":	1.001057,
					"end":	2.001109,
					"seconds":	1.0000519752502441,
					"bytes":	1966080,
					"bits_per_second":	15727822.542487558,
					"retransmits":	0,
					"snd_cwnd":	203376,
					"snd_wnd":	1113728,
					"rtt":	141940,
					"rttvar":	9396,
					"pmtu":	1500,
					"reorder":	0,
					"omitted":	false,
					"sender":	true
				}],
			"sum":	{
				"start":	1.001057,
				"end":	2.001109,
				"seconds":	1.0000519752502441,
				"bytes":	1966080,
				"bits_per_second":	15727822.542487558,
				"retransmits":	0,
				"omitted":	false,
				"sender":	true
			}
		}, {
			"streams":	[{
					"socket":	5,
					"start":	2.001109,
					"end":	3.001088,
					"seconds":	0.999979019165039,
					"bytes":	2228224,
					"bits_per_second":	17826166.007847,
					"retransmits":	0,
					"snd_cwnd":	281808,
					"snd_wnd":	1130752,
					"rtt":	160671,
					"rttvar":	1765,
					"pmtu":	1500,
					"reorder":	0,
					"omitted":	false,
					"sender":	true
				}],
			"sum":	{
				"start":	2.001109,
				"end":	3.001088,
				"seconds":	0.999979019165039,
				"bytes":	2228224,
				"bits_per_second":	17826166.007847,
				"retransmits":	0,
				"omitted":	false,
				"sender":	true
			}
		}, {
			"streams":	[{
					"socket":	5,
					"start":	3.001088,
					"end":	4.00108,
					"seconds":	0.9999920129776,
					"bytes":	1703936,
					"bits_per_second":	13631596.875869595,
					"retransmits":	0,
					"snd_cwnd":	360848,
					"snd_wnd":	1359360,
					"rtt":	309350,
					"rttvar":	7779,
					"pmtu":	1500,
					"reorder":	0,
					"omitted":	false,
					"sender":	true
				}],
			"sum":	{
				"start":	3.001088,
				"end":	4.00108,
				"seconds":	0.9999920129776,
				"bytes":	1703936,
				"bits_per_second":	13631596.875869595,
				"retransmits":	0,
				"omitted":	false,
				"sender":	true
			}
		}, {
			"streams":	[{
					"socket":	5,
					"start":	4.00108,
					"end":	5.001111,
					"seconds":	1.0000309944152832,
					"bytes":	2359296,
					"bits_per_second":	18873783.01813117,
					"retransmits":	0,
					"snd_cwnd":	437760,
					"snd_wnd":	1835648,
					"rtt":	169337,
					"rttvar":	5664,
					"pmtu":	1500,
					"reorder":	0,
					"omitted":	false,
					"sender":	true
				}],
			"sum":	{
				"start":	4.00108,
				"end":	5.001111,
				"seconds":	1.0000309944152832,
				"bytes":	2359296,
				"bits_per_second":	18873783.01813117,
				"retransmits":	0,
				"omitted":	false,
				"sender":	true
			}
		}, {
			"streams":	[{
					"socket":	5,
					"start":	5.001111,
					"end":	6.001071,
					"seconds":	0.99996000528335571,
					"bytes":	2752512,
					"bits_per_second":	22020976.722724255,
					"retransmits":	0,
					"snd_cwnd":	515584,
					"snd_wnd":	1888960,
					"rtt":	292617,
					"rttvar":	10765,
					"pmtu":	1500,
					"reorder":	0,
					"omitted":	false,
					"sender":	true
				}],
			"sum":	{
				"start":	5.001111,
				"end":	6.001071,
				"seconds":	0.99996000528335571,
				"bytes":	2752512,
				"bits_per_second":	22020976.722724255,
				"retransmits":	0,
				"omitted":	false,
				"sender":	true
			}
		}, {
			"streams":	[{
					"socket":	5,
					"start":	6.001071,
					"end":	7.001105,
					"seconds":	1.000033974647522,
					"bytes":	1441792,
					"bits_per_second":	11533944.138313362,
					"retransmits":	0,
					"snd_cwnd":	592496,
					"snd_wnd":	1904768,
					"rtt":	355876,
					"rttvar":	2045,
					"pmtu":	1500,
					"reorder":	0,
					"omitted":	false,
					"sender":	true
				}],
			"sum":	{
				"start":	6.001071,
				"end":	7.001105,
				"seconds":	1.000033974647522,
				"bytes":	1441792,
				"bits_per_second":	11533944.138313362,
				"retransmits":	0,
				"omitted":	false,
				"sender":	true
			}
		}, {
			"streams":	[{
					"socket":	5,
					"start":	7.001105,
					"end":	8.001103,
					"seconds":	0.99999797344207764,
					"bytes":	1310720,
					"bits_per_second":	10485781.250043064,
					"retransmits":	0,
					"snd_cwnd":	670016,
					"snd_wnd":	1930880,
					"rtt":	377338,
					"rttvar":	4775,
					"pmtu":	1500,
					"reorder":	0,
					"omitted":	false,
					"sender":	true
				}],
			"sum":	{
				"start":	7.001105,
				"end":	8.001103,
				"seconds":	0.99999797344207764,
				"bytes":	1310720,
				"bits_per_second":	10485781.250043064,
				"retransmits":	0,
				"omitted":	false,
				"sender":	true
			}
		}, {
			"streams":	[{
					"socket":	5,
					"start":	8.001103,
					"end":	9.00111,
					"seconds":	1.0000070333480835,
					"bytes":	1441792,
					"bits_per_second":	11534254.875570577,
					"retransmits":	0,
					"snd_cwnd":	757264,
					"snd_wnd":	1933312,
					"rtt":	405129,
					"rttvar":	1993,
					"pmtu":	1500,
					"reorder":	0,
					"omitted":	false,
					"sender":	true
				}],
			"sum":	{
				"start":	8.001103,
				"end":	9.00111,
				"seconds":	1.0000070333480835,
				"bytes":	1441792,
				"bits_per_second":	11534254.875570577,
				"retransmits":	0,
				"omitted":	false,
				"sender":	true
			}
		}, {
			"streams":	[{
					"socket":	5,
					"start":	9.00111,
					"end":	10.001984,
					"seconds":	1.0008740425109863,
					"bytes":	1441792,
					"bits_per_second":	11524263.303964535,
					"retransmits":	0,
					"snd_cwnd":	836912,
					"snd_wnd":	1933888,
					"rtt":	410589,
					"rttvar":	15097,
					"pmtu":	1500,
					"reorder":	0,
					"omitted":	false,
					"sender":	true
				}],
			"sum":	{
				"start":	9.00111,
				"end":	10.001984,
				"seconds":	1.0008740425109863,
				"bytes":	1441792,
				"bits_per_second":	11524263.303964535,
				"retransmits":	0,
				"omitted":	false,
				"sender":	true
			}
		}],
	"end":	{
		"streams":	[{
				"sender":	{
					"socket":	5,
					"start":	0,
					"end":	10.001984,
					"seconds":	10.001984,
					"bytes":	19005440,
					"bits_per_second":	15201336.0549267,
					"retransmits":	0,
					"reorder":	0,
					"max_snd_cwnd":	836912,
					"max_snd_wnd":	1933888,
					"max_rtt":	410589,
					"min_rtt":	69238,
					"mean_rtt":	269208,
					"sender":	true
				},
				"receiver":	{
					"socket":	5,
					"start":	0,
					"end":	10.043592,
					"seconds":	10.001984,
					"bytes":	16515072,
					"bits_per_second":	13154713.572594346,
					"sender":	true
				}
			}],
		"sum_sent":	{
			"start":	0,
			"end":	10.001984,
			"seconds":	10.001984,
			"bytes":	19005440,
			"bits_per_second":	15201336.0549267,
			"retransmits":	0,
			"sender":	true
		},
		"sum_received":	{
			"start":	0,
			"end":	10.043592,
			"seconds":	10.043592,
			"bytes":	16515072,
			"bits_per_second":	13154713.572594346,
			"sender":	true
		},
		"cpu_utilization_percent":	{
			"host_total":	0.1867560885784138,
			"host_user":	0,
			"host_system":	0.18676602611305854,
			"remote_total":	8.62585158057418,
			"remote_user":	0.654447939929411,
			"remote_system":	7.9713739105789
		},
		"sender_tcp_congestion":	"cubic",
		"receiver_tcp_congestion":	"cubic"
	}
}
{
	"start":	{
		"connected":	[{
				"socket":	5,
				"local_host":	"192.168.1.48",
				"local_port":	42896,
				"remote_host":	"192.168.1.58",
				"remote_port":	5201
			}],
		"version":	"iperf 3.20",
		"system_info":	"Linux kuroi-washi 6.19.11+kali-amd64 #1 SMP PREEMPT_DYNAMIC Kali 6.19.11-1kali1 (2026-04-09) x86_64",
		"timestamp":	{
			"time":	"Thu, 23 Apr 2026 22:45:19 GMT",
			"timesecs":	1776984319,
			"timemillisecs":	1776984319948
		},
		"connecting_to":	{
			"host":	"192.168.1.58",
			"port":	5201
		},
		"cookie":	"mz2hflbnjhlpf72l5hxyt3p6w5cykc3nr2ds",
		"tcp_mss":	316,
		"target_bitrate":	0,
		"fq_rate":	0,
		"sock_bufsize":	0,
		"sndbuf_actual":	16384,
		"rcvbuf_actual":	131072,
		"test_start":	{
			"protocol":	"TCP",
			"num_streams":	1,
			"blksize":	131072,
			"omit":	0,
			"duration":	10,
			"bytes":	0,
			"blocks":	0,
			"reverse":	0,
			"tos":	0,
			"target_bitrate":	0,
			"bidir":	0,
			"fqrate":	0,
			"interval":	1
		}
	},
	"intervals":	[{
			"streams":	[{
					"socket":	5,
					"start":	0,
					"end":	1.000979,
					"seconds":	1.000978946685791,
					"bytes":	2490368,
					"bits_per_second":	19903459.574214049,
					"retransmits":	0,
					"snd_cwnd":	107312,
					"snd_wnd":	973504,
					"rtt":	56346,
					"rttvar":	1650,
					"pmtu":	1500,
					"reorder":	0,
					"omitted":	false,
					"sender":	true
				}],
			"sum":	{
				"start":	0,
				"end":	1.000979,
				"seconds":	1.000978946685791,
				"bytes":	2490368,
				"bits_per_second":	19903459.574214049,
				"retransmits":	0,
				"omitted":	false,
				"sender":	true
			}
		}, {
			"streams":	[{
					"socket":	5,
					"start":	1.000979,
					"end":	2.000987,
					"seconds":	1.0000079870224,
					"bytes":	2359296,
					"bits_per_second":	18874217.251204032,
					"retransmits":	0,
					"snd_cwnd":	196384,
					"snd_wnd":	1718528,
					"rtt":	144509,
					"rttvar":	3739,
					"pmtu":	1500,
					"reorder":	0,
					"omitted":	false,
					"sender":	true
				}],
			"sum":	{
				"start":	1.000979,
				"end":	2.000987,
				"seconds":	1.0000079870224,
				"bytes":	2359296,
				"bits_per_second":	18874217.251204032,
				"retransmits":	0,
				"omitted":	false,
				"sender":	true
			}
		}, {
			"streams":	[{
					"socket":	5,
					"start":	2.000987,
					"end":	3.001076,
					"seconds":	1.0000890493392944,
					"bytes":	2228224,
					"bits_per_second":	17824204.766342107,
					"retransmits":	0,
					"snd_cwnd":	274512,
					"snd_wnd":	1737984,
					"rtt":	158567,
					"rttvar":	2156,
					"pmtu":	1500,
					"reorder":	0,
					"omitted":	false,
					"sender":	true
				}],
			"sum":	{
				"start":	2.000987,
				"end":	3.001076,
				"seconds":	1.0000890493392944,
				"bytes":	2228224,
				"bits_per_second":	17824204.766342107,
				"retransmits":	0,
				"omitted":	false,
				"sender":	true
			}
		}, {
			"streams":	[{
					"socket":	5,
					"start":	3.001076,
					"end":	4.00098,
					"seconds":	0.999903976917267,
					"bytes":	1835008,
					"bits_per_second":	14681473.760369537,
					"retransmits":	0,
					"snd_cwnd":	354768,
					"snd_wnd":	1747712,
					"rtt":	210298,
					"rttvar":	1924,
					"pmtu":	1500,
					"reorder":	0,
					"omitted":	false,
					"sender":	true
				}],
			"sum":	{
				"start":	3.001076,
				"end":	4.00098,
				"seconds":	0.999903976917267,
				"bytes":	1835008,
				"bits_per_second":	14681473.760369537,
				"retransmits":	0,
				"omitted":	false,
				"sender":	true
			}
		}, {
			"streams":	[{
					"socket":	5,
					"start":	4.00098,
					"end":	5.000907,
					"seconds":	0.99992698431015,
					"bytes":	2097152,
					"bits_per_second":	16778441.08945075,
					"retransmits":	0,
					"snd_cwnd":	432592,
					"snd_wnd":	1747712,
					"rtt":	259416,
					"rttvar":	4029,
					"pmtu":	1500,
					"reorder":	0,
					"omitted":	false,
					"sender":	true
				}],
			"sum":	{
				"start":	4.00098,
				"end":	5.000907,
				"seconds":	0.99992698431015,
				"bytes":	2097152,
				"bits_per_second":	16778441.08945075,
				"retransmits":	0,
				"omitted":	false,
				"sender":	true
			}
		}, {
			"streams":	[{
					"socket":	5,
					"start":	5.000907,
					"end":	6.000911,
					"seconds":	1.0000040531158447,
					"bytes":	1310720,
					"bits_per_second":	10485717.500172257,
					"retransmits":	0,
					"snd_cwnd":	509808,
					"snd_wnd":	1750144,
					"rtt":	292019,
					"rttvar":	3193,
					"pmtu":	1500,
					"reorder":	0,
					"omitted":	false,
					"sender":	true
				}],
			"sum":	{
				"start":	5.000907,
				"end":	6.000911,
				"seconds":	1.0000040531158447,
				"bytes":	1310720,
				"bits_per_second":	10485717.500172257,
				"retransmits":	0,
				"omitted":	false,
				"sender":	true
			}
		}, {
			"streams":	[{
					"socket":	5,
					"start":	6.000911,
					"end":	7.000907,
					"seconds":	0.9999960064888,
					"bytes":	1441792,
					"bits_per_second":	11534382.062683951,
					"retransmits":	0,
					"snd_cwnd":	584896,
					"snd_wnd":	1830528,
					"rtt":	322634,
					"rttvar":	2226,
					"pmtu":	1500,
					"reorder":	0,
					"omitted":	false,
					"sender":	true
				}],
			"sum":	{
				"start":	6.000911,
				"end":	7.000907,
				"seconds":	0.9999960064888,
				"bytes":	1441792,
				"bits_per_second":	11534382.062683951,
				"retransmits":	0,
				"omitted":	false,
				"sender":	true
			}
		}, {
			"streams":	[{
					"socket":	5,
					"start":	7.000907,
					"end":	8.00107,
					"seconds":	1.0001629590988159,
					"bytes":	3014656,
					"bits_per_second":	24113318.515345279,
					"retransmits":	0,
					"snd_cwnd":	664240,
					"snd_wnd":	1922368,
					"rtt":	413955,
					"rttvar":	3097,
					"pmtu":	1500,
					"reorder":	0,
					"omitted":	false,
					"sender":	true
				}],
			"sum":	{
				"start":	7.000907,
				"end":	8.00107,
				"seconds":	1.0001629590988159,
				"bytes":	3014656,
				"bits_per_second":	24113318.515345279,
				"retransmits":	0,
				"omitted":	false,
				"sender":	true
			}
		}, {
			"streams":	[{
					"socket":	5,
					"start":	8.00107,
					"end":	9.000964,
					"seconds":	0.99989402294158936,
					"bytes":	1310720,
					"bits_per_second":	10486871.367779488,
					"retransmits":	0,
					"snd_cwnd":	735376,
					"snd_wnd":	1927232,
					"rtt":	449550,
					"rttvar":	2695,
					"pmtu":	1500,
					"reorder":	0,
					"omitted":	false,
					"sender":	true
				}],
			"sum":	{
				"start":	8.00107,
				"end":	9.000964,
				"seconds":	0.99989402294158936,
				"bytes":	1310720,
				"bits_per_second":	10486871.367779488,
				"retransmits":	0,
				"omitted":	false,
				"sender":	true
			}
		}, {
			"streams":	[{
					"socket":	5,
					"start":	9.000964,
					"end":	10.001826,
					"seconds":	1.0008620023727417,
					"bytes":	1966080,
					"bits_per_second":	15715093.552070258,
					"retransmits":	1,
					"snd_cwnd":	824144,
					"snd_wnd":	1928448,
					"rtt":	153521,
					"rttvar":	5388,
					"pmtu":	1500,
					"reorder":	0,
					"omitted":	false,
					"sender":	true
				}],
			"sum":	{
				"start":	9.000964,
				"end":	10.001826,
				"seconds":	1.0008620023727417,
				"bytes":	1966080,
				"bits_per_second":	15715093.552070258,
				"retransmits":	1,
				"omitted":	false,
				"sender":	true
			}
		}],
	"end":	{
		"streams":	[{
				"sender":	{
					"socket":	5,
					"start":	0,
					"end":	10.001826,
					"seconds":	10.001826,
					"bytes":	20054016,
					"bits_per_second":	16040283.844170056,
					"retransmits":	1,
					"reorder":	0,
					"max_snd_cwnd":	824144,
					"max_snd_wnd":	1928448,
					"max_rtt":	449550,
					"min_rtt":	56346,
					"mean_rtt":	246081,
					"sender":	true
				},
				"receiver":	{
					"socket":	5,
					"start":	0,
					"end":	10.274904,
					"seconds":	10.001826,
					"bytes":	16908288,
					"bits_per_second":	13164726.794527717,
					"sender":	true
				}
			}],
		"sum_sent":	{
			"start":	0,
			"end":	10.001826,
			"seconds":	10.001826,
			"bytes":	20054016,
			"bits_per_second":	16040283.844170056,
			"retransmits":	1,
			"sender":	true
		},
		"sum_received":	{
			"start":	0,
			"end":	10.274904,
			"seconds":	10.274904,
			"bytes":	16908288,
			"bits_per_second":	13164726.794527717,
			"sender":	true
		},
		"cpu_utilization_percent":	{
			"host_total":	0.20498803896830275,
			"host_user":	0.028745837593770623,
			"host_system":	0.17625214115239995,
			"remote_total":	8.7366341506896568,
			"remote_user":	0.49277788758540775,
			"remote_system":	8.2438368852872
		},
		"sender_tcp_congestion":	"cubic",
		"receiver_tcp_congestion":	"cubic"
	}
}
{
	"start":	{
		"connected":	[{
				"socket":	5,
				"local_host":	"192.168.1.48",
				"local_port":	49564,
				"remote_host":	"192.168.1.58",
				"remote_port":	5201
			}],
		"version":	"iperf 3.20",
		"system_info":	"Linux kuroi-washi 6.19.11+kali-amd64 #1 SMP PREEMPT_DYNAMIC Kali 6.19.11-1kali1 (2026-04-09) x86_64",
		"timestamp":	{
			"time":	"Thu, 23 Apr 2026 22:45:30 GMT",
			"timesecs":	1776984330,
			"timemillisecs":	1776984330991
		},
		"connecting_to":	{
			"host":	"192.168.1.58",
			"port":	5201
		},
		"cookie":	"b3cd6ihlapsirkaxhy47i4wjvob4pijpendq",
		"tcp_mss":	316,
		"target_bitrate":	0,
		"fq_rate":	0,
		"sock_bufsize":	0,
		"sndbuf_actual":	16384,
		"rcvbuf_actual":	131072,
		"test_start":	{
			"protocol":	"TCP",
			"num_streams":	1,
			"blksize":	131072,
			"omit":	0,
			"duration":	10,
			"bytes":	0,
			"blocks":	0,
			"reverse":	0,
			"tos":	0,
			"target_bitrate":	0,
			"bidir":	0,
			"fqrate":	0,
			"interval":	1
		}
	},
	"intervals":	[{
			"streams":	[{
					"socket":	5,
					"start":	0,
					"end":	1.001089,
					"seconds":	1.0010889768600464,
					"bytes":	1703936,
					"bits_per_second":	13616659.772596518,
					"retransmits":	0,
					"snd_cwnd":	92112,
					"snd_wnd":	1301952,
					"rtt":	50939,
					"rttvar":	1113,
					"pmtu":	1500,
					"reorder":	0,
					"omitted":	false,
					"sender":	true
				}],
			"sum":	{
				"start":	0,
				"end":	1.001089,
				"seconds":	1.0010889768600464,
				"bytes":	1703936,
				"bits_per_second":	13616659.772596518,
				"retransmits":	0,
				"omitted":	false,
				"sender":	true
			}
		}, {
			"streams":	[{
					"socket":	5,
					"start":	1.001089,
					"end":	2.001099,
					"seconds":	1.0000100135803223,
					"bytes":	2097152,
					"bits_per_second":	16777048.001682265,
					"retransmits":	0,
					"snd_cwnd":	182704,
					"snd_wnd":	1914624,
					"rtt":	82957,
					"rttvar":	1351,
					"pmtu":	1500,
					"reorder":	0,
					"omitted":	false,
					"sender":	true
				}],
			"sum":	{
				"start":	1.001089,
				"end":	2.001099,
				"seconds":	1.0000100135803223,
				"bytes":	2097152,
				"bits_per_second":	16777048.001682265,
				"retransmits":	0,
				"omitted":	false,
				"sender":	true
			}
		}, {
			"streams":	[{
					"socket":	5,
					"start":	2.001099,
					"end":	3.0007,
					"seconds":	0.99960100650787354,
					"bytes":	1835008,
					"bits_per_second":	14685923.587937454,
					"retransmits":	0,
					"snd_cwnd":	250496,
					"snd_wnd":	1928448,
					"rtt":	161185,
					"rttvar":	3262,
					"pmtu":	1500,
					"reorder":	0,
					"omitted":	false,
					"sender":	true
				}],
			"sum":	{
				"start":	2.001099,
				"end":	3.0007,
				"seconds":	0.99960100650787354,
				"bytes":	1835008,
				"bits_per_second":	14685923.587937454,
				"retransmits":	0,
				"omitted":	false,
				"sender":	true
			}
		}, {
			"streams":	[{
					"socket":	5,
					"start":	3.0007,
					"end":	4.001078,
					"seconds":	1.0003780126571655,
					"bytes":	2490368,
					"bits_per_second":	19915415.720784832,
					"retransmits":	0,
					"snd_cwnd":	332576,
					"snd_wnd":	1932096,
					"rtt":	183986,
					"rttvar":	6615,
					"pmtu":	1500,
					"reorder":	0,
					"omitted":	false,
					"sender":	true
				}],
			"sum":	{
				"start":	3.0007,
				"end":	4.001078,
				"seconds":	1.0003780126571655,
				"bytes":	2490368,
				"bits_per_second":	19915415.720784832,
				"retransmits":	0,
				"omitted":	false,
				"sender":	true
			}
		}, {
			"streams":	[{
					"socket":	5,
					"start":	4.001078,
					"end":	5.001052,
					"seconds":	0.999974012374878,
					"bytes":	2228224,
					"bits_per_second":	17826255.26203908,
					"retransmits":	0,
					"snd_cwnd":	419520,
					"snd_wnd":	1933888,
					"rtt":	155800,
					"rttvar":	4740,
					"pmtu":	1500,
					"reorder":	0,
					"omitted":	false,
					"sender":	true
				}],
			"sum":	{
				"start":	4.001078,
				"end":	5.001052,
				"seconds":	0.999974012374878,
				"bytes":	2228224,
				"bits_per_second":	17826255.26203908,
				"retransmits":	0,
				"omitted":	false,
				"sender":	true
			}
		}, {
			"streams":	[{
					"socket":	5,
					"start":	5.001052,
					"end":	6.001122,
					"seconds":	1.0000699758529663,
					"bytes":	1441792,
					"bits_per_second":	11533528.931475308,
					"retransmits":	0,
					"snd_cwnd":	493696,
					"snd_wnd":	1933888,
					"rtt":	55171,
					"rttvar":	16926,
					"pmtu":	1500,
					"reorder":	0,
					"omitted":	false,
					"sender":	true
				}],
			"sum":	{
				"start":	5.001052,
				"end":	6.001122,
				"seconds":	1.0000699758529663,
				"bytes":	1441792,
				"bits_per_second":	11533528.931475308,
				"retransmits":	0,
				"omitted":	false,
				"sender":	true
			}
		}, {
			"streams":	[{
					"socket":	5,
					"start":	6.001122,
					"end":	7.001105,
					"seconds":	0.999983012676239,
					"bytes":	3276800,
					"bits_per_second":	26214845.320064794,
					"retransmits":	0,
					"snd_cwnd":	591280,
					"snd_wnd":	1933888,
					"rtt":	45432,
					"rttvar":	1852,
					"pmtu":	1500,
					"reorder":	0,
					"omitted":	false,
					"sender":	true
				}],
			"sum":	{
				"start":	6.001122,
				"end":	7.001105,
				"seconds":	0.999983012676239,
				"bytes":	3276800,
				"bits_per_second":	26214845.320064794,
				"retransmits":	0,
				"omitted":	false,
				"sender":	true
			}
		}, {
			"streams":	[{
					"socket":	5,
					"start":	7.001105,
					"end":	8.000764,
					"seconds":	0.99965900182724,
					"bytes":	0,
					"bits_per_second":	0,
					"retransmits":	0,
					"snd_cwnd":	656336,
					"snd_wnd":	1933888,
					"rtt":	176096,
					"rttvar":	110568,
					"pmtu":	1500,
					"reorder":	0,
					"omitted":	false,
					"sender":	true
				}],
			"sum":	{
				"start":	7.001105,
				"end":	8.000764,
				"seconds":	0.99965900182724,
				"bytes":	0,
				"bits_per_second":	0,
				"retransmits":	0,
				"omitted":	false,
				"sender":	true
			}
		}, {
			"streams":	[{
					"socket":	5,
					"start":	8.000764,
					"end":	9.001108,
					"seconds":	1.0003440380096436,
					"bytes":	1310720,
					"bits_per_second":	10482153.740690276,
					"retransmits":	0,
					"snd_cwnd":	728080,
					"snd_wnd":	1933888,
					"rtt":	57986,
					"rttvar":	54929,
					"pmtu":	1500,
					"reorder":	0,
					"omitted":	false,
					"sender":	true
				}],
			"sum":	{
				"start":	8.000764,
				"end":	9.001108,
				"seconds":	1.0003440380096436,
				"bytes":	1310720,
				"bits_per_second":	10482153.740690276,
				"retransmits":	0,
				"omitted":	false,
				"sender":	true
			}
		}, {
			"streams":	[{
					"socket":	5,
					"start":	9.001108,
					"end":	10.002278,
					"seconds":	1.0011700391769409,
					"bytes":	2097152,
					"bits_per_second":	16757608.941027142,
					"retransmits":	0,
					"snd_cwnd":	807728,
					"snd_wnd":	1933888,
					"rtt":	59598,
					"rttvar":	10145,
					"pmtu":	1500,
					"reorder":	0,
					"omitted":	false,
					"sender":	true
				}],
			"sum":	{
				"start":	9.001108,
				"end":	10.002278,
				"seconds":	1.0011700391769409,
				"bytes":	2097152,
				"bits_per_second":	16757608.941027142,
				"retransmits":	0,
				"omitted":	false,
				"sender":	true
			}
		}],
	"end":	{
		"streams":	[{
				"sender":	{
					"socket":	5,
					"start":	0,
					"end":	10.002278,
					"seconds":	10.002278,
					"bytes":	18481152,
					"bits_per_second":	14781554.361916354,
					"retransmits":	0,
					"reorder":	0,
					"max_snd_cwnd":	807728,
					"max_snd_wnd":	1933888,
					"max_rtt":	183986,
					"min_rtt":	45432,
					"mean_rtt":	102915,
					"sender":	true
				},
				"receiver":	{
					"socket":	5,
					"start":	0,
					"end":	10.450891,
					"seconds":	10.002278,
					"bytes":	15466496,
					"bits_per_second":	11839370.250823589,
					"sender":	true
				}
			}],
		"sum_sent":	{
			"start":	0,
			"end":	10.002278,
			"seconds":	10.002278,
			"bytes":	18481152,
			"bits_per_second":	14781554.361916354,
			"retransmits":	0,
			"sender":	true
		},
		"sum_received":	{
			"start":	0,
			"end":	10.450891,
			"seconds":	10.450891,
			"bytes":	15466496,
			"bits_per_second":	11839370.250823589,
			"sender":	true
		},
		"cpu_utilization_percent":	{
			"host_total":	0.18926379486160061,
			"host_user":	0,
			"host_system":	0.18926379486160061,
			"remote_total":	7.7770069418803418,
			"remote_user":	0.10117379025757307,
			"remote_system":	7.67581420699394
		},
		"sender_tcp_congestion":	"cubic",
		"receiver_tcp_congestion":	"cubic"
	}
}
{
	"start":	{
		"connected":	[{
				"socket":	5,
				"local_host":	"192.168.1.48",
				"local_port":	58400,
				"remote_host":	"192.168.1.58",
				"remote_port":	5201
			}],
		"version":	"iperf 3.20",
		"system_info":	"Linux kuroi-washi 6.19.11+kali-amd64 #1 SMP PREEMPT_DYNAMIC Kali 6.19.11-1kali1 (2026-04-09) x86_64",
		"timestamp":	{
			"time":	"Thu, 23 Apr 2026 22:45:41 GMT",
			"timesecs":	1776984341,
			"timemillisecs":	1776984341661
		},
		"connecting_to":	{
			"host":	"192.168.1.58",
			"port":	5201
		},
		"cookie":	"vpltwtm4dgxa2t5wzjhiivph5iijx6j3fzyz",
		"tcp_mss":	316,
		"target_bitrate":	0,
		"fq_rate":	0,
		"sock_bufsize":	0,
		"sndbuf_actual":	16384,
		"rcvbuf_actual":	131072,
		"test_start":	{
			"protocol":	"TCP",
			"num_streams":	1,
			"blksize":	131072,
			"omit":	0,
			"duration":	10,
			"bytes":	0,
			"blocks":	0,
			"reverse":	0,
			"tos":	0,
			"target_bitrate":	0,
			"bidir":	0,
			"fqrate":	0,
			"interval":	1
		}
	},
	"intervals":	[{
			"streams":	[{
					"socket":	5,
					"start":	0,
					"end":	1.001108,
					"seconds":	1.0011080503463745,
					"bytes":	2490368,
					"bits_per_second":	19900892.808830015,
					"retransmits":	0,
					"snd_cwnd":	96976,
					"snd_wnd":	927232,
					"rtt":	28422,
					"rttvar":	9959,
					"pmtu":	1500,
					"reorder":	0,
					"omitted":	false,
					"sender":	true
				}],
			"sum":	{
				"start":	0,
				"end":	1.001108,
				"seconds":	1.0011080503463745,
				"bytes":	2490368,
				"bits_per_second":	19900892.808830015,
				"retransmits":	0,
				"omitted":	false,
				"sender":	true
			}
		}, {
			"streams":	[{
					"socket":	5,
					"start":	1.001108,
					"end":	2.001097,
					"seconds":	0.99998897314071655,
					"bytes":	2097152,
					"bits_per_second":	16777401.002039991,
					"retransmits":	0,
					"snd_cwnd":	186960,
					"snd_wnd":	1559552,
					"rtt":	72266,
					"rttvar":	3484,
					"pmtu":	1500,
					"reorder":	0,
					"omitted":	false,
					"sender":	true
				}],
			"sum":	{
				"start":	1.001108,
				"end":	2.001097,
				"seconds":	0.99998897314071655,
				"bytes":	2097152,
				"bits_per_second":	16777401.002039991,
				"retransmits":	0,
				"omitted":	false,
				"sender":	true
			}
		}, {
			"streams":	[{
					"socket":	5,
					"start":	2.001097,
					"end":	3.001103,
					"seconds":	1.0000059604644775,
					"bytes":	2228224,
					"bits_per_second":	17825685.7506333,
					"retransmits":	0,
					"snd_cwnd":	250800,
					"snd_wnd":	1809920,
					"rtt":	47033,
					"rttvar":	11989,
					"pmtu":	1500,
					"reorder":	0,
					"omitted":	false,
					"sender":	true
				}],
			"sum":	{
				"start":	2.001097,
				"end":	3.001103,
				"seconds":	1.0000059604644775,
				"bytes":	2228224,
				"bits_per_second":	17825685.7506333,
				"retransmits":	0,
				"omitted":	false,
				"sender":	true
			}
		}, {
			"streams":	[{
					"socket":	5,
					"start":	3.001103,
					"end":	4.001114,
					"seconds":	1.0000109672546387,
					"bytes":	1703936,
					"bits_per_second":	13631338.501639586,
					"retransmits":	0,
					"snd_cwnd":	322240,
					"snd_wnd":	1870720,
					"rtt":	215185,
					"rttvar":	3572,
					"pmtu":	1500,
					"reorder":	0,
					"omitted":	false,
					"sender":	true
				}],
			"sum":	{
				"start":	3.001103,
				"end":	4.001114,
				"seconds":	1.0000109672546387,
				"bytes":	1703936,
				"bits_per_second":	13631338.501639586,
				"retransmits":	0,
				"omitted":	false,
				"sender":	true
			}
		}, {
			"streams":	[{
					"socket":	5,
					"start":	4.001114,
					"end":	5.001053,
					"seconds":	0.99993902444839478,
					"bytes":	2097152,
					"bits_per_second":	16778239.062381793,
					"retransmits":	0,
					"snd_cwnd":	401584,
					"snd_wnd":	1904128,
					"rtt":	257302,
					"rttvar":	3085,
					"pmtu":	1500,
					"reorder":	0,
					"omitted":	false,
					"sender":	true
				}],
			"sum":	{
				"start":	4.001114,
				"end":	5.001053,
				"seconds":	0.99993902444839478,
				"bytes":	2097152,
				"bits_per_second":	16778239.062381793,
				"retransmits":	0,
				"omitted":	false,
				"sender":	true
			}
		}, {
			"streams":	[{
					"socket":	5,
					"start":	5.001053,
					"end":	6.001146,
					"seconds":	1.0000929832458496,
					"bytes":	2490368,
					"bits_per_second":	19921091.672235448,
					"retransmits":	0,
					"snd_cwnd":	485792,
					"snd_wnd":	1925376,
					"rtt":	282262,
					"rttvar":	3924,
					"pmtu":	1500,
					"reorder":	0,
					"omitted":	false,
					"sender":	true
				}],
			"sum":	{
				"start":	5.001053,
				"end":	6.001146,
				"seconds":	1.0000929832458496,
				"bytes":	2490368,
				"bits_per_second":	19921091.672235448,
				"retransmits":	0,
				"omitted":	false,
				"sender":	true
			}
		}, {
			"streams":	[{
					"socket":	5,
					"start":	6.001146,
					"end":	7.001184,
					"seconds":	1.0000380277633667,
					"bytes":	1441792,
					"bits_per_second":	11533897.391679293,
					"retransmits":	0,
					"snd_cwnd":	575776,
					"snd_wnd":	1933312,
					"rtt":	201773,
					"rttvar":	13332,
					"pmtu":	1500,
					"reorder":	0,
					"omitted":	false,
					"sender":	true
				}],
			"sum":	{
				"start":	6.001146,
				"end":	7.001184,
				"seconds":	1.0000380277633667,
				"bytes":	1441792,
				"bits_per_second":	11533897.391679293,
				"retransmits":	0,
				"omitted":	false,
				"sender":	true
			}
		}, {
			"streams":	[{
					"socket":	5,
					"start":	7.001184,
					"end":	8.001056,
					"seconds":	0.99987202882766724,
					"bytes":	1441792,
					"bits_per_second":	11535812.251417624,
					"retransmits":	0,
					"snd_cwnd":	667888,
					"snd_wnd":	1934528,
					"rtt":	63994,
					"rttvar":	14855,
					"pmtu":	1500,
					"reorder":	0,
					"omitted":	false,
					"sender":	true
				}],
			"sum":	{
				"start":	7.001184,
				"end":	8.001056,
				"seconds":	0.99987202882766724,
				"bytes":	1441792,
				"bits_per_second":	11535812.251417624,
				"retransmits":	0,
				"omitted":	false,
				"sender":	true
			}
		}, {
			"streams":	[{
					"socket":	5,
					"start":	8.001056,
					"end":	9.001105,
					"seconds":	1.0000489950180054,
					"bytes":	1966080,
					"bits_per_second":	15727869.412754936,
					"retransmits":	0,
					"snd_cwnd":	741760,
					"snd_wnd":	1934528,
					"rtt":	203900,
					"rttvar":	65918,
					"pmtu":	1500,
					"reorder":	0,
					"omitted":	false,
					"sender":	true
				}],
			"sum":	{
				"start":	8.001056,
				"end":	9.001105,
				"seconds":	1.0000489950180054,
				"bytes":	1966080,
				"bits_per_second":	15727869.412754936,
				"retransmits":	0,
				"omitted":	false,
				"sender":	true
			}
		}, {
			"streams":	[{
					"socket":	5,
					"start":	9.001105,
					"end":	10.001968,
					"seconds":	1.0008629560470581,
					"bytes":	1572864,
					"bits_per_second":	12572062.862328958,
					"retransmits":	0,
					"snd_cwnd":	780064,
					"snd_wnd":	1934528,
					"rtt":	235947,
					"rttvar":	84892,
					"pmtu":	1500,
					"reorder":	0,
					"omitted":	false,
					"sender":	true
				}],
			"sum":	{
				"start":	9.001105,
				"end":	10.001968,
				"seconds":	1.0008629560470581,
				"bytes":	1572864,
				"bits_per_second":	12572062.862328958,
				"retransmits":	0,
				"omitted":	false,
				"sender":	true
			}
		}],
	"end":	{
		"streams":	[{
				"sender":	{
					"socket":	5,
					"start":	0,
					"end":	10.001968,
					"seconds":	10.001968,
					"bytes":	19529728,
					"bits_per_second":	15620708.24461746,
					"retransmits":	0,
					"reorder":	0,
					"max_snd_cwnd":	780064,
					"max_snd_wnd":	1934528,
					"max_rtt":	282262,
					"min_rtt":	28422,
					"mean_rtt":	160808,
					"sender":	true
				},
				"receiver":	{
					"socket":	5,
					"start":	0,
					"end":	10.059281,
					"seconds":	10.001968,
					"bytes":	16252928,
					"bits_per_second":	12925717.454358814,
					"sender":	true
				}
			}],
		"sum_sent":	{
			"start":	0,
			"end":	10.001968,
			"seconds":	10.001968,
			"bytes":	19529728,
			"bits_per_second":	15620708.24461746,
			"retransmits":	0,
			"sender":	true
		},
		"sum_received":	{
			"start":	0,
			"end":	10.059281,
			"seconds":	10.059281,
			"bytes":	16252928,
			"bits_per_second":	12925717.454358814,
			"sender":	true
		},
		"cpu_utilization_percent":	{
			"host_total":	0.1993149795593612,
			"host_user":	0,
			"host_system":	0.1993149795593612,
			"remote_total":	8.72401991768381,
			"remote_user":	0.27789332616691448,
			"remote_system":	8.44610680206871
		},
		"sender_tcp_congestion":	"cubic",
		"receiver_tcp_congestion":	"cubic"
	}
}
{
	"start":	{
		"connected":	[{
				"socket":	5,
				"local_host":	"192.168.1.48",
				"local_port":	44372,
				"remote_host":	"192.168.1.58",
				"remote_port":	5201
			}],
		"version":	"iperf 3.20",
		"system_info":	"Linux kuroi-washi 6.19.11+kali-amd64 #1 SMP PREEMPT_DYNAMIC Kali 6.19.11-1kali1 (2026-04-09) x86_64",
		"timestamp":	{
			"time":	"Thu, 23 Apr 2026 22:45:52 GMT",
			"timesecs":	1776984352,
			"timemillisecs":	1776984352408
		},
		"connecting_to":	{
			"host":	"192.168.1.58",
			"port":	5201
		},
		"cookie":	"peslf7yq7lcjy3njnpqpzo4baabbi5npex4l",
		"tcp_mss":	316,
		"target_bitrate":	0,
		"fq_rate":	0,
		"sock_bufsize":	0,
		"sndbuf_actual":	16384,
		"rcvbuf_actual":	131072,
		"test_start":	{
			"protocol":	"TCP",
			"num_streams":	1,
			"blksize":	131072,
			"omit":	0,
			"duration":	10,
			"bytes":	0,
			"blocks":	0,
			"reverse":	0,
			"tos":	0,
			"target_bitrate":	0,
			"bidir":	0,
			"fqrate":	0,
			"interval":	1
		}
	},
	"intervals":	[{
			"streams":	[{
					"socket":	5,
					"start":	0,
					"end":	1.001147,
					"seconds":	1.0011470317840576,
					"bytes":	2228224,
					"bits_per_second":	17805368.676201534,
					"retransmits":	0,
					"snd_cwnd":	95760,
					"snd_wnd":	1114560,
					"rtt":	66706,
					"rttvar":	5907,
					"pmtu":	1500,
					"reorder":	0,
					"omitted":	false,
					"sender":	true
				}],
			"sum":	{
				"start":	0,
				"end":	1.001147,
				"seconds":	1.0011470317840576,
				"bytes":	2228224,
				"bits_per_second":	17805368.676201534,
				"retransmits":	0,
				"omitted":	false,
				"sender":	true
			}
		}, {
			"streams":	[{
					"socket":	5,
					"start":	1.001147,
					"end":	2.001068,
					"seconds":	0.99992102384567261,
					"bytes":	1966080,
					"bits_per_second":	15729882.28561094,
					"retransmits":	0,
					"snd_cwnd":	162944,
					"snd_wnd":	1143744,
					"rtt":	99401,
					"rttvar":	1327,
					"pmtu":	1500,
					"reorder":	0,
					"omitted":	false,
					"sender":	true
				}],
			"sum":	{
				"start":	1.001147,
				"end":	2.001068,
				"seconds":	0.99992102384567261,
				"bytes":	1966080,
				"bits_per_second":	15729882.28561094,
				"retransmits":	0,
				"omitted":	false,
				"sender":	true
			}
		}, {
			"streams":	[{
					"socket":	5,
					"start":	2.001068,
					"end":	3.001067,
					"seconds":	0.99999898672103882,
					"bytes":	1703936,
					"bits_per_second":	13631501.812513996,
					"retransmits":	0,
					"snd_cwnd":	240464,
					"snd_wnd":	1143744,
					"rtt":	161491,
					"rttvar":	1337,
					"pmtu":	1500,
					"reorder":	0,
					"omitted":	false,
					"sender":	true
				}],
			"sum":	{
				"start":	2.001068,
				"end":	3.001067,
				"seconds":	0.99999898672103882,
				"bytes":	1703936,
				"bits_per_second":	13631501.812513996,
				"retransmits":	0,
				"omitted":	false,
				"sender":	true
			}
		}, {
			"streams":	[{
					"socket":	5,
					"start":	3.001067,
					"end":	4.001068,
					"seconds":	1.0000009536743164,
					"bytes":	2359296,
					"bits_per_second":	18874350.000017166,
					"retransmits":	0,
					"snd_cwnd":	324064,
					"snd_wnd":	1333440,
					"rtt":	167670,
					"rttvar":	4236,
					"pmtu":	1500,
					"reorder":	0,
					"omitted":	false,
					"sender":	true
				}],
			"sum":	{
				"start":	3.001067,
				"end":	4.001068,
				"seconds":	1.0000009536743164,
				"bytes":	2359296,
				"bits_per_second":	18874350.000017166,
				"retransmits":	0,
				"omitted":	false,
				"sender":	true
			}
		}, {
			"streams":	[{
					"socket":	5,
					"start":	4.001068,
					"end":	5.001125,
					"seconds":	1.0000569820404053,
					"bytes":	1966080,
					"bits_per_second":	15727743.801067244,
					"retransmits":	0,
					"snd_cwnd":	400368,
					"snd_wnd":	1512192,
					"rtt":	269496,
					"rttvar":	2394,
					"pmtu":	1500,
					"reorder":	0,
					"omitted":	false,
					"sender":	true
				}],
			"sum":	{
				"start":	4.001068,
				"end":	5.001125,
				"seconds":	1.0000569820404053,
				"bytes":	1966080,
				"bits_per_second":	15727743.801067244,
				"retransmits":	0,
				"omitted":	false,
				"sender":	true
			}
		}, {
			"streams":	[{
					"socket":	5,
					"start":	5.001125,
					"end":	6.001105,
					"seconds":	0.99997997283935547,
					"bytes":	2490368,
					"bits_per_second":	19923343.007991,
					"retransmits":	0,
					"snd_cwnd":	483360,
					"snd_wnd":	1866048,
					"rtt":	176885,
					"rttvar":	29780,
					"pmtu":	1500,
					"reorder":	0,
					"omitted":	false,
					"sender":	true
				}],
			"sum":	{
				"start":	5.001125,
				"end":	6.001105,
				"seconds":	0.99997997283935547,
				"bytes":	2490368,
				"bits_per_second":	19923343.007991,
				"retransmits":	0,
				"omitted":	false,
				"sender":	true
			}
		}, {
			"streams":	[{
					"socket":	5,
					"start":	6.001105,
					"end":	7.001117,
					"seconds":	1.0000120401382446,
					"bytes":	1441792,
					"bits_per_second":	11534197.126672054,
					"retransmits":	0,
					"snd_cwnd":	559056,
					"snd_wnd":	1929024,
					"rtt":	323179,
					"rttvar":	3327,
					"pmtu":	1500,
					"reorder":	0,
					"omitted":	false,
					"sender":	true
				}],
			"sum":	{
				"start":	6.001105,
				"end":	7.001117,
				"seconds":	1.0000120401382446,
				"bytes":	1441792,
				"bits_per_second":	11534197.126672054,
				"retransmits":	0,
				"omitted":	false,
				"sender":	true
			}
		}, {
			"streams":	[{
					"socket":	5,
					"start":	7.001117,
					"end":	8.00111,
					"seconds":	0.99999302625656128,
					"bytes":	1441792,
					"bits_per_second":	11534416.438060954,
					"retransmits":	0,
					"snd_cwnd":	647824,
					"snd_wnd":	1932672,
					"rtt":	301416,
					"rttvar":	523,
					"pmtu":	1500,
					"reorder":	0,
					"omitted":	false,
					"sender":	true
				}],
			"sum":	{
				"start":	7.001117,
				"end":	8.00111,
				"seconds":	0.99999302625656128,
				"bytes":	1441792,
				"bits_per_second":	11534416.438060954,
				"retransmits":	0,
				"omitted":	false,
				"sender":	true
			}
		}, {
			"streams":	[{
					"socket":	5,
					"start":	8.00111,
					"end":	9.001063,
					"seconds":	0.99995297193527222,
					"bytes":	1441792,
					"bits_per_second":	11534878.463010985,
					"retransmits":	0,
					"snd_cwnd":	723824,
					"snd_wnd":	1933888,
					"rtt":	68251,
					"rttvar":	38456,
					"pmtu":	1500,
					"reorder":	0,
					"omitted":	false,
					"sender":	true
				}],
			"sum":	{
				"start":	8.00111,
				"end":	9.001063,
				"seconds":	0.99995297193527222,
				"bytes":	1441792,
				"bits_per_second":	11534878.463010985,
				"retransmits":	0,
				"omitted":	false,
				"sender":	true
			}
		}, {
			"streams":	[{
					"socket":	5,
					"start":	9.001063,
					"end":	10.002255,
					"seconds":	1.0011919736862183,
					"bytes":	1835008,
					"bits_per_second":	14662586.582621617,
					"retransmits":	0,
					"snd_cwnd":	797392,
					"snd_wnd":	1933888,
					"rtt":	521314,
					"rttvar":	5101,
					"pmtu":	1500,
					"reorder":	0,
					"omitted":	false,
					"sender":	true
				}],
			"sum":	{
				"start":	9.001063,
				"end":	10.002255,
				"seconds":	1.0011919736862183,
				"bytes":	1835008,
				"bits_per_second":	14662586.582621617,
				"retransmits":	0,
				"omitted":	false,
				"sender":	true
			}
		}],
	"end":	{
		"streams":	[{
				"sender":	{
					"socket":	5,
					"start":	0,
					"end":	10.002255,
					"seconds":	10.002255,
					"bytes":	18874368,
					"bits_per_second":	15096090.231652763,
					"retransmits":	0,
					"reorder":	0,
					"max_snd_cwnd":	797392,
					"max_snd_wnd":	1933888,
					"max_rtt":	521314,
					"min_rtt":	66706,
					"mean_rtt":	215580,
					"sender":	true
				},
				"receiver":	{
					"socket":	5,
					"start":	0,
					"end":	10.145362,
					"seconds":	10.002255,
					"bytes":	15990784,
					"bits_per_second":	12609335.379062865,
					"sender":	true
				}
			}],
		"sum_sent":	{
			"start":	0,
			"end":	10.002255,
			"seconds":	10.002255,
			"bytes":	18874368,
			"bits_per_second":	15096090.231652763,
			"retransmits":	0,
			"sender":	true
		},
		"sum_received":	{
			"start":	0,
			"end":	10.145362,
			"seconds":	10.145362,
			"bytes":	15990784,
			"bits_per_second":	12609335.379062865,
			"sender":	true
		},
		"cpu_utilization_percent":	{
			"host_total":	0.18640831672156757,
			"host_user":	0,
			"host_system":	0.1864182574381163,
			"remote_total":	8.7869180612590334,
			"remote_user":	0.045451200306147979,
			"remote_system":	8.7414570485175869
		},
		"sender_tcp_congestion":	"cubic",
		"receiver_tcp_congestion":	"cubic"
	}
}
{
	"start":	{
		"connected":	[{
				"socket":	5,
				"local_host":	"192.168.1.48",
				"local_port":	57408,
				"remote_host":	"192.168.1.58",
				"remote_port":	5201
			}],
		"version":	"iperf 3.20",
		"system_info":	"Linux kuroi-washi 6.19.11+kali-amd64 #1 SMP PREEMPT_DYNAMIC Kali 6.19.11-1kali1 (2026-04-09) x86_64",
		"timestamp":	{
			"time":	"Thu, 23 Apr 2026 22:46:02 GMT",
			"timesecs":	1776984362,
			"timemillisecs":	1776984362800
		},
		"connecting_to":	{
			"host":	"192.168.1.58",
			"port":	5201
		},
		"cookie":	"fkq3kkac5m4yhbmz7fnxctn5rkdx6krmhd24",
		"tcp_mss":	316,
		"target_bitrate":	0,
		"fq_rate":	0,
		"sock_bufsize":	0,
		"sndbuf_actual":	16384,
		"rcvbuf_actual":	131072,
		"test_start":	{
			"protocol":	"TCP",
			"num_streams":	1,
			"blksize":	131072,
			"omit":	0,
			"duration":	10,
			"bytes":	0,
			"blocks":	0,
			"reverse":	0,
			"tos":	0,
			"target_bitrate":	0,
			"bidir":	0,
			"fqrate":	0,
			"interval":	1
		}
	},
	"intervals":	[{
			"streams":	[{
					"socket":	5,
					"start":	0,
					"end":	1.000181,
					"seconds":	1.0001809597015381,
					"bytes":	2490368,
					"bits_per_second":	19919339.402286928,
					"retransmits":	0,
					"snd_cwnd":	94848,
					"snd_wnd":	723328,
					"rtt":	84973,
					"rttvar":	9019,
					"pmtu":	1500,
					"reorder":	0,
					"omitted":	false,
					"sender":	true
				}],
			"sum":	{
				"start":	0,
				"end":	1.000181,
				"seconds":	1.0001809597015381,
				"bytes":	2490368,
				"bits_per_second":	19919339.402286928,
				"retransmits":	0,
				"omitted":	false,
				"sender":	true
			}
		}, {
			"streams":	[{
					"socket":	5,
					"start":	1.000181,
					"end":	2.000339,
					"seconds":	1.0001579523086548,
					"bytes":	2097152,
					"bits_per_second":	16774566.418507515,
					"retransmits":	0,
					"snd_cwnd":	184528,
					"snd_wnd":	968768,
					"rtt":	105496,
					"rttvar":	3214,
					"pmtu":	1500,
					"reorder":	0,
					"omitted":	false,
					"sender":	true
				}],
			"sum":	{
				"start":	1.000181,
				"end":	2.000339,
				"seconds":	1.0001579523086548,
				"bytes":	2097152,
				"bits_per_second":	16774566.418507515,
				"retransmits":	0,
				"omitted":	false,
				"sender":	true
			}
		}, {
			"streams":	[{
					"socket":	5,
					"start":	2.000339,
					"end":	3.000089,
					"seconds":	0.999750018119812,
					"bytes":	1966080,
					"bits_per_second":	15732572.858143274,
					"retransmits":	0,
					"snd_cwnd":	263872,
					"snd_wnd":	1339008,
					"rtt":	187119,
					"rttvar":	4411,
					"pmtu":	1500,
					"reorder":	0,
					"omitted":	false,
					"sender":	true
				}],
			"sum":	{
				"start":	2.000339,
				"end":	3.000089,
				"seconds":	0.999750018119812,
				"bytes":	1966080,
				"bits_per_second":	15732572.858143274,
				"retransmits":	0,
				"omitted":	false,
				"sender":	true
			}
		}, {
			"streams":	[{
					"socket":	5,
					"start":	3.000089,
					"end":	4.000137,
					"seconds":	1.000048041343689,
					"bytes":	2621440,
					"bits_per_second":	20970512.548399329,
					"retransmits":	0,
					"snd_cwnd":	342304,
					"snd_wnd":	1378112,
					"rtt":	256230,
					"rttvar":	4586,
					"pmtu":	1500,
					"reorder":	0,
					"omitted":	false,
					"sender":	true
				}],
			"sum":	{
				"start":	3.000089,
				"end":	4.000137,
				"seconds":	1.000048041343689,
				"bytes":	2621440,
				"bits_per_second":	20970512.548399329,
				"retransmits":	0,
				"omitted":	false,
				"sender":	true
			}
		}, {
			"streams":	[{
					"socket":	5,
					"start":	4.000137,
					"end":	5.000131,
					"seconds":	0.99999397993087769,
					"bytes":	1048576,
					"bits_per_second":	8388658.5003040154,
					"retransmits":	0,
					"snd_cwnd":	407360,
					"snd_wnd":	1378112,
					"rtt":	173477,
					"rttvar":	29859,
					"pmtu":	1500,
					"reorder":	0,
					"omitted":	false,
					"sender":	true
				}],
			"sum":	{
				"start":	4.000137,
				"end":	5.000131,
				"seconds":	0.99999397993087769,
				"bytes":	1048576,
				"bits_per_second":	8388658.5003040154,
				"retransmits":	0,
				"omitted":	false,
				"sender":	true
			}
		}, {
			"streams":	[{
					"socket":	5,
					"start":	5.000131,
					"end":	6.000104,
					"seconds":	0.99997299909591675,
					"bytes":	2883584,
					"bits_per_second":	23069294.891818643,
					"retransmits":	0,
					"snd_cwnd":	490352,
					"snd_wnd":	1550784,
					"rtt":	228691,
					"rttvar":	2812,
					"pmtu":	1500,
					"reorder":	0,
					"omitted":	false,
					"sender":	true
				}],
			"sum":	{
				"start":	5.000131,
				"end":	6.000104,
				"seconds":	0.99997299909591675,
				"bytes":	2883584,
				"bits_per_second":	23069294.891818643,
				"retransmits":	0,
				"omitted":	false,
				"sender":	true
			}
		}, {
			"streams":	[{
					"socket":	5,
					"start":	6.000104,
					"end":	7.000107,
					"seconds":	1.0000029802322388,
					"bytes":	1441792,
					"bits_per_second":	11534301.625102445,
					"retransmits":	0,
					"snd_cwnd":	570912,
					"snd_wnd":	1869440,
					"rtt":	318786,
					"rttvar":	6238,
					"pmtu":	1500,
					"reorder":	0,
					"omitted":	false,
					"sender":	true
				}],
			"sum":	{
				"start":	6.000104,
				"end":	7.000107,
				"seconds":	1.0000029802322388,
				"bytes":	1441792,
				"bits_per_second":	11534301.625102445,
				"retransmits":	0,
				"omitted":	false,
				"sender":	true
			}
		}, {
			"streams":	[{
					"socket":	5,
					"start":	7.000107,
					"end":	8.00014,
					"seconds":	1.0000330209732056,
					"bytes":	1441792,
					"bits_per_second":	11533955.137576448,
					"retransmits":	0,
					"snd_cwnd":	646912,
					"snd_wnd":	1918080,
					"rtt":	425529,
					"rttvar":	4725,
					"pmtu":	1500,
					"reorder":	0,
					"omitted":	false,
					"sender":	true
				}],
			"sum":	{
				"start":	7.000107,
				"end":	8.00014,
				"seconds":	1.0000330209732056,
				"bytes":	1441792,
				"bits_per_second":	11533955.137576448,
				"retransmits":	0,
				"omitted":	false,
				"sender":	true
			}
		}, {
			"streams":	[{
					"socket":	5,
					"start":	8.00014,
					"end":	9.00009,
					"seconds":	0.99994999170303345,
					"bytes":	1441792,
					"bits_per_second":	11534912.841346852,
					"retransmits":	0,
					"snd_cwnd":	728384,
					"snd_wnd":	1919296,
					"rtt":	420567,
					"rttvar":	1264,
					"pmtu":	1500,
					"reorder":	0,
					"omitted":	false,
					"sender":	true
				}],
			"sum":	{
				"start":	8.00014,
				"end":	9.00009,
				"seconds":	0.99994999170303345,
				"bytes":	1441792,
				"bits_per_second":	11534912.841346852,
				"retransmits":	0,
				"omitted":	false,
				"sender":	true
			}
		}, {
			"streams":	[{
					"socket":	5,
					"start":	9.00009,
					"end":	10.001022,
					"seconds":	1.000931978225708,
					"bytes":	1441792,
					"bits_per_second":	11523596.25920457,
					"retransmits":	0,
					"snd_cwnd":	809552,
					"snd_wnd":	1927808,
					"rtt":	437060,
					"rttvar":	6026,
					"pmtu":	1500,
					"reorder":	0,
					"omitted":	false,
					"sender":	true
				}],
			"sum":	{
				"start":	9.00009,
				"end":	10.001022,
				"seconds":	1.000931978225708,
				"bytes":	1441792,
				"bits_per_second":	11523596.25920457,
				"retransmits":	0,
				"omitted":	false,
				"sender":	true
			}
		}],
	"end":	{
		"streams":	[{
				"sender":	{
					"socket":	5,
					"start":	0,
					"end":	10.001022,
					"seconds":	10.001022,
					"bytes":	18874368,
					"bits_per_second":	15097951.389368005,
					"retransmits":	0,
					"reorder":	0,
					"max_snd_cwnd":	809552,
					"max_snd_wnd":	1927808,
					"max_rtt":	437060,
					"min_rtt":	84973,
					"mean_rtt":	263792,
					"sender":	true
				},
				"receiver":	{
					"socket":	5,
					"start":	0,
					"end":	10.082593,
					"seconds":	10.001022,
					"bytes":	16908288,
					"bits_per_second":	13415825.075950205,
					"sender":	true
				}
			}],
		"sum_sent":	{
			"start":	0,
			"end":	10.001022,
			"seconds":	10.001022,
			"bytes":	18874368,
			"bits_per_second":	15097951.389368005,
			"retransmits":	0,
			"sender":	true
		},
		"sum_received":	{
			"start":	0,
			"end":	10.082593,
			"seconds":	10.082593,
			"bytes":	16908288,
			"bits_per_second":	13415825.075950205,
			"sender":	true
		},
		"cpu_utilization_percent":	{
			"host_total":	0.1807617471268757,
			"host_user":	0.0590506274104301,
			"host_system":	0.1217111197164456,
			"remote_total":	8.98649321996939,
			"remote_user":	0.67508246249843362,
			"remote_system":	8.3114304912426462
		},
		"sender_tcp_congestion":	"cubic",
		"receiver_tcp_congestion":	"cubic"
	}
}
{
	"start":	{
		"connected":	[{
				"socket":	5,
				"local_host":	"192.168.1.48",
				"local_port":	51524,
				"remote_host":	"192.168.1.58",
				"remote_port":	5201
			}],
		"version":	"iperf 3.20",
		"system_info":	"Linux kuroi-washi 6.19.11+kali-amd64 #1 SMP PREEMPT_DYNAMIC Kali 6.19.11-1kali1 (2026-04-09) x86_64",
		"timestamp":	{
			"time":	"Thu, 23 Apr 2026 22:46:13 GMT",
			"timesecs":	1776984373,
			"timemillisecs":	1776984373459
		},
		"connecting_to":	{
			"host":	"192.168.1.58",
			"port":	5201
		},
		"cookie":	"vwzyjcnv7wpcfzfoxn57n3eqpzpyj64holnm",
		"tcp_mss":	316,
		"target_bitrate":	0,
		"fq_rate":	0,
		"sock_bufsize":	0,
		"sndbuf_actual":	16384,
		"rcvbuf_actual":	131072,
		"test_start":	{
			"protocol":	"TCP",
			"num_streams":	1,
			"blksize":	131072,
			"omit":	0,
			"duration":	10,
			"bytes":	0,
			"blocks":	0,
			"reverse":	0,
			"tos":	0,
			"target_bitrate":	0,
			"bidir":	0,
			"fqrate":	0,
			"interval":	1
		}
	},
	"intervals":	[{
			"streams":	[{
					"socket":	5,
					"start":	0,
					"end":	1.00109,
					"seconds":	1.0010900497436523,
					"bytes":	2097152,
					"bits_per_second":	16758947.913123418,
					"retransmits":	0,
					"snd_cwnd":	101536,
					"snd_wnd":	994304,
					"rtt":	50282,
					"rttvar":	4437,
					"pmtu":	1500,
					"reorder":	0,
					"omitted":	false,
					"sender":	true
				}],
			"sum":	{
				"start":	0,
				"end":	1.00109,
				"seconds":	1.0010900497436523,
				"bytes":	2097152,
				"bits_per_second":	16758947.913123418,
				"retransmits":	0,
				"omitted":	false,
				"sender":	true
			}
		}, {
			"streams":	[{
					"socket":	5,
					"start":	1.00109,
					"end":	2.001104,
					"seconds":	1.0000139474868774,
					"bytes":	2097152,
					"bits_per_second":	16776982.003263667,
					"retransmits":	0,
					"snd_cwnd":	178448,
					"snd_wnd":	1010112,
					"rtt":	117317,
					"rttvar":	3311,
					"pmtu":	1500,
					"reorder":	0,
					"omitted":	false,
					"sender":	true
				}],
			"sum":	{
				"start":	1.00109,
				"end":	2.001104,
				"seconds":	1.0000139474868774,
				"bytes":	2097152,
				"bits_per_second":	16776982.003263667,
				"retransmits":	0,
				"omitted":	false,
				"sender":	true
			}
		}, {
			"streams":	[{
					"socket":	5,
					"start":	2.001104,
					"end":	3.001131,
					"seconds":	1.0000269412994385,
					"bytes":	1966080,
					"bits_per_second":	15728216.261416068,
					"retransmits":	0,
					"snd_cwnd":	254752,
					"snd_wnd":	1033216,
					"rtt":	183811,
					"rttvar":	8785,
					"pmtu":	1500,
					"reorder":	0,
					"omitted":	false,
					"sender":	true
				}],
			"sum":	{
				"start":	2.001104,
				"end":	3.001131,
				"seconds":	1.0000269412994385,
				"bytes":	1966080,
				"bits_per_second":	15728216.261416068,
				"retransmits":	0,
				"omitted":	false,
				"sender":	true
			}
		}, {
			"streams":	[{
					"socket":	5,
					"start":	3.001131,
					"end":	4.001115,
					"seconds":	0.9999840259552002,
					"bytes":	1703936,
					"bits_per_second":	13631705.753478404,
					"retransmits":	0,
					"snd_cwnd":	334096,
					"snd_wnd":	1082112,
					"rtt":	206629,
					"rttvar":	3115,
					"pmtu":	1500,
					"reorder":	0,
					"omitted":	false,
					"sender":	true
				}],
			"sum":	{
				"start":	3.001131,
				"end":	4.001115,
				"seconds":	0.9999840259552002,
				"bytes":	1703936,
				"bits_per_second":	13631705.753478404,
				"retransmits":	0,
				"omitted":	false,
				"sender":	true
			}
		}, {
			"streams":	[{
					"socket":	5,
					"start":	4.001115,
					"end":	5.001057,
					"seconds":	0.99994200468063354,
					"bytes":	1966080,
					"bits_per_second":	15729552.240405673,
					"retransmits":	0,
					"snd_cwnd":	411312,
					"snd_wnd":	1084544,
					"rtt":	240422,
					"rttvar":	2743,
					"pmtu":	1500,
					"reorder":	0,
					"omitted":	false,
					"sender":	true
				}],
			"sum":	{
				"start":	4.001115,
				"end":	5.001057,
				"seconds":	0.99994200468063354,
				"bytes":	1966080,
				"bits_per_second":	15729552.240405673,
				"retransmits":	0,
				"omitted":	false,
				"sender":	true
			}
		}, {
			"streams":	[{
					"socket":	5,
					"start":	5.001057,
					"end":	6.001061,
					"seconds":	1.0000040531158447,
					"bytes":	2490368,
					"bits_per_second":	19922863.250327289,
					"retransmits":	0,
					"snd_cwnd":	500080,
					"snd_wnd":	1699584,
					"rtt":	306113,
					"rttvar":	12280,
					"pmtu":	1500,
					"reorder":	0,
					"omitted":	false,
					"sender":	true
				}],
			"sum":	{
				"start":	5.001057,
				"end":	6.001061,
				"seconds":	1.0000040531158447,
				"bytes":	2490368,
				"bits_per_second":	19922863.250327289,
				"retransmits":	0,
				"omitted":	false,
				"sender":	true
			}
		}, {
			"streams":	[{
					"socket":	5,
					"start":	6.001061,
					"end":	7.001108,
					"seconds":	1.000046968460083,
					"bytes":	1441792,
					"bits_per_second":	11533794.275443967,
					"retransmits":	0,
					"snd_cwnd":	573648,
					"snd_wnd":	1768896,
					"rtt":	380054,
					"rttvar":	5340,
					"pmtu":	1500,
					"reorder":	0,
					"omitted":	false,
					"sender":	true
				}],
			"sum":	{
				"start":	6.001061,
				"end":	7.001108,
				"seconds":	1.000046968460083,
				"bytes":	1441792,
				"bits_per_second":	11533794.275443967,
				"retransmits":	0,
				"omitted":	false,
				"sender":	true
			}
		}, {
			"streams":	[{
					"socket":	5,
					"start":	7.001108,
					"end":	8.001075,
					"seconds":	0.99996697902679443,
					"bytes":	1441792,
					"bits_per_second":	11534716.887577279,
					"retransmits":	0,
					"snd_cwnd":	652992,
					"snd_wnd":	1785920,
					"rtt":	382106,
					"rttvar":	4356,
					"pmtu":	1500,
					"reorder":	0,
					"omitted":	false,
					"sender":	true
				}],
			"sum":	{
				"start":	7.001108,
				"end":	8.001075,
				"seconds":	0.99996697902679443,
				"bytes":	1441792,
				"bits_per_second":	11534716.887577279,
				"retransmits":	0,
				"omitted":	false,
				"sender":	true
			}
		}, {
			"streams":	[{
					"socket":	5,
					"start":	8.001075,
					"end":	9.001055,
					"seconds":	0.99997997283935547,
					"bytes":	1441792,
					"bits_per_second":	11534567.004626367,
					"retransmits":	0,
					"snd_cwnd":	729600,
					"snd_wnd":	1915072,
					"rtt":	439460,
					"rttvar":	4175,
					"pmtu":	1500,
					"reorder":	0,
					"omitted":	false,
					"sender":	true
				}],
			"sum":	{
				"start":	8.001075,
				"end":	9.001055,
				"seconds":	0.99997997283935547,
				"bytes":	1441792,
				"bits_per_second":	11534567.004626367,
				"retransmits":	0,
				"omitted":	false,
				"sender":	true
			}
		}, {
			"streams":	[{
					"socket":	5,
					"start":	9.001055,
					"end":	10.001977,
					"seconds":	1.0009219646453857,
					"bytes":	2883584,
					"bits_per_second":	23047423.090743087,
					"retransmits":	0,
					"snd_cwnd":	806816,
					"snd_wnd":	1919936,
					"rtt":	460735,
					"rttvar":	3944,
					"pmtu":	1500,
					"reorder":	0,
					"omitted":	false,
					"sender":	true
				}],
			"sum":	{
				"start":	9.001055,
				"end":	10.001977,
				"seconds":	1.0009219646453857,
				"bytes":	2883584,
				"bits_per_second":	23047423.090743087,
				"retransmits":	0,
				"omitted":	false,
				"sender":	true
			}
		}],
	"end":	{
		"streams":	[{
				"sender":	{
					"socket":	5,
					"start":	0,
					"end":	10.001977,
					"seconds":	10.001977,
					"bytes":	19529728,
					"bits_per_second":	15620694.188758882,
					"retransmits":	0,
					"reorder":	0,
					"max_snd_cwnd":	806816,
					"max_snd_wnd":	1919936,
					"max_rtt":	460735,
					"min_rtt":	50282,
					"mean_rtt":	276692,
					"sender":	true
				},
				"receiver":	{
					"socket":	5,
					"start":	0,
					"end":	10.067961,
					"seconds":	10.001977,
					"bytes":	16384000,
					"bits_per_second":	13018723.453537414,
					"sender":	true
				}
			}],
		"sum_sent":	{
			"start":	0,
			"end":	10.001977,
			"seconds":	10.001977,
			"bytes":	19529728,
			"bits_per_second":	15620694.188758882,
			"retransmits":	0,
			"sender":	true
		},
		"sum_received":	{
			"start":	0,
			"end":	10.067961,
			"seconds":	10.067961,
			"bytes":	16384000,
			"bits_per_second":	13018723.453537414,
			"sender":	true
		},
		"cpu_utilization_percent":	{
			"host_total":	0.18578691336708308,
			"host_user":	0,
			"host_system":	0.18579685593977743,
			"remote_total":	8.75029125060909,
			"remote_user":	0.35744550336267689,
			"remote_system":	8.39281606565568
		},
		"sender_tcp_congestion":	"cubic",
		"receiver_tcp_congestion":	"cubic"
	}
}
