{
	"start":	{
		"connected":	[{
				"socket":	5,
				"local_host":	"192.168.1.48",
				"local_port":	34188,
				"remote_host":	"192.168.1.58",
				"remote_port":	5201
			}],
		"version":	"iperf 3.20",
		"system_info":	"Linux kuroi-washi 6.19.11+kali-amd64 #1 SMP PREEMPT_DYNAMIC Kali 6.19.11-1kali1 (2026-04-09) x86_64",
		"timestamp":	{
			"time":	"Thu, 23 Apr 2026 22:48:11 GMT",
			"timesecs":	1776984491,
			"timemillisecs":	1776984491802
		},
		"connecting_to":	{
			"host":	"192.168.1.58",
			"port":	5201
		},
		"cookie":	"675vywzqlrtgwjha2y7sjfjvcqibhgdmi5z5",
		"tcp_mss":	500,
		"target_bitrate":	0,
		"fq_rate":	0,
		"sock_bufsize":	0,
		"sndbuf_actual":	16384,
		"rcvbuf_actual":	131072,
		"test_start":	{
			"protocol":	"TCP",
			"num_streams":	1,
			"blksize":	131072,
			"omit":	0,
			"duration":	10,
			"bytes":	0,
			"blocks":	0,
			"reverse":	0,
			"tos":	0,
			"target_bitrate":	0,
			"bidir":	0,
			"fqrate":	0,
			"interval":	1
		}
	},
	"intervals":	[{
			"streams":	[{
					"socket":	5,
					"start":	0,
					"end":	1.001063,
					"seconds":	1.0010629892349243,
					"bytes":	3538944,
					"bits_per_second":	28281489.081558675,
					"retransmits":	0,
					"snd_cwnd":	131760,
					"snd_wnd":	968832,
					"rtt":	41246,
					"rttvar":	4807,
					"pmtu":	1500,
					"reorder":	0,
					"omitted":	false,
					"sender":	true
				}],
			"sum":	{
				"start":	0,
				"end":	1.001063,
				"seconds":	1.0010629892349243,
				"bytes":	3538944,
				"bits_per_second":	28281489.081558675,
				"retransmits":	0,
				"omitted":	false,
				"sender":	true
			}
		}, {
			"streams":	[{
					"socket":	5,
					"start":	1.001063,
					"end":	2.001036,
					"seconds":	0.99997299909591675,
					"bytes":	4194304,
					"bits_per_second":	33555338.024463482,
					"retransmits":	0,
					"snd_cwnd":	278648,
					"snd_wnd":	974720,
					"rtt":	72771,
					"rttvar":	2568,
					"pmtu":	1500,
					"reorder":	0,
					"omitted":	false,
					"sender":	true
				}],
			"sum":	{
				"start":	1.001063,
				"end":	2.001036,
				"seconds":	0.99997299909591675,
				"bytes":	4194304,
				"bits_per_second":	33555338.024463482,
				"retransmits":	0,
				"omitted":	false,
				"sender":	true
			}
		}, {
			"streams":	[{
					"socket":	5,
					"start":	2.001036,
					"end":	3.001029,
					"seconds":	0.99999302625656128,
					"bytes":	4587520,
					"bits_per_second":	36700415.939284854,
					"retransmits":	0,
					"snd_cwnd":	443104,
					"snd_wnd":	978624,
					"rtt":	130421,
					"rttvar":	5731,
					"pmtu":	1500,
					"reorder":	0,
					"omitted":	false,
					"sender":	true
				}],
			"sum":	{
				"start":	2.001036,
				"end":	3.001029,
				"seconds":	0.99999302625656128,
				"bytes":	4587520,
				"bits_per_second":	36700415.939284854,
				"retransmits":	0,
				"omitted":	false,
				"sender":	true
			}
		}, {
			"streams":	[{
					"socket":	5,
					"start":	3.001029,
					"end":	4.000432,
					"seconds":	0.99940299987792969,
					"bytes":	2883584,
					"bits_per_second":	23082452.226797082,
					"retransmits":	0,
					"snd_cwnd":	583648,
					"snd_wnd":	980544,
					"rtt":	157551,
					"rttvar":	1327,
					"pmtu":	1500,
					"reorder":	0,
					"omitted":	false,
					"sender":	true
				}],
			"sum":	{
				"start":	3.001029,
				"end":	4.000432,
				"seconds":	0.99940299987792969,
				"bytes":	2883584,
				"bits_per_second":	23082452.226797082,
				"retransmits":	0,
				"omitted":	false,
				"sender":	true
			}
		}, {
			"streams":	[{
					"socket":	5,
					"start":	4.000432,
					"end":	5.001024,
					"seconds":	1.0005919933319092,
					"bytes":	2883584,
					"bits_per_second":	23055023.579773765,
					"retransmits":	0,
					"snd_cwnd":	761768,
					"snd_wnd":	986432,
					"rtt":	207376,
					"rttvar":	3897,
					"pmtu":	1500,
					"reorder":	0,
					"omitted":	false,
					"sender":	true
				}],
			"sum":	{
				"start":	4.000432,
				"end":	5.001024,
				"seconds":	1.0005919933319092,
				"bytes":	2883584,
				"bits_per_second":	23055023.579773765,
				"retransmits":	0,
				"omitted":	false,
				"sender":	true
			}
		}, {
			"streams":	[{
					"socket":	5,
					"start":	5.001024,
					"end":	6.001046,
					"seconds":	1.0000220537185669,
					"bytes":	2883584,
					"bits_per_second":	23068163.261219583,
					"retransmits":	0,
					"snd_cwnd":	910608,
					"snd_wnd":	994240,
					"rtt":	277448,
					"rttvar":	3474,
					"pmtu":	1500,
					"reorder":	0,
					"omitted":	false,
					"sender":	true
				}],
			"sum":	{
				"start":	5.001024,
				"end":	6.001046,
				"seconds":	1.0000220537185669,
				"bytes":	2883584,
				"bits_per_second":	23068163.261219583,
				"retransmits":	0,
				"omitted":	false,
				"sender":	true
			}
		}, {
			"streams":	[{
					"socket":	5,
					"start":	6.001046,
					"end":	7.001021,
					"seconds":	0.999975025653839,
					"bytes":	2883584,
					"bits_per_second":	23069248.1393887,
					"retransmits":	0,
					"snd_cwnd":	1043832,
					"snd_wnd":	998144,
					"rtt":	334171,
					"rttvar":	3077,
					"pmtu":	1500,
					"reorder":	0,
					"omitted":	false,
					"sender":	true
				}],
			"sum":	{
				"start":	6.001046,
				"end":	7.001021,
				"seconds":	0.999975025653839,
				"bytes":	2883584,
				"bits_per_second":	23069248.1393887,
				"retransmits":	0,
				"omitted":	false,
				"sender":	true
			}
		}, {
			"streams":	[{
					"socket":	5,
					"start":	7.001021,
					"end":	8.001097,
					"seconds":	1.0000760555267334,
					"bytes":	2752512,
					"bits_per_second":	22018421.377364308,
					"retransmits":	0,
					"snd_cwnd":	1043832,
					"snd_wnd":	1005248,
					"rtt":	330586,
					"rttvar":	3343,
					"pmtu":	1500,
					"reorder":	0,
					"omitted":	false,
					"sender":	true
				}],
			"sum":	{
				"start":	7.001021,
				"end":	8.001097,
				"seconds":	1.0000760555267334,
				"bytes":	2752512,
				"bits_per_second":	22018421.377364308,
				"retransmits":	0,
				"omitted":	false,
				"sender":	true
			}
		}, {
			"streams":	[{
					"socket":	5,
					"start":	8.001097,
					"end":	9.001049,
					"seconds":	0.99995201826095581,
					"bytes":	4325376,
					"bits_per_second":	34604668.3921685,
					"retransmits":	0,
					"snd_cwnd":	1043832,
					"snd_wnd":	1011136,
					"rtt":	321755,
					"rttvar":	2427,
					"pmtu":	1500,
					"reorder":	0,
					"omitted":	false,
					"sender":	true
				}],
			"sum":	{
				"start":	8.001097,
				"end":	9.001049,
				"seconds":	0.99995201826095581,
				"bytes":	4325376,
				"bits_per_second":	34604668.3921685,
				"retransmits":	0,
				"omitted":	false,
				"sender":	true
			}
		}, {
			"streams":	[{
					"socket":	5,
					"start":	9.001049,
					"end":	10.001951,
					"seconds":	1.0009020566940308,
					"bytes":	3014656,
					"bits_per_second":	24095512.48166981,
					"retransmits":	0,
					"snd_cwnd":	1043832,
					"snd_wnd":	1018944,
					"rtt":	344716,
					"rttvar":	9316,
					"pmtu":	1500,
					"reorder":	0,
					"omitted":	false,
					"sender":	true
				}],
			"sum":	{
				"start":	9.001049,
				"end":	10.001951,
				"seconds":	1.0009020566940308,
				"bytes":	3014656,
				"bits_per_second":	24095512.48166981,
				"retransmits":	0,
				"omitted":	false,
				"sender":	true
			}
		}],
	"end":	{
		"streams":	[{
				"sender":	{
					"socket":	5,
					"start":	0,
					"end":	10.001951,
					"seconds":	10.001951,
					"bytes":	33947648,
					"bits_per_second":	27152820.884645406,
					"retransmits":	0,
					"reorder":	0,
					"max_snd_cwnd":	1043832,
					"max_snd_wnd":	1018944,
					"max_rtt":	344716,
					"min_rtt":	41246,
					"mean_rtt":	221804,
					"sender":	true
				},
				"receiver":	{
					"socket":	5,
					"start":	0,
					"end":	10.305722,
					"seconds":	10.001951,
					"bytes":	30277632,
					"bits_per_second":	23503550.357752714,
					"sender":	true
				}
			}],
		"sum_sent":	{
			"start":	0,
			"end":	10.001951,
			"seconds":	10.001951,
			"bytes":	33947648,
			"bits_per_second":	27152820.884645406,
			"retransmits":	0,
			"sender":	true
		},
		"sum_received":	{
			"start":	0,
			"end":	10.305722,
			"seconds":	10.305722,
			"bytes":	30277632,
			"bits_per_second":	23503550.357752714,
			"sender":	true
		},
		"cpu_utilization_percent":	{
			"host_total":	0.1450667808792348,
			"host_user":	0.0564772143840691,
			"host_system":	0.088619364533004646,
			"remote_total":	23.863522889391358,
			"remote_user":	0.35013929711272967,
			"remote_system":	23.513364240081806
		},
		"sender_tcp_congestion":	"cubic",
		"receiver_tcp_congestion":	"cubic"
	}
}
{
	"start":	{
		"connected":	[{
				"socket":	5,
				"local_host":	"192.168.1.48",
				"local_port":	51828,
				"remote_host":	"192.168.1.58",
				"remote_port":	5201
			}],
		"version":	"iperf 3.20",
		"system_info":	"Linux kuroi-washi 6.19.11+kali-amd64 #1 SMP PREEMPT_DYNAMIC Kali 6.19.11-1kali1 (2026-04-09) x86_64",
		"timestamp":	{
			"time":	"Thu, 23 Apr 2026 22:48:22 GMT",
			"timesecs":	1776984502,
			"timemillisecs":	1776984502741
		},
		"connecting_to":	{
			"host":	"192.168.1.58",
			"port":	5201
		},
		"cookie":	"ltkrxr3o2fyj3n53nsycxoukklkepzrijj27",
		"tcp_mss":	500,
		"target_bitrate":	0,
		"fq_rate":	0,
		"sock_bufsize":	0,
		"sndbuf_actual":	16384,
		"rcvbuf_actual":	131072,
		"test_start":	{
			"protocol":	"TCP",
			"num_streams":	1,
			"blksize":	131072,
			"omit":	0,
			"duration":	10,
			"bytes":	0,
			"blocks":	0,
			"reverse":	0,
			"tos":	0,
			"target_bitrate":	0,
			"bidir":	0,
			"fqrate":	0,
			"interval":	1
		}
	},
	"intervals":	[{
			"streams":	[{
					"socket":	5,
					"start":	0,
					"end":	1.001083,
					"seconds":	1.0010830163955688,
					"bytes":	3801088,
					"bits_per_second":	30375806.503528051,
					"retransmits":	0,
					"snd_cwnd":	196664,
					"snd_wnd":	974720,
					"rtt":	50343,
					"rttvar":	2186,
					"pmtu":	1500,
					"reorder":	0,
					"omitted":	false,
					"sender":	true
				}],
			"sum":	{
				"start":	0,
				"end":	1.001083,
				"seconds":	1.0010830163955688,
				"bytes":	3801088,
				"bits_per_second":	30375806.503528051,
				"retransmits":	0,
				"omitted":	false,
				"sender":	true
			}
		}, {
			"streams":	[{
					"socket":	5,
					"start":	1.001083,
					"end":	2.001108,
					"seconds":	1.0000250339508057,
					"bytes":	4194304,
					"bits_per_second":	33553592.021027993,
					"retransmits":	0,
					"snd_cwnd":	343064,
					"snd_wnd":	978624,
					"rtt":	120775,
					"rttvar":	7039,
					"pmtu":	1500,
					"reorder":	0,
					"omitted":	false,
					"sender":	true
				}],
			"sum":	{
				"start":	1.001083,
				"end":	2.001108,
				"seconds":	1.0000250339508057,
				"bytes":	4194304,
				"bits_per_second":	33553592.021027993,
				"retransmits":	0,
				"omitted":	false,
				"sender":	true
			}
		}, {
			"streams":	[{
					"socket":	5,
					"start":	2.001108,
					"end":	3.001106,
					"seconds":	0.99999797344207764,
					"bytes":	3932160,
					"bits_per_second":	31457343.750129193,
					"retransmits":	0,
					"snd_cwnd":	494344,
					"snd_wnd":	978624,
					"rtt":	200129,
					"rttvar":	3549,
					"pmtu":	1500,
					"reorder":	0,
					"omitted":	false,
					"sender":	true
				}],
			"sum":	{
				"start":	2.001108,
				"end":	3.001106,
				"seconds":	0.99999797344207764,
				"bytes":	3932160,
				"bits_per_second":	31457343.750129193,
				"retransmits":	0,
				"omitted":	false,
				"sender":	true
			}
		}, {
			"streams":	[{
					"socket":	5,
					"start":	3.001106,
					"end":	4.001071,
					"seconds":	0.999965012073517,
					"bytes":	4194304,
					"bits_per_second":	33555606.041077264,
					"retransmits":	0,
					"snd_cwnd":	689056,
					"snd_wnd":	982528,
					"rtt":	155274,
					"rttvar":	2236,
					"pmtu":	1500,
					"reorder":	0,
					"omitted":	false,
					"sender":	true
				}],
			"sum":	{
				"start":	3.001106,
				"end":	4.001071,
				"seconds":	0.999965012073517,
				"bytes":	4194304,
				"bits_per_second":	33555606.041077264,
				"retransmits":	0,
				"omitted":	false,
				"sender":	true
			}
		}, {
			"streams":	[{
					"socket":	5,
					"start":	4.001071,
					"end":	5.001094,
					"seconds":	1.0000230073928833,
					"bytes":	3145728,
					"bits_per_second":	25165245.013320975,
					"retransmits":	0,
					"snd_cwnd":	846192,
					"snd_wnd":	982528,
					"rtt":	210961,
					"rttvar":	1116,
					"pmtu":	1500,
					"reorder":	0,
					"omitted":	false,
					"sender":	true
				}],
			"sum":	{
				"start":	4.001071,
				"end":	5.001094,
				"seconds":	1.0000230073928833,
				"bytes":	3145728,
				"bits_per_second":	25165245.013320975,
				"retransmits":	0,
				"omitted":	false,
				"sender":	true
			}
		}, {
			"streams":	[{
					"socket":	5,
					"start":	5.001094,
					"end":	6.001152,
					"seconds":	1.0000580549240112,
					"bytes":	2752512,
					"bits_per_second":	22018817.699211653,
					"retransmits":	0,
					"snd_cwnd":	978440,
					"snd_wnd":	982528,
					"rtt":	226602,
					"rttvar":	3325,
					"pmtu":	1500,
					"reorder":	0,
					"omitted":	false,
					"sender":	true
				}],
			"sum":	{
				"start":	5.001094,
				"end":	6.001152,
				"seconds":	1.0000580549240112,
				"bytes":	2752512,
				"bits_per_second":	22018817.699211653,
				"retransmits":	0,
				"omitted":	false,
				"sender":	true
			}
		}, {
			"streams":	[{
					"socket":	5,
					"start":	6.001152,
					"end":	7.000801,
					"seconds":	0.99964898824691772,
					"bytes":	4325376,
					"bits_per_second":	34615158.327407725,
					"retransmits":	0,
					"snd_cwnd":	1029680,
					"snd_wnd":	982528,
					"rtt":	262868,
					"rttvar":	6886,
					"pmtu":	1500,
					"reorder":	0,
					"omitted":	false,
					"sender":	true
				}],
			"sum":	{
				"start":	6.001152,
				"end":	7.000801,
				"seconds":	0.99964898824691772,
				"bytes":	4325376,
				"bits_per_second":	34615158.327407725,
				"retransmits":	0,
				"omitted":	false,
				"sender":	true
			}
		}, {
			"streams":	[{
					"socket":	5,
					"start":	7.000801,
					"end":	8.001049,
					"seconds":	1.0002479553222656,
					"bytes":	2883584,
					"bits_per_second":	23062953.417952854,
					"retransmits":	0,
					"snd_cwnd":	1029680,
					"snd_wnd":	985728,
					"rtt":	244423,
					"rttvar":	2092,
					"pmtu":	1500,
					"reorder":	0,
					"omitted":	false,
					"sender":	true
				}],
			"sum":	{
				"start":	7.000801,
				"end":	8.001049,
				"seconds":	1.0002479553222656,
				"bytes":	2883584,
				"bits_per_second":	23062953.417952854,
				"retransmits":	0,
				"omitted":	false,
				"sender":	true
			}
		}, {
			"streams":	[{
					"socket":	5,
					"start":	8.001049,
					"end":	9.001044,
					"seconds":	0.999994993209839,
					"bytes":	2883584,
					"bits_per_second":	23068787.500578288,
					"retransmits":	0,
					"snd_cwnd":	1029680,
					"snd_wnd":	991616,
					"rtt":	382136,
					"rttvar":	9382,
					"pmtu":	1500,
					"reorder":	0,
					"omitted":	false,
					"sender":	true
				}],
			"sum":	{
				"start":	8.001049,
				"end":	9.001044,
				"seconds":	0.999994993209839,
				"bytes":	2883584,
				"bits_per_second":	23068787.500578288,
				"retransmits":	0,
				"omitted":	false,
				"sender":	true
			}
		}, {
			"streams":	[{
					"socket":	5,
					"start":	9.001044,
					"end":	10.001402,
					"seconds":	1.000357985496521,
					"bytes":	4325376,
					"bits_per_second":	34590625.057913668,
					"retransmits":	0,
					"snd_cwnd":	1029680,
					"snd_wnd":	991616,
					"rtt":	276578,
					"rttvar":	4666,
					"pmtu":	1500,
					"reorder":	0,
					"omitted":	false,
					"sender":	true
				}],
			"sum":	{
				"start":	9.001044,
				"end":	10.001402,
				"seconds":	1.000357985496521,
				"bytes":	4325376,
				"bits_per_second":	34590625.057913668,
				"retransmits":	0,
				"omitted":	false,
				"sender":	true
			}
		}],
	"end":	{
		"streams":	[{
				"sender":	{
					"socket":	5,
					"start":	0,
					"end":	10.001402,
					"seconds":	10.001402,
					"bytes":	36438016,
					"bits_per_second":	29146326.4850268,
					"retransmits":	0,
					"reorder":	0,
					"max_snd_cwnd":	1029680,
					"max_snd_wnd":	991616,
					"max_rtt":	382136,
					"min_rtt":	50343,
					"mean_rtt":	213008,
					"sender":	true
				},
				"receiver":	{
					"socket":	5,
					"start":	0,
					"end":	10.34479,
					"seconds":	10.001402,
					"bytes":	33161216,
					"bits_per_second":	25644766.882653009,
					"sender":	true
				}
			}],
		"sum_sent":	{
			"start":	0,
			"end":	10.001402,
			"seconds":	10.001402,
			"bytes":	36438016,
			"bits_per_second":	29146326.4850268,
			"retransmits":	0,
			"sender":	true
		},
		"sum_received":	{
			"start":	0,
			"end":	10.34479,
			"seconds":	10.34479,
			"bytes":	33161216,
			"bits_per_second":	25644766.882653009,
			"sender":	true
		},
		"cpu_utilization_percent":	{
			"host_total":	0.21475873445241939,
			"host_user":	0,
			"host_system":	0.21471899559236435,
			"remote_total":	23.825556584806563,
			"remote_user":	0.16356043333264034,
			"remote_system":	23.66197690114339
		},
		"sender_tcp_congestion":	"cubic",
		"receiver_tcp_congestion":	"cubic"
	}
}
{
	"start":	{
		"connected":	[{
				"socket":	5,
				"local_host":	"192.168.1.48",
				"local_port":	35658,
				"remote_host":	"192.168.1.58",
				"remote_port":	5201
			}],
		"version":	"iperf 3.20",
		"system_info":	"Linux kuroi-washi 6.19.11+kali-amd64 #1 SMP PREEMPT_DYNAMIC Kali 6.19.11-1kali1 (2026-04-09) x86_64",
		"timestamp":	{
			"time":	"Thu, 23 Apr 2026 22:48:33 GMT",
			"timesecs":	1776984513,
			"timemillisecs":	1776984513723
		},
		"connecting_to":	{
			"host":	"192.168.1.58",
			"port":	5201
		},
		"cookie":	"ut4hxvj3xzfhezsm2s27vpzxg72tf3g42vem",
		"tcp_mss":	500,
		"target_bitrate":	0,
		"fq_rate":	0,
		"sock_bufsize":	0,
		"sndbuf_actual":	16384,
		"rcvbuf_actual":	131072,
		"test_start":	{
			"protocol":	"TCP",
			"num_streams":	1,
			"blksize":	131072,
			"omit":	0,
			"duration":	10,
			"bytes":	0,
			"blocks":	0,
			"reverse":	0,
			"tos":	0,
			"target_bitrate":	0,
			"bidir":	0,
			"fqrate":	0,
			"interval":	1
		}
	},
	"intervals":	[{
			"streams":	[{
					"socket":	5,
					"start":	0,
					"end":	1.001147,
					"seconds":	1.0011470317840576,
					"bytes":	4194304,
					"bits_per_second":	33515988.096379355,
					"retransmits":	0,
					"snd_cwnd":	195200,
					"snd_wnd":	968960,
					"rtt":	53639,
					"rttvar":	2663,
					"pmtu":	1500,
					"reorder":	0,
					"omitted":	false,
					"sender":	true
				}],
			"sum":	{
				"start":	0,
				"end":	1.001147,
				"seconds":	1.0011470317840576,
				"bytes":	4194304,
				"bits_per_second":	33515988.096379355,
				"retransmits":	0,
				"omitted":	false,
				"sender":	true
			}
		}, {
			"streams":	[{
					"socket":	5,
					"start":	1.001147,
					"end":	2.001099,
					"seconds":	0.99995201826095581,
					"bytes":	4849664,
					"bits_per_second":	38799173.6518253,
					"retransmits":	0,
					"snd_cwnd":	372832,
					"snd_wnd":	968960,
					"rtt":	82176,
					"rttvar":	3221,
					"pmtu":	1500,
					"reorder":	0,
					"omitted":	false,
					"sender":	true
				}],
			"sum":	{
				"start":	1.001147,
				"end":	2.001099,
				"seconds":	0.99995201826095581,
				"bytes":	4849664,
				"bits_per_second":	38799173.6518253,
				"retransmits":	0,
				"omitted":	false,
				"sender":	true
			}
		}, {
			"streams":	[{
					"socket":	5,
					"start":	2.001099,
					"end":	3.001052,
					"seconds":	0.99995297193527222,
					"bytes":	4194304,
					"bits_per_second":	33556010.074213773,
					"retransmits":	0,
					"snd_cwnd":	542656,
					"snd_wnd":	970944,
					"rtt":	145043,
					"rttvar":	4532,
					"pmtu":	1500,
					"reorder":	0,
					"omitted":	false,
					"sender":	true
				}],
			"sum":	{
				"start":	2.001099,
				"end":	3.001052,
				"seconds":	0.99995297193527222,
				"bytes":	4194304,
				"bits_per_second":	33556010.074213773,
				"retransmits":	0,
				"omitted":	false,
				"sender":	true
			}
		}, {
			"streams":	[{
					"socket":	5,
					"start":	3.001052,
					"end":	4.001103,
					"seconds":	1.0000510215759277,
					"bytes":	4325376,
					"bits_per_second":	34601242.590074,
					"retransmits":	0,
					"snd_cwnd":	730536,
					"snd_wnd":	976768,
					"rtt":	161132,
					"rttvar":	4148,
					"pmtu":	1500,
					"reorder":	0,
					"omitted":	false,
					"sender":	true
				}],
			"sum":	{
				"start":	3.001052,
				"end":	4.001103,
				"seconds":	1.0000510215759277,
				"bytes":	4325376,
				"bits_per_second":	34601242.590074,
				"retransmits":	0,
				"omitted":	false,
				"sender":	true
			}
		}, {
			"streams":	[{
					"socket":	5,
					"start":	4.001103,
					"end":	5.001042,
					"seconds":	0.99993902444839478,
					"bytes":	3014656,
					"bits_per_second":	24118718.652173828,
					"retransmits":	0,
					"snd_cwnd":	915976,
					"snd_wnd":	980672,
					"rtt":	191398,
					"rttvar":	6593,
					"pmtu":	1500,
					"reorder":	0,
					"omitted":	false,
					"sender":	true
				}],
			"sum":	{
				"start":	4.001103,
				"end":	5.001042,
				"seconds":	0.99993902444839478,
				"bytes":	3014656,
				"bits_per_second":	24118718.652173828,
				"retransmits":	0,
				"omitted":	false,
				"sender":	true
			}
		}, {
			"streams":	[{
					"socket":	5,
					"start":	5.001042,
					"end":	6.001103,
					"seconds":	1.00006103515625,
					"bytes":	4456448,
					"bits_per_second":	35649408.1328044,
					"retransmits":	0,
					"snd_cwnd":	1028216,
					"snd_wnd":	982656,
					"rtt":	280951,
					"rttvar":	6225,
					"pmtu":	1500,
					"reorder":	0,
					"omitted":	false,
					"sender":	true
				}],
			"sum":	{
				"start":	5.001042,
				"end":	6.001103,
				"seconds":	1.00006103515625,
				"bytes":	4456448,
				"bits_per_second":	35649408.1328044,
				"retransmits":	0,
				"omitted":	false,
				"sender":	true
			}
		}, {
			"streams":	[{
					"socket":	5,
					"start":	6.001103,
					"end":	7.001074,
					"seconds":	0.99997097253799438,
					"bytes":	2883584,
					"bits_per_second":	23069341.644438077,
					"retransmits":	0,
					"snd_cwnd":	1028216,
					"snd_wnd":	982656,
					"rtt":	241485,
					"rttvar":	3836,
					"pmtu":	1500,
					"reorder":	0,
					"omitted":	false,
					"sender":	true
				}],
			"sum":	{
				"start":	6.001103,
				"end":	7.001074,
				"seconds":	0.99997097253799438,
				"bytes":	2883584,
				"bits_per_second":	23069341.644438077,
				"retransmits":	0,
				"omitted":	false,
				"sender":	true
			}
		}, {
			"streams":	[{
					"socket":	5,
					"start":	7.001074,
					"end":	8.00104,
					"seconds":	0.999966025352478,
					"bytes":	1966080,
					"bits_per_second":	15729174.393155819,
					"retransmits":	1,
					"snd_cwnd":	739808,
					"snd_wnd":	983936,
					"rtt":	242489,
					"rttvar":	2593,
					"pmtu":	1500,
					"reorder":	0,
					"omitted":	false,
					"sender":	true
				}],
			"sum":	{
				"start":	7.001074,
				"end":	8.00104,
				"seconds":	0.999966025352478,
				"bytes":	1966080,
				"bits_per_second":	15729174.393155819,
				"retransmits":	1,
				"omitted":	false,
				"sender":	true
			}
		}, {
			"streams":	[{
					"socket":	5,
					"start":	8.00104,
					"end":	9.00109,
					"seconds":	1.0000499486923218,
					"bytes":	4325376,
					"bits_per_second":	34601279.711325757,
					"retransmits":	0,
					"snd_cwnd":	808128,
					"snd_wnd":	991744,
					"rtt":	201200,
					"rttvar":	7751,
					"pmtu":	1500,
					"reorder":	0,
					"omitted":	false,
					"sender":	true
				}],
			"sum":	{
				"start":	8.00104,
				"end":	9.00109,
				"seconds":	1.0000499486923218,
				"bytes":	4325376,
				"bits_per_second":	34601279.711325757,
				"retransmits":	0,
				"omitted":	false,
				"sender":	true
			}
		}, {
			"streams":	[{
					"socket":	5,
					"start":	9.00109,
					"end":	10.001351,
					"seconds":	1.0002609491348267,
					"bytes":	2883584,
					"bits_per_second":	23062653.82043875,
					"retransmits":	0,
					"snd_cwnd":	863272,
					"snd_wnd":	999552,
					"rtt":	293267,
					"rttvar":	3855,
					"pmtu":	1500,
					"reorder":	0,
					"omitted":	false,
					"sender":	true
				}],
			"sum":	{
				"start":	9.00109,
				"end":	10.001351,
				"seconds":	1.0002609491348267,
				"bytes":	2883584,
				"bits_per_second":	23062653.82043875,
				"retransmits":	0,
				"omitted":	false,
				"sender":	true
			}
		}],
	"end":	{
		"streams":	[{
				"sender":	{
					"socket":	5,
					"start":	0,
					"end":	10.001351,
					"seconds":	10.001351,
					"bytes":	37093376,
					"bits_per_second":	29670692.289471693,
					"retransmits":	1,
					"reorder":	0,
					"max_snd_cwnd":	1028216,
					"max_snd_wnd":	999552,
					"max_rtt":	293267,
					"min_rtt":	53639,
					"mean_rtt":	189278,
					"sender":	true
				},
				"receiver":	{
					"socket":	5,
					"start":	0,
					"end":	10.219021,
					"seconds":	10.001351,
					"bytes":	34078720,
					"bits_per_second":	26678657.378236134,
					"sender":	true
				}
			}],
		"sum_sent":	{
			"start":	0,
			"end":	10.001351,
			"seconds":	10.001351,
			"bytes":	37093376,
			"bits_per_second":	29670692.289471693,
			"retransmits":	1,
			"sender":	true
		},
		"sum_received":	{
			"start":	0,
			"end":	10.219021,
			"seconds":	10.219021,
			"bytes":	34078720,
			"bits_per_second":	26678657.378236134,
			"sender":	true
		},
		"cpu_utilization_percent":	{
			"host_total":	0.26154054865955262,
			"host_user":	0.044519651714607,
			"host_system":	0.21697127628989141,
			"remote_total":	24.4388409290715,
			"remote_user":	0,
			"remote_system":	24.439425079322735
		},
		"sender_tcp_congestion":	"cubic",
		"receiver_tcp_congestion":	"cubic"
	}
}
{
	"start":	{
		"connected":	[{
				"socket":	5,
				"local_host":	"192.168.1.48",
				"local_port":	50966,
				"remote_host":	"192.168.1.58",
				"remote_port":	5201
			}],
		"version":	"iperf 3.20",
		"system_info":	"Linux kuroi-washi 6.19.11+kali-amd64 #1 SMP PREEMPT_DYNAMIC Kali 6.19.11-1kali1 (2026-04-09) x86_64",
		"timestamp":	{
			"time":	"Thu, 23 Apr 2026 22:48:44 GMT",
			"timesecs":	1776984524,
			"timemillisecs":	1776984524420
		},
		"connecting_to":	{
			"host":	"192.168.1.58",
			"port":	5201
		},
		"cookie":	"cofq4egcoja2hlhr6kqloi24ftbt7kzogxnp",
		"tcp_mss":	500,
		"target_bitrate":	0,
		"fq_rate":	0,
		"sock_bufsize":	0,
		"sndbuf_actual":	16384,
		"rcvbuf_actual":	131072,
		"test_start":	{
			"protocol":	"TCP",
			"num_streams":	1,
			"blksize":	131072,
			"omit":	0,
			"duration":	10,
			"bytes":	0,
			"blocks":	0,
			"reverse":	0,
			"tos":	0,
			"target_bitrate":	0,
			"bidir":	0,
			"fqrate":	0,
			"interval":	1
		}
	},
	"intervals":	[{
			"streams":	[{
					"socket":	5,
					"start":	0,
					"end":	1.001014,
					"seconds":	1.0010139942169189,
					"bytes":	4587520,
					"bits_per_second":	36662983.946303457,
					"retransmits":	0,
					"snd_cwnd":	191784,
					"snd_wnd":	976512,
					"rtt":	54868,
					"rttvar":	3771,
					"pmtu":	1500,
					"reorder":	0,
					"omitted":	false,
					"sender":	true
				}],
			"sum":	{
				"start":	0,
				"end":	1.001014,
				"seconds":	1.0010139942169189,
				"bytes":	4587520,
				"bits_per_second":	36662983.946303457,
				"retransmits":	0,
				"omitted":	false,
				"sender":	true
			}
		}, {
			"streams":	[{
					"socket":	5,
					"start":	1.001014,
					"end":	2.001039,
					"seconds":	1.0000250339508057,
					"bytes":	4718592,
					"bits_per_second":	37747791.0236565,
					"retransmits":	0,
					"snd_cwnd":	353800,
					"snd_wnd":	980416,
					"rtt":	102868,
					"rttvar":	2499,
					"pmtu":	1500,
					"reorder":	0,
					"omitted":	false,
					"sender":	true
				}],
			"sum":	{
				"start":	1.001014,
				"end":	2.001039,
				"seconds":	1.0000250339508057,
				"bytes":	4718592,
				"bits_per_second":	37747791.0236565,
				"retransmits":	0,
				"omitted":	false,
				"sender":	true
			}
		}, {
			"streams":	[{
					"socket":	5,
					"start":	2.001039,
					"end":	3.001044,
					"seconds":	1.0000050067901611,
					"bytes":	2752512,
					"bits_per_second":	22019985.750552,
					"retransmits":	0,
					"snd_cwnd":	511424,
					"snd_wnd":	984320,
					"rtt":	182430,
					"rttvar":	3869,
					"pmtu":	1500,
					"reorder":	0,
					"omitted":	false,
					"sender":	true
				}],
			"sum":	{
				"start":	2.001039,
				"end":	3.001044,
				"seconds":	1.0000050067901611,
				"bytes":	2752512,
				"bits_per_second":	22019985.750552,
				"retransmits":	0,
				"omitted":	false,
				"sender":	true
			}
		}, {
			"streams":	[{
					"socket":	5,
					"start":	3.001044,
					"end":	4.001043,
					"seconds":	0.99999898672103882,
					"bytes":	2883584,
					"bits_per_second":	23068695.375023685,
					"retransmits":	0,
					"snd_cwnd":	627568,
					"snd_wnd":	992128,
					"rtt":	324641,
					"rttvar":	2561,
					"pmtu":	1500,
					"reorder":	0,
					"omitted":	false,
					"sender":	true
				}],
			"sum":	{
				"start":	3.001044,
				"end":	4.001043,
				"seconds":	0.99999898672103882,
				"bytes":	2883584,
				"bits_per_second":	23068695.375023685,
				"retransmits":	0,
				"omitted":	false,
				"sender":	true
			}
		}, {
			"streams":	[{
					"socket":	5,
					"start":	4.001043,
					"end":	5.001042,
					"seconds":	0.99999898672103882,
					"bytes":	1572864,
					"bits_per_second":	12582924.750012919,
					"retransmits":	0,
					"snd_cwnd":	713456,
					"snd_wnd":	992128,
					"rtt":	426588,
					"rttvar":	2600,
					"pmtu":	1500,
					"reorder":	0,
					"omitted":	false,
					"sender":	true
				}],
			"sum":	{
				"start":	4.001043,
				"end":	5.001042,
				"seconds":	0.99999898672103882,
				"bytes":	1572864,
				"bits_per_second":	12582924.750012919,
				"retransmits":	0,
				"omitted":	false,
				"sender":	true
			}
		}, {
			"streams":	[{
					"socket":	5,
					"start":	5.001042,
					"end":	6.001031,
					"seconds":	0.99998897314071655,
					"bytes":	1310720,
					"bits_per_second":	10485875.626274996,
					"retransmits":	0,
					"snd_cwnd":	798856,
					"snd_wnd":	994048,
					"rtt":	406087,
					"rttvar":	4892,
					"pmtu":	1500,
					"reorder":	0,
					"omitted":	false,
					"sender":	true
				}],
			"sum":	{
				"start":	5.001042,
				"end":	6.001031,
				"seconds":	0.99998897314071655,
				"bytes":	1310720,
				"bits_per_second":	10485875.626274996,
				"retransmits":	0,
				"omitted":	false,
				"sender":	true
			}
		}, {
			"streams":	[{
					"socket":	5,
					"start":	6.001031,
					"end":	7.001087,
					"seconds":	1.0000560283660889,
					"bytes":	1441792,
					"bits_per_second":	11533689.786206303,
					"retransmits":	0,
					"snd_cwnd":	883768,
					"snd_wnd":	994048,
					"rtt":	492392,
					"rttvar":	6153,
					"pmtu":	1500,
					"reorder":	0,
					"omitted":	false,
					"sender":	true
				}],
			"sum":	{
				"start":	6.001031,
				"end":	7.001087,
				"seconds":	1.0000560283660889,
				"bytes":	1441792,
				"bits_per_second":	11533689.786206303,
				"retransmits":	0,
				"omitted":	false,
				"sender":	true
			}
		}, {
			"streams":	[{
					"socket":	5,
					"start":	7.001087,
					"end":	8.001051,
					"seconds":	0.99996399879455566,
					"bytes":	2883584,
					"bits_per_second":	23069502.529900078,
					"retransmits":	0,
					"snd_cwnd":	970144,
					"snd_wnd":	994048,
					"rtt":	528987,
					"rttvar":	4038,
					"pmtu":	1500,
					"reorder":	0,
					"omitted":	false,
					"sender":	true
				}],
			"sum":	{
				"start":	7.001087,
				"end":	8.001051,
				"seconds":	0.99996399879455566,
				"bytes":	2883584,
				"bits_per_second":	23069502.529900078,
				"retransmits":	0,
				"omitted":	false,
				"sender":	true
			}
		}, {
			"streams":	[{
					"socket":	5,
					"start":	8.001051,
					"end":	9.001085,
					"seconds":	1.000033974647522,
					"bytes":	1441792,
					"bits_per_second":	11533944.138313362,
					"retransmits":	0,
					"snd_cwnd":	1043832,
					"snd_wnd":	997952,
					"rtt":	417960,
					"rttvar":	6765,
					"pmtu":	1500,
					"reorder":	0,
					"omitted":	false,
					"sender":	true
				}],
			"sum":	{
				"start":	8.001051,
				"end":	9.001085,
				"seconds":	1.000033974647522,
				"bytes":	1441792,
				"bits_per_second":	11533944.138313362,
				"retransmits":	0,
				"omitted":	false,
				"sender":	true
			}
		}, {
			"streams":	[{
					"socket":	5,
					"start":	9.001085,
					"end":	10.002109,
					"seconds":	1.0010240077972412,
					"bytes":	2883584,
					"bits_per_second":	23045073.664879166,
					"retransmits":	0,
					"snd_cwnd":	1043832,
					"snd_wnd":	1005760,
					"rtt":	368588,
					"rttvar":	1165,
					"pmtu":	1500,
					"reorder":	0,
					"omitted":	false,
					"sender":	true
				}],
			"sum":	{
				"start":	9.001085,
				"end":	10.002109,
				"seconds":	1.0010240077972412,
				"bytes":	2883584,
				"bits_per_second":	23045073.664879166,
				"retransmits":	0,
				"omitted":	false,
				"sender":	true
			}
		}],
	"end":	{
		"streams":	[{
				"sender":	{
					"socket":	5,
					"start":	0,
					"end":	10.002109,
					"seconds":	10.002109,
					"bytes":	26476544,
					"bits_per_second":	21176769.0194138,
					"retransmits":	0,
					"reorder":	0,
					"max_snd_cwnd":	1043832,
					"max_snd_wnd":	1005760,
					"max_rtt":	528987,
					"min_rtt":	54868,
					"mean_rtt":	330540,
					"sender":	true
				},
				"receiver":	{
					"socket":	5,
					"start":	0,
					"end":	10.518495,
					"seconds":	10.002109,
					"bytes":	24379392,
					"bits_per_second":	18542114.247332912,
					"sender":	true
				}
			}],
		"sum_sent":	{
			"start":	0,
			"end":	10.002109,
			"seconds":	10.002109,
			"bytes":	26476544,
			"bits_per_second":	21176769.0194138,
			"retransmits":	0,
			"sender":	true
		},
		"sum_received":	{
			"start":	0,
			"end":	10.518495,
			"seconds":	10.518495,
			"bytes":	24379392,
			"bits_per_second":	18542114.247332912,
			"sender":	true
		},
		"cpu_utilization_percent":	{
			"host_total":	0.20890109824673533,
			"host_user":	0,
			"host_system":	0.20893087178917155,
			"remote_total":	18.205537030230037,
			"remote_user":	0.069865406933997051,
			"remote_system":	18.136088786806027
		},
		"sender_tcp_congestion":	"cubic",
		"receiver_tcp_congestion":	"cubic"
	}
}
{
	"start":	{
		"connected":	[{
				"socket":	5,
				"local_host":	"192.168.1.48",
				"local_port":	47448,
				"remote_host":	"192.168.1.58",
				"remote_port":	5201
			}],
		"version":	"iperf 3.20",
		"system_info":	"Linux kuroi-washi 6.19.11+kali-amd64 #1 SMP PREEMPT_DYNAMIC Kali 6.19.11-1kali1 (2026-04-09) x86_64",
		"timestamp":	{
			"time":	"Thu, 23 Apr 2026 22:48:55 GMT",
			"timesecs":	1776984535,
			"timemillisecs":	1776984535609
		},
		"connecting_to":	{
			"host":	"192.168.1.58",
			"port":	5201
		},
		"cookie":	"fxf4wsozkduhcbs6ca5vb7pg3nqrl4s62jfw",
		"tcp_mss":	500,
		"target_bitrate":	0,
		"fq_rate":	0,
		"sock_bufsize":	0,
		"sndbuf_actual":	16384,
		"rcvbuf_actual":	131072,
		"test_start":	{
			"protocol":	"TCP",
			"num_streams":	1,
			"blksize":	131072,
			"omit":	0,
			"duration":	10,
			"bytes":	0,
			"blocks":	0,
			"reverse":	0,
			"tos":	0,
			"target_bitrate":	0,
			"bidir":	0,
			"fqrate":	0,
			"interval":	1
		}
	},
	"intervals":	[{
			"streams":	[{
					"socket":	5,
					"start":	0,
					"end":	1.000975,
					"seconds":	1.0009750127792358,
					"bytes":	3145728,
					"bits_per_second":	25141310.900585189,
					"retransmits":	0,
					"snd_cwnd":	135176,
					"snd_wnd":	968832,
					"rtt":	22804,
					"rttvar":	3162,
					"pmtu":	1500,
					"reorder":	0,
					"omitted":	false,
					"sender":	true
				}],
			"sum":	{
				"start":	0,
				"end":	1.000975,
				"seconds":	1.0009750127792358,
				"bytes":	3145728,
				"bits_per_second":	25141310.900585189,
				"retransmits":	0,
				"omitted":	false,
				"sender":	true
			}
		}, {
			"streams":	[{
					"socket":	5,
					"start":	1.000975,
					"end":	2.001039,
					"seconds":	1.0000640153884888,
					"bytes":	4194304,
					"bits_per_second":	33552284.137496252,
					"retransmits":	0,
					"snd_cwnd":	302072,
					"snd_wnd":	976640,
					"rtt":	88047,
					"rttvar":	2878,
					"pmtu":	1500,
					"reorder":	0,
					"omitted":	false,
					"sender":	true
				}],
			"sum":	{
				"start":	1.000975,
				"end":	2.001039,
				"seconds":	1.0000640153884888,
				"bytes":	4194304,
				"bits_per_second":	33552284.137496252,
				"retransmits":	0,
				"omitted":	false,
				"sender":	true
			}
		}, {
			"streams":	[{
					"socket":	5,
					"start":	2.001039,
					"end":	3.001022,
					"seconds":	0.999983012676239,
					"bytes":	4980736,
					"bits_per_second":	39846564.886498488,
					"retransmits":	0,
					"snd_cwnd":	472872,
					"snd_wnd":	980544,
					"rtt":	123458,
					"rttvar":	4923,
					"pmtu":	1500,
					"reorder":	0,
					"omitted":	false,
					"sender":	true
				}],
			"sum":	{
				"start":	2.001039,
				"end":	3.001022,
				"seconds":	0.999983012676239,
				"bytes":	4980736,
				"bits_per_second":	39846564.886498488,
				"retransmits":	0,
				"omitted":	false,
				"sender":	true
			}
		}, {
			"streams":	[{
					"socket":	5,
					"start":	3.001022,
					"end":	4.000998,
					"seconds":	0.99997597932815552,
					"bytes":	2752512,
					"bits_per_second":	22020624.95020574,
					"retransmits":	0,
					"snd_cwnd":	642208,
					"snd_wnd":	980544,
					"rtt":	155077,
					"rttvar":	520,
					"pmtu":	1500,
					"reorder":	0,
					"omitted":	false,
					"sender":	true
				}],
			"sum":	{
				"start":	3.001022,
				"end":	4.000998,
				"seconds":	0.99997597932815552,
				"bytes":	2752512,
				"bits_per_second":	22020624.95020574,
				"retransmits":	0,
				"omitted":	false,
				"sender":	true
			}
		}, {
			"streams":	[{
					"socket":	5,
					"start":	4.000998,
					"end":	5.000997,
					"seconds":	0.99999898672103882,
					"bytes":	4325376,
					"bits_per_second":	34603043.062535532,
					"retransmits":	0,
					"snd_cwnd":	811056,
					"snd_wnd":	984448,
					"rtt":	199495,
					"rttvar":	1101,
					"pmtu":	1500,
					"reorder":	0,
					"omitted":	false,
					"sender":	true
				}],
			"sum":	{
				"start":	4.000998,
				"end":	5.000997,
				"seconds":	0.99999898672103882,
				"bytes":	4325376,
				"bits_per_second":	34603043.062535532,
				"retransmits":	0,
				"omitted":	false,
				"sender":	true
			}
		}, {
			"streams":	[{
					"socket":	5,
					"start":	5.000997,
					"end":	6.001065,
					"seconds":	1.0000679492950439,
					"bytes":	2883584,
					"bits_per_second":	23067104.606503282,
					"retransmits":	0,
					"snd_cwnd":	978928,
					"snd_wnd":	986432,
					"rtt":	252810,
					"rttvar":	4333,
					"pmtu":	1500,
					"reorder":	0,
					"omitted":	false,
					"sender":	true
				}],
			"sum":	{
				"start":	5.000997,
				"end":	6.001065,
				"seconds":	1.0000679492950439,
				"bytes":	2883584,
				"bits_per_second":	23067104.606503282,
				"retransmits":	0,
				"omitted":	false,
				"sender":	true
			}
		}, {
			"streams":	[{
					"socket":	5,
					"start":	6.001065,
					"end":	7.001086,
					"seconds":	1.0000209808349609,
					"bytes":	4325376,
					"bits_per_second":	34602282.015231766,
					"retransmits":	0,
					"snd_cwnd":	1036512,
					"snd_wnd":	990336,
					"rtt":	245244,
					"rttvar":	1862,
					"pmtu":	1500,
					"reorder":	0,
					"omitted":	false,
					"sender":	true
				}],
			"sum":	{
				"start":	6.001065,
				"end":	7.001086,
				"seconds":	1.0000209808349609,
				"bytes":	4325376,
				"bits_per_second":	34602282.015231766,
				"retransmits":	0,
				"omitted":	false,
				"sender":	true
			}
		}, {
			"streams":	[{
					"socket":	5,
					"start":	7.001086,
					"end":	8.001096,
					"seconds":	1.0000100135803223,
					"bytes":	2883584,
					"bits_per_second":	23068441.002313115,
					"retransmits":	0,
					"snd_cwnd":	1036512,
					"snd_wnd":	990336,
					"rtt":	253135,
					"rttvar":	2776,
					"pmtu":	1500,
					"reorder":	0,
					"omitted":	false,
					"sender":	true
				}],
			"sum":	{
				"start":	7.001086,
				"end":	8.001096,
				"seconds":	1.0000100135803223,
				"bytes":	2883584,
				"bits_per_second":	23068441.002313115,
				"retransmits":	0,
				"omitted":	false,
				"sender":	true
			}
		}, {
			"streams":	[{
					"socket":	5,
					"start":	8.001096,
					"end":	9.001093,
					"seconds":	0.99999701976776123,
					"bytes":	3801088,
					"bits_per_second":	30408794.625270084,
					"retransmits":	1,
					"snd_cwnd":	744688,
					"snd_wnd":	992256,
					"rtt":	206496,
					"rttvar":	5365,
					"pmtu":	1500,
					"reorder":	0,
					"omitted":	false,
					"sender":	true
				}],
			"sum":	{
				"start":	8.001096,
				"end":	9.001093,
				"seconds":	0.99999701976776123,
				"bytes":	3801088,
				"bits_per_second":	30408794.625270084,
				"retransmits":	1,
				"omitted":	false,
				"sender":	true
			}
		}, {
			"streams":	[{
					"socket":	5,
					"start":	9.001093,
					"end":	10.001925,
					"seconds":	1.0008319616317749,
					"bytes":	2752512,
					"bits_per_second":	22001791.353763353,
					"retransmits":	0,
					"snd_cwnd":	812520,
					"snd_wnd":	996160,
					"rtt":	221276,
					"rttvar":	7960,
					"pmtu":	1500,
					"reorder":	0,
					"omitted":	false,
					"sender":	true
				}],
			"sum":	{
				"start":	9.001093,
				"end":	10.001925,
				"seconds":	1.0008319616317749,
				"bytes":	2752512,
				"bits_per_second":	22001791.353763353,
				"retransmits":	0,
				"omitted":	false,
				"sender":	true
			}
		}],
	"end":	{
		"streams":	[{
				"sender":	{
					"socket":	5,
					"start":	0,
					"end":	10.001925,
					"seconds":	10.001925,
					"bytes":	36044800,
					"bits_per_second":	28830290.16914244,
					"retransmits":	1,
					"reorder":	0,
					"max_snd_cwnd":	1036512,
					"max_snd_wnd":	996160,
					"max_rtt":	253135,
					"min_rtt":	22804,
					"mean_rtt":	176784,
					"sender":	true
				},
				"receiver":	{
					"socket":	5,
					"start":	0,
					"end":	10.280024,
					"seconds":	10.001925,
					"bytes":	33292288,
					"bits_per_second":	25908334.844354451,
					"sender":	true
				}
			}],
		"sum_sent":	{
			"start":	0,
			"end":	10.001925,
			"seconds":	10.001925,
			"bytes":	36044800,
			"bits_per_second":	28830290.16914244,
			"retransmits":	1,
			"sender":	true
		},
		"sum_received":	{
			"start":	0,
			"end":	10.280024,
			"seconds":	10.280024,
			"bytes":	33292288,
			"bits_per_second":	25908334.844354451,
			"sender":	true
		},
		"cpu_utilization_percent":	{
			"host_total":	0.20698825293279677,
			"host_user":	0,
			"host_system":	0.20698825293279677,
			"remote_total":	22.791335279905468,
			"remote_user":	0.029234387109928747,
			"remote_system":	22.762091215739229
		},
		"sender_tcp_congestion":	"cubic",
		"receiver_tcp_congestion":	"cubic"
	}
}
{
	"start":	{
		"connected":	[{
				"socket":	5,
				"local_host":	"192.168.1.48",
				"local_port":	56274,
				"remote_host":	"192.168.1.58",
				"remote_port":	5201
			}],
		"version":	"iperf 3.20",
		"system_info":	"Linux kuroi-washi 6.19.11+kali-amd64 #1 SMP PREEMPT_DYNAMIC Kali 6.19.11-1kali1 (2026-04-09) x86_64",
		"timestamp":	{
			"time":	"Thu, 23 Apr 2026 22:49:06 GMT",
			"timesecs":	1776984546,
			"timemillisecs":	1776984546503
		},
		"connecting_to":	{
			"host":	"192.168.1.58",
			"port":	5201
		},
		"cookie":	"vjhf7h4oq4j6cdtmr7i7oat2h6vavx6ryqs2",
		"tcp_mss":	500,
		"target_bitrate":	0,
		"fq_rate":	0,
		"sock_bufsize":	0,
		"sndbuf_actual":	16384,
		"rcvbuf_actual":	131072,
		"test_start":	{
			"protocol":	"TCP",
			"num_streams":	1,
			"blksize":	131072,
			"omit":	0,
			"duration":	10,
			"bytes":	0,
			"blocks":	0,
			"reverse":	0,
			"tos":	0,
			"target_bitrate":	0,
			"bidir":	0,
			"fqrate":	0,
			"interval":	1
		}
	},
	"intervals":	[{
			"streams":	[{
					"socket":	5,
					"start":	0,
					"end":	1.000149,
					"seconds":	1.0001490116119385,
					"bytes":	4063232,
					"bits_per_second":	32501012.971667457,
					"retransmits":	0,
					"snd_cwnd":	192760,
					"snd_wnd":	972736,
					"rtt":	41313,
					"rttvar":	1630,
					"pmtu":	1500,
					"reorder":	0,
					"omitted":	false,
					"sender":	true
				}],
			"sum":	{
				"start":	0,
				"end":	1.000149,
				"seconds":	1.0001490116119385,
				"bytes":	4063232,
				"bits_per_second":	32501012.971667457,
				"retransmits":	0,
				"omitted":	false,
				"sender":	true
			}
		}, {
			"streams":	[{
					"socket":	5,
					"start":	1.000149,
					"end":	2.000175,
					"seconds":	1.0000259876251221,
					"bytes":	5242880,
					"bits_per_second":	41941950.028325774,
					"retransmits":	0,
					"snd_cwnd":	367464,
					"snd_wnd":	974720,
					"rtt":	95832,
					"rttvar":	3495,
					"pmtu":	1500,
					"reorder":	0,
					"omitted":	false,
					"sender":	true
				}],
			"sum":	{
				"start":	1.000149,
				"end":	2.000175,
				"seconds":	1.0000259876251221,
				"bytes":	5242880,
				"bits_per_second":	41941950.028325774,
				"retransmits":	0,
				"omitted":	false,
				"sender":	true
			}
		}, {
			"streams":	[{
					"socket":	5,
					"start":	2.000175,
					"end":	3.001144,
					"seconds":	1.0009690523147583,
					"bytes":	4063232,
					"bits_per_second":	32474386.620475072,
					"retransmits":	0,
					"snd_cwnd":	552416,
					"snd_wnd":	974720,
					"rtt":	145161,
					"rttvar":	6376,
					"pmtu":	1500,
					"reorder":	0,
					"omitted":	false,
					"sender":	true
				}],
			"sum":	{
				"start":	2.000175,
				"end":	3.001144,
				"seconds":	1.0009690523147583,
				"bytes":	4063232,
				"bits_per_second":	32474386.620475072,
				"retransmits":	0,
				"omitted":	false,
				"sender":	true
			}
		}, {
			"streams":	[{
					"socket":	5,
					"start":	3.001144,
					"end":	4.000199,
					"seconds":	0.999055027961731,
					"bytes":	4325376,
					"bits_per_second":	34635737.80374936,
					"retransmits":	0,
					"snd_cwnd":	742248,
					"snd_wnd":	974720,
					"rtt":	170665,
					"rttvar":	6086,
					"pmtu":	1500,
					"reorder":	0,
					"omitted":	false,
					"sender":	true
				}],
			"sum":	{
				"start":	3.001144,
				"end":	4.000199,
				"seconds":	0.999055027961731,
				"bytes":	4325376,
				"bits_per_second":	34635737.80374936,
				"retransmits":	0,
				"omitted":	false,
				"sender":	true
			}
		}, {
			"streams":	[{
					"socket":	5,
					"start":	4.000199,
					"end":	5.000206,
					"seconds":	1.0000070333480835,
					"bytes":	2883584,
					"bits_per_second":	23068509.751141153,
					"retransmits":	0,
					"snd_cwnd":	934032,
					"snd_wnd":	974720,
					"rtt":	218213,
					"rttvar":	2482,
					"pmtu":	1500,
					"reorder":	0,
					"omitted":	false,
					"sender":	true
				}],
			"sum":	{
				"start":	4.000199,
				"end":	5.000206,
				"seconds":	1.0000070333480835,
				"bytes":	2883584,
				"bits_per_second":	23068509.751141153,
				"retransmits":	0,
				"omitted":	false,
				"sender":	true
			}
		}, {
			"streams":	[{
					"socket":	5,
					"start":	5.000206,
					"end":	6.000192,
					"seconds":	0.99998599290847778,
					"bytes":	4194304,
					"bits_per_second":	33554902.006583422,
					"retransmits":	0,
					"snd_cwnd":	1030168,
					"snd_wnd":	981824,
					"rtt":	253960,
					"rttvar":	5917,
					"pmtu":	1500,
					"reorder":	0,
					"omitted":	false,
					"sender":	true
				}],
			"sum":	{
				"start":	5.000206,
				"end":	6.000192,
				"seconds":	0.99998599290847778,
				"bytes":	4194304,
				"bits_per_second":	33554902.006583422,
				"retransmits":	0,
				"omitted":	false,
				"sender":	true
			}
		}, {
			"streams":	[{
					"socket":	5,
					"start":	6.000192,
					"end":	7.000145,
					"seconds":	0.99995297193527222,
					"bytes":	2883584,
					"bits_per_second":	23069756.926021971,
					"retransmits":	0,
					"snd_cwnd":	1030168,
					"snd_wnd":	983808,
					"rtt":	247785,
					"rttvar":	5882,
					"pmtu":	1500,
					"reorder":	0,
					"omitted":	false,
					"sender":	true
				}],
			"sum":	{
				"start":	6.000192,
				"end":	7.000145,
				"seconds":	0.99995297193527222,
				"bytes":	2883584,
				"bits_per_second":	23069756.926021971,
				"retransmits":	0,
				"omitted":	false,
				"sender":	true
			}
		}, {
			"streams":	[{
					"socket":	5,
					"start":	7.000145,
					"end":	8.00025,
					"seconds":	1.0001050233840942,
					"bytes":	4325376,
					"bits_per_second":	34599374.256628029,
					"retransmits":	10,
					"snd_cwnd":	750056,
					"snd_wnd":	983808,
					"rtt":	160437,
					"rttvar":	4531,
					"pmtu":	1500,
					"reorder":	0,
					"omitted":	false,
					"sender":	true
				}],
			"sum":	{
				"start":	7.000145,
				"end":	8.00025,
				"seconds":	1.0001050233840942,
				"bytes":	4325376,
				"bits_per_second":	34599374.256628029,
				"retransmits":	10,
				"omitted":	false,
				"sender":	true
			}
		}, {
			"streams":	[{
					"socket":	5,
					"start":	8.00025,
					"end":	9.000123,
					"seconds":	0.99987298250198364,
					"bytes":	2883584,
					"bits_per_second":	23071602.497224424,
					"retransmits":	0,
					"snd_cwnd":	815936,
					"snd_wnd":	985728,
					"rtt":	193804,
					"rttvar":	3509,
					"pmtu":	1500,
					"reorder":	0,
					"omitted":	false,
					"sender":	true
				}],
			"sum":	{
				"start":	8.00025,
				"end":	9.000123,
				"seconds":	0.99987298250198364,
				"bytes":	2883584,
				"bits_per_second":	23071602.497224424,
				"retransmits":	0,
				"omitted":	false,
				"sender":	true
			}
		}, {
			"streams":	[{
					"socket":	5,
					"start":	9.000123,
					"end":	10.000425,
					"seconds":	1.0003019571304321,
					"bytes":	4325376,
					"bits_per_second":	34592562.529084422,
					"retransmits":	0,
					"snd_cwnd":	870592,
					"snd_wnd":	987712,
					"rtt":	237552,
					"rttvar":	3934,
					"pmtu":	1500,
					"reorder":	0,
					"omitted":	false,
					"sender":	true
				}],
			"sum":	{
				"start":	9.000123,
				"end":	10.000425,
				"seconds":	1.0003019571304321,
				"bytes":	4325376,
				"bits_per_second":	34592562.529084422,
				"retransmits":	0,
				"omitted":	false,
				"sender":	true
			}
		}],
	"end":	{
		"streams":	[{
				"sender":	{
					"socket":	5,
					"start":	0,
					"end":	10.000425,
					"seconds":	10.000425,
					"bytes":	39190528,
					"bits_per_second":	31351089.978675906,
					"retransmits":	10,
					"reorder":	0,
					"max_snd_cwnd":	1030168,
					"max_snd_wnd":	987712,
					"max_rtt":	253960,
					"min_rtt":	41313,
					"mean_rtt":	176472,
					"sender":	true
				},
				"receiver":	{
					"socket":	5,
					"start":	0,
					"end":	10.329255,
					"seconds":	10.000425,
					"bytes":	35127296,
					"bits_per_second":	27206063.554438341,
					"sender":	true
				}
			}],
		"sum_sent":	{
			"start":	0,
			"end":	10.000425,
			"seconds":	10.000425,
			"bytes":	39190528,
			"bits_per_second":	31351089.978675906,
			"retransmits":	10,
			"sender":	true
		},
		"sum_received":	{
			"start":	0,
			"end":	10.329255,
			"seconds":	10.329255,
			"bytes":	35127296,
			"bits_per_second":	27206063.554438341,
			"sender":	true
		},
		"cpu_utilization_percent":	{
			"host_total":	0.21456637356801361,
			"host_user":	0.044196758924213729,
			"host_system":	0.17032987829053015,
			"remote_total":	24.0939171032797,
			"remote_user":	0.060499338815573886,
			"remote_system":	24.033417764464133
		},
		"sender_tcp_congestion":	"cubic",
		"receiver_tcp_congestion":	"cubic"
	}
}
{
	"start":	{
		"connected":	[{
				"socket":	5,
				"local_host":	"192.168.1.48",
				"local_port":	52782,
				"remote_host":	"192.168.1.58",
				"remote_port":	5201
			}],
		"version":	"iperf 3.20",
		"system_info":	"Linux kuroi-washi 6.19.11+kali-amd64 #1 SMP PREEMPT_DYNAMIC Kali 6.19.11-1kali1 (2026-04-09) x86_64",
		"timestamp":	{
			"time":	"Thu, 23 Apr 2026 22:49:17 GMT",
			"timesecs":	1776984557,
			"timemillisecs":	1776984557104
		},
		"connecting_to":	{
			"host":	"192.168.1.58",
			"port":	5201
		},
		"cookie":	"b6dne6rcoyaapgu5tkpg3zsxuxvosiko4uva",
		"tcp_mss":	500,
		"target_bitrate":	0,
		"fq_rate":	0,
		"sock_bufsize":	0,
		"sndbuf_actual":	16384,
		"rcvbuf_actual":	131072,
		"test_start":	{
			"protocol":	"TCP",
			"num_streams":	1,
			"blksize":	131072,
			"omit":	0,
			"duration":	10,
			"bytes":	0,
			"blocks":	0,
			"reverse":	0,
			"tos":	0,
			"target_bitrate":	0,
			"bidir":	0,
			"fqrate":	0,
			"interval":	1
		}
	},
	"intervals":	[{
			"streams":	[{
					"socket":	5,
					"start":	0,
					"end":	1.001031,
					"seconds":	1.0010310411453247,
					"bytes":	3538944,
					"bits_per_second":	28282391.690478928,
					"retransmits":	0,
					"snd_cwnd":	162504,
					"snd_wnd":	968832,
					"rtt":	52471,
					"rttvar":	8216,
					"pmtu":	1500,
					"reorder":	0,
					"omitted":	false,
					"sender":	true
				}],
			"sum":	{
				"start":	0,
				"end":	1.001031,
				"seconds":	1.0010310411453247,
				"bytes":	3538944,
				"bits_per_second":	28282391.690478928,
				"retransmits":	0,
				"omitted":	false,
				"sender":	true
			}
		}, {
			"streams":	[{
					"socket":	5,
					"start":	1.001031,
					"end":	2.001046,
					"seconds":	1.0000150203704834,
					"bytes":	4587520,
					"bits_per_second":	36699608.758279853,
					"retransmits":	0,
					"snd_cwnd":	329888,
					"snd_wnd":	968832,
					"rtt":	72537,
					"rttvar":	2617,
					"pmtu":	1500,
					"reorder":	0,
					"omitted":	false,
					"sender":	true
				}],
			"sum":	{
				"start":	1.001031,
				"end":	2.001046,
				"seconds":	1.0000150203704834,
				"bytes":	4587520,
				"bits_per_second":	36699608.758279853,
				"retransmits":	0,
				"omitted":	false,
				"sender":	true
			}
		}, {
			"streams":	[{
					"socket":	5,
					"start":	2.001046,
					"end":	3.001034,
					"seconds":	0.9999880194664,
					"bytes":	4194304,
					"bits_per_second":	33554834.004816234,
					"retransmits":	0,
					"snd_cwnd":	467504,
					"snd_wnd":	968832,
					"rtt":	235999,
					"rttvar":	1021,
					"pmtu":	1500,
					"reorder":	0,
					"omitted":	false,
					"sender":	true
				}],
			"sum":	{
				"start":	2.001046,
				"end":	3.001034,
				"seconds":	0.9999880194664,
				"bytes":	4194304,
				"bits_per_second":	33554834.004816234,
				"retransmits":	0,
				"omitted":	false,
				"sender":	true
			}
		}, {
			"streams":	[{
					"socket":	5,
					"start":	3.001034,
					"end":	4.001045,
					"seconds":	1.0000109672546387,
					"bytes":	2883584,
					"bits_per_second":	23068419.002774686,
					"retransmits":	0,
					"snd_cwnd":	648064,
					"snd_wnd":	978624,
					"rtt":	195201,
					"rttvar":	1668,
					"pmtu":	1500,
					"reorder":	0,
					"omitted":	false,
					"sender":	true
				}],
			"sum":	{
				"start":	3.001034,
				"end":	4.001045,
				"seconds":	1.0000109672546387,
				"bytes":	2883584,
				"bits_per_second":	23068419.002774686,
				"retransmits":	0,
				"omitted":	false,
				"sender":	true
			}
		}, {
			"streams":	[{
					"socket":	5,
					"start":	4.001045,
					"end":	5.001094,
					"seconds":	1.0000489950180054,
					"bytes":	2883584,
					"bits_per_second":	23067541.805373907,
					"retransmits":	0,
					"snd_cwnd":	796904,
					"snd_wnd":	980544,
					"rtt":	265538,
					"rttvar":	4379,
					"pmtu":	1500,
					"reorder":	0,
					"omitted":	false,
					"sender":	true
				}],
			"sum":	{
				"start":	4.001045,
				"end":	5.001094,
				"seconds":	1.0000489950180054,
				"bytes":	2883584,
				"bits_per_second":	23067541.805373907,
				"retransmits":	0,
				"omitted":	false,
				"sender":	true
			}
		}, {
			"streams":	[{
					"socket":	5,
					"start":	5.001094,
					"end":	6.001053,
					"seconds":	0.99995899200439453,
					"bytes":	4325376,
					"bits_per_second":	34604427.05819273,
					"retransmits":	0,
					"snd_cwnd":	958920,
					"snd_wnd":	985856,
					"rtt":	277641,
					"rttvar":	7245,
					"pmtu":	1500,
					"reorder":	0,
					"omitted":	false,
					"sender":	true
				}],
			"sum":	{
				"start":	5.001094,
				"end":	6.001053,
				"seconds":	0.99995899200439453,
				"bytes":	4325376,
				"bits_per_second":	34604427.05819273,
				"retransmits":	0,
				"omitted":	false,
				"sender":	true
			}
		}, {
			"streams":	[{
					"socket":	5,
					"start":	6.001053,
					"end":	7.001095,
					"seconds":	1.0000419616699219,
					"bytes":	2883584,
					"bits_per_second":	23067704.04061719,
					"retransmits":	0,
					"snd_cwnd":	1037488,
					"snd_wnd":	989760,
					"rtt":	269971,
					"rttvar":	4273,
					"pmtu":	1500,
					"reorder":	0,
					"omitted":	false,
					"sender":	true
				}],
			"sum":	{
				"start":	6.001053,
				"end":	7.001095,
				"seconds":	1.0000419616699219,
				"bytes":	2883584,
				"bits_per_second":	23067704.04061719,
				"retransmits":	0,
				"omitted":	false,
				"sender":	true
			}
		}, {
			"streams":	[{
					"socket":	5,
					"start":	7.001095,
					"end":	8.001095,
					"seconds":	1,
					"bytes":	2883584,
					"bits_per_second":	23068672,
					"retransmits":	0,
					"snd_cwnd":	1037488,
					"snd_wnd":	995584,
					"rtt":	313412,
					"rttvar":	4830,
					"pmtu":	1500,
					"reorder":	0,
					"omitted":	false,
					"sender":	true
				}],
			"sum":	{
				"start":	7.001095,
				"end":	8.001095,
				"seconds":	1,
				"bytes":	2883584,
				"bits_per_second":	23068672,
				"retransmits":	0,
				"omitted":	false,
				"sender":	true
			}
		}, {
			"streams":	[{
					"socket":	5,
					"start":	8.001095,
					"end":	9.0011,
					"seconds":	1.0000050067901611,
					"bytes":	2883584,
					"bits_per_second":	23068556.500578281,
					"retransmits":	0,
					"snd_cwnd":	1037488,
					"snd_wnd":	999488,
					"rtt":	266423,
					"rttvar":	3822,
					"pmtu":	1500,
					"reorder":	0,
					"omitted":	false,
					"sender":	true
				}],
			"sum":	{
				"start":	8.001095,
				"end":	9.0011,
				"seconds":	1.0000050067901611,
				"bytes":	2883584,
				"bits_per_second":	23068556.500578281,
				"retransmits":	0,
				"omitted":	false,
				"sender":	true
			}
		}, {
			"streams":	[{
					"socket":	5,
					"start":	9.0011,
					"end":	10.001875,
					"seconds":	1.0007749795913696,
					"bytes":	2883584,
					"bits_per_second":	23050808.094162446,
					"retransmits":	0,
					"snd_cwnd":	1037488,
					"snd_wnd":	1005376,
					"rtt":	325057,
					"rttvar":	4776,
					"pmtu":	1500,
					"reorder":	0,
					"omitted":	false,
					"sender":	true
				}],
			"sum":	{
				"start":	9.0011,
				"end":	10.001875,
				"seconds":	1.0007749795913696,
				"bytes":	2883584,
				"bits_per_second":	23050808.094162446,
				"retransmits":	0,
				"omitted":	false,
				"sender":	true
			}
		}],
	"end":	{
		"streams":	[{
				"sender":	{
					"socket":	5,
					"start":	0,
					"end":	10.001875,
					"seconds":	10.001875,
					"bytes":	33947648,
					"bits_per_second":	27153027.207398612,
					"retransmits":	0,
					"reorder":	0,
					"max_snd_cwnd":	1037488,
					"max_snd_wnd":	1005376,
					"max_rtt":	325057,
					"min_rtt":	52471,
					"mean_rtt":	227425,
					"sender":	true
				},
				"receiver":	{
					"socket":	5,
					"start":	0,
					"end":	10.369897,
					"seconds":	10.001875,
					"bytes":	32112640,
					"bits_per_second":	24773738.832700074,
					"sender":	true
				}
			}],
		"sum_sent":	{
			"start":	0,
			"end":	10.001875,
			"seconds":	10.001875,
			"bytes":	33947648,
			"bits_per_second":	27153027.207398612,
			"retransmits":	0,
			"sender":	true
		},
		"sum_received":	{
			"start":	0,
			"end":	10.369897,
			"seconds":	10.369897,
			"bytes":	32112640,
			"bits_per_second":	24773738.832700074,
			"sender":	true
		},
		"cpu_utilization_percent":	{
			"host_total":	0.18208557883011059,
			"host_user":	0,
			"host_system":	0.18211540610631952,
			"remote_total":	24.495965057000355,
			"remote_user":	0,
			"remote_system":	24.495965057000355
		},
		"sender_tcp_congestion":	"cubic",
		"receiver_tcp_congestion":	"cubic"
	}
}
{
	"start":	{
		"connected":	[{
				"socket":	5,
				"local_host":	"192.168.1.48",
				"local_port":	45680,
				"remote_host":	"192.168.1.58",
				"remote_port":	5201
			}],
		"version":	"iperf 3.20",
		"system_info":	"Linux kuroi-washi 6.19.11+kali-amd64 #1 SMP PREEMPT_DYNAMIC Kali 6.19.11-1kali1 (2026-04-09) x86_64",
		"timestamp":	{
			"time":	"Thu, 23 Apr 2026 22:49:28 GMT",
			"timesecs":	1776984568,
			"timemillisecs":	1776984568101
		},
		"connecting_to":	{
			"host":	"192.168.1.58",
			"port":	5201
		},
		"cookie":	"jwyhhgx5uzmyedeqodzcbv5ppuuusobjiv5z",
		"tcp_mss":	500,
		"target_bitrate":	0,
		"fq_rate":	0,
		"sock_bufsize":	0,
		"sndbuf_actual":	16384,
		"rcvbuf_actual":	131072,
		"test_start":	{
			"protocol":	"TCP",
			"num_streams":	1,
			"blksize":	131072,
			"omit":	0,
			"duration":	10,
			"bytes":	0,
			"blocks":	0,
			"reverse":	0,
			"tos":	0,
			"target_bitrate":	0,
			"bidir":	0,
			"fqrate":	0,
			"interval":	1
		}
	},
	"intervals":	[{
			"streams":	[{
					"socket":	5,
					"start":	0,
					"end":	1.001099,
					"seconds":	1.0010989904403687,
					"bytes":	3932160,
					"bits_per_second":	31422746.701764636,
					"retransmits":	0,
					"snd_cwnd":	188856,
					"snd_wnd":	970816,
					"rtt":	45809,
					"rttvar":	2715,
					"pmtu":	1500,
					"reorder":	0,
					"omitted":	false,
					"sender":	true
				}],
			"sum":	{
				"start":	0,
				"end":	1.001099,
				"seconds":	1.0010989904403687,
				"bytes":	3932160,
				"bits_per_second":	31422746.701764636,
				"retransmits":	0,
				"omitted":	false,
				"sender":	true
			}
		}, {
			"streams":	[{
					"socket":	5,
					"start":	1.001099,
					"end":	2.001099,
					"seconds":	1,
					"bytes":	5373952,
					"bits_per_second":	42991616,
					"retransmits":	0,
					"snd_cwnd":	356240,
					"snd_wnd":	972736,
					"rtt":	92076,
					"rttvar":	12835,
					"pmtu":	1500,
					"reorder":	0,
					"omitted":	false,
					"sender":	true
				}],
			"sum":	{
				"start":	1.001099,
				"end":	2.001099,
				"seconds":	1,
				"bytes":	5373952,
				"bits_per_second":	42991616,
				"retransmits":	0,
				"omitted":	false,
				"sender":	true
			}
		}, {
			"streams":	[{
					"socket":	5,
					"start":	2.001099,
					"end":	3.00107,
					"seconds":	0.99997097253799438,
					"bytes":	4325376,
					"bits_per_second":	34604012.466657117,
					"retransmits":	0,
					"snd_cwnd":	522648,
					"snd_wnd":	974720,
					"rtt":	116322,
					"rttvar":	6671,
					"pmtu":	1500,
					"reorder":	0,
					"omitted":	false,
					"sender":	true
				}],
			"sum":	{
				"start":	2.001099,
				"end":	3.00107,
				"seconds":	0.99997097253799438,
				"bytes":	4325376,
				"bits_per_second":	34604012.466657117,
				"retransmits":	0,
				"omitted":	false,
				"sender":	true
			}
		}, {
			"streams":	[{
					"socket":	5,
					"start":	3.00107,
					"end":	4.000988,
					"seconds":	0.999917984008789,
					"bytes":	3014656,
					"bits_per_second":	24119226.162240937,
					"retransmits":	0,
					"snd_cwnd":	689544,
					"snd_wnd":	974720,
					"rtt":	145597,
					"rttvar":	5125,
					"pmtu":	1500,
					"reorder":	0,
					"omitted":	false,
					"sender":	true
				}],
			"sum":	{
				"start":	3.00107,
				"end":	4.000988,
				"seconds":	0.999917984008789,
				"bytes":	3014656,
				"bits_per_second":	24119226.162240937,
				"retransmits":	0,
				"omitted":	false,
				"sender":	true
			}
		}, {
			"streams":	[{
					"socket":	5,
					"start":	4.000988,
					"end":	5.001097,
					"seconds":	1.0001089572906494,
					"bytes":	3014656,
					"bits_per_second":	24114620.536281329,
					"retransmits":	30,
					"snd_cwnd":	534360,
					"snd_wnd":	974720,
					"rtt":	147157,
					"rttvar":	1109,
					"pmtu":	1500,
					"reorder":	0,
					"omitted":	false,
					"sender":	true
				}],
			"sum":	{
				"start":	4.000988,
				"end":	5.001097,
				"seconds":	1.0001089572906494,
				"bytes":	3014656,
				"bits_per_second":	24114620.536281329,
				"retransmits":	30,
				"omitted":	false,
				"sender":	true
			}
		}, {
			"streams":	[{
					"socket":	5,
					"start":	5.001097,
					"end":	6.001134,
					"seconds":	1.0000369548797607,
					"bytes":	3276800,
					"bits_per_second":	26213431.285798717,
					"retransmits":	0,
					"snd_cwnd":	585112,
					"snd_wnd":	976640,
					"rtt":	123078,
					"rttvar":	3105,
					"pmtu":	1500,
					"reorder":	0,
					"omitted":	false,
					"sender":	true
				}],
			"sum":	{
				"start":	5.001097,
				"end":	6.001134,
				"seconds":	1.0000369548797607,
				"bytes":	3276800,
				"bits_per_second":	26213431.285798717,
				"retransmits":	0,
				"omitted":	false,
				"sender":	true
			}
		}, {
			"streams":	[{
					"socket":	5,
					"start":	6.001134,
					"end":	7.001105,
					"seconds":	0.99997097253799438,
					"bytes":	2883584,
					"bits_per_second":	23069341.644438077,
					"retransmits":	0,
					"snd_cwnd":	624152,
					"snd_wnd":	976640,
					"rtt":	184393,
					"rttvar":	4182,
					"pmtu":	1500,
					"reorder":	0,
					"omitted":	false,
					"sender":	true
				}],
			"sum":	{
				"start":	6.001134,
				"end":	7.001105,
				"seconds":	0.99997097253799438,
				"bytes":	2883584,
				"bits_per_second":	23069341.644438077,
				"retransmits":	0,
				"omitted":	false,
				"sender":	true
			}
		}, {
			"streams":	[{
					"socket":	5,
					"start":	7.001105,
					"end":	8.001102,
					"seconds":	0.99999701976776123,
					"bytes":	3145728,
					"bits_per_second":	25165899.000223517,
					"retransmits":	0,
					"snd_cwnd":	655872,
					"snd_wnd":	976640,
					"rtt":	237043,
					"rttvar":	9169,
					"pmtu":	1500,
					"reorder":	0,
					"omitted":	false,
					"sender":	true
				}],
			"sum":	{
				"start":	7.001105,
				"end":	8.001102,
				"seconds":	0.99999701976776123,
				"bytes":	3145728,
				"bits_per_second":	25165899.000223517,
				"retransmits":	0,
				"omitted":	false,
				"sender":	true
			}
		}, {
			"streams":	[{
					"socket":	5,
					"start":	8.001102,
					"end":	9.001116,
					"seconds":	1.0000139474868774,
					"bytes":	2883584,
					"bits_per_second":	23068350.254487541,
					"retransmits":	0,
					"snd_cwnd":	680272,
					"snd_wnd":	978624,
					"rtt":	188626,
					"rttvar":	7041,
					"pmtu":	1500,
					"reorder":	0,
					"omitted":	false,
					"sender":	true
				}],
			"sum":	{
				"start":	8.001102,
				"end":	9.001116,
				"seconds":	1.0000139474868774,
				"bytes":	2883584,
				"bits_per_second":	23068350.254487541,
				"retransmits":	0,
				"omitted":	false,
				"sender":	true
			}
		}, {
			"streams":	[{
					"socket":	5,
					"start":	9.001116,
					"end":	10.002079,
					"seconds":	1.0009629726409912,
					"bytes":	2883584,
					"bits_per_second":	23046478.871375684,
					"retransmits":	0,
					"snd_cwnd":	697352,
					"snd_wnd":	980544,
					"rtt":	216772,
					"rttvar":	833,
					"pmtu":	1500,
					"reorder":	0,
					"omitted":	false,
					"sender":	true
				}],
			"sum":	{
				"start":	9.001116,
				"end":	10.002079,
				"seconds":	1.0009629726409912,
				"bytes":	2883584,
				"bits_per_second":	23046478.871375684,
				"retransmits":	0,
				"omitted":	false,
				"sender":	true
			}
		}],
	"end":	{
		"streams":	[{
				"sender":	{
					"socket":	5,
					"start":	0,
					"end":	10.002079,
					"seconds":	10.002079,
					"bytes":	34734080,
					"bits_per_second":	27781488.228597276,
					"retransmits":	30,
					"reorder":	0,
					"max_snd_cwnd":	697352,
					"max_snd_wnd":	980544,
					"max_rtt":	237043,
					"min_rtt":	45809,
					"mean_rtt":	149687,
					"sender":	true
				},
				"receiver":	{
					"socket":	5,
					"start":	0,
					"end":	10.312346,
					"seconds":	10.002079,
					"bytes":	32505856,
					"bits_per_second":	25217040.622958153,
					"sender":	true
				}
			}],
		"sum_sent":	{
			"start":	0,
			"end":	10.002079,
			"seconds":	10.002079,
			"bytes":	34734080,
			"bits_per_second":	27781488.228597276,
			"retransmits":	30,
			"sender":	true
		},
		"sum_received":	{
			"start":	0,
			"end":	10.312346,
			"seconds":	10.312346,
			"bytes":	32505856,
			"bits_per_second":	25217040.622958153,
			"sender":	true
		},
		"cpu_utilization_percent":	{
			"host_total":	0.28935533514542955,
			"host_user":	0,
			"host_system":	0.28935533514542955,
			"remote_total":	23.401532229382742,
			"remote_user":	0,
			"remote_system":	23.401512910859115
		},
		"sender_tcp_congestion":	"cubic",
		"receiver_tcp_congestion":	"cubic"
	}
}
{
	"start":	{
		"connected":	[{
				"socket":	5,
				"local_host":	"192.168.1.48",
				"local_port":	55684,
				"remote_host":	"192.168.1.58",
				"remote_port":	5201
			}],
		"version":	"iperf 3.20",
		"system_info":	"Linux kuroi-washi 6.19.11+kali-amd64 #1 SMP PREEMPT_DYNAMIC Kali 6.19.11-1kali1 (2026-04-09) x86_64",
		"timestamp":	{
			"time":	"Thu, 23 Apr 2026 22:49:38 GMT",
			"timesecs":	1776984578,
			"timemillisecs":	1776984578945
		},
		"connecting_to":	{
			"host":	"192.168.1.58",
			"port":	5201
		},
		"cookie":	"s5m33dzg6xo76y4lcdrmvl23qymylcjyqeki",
		"tcp_mss":	500,
		"target_bitrate":	0,
		"fq_rate":	0,
		"sock_bufsize":	0,
		"sndbuf_actual":	16384,
		"rcvbuf_actual":	131072,
		"test_start":	{
			"protocol":	"TCP",
			"num_streams":	1,
			"blksize":	131072,
			"omit":	0,
			"duration":	10,
			"bytes":	0,
			"blocks":	0,
			"reverse":	0,
			"tos":	0,
			"target_bitrate":	0,
			"bidir":	0,
			"fqrate":	0,
			"interval":	1
		}
	},
	"intervals":	[{
			"streams":	[{
					"socket":	5,
					"start":	0,
					"end":	1.00109,
					"seconds":	1.0010900497436523,
					"bytes":	3801088,
					"bits_per_second":	30375593.092536192,
					"retransmits":	0,
					"snd_cwnd":	140056,
					"snd_wnd":	968256,
					"rtt":	31833,
					"rttvar":	2928,
					"pmtu":	1500,
					"reorder":	0,
					"omitted":	false,
					"sender":	true
				}],
			"sum":	{
				"start":	0,
				"end":	1.00109,
				"seconds":	1.0010900497436523,
				"bytes":	3801088,
				"bits_per_second":	30375593.092536192,
				"retransmits":	0,
				"omitted":	false,
				"sender":	true
			}
		}, {
			"streams":	[{
					"socket":	5,
					"start":	1.00109,
					"end":	2.001112,
					"seconds":	1.0000220537185669,
					"bytes":	4194304,
					"bits_per_second":	33553692.01631939,
					"retransmits":	0,
					"snd_cwnd":	291336,
					"snd_wnd":	968256,
					"rtt":	84014,
					"rttvar":	10785,
					"pmtu":	1500,
					"reorder":	0,
					"omitted":	false,
					"sender":	true
				}],
			"sum":	{
				"start":	1.00109,
				"end":	2.001112,
				"seconds":	1.0000220537185669,
				"bytes":	4194304,
				"bits_per_second":	33553692.01631939,
				"retransmits":	0,
				"omitted":	false,
				"sender":	true
			}
		}, {
			"streams":	[{
					"socket":	5,
					"start":	2.001112,
					"end":	3.001028,
					"seconds":	0.99991601705551147,
					"bytes":	4980736,
					"bits_per_second":	39849234.656062029,
					"retransmits":	0,
					"snd_cwnd":	467504,
					"snd_wnd":	968256,
					"rtt":	130787,
					"rttvar":	6456,
					"pmtu":	1500,
					"reorder":	0,
					"omitted":	false,
					"sender":	true
				}],
			"sum":	{
				"start":	2.001112,
				"end":	3.001028,
				"seconds":	0.99991601705551147,
				"bytes":	4980736,
				"bits_per_second":	39849234.656062029,
				"retransmits":	0,
				"omitted":	false,
				"sender":	true
			}
		}, {
			"streams":	[{
					"socket":	5,
					"start":	3.001028,
					"end":	4.001028,
					"seconds":	1,
					"bytes":	2883584,
					"bits_per_second":	23068672,
					"retransmits":	0,
					"snd_cwnd":	632936,
					"snd_wnd":	968256,
					"rtt":	191374,
					"rttvar":	2001,
					"pmtu":	1500,
					"reorder":	0,
					"omitted":	false,
					"sender":	true
				}],
			"sum":	{
				"start":	3.001028,
				"end":	4.001028,
				"seconds":	1,
				"bytes":	2883584,
				"bits_per_second":	23068672,
				"retransmits":	0,
				"omitted":	false,
				"sender":	true
			}
		}, {
			"streams":	[{
					"socket":	5,
					"start":	4.001028,
					"end":	5.001028,
					"seconds":	1,
					"bytes":	3145728,
					"bits_per_second":	25165824,
					"retransmits":	0,
					"snd_cwnd":	793488,
					"snd_wnd":	968256,
					"rtt":	207739,
					"rttvar":	3099,
					"pmtu":	1500,
					"reorder":	0,
					"omitted":	false,
					"sender":	true
				}],
			"sum":	{
				"start":	4.001028,
				"end":	5.001028,
				"seconds":	1,
				"bytes":	3145728,
				"bits_per_second":	25165824,
				"retransmits":	0,
				"omitted":	false,
				"sender":	true
			}
		}, {
			"streams":	[{
					"socket":	5,
					"start":	5.001028,
					"end":	6.001093,
					"seconds":	1.0000649690628052,
					"bytes":	3014656,
					"bits_per_second":	24115681.226791788,
					"retransmits":	0,
					"snd_cwnd":	970144,
					"snd_wnd":	970176,
					"rtt":	225221,
					"rttvar":	1274,
					"pmtu":	1500,
					"reorder":	0,
					"omitted":	false,
					"sender":	true
				}],
			"sum":	{
				"start":	5.001028,
				"end":	6.001093,
				"seconds":	1.0000649690628052,
				"bytes":	3014656,
				"bits_per_second":	24115681.226791788,
				"retransmits":	0,
				"omitted":	false,
				"sender":	true
			}
		}, {
			"streams":	[{
					"socket":	5,
					"start":	6.001093,
					"end":	7.001126,
					"seconds":	1.0000330209732056,
					"bytes":	2490368,
					"bits_per_second":	19922286.146722954,
					"retransmits":	1,
					"snd_cwnd":	1028704,
					"snd_wnd":	970176,
					"rtt":	54376,
					"rttvar":	31632,
					"pmtu":	1500,
					"reorder":	0,
					"omitted":	false,
					"sender":	true
				}],
			"sum":	{
				"start":	6.001093,
				"end":	7.001126,
				"seconds":	1.0000330209732056,
				"bytes":	2490368,
				"bits_per_second":	19922286.146722954,
				"retransmits":	1,
				"omitted":	false,
				"sender":	true
			}
		}, {
			"streams":	[{
					"socket":	5,
					"start":	7.001126,
					"end":	8.001025,
					"seconds":	0.99989902973175049,
					"bytes":	4194304,
					"bits_per_second":	33557820.3421218,
					"retransmits":	6,
					"snd_cwnd":	739320,
					"snd_wnd":	970176,
					"rtt":	189390,
					"rttvar":	3695,
					"pmtu":	1500,
					"reorder":	0,
					"omitted":	false,
					"sender":	true
				}],
			"sum":	{
				"start":	7.001126,
				"end":	8.001025,
				"seconds":	0.99989902973175049,
				"bytes":	4194304,
				"bits_per_second":	33557820.3421218,
				"retransmits":	6,
				"omitted":	false,
				"sender":	true
			}
		}, {
			"streams":	[{
					"socket":	5,
					"start":	8.001025,
					"end":	9.001041,
					"seconds":	1.0000159740448,
					"bytes":	3014656,
					"bits_per_second":	24116862.7561539,
					"retransmits":	62,
					"snd_cwnd":	556320,
					"snd_wnd":	970176,
					"rtt":	116445,
					"rttvar":	3292,
					"pmtu":	1500,
					"reorder":	0,
					"omitted":	false,
					"sender":	true
				}],
			"sum":	{
				"start":	8.001025,
				"end":	9.001041,
				"seconds":	1.0000159740448,
				"bytes":	3014656,
				"bits_per_second":	24116862.7561539,
				"retransmits":	62,
				"omitted":	false,
				"sender":	true
			}
		}, {
			"streams":	[{
					"socket":	5,
					"start":	9.001041,
					"end":	10.002046,
					"seconds":	1.0010050535202026,
					"bytes":	2883584,
					"bits_per_second":	23045510.02902047,
					"retransmits":	0,
					"snd_cwnd":	586576,
					"snd_wnd":	974080,
					"rtt":	168956,
					"rttvar":	11059,
					"pmtu":	1500,
					"reorder":	0,
					"omitted":	false,
					"sender":	true
				}],
			"sum":	{
				"start":	9.001041,
				"end":	10.002046,
				"seconds":	1.0010050535202026,
				"bytes":	2883584,
				"bits_per_second":	23045510.02902047,
				"retransmits":	0,
				"omitted":	false,
				"sender":	true
			}
		}],
	"end":	{
		"streams":	[{
				"sender":	{
					"socket":	5,
					"start":	0,
					"end":	10.002046,
					"seconds":	10.002046,
					"bytes":	34603008,
					"bits_per_second":	27676743.73823116,
					"retransmits":	69,
					"reorder":	0,
					"max_snd_cwnd":	1028704,
					"max_snd_wnd":	974080,
					"max_rtt":	225221,
					"min_rtt":	31833,
					"mean_rtt":	140013,
					"sender":	true
				},
				"receiver":	{
					"socket":	5,
					"start":	0,
					"end":	10.165571,
					"seconds":	10.002046,
					"bytes":	31195136,
					"bits_per_second":	24549637.988854732,
					"sender":	true
				}
			}],
		"sum_sent":	{
			"start":	0,
			"end":	10.002046,
			"seconds":	10.002046,
			"bytes":	34603008,
			"bits_per_second":	27676743.73823116,
			"retransmits":	69,
			"sender":	true
		},
		"sum_received":	{
			"start":	0,
			"end":	10.165571,
			"seconds":	10.165571,
			"bytes":	31195136,
			"bits_per_second":	24549637.988854732,
			"sender":	true
		},
		"cpu_utilization_percent":	{
			"host_total":	0.323258823968746,
			"host_user":	0.016476784716853557,
			"host_system":	0.30679197100880434,
			"remote_total":	20.687786194796491,
			"remote_user":	0.26277474063849071,
			"remote_system":	20.425530539556952
		},
		"sender_tcp_congestion":	"cubic",
		"receiver_tcp_congestion":	"cubic"
	}
}
{
	"start":	{
		"connected":	[{
				"socket":	5,
				"local_host":	"192.168.1.48",
				"local_port":	34110,
				"remote_host":	"192.168.1.58",
				"remote_port":	5201
			}],
		"version":	"iperf 3.20",
		"system_info":	"Linux kuroi-washi 6.19.11+kali-amd64 #1 SMP PREEMPT_DYNAMIC Kali 6.19.11-1kali1 (2026-04-09) x86_64",
		"timestamp":	{
			"time":	"Thu, 23 Apr 2026 22:49:49 GMT",
			"timesecs":	1776984589,
			"timemillisecs":	1776984589577
		},
		"connecting_to":	{
			"host":	"192.168.1.58",
			"port":	5201
		},
		"cookie":	"quf34w2w4zbrv6tajzauwza5wwtyegicteq6",
		"tcp_mss":	500,
		"target_bitrate":	0,
		"fq_rate":	0,
		"sock_bufsize":	0,
		"sndbuf_actual":	16384,
		"rcvbuf_actual":	131072,
		"test_start":	{
			"protocol":	"TCP",
			"num_streams":	1,
			"blksize":	131072,
			"omit":	0,
			"duration":	10,
			"bytes":	0,
			"blocks":	0,
			"reverse":	0,
			"tos":	0,
			"target_bitrate":	0,
			"bidir":	0,
			"fqrate":	0,
			"interval":	1
		}
	},
	"intervals":	[{
			"streams":	[{
					"socket":	5,
					"start":	0,
					"end":	1.001102,
					"seconds":	1.0011019706726074,
					"bytes":	3801088,
					"bits_per_second":	30375231.385839142,
					"retransmits":	0,
					"snd_cwnd":	143472,
					"snd_wnd":	972480,
					"rtt":	40817,
					"rttvar":	4438,
					"pmtu":	1500,
					"reorder":	0,
					"omitted":	false,
					"sender":	true
				}],
			"sum":	{
				"start":	0,
				"end":	1.001102,
				"seconds":	1.0011019706726074,
				"bytes":	3801088,
				"bits_per_second":	30375231.385839142,
				"retransmits":	0,
				"omitted":	false,
				"sender":	true
			}
		}, {
			"streams":	[{
					"socket":	5,
					"start":	1.001102,
					"end":	2.001102,
					"seconds":	1,
					"bytes":	4456448,
					"bits_per_second":	35651584,
					"retransmits":	0,
					"snd_cwnd":	322080,
					"snd_wnd":	974400,
					"rtt":	43359,
					"rttvar":	3497,
					"pmtu":	1500,
					"reorder":	0,
					"omitted":	false,
					"sender":	true
				}],
			"sum":	{
				"start":	1.001102,
				"end":	2.001102,
				"seconds":	1,
				"bytes":	4456448,
				"bits_per_second":	35651584,
				"retransmits":	0,
				"omitted":	false,
				"sender":	true
			}
		}, {
			"streams":	[{
					"socket":	5,
					"start":	2.001102,
					"end":	3.001084,
					"seconds":	0.99998199939727783,
					"bytes":	4980736,
					"bits_per_second":	39846605.262911163,
					"retransmits":	0,
					"snd_cwnd":	516304,
					"snd_wnd":	974400,
					"rtt":	121147,
					"rttvar":	11062,
					"pmtu":	1500,
					"reorder":	0,
					"omitted":	false,
					"sender":	true
				}],
			"sum":	{
				"start":	2.001102,
				"end":	3.001084,
				"seconds":	0.99998199939727783,
				"bytes":	4980736,
				"bits_per_second":	39846605.262911163,
				"retransmits":	0,
				"omitted":	false,
				"sender":	true
			}
		}, {
			"streams":	[{
					"socket":	5,
					"start":	3.001084,
					"end":	4.00107,
					"seconds":	0.99998599290847778,
					"bytes":	4456448,
					"bits_per_second":	35652083.381994888,
					"retransmits":	0,
					"snd_cwnd":	701744,
					"snd_wnd":	980288,
					"rtt":	231358,
					"rttvar":	2290,
					"pmtu":	1500,
					"reorder":	0,
					"omitted":	false,
					"sender":	true
				}],
			"sum":	{
				"start":	3.001084,
				"end":	4.00107,
				"seconds":	0.99998599290847778,
				"bytes":	4456448,
				"bits_per_second":	35652083.381994888,
				"retransmits":	0,
				"omitted":	false,
				"sender":	true
			}
		}, {
			"streams":	[{
					"socket":	5,
					"start":	4.00107,
					"end":	5.001086,
					"seconds":	1.0000159740448,
					"bytes":	2883584,
					"bits_per_second":	23068303.505886342,
					"retransmits":	0,
					"snd_cwnd":	907192,
					"snd_wnd":	982208,
					"rtt":	211229,
					"rttvar":	4104,
					"pmtu":	1500,
					"reorder":	0,
					"omitted":	false,
					"sender":	true
				}],
			"sum":	{
				"start":	4.00107,
				"end":	5.001086,
				"seconds":	1.0000159740448,
				"bytes":	2883584,
				"bits_per_second":	23068303.505886342,
				"retransmits":	0,
				"omitted":	false,
				"sender":	true
			}
		}, {
			"streams":	[{
					"socket":	5,
					"start":	5.001086,
					"end":	6.001114,
					"seconds":	1.0000280141830444,
					"bytes":	3145728,
					"bits_per_second":	25165119.019749444,
					"retransmits":	1,
					"snd_cwnd":	970144,
					"snd_wnd":	970432,
					"rtt":	80111,
					"rttvar":	6200,
					"pmtu":	1500,
					"reorder":	0,
					"omitted":	false,
					"sender":	true
				}],
			"sum":	{
				"start":	5.001086,
				"end":	6.001114,
				"seconds":	1.0000280141830444,
				"bytes":	3145728,
				"bits_per_second":	25165119.019749444,
				"retransmits":	1,
				"omitted":	false,
				"sender":	true
			}
		}, {
			"streams":	[{
					"socket":	5,
					"start":	6.001114,
					"end":	7.001067,
					"seconds":	0.99995297193527222,
					"bytes":	2097152,
					"bits_per_second":	16778005.037106887,
					"retransmits":	1,
					"snd_cwnd":	1024312,
					"snd_wnd":	970432,
					"rtt":	168179,
					"rttvar":	73288,
					"pmtu":	1500,
					"reorder":	0,
					"omitted":	false,
					"sender":	true
				}],
			"sum":	{
				"start":	6.001114,
				"end":	7.001067,
				"seconds":	0.99995297193527222,
				"bytes":	2097152,
				"bits_per_second":	16778005.037106887,
				"retransmits":	1,
				"omitted":	false,
				"sender":	true
			}
		}, {
			"streams":	[{
					"socket":	5,
					"start":	7.001067,
					"end":	8.001072,
					"seconds":	1.0000050067901611,
					"bytes":	2883584,
					"bits_per_second":	23068556.500578281,
					"retransmits":	1,
					"snd_cwnd":	745664,
					"snd_wnd":	970432,
					"rtt":	83415,
					"rttvar":	36867,
					"pmtu":	1500,
					"reorder":	0,
					"omitted":	false,
					"sender":	true
				}],
			"sum":	{
				"start":	7.001067,
				"end":	8.001072,
				"seconds":	1.0000050067901611,
				"bytes":	2883584,
				"bits_per_second":	23068556.500578281,
				"retransmits":	1,
				"omitted":	false,
				"sender":	true
			}
		}, {
			"streams":	[{
					"socket":	5,
					"start":	8.001072,
					"end":	9.001102,
					"seconds":	1.0000300407409668,
					"bytes":	3145728,
					"bits_per_second":	25165068.022710118,
					"retransmits":	0,
					"snd_cwnd":	815448,
					"snd_wnd":	970432,
					"rtt":	201256,
					"rttvar":	1298,
					"pmtu":	1500,
					"reorder":	0,
					"omitted":	false,
					"sender":	true
				}],
			"sum":	{
				"start":	8.001072,
				"end":	9.001102,
				"seconds":	1.0000300407409668,
				"bytes":	3145728,
				"bits_per_second":	25165068.022710118,
				"retransmits":	0,
				"omitted":	false,
				"sender":	true
			}
		}, {
			"streams":	[{
					"socket":	5,
					"start":	9.001102,
					"end":	10.001956,
					"seconds":	1.0008540153503418,
					"bytes":	4325376,
					"bits_per_second":	34573481.715899862,
					"retransmits":	0,
					"snd_cwnd":	876448,
					"snd_wnd":	972416,
					"rtt":	187036,
					"rttvar":	86020,
					"pmtu":	1500,
					"reorder":	0,
					"omitted":	false,
					"sender":	true
				}],
			"sum":	{
				"start":	9.001102,
				"end":	10.001956,
				"seconds":	1.0008540153503418,
				"bytes":	4325376,
				"bits_per_second":	34573481.715899862,
				"retransmits":	0,
				"omitted":	false,
				"sender":	true
			}
		}],
	"end":	{
		"streams":	[{
				"sender":	{
					"socket":	5,
					"start":	0,
					"end":	10.001956,
					"seconds":	10.001956,
					"bytes":	36175872,
					"bits_per_second":	28935037.906585474,
					"retransmits":	3,
					"reorder":	0,
					"max_snd_cwnd":	1024312,
					"max_snd_wnd":	982208,
					"max_rtt":	231358,
					"min_rtt":	40817,
					"mean_rtt":	136790,
					"sender":	true
				},
				"receiver":	{
					"socket":	5,
					"start":	0,
					"end":	10.36426,
					"seconds":	10.001956,
					"bytes":	32374784,
					"bits_per_second":	24989557.575745881,
					"sender":	true
				}
			}],
		"sum_sent":	{
			"start":	0,
			"end":	10.001956,
			"seconds":	10.001956,
			"bytes":	36175872,
			"bits_per_second":	28935037.906585474,
			"retransmits":	3,
			"sender":	true
		},
		"sum_received":	{
			"start":	0,
			"end":	10.36426,
			"seconds":	10.36426,
			"bytes":	32374784,
			"bits_per_second":	24989557.575745881,
			"sender":	true
		},
		"cpu_utilization_percent":	{
			"host_total":	0.31909191585149921,
			"host_user":	0.010745641237202681,
			"host_system":	0.30834627461429653,
			"remote_total":	20.418456692459682,
			"remote_user":	0,
			"remote_system":	20.4221347783185
		},
		"sender_tcp_congestion":	"cubic",
		"receiver_tcp_congestion":	"cubic"
	}
}
