{
	"start":	{
		"connected":	[{
				"socket":	5,
				"local_host":	"192.168.1.48",
				"local_port":	44174,
				"remote_host":	"192.168.1.58",
				"remote_port":	5201
			}],
		"version":	"iperf 3.20",
		"system_info":	"Linux kuroi-washi 6.19.11+kali-amd64 #1 SMP PREEMPT_DYNAMIC Kali 6.19.11-1kali1 (2026-04-09) x86_64",
		"timestamp":	{
			"time":	"Thu, 23 Apr 2026 22:41:03 GMT",
			"timesecs":	1776984063,
			"timemillisecs":	1776984063603
		},
		"connecting_to":	{
			"host":	"192.168.1.58",
			"port":	5201
		},
		"cookie":	"scsagkxwjxd6khmlxe4ihavuebhlfm375lsa",
		"tcp_mss":	88,
		"target_bitrate":	0,
		"fq_rate":	0,
		"sock_bufsize":	0,
		"sndbuf_actual":	16384,
		"rcvbuf_actual":	131072,
		"test_start":	{
			"protocol":	"TCP",
			"num_streams":	1,
			"blksize":	131072,
			"omit":	0,
			"duration":	10,
			"bytes":	0,
			"blocks":	0,
			"reverse":	0,
			"tos":	0,
			"target_bitrate":	0,
			"bidir":	0,
			"fqrate":	0,
			"interval":	1
		}
	},
	"intervals":	[{
			"streams":	[{
					"socket":	5,
					"start":	0,
					"end":	1.001113,
					"seconds":	1.0011130571365356,
					"bytes":	1179648,
					"bits_per_second":	9426691.55369224,
					"retransmits":	0,
					"snd_cwnd":	30172,
					"snd_wnd":	65472,
					"rtt":	75226,
					"rttvar":	1952,
					"pmtu":	1500,
					"reorder":	0,
					"omitted":	false,
					"sender":	true
				}],
			"sum":	{
				"start":	0,
				"end":	1.001113,
				"seconds":	1.0011130571365356,
				"bytes":	1179648,
				"bits_per_second":	9426691.55369224,
				"retransmits":	0,
				"omitted":	false,
				"sender":	true
			}
		}, {
			"streams":	[{
					"socket":	5,
					"start":	1.001113,
					"end":	2.001104,
					"seconds":	0.999990999698639,
					"bytes":	393216,
					"bits_per_second":	3145756.3127548234,
					"retransmits":	0,
					"snd_cwnd":	46892,
					"snd_wnd":	65472,
					"rtt":	120659,
					"rttvar":	1226,
					"pmtu":	1500,
					"reorder":	0,
					"omitted":	false,
					"sender":	true
				}],
			"sum":	{
				"start":	1.001113,
				"end":	2.001104,
				"seconds":	0.999990999698639,
				"bytes":	393216,
				"bits_per_second":	3145756.3127548234,
				"retransmits":	0,
				"omitted":	false,
				"sender":	true
			}
		}, {
			"streams":	[{
					"socket":	5,
					"start":	2.001104,
					"end":	3.001063,
					"seconds":	0.99995899200439453,
					"bytes":	1179648,
					"bits_per_second":	9437571.0158707444,
					"retransmits":	0,
					"snd_cwnd":	62928,
					"snd_wnd":	65472,
					"rtt":	181389,
					"rttvar":	2089,
					"pmtu":	1500,
					"reorder":	0,
					"omitted":	false,
					"sender":	true
				}],
			"sum":	{
				"start":	2.001104,
				"end":	3.001063,
				"seconds":	0.99995899200439453,
				"bytes":	1179648,
				"bits_per_second":	9437571.0158707444,
				"retransmits":	0,
				"omitted":	false,
				"sender":	true
			}
		}, {
			"streams":	[{
					"socket":	5,
					"start":	3.001063,
					"end":	4.001071,
					"seconds":	1.0000079870224,
					"bytes":	0,
					"bits_per_second":	0,
					"retransmits":	0,
					"snd_cwnd":	68780,
					"snd_wnd":	65472,
					"rtt":	176031,
					"rttvar":	4442,
					"pmtu":	1500,
					"reorder":	0,
					"omitted":	false,
					"sender":	true
				}],
			"sum":	{
				"start":	3.001063,
				"end":	4.001071,
				"seconds":	1.0000079870224,
				"bytes":	0,
				"bits_per_second":	0,
				"retransmits":	0,
				"omitted":	false,
				"sender":	true
			}
		}, {
			"streams":	[{
					"socket":	5,
					"start":	4.001071,
					"end":	5.000724,
					"seconds":	0.99965298175811768,
					"bytes":	786432,
					"bits_per_second":	6293640.0078905784,
					"retransmits":	0,
					"snd_cwnd":	68780,
					"snd_wnd":	65472,
					"rtt":	184222,
					"rttvar":	2485,
					"pmtu":	1500,
					"reorder":	0,
					"omitted":	false,
					"sender":	true
				}],
			"sum":	{
				"start":	4.001071,
				"end":	5.000724,
				"seconds":	0.99965298175811768,
				"bytes":	786432,
				"bits_per_second":	6293640.0078905784,
				"retransmits":	0,
				"omitted":	false,
				"sender":	true
			}
		}, {
			"streams":	[{
					"socket":	5,
					"start":	5.000724,
					"end":	6.001111,
					"seconds":	1.0003869533538818,
					"bytes":	0,
					"bits_per_second":	0,
					"retransmits":	0,
					"snd_cwnd":	68780,
					"snd_wnd":	65472,
					"rtt":	179831,
					"rttvar":	5429,
					"pmtu":	1500,
					"reorder":	0,
					"omitted":	false,
					"sender":	true
				}],
			"sum":	{
				"start":	5.000724,
				"end":	6.001111,
				"seconds":	1.0003869533538818,
				"bytes":	0,
				"bits_per_second":	0,
				"retransmits":	0,
				"omitted":	false,
				"sender":	true
			}
		}, {
			"streams":	[{
					"socket":	5,
					"start":	6.001111,
					"end":	7.001129,
					"seconds":	1.0000180006027222,
					"bytes":	786432,
					"bits_per_second":	6291342.7520385319,
					"retransmits":	0,
					"snd_cwnd":	68780,
					"snd_wnd":	65472,
					"rtt":	180820,
					"rttvar":	6462,
					"pmtu":	1500,
					"reorder":	0,
					"omitted":	false,
					"sender":	true
				}],
			"sum":	{
				"start":	6.001111,
				"end":	7.001129,
				"seconds":	1.0000180006027222,
				"bytes":	786432,
				"bits_per_second":	6291342.7520385319,
				"retransmits":	0,
				"omitted":	false,
				"sender":	true
			}
		}, {
			"streams":	[{
					"socket":	5,
					"start":	7.001129,
					"end":	8.000615,
					"seconds":	0.99948602914810181,
					"bytes":	0,
					"bits_per_second":	0,
					"retransmits":	0,
					"snd_cwnd":	68780,
					"snd_wnd":	65472,
					"rtt":	187166,
					"rttvar":	2108,
					"pmtu":	1500,
					"reorder":	0,
					"omitted":	false,
					"sender":	true
				}],
			"sum":	{
				"start":	7.001129,
				"end":	8.000615,
				"seconds":	0.99948602914810181,
				"bytes":	0,
				"bits_per_second":	0,
				"retransmits":	0,
				"omitted":	false,
				"sender":	true
			}
		}, {
			"streams":	[{
					"socket":	5,
					"start":	8.000615,
					"end":	9.000732,
					"seconds":	1.0001169443130493,
					"bytes":	786432,
					"bits_per_second":	6290720.3360317172,
					"retransmits":	0,
					"snd_cwnd":	68780,
					"snd_wnd":	65472,
					"rtt":	182728,
					"rttvar":	4082,
					"pmtu":	1500,
					"reorder":	0,
					"omitted":	false,
					"sender":	true
				}],
			"sum":	{
				"start":	8.000615,
				"end":	9.000732,
				"seconds":	1.0001169443130493,
				"bytes":	786432,
				"bits_per_second":	6290720.3360317172,
				"retransmits":	0,
				"omitted":	false,
				"sender":	true
			}
		}, {
			"streams":	[{
					"socket":	5,
					"start":	9.000732,
					"end":	10.002113,
					"seconds":	1.0013810396194458,
					"bytes":	0,
					"bits_per_second":	0,
					"retransmits":	0,
					"snd_cwnd":	68780,
					"snd_wnd":	65472,
					"rtt":	191633,
					"rttvar":	2147,
					"pmtu":	1500,
					"reorder":	0,
					"omitted":	false,
					"sender":	true
				}],
			"sum":	{
				"start":	9.000732,
				"end":	10.002113,
				"seconds":	1.0013810396194458,
				"bytes":	0,
				"bits_per_second":	0,
				"retransmits":	0,
				"omitted":	false,
				"sender":	true
			}
		}],
	"end":	{
		"streams":	[{
				"sender":	{
					"socket":	5,
					"start":	0,
					"end":	10.002113,
					"seconds":	10.002113,
					"bytes":	5111808,
					"bits_per_second":	4088582.4825214432,
					"retransmits":	0,
					"reorder":	0,
					"max_snd_cwnd":	68780,
					"max_snd_wnd":	65472,
					"max_rtt":	191633,
					"min_rtt":	75226,
					"mean_rtt":	165970,
					"sender":	true
				},
				"receiver":	{
					"socket":	5,
					"start":	0,
					"end":	10.405563,
					"seconds":	10.002113,
					"bytes":	3538944,
					"bits_per_second":	2720809.2440553191,
					"sender":	true
				}
			}],
		"sum_sent":	{
			"start":	0,
			"end":	10.002113,
			"seconds":	10.002113,
			"bytes":	5111808,
			"bits_per_second":	4088582.4825214432,
			"retransmits":	0,
			"sender":	true
		},
		"sum_received":	{
			"start":	0,
			"end":	10.405563,
			"seconds":	10.405563,
			"bytes":	3538944,
			"bits_per_second":	2720809.2440553191,
			"sender":	true
		},
		"cpu_utilization_percent":	{
			"host_total":	0.077289422102310046,
			"host_user":	0,
			"host_system":	0.077299360307543724,
			"remote_total":	0.15302123484202873,
			"remote_user":	0.0024154046425807056,
			"remote_system":	0.150605830199448
		},
		"sender_tcp_congestion":	"cubic",
		"receiver_tcp_congestion":	"cubic"
	}
}
{
	"start":	{
		"connected":	[{
				"socket":	5,
				"local_host":	"192.168.1.48",
				"local_port":	36390,
				"remote_host":	"192.168.1.58",
				"remote_port":	5201
			}],
		"version":	"iperf 3.20",
		"system_info":	"Linux kuroi-washi 6.19.11+kali-amd64 #1 SMP PREEMPT_DYNAMIC Kali 6.19.11-1kali1 (2026-04-09) x86_64",
		"timestamp":	{
			"time":	"Thu, 23 Apr 2026 22:41:14 GMT",
			"timesecs":	1776984074,
			"timemillisecs":	1776984074418
		},
		"connecting_to":	{
			"host":	"192.168.1.58",
			"port":	5201
		},
		"cookie":	"23q2lynhx7xk7t2ltveoyu5ubxvlgfmzxwuk",
		"tcp_mss":	88,
		"target_bitrate":	0,
		"fq_rate":	0,
		"sock_bufsize":	0,
		"sndbuf_actual":	16384,
		"rcvbuf_actual":	131072,
		"test_start":	{
			"protocol":	"TCP",
			"num_streams":	1,
			"blksize":	131072,
			"omit":	0,
			"duration":	10,
			"bytes":	0,
			"blocks":	0,
			"reverse":	0,
			"tos":	0,
			"target_bitrate":	0,
			"bidir":	0,
			"fqrate":	0,
			"interval":	1
		}
	},
	"intervals":	[{
			"streams":	[{
					"socket":	5,
					"start":	0,
					"end":	1.001022,
					"seconds":	1.0010219812393188,
					"bytes":	917504,
					"bits_per_second":	7332538.28343774,
					"retransmits":	0,
					"snd_cwnd":	29108,
					"snd_wnd":	65472,
					"rtt":	82906,
					"rttvar":	5411,
					"pmtu":	1500,
					"reorder":	0,
					"omitted":	false,
					"sender":	true
				}],
			"sum":	{
				"start":	0,
				"end":	1.001022,
				"seconds":	1.0010219812393188,
				"bytes":	917504,
				"bits_per_second":	7332538.28343774,
				"retransmits":	0,
				"omitted":	false,
				"sender":	true
			}
		}, {
			"streams":	[{
					"socket":	5,
					"start":	1.001022,
					"end":	2.000969,
					"seconds":	0.99994701147079468,
					"bytes":	655360,
					"bits_per_second":	5243157.8272216562,
					"retransmits":	0,
					"snd_cwnd":	44308,
					"snd_wnd":	65472,
					"rtt":	115703,
					"rttvar":	3296,
					"pmtu":	1500,
					"reorder":	0,
					"omitted":	false,
					"sender":	true
				}],
			"sum":	{
				"start":	1.001022,
				"end":	2.000969,
				"seconds":	0.99994701147079468,
				"bytes":	655360,
				"bits_per_second":	5243157.8272216562,
				"retransmits":	0,
				"omitted":	false,
				"sender":	true
			}
		}, {
			"streams":	[{
					"socket":	5,
					"start":	2.000969,
					"end":	3.000948,
					"seconds":	0.999979019165039,
					"bytes":	524288,
					"bits_per_second":	4194392.0018463526,
					"retransmits":	0,
					"snd_cwnd":	58444,
					"snd_wnd":	65472,
					"rtt":	160424,
					"rttvar":	3506,
					"pmtu":	1500,
					"reorder":	0,
					"omitted":	false,
					"sender":	true
				}],
			"sum":	{
				"start":	2.000969,
				"end":	3.000948,
				"seconds":	0.999979019165039,
				"bytes":	524288,
				"bits_per_second":	4194392.0018463526,
				"retransmits":	0,
				"omitted":	false,
				"sender":	true
			}
		}, {
			"streams":	[{
					"socket":	5,
					"start":	3.000948,
					"end":	4.000978,
					"seconds":	1.0000300407409668,
					"bytes":	786432,
					"bits_per_second":	6291267.00567753,
					"retransmits":	0,
					"snd_cwnd":	68856,
					"snd_wnd":	65472,
					"rtt":	179543,
					"rttvar":	3319,
					"pmtu":	1500,
					"reorder":	0,
					"omitted":	false,
					"sender":	true
				}],
			"sum":	{
				"start":	3.000948,
				"end":	4.000978,
				"seconds":	1.0000300407409668,
				"bytes":	786432,
				"bits_per_second":	6291267.00567753,
				"retransmits":	0,
				"omitted":	false,
				"sender":	true
			}
		}, {
			"streams":	[{
					"socket":	5,
					"start":	4.000978,
					"end":	5.000942,
					"seconds":	0.99996399879455566,
					"bytes":	655360,
					"bits_per_second":	5243068.7567954725,
					"retransmits":	0,
					"snd_cwnd":	68856,
					"snd_wnd":	65472,
					"rtt":	171592,
					"rttvar":	5206,
					"pmtu":	1500,
					"reorder":	0,
					"omitted":	false,
					"sender":	true
				}],
			"sum":	{
				"start":	4.000978,
				"end":	5.000942,
				"seconds":	0.99996399879455566,
				"bytes":	655360,
				"bits_per_second":	5243068.7567954725,
				"retransmits":	0,
				"omitted":	false,
				"sender":	true
			}
		}, {
			"streams":	[{
					"socket":	5,
					"start":	5.000942,
					"end":	6.000968,
					"seconds":	1.0000259876251221,
					"bytes":	0,
					"bits_per_second":	0,
					"retransmits":	0,
					"snd_cwnd":	68856,
					"snd_wnd":	65472,
					"rtt":	172884,
					"rttvar":	5234,
					"pmtu":	1500,
					"reorder":	0,
					"omitted":	false,
					"sender":	true
				}],
			"sum":	{
				"start":	5.000942,
				"end":	6.000968,
				"seconds":	1.0000259876251221,
				"bytes":	0,
				"bits_per_second":	0,
				"retransmits":	0,
				"omitted":	false,
				"sender":	true
			}
		}, {
			"streams":	[{
					"socket":	5,
					"start":	6.000968,
					"end":	7.000978,
					"seconds":	1.0000100135803223,
					"bytes":	786432,
					"bits_per_second":	6291393.00063085,
					"retransmits":	0,
					"snd_cwnd":	68856,
					"snd_wnd":	65472,
					"rtt":	186107,
					"rttvar":	2417,
					"pmtu":	1500,
					"reorder":	0,
					"omitted":	false,
					"sender":	true
				}],
			"sum":	{
				"start":	6.000968,
				"end":	7.000978,
				"seconds":	1.0000100135803223,
				"bytes":	786432,
				"bits_per_second":	6291393.00063085,
				"retransmits":	0,
				"omitted":	false,
				"sender":	true
			}
		}, {
			"streams":	[{
					"socket":	5,
					"start":	7.000978,
					"end":	8.00098,
					"seconds":	1.0000020265579224,
					"bytes":	0,
					"bits_per_second":	0,
					"retransmits":	0,
					"snd_cwnd":	68856,
					"snd_wnd":	65472,
					"rtt":	193338,
					"rttvar":	1865,
					"pmtu":	1500,
					"reorder":	0,
					"omitted":	false,
					"sender":	true
				}],
			"sum":	{
				"start":	7.000978,
				"end":	8.00098,
				"seconds":	1.0000020265579224,
				"bytes":	0,
				"bits_per_second":	0,
				"retransmits":	0,
				"omitted":	false,
				"sender":	true
			}
		}, {
			"streams":	[{
					"socket":	5,
					"start":	8.00098,
					"end":	9.000979,
					"seconds":	0.99999898672103882,
					"bytes":	0,
					"bits_per_second":	0,
					"retransmits":	0,
					"snd_cwnd":	68856,
					"snd_wnd":	65472,
					"rtt":	238634,
					"rttvar":	2870,
					"pmtu":	1500,
					"reorder":	0,
					"omitted":	false,
					"sender":	true
				}],
			"sum":	{
				"start":	8.00098,
				"end":	9.000979,
				"seconds":	0.99999898672103882,
				"bytes":	0,
				"bits_per_second":	0,
				"retransmits":	0,
				"omitted":	false,
				"sender":	true
			}
		}, {
			"streams":	[{
					"socket":	5,
					"start":	9.000979,
					"end":	10.001843,
					"seconds":	1.0008640289306641,
					"bytes":	786432,
					"bits_per_second":	6286024.6928065466,
					"retransmits":	0,
					"snd_cwnd":	68856,
					"snd_wnd":	65472,
					"rtt":	199457,
					"rttvar":	3416,
					"pmtu":	1500,
					"reorder":	0,
					"omitted":	false,
					"sender":	true
				}],
			"sum":	{
				"start":	9.000979,
				"end":	10.001843,
				"seconds":	1.0008640289306641,
				"bytes":	786432,
				"bits_per_second":	6286024.6928065466,
				"retransmits":	0,
				"omitted":	false,
				"sender":	true
			}
		}],
	"end":	{
		"streams":	[{
				"sender":	{
					"socket":	5,
					"start":	0,
					"end":	10.001843,
					"seconds":	10.001843,
					"bytes":	5111808,
					"bits_per_second":	4088692.8539070254,
					"retransmits":	0,
					"reorder":	0,
					"max_snd_cwnd":	68856,
					"max_snd_wnd":	65472,
					"max_rtt":	238634,
					"min_rtt":	82906,
					"mean_rtt":	170058,
					"sender":	true
				},
				"receiver":	{
					"socket":	5,
					"start":	0,
					"end":	10.388558,
					"seconds":	10.001843,
					"bytes":	3407872,
					"bits_per_second":	2624327.2646694565,
					"sender":	true
				}
			}],
		"sum_sent":	{
			"start":	0,
			"end":	10.001843,
			"seconds":	10.001843,
			"bytes":	5111808,
			"bits_per_second":	4088692.8539070254,
			"retransmits":	0,
			"sender":	true
		},
		"sum_received":	{
			"start":	0,
			"end":	10.388558,
			"seconds":	10.388558,
			"bytes":	3407872,
			"bits_per_second":	2624327.2646694565,
			"sender":	true
		},
		"cpu_utilization_percent":	{
			"host_total":	0.094384598405310743,
			"host_user":	0,
			"host_system":	0.0943746600459967,
			"remote_total":	2.8236794048994187,
			"remote_user":	0.0032688353456002532,
			"remote_system":	2.8204009835264121
		},
		"sender_tcp_congestion":	"cubic",
		"receiver_tcp_congestion":	"cubic"
	}
}
{
	"start":	{
		"connected":	[{
				"socket":	5,
				"local_host":	"192.168.1.48",
				"local_port":	53490,
				"remote_host":	"192.168.1.58",
				"remote_port":	5201
			}],
		"version":	"iperf 3.20",
		"system_info":	"Linux kuroi-washi 6.19.11+kali-amd64 #1 SMP PREEMPT_DYNAMIC Kali 6.19.11-1kali1 (2026-04-09) x86_64",
		"timestamp":	{
			"time":	"Thu, 23 Apr 2026 22:41:25 GMT",
			"timesecs":	1776984085,
			"timemillisecs":	1776984085196
		},
		"connecting_to":	{
			"host":	"192.168.1.58",
			"port":	5201
		},
		"cookie":	"ifis23bcfsx6hd63behvx7lwiymmwt7zj6tp",
		"tcp_mss":	88,
		"target_bitrate":	0,
		"fq_rate":	0,
		"sock_bufsize":	0,
		"sndbuf_actual":	16384,
		"rcvbuf_actual":	131072,
		"test_start":	{
			"protocol":	"TCP",
			"num_streams":	1,
			"blksize":	131072,
			"omit":	0,
			"duration":	10,
			"bytes":	0,
			"blocks":	0,
			"reverse":	0,
			"tos":	0,
			"target_bitrate":	0,
			"bidir":	0,
			"fqrate":	0,
			"interval":	1
		}
	},
	"intervals":	[{
			"streams":	[{
					"socket":	5,
					"start":	0,
					"end":	1.000993,
					"seconds":	1.000993013381958,
					"bytes":	1179648,
					"bits_per_second":	9427822.04654506,
					"retransmits":	0,
					"snd_cwnd":	31084,
					"snd_wnd":	65472,
					"rtt":	51349,
					"rttvar":	2513,
					"pmtu":	1500,
					"reorder":	0,
					"omitted":	false,
					"sender":	true
				}],
			"sum":	{
				"start":	0,
				"end":	1.000993,
				"seconds":	1.000993013381958,
				"bytes":	1179648,
				"bits_per_second":	9427822.04654506,
				"retransmits":	0,
				"omitted":	false,
				"sender":	true
			}
		}, {
			"streams":	[{
					"socket":	5,
					"start":	1.000993,
					"end":	2.000928,
					"seconds":	0.99993497133255,
					"bytes":	393216,
					"bits_per_second":	3145932.575803292,
					"retransmits":	0,
					"snd_cwnd":	46968,
					"snd_wnd":	65472,
					"rtt":	132503,
					"rttvar":	13220,
					"pmtu":	1500,
					"reorder":	0,
					"omitted":	false,
					"sender":	true
				}],
			"sum":	{
				"start":	1.000993,
				"end":	2.000928,
				"seconds":	0.99993497133255,
				"bytes":	393216,
				"bits_per_second":	3145932.575803292,
				"retransmits":	0,
				"omitted":	false,
				"sender":	true
			}
		}, {
			"streams":	[{
					"socket":	5,
					"start":	2.000928,
					"end":	3.000996,
					"seconds":	1.0000679492950439,
					"bytes":	1179648,
					"bits_per_second":	9436542.7935695257,
					"retransmits":	0,
					"snd_cwnd":	63232,
					"snd_wnd":	65472,
					"rtt":	175617,
					"rttvar":	7177,
					"pmtu":	1500,
					"reorder":	0,
					"omitted":	false,
					"sender":	true
				}],
			"sum":	{
				"start":	2.000928,
				"end":	3.000996,
				"seconds":	1.0000679492950439,
				"bytes":	1179648,
				"bits_per_second":	9436542.7935695257,
				"retransmits":	0,
				"omitted":	false,
				"sender":	true
			}
		}, {
			"streams":	[{
					"socket":	5,
					"start":	3.000996,
					"end":	4.00094,
					"seconds":	0.999943971633911,
					"bytes":	0,
					"bits_per_second":	0,
					"retransmits":	0,
					"snd_cwnd":	68856,
					"snd_wnd":	65472,
					"rtt":	183023,
					"rttvar":	2388,
					"pmtu":	1500,
					"reorder":	0,
					"omitted":	false,
					"sender":	true
				}],
			"sum":	{
				"start":	3.000996,
				"end":	4.00094,
				"seconds":	0.999943971633911,
				"bytes":	0,
				"bits_per_second":	0,
				"retransmits":	0,
				"omitted":	false,
				"sender":	true
			}
		}, {
			"streams":	[{
					"socket":	5,
					"start":	4.00094,
					"end":	5.001237,
					"seconds":	1.000296950340271,
					"bytes":	786432,
					"bits_per_second":	6289588.30461278,
					"retransmits":	0,
					"snd_cwnd":	68856,
					"snd_wnd":	65472,
					"rtt":	183930,
					"rttvar":	5378,
					"pmtu":	1500,
					"reorder":	0,
					"omitted":	false,
					"sender":	true
				}],
			"sum":	{
				"start":	4.00094,
				"end":	5.001237,
				"seconds":	1.000296950340271,
				"bytes":	786432,
				"bits_per_second":	6289588.30461278,
				"retransmits":	0,
				"omitted":	false,
				"sender":	true
			}
		}, {
			"streams":	[{
					"socket":	5,
					"start":	5.001237,
					"end":	6.000996,
					"seconds":	0.999759018421173,
					"bytes":	0,
					"bits_per_second":	0,
					"retransmits":	0,
					"snd_cwnd":	68856,
					"snd_wnd":	65472,
					"rtt":	187280,
					"rttvar":	1387,
					"pmtu":	1500,
					"reorder":	0,
					"omitted":	false,
					"sender":	true
				}],
			"sum":	{
				"start":	5.001237,
				"end":	6.000996,
				"seconds":	0.999759018421173,
				"bytes":	0,
				"bits_per_second":	0,
				"retransmits":	0,
				"omitted":	false,
				"sender":	true
			}
		}, {
			"streams":	[{
					"socket":	5,
					"start":	6.000996,
					"end":	7.000933,
					"seconds":	0.99993699789047241,
					"bytes":	786432,
					"bits_per_second":	6291852.3999740342,
					"retransmits":	0,
					"snd_cwnd":	68856,
					"snd_wnd":	65472,
					"rtt":	180964,
					"rttvar":	3997,
					"pmtu":	1500,
					"reorder":	0,
					"omitted":	false,
					"sender":	true
				}],
			"sum":	{
				"start":	6.000996,
				"end":	7.000933,
				"seconds":	0.99993699789047241,
				"bytes":	786432,
				"bits_per_second":	6291852.3999740342,
				"retransmits":	0,
				"omitted":	false,
				"sender":	true
			}
		}, {
			"streams":	[{
					"socket":	5,
					"start":	7.000933,
					"end":	8.000991,
					"seconds":	1.0000580549240112,
					"bytes":	0,
					"bits_per_second":	0,
					"retransmits":	0,
					"snd_cwnd":	68856,
					"snd_wnd":	65472,
					"rtt":	179836,
					"rttvar":	2415,
					"pmtu":	1500,
					"reorder":	0,
					"omitted":	false,
					"sender":	true
				}],
			"sum":	{
				"start":	7.000933,
				"end":	8.000991,
				"seconds":	1.0000580549240112,
				"bytes":	0,
				"bits_per_second":	0,
				"retransmits":	0,
				"omitted":	false,
				"sender":	true
			}
		}, {
			"streams":	[{
					"socket":	5,
					"start":	8.000991,
					"end":	9.000991,
					"seconds":	1,
					"bytes":	786432,
					"bits_per_second":	6291456,
					"retransmits":	0,
					"snd_cwnd":	68856,
					"snd_wnd":	65472,
					"rtt":	187269,
					"rttvar":	3022,
					"pmtu":	1500,
					"reorder":	0,
					"omitted":	false,
					"sender":	true
				}],
			"sum":	{
				"start":	8.000991,
				"end":	9.000991,
				"seconds":	1,
				"bytes":	786432,
				"bits_per_second":	6291456,
				"retransmits":	0,
				"omitted":	false,
				"sender":	true
			}
		}, {
			"streams":	[{
					"socket":	5,
					"start":	9.000991,
					"end":	10.001874,
					"seconds":	1.0008829832077026,
					"bytes":	0,
					"bits_per_second":	0,
					"retransmits":	0,
					"snd_cwnd":	68856,
					"snd_wnd":	65472,
					"rtt":	163171,
					"rttvar":	4451,
					"pmtu":	1500,
					"reorder":	0,
					"omitted":	false,
					"sender":	true
				}],
			"sum":	{
				"start":	9.000991,
				"end":	10.001874,
				"seconds":	1.0008829832077026,
				"bytes":	0,
				"bits_per_second":	0,
				"retransmits":	0,
				"omitted":	false,
				"sender":	true
			}
		}],
	"end":	{
		"streams":	[{
				"sender":	{
					"socket":	5,
					"start":	0,
					"end":	10.001874,
					"seconds":	10.001874,
					"bytes":	5111808,
					"bits_per_second":	4088680.1813340178,
					"retransmits":	0,
					"reorder":	0,
					"max_snd_cwnd":	68856,
					"max_snd_wnd":	65472,
					"max_rtt":	187280,
					"min_rtt":	51349,
					"mean_rtt":	162494,
					"sender":	true
				},
				"receiver":	{
					"socket":	5,
					"start":	0,
					"end":	10.399576,
					"seconds":	10.001874,
					"bytes":	3538944,
					"bits_per_second":	2722375.6045438778,
					"sender":	true
				}
			}],
		"sum_sent":	{
			"start":	0,
			"end":	10.001874,
			"seconds":	10.001874,
			"bytes":	5111808,
			"bits_per_second":	4088680.1813340178,
			"retransmits":	0,
			"sender":	true
		},
		"sum_received":	{
			"start":	0,
			"end":	10.399576,
			"seconds":	10.399576,
			"bytes":	3538944,
			"bits_per_second":	2722375.6045438778,
			"sender":	true
		},
		"cpu_utilization_percent":	{
			"host_total":	0.097595912196459328,
			"host_user":	0,
			"host_system":	0.097595912196459328,
			"remote_total":	2.9706190295558383,
			"remote_user":	0.014479753101056514,
			"remote_system":	2.956139276454782
		},
		"sender_tcp_congestion":	"cubic",
		"receiver_tcp_congestion":	"cubic"
	}
}
{
	"start":	{
		"connected":	[{
				"socket":	5,
				"local_host":	"192.168.1.48",
				"local_port":	37182,
				"remote_host":	"192.168.1.58",
				"remote_port":	5201
			}],
		"version":	"iperf 3.20",
		"system_info":	"Linux kuroi-washi 6.19.11+kali-amd64 #1 SMP PREEMPT_DYNAMIC Kali 6.19.11-1kali1 (2026-04-09) x86_64",
		"timestamp":	{
			"time":	"Thu, 23 Apr 2026 22:41:35 GMT",
			"timesecs":	1776984095,
			"timemillisecs":	1776984095994
		},
		"connecting_to":	{
			"host":	"192.168.1.58",
			"port":	5201
		},
		"cookie":	"dr66q7ntyz4sacxzpocqfqxo4zvzzqlyyseu",
		"tcp_mss":	88,
		"target_bitrate":	0,
		"fq_rate":	0,
		"sock_bufsize":	0,
		"sndbuf_actual":	16384,
		"rcvbuf_actual":	131072,
		"test_start":	{
			"protocol":	"TCP",
			"num_streams":	1,
			"blksize":	131072,
			"omit":	0,
			"duration":	10,
			"bytes":	0,
			"blocks":	0,
			"reverse":	0,
			"tos":	0,
			"target_bitrate":	0,
			"bidir":	0,
			"fqrate":	0,
			"interval":	1
		}
	},
	"intervals":	[{
			"streams":	[{
					"socket":	5,
					"start":	0,
					"end":	1.001012,
					"seconds":	1.0010119676589966,
					"bytes":	1179648,
					"bits_per_second":	9427643.52964745,
					"retransmits":	0,
					"snd_cwnd":	30704,
					"snd_wnd":	65472,
					"rtt":	82470,
					"rttvar":	5918,
					"pmtu":	1500,
					"reorder":	0,
					"omitted":	false,
					"sender":	true
				}],
			"sum":	{
				"start":	0,
				"end":	1.001012,
				"seconds":	1.0010119676589966,
				"bytes":	1179648,
				"bits_per_second":	9427643.52964745,
				"retransmits":	0,
				"omitted":	false,
				"sender":	true
			}
		}, {
			"streams":	[{
					"socket":	5,
					"start":	1.001012,
					"end":	2.001049,
					"seconds":	1.0000369548797607,
					"bytes":	393216,
					"bits_per_second":	3145611.754295846,
					"retransmits":	0,
					"snd_cwnd":	45828,
					"snd_wnd":	65472,
					"rtt":	120873,
					"rttvar":	5009,
					"pmtu":	1500,
					"reorder":	0,
					"omitted":	false,
					"sender":	true
				}],
			"sum":	{
				"start":	1.001012,
				"end":	2.001049,
				"seconds":	1.0000369548797607,
				"bytes":	393216,
				"bits_per_second":	3145611.754295846,
				"retransmits":	0,
				"omitted":	false,
				"sender":	true
			}
		}, {
			"streams":	[{
					"socket":	5,
					"start":	2.001049,
					"end":	3.001024,
					"seconds":	0.999975025653839,
					"bytes":	655360,
					"bits_per_second":	5243010.94077016,
					"retransmits":	0,
					"snd_cwnd":	60724,
					"snd_wnd":	65472,
					"rtt":	159409,
					"rttvar":	2781,
					"pmtu":	1500,
					"reorder":	0,
					"omitted":	false,
					"sender":	true
				}],
			"sum":	{
				"start":	2.001049,
				"end":	3.001024,
				"seconds":	0.999975025653839,
				"bytes":	655360,
				"bits_per_second":	5243010.94077016,
				"retransmits":	0,
				"omitted":	false,
				"sender":	true
			}
		}, {
			"streams":	[{
					"socket":	5,
					"start":	3.001024,
					"end":	4.00107,
					"seconds":	1.0000460147857666,
					"bytes":	655360,
					"bits_per_second":	5242638.7611005567,
					"retransmits":	0,
					"snd_cwnd":	68780,
					"snd_wnd":	65472,
					"rtt":	186998,
					"rttvar":	868,
					"pmtu":	1500,
					"reorder":	0,
					"omitted":	false,
					"sender":	true
				}],
			"sum":	{
				"start":	3.001024,
				"end":	4.00107,
				"seconds":	1.0000460147857666,
				"bytes":	655360,
				"bits_per_second":	5242638.7611005567,
				"retransmits":	0,
				"omitted":	false,
				"sender":	true
			}
		}, {
			"streams":	[{
					"socket":	5,
					"start":	4.00107,
					"end":	5.00104,
					"seconds":	0.999970018863678,
					"bytes":	786432,
					"bits_per_second":	6291644.63065536,
					"retransmits":	1,
					"snd_cwnd":	48184,
					"snd_wnd":	65472,
					"rtt":	140273,
					"rttvar":	4545,
					"pmtu":	1500,
					"reorder":	0,
					"omitted":	false,
					"sender":	true
				}],
			"sum":	{
				"start":	4.00107,
				"end":	5.00104,
				"seconds":	0.999970018863678,
				"bytes":	786432,
				"bits_per_second":	6291644.63065536,
				"retransmits":	1,
				"omitted":	false,
				"sender":	true
			}
		}, {
			"streams":	[{
					"socket":	5,
					"start":	5.00104,
					"end":	6.001059,
					"seconds":	1.0000189542770386,
					"bytes":	0,
					"bits_per_second":	0,
					"retransmits":	0,
					"snd_cwnd":	54036,
					"snd_wnd":	65472,
					"rtt":	82475,
					"rttvar":	21079,
					"pmtu":	1500,
					"reorder":	0,
					"omitted":	false,
					"sender":	true
				}],
			"sum":	{
				"start":	5.00104,
				"end":	6.001059,
				"seconds":	1.0000189542770386,
				"bytes":	0,
				"bits_per_second":	0,
				"retransmits":	0,
				"omitted":	false,
				"sender":	true
			}
		}, {
			"streams":	[{
					"socket":	5,
					"start":	6.001059,
					"end":	7.001051,
					"seconds":	0.9999920129776,
					"bytes":	0,
					"bits_per_second":	0,
					"retransmits":	0,
					"snd_cwnd":	58596,
					"snd_wnd":	65472,
					"rtt":	122964,
					"rttvar":	53326,
					"pmtu":	1500,
					"reorder":	0,
					"omitted":	false,
					"sender":	true
				}],
			"sum":	{
				"start":	6.001059,
				"end":	7.001051,
				"seconds":	0.9999920129776,
				"bytes":	0,
				"bits_per_second":	0,
				"retransmits":	0,
				"omitted":	false,
				"sender":	true
			}
		}, {
			"streams":	[{
					"socket":	5,
					"start":	7.001051,
					"end":	8.001068,
					"seconds":	1.0000170469284058,
					"bytes":	786432,
					"bits_per_second":	6291348.7518282523,
					"retransmits":	0,
					"snd_cwnd":	62548,
					"snd_wnd":	65472,
					"rtt":	194783,
					"rttvar":	11377,
					"pmtu":	1500,
					"reorder":	0,
					"omitted":	false,
					"sender":	true
				}],
			"sum":	{
				"start":	7.001051,
				"end":	8.001068,
				"seconds":	1.0000170469284058,
				"bytes":	786432,
				"bits_per_second":	6291348.7518282523,
				"retransmits":	0,
				"omitted":	false,
				"sender":	true
			}
		}, {
			"streams":	[{
					"socket":	5,
					"start":	8.001068,
					"end":	9.001042,
					"seconds":	0.999974012374878,
					"bytes":	0,
					"bits_per_second":	0,
					"retransmits":	0,
					"snd_cwnd":	65132,
					"snd_wnd":	65472,
					"rtt":	186634,
					"rttvar":	5993,
					"pmtu":	1500,
					"reorder":	0,
					"omitted":	false,
					"sender":	true
				}],
			"sum":	{
				"start":	8.001068,
				"end":	9.001042,
				"seconds":	0.999974012374878,
				"bytes":	0,
				"bits_per_second":	0,
				"retransmits":	0,
				"omitted":	false,
				"sender":	true
			}
		}, {
			"streams":	[{
					"socket":	5,
					"start":	9.001042,
					"end":	10.001909,
					"seconds":	1.0008670091629028,
					"bytes":	786432,
					"bits_per_second":	6286005.97522142,
					"retransmits":	0,
					"snd_cwnd":	65892,
					"snd_wnd":	65472,
					"rtt":	183436,
					"rttvar":	4666,
					"pmtu":	1500,
					"reorder":	0,
					"omitted":	false,
					"sender":	true
				}],
			"sum":	{
				"start":	9.001042,
				"end":	10.001909,
				"seconds":	1.0008670091629028,
				"bytes":	786432,
				"bits_per_second":	6286005.97522142,
				"retransmits":	0,
				"omitted":	false,
				"sender":	true
			}
		}],
	"end":	{
		"streams":	[{
				"sender":	{
					"socket":	5,
					"start":	0,
					"end":	10.001909,
					"seconds":	10.001909,
					"bytes":	5242880,
					"bits_per_second":	4193503.46018945,
					"retransmits":	1,
					"reorder":	0,
					"max_snd_cwnd":	68780,
					"max_snd_wnd":	65472,
					"max_rtt":	194783,
					"min_rtt":	82470,
					"mean_rtt":	146031,
					"sender":	true
				},
				"receiver":	{
					"socket":	5,
					"start":	0,
					"end":	10.310118,
					"seconds":	10.001909,
					"bytes":	3276800,
					"bits_per_second":	2542589.7162379716,
					"sender":	true
				}
			}],
		"sum_sent":	{
			"start":	0,
			"end":	10.001909,
			"seconds":	10.001909,
			"bytes":	5242880,
			"bits_per_second":	4193503.46018945,
			"retransmits":	1,
			"sender":	true
		},
		"sum_received":	{
			"start":	0,
			"end":	10.310118,
			"seconds":	10.310118,
			"bytes":	3276800,
			"bits_per_second":	2542589.7162379716,
			"sender":	true
		},
		"cpu_utilization_percent":	{
			"host_total":	0.1045676613080874,
			"host_user":	0,
			"host_system":	0.1045676613080874,
			"remote_total":	2.68823377235628,
			"remote_user":	0,
			"remote_system":	2.6882144592221038
		},
		"sender_tcp_congestion":	"cubic",
		"receiver_tcp_congestion":	"cubic"
	}
}
{
	"start":	{
		"connected":	[{
				"socket":	5,
				"local_host":	"192.168.1.48",
				"local_port":	33580,
				"remote_host":	"192.168.1.58",
				"remote_port":	5201
			}],
		"version":	"iperf 3.20",
		"system_info":	"Linux kuroi-washi 6.19.11+kali-amd64 #1 SMP PREEMPT_DYNAMIC Kali 6.19.11-1kali1 (2026-04-09) x86_64",
		"timestamp":	{
			"time":	"Thu, 23 Apr 2026 22:41:46 GMT",
			"timesecs":	1776984106,
			"timemillisecs":	1776984106697
		},
		"connecting_to":	{
			"host":	"192.168.1.58",
			"port":	5201
		},
		"cookie":	"46ndkyigyvodhldlg4ttqdq6k325mt5odxuq",
		"tcp_mss":	88,
		"target_bitrate":	0,
		"fq_rate":	0,
		"sock_bufsize":	0,
		"sndbuf_actual":	16384,
		"rcvbuf_actual":	131072,
		"test_start":	{
			"protocol":	"TCP",
			"num_streams":	1,
			"blksize":	131072,
			"omit":	0,
			"duration":	10,
			"bytes":	0,
			"blocks":	0,
			"reverse":	0,
			"tos":	0,
			"target_bitrate":	0,
			"bidir":	0,
			"fqrate":	0,
			"interval":	1
		}
	},
	"intervals":	[{
			"streams":	[{
					"socket":	5,
					"start":	0,
					"end":	1.000761,
					"seconds":	1.0007610321044922,
					"bytes":	1179648,
					"bits_per_second":	9430007.46157614,
					"retransmits":	0,
					"snd_cwnd":	30172,
					"snd_wnd":	65472,
					"rtt":	59345,
					"rttvar":	17466,
					"pmtu":	1500,
					"reorder":	0,
					"omitted":	false,
					"sender":	true
				}],
			"sum":	{
				"start":	0,
				"end":	1.000761,
				"seconds":	1.0007610321044922,
				"bytes":	1179648,
				"bits_per_second":	9430007.46157614,
				"retransmits":	0,
				"omitted":	false,
				"sender":	true
			}
		}, {
			"streams":	[{
					"socket":	5,
					"start":	1.000761,
					"end":	2.000826,
					"seconds":	1.0000649690628052,
					"bytes":	393216,
					"bits_per_second":	3145523.63827719,
					"retransmits":	0,
					"snd_cwnd":	46588,
					"snd_wnd":	65472,
					"rtt":	135691,
					"rttvar":	15243,
					"pmtu":	1500,
					"reorder":	0,
					"omitted":	false,
					"sender":	true
				}],
			"sum":	{
				"start":	1.000761,
				"end":	2.000826,
				"seconds":	1.0000649690628052,
				"bytes":	393216,
				"bits_per_second":	3145523.63827719,
				"retransmits":	0,
				"omitted":	false,
				"sender":	true
			}
		}, {
			"streams":	[{
					"socket":	5,
					"start":	2.000826,
					"end":	3.000831,
					"seconds":	1.0000050067901611,
					"bytes":	1179648,
					"bits_per_second":	9437136.75023657,
					"retransmits":	0,
					"snd_cwnd":	62548,
					"snd_wnd":	65472,
					"rtt":	172096,
					"rttvar":	3265,
					"pmtu":	1500,
					"reorder":	0,
					"omitted":	false,
					"sender":	true
				}],
			"sum":	{
				"start":	2.000826,
				"end":	3.000831,
				"seconds":	1.0000050067901611,
				"bytes":	1179648,
				"bits_per_second":	9437136.75023657,
				"retransmits":	0,
				"omitted":	false,
				"sender":	true
			}
		}, {
			"streams":	[{
					"socket":	5,
					"start":	3.000831,
					"end":	4.000809,
					"seconds":	0.999978005886078,
					"bytes":	0,
					"bits_per_second":	0,
					"retransmits":	0,
					"snd_cwnd":	69008,
					"snd_wnd":	65472,
					"rtt":	186476,
					"rttvar":	4286,
					"pmtu":	1500,
					"reorder":	0,
					"omitted":	false,
					"sender":	true
				}],
			"sum":	{
				"start":	3.000831,
				"end":	4.000809,
				"seconds":	0.999978005886078,
				"bytes":	0,
				"bits_per_second":	0,
				"retransmits":	0,
				"omitted":	false,
				"sender":	true
			}
		}, {
			"streams":	[{
					"socket":	5,
					"start":	4.000809,
					"end":	5.000822,
					"seconds":	1.000012993812561,
					"bytes":	786432,
					"bits_per_second":	6291374.25106223,
					"retransmits":	0,
					"snd_cwnd":	69008,
					"snd_wnd":	65472,
					"rtt":	186801,
					"rttvar":	3708,
					"pmtu":	1500,
					"reorder":	0,
					"omitted":	false,
					"sender":	true
				}],
			"sum":	{
				"start":	4.000809,
				"end":	5.000822,
				"seconds":	1.000012993812561,
				"bytes":	786432,
				"bits_per_second":	6291374.25106223,
				"retransmits":	0,
				"omitted":	false,
				"sender":	true
			}
		}, {
			"streams":	[{
					"socket":	5,
					"start":	5.000822,
					"end":	6.000834,
					"seconds":	1.0000120401382446,
					"bytes":	0,
					"bits_per_second":	0,
					"retransmits":	0,
					"snd_cwnd":	69008,
					"snd_wnd":	65472,
					"rtt":	141990,
					"rttvar":	3239,
					"pmtu":	1500,
					"reorder":	0,
					"omitted":	false,
					"sender":	true
				}],
			"sum":	{
				"start":	5.000822,
				"end":	6.000834,
				"seconds":	1.0000120401382446,
				"bytes":	0,
				"bits_per_second":	0,
				"retransmits":	0,
				"omitted":	false,
				"sender":	true
			}
		}, {
			"streams":	[{
					"socket":	5,
					"start":	6.000834,
					"end":	7.000743,
					"seconds":	0.999908983707428,
					"bytes":	786432,
					"bits_per_second":	6292028.67712295,
					"retransmits":	0,
					"snd_cwnd":	69008,
					"snd_wnd":	65472,
					"rtt":	195526,
					"rttvar":	3711,
					"pmtu":	1500,
					"reorder":	0,
					"omitted":	false,
					"sender":	true
				}],
			"sum":	{
				"start":	6.000834,
				"end":	7.000743,
				"seconds":	0.999908983707428,
				"bytes":	786432,
				"bits_per_second":	6292028.67712295,
				"retransmits":	0,
				"omitted":	false,
				"sender":	true
			}
		}, {
			"streams":	[{
					"socket":	5,
					"start":	7.000743,
					"end":	8.001111,
					"seconds":	1.0003679990768433,
					"bytes":	0,
					"bits_per_second":	0,
					"retransmits":	0,
					"snd_cwnd":	69008,
					"snd_wnd":	65472,
					"rtt":	197535,
					"rttvar":	5106,
					"pmtu":	1500,
					"reorder":	0,
					"omitted":	false,
					"sender":	true
				}],
			"sum":	{
				"start":	7.000743,
				"end":	8.001111,
				"seconds":	1.0003679990768433,
				"bytes":	0,
				"bits_per_second":	0,
				"retransmits":	0,
				"omitted":	false,
				"sender":	true
			}
		}, {
			"streams":	[{
					"socket":	5,
					"start":	8.001111,
					"end":	9.001207,
					"seconds":	1.0000959634780884,
					"bytes":	786432,
					"bits_per_second":	6290852.30793239,
					"retransmits":	0,
					"snd_cwnd":	69008,
					"snd_wnd":	65472,
					"rtt":	191371,
					"rttvar":	4663,
					"pmtu":	1500,
					"reorder":	0,
					"omitted":	false,
					"sender":	true
				}],
			"sum":	{
				"start":	8.001111,
				"end":	9.001207,
				"seconds":	1.0000959634780884,
				"bytes":	786432,
				"bits_per_second":	6290852.30793239,
				"retransmits":	0,
				"omitted":	false,
				"sender":	true
			}
		}, {
			"streams":	[{
					"socket":	5,
					"start":	9.001207,
					"end":	10.001663,
					"seconds":	1.0004559755325317,
					"bytes":	0,
					"bits_per_second":	0,
					"retransmits":	0,
					"snd_cwnd":	69008,
					"snd_wnd":	65472,
					"rtt":	185958,
					"rttvar":	3542,
					"pmtu":	1500,
					"reorder":	0,
					"omitted":	false,
					"sender":	true
				}],
			"sum":	{
				"start":	9.001207,
				"end":	10.001663,
				"seconds":	1.0004559755325317,
				"bytes":	0,
				"bits_per_second":	0,
				"retransmits":	0,
				"omitted":	false,
				"sender":	true
			}
		}],
	"end":	{
		"streams":	[{
				"sender":	{
					"socket":	5,
					"start":	0,
					"end":	10.001663,
					"seconds":	10.001663,
					"bytes":	5111808,
					"bits_per_second":	4088766.4381413367,
					"retransmits":	0,
					"reorder":	0,
					"max_snd_cwnd":	69008,
					"max_snd_wnd":	65472,
					"max_rtt":	197535,
					"min_rtt":	59345,
					"mean_rtt":	165278,
					"sender":	true
				},
				"receiver":	{
					"socket":	5,
					"start":	0,
					"end":	10.166459,
					"seconds":	10.001663,
					"bytes":	3407872,
					"bits_per_second":	2681658.9729029546,
					"sender":	true
				}
			}],
		"sum_sent":	{
			"start":	0,
			"end":	10.001663,
			"seconds":	10.001663,
			"bytes":	5111808,
			"bits_per_second":	4088766.4381413367,
			"retransmits":	0,
			"sender":	true
		},
		"sum_received":	{
			"start":	0,
			"end":	10.166459,
			"seconds":	10.166459,
			"bytes":	3407872,
			"bits_per_second":	2681658.9729029546,
			"sender":	true
		},
		"cpu_utilization_percent":	{
			"host_total":	0.088734783181119631,
			"host_user":	0,
			"host_system":	0.0887447121039328,
			"remote_total":	2.9093421250364671,
			"remote_user":	0.049422961212233066,
			"remote_system":	2.8599093673998115
		},
		"sender_tcp_congestion":	"cubic",
		"receiver_tcp_congestion":	"cubic"
	}
}
{
	"start":	{
		"connected":	[{
				"socket":	5,
				"local_host":	"192.168.1.48",
				"local_port":	43824,
				"remote_host":	"192.168.1.58",
				"remote_port":	5201
			}],
		"version":	"iperf 3.20",
		"system_info":	"Linux kuroi-washi 6.19.11+kali-amd64 #1 SMP PREEMPT_DYNAMIC Kali 6.19.11-1kali1 (2026-04-09) x86_64",
		"timestamp":	{
			"time":	"Thu, 23 Apr 2026 22:41:57 GMT",
			"timesecs":	1776984117,
			"timemillisecs":	1776984117239
		},
		"connecting_to":	{
			"host":	"192.168.1.58",
			"port":	5201
		},
		"cookie":	"upb22woadeq676nymfpr7wzeemgfiztvl45u",
		"tcp_mss":	88,
		"target_bitrate":	0,
		"fq_rate":	0,
		"sock_bufsize":	0,
		"sndbuf_actual":	16384,
		"rcvbuf_actual":	131072,
		"test_start":	{
			"protocol":	"TCP",
			"num_streams":	1,
			"blksize":	131072,
			"omit":	0,
			"duration":	10,
			"bytes":	0,
			"blocks":	0,
			"reverse":	0,
			"tos":	0,
			"target_bitrate":	0,
			"bidir":	0,
			"fqrate":	0,
			"interval":	1
		}
	},
	"intervals":	[{
			"streams":	[{
					"socket":	5,
					"start":	0,
					"end":	1.001101,
					"seconds":	1.001101016998291,
					"bytes":	1179648,
					"bits_per_second":	9426804.92753521,
					"retransmits":	0,
					"snd_cwnd":	30476,
					"snd_wnd":	65472,
					"rtt":	81380,
					"rttvar":	2154,
					"pmtu":	1500,
					"reorder":	0,
					"omitted":	false,
					"sender":	true
				}],
			"sum":	{
				"start":	0,
				"end":	1.001101,
				"seconds":	1.001101016998291,
				"bytes":	1179648,
				"bits_per_second":	9426804.92753521,
				"retransmits":	0,
				"omitted":	false,
				"sender":	true
			}
		}, {
			"streams":	[{
					"socket":	5,
					"start":	1.001101,
					"end":	2.001102,
					"seconds":	1.0000009536743164,
					"bytes":	393216,
					"bits_per_second":	3145725.000002861,
					"retransmits":	0,
					"snd_cwnd":	46968,
					"snd_wnd":	65472,
					"rtt":	127561,
					"rttvar":	3424,
					"pmtu":	1500,
					"reorder":	0,
					"omitted":	false,
					"sender":	true
				}],
			"sum":	{
				"start":	1.001101,
				"end":	2.001102,
				"seconds":	1.0000009536743164,
				"bytes":	393216,
				"bits_per_second":	3145725.000002861,
				"retransmits":	0,
				"omitted":	false,
				"sender":	true
			}
		}, {
			"streams":	[{
					"socket":	5,
					"start":	2.001102,
					"end":	3.001127,
					"seconds":	1.0000250339508057,
					"bytes":	1179648,
					"bits_per_second":	9436947.7559141237,
					"retransmits":	0,
					"snd_cwnd":	63232,
					"snd_wnd":	65472,
					"rtt":	171003,
					"rttvar":	4490,
					"pmtu":	1500,
					"reorder":	0,
					"omitted":	false,
					"sender":	true
				}],
			"sum":	{
				"start":	2.001102,
				"end":	3.001127,
				"seconds":	1.0000250339508057,
				"bytes":	1179648,
				"bits_per_second":	9436947.7559141237,
				"retransmits":	0,
				"omitted":	false,
				"sender":	true
			}
		}, {
			"streams":	[{
					"socket":	5,
					"start":	3.001127,
					"end":	4.001048,
					"seconds":	0.99992102384567261,
					"bytes":	0,
					"bits_per_second":	0,
					"retransmits":	0,
					"snd_cwnd":	68780,
					"snd_wnd":	65472,
					"rtt":	165836,
					"rttvar":	9351,
					"pmtu":	1500,
					"reorder":	0,
					"omitted":	false,
					"sender":	true
				}],
			"sum":	{
				"start":	3.001127,
				"end":	4.001048,
				"seconds":	0.99992102384567261,
				"bytes":	0,
				"bits_per_second":	0,
				"retransmits":	0,
				"omitted":	false,
				"sender":	true
			}
		}, {
			"streams":	[{
					"socket":	5,
					"start":	4.001048,
					"end":	5.001077,
					"seconds":	1.0000289678573608,
					"bytes":	786432,
					"bits_per_second":	6291273.75527924,
					"retransmits":	0,
					"snd_cwnd":	68780,
					"snd_wnd":	65472,
					"rtt":	188623,
					"rttvar":	3142,
					"pmtu":	1500,
					"reorder":	0,
					"omitted":	false,
					"sender":	true
				}],
			"sum":	{
				"start":	4.001048,
				"end":	5.001077,
				"seconds":	1.0000289678573608,
				"bytes":	786432,
				"bits_per_second":	6291273.75527924,
				"retransmits":	0,
				"omitted":	false,
				"sender":	true
			}
		}, {
			"streams":	[{
					"socket":	5,
					"start":	5.001077,
					"end":	6.001112,
					"seconds":	1.0000350475311279,
					"bytes":	0,
					"bits_per_second":	0,
					"retransmits":	0,
					"snd_cwnd":	68780,
					"snd_wnd":	65472,
					"rtt":	189003,
					"rttvar":	4802,
					"pmtu":	1500,
					"reorder":	0,
					"omitted":	false,
					"sender":	true
				}],
			"sum":	{
				"start":	5.001077,
				"end":	6.001112,
				"seconds":	1.0000350475311279,
				"bytes":	0,
				"bits_per_second":	0,
				"retransmits":	0,
				"omitted":	false,
				"sender":	true
			}
		}, {
			"streams":	[{
					"socket":	5,
					"start":	6.001112,
					"end":	7.001069,
					"seconds":	0.999957025051117,
					"bytes":	786432,
					"bits_per_second":	6291726.38661985,
					"retransmits":	0,
					"snd_cwnd":	68780,
					"snd_wnd":	65472,
					"rtt":	56047,
					"rttvar":	21390,
					"pmtu":	1500,
					"reorder":	0,
					"omitted":	false,
					"sender":	true
				}],
			"sum":	{
				"start":	6.001112,
				"end":	7.001069,
				"seconds":	0.999957025051117,
				"bytes":	786432,
				"bits_per_second":	6291726.38661985,
				"retransmits":	0,
				"omitted":	false,
				"sender":	true
			}
		}, {
			"streams":	[{
					"socket":	5,
					"start":	7.001069,
					"end":	8.001106,
					"seconds":	1.0000369548797607,
					"bytes":	0,
					"bits_per_second":	0,
					"retransmits":	1,
					"snd_cwnd":	51604,
					"snd_wnd":	65472,
					"rtt":	146122,
					"rttvar":	1706,
					"pmtu":	1500,
					"reorder":	0,
					"omitted":	false,
					"sender":	true
				}],
			"sum":	{
				"start":	7.001069,
				"end":	8.001106,
				"seconds":	1.0000369548797607,
				"bytes":	0,
				"bits_per_second":	0,
				"retransmits":	1,
				"omitted":	false,
				"sender":	true
			}
		}, {
			"streams":	[{
					"socket":	5,
					"start":	8.001106,
					"end":	9.001113,
					"seconds":	1.0000070333480835,
					"bytes":	786432,
					"bits_per_second":	6291411.7503112238,
					"retransmits":	0,
					"snd_cwnd":	57000,
					"snd_wnd":	65472,
					"rtt":	132972,
					"rttvar":	3631,
					"pmtu":	1500,
					"reorder":	0,
					"omitted":	false,
					"sender":	true
				}],
			"sum":	{
				"start":	8.001106,
				"end":	9.001113,
				"seconds":	1.0000070333480835,
				"bytes":	786432,
				"bits_per_second":	6291411.7503112238,
				"retransmits":	0,
				"omitted":	false,
				"sender":	true
			}
		}, {
			"streams":	[{
					"socket":	5,
					"start":	9.001113,
					"end":	10.002656,
					"seconds":	1.0015430450439453,
					"bytes":	0,
					"bits_per_second":	0,
					"retransmits":	0,
					"snd_cwnd":	61180,
					"snd_wnd":	65472,
					"rtt":	178841,
					"rttvar":	5522,
					"pmtu":	1500,
					"reorder":	0,
					"omitted":	false,
					"sender":	true
				}],
			"sum":	{
				"start":	9.001113,
				"end":	10.002656,
				"seconds":	1.0015430450439453,
				"bytes":	0,
				"bits_per_second":	0,
				"retransmits":	0,
				"omitted":	false,
				"sender":	true
			}
		}],
	"end":	{
		"streams":	[{
				"sender":	{
					"socket":	5,
					"start":	0,
					"end":	10.002656,
					"seconds":	10.002656,
					"bytes":	5111808,
					"bits_per_second":	4088360.531442849,
					"retransmits":	1,
					"reorder":	0,
					"max_snd_cwnd":	68780,
					"max_snd_wnd":	65472,
					"max_rtt":	189003,
					"min_rtt":	56047,
					"mean_rtt":	143738,
					"sender":	true
				},
				"receiver":	{
					"socket":	5,
					"start":	0,
					"end":	10.195796,
					"seconds":	10.002656,
					"bytes":	3407872,
					"bits_per_second":	2673942.86821745,
					"sender":	true
				}
			}],
		"sum_sent":	{
			"start":	0,
			"end":	10.002656,
			"seconds":	10.002656,
			"bytes":	5111808,
			"bits_per_second":	4088360.531442849,
			"retransmits":	1,
			"sender":	true
		},
		"sum_received":	{
			"start":	0,
			"end":	10.195796,
			"seconds":	10.195796,
			"bytes":	3407872,
			"bits_per_second":	2673942.86821745,
			"sender":	true
		},
		"cpu_utilization_percent":	{
			"host_total":	0.088617567928372748,
			"host_user":	0,
			"host_system":	0.088637448482030257,
			"remote_total":	2.853439728853119,
			"remote_user":	0.0924275601682326,
			"remote_system":	2.7609926403603211
		},
		"sender_tcp_congestion":	"cubic",
		"receiver_tcp_congestion":	"cubic"
	}
}
{
	"start":	{
		"connected":	[{
				"socket":	5,
				"local_host":	"192.168.1.48",
				"local_port":	52686,
				"remote_host":	"192.168.1.58",
				"remote_port":	5201
			}],
		"version":	"iperf 3.20",
		"system_info":	"Linux kuroi-washi 6.19.11+kali-amd64 #1 SMP PREEMPT_DYNAMIC Kali 6.19.11-1kali1 (2026-04-09) x86_64",
		"timestamp":	{
			"time":	"Thu, 23 Apr 2026 22:42:07 GMT",
			"timesecs":	1776984127,
			"timemillisecs":	1776984127818
		},
		"connecting_to":	{
			"host":	"192.168.1.58",
			"port":	5201
		},
		"cookie":	"lfehlpcwhr5oiwx26k4fcptyuaeksi2hjsr3",
		"tcp_mss":	88,
		"target_bitrate":	0,
		"fq_rate":	0,
		"sock_bufsize":	0,
		"sndbuf_actual":	16384,
		"rcvbuf_actual":	131072,
		"test_start":	{
			"protocol":	"TCP",
			"num_streams":	1,
			"blksize":	131072,
			"omit":	0,
			"duration":	10,
			"bytes":	0,
			"blocks":	0,
			"reverse":	0,
			"tos":	0,
			"target_bitrate":	0,
			"bidir":	0,
			"fqrate":	0,
			"interval":	1
		}
	},
	"intervals":	[{
			"streams":	[{
					"socket":	5,
					"start":	0,
					"end":	1.001128,
					"seconds":	1.0011279582977295,
					"bytes":	1179648,
					"bits_per_second":	9426551.24330614,
					"retransmits":	0,
					"snd_cwnd":	30476,
					"snd_wnd":	65472,
					"rtt":	101290,
					"rttvar":	3971,
					"pmtu":	1500,
					"reorder":	0,
					"omitted":	false,
					"sender":	true
				}],
			"sum":	{
				"start":	0,
				"end":	1.001128,
				"seconds":	1.0011279582977295,
				"bytes":	1179648,
				"bits_per_second":	9426551.24330614,
				"retransmits":	0,
				"omitted":	false,
				"sender":	true
			}
		}, {
			"streams":	[{
					"socket":	5,
					"start":	1.001128,
					"end":	2.00106,
					"seconds":	0.99993199110031128,
					"bytes":	393216,
					"bits_per_second":	3145941.9520506435,
					"retransmits":	0,
					"snd_cwnd":	46892,
					"snd_wnd":	65472,
					"rtt":	133020,
					"rttvar":	2989,
					"pmtu":	1500,
					"reorder":	0,
					"omitted":	false,
					"sender":	true
				}],
			"sum":	{
				"start":	1.001128,
				"end":	2.00106,
				"seconds":	0.99993199110031128,
				"bytes":	393216,
				"bits_per_second":	3145941.9520506435,
				"retransmits":	0,
				"omitted":	false,
				"sender":	true
			}
		}, {
			"streams":	[{
					"socket":	5,
					"start":	2.00106,
					"end":	3.001061,
					"seconds":	1.0000009536743164,
					"bytes":	1179648,
					"bits_per_second":	9437175.0000085831,
					"retransmits":	0,
					"snd_cwnd":	62928,
					"snd_wnd":	65472,
					"rtt":	167260,
					"rttvar":	2808,
					"pmtu":	1500,
					"reorder":	0,
					"omitted":	false,
					"sender":	true
				}],
			"sum":	{
				"start":	2.00106,
				"end":	3.001061,
				"seconds":	1.0000009536743164,
				"bytes":	1179648,
				"bits_per_second":	9437175.0000085831,
				"retransmits":	0,
				"omitted":	false,
				"sender":	true
			}
		}, {
			"streams":	[{
					"socket":	5,
					"start":	3.001061,
					"end":	4.001101,
					"seconds":	1.0000400543212891,
					"bytes":	0,
					"bits_per_second":	0,
					"retransmits":	1,
					"snd_cwnd":	68780,
					"snd_wnd":	65472,
					"rtt":	194127,
					"rttvar":	7878,
					"pmtu":	1500,
					"reorder":	0,
					"omitted":	false,
					"sender":	true
				}],
			"sum":	{
				"start":	3.001061,
				"end":	4.001101,
				"seconds":	1.0000400543212891,
				"bytes":	0,
				"bits_per_second":	0,
				"retransmits":	1,
				"omitted":	false,
				"sender":	true
			}
		}, {
			"streams":	[{
					"socket":	5,
					"start":	4.001101,
					"end":	5.001104,
					"seconds":	1.0000029802322388,
					"bytes":	786432,
					"bits_per_second":	6291437.25005588,
					"retransmits":	0,
					"snd_cwnd":	53048,
					"snd_wnd":	65472,
					"rtt":	163402,
					"rttvar":	10977,
					"pmtu":	1500,
					"reorder":	0,
					"omitted":	false,
					"sender":	true
				}],
			"sum":	{
				"start":	4.001101,
				"end":	5.001104,
				"seconds":	1.0000029802322388,
				"bytes":	786432,
				"bits_per_second":	6291437.25005588,
				"retransmits":	0,
				"omitted":	false,
				"sender":	true
			}
		}, {
			"streams":	[{
					"socket":	5,
					"start":	5.001104,
					"end":	6.001052,
					"seconds":	0.999948024749756,
					"bytes":	0,
					"bits_per_second":	0,
					"retransmits":	0,
					"snd_cwnd":	58216,
					"snd_wnd":	65472,
					"rtt":	167737,
					"rttvar":	1683,
					"pmtu":	1500,
					"reorder":	0,
					"omitted":	false,
					"sender":	true
				}],
			"sum":	{
				"start":	5.001104,
				"end":	6.001052,
				"seconds":	0.999948024749756,
				"bytes":	0,
				"bits_per_second":	0,
				"retransmits":	0,
				"omitted":	false,
				"sender":	true
			}
		}, {
			"streams":	[{
					"socket":	5,
					"start":	6.001052,
					"end":	7.001052,
					"seconds":	1,
					"bytes":	786432,
					"bits_per_second":	6291456,
					"retransmits":	0,
					"snd_cwnd":	62016,
					"snd_wnd":	65472,
					"rtt":	163735,
					"rttvar":	3467,
					"pmtu":	1500,
					"reorder":	0,
					"omitted":	false,
					"sender":	true
				}],
			"sum":	{
				"start":	6.001052,
				"end":	7.001052,
				"seconds":	1,
				"bytes":	786432,
				"bits_per_second":	6291456,
				"retransmits":	0,
				"omitted":	false,
				"sender":	true
			}
		}, {
			"streams":	[{
					"socket":	5,
					"start":	7.001052,
					"end":	8.00106,
					"seconds":	1.0000079870224,
					"bytes":	0,
					"bits_per_second":	0,
					"retransmits":	0,
					"snd_cwnd":	64904,
					"snd_wnd":	65472,
					"rtt":	195728,
					"rttvar":	6298,
					"pmtu":	1500,
					"reorder":	0,
					"omitted":	false,
					"sender":	true
				}],
			"sum":	{
				"start":	7.001052,
				"end":	8.00106,
				"seconds":	1.0000079870224,
				"bytes":	0,
				"bits_per_second":	0,
				"retransmits":	0,
				"omitted":	false,
				"sender":	true
			}
		}, {
			"streams":	[{
					"socket":	5,
					"start":	8.00106,
					"end":	9.000375,
					"seconds":	0.99931502342224121,
					"bytes":	655360,
					"bits_per_second":	5246473.7116082786,
					"retransmits":	0,
					"snd_cwnd":	65968,
					"snd_wnd":	65472,
					"rtt":	179331,
					"rttvar":	12770,
					"pmtu":	1500,
					"reorder":	0,
					"omitted":	false,
					"sender":	true
				}],
			"sum":	{
				"start":	8.00106,
				"end":	9.000375,
				"seconds":	0.99931502342224121,
				"bytes":	655360,
				"bits_per_second":	5246473.7116082786,
				"retransmits":	0,
				"omitted":	false,
				"sender":	true
			}
		}, {
			"streams":	[{
					"socket":	5,
					"start":	9.000375,
					"end":	10.002317,
					"seconds":	1.0019420385360718,
					"bytes":	0,
					"bits_per_second":	0,
					"retransmits":	0,
					"snd_cwnd":	65968,
					"snd_wnd":	65472,
					"rtt":	183183,
					"rttvar":	3437,
					"pmtu":	1500,
					"reorder":	0,
					"omitted":	false,
					"sender":	true
				}],
			"sum":	{
				"start":	9.000375,
				"end":	10.002317,
				"seconds":	1.0019420385360718,
				"bytes":	0,
				"bits_per_second":	0,
				"retransmits":	0,
				"omitted":	false,
				"sender":	true
			}
		}],
	"end":	{
		"streams":	[{
				"sender":	{
					"socket":	5,
					"start":	0,
					"end":	10.002317,
					"seconds":	10.002317,
					"bytes":	4980736,
					"bits_per_second":	3983665.7846377,
					"retransmits":	1,
					"reorder":	0,
					"max_snd_cwnd":	68780,
					"max_snd_wnd":	65472,
					"max_rtt":	195728,
					"min_rtt":	101290,
					"mean_rtt":	164881,
					"sender":	true
				},
				"receiver":	{
					"socket":	5,
					"start":	0,
					"end":	10.157292,
					"seconds":	10.002317,
					"bytes":	3407872,
					"bits_per_second":	2684079.1817346592,
					"sender":	true
				}
			}],
		"sum_sent":	{
			"start":	0,
			"end":	10.002317,
			"seconds":	10.002317,
			"bytes":	4980736,
			"bits_per_second":	3983665.7846377,
			"retransmits":	1,
			"sender":	true
		},
		"sum_received":	{
			"start":	0,
			"end":	10.157292,
			"seconds":	10.157292,
			"bytes":	3407872,
			"bits_per_second":	2684079.1817346592,
			"sender":	true
		},
		"cpu_utilization_percent":	{
			"host_total":	0.090828876073117237,
			"host_user":	0.025041513186825085,
			"host_system":	0.065787362886292167,
			"remote_total":	2.808042413508181,
			"remote_user":	0.015163084016423569,
			"remote_system":	2.7928597262803589
		},
		"sender_tcp_congestion":	"cubic",
		"receiver_tcp_congestion":	"cubic"
	}
}
{
	"start":	{
		"connected":	[{
				"socket":	5,
				"local_host":	"192.168.1.48",
				"local_port":	50364,
				"remote_host":	"192.168.1.58",
				"remote_port":	5201
			}],
		"version":	"iperf 3.20",
		"system_info":	"Linux kuroi-washi 6.19.11+kali-amd64 #1 SMP PREEMPT_DYNAMIC Kali 6.19.11-1kali1 (2026-04-09) x86_64",
		"timestamp":	{
			"time":	"Thu, 23 Apr 2026 22:42:18 GMT",
			"timesecs":	1776984138,
			"timemillisecs":	1776984138367
		},
		"connecting_to":	{
			"host":	"192.168.1.58",
			"port":	5201
		},
		"cookie":	"zxajivk3w5qcgm4srbk6nju4ngu6hfwdfd3k",
		"tcp_mss":	88,
		"target_bitrate":	0,
		"fq_rate":	0,
		"sock_bufsize":	0,
		"sndbuf_actual":	16384,
		"rcvbuf_actual":	131072,
		"test_start":	{
			"protocol":	"TCP",
			"num_streams":	1,
			"blksize":	131072,
			"omit":	0,
			"duration":	10,
			"bytes":	0,
			"blocks":	0,
			"reverse":	0,
			"tos":	0,
			"target_bitrate":	0,
			"bidir":	0,
			"fqrate":	0,
			"interval":	1
		}
	},
	"intervals":	[{
			"streams":	[{
					"socket":	5,
					"start":	0,
					"end":	1.000928,
					"seconds":	1.0009280443191528,
					"bytes":	917504,
					"bits_per_second":	7333226.4408604978,
					"retransmits":	0,
					"snd_cwnd":	25536,
					"snd_wnd":	65472,
					"rtt":	67717,
					"rttvar":	5163,
					"pmtu":	1500,
					"reorder":	0,
					"omitted":	false,
					"sender":	true
				}],
			"sum":	{
				"start":	0,
				"end":	1.000928,
				"seconds":	1.0009280443191528,
				"bytes":	917504,
				"bits_per_second":	7333226.4408604978,
				"retransmits":	0,
				"omitted":	false,
				"sender":	true
			}
		}, {
			"streams":	[{
					"socket":	5,
					"start":	1.000928,
					"end":	2.000987,
					"seconds":	1.0000590085983276,
					"bytes":	786432,
					"bits_per_second":	6291084.77190565,
					"retransmits":	0,
					"snd_cwnd":	41876,
					"snd_wnd":	65472,
					"rtt":	119209,
					"rttvar":	4776,
					"pmtu":	1500,
					"reorder":	0,
					"omitted":	false,
					"sender":	true
				}],
			"sum":	{
				"start":	1.000928,
				"end":	2.000987,
				"seconds":	1.0000590085983276,
				"bytes":	786432,
				"bits_per_second":	6291084.77190565,
				"retransmits":	0,
				"omitted":	false,
				"sender":	true
			}
		}, {
			"streams":	[{
					"socket":	5,
					"start":	2.000987,
					"end":	3.000974,
					"seconds":	0.999987006187439,
					"bytes":	524288,
					"bits_per_second":	4194358.5007081721,
					"retransmits":	0,
					"snd_cwnd":	56240,
					"snd_wnd":	65472,
					"rtt":	176011,
					"rttvar":	8294,
					"pmtu":	1500,
					"reorder":	0,
					"omitted":	false,
					"sender":	true
				}],
			"sum":	{
				"start":	2.000987,
				"end":	3.000974,
				"seconds":	0.999987006187439,
				"bytes":	524288,
				"bits_per_second":	4194358.5007081721,
				"retransmits":	0,
				"omitted":	false,
				"sender":	true
			}
		}, {
			"streams":	[{
					"socket":	5,
					"start":	3.000974,
					"end":	4.000924,
					"seconds":	0.99994999170303345,
					"bytes":	655360,
					"bits_per_second":	5243142.200612206,
					"retransmits":	0,
					"snd_cwnd":	68780,
					"snd_wnd":	65472,
					"rtt":	181410,
					"rttvar":	6383,
					"pmtu":	1500,
					"reorder":	0,
					"omitted":	false,
					"sender":	true
				}],
			"sum":	{
				"start":	3.000974,
				"end":	4.000924,
				"seconds":	0.99994999170303345,
				"bytes":	655360,
				"bits_per_second":	5243142.200612206,
				"retransmits":	0,
				"omitted":	false,
				"sender":	true
			}
		}, {
			"streams":	[{
					"socket":	5,
					"start":	4.000924,
					"end":	5.000922,
					"seconds":	0.99999797344207764,
					"bytes":	786432,
					"bits_per_second":	6291468.75002584,
					"retransmits":	1,
					"snd_cwnd":	48640,
					"snd_wnd":	65472,
					"rtt":	147443,
					"rttvar":	5260,
					"pmtu":	1500,
					"reorder":	0,
					"omitted":	false,
					"sender":	true
				}],
			"sum":	{
				"start":	4.000924,
				"end":	5.000922,
				"seconds":	0.99999797344207764,
				"bytes":	786432,
				"bits_per_second":	6291468.75002584,
				"retransmits":	1,
				"omitted":	false,
				"sender":	true
			}
		}, {
			"streams":	[{
					"socket":	5,
					"start":	5.000922,
					"end":	6.00099,
					"seconds":	1.0000679492950439,
					"bytes":	0,
					"bits_per_second":	0,
					"retransmits":	0,
					"snd_cwnd":	54492,
					"snd_wnd":	65472,
					"rtt":	159925,
					"rttvar":	3759,
					"pmtu":	1500,
					"reorder":	0,
					"omitted":	false,
					"sender":	true
				}],
			"sum":	{
				"start":	5.000922,
				"end":	6.00099,
				"seconds":	1.0000679492950439,
				"bytes":	0,
				"bits_per_second":	0,
				"retransmits":	0,
				"omitted":	false,
				"sender":	true
			}
		}, {
			"streams":	[{
					"socket":	5,
					"start":	6.00099,
					"end":	7.000988,
					"seconds":	0.99999797344207764,
					"bytes":	786432,
					"bits_per_second":	6291468.75002584,
					"retransmits":	0,
					"snd_cwnd":	59356,
					"snd_wnd":	65472,
					"rtt":	162679,
					"rttvar":	7284,
					"pmtu":	1500,
					"reorder":	0,
					"omitted":	false,
					"sender":	true
				}],
			"sum":	{
				"start":	6.00099,
				"end":	7.000988,
				"seconds":	0.99999797344207764,
				"bytes":	786432,
				"bits_per_second":	6291468.75002584,
				"retransmits":	0,
				"omitted":	false,
				"sender":	true
			}
		}, {
			"streams":	[{
					"socket":	5,
					"start":	7.000988,
					"end":	8.000941,
					"seconds":	0.99995297193527222,
					"bytes":	0,
					"bits_per_second":	0,
					"retransmits":	0,
					"snd_cwnd":	62928,
					"snd_wnd":	65472,
					"rtt":	176166,
					"rttvar":	9142,
					"pmtu":	1500,
					"reorder":	0,
					"omitted":	false,
					"sender":	true
				}],
			"sum":	{
				"start":	7.000988,
				"end":	8.000941,
				"seconds":	0.99995297193527222,
				"bytes":	0,
				"bits_per_second":	0,
				"retransmits":	0,
				"omitted":	false,
				"sender":	true
			}
		}, {
			"streams":	[{
					"socket":	5,
					"start":	8.000941,
					"end":	9.000977,
					"seconds":	1.0000360012054443,
					"bytes":	0,
					"bits_per_second":	0,
					"retransmits":	0,
					"snd_cwnd":	65436,
					"snd_wnd":	65472,
					"rtt":	179195,
					"rttvar":	5301,
					"pmtu":	1500,
					"reorder":	0,
					"omitted":	false,
					"sender":	true
				}],
			"sum":	{
				"start":	8.000941,
				"end":	9.000977,
				"seconds":	1.0000360012054443,
				"bytes":	0,
				"bits_per_second":	0,
				"retransmits":	0,
				"omitted":	false,
				"sender":	true
			}
		}, {
			"streams":	[{
					"socket":	5,
					"start":	9.000977,
					"end":	10.001941,
					"seconds":	1.0009640455245972,
					"bytes":	786432,
					"bits_per_second":	6285396.5915456023,
					"retransmits":	0,
					"snd_cwnd":	65892,
					"snd_wnd":	65472,
					"rtt":	190519,
					"rttvar":	3956,
					"pmtu":	1500,
					"reorder":	0,
					"omitted":	false,
					"sender":	true
				}],
			"sum":	{
				"start":	9.000977,
				"end":	10.001941,
				"seconds":	1.0009640455245972,
				"bytes":	786432,
				"bits_per_second":	6285396.5915456023,
				"retransmits":	0,
				"omitted":	false,
				"sender":	true
			}
		}],
	"end":	{
		"streams":	[{
				"sender":	{
					"socket":	5,
					"start":	0,
					"end":	10.001941,
					"seconds":	10.001941,
					"bytes":	5242880,
					"bits_per_second":	4193490.04358254,
					"retransmits":	1,
					"reorder":	0,
					"max_snd_cwnd":	68780,
					"max_snd_wnd":	65472,
					"max_rtt":	190519,
					"min_rtt":	67717,
					"mean_rtt":	156027,
					"sender":	true
				},
				"receiver":	{
					"socket":	5,
					"start":	0,
					"end":	10.298221,
					"seconds":	10.001941,
					"bytes":	3407872,
					"bits_per_second":	2647348.1196412467,
					"sender":	true
				}
			}],
		"sum_sent":	{
			"start":	0,
			"end":	10.001941,
			"seconds":	10.001941,
			"bytes":	5242880,
			"bits_per_second":	4193490.04358254,
			"retransmits":	1,
			"sender":	true
		},
		"sum_received":	{
			"start":	0,
			"end":	10.298221,
			"seconds":	10.298221,
			"bytes":	3407872,
			"bits_per_second":	2647348.1196412467,
			"sender":	true
		},
		"cpu_utilization_percent":	{
			"host_total":	0.098149745600829022,
			"host_user":	0,
			"host_system":	0.098149745600829022,
			"remote_total":	2.842426270606123,
			"remote_user":	0.10029828341954279,
			"remote_system":	2.7421086432553516
		},
		"sender_tcp_congestion":	"cubic",
		"receiver_tcp_congestion":	"cubic"
	}
}
{
	"start":	{
		"connected":	[{
				"socket":	5,
				"local_host":	"192.168.1.48",
				"local_port":	50902,
				"remote_host":	"192.168.1.58",
				"remote_port":	5201
			}],
		"version":	"iperf 3.20",
		"system_info":	"Linux kuroi-washi 6.19.11+kali-amd64 #1 SMP PREEMPT_DYNAMIC Kali 6.19.11-1kali1 (2026-04-09) x86_64",
		"timestamp":	{
			"time":	"Thu, 23 Apr 2026 22:42:29 GMT",
			"timesecs":	1776984149,
			"timemillisecs":	1776984149054
		},
		"connecting_to":	{
			"host":	"192.168.1.58",
			"port":	5201
		},
		"cookie":	"ojnn34rx3g7ssgdzlyl4ig75knhko2qmcxlm",
		"tcp_mss":	88,
		"target_bitrate":	0,
		"fq_rate":	0,
		"sock_bufsize":	0,
		"sndbuf_actual":	16384,
		"rcvbuf_actual":	131072,
		"test_start":	{
			"protocol":	"TCP",
			"num_streams":	1,
			"blksize":	131072,
			"omit":	0,
			"duration":	10,
			"bytes":	0,
			"blocks":	0,
			"reverse":	0,
			"tos":	0,
			"target_bitrate":	0,
			"bidir":	0,
			"fqrate":	0,
			"interval":	1
		}
	},
	"intervals":	[{
			"streams":	[{
					"socket":	5,
					"start":	0,
					"end":	1.001107,
					"seconds":	1.0011069774627686,
					"bytes":	1179648,
					"bits_per_second":	9426748.8015295267,
					"retransmits":	0,
					"snd_cwnd":	30704,
					"snd_wnd":	65472,
					"rtt":	88656,
					"rttvar":	2853,
					"pmtu":	1500,
					"reorder":	0,
					"omitted":	false,
					"sender":	true
				}],
			"sum":	{
				"start":	0,
				"end":	1.001107,
				"seconds":	1.0011069774627686,
				"bytes":	1179648,
				"bits_per_second":	9426748.8015295267,
				"retransmits":	0,
				"omitted":	false,
				"sender":	true
			}
		}, {
			"streams":	[{
					"socket":	5,
					"start":	1.001107,
					"end":	2.001107,
					"seconds":	1,
					"bytes":	393216,
					"bits_per_second":	3145728,
					"retransmits":	0,
					"snd_cwnd":	46664,
					"snd_wnd":	65472,
					"rtt":	179724,
					"rttvar":	17183,
					"pmtu":	1500,
					"reorder":	0,
					"omitted":	false,
					"sender":	true
				}],
			"sum":	{
				"start":	1.001107,
				"end":	2.001107,
				"seconds":	1,
				"bytes":	393216,
				"bits_per_second":	3145728,
				"retransmits":	0,
				"omitted":	false,
				"sender":	true
			}
		}, {
			"streams":	[{
					"socket":	5,
					"start":	2.001107,
					"end":	3.001116,
					"seconds":	1.0000089406967163,
					"bytes":	1310720,
					"bits_per_second":	10485666.250838183,
					"retransmits":	0,
					"snd_cwnd":	61408,
					"snd_wnd":	65472,
					"rtt":	109372,
					"rttvar":	27684,
					"pmtu":	1500,
					"reorder":	0,
					"omitted":	false,
					"sender":	true
				}],
			"sum":	{
				"start":	2.001107,
				"end":	3.001116,
				"seconds":	1.0000089406967163,
				"bytes":	1310720,
				"bits_per_second":	10485666.250838183,
				"retransmits":	0,
				"omitted":	false,
				"sender":	true
			}
		}, {
			"streams":	[{
					"socket":	5,
					"start":	3.001116,
					"end":	4.000085,
					"seconds":	0.99896901845932,
					"bytes":	0,
					"bits_per_second":	0,
					"retransmits":	0,
					"snd_cwnd":	68856,
					"snd_wnd":	65472,
					"rtt":	186412,
					"rttvar":	3742,
					"pmtu":	1500,
					"reorder":	0,
					"omitted":	false,
					"sender":	true
				}],
			"sum":	{
				"start":	3.001116,
				"end":	4.000085,
				"seconds":	0.99896901845932,
				"bytes":	0,
				"bits_per_second":	0,
				"retransmits":	0,
				"omitted":	false,
				"sender":	true
			}
		}, {
			"streams":	[{
					"socket":	5,
					"start":	4.000085,
					"end":	5.001059,
					"seconds":	1.0009740591049194,
					"bytes":	655360,
					"bits_per_second":	5237778.0945574483,
					"retransmits":	0,
					"snd_cwnd":	68856,
					"snd_wnd":	65472,
					"rtt":	191754,
					"rttvar":	5805,
					"pmtu":	1500,
					"reorder":	0,
					"omitted":	false,
					"sender":	true
				}],
			"sum":	{
				"start":	4.000085,
				"end":	5.001059,
				"seconds":	1.0009740591049194,
				"bytes":	655360,
				"bits_per_second":	5237778.0945574483,
				"retransmits":	0,
				"omitted":	false,
				"sender":	true
			}
		}, {
			"streams":	[{
					"socket":	5,
					"start":	5.001059,
					"end":	6.001114,
					"seconds":	1.0000549554824829,
					"bytes":	0,
					"bits_per_second":	0,
					"retransmits":	0,
					"snd_cwnd":	68856,
					"snd_wnd":	65472,
					"rtt":	85346,
					"rttvar":	19439,
					"pmtu":	1500,
					"reorder":	0,
					"omitted":	false,
					"sender":	true
				}],
			"sum":	{
				"start":	5.001059,
				"end":	6.001114,
				"seconds":	1.0000549554824829,
				"bytes":	0,
				"bits_per_second":	0,
				"retransmits":	0,
				"omitted":	false,
				"sender":	true
			}
		}, {
			"streams":	[{
					"socket":	5,
					"start":	6.001114,
					"end":	7.001115,
					"seconds":	1.0000009536743164,
					"bytes":	917504,
					"bits_per_second":	7340025.0000066757,
					"retransmits":	1,
					"snd_cwnd":	68856,
					"snd_wnd":	65472,
					"rtt":	74001,
					"rttvar":	18384,
					"pmtu":	1500,
					"reorder":	0,
					"omitted":	false,
					"sender":	true
				}],
			"sum":	{
				"start":	6.001114,
				"end":	7.001115,
				"seconds":	1.0000009536743164,
				"bytes":	917504,
				"bits_per_second":	7340025.0000066757,
				"retransmits":	1,
				"omitted":	false,
				"sender":	true
			}
		}, {
			"streams":	[{
					"socket":	5,
					"start":	7.001115,
					"end":	8.00114,
					"seconds":	1.0000250339508057,
					"bytes":	0,
					"bits_per_second":	0,
					"retransmits":	1,
					"snd_cwnd":	52364,
					"snd_wnd":	65472,
					"rtt":	153545,
					"rttvar":	4729,
					"pmtu":	1500,
					"reorder":	0,
					"omitted":	false,
					"sender":	true
				}],
			"sum":	{
				"start":	7.001115,
				"end":	8.00114,
				"seconds":	1.0000250339508057,
				"bytes":	0,
				"bits_per_second":	0,
				"retransmits":	1,
				"omitted":	false,
				"sender":	true
			}
		}, {
			"streams":	[{
					"socket":	5,
					"start":	8.00114,
					"end":	9.001099,
					"seconds":	0.99995899200439453,
					"bytes":	0,
					"bits_per_second":	0,
					"retransmits":	0,
					"snd_cwnd":	57608,
					"snd_wnd":	65472,
					"rtt":	157728,
					"rttvar":	5814,
					"pmtu":	1500,
					"reorder":	0,
					"omitted":	false,
					"sender":	true
				}],
			"sum":	{
				"start":	8.00114,
				"end":	9.001099,
				"seconds":	0.99995899200439453,
				"bytes":	0,
				"bits_per_second":	0,
				"retransmits":	0,
				"omitted":	false,
				"sender":	true
			}
		}, {
			"streams":	[{
					"socket":	5,
					"start":	9.001099,
					"end":	10.002043,
					"seconds":	1.0009440183639526,
					"bytes":	655360,
					"bits_per_second":	5237935.2928943122,
					"retransmits":	0,
					"snd_cwnd":	61636,
					"snd_wnd":	65472,
					"rtt":	179304,
					"rttvar":	2555,
					"pmtu":	1500,
					"reorder":	0,
					"omitted":	false,
					"sender":	true
				}],
			"sum":	{
				"start":	9.001099,
				"end":	10.002043,
				"seconds":	1.0009440183639526,
				"bytes":	655360,
				"bits_per_second":	5237935.2928943122,
				"retransmits":	0,
				"omitted":	false,
				"sender":	true
			}
		}],
	"end":	{
		"streams":	[{
				"sender":	{
					"socket":	5,
					"start":	0,
					"end":	10.002043,
					"seconds":	10.002043,
					"bytes":	5111808,
					"bits_per_second":	4088611.0967529332,
					"retransmits":	2,
					"reorder":	0,
					"max_snd_cwnd":	68856,
					"max_snd_wnd":	65472,
					"max_rtt":	191754,
					"min_rtt":	74001,
					"mean_rtt":	140584,
					"sender":	true
				},
				"receiver":	{
					"socket":	5,
					"start":	0,
					"end":	10.054002,
					"seconds":	10.002043,
					"bytes":	3276800,
					"bits_per_second":	2607359.7359539014,
					"sender":	true
				}
			}],
		"sum_sent":	{
			"start":	0,
			"end":	10.002043,
			"seconds":	10.002043,
			"bytes":	5111808,
			"bits_per_second":	4088611.0967529332,
			"retransmits":	2,
			"sender":	true
		},
		"sum_received":	{
			"start":	0,
			"end":	10.054002,
			"seconds":	10.054002,
			"bytes":	3276800,
			"bits_per_second":	2607359.7359539014,
			"sender":	true
		},
		"cpu_utilization_percent":	{
			"host_total":	0.1041442043129507,
			"host_user":	0.011978818350159137,
			"host_system":	0.092165385962791571,
			"remote_total":	2.78646081119923,
			"remote_user":	0.078258688729332962,
			"remote_system":	2.7082021224698973
		},
		"sender_tcp_congestion":	"cubic",
		"receiver_tcp_congestion":	"cubic"
	}
}
{
	"start":	{
		"connected":	[{
				"socket":	5,
				"local_host":	"192.168.1.48",
				"local_port":	44194,
				"remote_host":	"192.168.1.58",
				"remote_port":	5201
			}],
		"version":	"iperf 3.20",
		"system_info":	"Linux kuroi-washi 6.19.11+kali-amd64 #1 SMP PREEMPT_DYNAMIC Kali 6.19.11-1kali1 (2026-04-09) x86_64",
		"timestamp":	{
			"time":	"Thu, 23 Apr 2026 22:42:39 GMT",
			"timesecs":	1776984159,
			"timemillisecs":	1776984159489
		},
		"connecting_to":	{
			"host":	"192.168.1.58",
			"port":	5201
		},
		"cookie":	"qxewbrhsn4n4jr2qpipldhfu4j3drf54dbtx",
		"tcp_mss":	88,
		"target_bitrate":	0,
		"fq_rate":	0,
		"sock_bufsize":	0,
		"sndbuf_actual":	16384,
		"rcvbuf_actual":	131072,
		"test_start":	{
			"protocol":	"TCP",
			"num_streams":	1,
			"blksize":	131072,
			"omit":	0,
			"duration":	10,
			"bytes":	0,
			"blocks":	0,
			"reverse":	0,
			"tos":	0,
			"target_bitrate":	0,
			"bidir":	0,
			"fqrate":	0,
			"interval":	1
		}
	},
	"intervals":	[{
			"streams":	[{
					"socket":	5,
					"start":	0,
					"end":	1.000394,
					"seconds":	1.0003939867019653,
					"bytes":	1179648,
					"bits_per_second":	9433467.3393148854,
					"retransmits":	0,
					"snd_cwnd":	29640,
					"snd_wnd":	65472,
					"rtt":	91222,
					"rttvar":	4975,
					"pmtu":	1500,
					"reorder":	0,
					"omitted":	false,
					"sender":	true
				}],
			"sum":	{
				"start":	0,
				"end":	1.000394,
				"seconds":	1.0003939867019653,
				"bytes":	1179648,
				"bits_per_second":	9433467.3393148854,
				"retransmits":	0,
				"omitted":	false,
				"sender":	true
			}
		}, {
			"streams":	[{
					"socket":	5,
					"start":	1.000394,
					"end":	2.000414,
					"seconds":	1.0000200271606445,
					"bytes":	393216,
					"bits_per_second":	3145665.001261686,
					"retransmits":	0,
					"snd_cwnd":	46132,
					"snd_wnd":	65472,
					"rtt":	125319,
					"rttvar":	1890,
					"pmtu":	1500,
					"reorder":	0,
					"omitted":	false,
					"sender":	true
				}],
			"sum":	{
				"start":	1.000394,
				"end":	2.000414,
				"seconds":	1.0000200271606445,
				"bytes":	393216,
				"bits_per_second":	3145665.001261686,
				"retransmits":	0,
				"omitted":	false,
				"sender":	true
			}
		}, {
			"streams":	[{
					"socket":	5,
					"start":	2.000414,
					"end":	3.001105,
					"seconds":	1.0006910562515259,
					"bytes":	1310720,
					"bits_per_second":	10478518.754108243,
					"retransmits":	0,
					"snd_cwnd":	62396,
					"snd_wnd":	65472,
					"rtt":	62469,
					"rttvar":	16033,
					"pmtu":	1500,
					"reorder":	0,
					"omitted":	false,
					"sender":	true
				}],
			"sum":	{
				"start":	2.000414,
				"end":	3.001105,
				"seconds":	1.0006910562515259,
				"bytes":	1310720,
				"bits_per_second":	10478518.754108243,
				"retransmits":	0,
				"omitted":	false,
				"sender":	true
			}
		}, {
			"streams":	[{
					"socket":	5,
					"start":	3.001105,
					"end":	4.00044,
					"seconds":	0.999334990978241,
					"bytes":	0,
					"bits_per_second":	0,
					"retransmits":	0,
					"snd_cwnd":	68856,
					"snd_wnd":	65472,
					"rtt":	184272,
					"rttvar":	4741,
					"pmtu":	1500,
					"reorder":	0,
					"omitted":	false,
					"sender":	true
				}],
			"sum":	{
				"start":	3.001105,
				"end":	4.00044,
				"seconds":	0.999334990978241,
				"bytes":	0,
				"bits_per_second":	0,
				"retransmits":	0,
				"omitted":	false,
				"sender":	true
			}
		}, {
			"streams":	[{
					"socket":	5,
					"start":	4.00044,
					"end":	5.000399,
					"seconds":	0.99995899200439453,
					"bytes":	786432,
					"bits_per_second":	6291714.0105804969,
					"retransmits":	0,
					"snd_cwnd":	68856,
					"snd_wnd":	65472,
					"rtt":	179663,
					"rttvar":	6377,
					"pmtu":	1500,
					"reorder":	0,
					"omitted":	false,
					"sender":	true
				}],
			"sum":	{
				"start":	4.00044,
				"end":	5.000399,
				"seconds":	0.99995899200439453,
				"bytes":	786432,
				"bits_per_second":	6291714.0105804969,
				"retransmits":	0,
				"omitted":	false,
				"sender":	true
			}
		}, {
			"streams":	[{
					"socket":	5,
					"start":	5.000399,
					"end":	6.00043,
					"seconds":	1.0000309944152832,
					"bytes":	0,
					"bits_per_second":	0,
					"retransmits":	0,
					"snd_cwnd":	68856,
					"snd_wnd":	65472,
					"rtt":	189576,
					"rttvar":	2569,
					"pmtu":	1500,
					"reorder":	0,
					"omitted":	false,
					"sender":	true
				}],
			"sum":	{
				"start":	5.000399,
				"end":	6.00043,
				"seconds":	1.0000309944152832,
				"bytes":	0,
				"bits_per_second":	0,
				"retransmits":	0,
				"omitted":	false,
				"sender":	true
			}
		}, {
			"streams":	[{
					"socket":	5,
					"start":	6.00043,
					"end":	7.000434,
					"seconds":	1.0000040531158447,
					"bytes":	786432,
					"bits_per_second":	6291430.5001033545,
					"retransmits":	0,
					"snd_cwnd":	68856,
					"snd_wnd":	65472,
					"rtt":	190442,
					"rttvar":	2545,
					"pmtu":	1500,
					"reorder":	0,
					"omitted":	false,
					"sender":	true
				}],
			"sum":	{
				"start":	6.00043,
				"end":	7.000434,
				"seconds":	1.0000040531158447,
				"bytes":	786432,
				"bits_per_second":	6291430.5001033545,
				"retransmits":	0,
				"omitted":	false,
				"sender":	true
			}
		}, {
			"streams":	[{
					"socket":	5,
					"start":	7.000434,
					"end":	8.000454,
					"seconds":	1.0000200271606445,
					"bytes":	0,
					"bits_per_second":	0,
					"retransmits":	0,
					"snd_cwnd":	68856,
					"snd_wnd":	65472,
					"rtt":	165942,
					"rttvar":	3638,
					"pmtu":	1500,
					"reorder":	0,
					"omitted":	false,
					"sender":	true
				}],
			"sum":	{
				"start":	7.000434,
				"end":	8.000454,
				"seconds":	1.0000200271606445,
				"bytes":	0,
				"bits_per_second":	0,
				"retransmits":	0,
				"omitted":	false,
				"sender":	true
			}
		}, {
			"streams":	[{
					"socket":	5,
					"start":	8.000454,
					"end":	9.000435,
					"seconds":	0.99998098611831665,
					"bytes":	0,
					"bits_per_second":	0,
					"retransmits":	0,
					"snd_cwnd":	68856,
					"snd_wnd":	65472,
					"rtt":	196656,
					"rttvar":	4055,
					"pmtu":	1500,
					"reorder":	0,
					"omitted":	false,
					"sender":	true
				}],
			"sum":	{
				"start":	8.000454,
				"end":	9.000435,
				"seconds":	0.99998098611831665,
				"bytes":	0,
				"bits_per_second":	0,
				"retransmits":	0,
				"omitted":	false,
				"sender":	true
			}
		}, {
			"streams":	[{
					"socket":	5,
					"start":	9.000435,
					"end":	10.001595,
					"seconds":	1.0011600255966187,
					"bytes":	655360,
					"bits_per_second":	5236805.171956026,
					"retransmits":	0,
					"snd_cwnd":	68856,
					"snd_wnd":	65472,
					"rtt":	185548,
					"rttvar":	1651,
					"pmtu":	1500,
					"reorder":	0,
					"omitted":	false,
					"sender":	true
				}],
			"sum":	{
				"start":	9.000435,
				"end":	10.001595,
				"seconds":	1.0011600255966187,
				"bytes":	655360,
				"bits_per_second":	5236805.171956026,
				"retransmits":	0,
				"omitted":	false,
				"sender":	true
			}
		}],
	"end":	{
		"streams":	[{
				"sender":	{
					"socket":	5,
					"start":	0,
					"end":	10.001595,
					"seconds":	10.001595,
					"bytes":	5111808,
					"bits_per_second":	4088794.2373191477,
					"retransmits":	0,
					"reorder":	0,
					"max_snd_cwnd":	68856,
					"max_snd_wnd":	65472,
					"max_rtt":	196656,
					"min_rtt":	62469,
					"mean_rtt":	157110,
					"sender":	true
				},
				"receiver":	{
					"socket":	5,
					"start":	0,
					"end":	10.13665,
					"seconds":	10.001595,
					"bytes":	3407872,
					"bits_per_second":	2689544.9680121145,
					"sender":	true
				}
			}],
		"sum_sent":	{
			"start":	0,
			"end":	10.001595,
			"seconds":	10.001595,
			"bytes":	5111808,
			"bits_per_second":	4088794.2373191477,
			"retransmits":	0,
			"sender":	true
		},
		"sum_received":	{
			"start":	0,
			"end":	10.13665,
			"seconds":	10.13665,
			"bytes":	3407872,
			"bits_per_second":	2689544.9680121145,
			"sender":	true
		},
		"cpu_utilization_percent":	{
			"host_total":	0.1007495572199127,
			"host_user":	0,
			"host_system":	0.10073961548345918,
			"remote_total":	2.9003485602361492,
			"remote_user":	0.26264348853437858,
			"remote_system":	2.6376854201126547
		},
		"sender_tcp_congestion":	"cubic",
		"receiver_tcp_congestion":	"cubic"
	}
}
