{
	"start":	{
		"connected":	[{
				"socket":	5,
				"local_host":	"192.168.1.48",
				"local_port":	44124,
				"remote_host":	"192.168.1.58",
				"remote_port":	5201
			}],
		"version":	"iperf 3.20",
		"system_info":	"Linux kuroi-washi 6.19.11+kali-amd64 #1 SMP PREEMPT_DYNAMIC Kali 6.19.11-1kali1 (2026-04-09) x86_64",
		"timestamp":	{
			"time":	"Thu, 23 Apr 2026 22:21:35 GMT",
			"timesecs":	1776982895,
			"timemillisecs":	1776982895888
		},
		"connecting_to":	{
			"host":	"192.168.1.58",
			"port":	5201
		},
		"cookie":	"dpac36gwuy7q4dat2dsnubyiylepourybkth",
		"tcp_mss":	466,
		"target_bitrate":	0,
		"fq_rate":	0,
		"sock_bufsize":	0,
		"sndbuf_actual":	16384,
		"rcvbuf_actual":	131072,
		"test_start":	{
			"protocol":	"TCP",
			"num_streams":	1,
			"blksize":	131072,
			"omit":	0,
			"duration":	10,
			"bytes":	0,
			"blocks":	0,
			"reverse":	0,
			"tos":	0,
			"target_bitrate":	0,
			"bidir":	0,
			"fqrate":	0,
			"interval":	1
		}
	},
	"intervals":	[{
			"streams":	[{
					"socket":	5,
					"start":	0,
					"end":	1.001114,
					"seconds":	1.0011140108108521,
					"bytes":	3932160,
					"bits_per_second":	31422275.245674748,
					"retransmits":	0,
					"snd_cwnd":	173428,
					"snd_wnd":	968192,
					"rtt":	41671,
					"rttvar":	2070,
					"pmtu":	1500,
					"reorder":	0,
					"omitted":	false,
					"sender":	true
				}],
			"sum":	{
				"start":	0,
				"end":	1.001114,
				"seconds":	1.0011140108108521,
				"bytes":	3932160,
				"bits_per_second":	31422275.245674748,
				"retransmits":	0,
				"omitted":	false,
				"sender":	true
			}
		}, {
			"streams":	[{
					"socket":	5,
					"start":	1.001114,
					"end":	2.001085,
					"seconds":	0.99997097253799438,
					"bytes":	4587520,
					"bits_per_second":	36701225.343424216,
					"retransmits":	0,
					"snd_cwnd":	321886,
					"snd_wnd":	968192,
					"rtt":	77228,
					"rttvar":	6157,
					"pmtu":	1500,
					"reorder":	0,
					"omitted":	false,
					"sender":	true
				}],
			"sum":	{
				"start":	1.001114,
				"end":	2.001085,
				"seconds":	0.99997097253799438,
				"bytes":	4587520,
				"bits_per_second":	36701225.343424216,
				"retransmits":	0,
				"omitted":	false,
				"sender":	true
			}
		}, {
			"streams":	[{
					"socket":	5,
					"start":	2.001085,
					"end":	3.0011,
					"seconds":	1.0000150203704834,
					"bytes":	4194304,
					"bits_per_second":	33553928.007570151,
					"retransmits":	0,
					"snd_cwnd":	500762,
					"snd_wnd":	970048,
					"rtt":	148412,
					"rttvar":	11584,
					"pmtu":	1500,
					"reorder":	0,
					"omitted":	false,
					"sender":	true
				}],
			"sum":	{
				"start":	2.001085,
				"end":	3.0011,
				"seconds":	1.0000150203704834,
				"bytes":	4194304,
				"bits_per_second":	33553928.007570151,
				"retransmits":	0,
				"omitted":	false,
				"sender":	true
			}
		}, {
			"streams":	[{
					"socket":	5,
					"start":	3.0011,
					"end":	4.0011,
					"seconds":	1,
					"bytes":	2883584,
					"bits_per_second":	23068672,
					"retransmits":	0,
					"snd_cwnd":	679184,
					"snd_wnd":	970048,
					"rtt":	146617,
					"rttvar":	6601,
					"pmtu":	1500,
					"reorder":	0,
					"omitted":	false,
					"sender":	true
				}],
			"sum":	{
				"start":	3.0011,
				"end":	4.0011,
				"seconds":	1,
				"bytes":	2883584,
				"bits_per_second":	23068672,
				"retransmits":	0,
				"omitted":	false,
				"sender":	true
			}
		}, {
			"streams":	[{
					"socket":	5,
					"start":	4.0011,
					"end":	5.001075,
					"seconds":	0.999975025653839,
					"bytes":	4456448,
					"bits_per_second":	35652474.3972371,
					"retransmits":	0,
					"snd_cwnd":	844894,
					"snd_wnd":	970048,
					"rtt":	204591,
					"rttvar":	15152,
					"pmtu":	1500,
					"reorder":	0,
					"omitted":	false,
					"sender":	true
				}],
			"sum":	{
				"start":	4.0011,
				"end":	5.001075,
				"seconds":	0.999975025653839,
				"bytes":	4456448,
				"bits_per_second":	35652474.3972371,
				"retransmits":	0,
				"omitted":	false,
				"sender":	true
			}
		}, {
			"streams":	[{
					"socket":	5,
					"start":	5.001075,
					"end":	6.001097,
					"seconds":	1.0000220537185669,
					"bytes":	2883584,
					"bits_per_second":	23068163.261219583,
					"retransmits":	6,
					"snd_cwnd":	652852,
					"snd_wnd":	970048,
					"rtt":	209075,
					"rttvar":	886,
					"pmtu":	1500,
					"reorder":	0,
					"omitted":	false,
					"sender":	true
				}],
			"sum":	{
				"start":	5.001075,
				"end":	6.001097,
				"seconds":	1.0000220537185669,
				"bytes":	2883584,
				"bits_per_second":	23068163.261219583,
				"retransmits":	6,
				"omitted":	false,
				"sender":	true
			}
		}, {
			"streams":	[{
					"socket":	5,
					"start":	6.001097,
					"end":	7.001106,
					"seconds":	1.0000089406967163,
					"bytes":	1835008,
					"bits_per_second":	14679932.751173455,
					"retransmits":	0,
					"snd_cwnd":	714142,
					"snd_wnd":	970048,
					"rtt":	263117,
					"rttvar":	1159,
					"pmtu":	1500,
					"reorder":	0,
					"omitted":	false,
					"sender":	true
				}],
			"sum":	{
				"start":	6.001097,
				"end":	7.001106,
				"seconds":	1.0000089406967163,
				"bytes":	1835008,
				"bits_per_second":	14679932.751173455,
				"retransmits":	0,
				"omitted":	false,
				"sender":	true
			}
		}, {
			"streams":	[{
					"socket":	5,
					"start":	7.001106,
					"end":	8.001134,
					"seconds":	1.0000280141830444,
					"bytes":	4194304,
					"bits_per_second":	33553492.0263326,
					"retransmits":	0,
					"snd_cwnd":	759542,
					"snd_wnd":	973632,
					"rtt":	227002,
					"rttvar":	4803,
					"pmtu":	1500,
					"reorder":	0,
					"omitted":	false,
					"sender":	true
				}],
			"sum":	{
				"start":	7.001106,
				"end":	8.001134,
				"seconds":	1.0000280141830444,
				"bytes":	4194304,
				"bits_per_second":	33553492.0263326,
				"retransmits":	0,
				"omitted":	false,
				"sender":	true
			}
		}, {
			"streams":	[{
					"socket":	5,
					"start":	8.001134,
					"end":	9.001106,
					"seconds":	0.99997198581695557,
					"bytes":	1572864,
					"bits_per_second":	12583264.509875277,
					"retransmits":	0,
					"snd_cwnd":	789052,
					"snd_wnd":	973632,
					"rtt":	201223,
					"rttvar":	4449,
					"pmtu":	1500,
					"reorder":	0,
					"omitted":	false,
					"sender":	true
				}],
			"sum":	{
				"start":	8.001134,
				"end":	9.001106,
				"seconds":	0.99997198581695557,
				"bytes":	1572864,
				"bits_per_second":	12583264.509875277,
				"retransmits":	0,
				"omitted":	false,
				"sender":	true
			}
		}, {
			"streams":	[{
					"socket":	5,
					"start":	9.001106,
					"end":	10.002012,
					"seconds":	1.0009059906005859,
					"bytes":	4718592,
					"bits_per_second":	37714566.95683194,
					"retransmits":	0,
					"snd_cwnd":	828096,
					"snd_wnd":	973632,
					"rtt":	228333,
					"rttvar":	6419,
					"pmtu":	1500,
					"reorder":	0,
					"omitted":	false,
					"sender":	true
				}],
			"sum":	{
				"start":	9.001106,
				"end":	10.002012,
				"seconds":	1.0009059906005859,
				"bytes":	4718592,
				"bits_per_second":	37714566.95683194,
				"retransmits":	0,
				"omitted":	false,
				"sender":	true
			}
		}],
	"end":	{
		"streams":	[{
				"sender":	{
					"socket":	5,
					"start":	0,
					"end":	10.002012,
					"seconds":	10.002012,
					"bytes":	35258368,
					"bits_per_second":	28201020.354704633,
					"retransmits":	6,
					"reorder":	0,
					"max_snd_cwnd":	844894,
					"max_snd_wnd":	973632,
					"max_rtt":	263117,
					"min_rtt":	41671,
					"mean_rtt":	174726,
					"sender":	true
				},
				"receiver":	{
					"socket":	5,
					"start":	0,
					"end":	10.289722,
					"seconds":	10.002012,
					"bytes":	31981568,
					"bits_per_second":	24864864.5706852,
					"sender":	true
				}
			}],
		"sum_sent":	{
			"start":	0,
			"end":	10.002012,
			"seconds":	10.002012,
			"bytes":	35258368,
			"bits_per_second":	28201020.354704633,
			"retransmits":	6,
			"sender":	true
		},
		"sum_received":	{
			"start":	0,
			"end":	10.289722,
			"seconds":	10.289722,
			"bytes":	31981568,
			"bits_per_second":	24864864.5706852,
			"sender":	true
		},
		"cpu_utilization_percent":	{
			"host_total":	0.23730417218303057,
			"host_user":	0.054168335847653543,
			"host_system":	0.18313583633537706,
			"remote_total":	21.509507712617349,
			"remote_user":	0.059356450807072782,
			"remote_system":	21.450141596210077
		},
		"sender_tcp_congestion":	"cubic",
		"receiver_tcp_congestion":	"cubic"
	}
}
{
	"start":	{
		"connected":	[{
				"socket":	5,
				"local_host":	"192.168.1.48",
				"local_port":	44874,
				"remote_host":	"192.168.1.58",
				"remote_port":	5201
			}],
		"version":	"iperf 3.20",
		"system_info":	"Linux kuroi-washi 6.19.11+kali-amd64 #1 SMP PREEMPT_DYNAMIC Kali 6.19.11-1kali1 (2026-04-09) x86_64",
		"timestamp":	{
			"time":	"Thu, 23 Apr 2026 22:21:46 GMT",
			"timesecs":	1776982906,
			"timemillisecs":	1776982906657
		},
		"connecting_to":	{
			"host":	"192.168.1.58",
			"port":	5201
		},
		"cookie":	"cvohofhwp5vduk4ijfvttzt7hypxs54ejgrr",
		"tcp_mss":	466,
		"target_bitrate":	0,
		"fq_rate":	0,
		"sock_bufsize":	0,
		"sndbuf_actual":	16384,
		"rcvbuf_actual":	131072,
		"test_start":	{
			"protocol":	"TCP",
			"num_streams":	1,
			"blksize":	131072,
			"omit":	0,
			"duration":	10,
			"bytes":	0,
			"blocks":	0,
			"reverse":	0,
			"tos":	0,
			"target_bitrate":	0,
			"bidir":	0,
			"fqrate":	0,
			"interval":	1
		}
	},
	"intervals":	[{
			"streams":	[{
					"socket":	5,
					"start":	0,
					"end":	1.001116,
					"seconds":	1.0011160373687744,
					"bytes":	4456448,
					"bits_per_second":	35611839.855949953,
					"retransmits":	0,
					"snd_cwnd":	198398,
					"snd_wnd":	887232,
					"rtt":	62141,
					"rttvar":	3516,
					"pmtu":	1500,
					"reorder":	0,
					"omitted":	false,
					"sender":	true
				}],
			"sum":	{
				"start":	0,
				"end":	1.001116,
				"seconds":	1.0011160373687744,
				"bytes":	4456448,
				"bits_per_second":	35611839.855949953,
				"retransmits":	0,
				"omitted":	false,
				"sender":	true
			}
		}, {
			"streams":	[{
					"socket":	5,
					"start":	1.001116,
					"end":	2.00112,
					"seconds":	1.0000040531158447,
					"bytes":	4718592,
					"bits_per_second":	37748583.000620127,
					"retransmits":	0,
					"snd_cwnd":	350488,
					"snd_wnd":	968896,
					"rtt":	175083,
					"rttvar":	4784,
					"pmtu":	1500,
					"reorder":	0,
					"omitted":	false,
					"sender":	true
				}],
			"sum":	{
				"start":	1.001116,
				"end":	2.00112,
				"seconds":	1.0000040531158447,
				"bytes":	4718592,
				"bits_per_second":	37748583.000620127,
				"retransmits":	0,
				"omitted":	false,
				"sender":	true
			}
		}, {
			"streams":	[{
					"socket":	5,
					"start":	2.00112,
					"end":	3.001114,
					"seconds":	0.99999397993087769,
					"bytes":	4325376,
					"bits_per_second":	34603216.313754067,
					"retransmits":	0,
					"snd_cwnd":	518468,
					"snd_wnd":	968896,
					"rtt":	146549,
					"rttvar":	8180,
					"pmtu":	1500,
					"reorder":	0,
					"omitted":	false,
					"sender":	true
				}],
			"sum":	{
				"start":	2.00112,
				"end":	3.001114,
				"seconds":	0.99999397993087769,
				"bytes":	4325376,
				"bits_per_second":	34603216.313754067,
				"retransmits":	0,
				"omitted":	false,
				"sender":	true
			}
		}, {
			"streams":	[{
					"socket":	5,
					"start":	3.001114,
					"end":	4.001124,
					"seconds":	1.0000100135803223,
					"bytes":	2883584,
					"bits_per_second":	23068441.002313115,
					"retransmits":	0,
					"snd_cwnd":	676006,
					"snd_wnd":	968896,
					"rtt":	200650,
					"rttvar":	3034,
					"pmtu":	1500,
					"reorder":	0,
					"omitted":	false,
					"sender":	true
				}],
			"sum":	{
				"start":	3.001114,
				"end":	4.001124,
				"seconds":	1.0000100135803223,
				"bytes":	2883584,
				"bits_per_second":	23068441.002313115,
				"retransmits":	0,
				"omitted":	false,
				"sender":	true
			}
		}, {
			"streams":	[{
					"socket":	5,
					"start":	4.001124,
					"end":	5.001226,
					"seconds":	1.0001020431518555,
					"bytes":	1441792,
					"bits_per_second":	11533159.120092535,
					"retransmits":	0,
					"snd_cwnd":	784058,
					"snd_wnd":	968896,
					"rtt":	209240,
					"rttvar":	10774,
					"pmtu":	1500,
					"reorder":	0,
					"omitted":	false,
					"sender":	true
				}],
			"sum":	{
				"start":	4.001124,
				"end":	5.001226,
				"seconds":	1.0001020431518555,
				"bytes":	1441792,
				"bits_per_second":	11533159.120092535,
				"retransmits":	0,
				"omitted":	false,
				"sender":	true
			}
		}, {
			"streams":	[{
					"socket":	5,
					"start":	5.001226,
					"end":	6.001097,
					"seconds":	0.999871015548706,
					"bytes":	4718592,
					"bits_per_second":	37753605.6281063,
					"retransmits":	0,
					"snd_cwnd":	996530,
					"snd_wnd":	968896,
					"rtt":	275780,
					"rttvar":	1512,
					"pmtu":	1500,
					"reorder":	0,
					"omitted":	false,
					"sender":	true
				}],
			"sum":	{
				"start":	5.001226,
				"end":	6.001097,
				"seconds":	0.999871015548706,
				"bytes":	4718592,
				"bits_per_second":	37753605.6281063,
				"retransmits":	0,
				"omitted":	false,
				"sender":	true
			}
		}, {
			"streams":	[{
					"socket":	5,
					"start":	6.001097,
					"end":	7.001102,
					"seconds":	1.0000050067901611,
					"bytes":	3276800,
					"bits_per_second":	26214268.750657137,
					"retransmits":	0,
					"snd_cwnd":	1018776,
					"snd_wnd":	968896,
					"rtt":	259135,
					"rttvar":	5736,
					"pmtu":	1500,
					"reorder":	0,
					"omitted":	false,
					"sender":	true
				}],
			"sum":	{
				"start":	6.001097,
				"end":	7.001102,
				"seconds":	1.0000050067901611,
				"bytes":	3276800,
				"bits_per_second":	26214268.750657137,
				"retransmits":	0,
				"omitted":	false,
				"sender":	true
			}
		}, {
			"streams":	[{
					"socket":	5,
					"start":	7.001102,
					"end":	8.001111,
					"seconds":	1.0000089406967163,
					"bytes":	3014656,
					"bits_per_second":	24117032.376927819,
					"retransmits":	0,
					"snd_cwnd":	1018776,
					"snd_wnd":	968320,
					"rtt":	244945,
					"rttvar":	3640,
					"pmtu":	1500,
					"reorder":	0,
					"omitted":	false,
					"sender":	true
				}],
			"sum":	{
				"start":	7.001102,
				"end":	8.001111,
				"seconds":	1.0000089406967163,
				"bytes":	3014656,
				"bits_per_second":	24117032.376927819,
				"retransmits":	0,
				"omitted":	false,
				"sender":	true
			}
		}, {
			"streams":	[{
					"socket":	5,
					"start":	8.001111,
					"end":	9.000837,
					"seconds":	0.99972599744796753,
					"bytes":	2883584,
					"bits_per_second":	23074994.607410565,
					"retransmits":	0,
					"snd_cwnd":	1018776,
					"snd_wnd":	968320,
					"rtt":	280919,
					"rttvar":	4930,
					"pmtu":	1500,
					"reorder":	0,
					"omitted":	false,
					"sender":	true
				}],
			"sum":	{
				"start":	8.001111,
				"end":	9.000837,
				"seconds":	0.99972599744796753,
				"bytes":	2883584,
				"bits_per_second":	23074994.607410565,
				"retransmits":	0,
				"omitted":	false,
				"sender":	true
			}
		}, {
			"streams":	[{
					"socket":	5,
					"start":	9.000837,
					"end":	10.002143,
					"seconds":	1.0013060569763184,
					"bytes":	4325376,
					"bits_per_second":	34557873.448296122,
					"retransmits":	0,
					"snd_cwnd":	1018776,
					"snd_wnd":	968320,
					"rtt":	252006,
					"rttvar":	9050,
					"pmtu":	1500,
					"reorder":	0,
					"omitted":	false,
					"sender":	true
				}],
			"sum":	{
				"start":	9.000837,
				"end":	10.002143,
				"seconds":	1.0013060569763184,
				"bytes":	4325376,
				"bits_per_second":	34557873.448296122,
				"retransmits":	0,
				"omitted":	false,
				"sender":	true
			}
		}],
	"end":	{
		"streams":	[{
				"sender":	{
					"socket":	5,
					"start":	0,
					"end":	10.002143,
					"seconds":	10.002143,
					"bytes":	36044800,
					"bits_per_second":	28829661.803475514,
					"retransmits":	0,
					"reorder":	0,
					"max_snd_cwnd":	1018776,
					"max_snd_wnd":	968896,
					"max_rtt":	280919,
					"min_rtt":	62141,
					"mean_rtt":	210644,
					"sender":	true
				},
				"receiver":	{
					"socket":	5,
					"start":	0,
					"end":	10.294744,
					"seconds":	10.002143,
					"bytes":	33030144,
					"bits_per_second":	25667578.717838928,
					"sender":	true
				}
			}],
		"sum_sent":	{
			"start":	0,
			"end":	10.002143,
			"seconds":	10.002143,
			"bytes":	36044800,
			"bits_per_second":	28829661.803475514,
			"retransmits":	0,
			"sender":	true
		},
		"sum_received":	{
			"start":	0,
			"end":	10.294744,
			"seconds":	10.294744,
			"bytes":	33030144,
			"bits_per_second":	25667578.717838928,
			"sender":	true
		},
		"cpu_utilization_percent":	{
			"host_total":	0.22934372937420047,
			"host_user":	0.029268192781553008,
			"host_system":	0.20007553659264751,
			"remote_total":	21.50569087803596,
			"remote_user":	0.123164364250608,
			"remote_system":	21.382487846690381
		},
		"sender_tcp_congestion":	"cubic",
		"receiver_tcp_congestion":	"cubic"
	}
}
{
	"start":	{
		"connected":	[{
				"socket":	5,
				"local_host":	"192.168.1.48",
				"local_port":	37546,
				"remote_host":	"192.168.1.58",
				"remote_port":	5201
			}],
		"version":	"iperf 3.20",
		"system_info":	"Linux kuroi-washi 6.19.11+kali-amd64 #1 SMP PREEMPT_DYNAMIC Kali 6.19.11-1kali1 (2026-04-09) x86_64",
		"timestamp":	{
			"time":	"Thu, 23 Apr 2026 22:21:57 GMT",
			"timesecs":	1776982917,
			"timemillisecs":	1776982917595
		},
		"connecting_to":	{
			"host":	"192.168.1.58",
			"port":	5201
		},
		"cookie":	"3ypseuo25kw35jif4jadeexgr3czb5yzrj77",
		"tcp_mss":	466,
		"target_bitrate":	0,
		"fq_rate":	0,
		"sock_bufsize":	0,
		"sndbuf_actual":	16384,
		"rcvbuf_actual":	131072,
		"test_start":	{
			"protocol":	"TCP",
			"num_streams":	1,
			"blksize":	131072,
			"omit":	0,
			"duration":	10,
			"bytes":	0,
			"blocks":	0,
			"reverse":	0,
			"tos":	0,
			"target_bitrate":	0,
			"bidir":	0,
			"fqrate":	0,
			"interval":	1
		}
	},
	"intervals":	[{
			"streams":	[{
					"socket":	5,
					"start":	0,
					"end":	1.001146,
					"seconds":	1.0011459589004517,
					"bytes":	4194304,
					"bits_per_second":	33516024.013973437,
					"retransmits":	0,
					"snd_cwnd":	173882,
					"snd_wnd":	968576,
					"rtt":	38585,
					"rttvar":	3241,
					"pmtu":	1500,
					"reorder":	0,
					"omitted":	false,
					"sender":	true
				}],
			"sum":	{
				"start":	0,
				"end":	1.001146,
				"seconds":	1.0011459589004517,
				"bytes":	4194304,
				"bits_per_second":	33516024.013973437,
				"retransmits":	0,
				"omitted":	false,
				"sender":	true
			}
		}, {
			"streams":	[{
					"socket":	5,
					"start":	1.001146,
					"end":	2.0011,
					"seconds":	0.9999539852142334,
					"bytes":	3407872,
					"bits_per_second":	27264230.5577282,
					"retransmits":	0,
					"snd_cwnd":	294192,
					"snd_wnd":	968576,
					"rtt":	126593,
					"rttvar":	8638,
					"pmtu":	1500,
					"reorder":	0,
					"omitted":	false,
					"sender":	true
				}],
			"sum":	{
				"start":	1.001146,
				"end":	2.0011,
				"seconds":	0.9999539852142334,
				"bytes":	3407872,
				"bits_per_second":	27264230.5577282,
				"retransmits":	0,
				"omitted":	false,
				"sender":	true
			}
		}, {
			"streams":	[{
					"socket":	5,
					"start":	2.0011,
					"end":	3.001066,
					"seconds":	0.999966025352478,
					"bytes":	1310720,
					"bits_per_second":	10486116.26210388,
					"retransmits":	0,
					"snd_cwnd":	345040,
					"snd_wnd":	968576,
					"rtt":	141747,
					"rttvar":	4127,
					"pmtu":	1500,
					"reorder":	0,
					"omitted":	false,
					"sender":	true
				}],
			"sum":	{
				"start":	2.0011,
				"end":	3.001066,
				"seconds":	0.999966025352478,
				"bytes":	1310720,
				"bits_per_second":	10486116.26210388,
				"retransmits":	0,
				"omitted":	false,
				"sender":	true
			}
		}, {
			"streams":	[{
					"socket":	5,
					"start":	3.001066,
					"end":	4.001099,
					"seconds":	1.0000330209732056,
					"bytes":	2752512,
					"bits_per_second":	22019368.899009582,
					"retransmits":	0,
					"snd_cwnd":	488958,
					"snd_wnd":	974016,
					"rtt":	132414,
					"rttvar":	4095,
					"pmtu":	1500,
					"reorder":	0,
					"omitted":	false,
					"sender":	true
				}],
			"sum":	{
				"start":	3.001066,
				"end":	4.001099,
				"seconds":	1.0000330209732056,
				"bytes":	2752512,
				"bits_per_second":	22019368.899009582,
				"retransmits":	0,
				"omitted":	false,
				"sender":	true
			}
		}, {
			"streams":	[{
					"socket":	5,
					"start":	4.001099,
					"end":	5.001148,
					"seconds":	1.0000489950180054,
					"bytes":	2883584,
					"bits_per_second":	23067541.805373907,
					"retransmits":	0,
					"snd_cwnd":	588838,
					"snd_wnd":	974016,
					"rtt":	266837,
					"rttvar":	769,
					"pmtu":	1500,
					"reorder":	0,
					"omitted":	false,
					"sender":	true
				}],
			"sum":	{
				"start":	4.001099,
				"end":	5.001148,
				"seconds":	1.0000489950180054,
				"bytes":	2883584,
				"bits_per_second":	23067541.805373907,
				"retransmits":	0,
				"omitted":	false,
				"sender":	true
			}
		}, {
			"streams":	[{
					"socket":	5,
					"start":	5.001148,
					"end":	6.001099,
					"seconds":	0.99995100498199463,
					"bytes":	2883584,
					"bits_per_second":	23069802.305379331,
					"retransmits":	0,
					"snd_cwnd":	725492,
					"snd_wnd":	974016,
					"rtt":	287081,
					"rttvar":	4507,
					"pmtu":	1500,
					"reorder":	0,
					"omitted":	false,
					"sender":	true
				}],
			"sum":	{
				"start":	5.001148,
				"end":	6.001099,
				"seconds":	0.99995100498199463,
				"bytes":	2883584,
				"bits_per_second":	23069802.305379331,
				"retransmits":	0,
				"omitted":	false,
				"sender":	true
			}
		}, {
			"streams":	[{
					"socket":	5,
					"start":	6.001099,
					"end":	7.001142,
					"seconds":	1.0000430345535278,
					"bytes":	2752512,
					"bits_per_second":	22019148.415778864,
					"retransmits":	0,
					"snd_cwnd":	863962,
					"snd_wnd":	974016,
					"rtt":	308641,
					"rttvar":	1524,
					"pmtu":	1500,
					"reorder":	0,
					"omitted":	false,
					"sender":	true
				}],
			"sum":	{
				"start":	6.001099,
				"end":	7.001142,
				"seconds":	1.0000430345535278,
				"bytes":	2752512,
				"bits_per_second":	22019148.415778864,
				"retransmits":	0,
				"omitted":	false,
				"sender":	true
			}
		}, {
			"streams":	[{
					"socket":	5,
					"start":	7.001142,
					"end":	8.001123,
					"seconds":	0.99998098611831665,
					"bytes":	1441792,
					"bits_per_second":	11534555.316670062,
					"retransmits":	0,
					"snd_cwnd":	979278,
					"snd_wnd":	974016,
					"rtt":	395378,
					"rttvar":	6142,
					"pmtu":	1500,
					"reorder":	0,
					"omitted":	false,
					"sender":	true
				}],
			"sum":	{
				"start":	7.001142,
				"end":	8.001123,
				"seconds":	0.99998098611831665,
				"bytes":	1441792,
				"bits_per_second":	11534555.316670062,
				"retransmits":	0,
				"omitted":	false,
				"sender":	true
			}
		}, {
			"streams":	[{
					"socket":	5,
					"start":	8.001123,
					"end":	9.001147,
					"seconds":	1.0000239610672,
					"bytes":	2883584,
					"bits_per_second":	23068119.263244163,
					"retransmits":	0,
					"snd_cwnd":	1024224,
					"snd_wnd":	975296,
					"rtt":	395508,
					"rttvar":	6742,
					"pmtu":	1500,
					"reorder":	0,
					"omitted":	false,
					"sender":	true
				}],
			"sum":	{
				"start":	8.001123,
				"end":	9.001147,
				"seconds":	1.0000239610672,
				"bytes":	2883584,
				"bits_per_second":	23068119.263244163,
				"retransmits":	0,
				"omitted":	false,
				"sender":	true
			}
		}, {
			"streams":	[{
					"socket":	5,
					"start":	9.001147,
					"end":	10.002053,
					"seconds":	1.0009059906005859,
					"bytes":	1835008,
					"bits_per_second":	14666776.038767977,
					"retransmits":	1,
					"snd_cwnd":	727308,
					"snd_wnd":	975296,
					"rtt":	357593,
					"rttvar":	2653,
					"pmtu":	1500,
					"reorder":	0,
					"omitted":	false,
					"sender":	true
				}],
			"sum":	{
				"start":	9.001147,
				"end":	10.002053,
				"seconds":	1.0009059906005859,
				"bytes":	1835008,
				"bits_per_second":	14666776.038767977,
				"retransmits":	1,
				"omitted":	false,
				"sender":	true
			}
		}],
	"end":	{
		"streams":	[{
				"sender":	{
					"socket":	5,
					"start":	0,
					"end":	10.002053,
					"seconds":	10.002053,
					"bytes":	26345472,
					"bits_per_second":	21072051.507825442,
					"retransmits":	1,
					"reorder":	0,
					"max_snd_cwnd":	1024224,
					"max_snd_wnd":	975296,
					"max_rtt":	395508,
					"min_rtt":	38585,
					"mean_rtt":	245037,
					"sender":	true
				},
				"receiver":	{
					"socket":	5,
					"start":	0,
					"end":	10.339513,
					"seconds":	10.002053,
					"bytes":	24510464,
					"bits_per_second":	18964501.7129917,
					"sender":	true
				}
			}],
		"sum_sent":	{
			"start":	0,
			"end":	10.002053,
			"seconds":	10.002053,
			"bytes":	26345472,
			"bits_per_second":	21072051.507825442,
			"retransmits":	1,
			"sender":	true
		},
		"sum_received":	{
			"start":	0,
			"end":	10.339513,
			"seconds":	10.339513,
			"bytes":	24510464,
			"bits_per_second":	18964501.7129917,
			"sender":	true
		},
		"cpu_utilization_percent":	{
			"host_total":	0.19471198839298381,
			"host_user":	0,
			"host_system":	0.19471198839298381,
			"remote_total":	17.850315502735949,
			"remote_user":	0.34186845719893966,
			"remote_system":	17.508418156872381
		},
		"sender_tcp_congestion":	"cubic",
		"receiver_tcp_congestion":	"cubic"
	}
}
{
	"start":	{
		"connected":	[{
				"socket":	5,
				"local_host":	"192.168.1.48",
				"local_port":	34938,
				"remote_host":	"192.168.1.58",
				"remote_port":	5201
			}],
		"version":	"iperf 3.20",
		"system_info":	"Linux kuroi-washi 6.19.11+kali-amd64 #1 SMP PREEMPT_DYNAMIC Kali 6.19.11-1kali1 (2026-04-09) x86_64",
		"timestamp":	{
			"time":	"Thu, 23 Apr 2026 22:22:08 GMT",
			"timesecs":	1776982928,
			"timemillisecs":	1776982928474
		},
		"connecting_to":	{
			"host":	"192.168.1.58",
			"port":	5201
		},
		"cookie":	"6adce2qwtv3mol5spnlg5uob5a333pgsqeuk",
		"tcp_mss":	466,
		"target_bitrate":	0,
		"fq_rate":	0,
		"sock_bufsize":	0,
		"sndbuf_actual":	16384,
		"rcvbuf_actual":	131072,
		"test_start":	{
			"protocol":	"TCP",
			"num_streams":	1,
			"blksize":	131072,
			"omit":	0,
			"duration":	10,
			"bytes":	0,
			"blocks":	0,
			"reverse":	0,
			"tos":	0,
			"target_bitrate":	0,
			"bidir":	0,
			"fqrate":	0,
			"interval":	1
		}
	},
	"intervals":	[{
			"streams":	[{
					"socket":	5,
					"start":	0,
					"end":	1.001148,
					"seconds":	1.001147985458374,
					"bytes":	2621440,
					"bits_per_second":	20947472.606058557,
					"retransmits":	0,
					"snd_cwnd":	114862,
					"snd_wnd":	600640,
					"rtt":	36449,
					"rttvar":	5602,
					"pmtu":	1500,
					"reorder":	0,
					"omitted":	false,
					"sender":	true
				}],
			"sum":	{
				"start":	0,
				"end":	1.001148,
				"seconds":	1.001147985458374,
				"bytes":	2621440,
				"bits_per_second":	20947472.606058557,
				"retransmits":	0,
				"omitted":	false,
				"sender":	true
			}
		}, {
			"streams":	[{
					"socket":	5,
					"start":	1.001148,
					"end":	2.001153,
					"seconds":	1.0000050067901611,
					"bytes":	4456448,
					"bits_per_second":	35651405.5008937,
					"retransmits":	0,
					"snd_cwnd":	251970,
					"snd_wnd":	975680,
					"rtt":	87527,
					"rttvar":	5685,
					"pmtu":	1500,
					"reorder":	0,
					"omitted":	false,
					"sender":	true
				}],
			"sum":	{
				"start":	1.001148,
				"end":	2.001153,
				"seconds":	1.0000050067901611,
				"bytes":	4456448,
				"bits_per_second":	35651405.5008937,
				"retransmits":	0,
				"omitted":	false,
				"sender":	true
			}
		}, {
			"streams":	[{
					"socket":	5,
					"start":	2.001153,
					"end":	3.001141,
					"seconds":	0.9999880194664,
					"bytes":	3801088,
					"bits_per_second":	30409068.31686471,
					"retransmits":	0,
					"snd_cwnd":	395888,
					"snd_wnd":	981120,
					"rtt":	97067,
					"rttvar":	5365,
					"pmtu":	1500,
					"reorder":	0,
					"omitted":	false,
					"sender":	true
				}],
			"sum":	{
				"start":	2.001153,
				"end":	3.001141,
				"seconds":	0.9999880194664,
				"bytes":	3801088,
				"bits_per_second":	30409068.31686471,
				"retransmits":	0,
				"omitted":	false,
				"sender":	true
			}
		}, {
			"streams":	[{
					"socket":	5,
					"start":	3.001141,
					"end":	4.001121,
					"seconds":	0.99997997283935547,
					"bytes":	3014656,
					"bits_per_second":	24117731.009673312,
					"retransmits":	0,
					"snd_cwnd":	511204,
					"snd_wnd":	981120,
					"rtt":	70367,
					"rttvar":	29958,
					"pmtu":	1500,
					"reorder":	0,
					"omitted":	false,
					"sender":	true
				}],
			"sum":	{
				"start":	3.001141,
				"end":	4.001121,
				"seconds":	0.99997997283935547,
				"bytes":	3014656,
				"bits_per_second":	24117731.009673312,
				"retransmits":	0,
				"omitted":	false,
				"sender":	true
			}
		}, {
			"streams":	[{
					"socket":	5,
					"start":	4.001121,
					"end":	5.001054,
					"seconds":	0.99993300437927246,
					"bytes":	1441792,
					"bits_per_second":	11535108.801774334,
					"retransmits":	0,
					"snd_cwnd":	635146,
					"snd_wnd":	981120,
					"rtt":	236706,
					"rttvar":	5366,
					"pmtu":	1500,
					"reorder":	0,
					"omitted":	false,
					"sender":	true
				}],
			"sum":	{
				"start":	4.001121,
				"end":	5.001054,
				"seconds":	0.99993300437927246,
				"bytes":	1441792,
				"bits_per_second":	11535108.801774334,
				"retransmits":	0,
				"omitted":	false,
				"sender":	true
			}
		}, {
			"streams":	[{
					"socket":	5,
					"start":	5.001054,
					"end":	6.001105,
					"seconds":	1.0000510215759277,
					"bytes":	3014656,
					"bits_per_second":	24116017.562778845,
					"retransmits":	0,
					"snd_cwnd":	771800,
					"snd_wnd":	982912,
					"rtt":	210657,
					"rttvar":	9561,
					"pmtu":	1500,
					"reorder":	0,
					"omitted":	false,
					"sender":	true
				}],
			"sum":	{
				"start":	5.001054,
				"end":	6.001105,
				"seconds":	1.0000510215759277,
				"bytes":	3014656,
				"bits_per_second":	24116017.562778845,
				"retransmits":	0,
				"omitted":	false,
				"sender":	true
			}
		}, {
			"streams":	[{
					"socket":	5,
					"start":	6.001105,
					"end":	7.001152,
					"seconds":	1.000046968460083,
					"bytes":	4456448,
					"bits_per_second":	35649909.578645,
					"retransmits":	0,
					"snd_cwnd":	956578,
					"snd_wnd":	983488,
					"rtt":	73314,
					"rttvar":	6937,
					"pmtu":	1500,
					"reorder":	0,
					"omitted":	false,
					"sender":	true
				}],
			"sum":	{
				"start":	6.001105,
				"end":	7.001152,
				"seconds":	1.000046968460083,
				"bytes":	4456448,
				"bits_per_second":	35649909.578645,
				"retransmits":	0,
				"omitted":	false,
				"sender":	true
			}
		}, {
			"streams":	[{
					"socket":	5,
					"start":	7.001152,
					"end":	8.00114,
					"seconds":	0.9999880194664,
					"bytes":	1703936,
					"bits_per_second":	13631651.314456595,
					"retransmits":	48,
					"snd_cwnd":	730486,
					"snd_wnd":	983488,
					"rtt":	61339,
					"rttvar":	17454,
					"pmtu":	1500,
					"reorder":	0,
					"omitted":	false,
					"sender":	true
				}],
			"sum":	{
				"start":	7.001152,
				"end":	8.00114,
				"seconds":	0.9999880194664,
				"bytes":	1703936,
				"bits_per_second":	13631651.314456595,
				"retransmits":	48,
				"omitted":	false,
				"sender":	true
			}
		}, {
			"streams":	[{
					"socket":	5,
					"start":	8.00114,
					"end":	9.001154,
					"seconds":	1.0000139474868774,
					"bytes":	4456448,
					"bits_per_second":	35651086.7569353,
					"retransmits":	0,
					"snd_cwnd":	799948,
					"snd_wnd":	983488,
					"rtt":	201597,
					"rttvar":	3298,
					"pmtu":	1500,
					"reorder":	0,
					"omitted":	false,
					"sender":	true
				}],
			"sum":	{
				"start":	8.00114,
				"end":	9.001154,
				"seconds":	1.0000139474868774,
				"bytes":	4456448,
				"bits_per_second":	35651086.7569353,
				"retransmits":	0,
				"omitted":	false,
				"sender":	true
			}
		}, {
			"streams":	[{
					"socket":	5,
					"start":	9.001154,
					"end":	10.002035,
					"seconds":	1.00088095664978,
					"bytes":	3145728,
					"bits_per_second":	25143673.513618276,
					"retransmits":	0,
					"snd_cwnd":	861692,
					"snd_wnd":	983488,
					"rtt":	111469,
					"rttvar":	6890,
					"pmtu":	1500,
					"reorder":	0,
					"omitted":	false,
					"sender":	true
				}],
			"sum":	{
				"start":	9.001154,
				"end":	10.002035,
				"seconds":	1.00088095664978,
				"bytes":	3145728,
				"bits_per_second":	25143673.513618276,
				"retransmits":	0,
				"omitted":	false,
				"sender":	true
			}
		}],
	"end":	{
		"streams":	[{
				"sender":	{
					"socket":	5,
					"start":	0,
					"end":	10.002035,
					"seconds":	10.002035,
					"bytes":	32112640,
					"bits_per_second":	25684885.125876885,
					"retransmits":	48,
					"reorder":	0,
					"max_snd_cwnd":	956578,
					"max_snd_wnd":	983488,
					"max_rtt":	236706,
					"min_rtt":	36449,
					"mean_rtt":	118649,
					"sender":	true
				},
				"receiver":	{
					"socket":	5,
					"start":	0,
					"end":	10.227032,
					"seconds":	10.002035,
					"bytes":	28180480,
					"bits_per_second":	22043916.553698082,
					"sender":	true
				}
			}],
		"sum_sent":	{
			"start":	0,
			"end":	10.002035,
			"seconds":	10.002035,
			"bytes":	32112640,
			"bits_per_second":	25684885.125876885,
			"retransmits":	48,
			"sender":	true
		},
		"sum_received":	{
			"start":	0,
			"end":	10.227032,
			"seconds":	10.227032,
			"bytes":	28180480,
			"bits_per_second":	22043916.553698082,
			"sender":	true
		},
		"cpu_utilization_percent":	{
			"host_total":	0.28412131107567351,
			"host_user":	0,
			"host_system":	0.28412131107567351,
			"remote_total":	17.757007889748781,
			"remote_user":	0.4623954043036162,
			"remote_system":	17.294631960055238
		},
		"sender_tcp_congestion":	"cubic",
		"receiver_tcp_congestion":	"cubic"
	}
}
{
	"start":	{
		"connected":	[{
				"socket":	5,
				"local_host":	"192.168.1.48",
				"local_port":	44712,
				"remote_host":	"192.168.1.58",
				"remote_port":	5201
			}],
		"version":	"iperf 3.20",
		"system_info":	"Linux kuroi-washi 6.19.11+kali-amd64 #1 SMP PREEMPT_DYNAMIC Kali 6.19.11-1kali1 (2026-04-09) x86_64",
		"timestamp":	{
			"time":	"Thu, 23 Apr 2026 22:22:18 GMT",
			"timesecs":	1776982938,
			"timemillisecs":	1776982938909
		},
		"connecting_to":	{
			"host":	"192.168.1.58",
			"port":	5201
		},
		"cookie":	"kj3rxw5ajhwfewcorbwa3wzocpf5eu2mg5qm",
		"tcp_mss":	466,
		"target_bitrate":	0,
		"fq_rate":	0,
		"sock_bufsize":	0,
		"sndbuf_actual":	16384,
		"rcvbuf_actual":	131072,
		"test_start":	{
			"protocol":	"TCP",
			"num_streams":	1,
			"blksize":	131072,
			"omit":	0,
			"duration":	10,
			"bytes":	0,
			"blocks":	0,
			"reverse":	0,
			"tos":	0,
			"target_bitrate":	0,
			"bidir":	0,
			"fqrate":	0,
			"interval":	1
		}
	},
	"intervals":	[{
			"streams":	[{
					"socket":	5,
					"start":	0,
					"end":	1.001154,
					"seconds":	1.0011539459228516,
					"bytes":	4456448,
					"bits_per_second":	35610491.418616749,
					"retransmits":	0,
					"snd_cwnd":	199760,
					"snd_wnd":	968576,
					"rtt":	47361,
					"rttvar":	4049,
					"pmtu":	1500,
					"reorder":	0,
					"omitted":	false,
					"sender":	true
				}],
			"sum":	{
				"start":	0,
				"end":	1.001154,
				"seconds":	1.0011539459228516,
				"bytes":	4456448,
				"bits_per_second":	35610491.418616749,
				"retransmits":	0,
				"omitted":	false,
				"sender":	true
			}
		}, {
			"streams":	[{
					"socket":	5,
					"start":	1.001154,
					"end":	2.001146,
					"seconds":	0.9999920129776,
					"bytes":	4980736,
					"bits_per_second":	39846206.2525419,
					"retransmits":	0,
					"snd_cwnd":	378182,
					"snd_wnd":	970368,
					"rtt":	39022,
					"rttvar":	501,
					"pmtu":	1500,
					"reorder":	0,
					"omitted":	false,
					"sender":	true
				}],
			"sum":	{
				"start":	1.001154,
				"end":	2.001146,
				"seconds":	0.9999920129776,
				"bytes":	4980736,
				"bits_per_second":	39846206.2525419,
				"retransmits":	0,
				"omitted":	false,
				"sender":	true
			}
		}, {
			"streams":	[{
					"socket":	5,
					"start":	2.001146,
					"end":	3.001133,
					"seconds":	0.999987006187439,
					"bytes":	4325376,
					"bits_per_second":	34603457.630842417,
					"retransmits":	0,
					"snd_cwnd":	545254,
					"snd_wnd":	970368,
					"rtt":	150117,
					"rttvar":	58719,
					"pmtu":	1500,
					"reorder":	0,
					"omitted":	false,
					"sender":	true
				}],
			"sum":	{
				"start":	2.001146,
				"end":	3.001133,
				"seconds":	0.999987006187439,
				"bytes":	4325376,
				"bits_per_second":	34603457.630842417,
				"retransmits":	0,
				"omitted":	false,
				"sender":	true
			}
		}, {
			"streams":	[{
					"socket":	5,
					"start":	3.001133,
					"end":	4.001152,
					"seconds":	1.0000189542770386,
					"bytes":	2883584,
					"bits_per_second":	23068234.7582876,
					"retransmits":	0,
					"snd_cwnd":	690080,
					"snd_wnd":	970368,
					"rtt":	162246,
					"rttvar":	16085,
					"pmtu":	1500,
					"reorder":	0,
					"omitted":	false,
					"sender":	true
				}],
			"sum":	{
				"start":	3.001133,
				"end":	4.001152,
				"seconds":	1.0000189542770386,
				"bytes":	2883584,
				"bits_per_second":	23068234.7582876,
				"retransmits":	0,
				"omitted":	false,
				"sender":	true
			}
		}, {
			"streams":	[{
					"socket":	5,
					"start":	4.001152,
					"end":	5.001085,
					"seconds":	0.99993300437927246,
					"bytes":	1572864,
					"bits_per_second":	12583755.056481093,
					"retransmits":	0,
					"snd_cwnd":	808120,
					"snd_wnd":	972224,
					"rtt":	193883,
					"rttvar":	7580,
					"pmtu":	1500,
					"reorder":	0,
					"omitted":	false,
					"sender":	true
				}],
			"sum":	{
				"start":	4.001152,
				"end":	5.001085,
				"seconds":	0.99993300437927246,
				"bytes":	1572864,
				"bits_per_second":	12583755.056481093,
				"retransmits":	0,
				"omitted":	false,
				"sender":	true
			}
		}, {
			"streams":	[{
					"socket":	5,
					"start":	5.001085,
					"end":	6.001117,
					"seconds":	1.0000319480895996,
					"bytes":	3014656,
					"bits_per_second":	24116477.524615217,
					"retransmits":	0,
					"snd_cwnd":	974284,
					"snd_wnd":	972224,
					"rtt":	71110,
					"rttvar":	12801,
					"pmtu":	1500,
					"reorder":	0,
					"omitted":	false,
					"sender":	true
				}],
			"sum":	{
				"start":	5.001085,
				"end":	6.001117,
				"seconds":	1.0000319480895996,
				"bytes":	3014656,
				"bits_per_second":	24116477.524615217,
				"retransmits":	0,
				"omitted":	false,
				"sender":	true
			}
		}, {
			"streams":	[{
					"socket":	5,
					"start":	6.001117,
					"end":	7.001142,
					"seconds":	1.0000250339508057,
					"bytes":	3670016,
					"bits_per_second":	29359393.018399492,
					"retransmits":	1,
					"snd_cwnd":	736388,
					"snd_wnd":	968896,
					"rtt":	72911,
					"rttvar":	3499,
					"pmtu":	1500,
					"reorder":	0,
					"omitted":	false,
					"sender":	true
				}],
			"sum":	{
				"start":	6.001117,
				"end":	7.001142,
				"seconds":	1.0000250339508057,
				"bytes":	3670016,
				"bits_per_second":	29359393.018399492,
				"retransmits":	1,
				"omitted":	false,
				"sender":	true
			}
		}, {
			"streams":	[{
					"socket":	5,
					"start":	7.001142,
					"end":	8.001135,
					"seconds":	0.99999302625656128,
					"bytes":	2097152,
					"bits_per_second":	16777333.000815935,
					"retransmits":	0,
					"snd_cwnd":	794954,
					"snd_wnd":	968896,
					"rtt":	129609,
					"rttvar":	16066,
					"pmtu":	1500,
					"reorder":	0,
					"omitted":	false,
					"sender":	true
				}],
			"sum":	{
				"start":	7.001142,
				"end":	8.001135,
				"seconds":	0.99999302625656128,
				"bytes":	2097152,
				"bits_per_second":	16777333.000815935,
				"retransmits":	0,
				"omitted":	false,
				"sender":	true
			}
		}, {
			"streams":	[{
					"socket":	5,
					"start":	8.001135,
					"end":	9.001151,
					"seconds":	1.0000159740448,
					"bytes":	2883584,
					"bits_per_second":	23068303.505886342,
					"retransmits":	0,
					"snd_cwnd":	844440,
					"snd_wnd":	968896,
					"rtt":	52409,
					"rttvar":	22881,
					"pmtu":	1500,
					"reorder":	0,
					"omitted":	false,
					"sender":	true
				}],
			"sum":	{
				"start":	8.001135,
				"end":	9.001151,
				"seconds":	1.0000159740448,
				"bytes":	2883584,
				"bits_per_second":	23068303.505886342,
				"retransmits":	0,
				"omitted":	false,
				"sender":	true
			}
		}, {
			"streams":	[{
					"socket":	5,
					"start":	9.001151,
					"end":	10.002146,
					"seconds":	1.0009950399398804,
					"bytes":	3276800,
					"bits_per_second":	26188341.554194346,
					"retransmits":	0,
					"snd_cwnd":	898920,
					"snd_wnd":	970240,
					"rtt":	151855,
					"rttvar":	11020,
					"pmtu":	1500,
					"reorder":	0,
					"omitted":	false,
					"sender":	true
				}],
			"sum":	{
				"start":	9.001151,
				"end":	10.002146,
				"seconds":	1.0009950399398804,
				"bytes":	3276800,
				"bits_per_second":	26188341.554194346,
				"retransmits":	0,
				"omitted":	false,
				"sender":	true
			}
		}],
	"end":	{
		"streams":	[{
				"sender":	{
					"socket":	5,
					"start":	0,
					"end":	10.002146,
					"seconds":	10.002146,
					"bytes":	33161216,
					"bits_per_second":	26523280.90391802,
					"retransmits":	1,
					"reorder":	0,
					"max_snd_cwnd":	974284,
					"max_snd_wnd":	972224,
					"max_rtt":	193883,
					"min_rtt":	39022,
					"mean_rtt":	107052,
					"sender":	true
				},
				"receiver":	{
					"socket":	5,
					"start":	0,
					"end":	10.230338,
					"seconds":	10.002146,
					"bytes":	28835840,
					"bits_per_second":	22549276.475518208,
					"sender":	true
				}
			}],
		"sum_sent":	{
			"start":	0,
			"end":	10.002146,
			"seconds":	10.002146,
			"bytes":	33161216,
			"bits_per_second":	26523280.90391802,
			"retransmits":	1,
			"sender":	true
		},
		"sum_received":	{
			"start":	0,
			"end":	10.230338,
			"seconds":	10.230338,
			"bytes":	28835840,
			"bits_per_second":	22549276.475518208,
			"sender":	true
		},
		"cpu_utilization_percent":	{
			"host_total":	0.31301487449147875,
			"host_user":	0.039170332219466343,
			"host_system":	0.27383460560731954,
			"remote_total":	16.5284583912399,
			"remote_user":	0.097764948413461422,
			"remote_system":	16.430712914037038
		},
		"sender_tcp_congestion":	"cubic",
		"receiver_tcp_congestion":	"cubic"
	}
}
{
	"start":	{
		"connected":	[{
				"socket":	5,
				"local_host":	"192.168.1.48",
				"local_port":	43396,
				"remote_host":	"192.168.1.58",
				"remote_port":	5201
			}],
		"version":	"iperf 3.20",
		"system_info":	"Linux kuroi-washi 6.19.11+kali-amd64 #1 SMP PREEMPT_DYNAMIC Kali 6.19.11-1kali1 (2026-04-09) x86_64",
		"timestamp":	{
			"time":	"Thu, 23 Apr 2026 22:22:29 GMT",
			"timesecs":	1776982949,
			"timemillisecs":	1776982949433
		},
		"connecting_to":	{
			"host":	"192.168.1.58",
			"port":	5201
		},
		"cookie":	"55lbq3ovkgioelovwwwqs2wb75767xk5mpmp",
		"tcp_mss":	466,
		"target_bitrate":	0,
		"fq_rate":	0,
		"sock_bufsize":	0,
		"sndbuf_actual":	16384,
		"rcvbuf_actual":	131072,
		"test_start":	{
			"protocol":	"TCP",
			"num_streams":	1,
			"blksize":	131072,
			"omit":	0,
			"duration":	10,
			"bytes":	0,
			"blocks":	0,
			"reverse":	0,
			"tos":	0,
			"target_bitrate":	0,
			"bidir":	0,
			"fqrate":	0,
			"interval":	1
		}
	},
	"intervals":	[{
			"streams":	[{
					"socket":	5,
					"start":	0,
					"end":	1.00111,
					"seconds":	1.0011099576950073,
					"bytes":	4063232,
					"bits_per_second":	32469815.878010731,
					"retransmits":	0,
					"snd_cwnd":	151636,
					"snd_wnd":	570688,
					"rtt":	38591,
					"rttvar":	21469,
					"pmtu":	1500,
					"reorder":	0,
					"omitted":	false,
					"sender":	true
				}],
			"sum":	{
				"start":	0,
				"end":	1.00111,
				"seconds":	1.0011099576950073,
				"bytes":	4063232,
				"bits_per_second":	32469815.878010731,
				"retransmits":	0,
				"omitted":	false,
				"sender":	true
			}
		}, {
			"streams":	[{
					"socket":	5,
					"start":	1.00111,
					"end":	2.00115,
					"seconds":	1.0000400543212891,
					"bytes":	5242880,
					"bits_per_second":	41941360.067288563,
					"retransmits":	0,
					"snd_cwnd":	318254,
					"snd_wnd":	971136,
					"rtt":	103423,
					"rttvar":	12953,
					"pmtu":	1500,
					"reorder":	0,
					"omitted":	false,
					"sender":	true
				}],
			"sum":	{
				"start":	1.00111,
				"end":	2.00115,
				"seconds":	1.0000400543212891,
				"bytes":	5242880,
				"bits_per_second":	41941360.067288563,
				"retransmits":	0,
				"omitted":	false,
				"sender":	true
			}
		}, {
			"streams":	[{
					"socket":	5,
					"start":	2.00115,
					"end":	3.001111,
					"seconds":	0.999961018562317,
					"bytes":	2752512,
					"bits_per_second":	22020954.408462,
					"retransmits":	0,
					"snd_cwnd":	449914,
					"snd_wnd":	971136,
					"rtt":	130967,
					"rttvar":	57985,
					"pmtu":	1500,
					"reorder":	0,
					"omitted":	false,
					"sender":	true
				}],
			"sum":	{
				"start":	2.00115,
				"end":	3.001111,
				"seconds":	0.999961018562317,
				"bytes":	2752512,
				"bits_per_second":	22020954.408462,
				"retransmits":	0,
				"omitted":	false,
				"sender":	true
			}
		}, {
			"streams":	[{
					"socket":	5,
					"start":	3.001111,
					"end":	4.000155,
					"seconds":	0.99904400110244751,
					"bytes":	3014656,
					"bits_per_second":	24140326.125162214,
					"retransmits":	0,
					"snd_cwnd":	563414,
					"snd_wnd":	972928,
					"rtt":	215928,
					"rttvar":	3168,
					"pmtu":	1500,
					"reorder":	0,
					"omitted":	false,
					"sender":	true
				}],
			"sum":	{
				"start":	3.001111,
				"end":	4.000155,
				"seconds":	0.99904400110244751,
				"bytes":	3014656,
				"bits_per_second":	24140326.125162214,
				"retransmits":	0,
				"omitted":	false,
				"sender":	true
			}
		}, {
			"streams":	[{
					"socket":	5,
					"start":	4.000155,
					"end":	5.001146,
					"seconds":	1.0009909868240356,
					"bytes":	3145728,
					"bits_per_second":	25140909.689753186,
					"retransmits":	0,
					"snd_cwnd":	729124,
					"snd_wnd":	983872,
					"rtt":	136566,
					"rttvar":	8660,
					"pmtu":	1500,
					"reorder":	0,
					"omitted":	false,
					"sender":	true
				}],
			"sum":	{
				"start":	4.000155,
				"end":	5.001146,
				"seconds":	1.0009909868240356,
				"bytes":	3145728,
				"bits_per_second":	25140909.689753186,
				"retransmits":	0,
				"omitted":	false,
				"sender":	true
			}
		}, {
			"streams":	[{
					"socket":	5,
					"start":	5.001146,
					"end":	6.000145,
					"seconds":	0.998998999595642,
					"bytes":	3276800,
					"bits_per_second":	26240666.918195736,
					"retransmits":	0,
					"snd_cwnd":	879398,
					"snd_wnd":	983872,
					"rtt":	55865,
					"rttvar":	18787,
					"pmtu":	1500,
					"reorder":	0,
					"omitted":	false,
					"sender":	true
				}],
			"sum":	{
				"start":	5.001146,
				"end":	6.000145,
				"seconds":	0.998998999595642,
				"bytes":	3276800,
				"bits_per_second":	26240666.918195736,
				"retransmits":	0,
				"omitted":	false,
				"sender":	true
			}
		}, {
			"streams":	[{
					"socket":	5,
					"start":	6.000145,
					"end":	7.00111,
					"seconds":	1.0009649991989136,
					"bytes":	1703936,
					"bits_per_second":	13618346.306723485,
					"retransmits":	0,
					"snd_cwnd":	1017414,
					"snd_wnd":	983872,
					"rtt":	223533,
					"rttvar":	2538,
					"pmtu":	1500,
					"reorder":	0,
					"omitted":	false,
					"sender":	true
				}],
			"sum":	{
				"start":	6.000145,
				"end":	7.00111,
				"seconds":	1.0009649991989136,
				"bytes":	1703936,
				"bits_per_second":	13618346.306723485,
				"retransmits":	0,
				"omitted":	false,
				"sender":	true
			}
		}, {
			"streams":	[{
					"socket":	5,
					"start":	7.00111,
					"end":	8.000188,
					"seconds":	0.99907797574996948,
					"bytes":	3670016,
					"bits_per_second":	29387223.732922826,
					"retransmits":	0,
					"snd_cwnd":	1029672,
					"snd_wnd":	985664,
					"rtt":	81688,
					"rttvar":	61669,
					"pmtu":	1500,
					"reorder":	0,
					"omitted":	false,
					"sender":	true
				}],
			"sum":	{
				"start":	7.00111,
				"end":	8.000188,
				"seconds":	0.99907797574996948,
				"bytes":	3670016,
				"bits_per_second":	29387223.732922826,
				"retransmits":	0,
				"omitted":	false,
				"sender":	true
			}
		}, {
			"streams":	[{
					"socket":	5,
					"start":	8.000188,
					"end":	9.000187,
					"seconds":	0.99999898672103882,
					"bytes":	2097152,
					"bits_per_second":	16777233.000017226,
					"retransmits":	1,
					"snd_cwnd":	1029672,
					"snd_wnd":	985664,
					"rtt":	61203,
					"rttvar":	23652,
					"pmtu":	1500,
					"reorder":	0,
					"omitted":	false,
					"sender":	true
				}],
			"sum":	{
				"start":	8.000188,
				"end":	9.000187,
				"seconds":	0.99999898672103882,
				"bytes":	2097152,
				"bits_per_second":	16777233.000017226,
				"retransmits":	1,
				"omitted":	false,
				"sender":	true
			}
		}, {
			"streams":	[{
					"socket":	5,
					"start":	9.000187,
					"end":	10.001121,
					"seconds":	1.0009340047836304,
					"bytes":	1572864,
					"bits_per_second":	12571170.466648318,
					"retransmits":	117,
					"snd_cwnd":	732756,
					"snd_wnd":	985664,
					"rtt":	182881,
					"rttvar":	9498,
					"pmtu":	1500,
					"reorder":	0,
					"omitted":	false,
					"sender":	true
				}],
			"sum":	{
				"start":	9.000187,
				"end":	10.001121,
				"seconds":	1.0009340047836304,
				"bytes":	1572864,
				"bits_per_second":	12571170.466648318,
				"retransmits":	117,
				"omitted":	false,
				"sender":	true
			}
		}],
	"end":	{
		"streams":	[{
				"sender":	{
					"socket":	5,
					"start":	0,
					"end":	10.001121,
					"seconds":	10.001121,
					"bytes":	30539776,
					"bits_per_second":	24429082.299874187,
					"retransmits":	118,
					"reorder":	0,
					"max_snd_cwnd":	1029672,
					"max_snd_wnd":	985664,
					"max_rtt":	223533,
					"min_rtt":	38591,
					"mean_rtt":	123064,
					"sender":	true
				},
				"receiver":	{
					"socket":	5,
					"start":	0,
					"end":	10.127474,
					"seconds":	10.001121,
					"bytes":	27000832,
					"bits_per_second":	21328779.121032551,
					"sender":	true
				}
			}],
		"sum_sent":	{
			"start":	0,
			"end":	10.001121,
			"seconds":	10.001121,
			"bytes":	30539776,
			"bits_per_second":	24429082.299874187,
			"retransmits":	118,
			"sender":	true
		},
		"sum_received":	{
			"start":	0,
			"end":	10.127474,
			"seconds":	10.127474,
			"bytes":	27000832,
			"bits_per_second":	21328779.121032551,
			"sender":	true
		},
		"cpu_utilization_percent":	{
			"host_total":	0.24711409482696495,
			"host_user":	0,
			"host_system":	0.24710415499772129,
			"remote_total":	15.764575519107678,
			"remote_user":	0.27809322442872159,
			"remote_system":	15.486482294678957
		},
		"sender_tcp_congestion":	"cubic",
		"receiver_tcp_congestion":	"cubic"
	}
}
{
	"start":	{
		"connected":	[{
				"socket":	5,
				"local_host":	"192.168.1.48",
				"local_port":	57160,
				"remote_host":	"192.168.1.58",
				"remote_port":	5201
			}],
		"version":	"iperf 3.20",
		"system_info":	"Linux kuroi-washi 6.19.11+kali-amd64 #1 SMP PREEMPT_DYNAMIC Kali 6.19.11-1kali1 (2026-04-09) x86_64",
		"timestamp":	{
			"time":	"Thu, 23 Apr 2026 22:22:39 GMT",
			"timesecs":	1776982959,
			"timemillisecs":	1776982959748
		},
		"connecting_to":	{
			"host":	"192.168.1.58",
			"port":	5201
		},
		"cookie":	"32hp4wycyx7qgbxyz6vnh3vcwp4sqn3swwiv",
		"tcp_mss":	466,
		"target_bitrate":	0,
		"fq_rate":	0,
		"sock_bufsize":	0,
		"sndbuf_actual":	16384,
		"rcvbuf_actual":	131072,
		"test_start":	{
			"protocol":	"TCP",
			"num_streams":	1,
			"blksize":	131072,
			"omit":	0,
			"duration":	10,
			"bytes":	0,
			"blocks":	0,
			"reverse":	0,
			"tos":	0,
			"target_bitrate":	0,
			"bidir":	0,
			"fqrate":	0,
			"interval":	1
		}
	},
	"intervals":	[{
			"streams":	[{
					"socket":	5,
					"start":	0,
					"end":	1.000253,
					"seconds":	1.0002529621124268,
					"bytes":	4325376,
					"bits_per_second":	34594256.963680632,
					"retransmits":	0,
					"snd_cwnd":	155268,
					"snd_wnd":	928704,
					"rtt":	32506,
					"rttvar":	15349,
					"pmtu":	1500,
					"reorder":	0,
					"omitted":	false,
					"sender":	true
				}],
			"sum":	{
				"start":	0,
				"end":	1.000253,
				"seconds":	1.0002529621124268,
				"bytes":	4325376,
				"bits_per_second":	34594256.963680632,
				"retransmits":	0,
				"omitted":	false,
				"sender":	true
			}
		}, {
			"streams":	[{
					"socket":	5,
					"start":	1.000253,
					"end":	2.000174,
					"seconds":	0.99992102384567261,
					"bytes":	3276800,
					"bits_per_second":	26216470.476018235,
					"retransmits":	0,
					"snd_cwnd":	283750,
					"snd_wnd":	976000,
					"rtt":	54368,
					"rttvar":	7345,
					"pmtu":	1500,
					"reorder":	0,
					"omitted":	false,
					"sender":	true
				}],
			"sum":	{
				"start":	1.000253,
				"end":	2.000174,
				"seconds":	0.99992102384567261,
				"bytes":	3276800,
				"bits_per_second":	26216470.476018235,
				"retransmits":	0,
				"omitted":	false,
				"sender":	true
			}
		}, {
			"streams":	[{
					"socket":	5,
					"start":	2.000174,
					"end":	3.000173,
					"seconds":	0.99999898672103882,
					"bytes":	4980736,
					"bits_per_second":	39845928.3750409,
					"retransmits":	0,
					"snd_cwnd":	439926,
					"snd_wnd":	976000,
					"rtt":	71399,
					"rttvar":	3706,
					"pmtu":	1500,
					"reorder":	0,
					"omitted":	false,
					"sender":	true
				}],
			"sum":	{
				"start":	2.000174,
				"end":	3.000173,
				"seconds":	0.99999898672103882,
				"bytes":	4980736,
				"bits_per_second":	39845928.3750409,
				"retransmits":	0,
				"omitted":	false,
				"sender":	true
			}
		}, {
			"streams":	[{
					"socket":	5,
					"start":	3.000173,
					"end":	4.000159,
					"seconds":	0.99998599290847778,
					"bytes":	2883584,
					"bits_per_second":	23068995.1295261,
					"retransmits":	0,
					"snd_cwnd":	592470,
					"snd_wnd":	976000,
					"rtt":	92921,
					"rttvar":	10616,
					"pmtu":	1500,
					"reorder":	0,
					"omitted":	false,
					"sender":	true
				}],
			"sum":	{
				"start":	3.000173,
				"end":	4.000159,
				"seconds":	0.99998599290847778,
				"bytes":	2883584,
				"bits_per_second":	23068995.1295261,
				"retransmits":	0,
				"omitted":	false,
				"sender":	true
			}
		}, {
			"streams":	[{
					"socket":	5,
					"start":	4.000159,
					"end":	5.001067,
					"seconds":	1.0009080171585083,
					"bytes":	3014656,
					"bits_per_second":	24095368.991515115,
					"retransmits":	0,
					"snd_cwnd":	753186,
					"snd_wnd":	979648,
					"rtt":	191067,
					"rttvar":	7994,
					"pmtu":	1500,
					"reorder":	0,
					"omitted":	false,
					"sender":	true
				}],
			"sum":	{
				"start":	4.000159,
				"end":	5.001067,
				"seconds":	1.0009080171585083,
				"bytes":	3014656,
				"bits_per_second":	24095368.991515115,
				"retransmits":	0,
				"omitted":	false,
				"sender":	true
			}
		}, {
			"streams":	[{
					"socket":	5,
					"start":	5.001067,
					"end":	6.001084,
					"seconds":	1.0000170469284058,
					"bytes":	3276800,
					"bits_per_second":	26213953.132617716,
					"retransmits":	0,
					"snd_cwnd":	892110,
					"snd_wnd":	964736,
					"rtt":	306713,
					"rttvar":	37542,
					"pmtu":	1500,
					"reorder":	0,
					"omitted":	false,
					"sender":	true
				}],
			"sum":	{
				"start":	5.001067,
				"end":	6.001084,
				"seconds":	1.0000170469284058,
				"bytes":	3276800,
				"bits_per_second":	26213953.132617716,
				"retransmits":	0,
				"omitted":	false,
				"sender":	true
			}
		}, {
			"streams":	[{
					"socket":	5,
					"start":	6.001084,
					"end":	7.000165,
					"seconds":	0.999081015586853,
					"bytes":	2097152,
					"bits_per_second":	16792648.181934658,
					"retransmits":	154,
					"snd_cwnd":	421312,
					"snd_wnd":	981440,
					"rtt":	106876,
					"rttvar":	3949,
					"pmtu":	1500,
					"reorder":	0,
					"omitted":	false,
					"sender":	true
				}],
			"sum":	{
				"start":	6.001084,
				"end":	7.000165,
				"seconds":	0.999081015586853,
				"bytes":	2097152,
				"bits_per_second":	16792648.181934658,
				"retransmits":	154,
				"omitted":	false,
				"sender":	true
			}
		}, {
			"streams":	[{
					"socket":	5,
					"start":	7.000165,
					"end":	8.000131,
					"seconds":	0.999966025352478,
					"bytes":	2883584,
					"bits_per_second":	23069455.776628535,
					"retransmits":	0,
					"snd_cwnd":	499854,
					"snd_wnd":	981440,
					"rtt":	75814,
					"rttvar":	38754,
					"pmtu":	1500,
					"reorder":	0,
					"omitted":	false,
					"sender":	true
				}],
			"sum":	{
				"start":	7.000165,
				"end":	8.000131,
				"seconds":	0.999966025352478,
				"bytes":	2883584,
				"bits_per_second":	23069455.776628535,
				"retransmits":	0,
				"omitted":	false,
				"sender":	true
			}
		}, {
			"streams":	[{
					"socket":	5,
					"start":	8.000131,
					"end":	9.000239,
					"seconds":	1.000108003616333,
					"bytes":	3145728,
					"bits_per_second":	25163106.293522127,
					"retransmits":	0,
					"snd_cwnd":	520738,
					"snd_wnd":	981440,
					"rtt":	72219,
					"rttvar":	15609,
					"pmtu":	1500,
					"reorder":	0,
					"omitted":	false,
					"sender":	true
				}],
			"sum":	{
				"start":	8.000131,
				"end":	9.000239,
				"seconds":	1.000108003616333,
				"bytes":	3145728,
				"bits_per_second":	25163106.293522127,
				"retransmits":	0,
				"omitted":	false,
				"sender":	true
			}
		}, {
			"streams":	[{
					"socket":	5,
					"start":	9.000239,
					"end":	10.000497,
					"seconds":	1.0002579689025879,
					"bytes":	2752512,
					"bits_per_second":	22014416.965014424,
					"retransmits":	0,
					"snd_cwnd":	541622,
					"snd_wnd":	981440,
					"rtt":	141351,
					"rttvar":	3774,
					"pmtu":	1500,
					"reorder":	0,
					"omitted":	false,
					"sender":	true
				}],
			"sum":	{
				"start":	9.000239,
				"end":	10.000497,
				"seconds":	1.0002579689025879,
				"bytes":	2752512,
				"bits_per_second":	22014416.965014424,
				"retransmits":	0,
				"omitted":	false,
				"sender":	true
			}
		}],
	"end":	{
		"streams":	[{
				"sender":	{
					"socket":	5,
					"start":	0,
					"end":	10.000497,
					"seconds":	10.000497,
					"bytes":	32636928,
					"bits_per_second":	26108244.820232436,
					"retransmits":	154,
					"reorder":	0,
					"max_snd_cwnd":	892110,
					"max_snd_wnd":	981440,
					"max_rtt":	306713,
					"min_rtt":	32506,
					"mean_rtt":	114523,
					"sender":	true
				},
				"receiver":	{
					"socket":	5,
					"start":	0,
					"end":	10.170288,
					"seconds":	10.000497,
					"bytes":	28835840,
					"bits_per_second":	22682417.646383271,
					"sender":	true
				}
			}],
		"sum_sent":	{
			"start":	0,
			"end":	10.000497,
			"seconds":	10.000497,
			"bytes":	32636928,
			"bits_per_second":	26108244.820232436,
			"retransmits":	154,
			"sender":	true
		},
		"sum_received":	{
			"start":	0,
			"end":	10.170288,
			"seconds":	10.170288,
			"bytes":	28835840,
			"bits_per_second":	22682417.646383271,
			"sender":	true
		},
		"cpu_utilization_percent":	{
			"host_total":	0.19561563238580273,
			"host_user":	0,
			"host_system":	0.19559574466392532,
			"remote_total":	16.417257880419957,
			"remote_user":	0.16767778513281137,
			"remote_system":	16.249599688391271
		},
		"sender_tcp_congestion":	"cubic",
		"receiver_tcp_congestion":	"cubic"
	}
}
{
	"start":	{
		"connected":	[{
				"socket":	5,
				"local_host":	"192.168.1.48",
				"local_port":	37986,
				"remote_host":	"192.168.1.58",
				"remote_port":	5201
			}],
		"version":	"iperf 3.20",
		"system_info":	"Linux kuroi-washi 6.19.11+kali-amd64 #1 SMP PREEMPT_DYNAMIC Kali 6.19.11-1kali1 (2026-04-09) x86_64",
		"timestamp":	{
			"time":	"Thu, 23 Apr 2026 22:22:50 GMT",
			"timesecs":	1776982970,
			"timemillisecs":	1776982970055
		},
		"connecting_to":	{
			"host":	"192.168.1.58",
			"port":	5201
		},
		"cookie":	"djzkvihgewaskeow7v7fhvaj7lpbwsn3lvai",
		"tcp_mss":	466,
		"target_bitrate":	0,
		"fq_rate":	0,
		"sock_bufsize":	0,
		"sndbuf_actual":	16384,
		"rcvbuf_actual":	131072,
		"test_start":	{
			"protocol":	"TCP",
			"num_streams":	1,
			"blksize":	131072,
			"omit":	0,
			"duration":	10,
			"bytes":	0,
			"blocks":	0,
			"reverse":	0,
			"tos":	0,
			"target_bitrate":	0,
			"bidir":	0,
			"fqrate":	0,
			"interval":	1
		}
	},
	"intervals":	[{
			"streams":	[{
					"socket":	5,
					"start":	0,
					"end":	1.000284,
					"seconds":	1.00028395652771,
					"bytes":	4325376,
					"bits_per_second":	34593185.0392938,
					"retransmits":	0,
					"snd_cwnd":	181600,
					"snd_wnd":	968448,
					"rtt":	39925,
					"rttvar":	6368,
					"pmtu":	1500,
					"reorder":	0,
					"omitted":	false,
					"sender":	true
				}],
			"sum":	{
				"start":	0,
				"end":	1.000284,
				"seconds":	1.00028395652771,
				"bytes":	4325376,
				"bits_per_second":	34593185.0392938,
				"retransmits":	0,
				"omitted":	false,
				"sender":	true
			}
		}, {
			"streams":	[{
					"socket":	5,
					"start":	1.000284,
					"end":	2.00032,
					"seconds":	1.0000360012054443,
					"bytes":	4718592,
					"bits_per_second":	37747377.04892388,
					"retransmits":	0,
					"snd_cwnd":	354574,
					"snd_wnd":	968448,
					"rtt":	78046,
					"rttvar":	24444,
					"pmtu":	1500,
					"reorder":	0,
					"omitted":	false,
					"sender":	true
				}],
			"sum":	{
				"start":	1.000284,
				"end":	2.00032,
				"seconds":	1.0000360012054443,
				"bytes":	4718592,
				"bits_per_second":	37747377.04892388,
				"retransmits":	0,
				"omitted":	false,
				"sender":	true
			}
		}, {
			"streams":	[{
					"socket":	5,
					"start":	2.00032,
					"end":	3.000234,
					"seconds":	0.999913990497589,
					"bytes":	3276800,
					"bits_per_second":	26216654.881441232,
					"retransmits":	0,
					"snd_cwnd":	508026,
					"snd_wnd":	970240,
					"rtt":	70409,
					"rttvar":	21575,
					"pmtu":	1500,
					"reorder":	0,
					"omitted":	false,
					"sender":	true
				}],
			"sum":	{
				"start":	2.00032,
				"end":	3.000234,
				"seconds":	0.999913990497589,
				"bytes":	3276800,
				"bits_per_second":	26216654.881441232,
				"retransmits":	0,
				"omitted":	false,
				"sender":	true
			}
		}, {
			"streams":	[{
					"socket":	5,
					"start":	3.000234,
					"end":	4.000243,
					"seconds":	1.0000089406967163,
					"bytes":	3014656,
					"bits_per_second":	24117032.376927819,
					"retransmits":	0,
					"snd_cwnd":	630152,
					"snd_wnd":	972096,
					"rtt":	168303,
					"rttvar":	13995,
					"pmtu":	1500,
					"reorder":	0,
					"omitted":	false,
					"sender":	true
				}],
			"sum":	{
				"start":	3.000234,
				"end":	4.000243,
				"seconds":	1.0000089406967163,
				"bytes":	3014656,
				"bits_per_second":	24117032.376927819,
				"retransmits":	0,
				"omitted":	false,
				"sender":	true
			}
		}, {
			"streams":	[{
					"socket":	5,
					"start":	4.000243,
					"end":	5.000261,
					"seconds":	1.0000180006027222,
					"bytes":	3407872,
					"bits_per_second":	27262485.258833636,
					"retransmits":	0,
					"snd_cwnd":	782696,
					"snd_wnd":	972096,
					"rtt":	371214,
					"rttvar":	16453,
					"pmtu":	1500,
					"reorder":	0,
					"omitted":	false,
					"sender":	true
				}],
			"sum":	{
				"start":	4.000243,
				"end":	5.000261,
				"seconds":	1.0000180006027222,
				"bytes":	3407872,
				"bits_per_second":	27262485.258833636,
				"retransmits":	0,
				"omitted":	false,
				"sender":	true
			}
		}, {
			"streams":	[{
					"socket":	5,
					"start":	5.000261,
					"end":	6.000376,
					"seconds":	1.0001150369644165,
					"bytes":	1835008,
					"bits_per_second":	14678375.444246328,
					"retransmits":	0,
					"snd_cwnd":	892564,
					"snd_wnd":	972096,
					"rtt":	176159,
					"rttvar":	19264,
					"pmtu":	1500,
					"reorder":	0,
					"omitted":	false,
					"sender":	true
				}],
			"sum":	{
				"start":	5.000261,
				"end":	6.000376,
				"seconds":	1.0001150369644165,
				"bytes":	1835008,
				"bits_per_second":	14678375.444246328,
				"retransmits":	0,
				"omitted":	false,
				"sender":	true
			}
		}, {
			"streams":	[{
					"socket":	5,
					"start":	6.000376,
					"end":	7.000239,
					"seconds":	0.999863028526306,
					"bytes":	2228224,
					"bits_per_second":	17828233.959478788,
					"retransmits":	0,
					"snd_cwnd":	985634,
					"snd_wnd":	972096,
					"rtt":	297872,
					"rttvar":	21804,
					"pmtu":	1500,
					"reorder":	0,
					"omitted":	false,
					"sender":	true
				}],
			"sum":	{
				"start":	6.000376,
				"end":	7.000239,
				"seconds":	0.999863028526306,
				"bytes":	2228224,
				"bits_per_second":	17828233.959478788,
				"retransmits":	0,
				"omitted":	false,
				"sender":	true
			}
		}, {
			"streams":	[{
					"socket":	5,
					"start":	7.000239,
					"end":	8.000237,
					"seconds":	0.99999797344207764,
					"bytes":	2228224,
					"bits_per_second":	17825828.125073209,
					"retransmits":	1,
					"snd_cwnd":	698706,
					"snd_wnd":	972096,
					"rtt":	172773,
					"rttvar":	6642,
					"pmtu":	1500,
					"reorder":	0,
					"omitted":	false,
					"sender":	true
				}],
			"sum":	{
				"start":	7.000239,
				"end":	8.000237,
				"seconds":	0.99999797344207764,
				"bytes":	2228224,
				"bits_per_second":	17825828.125073209,
				"retransmits":	1,
				"omitted":	false,
				"sender":	true
			}
		}, {
			"streams":	[{
					"socket":	5,
					"start":	8.000237,
					"end":	9.000253,
					"seconds":	1.0000159740448,
					"bytes":	3145728,
					"bits_per_second":	25165422.006421462,
					"retransmits":	0,
					"snd_cwnd":	777702,
					"snd_wnd":	972096,
					"rtt":	139442,
					"rttvar":	69994,
					"pmtu":	1500,
					"reorder":	0,
					"omitted":	false,
					"sender":	true
				}],
			"sum":	{
				"start":	8.000237,
				"end":	9.000253,
				"seconds":	1.0000159740448,
				"bytes":	3145728,
				"bits_per_second":	25165422.006421462,
				"retransmits":	0,
				"omitted":	false,
				"sender":	true
			}
		}, {
			"streams":	[{
					"socket":	5,
					"start":	9.000253,
					"end":	10.001068,
					"seconds":	1.0008150339126587,
					"bytes":	3145728,
					"bits_per_second":	25145329.703546625,
					"retransmits":	0,
					"snd_cwnd":	836268,
					"snd_wnd":	972096,
					"rtt":	193504,
					"rttvar":	6389,
					"pmtu":	1500,
					"reorder":	0,
					"omitted":	false,
					"sender":	true
				}],
			"sum":	{
				"start":	9.000253,
				"end":	10.001068,
				"seconds":	1.0008150339126587,
				"bytes":	3145728,
				"bits_per_second":	25145329.703546625,
				"retransmits":	0,
				"omitted":	false,
				"sender":	true
			}
		}],
	"end":	{
		"streams":	[{
				"sender":	{
					"socket":	5,
					"start":	0,
					"end":	10.001068,
					"seconds":	10.001068,
					"bytes":	31326208,
					"bits_per_second":	25058290.174609352,
					"retransmits":	1,
					"reorder":	0,
					"max_snd_cwnd":	985634,
					"max_snd_wnd":	972096,
					"max_rtt":	371214,
					"min_rtt":	39925,
					"mean_rtt":	170764,
					"sender":	true
				},
				"receiver":	{
					"socket":	5,
					"start":	0,
					"end":	10.333737,
					"seconds":	10.001068,
					"bytes":	27787264,
					"bits_per_second":	21511880.164939366,
					"sender":	true
				}
			}],
		"sum_sent":	{
			"start":	0,
			"end":	10.001068,
			"seconds":	10.001068,
			"bytes":	31326208,
			"bits_per_second":	25058290.174609352,
			"retransmits":	1,
			"sender":	true
		},
		"sum_received":	{
			"start":	0,
			"end":	10.333737,
			"seconds":	10.333737,
			"bytes":	27787264,
			"bits_per_second":	21511880.164939366,
			"sender":	true
		},
		"cpu_utilization_percent":	{
			"host_total":	0.15582095612406779,
			"host_user":	0,
			"host_system":	0.15585078212217743,
			"remote_total":	16.303114655860242,
			"remote_user":	0.22242509367362459,
			"remote_system":	16.080699213540154
		},
		"sender_tcp_congestion":	"cubic",
		"receiver_tcp_congestion":	"cubic"
	}
}
{
	"start":	{
		"connected":	[{
				"socket":	5,
				"local_host":	"192.168.1.48",
				"local_port":	34186,
				"remote_host":	"192.168.1.58",
				"remote_port":	5201
			}],
		"version":	"iperf 3.20",
		"system_info":	"Linux kuroi-washi 6.19.11+kali-amd64 #1 SMP PREEMPT_DYNAMIC Kali 6.19.11-1kali1 (2026-04-09) x86_64",
		"timestamp":	{
			"time":	"Thu, 23 Apr 2026 22:23:00 GMT",
			"timesecs":	1776982980,
			"timemillisecs":	1776982980760
		},
		"connecting_to":	{
			"host":	"192.168.1.58",
			"port":	5201
		},
		"cookie":	"geklm47ta35zvsrcv3s6h3s7grmxdw7nn4m3",
		"tcp_mss":	466,
		"target_bitrate":	0,
		"fq_rate":	0,
		"sock_bufsize":	0,
		"sndbuf_actual":	16384,
		"rcvbuf_actual":	131072,
		"test_start":	{
			"protocol":	"TCP",
			"num_streams":	1,
			"blksize":	131072,
			"omit":	0,
			"duration":	10,
			"bytes":	0,
			"blocks":	0,
			"reverse":	0,
			"tos":	0,
			"target_bitrate":	0,
			"bidir":	0,
			"fqrate":	0,
			"interval":	1
		}
	},
	"intervals":	[{
			"streams":	[{
					"socket":	5,
					"start":	0,
					"end":	1.001064,
					"seconds":	1.0010639429092407,
					"bytes":	4063232,
					"bits_per_second":	32471308.381693527,
					"retransmits":	0,
					"snd_cwnd":	172974,
					"snd_wnd":	968384,
					"rtt":	28046,
					"rttvar":	7391,
					"pmtu":	1500,
					"reorder":	0,
					"omitted":	false,
					"sender":	true
				}],
			"sum":	{
				"start":	0,
				"end":	1.001064,
				"seconds":	1.0010639429092407,
				"bytes":	4063232,
				"bits_per_second":	32471308.381693527,
				"retransmits":	0,
				"omitted":	false,
				"sender":	true
			}
		}, {
			"streams":	[{
					"socket":	5,
					"start":	1.001064,
					"end":	2.001115,
					"seconds":	1.0000510215759277,
					"bytes":	3276800,
					"bits_per_second":	26213062.568237875,
					"retransmits":	0,
					"snd_cwnd":	278302,
					"snd_wnd":	973824,
					"rtt":	73763,
					"rttvar":	5753,
					"pmtu":	1500,
					"reorder":	0,
					"omitted":	false,
					"sender":	true
				}],
			"sum":	{
				"start":	1.001064,
				"end":	2.001115,
				"seconds":	1.0000510215759277,
				"bytes":	3276800,
				"bits_per_second":	26213062.568237875,
				"retransmits":	0,
				"omitted":	false,
				"sender":	true
			}
		}, {
			"streams":	[{
					"socket":	5,
					"start":	2.001115,
					"end":	3.001152,
					"seconds":	1.0000369548797607,
					"bytes":	4194304,
					"bits_per_second":	33553192.045822356,
					"retransmits":	0,
					"snd_cwnd":	441742,
					"snd_wnd":	973824,
					"rtt":	38227,
					"rttvar":	4030,
					"pmtu":	1500,
					"reorder":	0,
					"omitted":	false,
					"sender":	true
				}],
			"sum":	{
				"start":	2.001115,
				"end":	3.001152,
				"seconds":	1.0000369548797607,
				"bytes":	4194304,
				"bits_per_second":	33553192.045822356,
				"retransmits":	0,
				"omitted":	false,
				"sender":	true
			}
		}, {
			"streams":	[{
					"socket":	5,
					"start":	3.001152,
					"end":	4.001155,
					"seconds":	1.0000029802322388,
					"bytes":	2752512,
					"bits_per_second":	22020030.375195578,
					"retransmits":	0,
					"snd_cwnd":	602912,
					"snd_wnd":	975616,
					"rtt":	124695,
					"rttvar":	4120,
					"pmtu":	1500,
					"reorder":	0,
					"omitted":	false,
					"sender":	true
				}],
			"sum":	{
				"start":	3.001152,
				"end":	4.001155,
				"seconds":	1.0000029802322388,
				"bytes":	2752512,
				"bits_per_second":	22020030.375195578,
				"retransmits":	0,
				"omitted":	false,
				"sender":	true
			}
		}, {
			"streams":	[{
					"socket":	5,
					"start":	4.001155,
					"end":	5.001148,
					"seconds":	0.99999302625656128,
					"bytes":	3145728,
					"bits_per_second":	25165999.5012239,
					"retransmits":	0,
					"snd_cwnd":	755456,
					"snd_wnd":	975616,
					"rtt":	223384,
					"rttvar":	23876,
					"pmtu":	1500,
					"reorder":	0,
					"omitted":	false,
					"sender":	true
				}],
			"sum":	{
				"start":	4.001155,
				"end":	5.001148,
				"seconds":	0.99999302625656128,
				"bytes":	3145728,
				"bits_per_second":	25165999.5012239,
				"retransmits":	0,
				"omitted":	false,
				"sender":	true
			}
		}, {
			"streams":	[{
					"socket":	5,
					"start":	5.001148,
					"end":	6.001079,
					"seconds":	0.99993097782135,
					"bytes":	1703936,
					"bits_per_second":	13632428.939945726,
					"retransmits":	0,
					"snd_cwnd":	876674,
					"snd_wnd":	977472,
					"rtt":	363316,
					"rttvar":	29249,
					"pmtu":	1500,
					"reorder":	0,
					"omitted":	false,
					"sender":	true
				}],
			"sum":	{
				"start":	5.001148,
				"end":	6.001079,
				"seconds":	0.99993097782135,
				"bytes":	1703936,
				"bits_per_second":	13632428.939945726,
				"retransmits":	0,
				"omitted":	false,
				"sender":	true
			}
		}, {
			"streams":	[{
					"socket":	5,
					"start":	6.001079,
					"end":	7.001121,
					"seconds":	1.0000419616699219,
					"bytes":	3538944,
					"bits_per_second":	28310364.049848374,
					"retransmits":	5,
					"snd_cwnd":	657846,
					"snd_wnd":	977472,
					"rtt":	76346,
					"rttvar":	7533,
					"pmtu":	1500,
					"reorder":	0,
					"omitted":	false,
					"sender":	true
				}],
			"sum":	{
				"start":	6.001079,
				"end":	7.001121,
				"seconds":	1.0000419616699219,
				"bytes":	3538944,
				"bits_per_second":	28310364.049848374,
				"retransmits":	5,
				"omitted":	false,
				"sender":	true
			}
		}, {
			"streams":	[{
					"socket":	5,
					"start":	7.001121,
					"end":	8.001105,
					"seconds":	0.9999840259552002,
					"bytes":	3145728,
					"bits_per_second":	25166226.00642167,
					"retransmits":	0,
					"snd_cwnd":	721406,
					"snd_wnd":	977472,
					"rtt":	173731,
					"rttvar":	8513,
					"pmtu":	1500,
					"reorder":	0,
					"omitted":	false,
					"sender":	true
				}],
			"sum":	{
				"start":	7.001121,
				"end":	8.001105,
				"seconds":	0.9999840259552002,
				"bytes":	3145728,
				"bits_per_second":	25166226.00642167,
				"retransmits":	0,
				"omitted":	false,
				"sender":	true
			}
		}, {
			"streams":	[{
					"socket":	5,
					"start":	8.001105,
					"end":	9.001109,
					"seconds":	1.0000040531158447,
					"bytes":	3014656,
					"bits_per_second":	24117150.250396192,
					"retransmits":	0,
					"snd_cwnd":	765444,
					"snd_wnd":	977472,
					"rtt":	174108,
					"rttvar":	7386,
					"pmtu":	1500,
					"reorder":	0,
					"omitted":	false,
					"sender":	true
				}],
			"sum":	{
				"start":	8.001105,
				"end":	9.001109,
				"seconds":	1.0000040531158447,
				"bytes":	3014656,
				"bits_per_second":	24117150.250396192,
				"retransmits":	0,
				"omitted":	false,
				"sender":	true
			}
		}, {
			"streams":	[{
					"socket":	5,
					"start":	9.001109,
					"end":	10.001873,
					"seconds":	1.000764012336731,
					"bytes":	2883584,
					"bits_per_second":	23051060.705246456,
					"retransmits":	0,
					"snd_cwnd":	794954,
					"snd_wnd":	977472,
					"rtt":	190437,
					"rttvar":	1486,
					"pmtu":	1500,
					"reorder":	0,
					"omitted":	false,
					"sender":	true
				}],
			"sum":	{
				"start":	9.001109,
				"end":	10.001873,
				"seconds":	1.000764012336731,
				"bytes":	2883584,
				"bits_per_second":	23051060.705246456,
				"retransmits":	0,
				"omitted":	false,
				"sender":	true
			}
		}],
	"end":	{
		"streams":	[{
				"sender":	{
					"socket":	5,
					"start":	0,
					"end":	10.001873,
					"seconds":	10.001873,
					"bytes":	31719424,
					"bits_per_second":	25370787.251547787,
					"retransmits":	5,
					"reorder":	0,
					"max_snd_cwnd":	876674,
					"max_snd_wnd":	977472,
					"max_rtt":	363316,
					"min_rtt":	28046,
					"mean_rtt":	146605,
					"sender":	true
				},
				"receiver":	{
					"socket":	5,
					"start":	0,
					"end":	10.130344,
					"seconds":	10.001873,
					"bytes":	27262976,
					"bits_per_second":	21529753.382511,
					"sender":	true
				}
			}],
		"sum_sent":	{
			"start":	0,
			"end":	10.001873,
			"seconds":	10.001873,
			"bytes":	31719424,
			"bits_per_second":	25370787.251547787,
			"retransmits":	5,
			"sender":	true
		},
		"sum_received":	{
			"start":	0,
			"end":	10.130344,
			"seconds":	10.130344,
			"bytes":	27262976,
			"bits_per_second":	21529753.382511,
			"sender":	true
		},
		"cpu_utilization_percent":	{
			"host_total":	0.23722322467026169,
			"host_user":	0,
			"host_system":	0.23721329069937938,
			"remote_total":	17.5751060857062,
			"remote_user":	0.13791977088514129,
			"remote_system":	17.437166661130878
		},
		"sender_tcp_congestion":	"cubic",
		"receiver_tcp_congestion":	"cubic"
	}
}
{
	"start":	{
		"connected":	[{
				"socket":	5,
				"local_host":	"192.168.1.48",
				"local_port":	41932,
				"remote_host":	"192.168.1.58",
				"remote_port":	5201
			}],
		"version":	"iperf 3.20",
		"system_info":	"Linux kuroi-washi 6.19.11+kali-amd64 #1 SMP PREEMPT_DYNAMIC Kali 6.19.11-1kali1 (2026-04-09) x86_64",
		"timestamp":	{
			"time":	"Thu, 23 Apr 2026 22:23:11 GMT",
			"timesecs":	1776982991,
			"timemillisecs":	1776982991074
		},
		"connecting_to":	{
			"host":	"192.168.1.58",
			"port":	5201
		},
		"cookie":	"joosyucxdplmbuestdkz5gpwwwq6yw3pqpns",
		"tcp_mss":	466,
		"target_bitrate":	0,
		"fq_rate":	0,
		"sock_bufsize":	0,
		"sndbuf_actual":	16384,
		"rcvbuf_actual":	131072,
		"test_start":	{
			"protocol":	"TCP",
			"num_streams":	1,
			"blksize":	131072,
			"omit":	0,
			"duration":	10,
			"bytes":	0,
			"blocks":	0,
			"reverse":	0,
			"tos":	0,
			"target_bitrate":	0,
			"bidir":	0,
			"fqrate":	0,
			"interval":	1
		}
	},
	"intervals":	[{
			"streams":	[{
					"socket":	5,
					"start":	0,
					"end":	1.00111,
					"seconds":	1.0011099576950073,
					"bytes":	3932160,
					"bits_per_second":	31422402.46259103,
					"retransmits":	0,
					"snd_cwnd":	182508,
					"snd_wnd":	970368,
					"rtt":	33441,
					"rttvar":	2756,
					"pmtu":	1500,
					"reorder":	0,
					"omitted":	false,
					"sender":	true
				}],
			"sum":	{
				"start":	0,
				"end":	1.00111,
				"seconds":	1.0011099576950073,
				"bytes":	3932160,
				"bits_per_second":	31422402.46259103,
				"retransmits":	0,
				"omitted":	false,
				"sender":	true
			}
		}, {
			"streams":	[{
					"socket":	5,
					"start":	1.00111,
					"end":	2.001103,
					"seconds":	0.99999302625656128,
					"bytes":	5767168,
					"bits_per_second":	46137665.752243817,
					"retransmits":	0,
					"snd_cwnd":	362292,
					"snd_wnd":	972224,
					"rtt":	45380,
					"rttvar":	5098,
					"pmtu":	1500,
					"reorder":	0,
					"omitted":	false,
					"sender":	true
				}],
			"sum":	{
				"start":	1.00111,
				"end":	2.001103,
				"seconds":	0.99999302625656128,
				"bytes":	5767168,
				"bits_per_second":	46137665.752243817,
				"retransmits":	0,
				"omitted":	false,
				"sender":	true
			}
		}, {
			"streams":	[{
					"socket":	5,
					"start":	2.001103,
					"end":	3.001122,
					"seconds":	1.0000189542770386,
					"bytes":	2883584,
					"bits_per_second":	23068234.7582876,
					"retransmits":	0,
					"snd_cwnd":	523916,
					"snd_wnd":	972224,
					"rtt":	115519,
					"rttvar":	10848,
					"pmtu":	1500,
					"reorder":	0,
					"omitted":	false,
					"sender":	true
				}],
			"sum":	{
				"start":	2.001103,
				"end":	3.001122,
				"seconds":	1.0000189542770386,
				"bytes":	2883584,
				"bits_per_second":	23068234.7582876,
				"retransmits":	0,
				"omitted":	false,
				"sender":	true
			}
		}, {
			"streams":	[{
					"socket":	5,
					"start":	3.001122,
					"end":	4.001082,
					"seconds":	0.99996000528335571,
					"bytes":	4325376,
					"bits_per_second":	34604391.9928524,
					"retransmits":	0,
					"snd_cwnd":	706424,
					"snd_wnd":	972224,
					"rtt":	161624,
					"rttvar":	9491,
					"pmtu":	1500,
					"reorder":	0,
					"omitted":	false,
					"sender":	true
				}],
			"sum":	{
				"start":	3.001122,
				"end":	4.001082,
				"seconds":	0.99996000528335571,
				"bytes":	4325376,
				"bits_per_second":	34604391.9928524,
				"retransmits":	0,
				"omitted":	false,
				"sender":	true
			}
		}, {
			"streams":	[{
					"socket":	5,
					"start":	4.001082,
					"end":	5.001611,
					"seconds":	1.0005290508270264,
					"bytes":	1966080,
					"bits_per_second":	15720323.150036352,
					"retransmits":	13,
					"snd_cwnd":	577034,
					"snd_wnd":	974016,
					"rtt":	166466,
					"rttvar":	5140,
					"pmtu":	1500,
					"reorder":	0,
					"omitted":	false,
					"sender":	true
				}],
			"sum":	{
				"start":	4.001082,
				"end":	5.001611,
				"seconds":	1.0005290508270264,
				"bytes":	1966080,
				"bits_per_second":	15720323.150036352,
				"retransmits":	13,
				"omitted":	false,
				"sender":	true
			}
		}, {
			"streams":	[{
					"socket":	5,
					"start":	5.001611,
					"end":	6.001156,
					"seconds":	0.99954497814178467,
					"bytes":	2883584,
					"bits_per_second":	23079173.528424978,
					"retransmits":	0,
					"snd_cwnd":	623796,
					"snd_wnd":	974016,
					"rtt":	183362,
					"rttvar":	49212,
					"pmtu":	1500,
					"reorder":	0,
					"omitted":	false,
					"sender":	true
				}],
			"sum":	{
				"start":	5.001611,
				"end":	6.001156,
				"seconds":	0.99954497814178467,
				"bytes":	2883584,
				"bits_per_second":	23079173.528424978,
				"retransmits":	0,
				"omitted":	false,
				"sender":	true
			}
		}, {
			"streams":	[{
					"socket":	5,
					"start":	6.001156,
					"end":	7.001134,
					"seconds":	0.999978005886078,
					"bytes":	3407872,
					"bits_per_second":	27263575.638188511,
					"retransmits":	0,
					"snd_cwnd":	676914,
					"snd_wnd":	974016,
					"rtt":	63771,
					"rttvar":	48846,
					"pmtu":	1500,
					"reorder":	0,
					"omitted":	false,
					"sender":	true
				}],
			"sum":	{
				"start":	6.001156,
				"end":	7.001134,
				"seconds":	0.999978005886078,
				"bytes":	3407872,
				"bits_per_second":	27263575.638188511,
				"retransmits":	0,
				"omitted":	false,
				"sender":	true
			}
		}, {
			"streams":	[{
					"socket":	5,
					"start":	7.001134,
					"end":	8.00114,
					"seconds":	1.0000059604644775,
					"bytes":	2097152,
					"bits_per_second":	16777116.000596043,
					"retransmits":	0,
					"snd_cwnd":	709148,
					"snd_wnd":	974016,
					"rtt":	212055,
					"rttvar":	73373,
					"pmtu":	1500,
					"reorder":	0,
					"omitted":	false,
					"sender":	true
				}],
			"sum":	{
				"start":	7.001134,
				"end":	8.00114,
				"seconds":	1.0000059604644775,
				"bytes":	2097152,
				"bits_per_second":	16777116.000596043,
				"retransmits":	0,
				"omitted":	false,
				"sender":	true
			}
		}, {
			"streams":	[{
					"socket":	5,
					"start":	8.00114,
					"end":	9.001138,
					"seconds":	0.99999797344207764,
					"bytes":	3014656,
					"bits_per_second":	24117296.875099048,
					"retransmits":	0,
					"snd_cwnd":	735026,
					"snd_wnd":	977664,
					"rtt":	182406,
					"rttvar":	10758,
					"pmtu":	1500,
					"reorder":	0,
					"omitted":	false,
					"sender":	true
				}],
			"sum":	{
				"start":	8.00114,
				"end":	9.001138,
				"seconds":	0.99999797344207764,
				"bytes":	3014656,
				"bits_per_second":	24117296.875099048,
				"retransmits":	0,
				"omitted":	false,
				"sender":	true
			}
		}, {
			"streams":	[{
					"socket":	5,
					"start":	9.001138,
					"end":	10.002009,
					"seconds":	1.000870943069458,
					"bytes":	2752512,
					"bits_per_second":	22000934.438629076,
					"retransmits":	182,
					"snd_cwnd":	239258,
					"snd_wnd":	590656,
					"rtt":	93694,
					"rttvar":	92089,
					"pmtu":	1500,
					"reorder":	0,
					"omitted":	false,
					"sender":	true
				}],
			"sum":	{
				"start":	9.001138,
				"end":	10.002009,
				"seconds":	1.000870943069458,
				"bytes":	2752512,
				"bits_per_second":	22000934.438629076,
				"retransmits":	182,
				"omitted":	false,
				"sender":	true
			}
		}],
	"end":	{
		"streams":	[{
				"sender":	{
					"socket":	5,
					"start":	0,
					"end":	10.002009,
					"seconds":	10.002009,
					"bytes":	33030144,
					"bits_per_second":	26418807.6615408,
					"retransmits":	195,
					"reorder":	0,
					"max_snd_cwnd":	735026,
					"max_snd_wnd":	977664,
					"max_rtt":	212055,
					"min_rtt":	33441,
					"mean_rtt":	125771,
					"sender":	true
				},
				"receiver":	{
					"socket":	5,
					"start":	0,
					"end":	10.165775,
					"seconds":	10.002009,
					"bytes":	29360128,
					"bits_per_second":	23105077.9699531,
					"sender":	true
				}
			}],
		"sum_sent":	{
			"start":	0,
			"end":	10.002009,
			"seconds":	10.002009,
			"bytes":	33030144,
			"bits_per_second":	26418807.6615408,
			"retransmits":	195,
			"sender":	true
		},
		"sum_received":	{
			"start":	0,
			"end":	10.165775,
			"seconds":	10.165775,
			"bytes":	29360128,
			"bits_per_second":	23105077.9699531,
			"sender":	true
		},
		"cpu_utilization_percent":	{
			"host_total":	0.2679450515947211,
			"host_user":	0.002950455298963079,
			"host_system":	0.26497472790990639,
			"remote_total":	18.68628953547168,
			"remote_user":	0,
			"remote_system":	18.686279736123144
		},
		"sender_tcp_congestion":	"cubic",
		"receiver_tcp_congestion":	"cubic"
	}
}
