{
	"start":	{
		"connected":	[{
				"socket":	5,
				"local_host":	"192.168.1.48",
				"local_port":	39722,
				"remote_host":	"192.168.1.58",
				"remote_port":	5201
			}],
		"version":	"iperf 3.20",
		"system_info":	"Linux kuroi-washi 6.19.11+kali-amd64 #1 SMP PREEMPT_DYNAMIC Kali 6.19.11-1kali1 (2026-04-09) x86_64",
		"timestamp":	{
			"time":	"Thu, 23 Apr 2026 22:25:05 GMT",
			"timesecs":	1776983105,
			"timemillisecs":	1776983105840
		},
		"connecting_to":	{
			"host":	"192.168.1.58",
			"port":	5201
		},
		"cookie":	"oohqliy72autqjetleinfts3mjkbe2bdwinh",
		"tcp_mss":	616,
		"target_bitrate":	0,
		"fq_rate":	0,
		"sock_bufsize":	0,
		"sndbuf_actual":	16384,
		"rcvbuf_actual":	131072,
		"test_start":	{
			"protocol":	"TCP",
			"num_streams":	1,
			"blksize":	131072,
			"omit":	0,
			"duration":	10,
			"bytes":	0,
			"blocks":	0,
			"reverse":	0,
			"tos":	0,
			"target_bitrate":	0,
			"bidir":	0,
			"fqrate":	0,
			"interval":	1
		}
	},
	"intervals":	[{
			"streams":	[{
					"socket":	5,
					"start":	0,
					"end":	1.001107,
					"seconds":	1.0011069774627686,
					"bytes":	5767168,
					"bits_per_second":	46086327.474144354,
					"retransmits":	0,
					"snd_cwnd":	318308,
					"snd_wnd":	1094336,
					"rtt":	42767,
					"rttvar":	851,
					"pmtu":	1500,
					"reorder":	0,
					"omitted":	false,
					"sender":	true
				}],
			"sum":	{
				"start":	0,
				"end":	1.001107,
				"seconds":	1.0011069774627686,
				"bytes":	5767168,
				"bits_per_second":	46086327.474144354,
				"retransmits":	0,
				"omitted":	false,
				"sender":	true
			}
		}, {
			"streams":	[{
					"socket":	5,
					"start":	1.001107,
					"end":	2.001125,
					"seconds":	1.0000180006027222,
					"bytes":	6553600,
					"bits_per_second":	52427856.266987763,
					"retransmits":	0,
					"snd_cwnd":	546620,
					"snd_wnd":	1304512,
					"rtt":	88471,
					"rttvar":	1872,
					"pmtu":	1500,
					"reorder":	0,
					"omitted":	false,
					"sender":	true
				}],
			"sum":	{
				"start":	1.001107,
				"end":	2.001125,
				"seconds":	1.0000180006027222,
				"bytes":	6553600,
				"bits_per_second":	52427856.266987763,
				"retransmits":	0,
				"omitted":	false,
				"sender":	true
			}
		}, {
			"streams":	[{
					"socket":	5,
					"start":	2.001125,
					"end":	3.001116,
					"seconds":	0.999990999698639,
					"bytes":	4325376,
					"bits_per_second":	34603319.440303057,
					"retransmits":	0,
					"snd_cwnd":	748356,
					"snd_wnd":	1468800,
					"rtt":	179665,
					"rttvar":	3898,
					"pmtu":	1500,
					"reorder":	0,
					"omitted":	false,
					"sender":	true
				}],
			"sum":	{
				"start":	2.001125,
				"end":	3.001116,
				"seconds":	0.999990999698639,
				"bytes":	4325376,
				"bits_per_second":	34603319.440303057,
				"retransmits":	0,
				"omitted":	false,
				"sender":	true
			}
		}, {
			"streams":	[{
					"socket":	5,
					"start":	3.001116,
					"end":	4.001116,
					"seconds":	1,
					"bytes":	4325376,
					"bits_per_second":	34603008,
					"retransmits":	0,
					"snd_cwnd":	973044,
					"snd_wnd":	1647616,
					"rtt":	193110,
					"rttvar":	4990,
					"pmtu":	1500,
					"reorder":	0,
					"omitted":	false,
					"sender":	true
				}],
			"sum":	{
				"start":	3.001116,
				"end":	4.001116,
				"seconds":	1,
				"bytes":	4325376,
				"bits_per_second":	34603008,
				"retransmits":	0,
				"omitted":	false,
				"sender":	true
			}
		}, {
			"streams":	[{
					"socket":	5,
					"start":	4.001116,
					"end":	5.00111,
					"seconds":	0.99999397993087769,
					"bytes":	2752512,
					"bits_per_second":	22020228.563298039,
					"retransmits":	0,
					"snd_cwnd":	1147600,
					"snd_wnd":	1740864,
					"rtt":	316968,
					"rttvar":	2543,
					"pmtu":	1500,
					"reorder":	0,
					"omitted":	false,
					"sender":	true
				}],
			"sum":	{
				"start":	4.001116,
				"end":	5.00111,
				"seconds":	0.99999397993087769,
				"bytes":	2752512,
				"bits_per_second":	22020228.563298039,
				"retransmits":	0,
				"omitted":	false,
				"sender":	true
			}
		}, {
			"streams":	[{
					"socket":	5,
					"start":	5.00111,
					"end":	6.001116,
					"seconds":	1.0000059604644775,
					"bytes":	4325376,
					"bits_per_second":	34602801.751229338,
					"retransmits":	0,
					"snd_cwnd":	1313096,
					"snd_wnd":	1834240,
					"rtt":	417635,
					"rttvar":	2847,
					"pmtu":	1500,
					"reorder":	0,
					"omitted":	false,
					"sender":	true
				}],
			"sum":	{
				"start":	5.00111,
				"end":	6.001116,
				"seconds":	1.0000059604644775,
				"bytes":	4325376,
				"bits_per_second":	34602801.751229338,
				"retransmits":	0,
				"omitted":	false,
				"sender":	true
			}
		}, {
			"streams":	[{
					"socket":	5,
					"start":	6.001116,
					"end":	7.001113,
					"seconds":	0.99999701976776123,
					"bytes":	2883584,
					"bits_per_second":	23068740.750204891,
					"retransmits":	0,
					"snd_cwnd":	1462284,
					"snd_wnd":	1858368,
					"rtt":	455249,
					"rttvar":	2708,
					"pmtu":	1500,
					"reorder":	0,
					"omitted":	false,
					"sender":	true
				}],
			"sum":	{
				"start":	6.001116,
				"end":	7.001113,
				"seconds":	0.99999701976776123,
				"bytes":	2883584,
				"bits_per_second":	23068740.750204891,
				"retransmits":	0,
				"omitted":	false,
				"sender":	true
			}
		}, {
			"streams":	[{
					"socket":	5,
					"start":	7.001113,
					"end":	8.001148,
					"seconds":	1.0000350475311279,
					"bytes":	3014656,
					"bits_per_second":	24116402.779622886,
					"retransmits":	0,
					"snd_cwnd":	1622344,
					"snd_wnd":	1906688,
					"rtt":	494332,
					"rttvar":	3378,
					"pmtu":	1500,
					"reorder":	0,
					"omitted":	false,
					"sender":	true
				}],
			"sum":	{
				"start":	7.001113,
				"end":	8.001148,
				"seconds":	1.0000350475311279,
				"bytes":	3014656,
				"bits_per_second":	24116402.779622886,
				"retransmits":	0,
				"omitted":	false,
				"sender":	true
			}
		}, {
			"streams":	[{
					"socket":	5,
					"start":	8.001148,
					"end":	9.001153,
					"seconds":	1.0000050067901611,
					"bytes":	2883584,
					"bits_per_second":	23068556.500578281,
					"retransmits":	0,
					"snd_cwnd":	1780592,
					"snd_wnd":	1923584,
					"rtt":	522287,
					"rttvar":	8834,
					"pmtu":	1500,
					"reorder":	0,
					"omitted":	false,
					"sender":	true
				}],
			"sum":	{
				"start":	8.001148,
				"end":	9.001153,
				"seconds":	1.0000050067901611,
				"bytes":	2883584,
				"bits_per_second":	23068556.500578281,
				"retransmits":	0,
				"omitted":	false,
				"sender":	true
			}
		}, {
			"streams":	[{
					"socket":	5,
					"start":	9.001153,
					"end":	10.001991,
					"seconds":	1.000838041305542,
					"bytes":	4194304,
					"bits_per_second":	33526335.545989,
					"retransmits":	0,
					"snd_cwnd":	1967832,
					"snd_wnd":	1932416,
					"rtt":	476443,
					"rttvar":	8404,
					"pmtu":	1500,
					"reorder":	0,
					"omitted":	false,
					"sender":	true
				}],
			"sum":	{
				"start":	9.001153,
				"end":	10.001991,
				"seconds":	1.000838041305542,
				"bytes":	4194304,
				"bits_per_second":	33526335.545989,
				"retransmits":	0,
				"omitted":	false,
				"sender":	true
			}
		}],
	"end":	{
		"streams":	[{
				"sender":	{
					"socket":	5,
					"start":	0,
					"end":	10.001991,
					"seconds":	10.001991,
					"bytes":	41025536,
					"bits_per_second":	32813895.55339532,
					"retransmits":	0,
					"reorder":	0,
					"max_snd_cwnd":	1967832,
					"max_snd_wnd":	1932416,
					"max_rtt":	522287,
					"min_rtt":	42767,
					"mean_rtt":	318692,
					"sender":	true
				},
				"receiver":	{
					"socket":	5,
					"start":	0,
					"end":	10.201382,
					"seconds":	10.001991,
					"bytes":	38797312,
					"bits_per_second":	30425142.005269479,
					"sender":	true
				}
			}],
		"sum_sent":	{
			"start":	0,
			"end":	10.001991,
			"seconds":	10.001991,
			"bytes":	41025536,
			"bits_per_second":	32813895.55339532,
			"retransmits":	0,
			"sender":	true
		},
		"sum_received":	{
			"start":	0,
			"end":	10.201382,
			"seconds":	10.201382,
			"bytes":	38797312,
			"bits_per_second":	30425142.005269479,
			"sender":	true
		},
		"cpu_utilization_percent":	{
			"host_total":	0.31269903827783951,
			"host_user":	0,
			"host_system":	0.31269903827783951,
			"remote_total":	19.1116228615133,
			"remote_user":	0.071641585929982946,
			"remote_system":	19.039961754715218
		},
		"sender_tcp_congestion":	"cubic",
		"receiver_tcp_congestion":	"cubic"
	}
}
{
	"start":	{
		"connected":	[{
				"socket":	5,
				"local_host":	"192.168.1.48",
				"local_port":	57214,
				"remote_host":	"192.168.1.58",
				"remote_port":	5201
			}],
		"version":	"iperf 3.20",
		"system_info":	"Linux kuroi-washi 6.19.11+kali-amd64 #1 SMP PREEMPT_DYNAMIC Kali 6.19.11-1kali1 (2026-04-09) x86_64",
		"timestamp":	{
			"time":	"Thu, 23 Apr 2026 22:25:16 GMT",
			"timesecs":	1776983116,
			"timemillisecs":	1776983116638
		},
		"connecting_to":	{
			"host":	"192.168.1.58",
			"port":	5201
		},
		"cookie":	"zvrlmufordc7nhfvqwqi67logmn6cmni3bfp",
		"tcp_mss":	616,
		"target_bitrate":	0,
		"fq_rate":	0,
		"sock_bufsize":	0,
		"sndbuf_actual":	16384,
		"rcvbuf_actual":	131072,
		"test_start":	{
			"protocol":	"TCP",
			"num_streams":	1,
			"blksize":	131072,
			"omit":	0,
			"duration":	10,
			"bytes":	0,
			"blocks":	0,
			"reverse":	0,
			"tos":	0,
			"target_bitrate":	0,
			"bidir":	0,
			"fqrate":	0,
			"interval":	1
		}
	},
	"intervals":	[{
			"streams":	[{
					"socket":	5,
					"start":	0,
					"end":	1.001113,
					"seconds":	1.0011130571365356,
					"bytes":	2752512,
					"bits_per_second":	21995613.6252819,
					"retransmits":	0,
					"snd_cwnd":	155228,
					"snd_wnd":	995136,
					"rtt":	63446,
					"rttvar":	1832,
					"pmtu":	1500,
					"reorder":	0,
					"omitted":	false,
					"sender":	true
				}],
			"sum":	{
				"start":	0,
				"end":	1.001113,
				"seconds":	1.0011130571365356,
				"bytes":	2752512,
				"bits_per_second":	21995613.6252819,
				"retransmits":	0,
				"omitted":	false,
				"sender":	true
			}
		}, {
			"streams":	[{
					"socket":	5,
					"start":	1.001113,
					"end":	2.001116,
					"seconds":	1.0000029802322388,
					"bytes":	2359296,
					"bits_per_second":	18874311.750167638,
					"retransmits":	0,
					"snd_cwnd":	260928,
					"snd_wnd":	1057920,
					"rtt":	54843,
					"rttvar":	20268,
					"pmtu":	1500,
					"reorder":	0,
					"omitted":	false,
					"sender":	true
				}],
			"sum":	{
				"start":	1.001113,
				"end":	2.001116,
				"seconds":	1.0000029802322388,
				"bytes":	2359296,
				"bits_per_second":	18874311.750167638,
				"retransmits":	0,
				"omitted":	false,
				"sender":	true
			}
		}, {
			"streams":	[{
					"socket":	5,
					"start":	2.001116,
					"end":	3.001101,
					"seconds":	0.9999849796295166,
					"bytes":	3670016,
					"bits_per_second":	29360569.006624084,
					"retransmits":	0,
					"snd_cwnd":	380520,
					"snd_wnd":	1082112,
					"rtt":	45611,
					"rttvar":	1534,
					"pmtu":	1500,
					"reorder":	0,
					"omitted":	false,
					"sender":	true
				}],
			"sum":	{
				"start":	2.001116,
				"end":	3.001101,
				"seconds":	0.9999849796295166,
				"bytes":	3670016,
				"bits_per_second":	29360569.006624084,
				"retransmits":	0,
				"omitted":	false,
				"sender":	true
			}
		}, {
			"streams":	[{
					"socket":	5,
					"start":	3.001101,
					"end":	4.000586,
					"seconds":	0.99948501586914062,
					"bytes":	4980736,
					"bits_per_second":	39866418.57291925,
					"retransmits":	0,
					"snd_cwnd":	585880,
					"snd_wnd":	1270528,
					"rtt":	79860,
					"rttvar":	2013,
					"pmtu":	1500,
					"reorder":	0,
					"omitted":	false,
					"sender":	true
				}],
			"sum":	{
				"start":	3.001101,
				"end":	4.000586,
				"seconds":	0.99948501586914062,
				"bytes":	4980736,
				"bits_per_second":	39866418.57291925,
				"retransmits":	0,
				"omitted":	false,
				"sender":	true
			}
		}, {
			"streams":	[{
					"socket":	5,
					"start":	4.000586,
					"end":	5.000608,
					"seconds":	1.0000220537185669,
					"bytes":	4325376,
					"bits_per_second":	34602244.891829371,
					"retransmits":	0,
					"snd_cwnd":	808152,
					"snd_wnd":	1498944,
					"rtt":	143941,
					"rttvar":	3733,
					"pmtu":	1500,
					"reorder":	0,
					"omitted":	false,
					"sender":	true
				}],
			"sum":	{
				"start":	4.000586,
				"end":	5.000608,
				"seconds":	1.0000220537185669,
				"bytes":	4325376,
				"bits_per_second":	34602244.891829371,
				"retransmits":	0,
				"omitted":	false,
				"sender":	true
			}
		}, {
			"streams":	[{
					"socket":	5,
					"start":	5.000608,
					"end":	6.000572,
					"seconds":	0.99996399879455566,
					"bytes":	4194304,
					"bits_per_second":	33555640.043491021,
					"retransmits":	0,
					"snd_cwnd":	1031632,
					"snd_wnd":	1660800,
					"rtt":	215008,
					"rttvar":	11025,
					"pmtu":	1500,
					"reorder":	0,
					"omitted":	false,
					"sender":	true
				}],
			"sum":	{
				"start":	5.000608,
				"end":	6.000572,
				"seconds":	0.99996399879455566,
				"bytes":	4194304,
				"bits_per_second":	33555640.043491021,
				"retransmits":	0,
				"omitted":	false,
				"sender":	true
			}
		}, {
			"streams":	[{
					"socket":	5,
					"start":	6.000572,
					"end":	7.001059,
					"seconds":	1.0004869699478149,
					"bytes":	4325376,
					"bits_per_second":	34586165.576753967,
					"retransmits":	0,
					"snd_cwnd":	1226724,
					"snd_wnd":	1795456,
					"rtt":	256705,
					"rttvar":	4758,
					"pmtu":	1500,
					"reorder":	0,
					"omitted":	false,
					"sender":	true
				}],
			"sum":	{
				"start":	6.000572,
				"end":	7.001059,
				"seconds":	1.0004869699478149,
				"bytes":	4325376,
				"bits_per_second":	34586165.576753967,
				"retransmits":	0,
				"omitted":	false,
				"sender":	true
			}
		}, {
			"streams":	[{
					"socket":	5,
					"start":	7.001059,
					"end":	8.000539,
					"seconds":	0.99948000907897949,
					"bytes":	3145728,
					"bits_per_second":	25178916.808141366,
					"retransmits":	0,
					"snd_cwnd":	1381348,
					"snd_wnd":	1855872,
					"rtt":	340505,
					"rttvar":	3385,
					"pmtu":	1500,
					"reorder":	0,
					"omitted":	false,
					"sender":	true
				}],
			"sum":	{
				"start":	7.001059,
				"end":	8.000539,
				"seconds":	0.99948000907897949,
				"bytes":	3145728,
				"bits_per_second":	25178916.808141366,
				"retransmits":	0,
				"omitted":	false,
				"sender":	true
			}
		}, {
			"streams":	[{
					"socket":	5,
					"start":	8.000539,
					"end":	9.001111,
					"seconds":	1.0005719661712646,
					"bytes":	4194304,
					"bits_per_second":	33535250.970899776,
					"retransmits":	0,
					"snd_cwnd":	1574024,
					"snd_wnd":	1908928,
					"rtt":	66049,
					"rttvar":	1291,
					"pmtu":	1500,
					"reorder":	0,
					"omitted":	false,
					"sender":	true
				}],
			"sum":	{
				"start":	8.000539,
				"end":	9.001111,
				"seconds":	1.0005719661712646,
				"bytes":	4194304,
				"bits_per_second":	33535250.970899776,
				"retransmits":	0,
				"omitted":	false,
				"sender":	true
			}
		}, {
			"streams":	[{
					"socket":	5,
					"start":	9.001111,
					"end":	10.002038,
					"seconds":	1.0009269714355469,
					"bytes":	1835008,
					"bits_per_second":	14666468.602545096,
					"retransmits":	0,
					"snd_cwnd":	1657376,
					"snd_wnd":	1911360,
					"rtt":	73027,
					"rttvar":	27243,
					"pmtu":	1500,
					"reorder":	0,
					"omitted":	false,
					"sender":	true
				}],
			"sum":	{
				"start":	9.001111,
				"end":	10.002038,
				"seconds":	1.0009269714355469,
				"bytes":	1835008,
				"bits_per_second":	14666468.602545096,
				"retransmits":	0,
				"omitted":	false,
				"sender":	true
			}
		}],
	"end":	{
		"streams":	[{
				"sender":	{
					"socket":	5,
					"start":	0,
					"end":	10.002038,
					"seconds":	10.002038,
					"bytes":	35782656,
					"bits_per_second":	28620291.984493557,
					"retransmits":	0,
					"reorder":	0,
					"max_snd_cwnd":	1657376,
					"max_snd_wnd":	1911360,
					"max_rtt":	340505,
					"min_rtt":	45611,
					"mean_rtt":	133899,
					"sender":	true
				},
				"receiver":	{
					"socket":	5,
					"start":	0,
					"end":	10.228896,
					"seconds":	10.002038,
					"bytes":	31850496,
					"bits_per_second":	24910212.011149589,
					"sender":	true
				}
			}],
		"sum_sent":	{
			"start":	0,
			"end":	10.002038,
			"seconds":	10.002038,
			"bytes":	35782656,
			"bits_per_second":	28620291.984493557,
			"retransmits":	0,
			"sender":	true
		},
		"sum_received":	{
			"start":	0,
			"end":	10.228896,
			"seconds":	10.228896,
			"bytes":	31850496,
			"bits_per_second":	24910212.011149589,
			"sender":	true
		},
		"cpu_utilization_percent":	{
			"host_total":	0.30031862455481156,
			"host_user":	0.029694961784631428,
			"host_system":	0.27061372469729378,
			"remote_total":	17.232901933916313,
			"remote_user":	0.26293331609137871,
			"remote_system":	16.969939405175936
		},
		"sender_tcp_congestion":	"cubic",
		"receiver_tcp_congestion":	"cubic"
	}
}
{
	"start":	{
		"connected":	[{
				"socket":	5,
				"local_host":	"192.168.1.48",
				"local_port":	47440,
				"remote_host":	"192.168.1.58",
				"remote_port":	5201
			}],
		"version":	"iperf 3.20",
		"system_info":	"Linux kuroi-washi 6.19.11+kali-amd64 #1 SMP PREEMPT_DYNAMIC Kali 6.19.11-1kali1 (2026-04-09) x86_64",
		"timestamp":	{
			"time":	"Thu, 23 Apr 2026 22:25:27 GMT",
			"timesecs":	1776983127,
			"timemillisecs":	1776983127032
		},
		"connecting_to":	{
			"host":	"192.168.1.58",
			"port":	5201
		},
		"cookie":	"7dlnv23wlkb7n4y3etupnym7k2vy5sx6swwc",
		"tcp_mss":	616,
		"target_bitrate":	0,
		"fq_rate":	0,
		"sock_bufsize":	0,
		"sndbuf_actual":	16384,
		"rcvbuf_actual":	131072,
		"test_start":	{
			"protocol":	"TCP",
			"num_streams":	1,
			"blksize":	131072,
			"omit":	0,
			"duration":	10,
			"bytes":	0,
			"blocks":	0,
			"reverse":	0,
			"tos":	0,
			"target_bitrate":	0,
			"bidir":	0,
			"fqrate":	0,
			"interval":	1
		}
	},
	"intervals":	[{
			"streams":	[{
					"socket":	5,
					"start":	0,
					"end":	1.001112,
					"seconds":	1.00111198425293,
					"bytes":	4325376,
					"bits_per_second":	34564572.739404537,
					"retransmits":	0,
					"snd_cwnd":	199924,
					"snd_wnd":	1012032,
					"rtt":	60495,
					"rttvar":	9456,
					"pmtu":	1500,
					"reorder":	0,
					"omitted":	false,
					"sender":	true
				}],
			"sum":	{
				"start":	0,
				"end":	1.001112,
				"seconds":	1.00111198425293,
				"bytes":	4325376,
				"bits_per_second":	34564572.739404537,
				"retransmits":	0,
				"omitted":	false,
				"sender":	true
			}
		}, {
			"streams":	[{
					"socket":	5,
					"start":	1.001112,
					"end":	2.001152,
					"seconds":	1.0000400543212891,
					"bytes":	5898240,
					"bits_per_second":	47184030.075699635,
					"retransmits":	0,
					"snd_cwnd":	402264,
					"snd_wnd":	1211392,
					"rtt":	36416,
					"rttvar":	9427,
					"pmtu":	1500,
					"reorder":	0,
					"omitted":	false,
					"sender":	true
				}],
			"sum":	{
				"start":	1.001112,
				"end":	2.001152,
				"seconds":	1.0000400543212891,
				"bytes":	5898240,
				"bits_per_second":	47184030.075699635,
				"retransmits":	0,
				"omitted":	false,
				"sender":	true
			}
		}, {
			"streams":	[{
					"socket":	5,
					"start":	2.001152,
					"end":	3.001109,
					"seconds":	0.999957025051117,
					"bytes":	3932160,
					"bits_per_second":	31458631.933099255,
					"retransmits":	0,
					"snd_cwnd":	610040,
					"snd_wnd":	1401472,
					"rtt":	120318,
					"rttvar":	4827,
					"pmtu":	1500,
					"reorder":	0,
					"omitted":	false,
					"sender":	true
				}],
			"sum":	{
				"start":	2.001152,
				"end":	3.001109,
				"seconds":	0.999957025051117,
				"bytes":	3932160,
				"bits_per_second":	31458631.933099255,
				"retransmits":	0,
				"omitted":	false,
				"sender":	true
			}
		}, {
			"streams":	[{
					"socket":	5,
					"start":	3.001109,
					"end":	4.001112,
					"seconds":	1.0000029802322388,
					"bytes":	5767168,
					"bits_per_second":	46137206.500409782,
					"retransmits":	0,
					"snd_cwnd":	837748,
					"snd_wnd":	1582912,
					"rtt":	172370,
					"rttvar":	1559,
					"pmtu":	1500,
					"reorder":	0,
					"omitted":	false,
					"sender":	true
				}],
			"sum":	{
				"start":	3.001109,
				"end":	4.001112,
				"seconds":	1.0000029802322388,
				"bytes":	5767168,
				"bits_per_second":	46137206.500409782,
				"retransmits":	0,
				"omitted":	false,
				"sender":	true
			}
		}, {
			"streams":	[{
					"socket":	5,
					"start":	4.001112,
					"end":	5.001105,
					"seconds":	0.99999302625656128,
					"bytes":	2752512,
					"bits_per_second":	22020249.563570913,
					"retransmits":	0,
					"snd_cwnd":	1041900,
					"snd_wnd":	1776704,
					"rtt":	254441,
					"rttvar":	8824,
					"pmtu":	1500,
					"reorder":	0,
					"omitted":	false,
					"sender":	true
				}],
			"sum":	{
				"start":	4.001112,
				"end":	5.001105,
				"seconds":	0.99999302625656128,
				"bytes":	2752512,
				"bits_per_second":	22020249.563570913,
				"retransmits":	0,
				"omitted":	false,
				"sender":	true
			}
		}, {
			"streams":	[{
					"socket":	5,
					"start":	5.001105,
					"end":	6.001068,
					"seconds":	0.99996298551559448,
					"bytes":	4456448,
					"bits_per_second":	35652903.673847049,
					"retransmits":	0,
					"snd_cwnd":	1224912,
					"snd_wnd":	1846784,
					"rtt":	226717,
					"rttvar":	5325,
					"pmtu":	1500,
					"reorder":	0,
					"omitted":	false,
					"sender":	true
				}],
			"sum":	{
				"start":	5.001105,
				"end":	6.001068,
				"seconds":	0.99996298551559448,
				"bytes":	4456448,
				"bits_per_second":	35652903.673847049,
				"retransmits":	0,
				"omitted":	false,
				"sender":	true
			}
		}, {
			"streams":	[{
					"socket":	5,
					"start":	6.001068,
					"end":	7.001063,
					"seconds":	0.999994993209839,
					"bytes":	3014656,
					"bits_per_second":	24117368.750604574,
					"retransmits":	0,
					"snd_cwnd":	1376516,
					"snd_wnd":	1885440,
					"rtt":	415627,
					"rttvar":	2289,
					"pmtu":	1500,
					"reorder":	0,
					"omitted":	false,
					"sender":	true
				}],
			"sum":	{
				"start":	6.001068,
				"end":	7.001063,
				"seconds":	0.999994993209839,
				"bytes":	3014656,
				"bits_per_second":	24117368.750604574,
				"retransmits":	0,
				"omitted":	false,
				"sender":	true
			}
		}, {
			"streams":	[{
					"socket":	5,
					"start":	7.001063,
					"end":	8.001144,
					"seconds":	1.000080943107605,
					"bytes":	3145728,
					"bits_per_second":	25163787.164867766,
					"retransmits":	0,
					"snd_cwnd":	1536576,
					"snd_wnd":	1914432,
					"rtt":	406368,
					"rttvar":	6412,
					"pmtu":	1500,
					"reorder":	0,
					"omitted":	false,
					"sender":	true
				}],
			"sum":	{
				"start":	7.001063,
				"end":	8.001144,
				"seconds":	1.000080943107605,
				"bytes":	3145728,
				"bits_per_second":	25163787.164867766,
				"retransmits":	0,
				"omitted":	false,
				"sender":	true
			}
		}, {
			"streams":	[{
					"socket":	5,
					"start":	8.001144,
					"end":	9.001109,
					"seconds":	0.999965012073517,
					"bytes":	5111808,
					"bits_per_second":	40895894.862562917,
					"retransmits":	0,
					"snd_cwnd":	1750392,
					"snd_wnd":	1930368,
					"rtt":	173794,
					"rttvar":	13944,
					"pmtu":	1500,
					"reorder":	0,
					"omitted":	false,
					"sender":	true
				}],
			"sum":	{
				"start":	8.001144,
				"end":	9.001109,
				"seconds":	0.999965012073517,
				"bytes":	5111808,
				"bits_per_second":	40895894.862562917,
				"retransmits":	0,
				"omitted":	false,
				"sender":	true
			}
		}, {
			"streams":	[{
					"socket":	5,
					"start":	9.001109,
					"end":	10.002107,
					"seconds":	1.0009980201721191,
					"bytes":	1703936,
					"bits_per_second":	13617897.064028258,
					"retransmits":	17,
					"snd_cwnd":	1261756,
					"snd_wnd":	1930368,
					"rtt":	64598,
					"rttvar":	8922,
					"pmtu":	1500,
					"reorder":	0,
					"omitted":	false,
					"sender":	true
				}],
			"sum":	{
				"start":	9.001109,
				"end":	10.002107,
				"seconds":	1.0009980201721191,
				"bytes":	1703936,
				"bits_per_second":	13617897.064028258,
				"retransmits":	17,
				"omitted":	false,
				"sender":	true
			}
		}],
	"end":	{
		"streams":	[{
				"sender":	{
					"socket":	5,
					"start":	0,
					"end":	10.002107,
					"seconds":	10.002107,
					"bytes":	40108032,
					"bits_per_second":	32079666.414286509,
					"retransmits":	17,
					"reorder":	0,
					"max_snd_cwnd":	1750392,
					"max_snd_wnd":	1930368,
					"max_rtt":	415627,
					"min_rtt":	36416,
					"mean_rtt":	193114,
					"sender":	true
				},
				"receiver":	{
					"socket":	5,
					"start":	0,
					"end":	10.356554,
					"seconds":	10.002107,
					"bytes":	36569088,
					"bits_per_second":	28248074.021532647,
					"sender":	true
				}
			}],
		"sum_sent":	{
			"start":	0,
			"end":	10.002107,
			"seconds":	10.002107,
			"bytes":	40108032,
			"bits_per_second":	32079666.414286509,
			"retransmits":	17,
			"sender":	true
		},
		"sum_received":	{
			"start":	0,
			"end":	10.356554,
			"seconds":	10.356554,
			"bytes":	36569088,
			"bits_per_second":	28248074.021532647,
			"sender":	true
		},
		"cpu_utilization_percent":	{
			"host_total":	0.3212016416531509,
			"host_user":	0.047281675967613741,
			"host_system":	0.273910036732163,
			"remote_total":	17.83836667538019,
			"remote_user":	0.36398828287177276,
			"remote_system":	17.474359171497547
		},
		"sender_tcp_congestion":	"cubic",
		"receiver_tcp_congestion":	"cubic"
	}
}
{
	"start":	{
		"connected":	[{
				"socket":	5,
				"local_host":	"192.168.1.48",
				"local_port":	58732,
				"remote_host":	"192.168.1.58",
				"remote_port":	5201
			}],
		"version":	"iperf 3.20",
		"system_info":	"Linux kuroi-washi 6.19.11+kali-amd64 #1 SMP PREEMPT_DYNAMIC Kali 6.19.11-1kali1 (2026-04-09) x86_64",
		"timestamp":	{
			"time":	"Thu, 23 Apr 2026 22:25:37 GMT",
			"timesecs":	1776983137,
			"timemillisecs":	1776983137578
		},
		"connecting_to":	{
			"host":	"192.168.1.58",
			"port":	5201
		},
		"cookie":	"5yhts2c2vpgdmbj6lmyjzjggbquhlhb2sdde",
		"tcp_mss":	616,
		"target_bitrate":	0,
		"fq_rate":	0,
		"sock_bufsize":	0,
		"sndbuf_actual":	16384,
		"rcvbuf_actual":	131072,
		"test_start":	{
			"protocol":	"TCP",
			"num_streams":	1,
			"blksize":	131072,
			"omit":	0,
			"duration":	10,
			"bytes":	0,
			"blocks":	0,
			"reverse":	0,
			"tos":	0,
			"target_bitrate":	0,
			"bidir":	0,
			"fqrate":	0,
			"interval":	1
		}
	},
	"intervals":	[{
			"streams":	[{
					"socket":	5,
					"start":	0,
					"end":	1.001105,
					"seconds":	1.0011049509048462,
					"bytes":	5767168,
					"bits_per_second":	46086420.767671637,
					"retransmits":	0,
					"snd_cwnd":	260928,
					"snd_wnd":	1130432,
					"rtt":	48660,
					"rttvar":	1867,
					"pmtu":	1500,
					"reorder":	0,
					"omitted":	false,
					"sender":	true
				}],
			"sum":	{
				"start":	0,
				"end":	1.001105,
				"seconds":	1.0011049509048462,
				"bytes":	5767168,
				"bits_per_second":	46086420.767671637,
				"retransmits":	0,
				"omitted":	false,
				"sender":	true
			}
		}, {
			"streams":	[{
					"socket":	5,
					"start":	1.001105,
					"end":	2.001142,
					"seconds":	1.0000369548797607,
					"bytes":	5242880,
					"bits_per_second":	41941490.057277948,
					"retransmits":	0,
					"snd_cwnd":	484408,
					"snd_wnd":	1343040,
					"rtt":	80234,
					"rttvar":	2823,
					"pmtu":	1500,
					"reorder":	0,
					"omitted":	false,
					"sender":	true
				}],
			"sum":	{
				"start":	1.001105,
				"end":	2.001142,
				"seconds":	1.0000369548797607,
				"bytes":	5242880,
				"bits_per_second":	41941490.057277948,
				"retransmits":	0,
				"omitted":	false,
				"sender":	true
			}
		}, {
			"streams":	[{
					"socket":	5,
					"start":	2.001142,
					"end":	3.001144,
					"seconds":	1.0000020265579224,
					"bytes":	5636096,
					"bits_per_second":	45088676.625185177,
					"retransmits":	0,
					"snd_cwnd":	693996,
					"snd_wnd":	1580352,
					"rtt":	152873,
					"rttvar":	14384,
					"pmtu":	1500,
					"reorder":	0,
					"omitted":	false,
					"sender":	true
				}],
			"sum":	{
				"start":	2.001142,
				"end":	3.001144,
				"seconds":	1.0000020265579224,
				"bytes":	5636096,
				"bits_per_second":	45088676.625185177,
				"retransmits":	0,
				"omitted":	false,
				"sender":	true
			}
		}, {
			"streams":	[{
					"socket":	5,
					"start":	3.001144,
					"end":	4.001151,
					"seconds":	1.0000070333480835,
					"bytes":	2883584,
					"bits_per_second":	23068509.751141153,
					"retransmits":	0,
					"snd_cwnd":	906000,
					"snd_wnd":	1788096,
					"rtt":	221169,
					"rttvar":	9110,
					"pmtu":	1500,
					"reorder":	0,
					"omitted":	false,
					"sender":	true
				}],
			"sum":	{
				"start":	3.001144,
				"end":	4.001151,
				"seconds":	1.0000070333480835,
				"bytes":	2883584,
				"bits_per_second":	23068509.751141153,
				"retransmits":	0,
				"omitted":	false,
				"sender":	true
			}
		}, {
			"streams":	[{
					"socket":	5,
					"start":	4.001151,
					"end":	5.001103,
					"seconds":	0.99995201826095581,
					"bytes":	4980736,
					"bits_per_second":	39847799.9667395,
					"retransmits":	0,
					"snd_cwnd":	1085992,
					"snd_wnd":	1867904,
					"rtt":	140457,
					"rttvar":	63415,
					"pmtu":	1500,
					"reorder":	0,
					"omitted":	false,
					"sender":	true
				}],
			"sum":	{
				"start":	4.001151,
				"end":	5.001103,
				"seconds":	0.99995201826095581,
				"bytes":	4980736,
				"bits_per_second":	39847799.9667395,
				"retransmits":	0,
				"omitted":	false,
				"sender":	true
			}
		}, {
			"streams":	[{
					"socket":	5,
					"start":	5.001103,
					"end":	6.001065,
					"seconds":	0.9999619722366333,
					"bytes":	2490368,
					"bits_per_second":	19923701.653811879,
					"retransmits":	0,
					"snd_cwnd":	1212228,
					"snd_wnd":	1884800,
					"rtt":	67757,
					"rttvar":	15144,
					"pmtu":	1500,
					"reorder":	0,
					"omitted":	false,
					"sender":	true
				}],
			"sum":	{
				"start":	5.001103,
				"end":	6.001065,
				"seconds":	0.9999619722366333,
				"bytes":	2490368,
				"bits_per_second":	19923701.653811879,
				"retransmits":	0,
				"omitted":	false,
				"sender":	true
			}
		}, {
			"streams":	[{
					"socket":	5,
					"start":	6.001065,
					"end":	7.001138,
					"seconds":	1.0000729560852051,
					"bytes":	1441792,
					"bits_per_second":	11533494.561388068,
					"retransmits":	0,
					"snd_cwnd":	1326988,
					"snd_wnd":	1894464,
					"rtt":	636123,
					"rttvar":	10157,
					"pmtu":	1500,
					"reorder":	0,
					"omitted":	false,
					"sender":	true
				}],
			"sum":	{
				"start":	6.001065,
				"end":	7.001138,
				"seconds":	1.0000729560852051,
				"bytes":	1441792,
				"bits_per_second":	11533494.561388068,
				"retransmits":	0,
				"omitted":	false,
				"sender":	true
			}
		}, {
			"streams":	[{
					"socket":	5,
					"start":	7.001138,
					"end":	8.001146,
					"seconds":	1.0000079870224,
					"bytes":	2883584,
					"bits_per_second":	23068487.7514716,
					"retransmits":	0,
					"snd_cwnd":	1484632,
					"snd_wnd":	1911360,
					"rtt":	401975,
					"rttvar":	24404,
					"pmtu":	1500,
					"reorder":	0,
					"omitted":	false,
					"sender":	true
				}],
			"sum":	{
				"start":	7.001138,
				"end":	8.001146,
				"seconds":	1.0000079870224,
				"bytes":	2883584,
				"bits_per_second":	23068487.7514716,
				"retransmits":	0,
				"omitted":	false,
				"sender":	true
			}
		}, {
			"streams":	[{
					"socket":	5,
					"start":	8.001146,
					"end":	9.00111,
					"seconds":	0.99996399879455566,
					"bytes":	5373952,
					"bits_per_second":	42993163.80572287,
					"retransmits":	0,
					"snd_cwnd":	1686972,
					"snd_wnd":	1923456,
					"rtt":	56442,
					"rttvar":	14279,
					"pmtu":	1500,
					"reorder":	0,
					"omitted":	false,
					"sender":	true
				}],
			"sum":	{
				"start":	8.001146,
				"end":	9.00111,
				"seconds":	0.99996399879455566,
				"bytes":	5373952,
				"bits_per_second":	42993163.80572287,
				"retransmits":	0,
				"omitted":	false,
				"sender":	true
			}
		}, {
			"streams":	[{
					"socket":	5,
					"start":	9.00111,
					"end":	10.0022,
					"seconds":	1.0010900497436523,
					"bytes":	1835008,
					"bits_per_second":	14664079.423982989,
					"retransmits":	10,
					"snd_cwnd":	1217664,
					"snd_wnd":	1932800,
					"rtt":	152612,
					"rttvar":	27489,
					"pmtu":	1500,
					"reorder":	0,
					"omitted":	false,
					"sender":	true
				}],
			"sum":	{
				"start":	9.00111,
				"end":	10.0022,
				"seconds":	1.0010900497436523,
				"bytes":	1835008,
				"bits_per_second":	14664079.423982989,
				"retransmits":	10,
				"omitted":	false,
				"sender":	true
			}
		}],
	"end":	{
		"streams":	[{
				"sender":	{
					"socket":	5,
					"start":	0,
					"end":	10.0022,
					"seconds":	10.0022,
					"bytes":	38535168,
					"bits_per_second":	30821353.702185519,
					"retransmits":	10,
					"reorder":	0,
					"max_snd_cwnd":	1686972,
					"max_snd_wnd":	1932800,
					"max_rtt":	636123,
					"min_rtt":	48660,
					"mean_rtt":	195830,
					"sender":	true
				},
				"receiver":	{
					"socket":	5,
					"start":	0,
					"end":	10.275488,
					"seconds":	10.0022,
					"bytes":	35651584,
					"bits_per_second":	27756606.012288664,
					"sender":	true
				}
			}],
		"sum_sent":	{
			"start":	0,
			"end":	10.0022,
			"seconds":	10.0022,
			"bytes":	38535168,
			"bits_per_second":	30821353.702185519,
			"retransmits":	10,
			"sender":	true
		},
		"sum_received":	{
			"start":	0,
			"end":	10.275488,
			"seconds":	10.275488,
			"bytes":	35651584,
			"bits_per_second":	27756606.012288664,
			"sender":	true
		},
		"cpu_utilization_percent":	{
			"host_total":	0.32797138607659909,
			"host_user":	0,
			"host_system":	0.32797138607659909,
			"remote_total":	18.1553239657101,
			"remote_user":	0.37954685293208956,
			"remote_system":	17.77579650115424
		},
		"sender_tcp_congestion":	"cubic",
		"receiver_tcp_congestion":	"cubic"
	}
}
{
	"start":	{
		"connected":	[{
				"socket":	5,
				"local_host":	"192.168.1.48",
				"local_port":	56454,
				"remote_host":	"192.168.1.58",
				"remote_port":	5201
			}],
		"version":	"iperf 3.20",
		"system_info":	"Linux kuroi-washi 6.19.11+kali-amd64 #1 SMP PREEMPT_DYNAMIC Kali 6.19.11-1kali1 (2026-04-09) x86_64",
		"timestamp":	{
			"time":	"Thu, 23 Apr 2026 22:25:48 GMT",
			"timesecs":	1776983148,
			"timemillisecs":	1776983148244
		},
		"connecting_to":	{
			"host":	"192.168.1.58",
			"port":	5201
		},
		"cookie":	"to4wx7pnnwf64n3iub2qtexbpwq3djkg6hof",
		"tcp_mss":	616,
		"target_bitrate":	0,
		"fq_rate":	0,
		"sock_bufsize":	0,
		"sndbuf_actual":	16384,
		"rcvbuf_actual":	131072,
		"test_start":	{
			"protocol":	"TCP",
			"num_streams":	1,
			"blksize":	131072,
			"omit":	0,
			"duration":	10,
			"bytes":	0,
			"blocks":	0,
			"reverse":	0,
			"tos":	0,
			"target_bitrate":	0,
			"bidir":	0,
			"fqrate":	0,
			"interval":	1
		}
	},
	"intervals":	[{
			"streams":	[{
					"socket":	5,
					"start":	0,
					"end":	1.001112,
					"seconds":	1.00111198425293,
					"bytes":	3538944,
					"bits_per_second":	28280104.968603715,
					"retransmits":	0,
					"snd_cwnd":	144356,
					"snd_wnd":	990784,
					"rtt":	24445,
					"rttvar":	2548,
					"pmtu":	1500,
					"reorder":	0,
					"omitted":	false,
					"sender":	true
				}],
			"sum":	{
				"start":	0,
				"end":	1.001112,
				"seconds":	1.00111198425293,
				"bytes":	3538944,
				"bits_per_second":	28280104.968603715,
				"retransmits":	0,
				"omitted":	false,
				"sender":	true
			}
		}, {
			"streams":	[{
					"socket":	5,
					"start":	1.001112,
					"end":	2.001151,
					"seconds":	1.0000389814376831,
					"bytes":	5242880,
					"bits_per_second":	41941405.06373217,
					"retransmits":	0,
					"snd_cwnd":	352132,
					"snd_wnd":	1176832,
					"rtt":	65030,
					"rttvar":	1565,
					"pmtu":	1500,
					"reorder":	0,
					"omitted":	false,
					"sender":	true
				}],
			"sum":	{
				"start":	1.001112,
				"end":	2.001151,
				"seconds":	1.0000389814376831,
				"bytes":	5242880,
				"bits_per_second":	41941405.06373217,
				"retransmits":	0,
				"omitted":	false,
				"sender":	true
			}
		}, {
			"streams":	[{
					"socket":	5,
					"start":	2.001151,
					"end":	3.000615,
					"seconds":	0.999463975429535,
					"bytes":	6029312,
					"bits_per_second":	48260364.741280936,
					"retransmits":	0,
					"snd_cwnd":	558700,
					"snd_wnd":	1370688,
					"rtt":	205561,
					"rttvar":	6848,
					"pmtu":	1500,
					"reorder":	0,
					"omitted":	false,
					"sender":	true
				}],
			"sum":	{
				"start":	2.001151,
				"end":	3.000615,
				"seconds":	0.999463975429535,
				"bytes":	6029312,
				"bits_per_second":	48260364.741280936,
				"retransmits":	0,
				"omitted":	false,
				"sender":	true
			}
		}, {
			"streams":	[{
					"socket":	5,
					"start":	3.000615,
					"end":	4.000646,
					"seconds":	1.0000309944152832,
					"bytes":	4325376,
					"bits_per_second":	34601935.533240482,
					"retransmits":	0,
					"snd_cwnd":	783992,
					"snd_wnd":	1522944,
					"rtt":	185618,
					"rttvar":	2440,
					"pmtu":	1500,
					"reorder":	0,
					"omitted":	false,
					"sender":	true
				}],
			"sum":	{
				"start":	3.000615,
				"end":	4.000646,
				"seconds":	1.0000309944152832,
				"bytes":	4325376,
				"bits_per_second":	34601935.533240482,
				"retransmits":	0,
				"omitted":	false,
				"sender":	true
			}
		}, {
			"streams":	[{
					"socket":	5,
					"start":	4.000646,
					"end":	5.000581,
					"seconds":	0.99993497133255,
					"bytes":	4325376,
					"bits_per_second":	34605258.333836213,
					"retransmits":	0,
					"snd_cwnd":	1013512,
					"snd_wnd":	1704128,
					"rtt":	187948,
					"rttvar":	2043,
					"pmtu":	1500,
					"reorder":	0,
					"omitted":	false,
					"sender":	true
				}],
			"sum":	{
				"start":	4.000646,
				"end":	5.000581,
				"seconds":	0.99993497133255,
				"bytes":	4325376,
				"bits_per_second":	34605258.333836213,
				"retransmits":	0,
				"omitted":	false,
				"sender":	true
			}
		}, {
			"streams":	[{
					"socket":	5,
					"start":	5.000581,
					"end":	6.001104,
					"seconds":	1.0005229711532593,
					"bytes":	2752512,
					"bits_per_second":	22008586.1443225,
					"retransmits":	0,
					"snd_cwnd":	1173572,
					"snd_wnd":	1840256,
					"rtt":	376987,
					"rttvar":	13123,
					"pmtu":	1500,
					"reorder":	0,
					"omitted":	false,
					"sender":	true
				}],
			"sum":	{
				"start":	5.000581,
				"end":	6.001104,
				"seconds":	1.0005229711532593,
				"bytes":	2752512,
				"bits_per_second":	22008586.1443225,
				"retransmits":	0,
				"omitted":	false,
				"sender":	true
			}
		}, {
			"streams":	[{
					"socket":	5,
					"start":	6.001104,
					"end":	7.001122,
					"seconds":	1.0000180006027222,
					"bytes":	4325376,
					"bits_per_second":	34602385.136211924,
					"retransmits":	0,
					"snd_cwnd":	1343296,
					"snd_wnd":	1866816,
					"rtt":	247418,
					"rttvar":	8081,
					"pmtu":	1500,
					"reorder":	0,
					"omitted":	false,
					"sender":	true
				}],
			"sum":	{
				"start":	6.001104,
				"end":	7.001122,
				"seconds":	1.0000180006027222,
				"bytes":	4325376,
				"bits_per_second":	34602385.136211924,
				"retransmits":	0,
				"omitted":	false,
				"sender":	true
			}
		}, {
			"streams":	[{
					"socket":	5,
					"start":	7.001122,
					"end":	8.001126,
					"seconds":	1.0000040531158447,
					"bytes":	2883584,
					"bits_per_second":	23068578.500378966,
					"retransmits":	0,
					"snd_cwnd":	1482820,
					"snd_wnd":	1898240,
					"rtt":	113377,
					"rttvar":	32980,
					"pmtu":	1500,
					"reorder":	0,
					"omitted":	false,
					"sender":	true
				}],
			"sum":	{
				"start":	7.001122,
				"end":	8.001126,
				"seconds":	1.0000040531158447,
				"bytes":	2883584,
				"bits_per_second":	23068578.500378966,
				"retransmits":	0,
				"omitted":	false,
				"sender":	true
			}
		}, {
			"streams":	[{
					"socket":	5,
					"start":	8.001126,
					"end":	9.001124,
					"seconds":	0.99999797344207764,
					"bytes":	1441792,
					"bits_per_second":	11534359.375047371,
					"retransmits":	349,
					"snd_cwnd":	1070892,
					"snd_wnd":	1900608,
					"rtt":	137045,
					"rttvar":	7118,
					"pmtu":	1500,
					"reorder":	0,
					"omitted":	false,
					"sender":	true
				}],
			"sum":	{
				"start":	8.001126,
				"end":	9.001124,
				"seconds":	0.99999797344207764,
				"bytes":	1441792,
				"bits_per_second":	11534359.375047371,
				"retransmits":	349,
				"omitted":	false,
				"sender":	true
			}
		}, {
			"streams":	[{
					"socket":	5,
					"start":	9.001124,
					"end":	10.001967,
					"seconds":	1.0008430480957031,
					"bytes":	3145728,
					"bits_per_second":	25144625.871042252,
					"retransmits":	0,
					"snd_cwnd":	1178404,
					"snd_wnd":	1900608,
					"rtt":	118138,
					"rttvar":	58083,
					"pmtu":	1500,
					"reorder":	0,
					"omitted":	false,
					"sender":	true
				}],
			"sum":	{
				"start":	9.001124,
				"end":	10.001967,
				"seconds":	1.0008430480957031,
				"bytes":	3145728,
				"bits_per_second":	25144625.871042252,
				"retransmits":	0,
				"omitted":	false,
				"sender":	true
			}
		}],
	"end":	{
		"streams":	[{
				"sender":	{
					"socket":	5,
					"start":	0,
					"end":	10.001967,
					"seconds":	10.001967,
					"bytes":	38010880,
					"bits_per_second":	30402723.78423164,
					"retransmits":	349,
					"reorder":	0,
					"max_snd_cwnd":	1482820,
					"max_snd_wnd":	1900608,
					"max_rtt":	376987,
					"min_rtt":	24445,
					"mean_rtt":	166156,
					"sender":	true
				},
				"receiver":	{
					"socket":	5,
					"start":	0,
					"end":	10.399274,
					"seconds":	10.001967,
					"bytes":	35520512,
					"bits_per_second":	27325378.290830687,
					"sender":	true
				}
			}],
		"sum_sent":	{
			"start":	0,
			"end":	10.001967,
			"seconds":	10.001967,
			"bytes":	38010880,
			"bits_per_second":	30402723.78423164,
			"retransmits":	349,
			"sender":	true
		},
		"sum_received":	{
			"start":	0,
			"end":	10.399274,
			"seconds":	10.399274,
			"bytes":	35520512,
			"bits_per_second":	27325378.290830687,
			"sender":	true
		},
		"cpu_utilization_percent":	{
			"host_total":	0.31728348976268173,
			"host_user":	0,
			"host_system":	0.31728348976268173,
			"remote_total":	17.415083231984639,
			"remote_user":	0,
			"remote_system":	17.415064083999148
		},
		"sender_tcp_congestion":	"cubic",
		"receiver_tcp_congestion":	"cubic"
	}
}
{
	"start":	{
		"connected":	[{
				"socket":	5,
				"local_host":	"192.168.1.48",
				"local_port":	42986,
				"remote_host":	"192.168.1.58",
				"remote_port":	5201
			}],
		"version":	"iperf 3.20",
		"system_info":	"Linux kuroi-washi 6.19.11+kali-amd64 #1 SMP PREEMPT_DYNAMIC Kali 6.19.11-1kali1 (2026-04-09) x86_64",
		"timestamp":	{
			"time":	"Thu, 23 Apr 2026 22:25:58 GMT",
			"timesecs":	1776983158,
			"timemillisecs":	1776983158807
		},
		"connecting_to":	{
			"host":	"192.168.1.58",
			"port":	5201
		},
		"cookie":	"zjqqrdfup6kgnzdmjbdeqgothuejnkbn3y7x",
		"tcp_mss":	616,
		"target_bitrate":	0,
		"fq_rate":	0,
		"sock_bufsize":	0,
		"sndbuf_actual":	16384,
		"rcvbuf_actual":	131072,
		"test_start":	{
			"protocol":	"TCP",
			"num_streams":	1,
			"blksize":	131072,
			"omit":	0,
			"duration":	10,
			"bytes":	0,
			"blocks":	0,
			"reverse":	0,
			"tos":	0,
			"target_bitrate":	0,
			"bidir":	0,
			"fqrate":	0,
			"interval":	1
		}
	},
	"intervals":	[{
			"streams":	[{
					"socket":	5,
					"start":	0,
					"end":	1.00113,
					"seconds":	1.0011299848556519,
					"bytes":	6422528,
					"bits_per_second":	51322230.656599768,
					"retransmits":	0,
					"snd_cwnd":	312268,
					"snd_wnd":	1161216,
					"rtt":	75663,
					"rttvar":	4139,
					"pmtu":	1500,
					"reorder":	0,
					"omitted":	false,
					"sender":	true
				}],
			"sum":	{
				"start":	0,
				"end":	1.00113,
				"seconds":	1.0011299848556519,
				"bytes":	6422528,
				"bits_per_second":	51322230.656599768,
				"retransmits":	0,
				"omitted":	false,
				"sender":	true
			}
		}, {
			"streams":	[{
					"socket":	5,
					"start":	1.00113,
					"end":	2.001112,
					"seconds":	0.99998199939727783,
					"bytes":	5636096,
					"bits_per_second":	45089579.63961,
					"retransmits":	0,
					"snd_cwnd":	535748,
					"snd_wnd":	1351168,
					"rtt":	97160,
					"rttvar":	6749,
					"pmtu":	1500,
					"reorder":	0,
					"omitted":	false,
					"sender":	true
				}],
			"sum":	{
				"start":	1.00113,
				"end":	2.001112,
				"seconds":	0.99998199939727783,
				"bytes":	5636096,
				"bits_per_second":	45089579.63961,
				"retransmits":	0,
				"omitted":	false,
				"sender":	true
			}
		}, {
			"streams":	[{
					"socket":	5,
					"start":	2.001112,
					"end":	3.001125,
					"seconds":	1.000012993812561,
					"bytes":	4456448,
					"bits_per_second":	35651120.7560193,
					"retransmits":	0,
					"snd_cwnd":	727820,
					"snd_wnd":	1504960,
					"rtt":	151694,
					"rttvar":	2652,
					"pmtu":	1500,
					"reorder":	0,
					"omitted":	false,
					"sender":	true
				}],
			"sum":	{
				"start":	2.001112,
				"end":	3.001125,
				"seconds":	1.000012993812561,
				"bytes":	4456448,
				"bits_per_second":	35651120.7560193,
				"retransmits":	0,
				"omitted":	false,
				"sender":	true
			}
		}, {
			"streams":	[{
					"socket":	5,
					"start":	3.001125,
					"end":	4.001132,
					"seconds":	1.0000070333480835,
					"bytes":	2883584,
					"bits_per_second":	23068509.751141153,
					"retransmits":	0,
					"snd_cwnd":	910228,
					"snd_wnd":	1693376,
					"rtt":	259026,
					"rttvar":	5736,
					"pmtu":	1500,
					"reorder":	0,
					"omitted":	false,
					"sender":	true
				}],
			"sum":	{
				"start":	3.001125,
				"end":	4.001132,
				"seconds":	1.0000070333480835,
				"bytes":	2883584,
				"bits_per_second":	23068509.751141153,
				"retransmits":	0,
				"omitted":	false,
				"sender":	true
			}
		}, {
			"streams":	[{
					"socket":	5,
					"start":	4.001132,
					"end":	5.001111,
					"seconds":	0.999979019165039,
					"bytes":	4194304,
					"bits_per_second":	33555136.014770821,
					"retransmits":	0,
					"snd_cwnd":	1090220,
					"snd_wnd":	1779712,
					"rtt":	336484,
					"rttvar":	7540,
					"pmtu":	1500,
					"reorder":	0,
					"omitted":	false,
					"sender":	true
				}],
			"sum":	{
				"start":	4.001132,
				"end":	5.001111,
				"seconds":	0.999979019165039,
				"bytes":	4194304,
				"bits_per_second":	33555136.014770821,
				"retransmits":	0,
				"omitted":	false,
				"sender":	true
			}
		}, {
			"streams":	[{
					"socket":	5,
					"start":	5.001111,
					"end":	6.001109,
					"seconds":	0.99999797344207764,
					"bytes":	2883584,
					"bits_per_second":	23068718.750094742,
					"retransmits":	0,
					"snd_cwnd":	1268400,
					"snd_wnd":	1859456,
					"rtt":	368871,
					"rttvar":	3573,
					"pmtu":	1500,
					"reorder":	0,
					"omitted":	false,
					"sender":	true
				}],
			"sum":	{
				"start":	5.001111,
				"end":	6.001109,
				"seconds":	0.99999797344207764,
				"bytes":	2883584,
				"bits_per_second":	23068718.750094742,
				"retransmits":	0,
				"omitted":	false,
				"sender":	true
			}
		}, {
			"streams":	[{
					"socket":	5,
					"start":	6.001109,
					"end":	7.001104,
					"seconds":	0.999994993209839,
					"bytes":	3538944,
					"bits_per_second":	28311693.750709716,
					"retransmits":	0,
					"snd_cwnd":	1450808,
					"snd_wnd":	1919872,
					"rtt":	410134,
					"rttvar":	13925,
					"pmtu":	1500,
					"reorder":	0,
					"omitted":	false,
					"sender":	true
				}],
			"sum":	{
				"start":	6.001109,
				"end":	7.001104,
				"seconds":	0.999994993209839,
				"bytes":	3538944,
				"bits_per_second":	28311693.750709716,
				"retransmits":	0,
				"omitted":	false,
				"sender":	true
			}
		}, {
			"streams":	[{
					"socket":	5,
					"start":	7.001104,
					"end":	8.00111,
					"seconds":	1.0000059604644775,
					"bytes":	1572864,
					"bits_per_second":	12582837.000447033,
					"retransmits":	0,
					"snd_cwnd":	1585500,
					"snd_wnd":	1814656,
					"rtt":	464591,
					"rttvar":	2785,
					"pmtu":	1500,
					"reorder":	0,
					"omitted":	false,
					"sender":	true
				}],
			"sum":	{
				"start":	7.001104,
				"end":	8.00111,
				"seconds":	1.0000059604644775,
				"bytes":	1572864,
				"bits_per_second":	12582837.000447033,
				"retransmits":	0,
				"omitted":	false,
				"sender":	true
			}
		}, {
			"streams":	[{
					"socket":	5,
					"start":	8.00111,
					"end":	9.001108,
					"seconds":	0.99999797344207764,
					"bytes":	4587520,
					"bits_per_second":	36700234.375150725,
					"retransmits":	29,
					"snd_cwnd":	1212832,
					"snd_wnd":	1930368,
					"rtt":	72760,
					"rttvar":	11087,
					"pmtu":	1500,
					"reorder":	0,
					"omitted":	false,
					"sender":	true
				}],
			"sum":	{
				"start":	8.00111,
				"end":	9.001108,
				"seconds":	0.99999797344207764,
				"bytes":	4587520,
				"bits_per_second":	36700234.375150725,
				"retransmits":	29,
				"omitted":	false,
				"sender":	true
			}
		}, {
			"streams":	[{
					"socket":	5,
					"start":	9.001108,
					"end":	10.0021,
					"seconds":	1.0009919404983521,
					"bytes":	2097152,
					"bits_per_second":	16760590.491515173,
					"retransmits":	41,
					"snd_cwnd":	337636,
					"snd_wnd":	1932352,
					"rtt":	57438,
					"rttvar":	9301,
					"pmtu":	1500,
					"reorder":	0,
					"omitted":	false,
					"sender":	true
				}],
			"sum":	{
				"start":	9.001108,
				"end":	10.0021,
				"seconds":	1.0009919404983521,
				"bytes":	2097152,
				"bits_per_second":	16760590.491515173,
				"retransmits":	41,
				"omitted":	false,
				"sender":	true
			}
		}],
	"end":	{
		"streams":	[{
				"sender":	{
					"socket":	5,
					"start":	0,
					"end":	10.0021,
					"seconds":	10.0021,
					"bytes":	39190528,
					"bits_per_second":	31345839.773647532,
					"retransmits":	70,
					"reorder":	0,
					"max_snd_cwnd":	1585500,
					"max_snd_wnd":	1932352,
					"max_rtt":	464591,
					"min_rtt":	57438,
					"mean_rtt":	229382,
					"sender":	true
				},
				"receiver":	{
					"socket":	5,
					"start":	0,
					"end":	10.089553,
					"seconds":	10.0021,
					"bytes":	35913728,
					"bits_per_second":	28475971.53213824,
					"sender":	true
				}
			}],
		"sum_sent":	{
			"start":	0,
			"end":	10.0021,
			"seconds":	10.0021,
			"bytes":	39190528,
			"bits_per_second":	31345839.773647532,
			"retransmits":	70,
			"sender":	true
		},
		"sum_received":	{
			"start":	0,
			"end":	10.089553,
			"seconds":	10.089553,
			"bytes":	35913728,
			"bits_per_second":	28475971.53213824,
			"sender":	true
		},
		"cpu_utilization_percent":	{
			"host_total":	0.31000603719496245,
			"host_user":	0,
			"host_system":	0.31000603719496245,
			"remote_total":	18.020704609090153,
			"remote_user":	0.2155681150323194,
			"remote_system":	17.80510687627239
		},
		"sender_tcp_congestion":	"cubic",
		"receiver_tcp_congestion":	"cubic"
	}
}
{
	"start":	{
		"connected":	[{
				"socket":	5,
				"local_host":	"192.168.1.48",
				"local_port":	37536,
				"remote_host":	"192.168.1.58",
				"remote_port":	5201
			}],
		"version":	"iperf 3.20",
		"system_info":	"Linux kuroi-washi 6.19.11+kali-amd64 #1 SMP PREEMPT_DYNAMIC Kali 6.19.11-1kali1 (2026-04-09) x86_64",
		"timestamp":	{
			"time":	"Thu, 23 Apr 2026 22:26:09 GMT",
			"timesecs":	1776983169,
			"timemillisecs":	1776983169239
		},
		"connecting_to":	{
			"host":	"192.168.1.58",
			"port":	5201
		},
		"cookie":	"hphmtvf6lk54wtf4i6bwm7jicogrjcy3relz",
		"tcp_mss":	616,
		"target_bitrate":	0,
		"fq_rate":	0,
		"sock_bufsize":	0,
		"sndbuf_actual":	16384,
		"rcvbuf_actual":	131072,
		"test_start":	{
			"protocol":	"TCP",
			"num_streams":	1,
			"blksize":	131072,
			"omit":	0,
			"duration":	10,
			"bytes":	0,
			"blocks":	0,
			"reverse":	0,
			"tos":	0,
			"target_bitrate":	0,
			"bidir":	0,
			"fqrate":	0,
			"interval":	1
		}
	},
	"intervals":	[{
			"streams":	[{
					"socket":	5,
					"start":	0,
					"end":	1.000344,
					"seconds":	1.0003440380096436,
					"bytes":	6291456,
					"bits_per_second":	50314337.955313317,
					"retransmits":	0,
					"snd_cwnd":	311060,
					"snd_wnd":	1160576,
					"rtt":	57266,
					"rttvar":	2749,
					"pmtu":	1500,
					"reorder":	0,
					"omitted":	false,
					"sender":	true
				}],
			"sum":	{
				"start":	0,
				"end":	1.000344,
				"seconds":	1.0003440380096436,
				"bytes":	6291456,
				"bits_per_second":	50314337.955313317,
				"retransmits":	0,
				"omitted":	false,
				"sender":	true
			}
		}, {
			"streams":	[{
					"socket":	5,
					"start":	1.000344,
					"end":	2.000911,
					"seconds":	1.0005669593811035,
					"bytes":	5505024,
					"bits_per_second":	44015237.148387223,
					"retransmits":	0,
					"snd_cwnd":	532124,
					"snd_wnd":	1384128,
					"rtt":	101917,
					"rttvar":	4637,
					"pmtu":	1500,
					"reorder":	0,
					"omitted":	false,
					"sender":	true
				}],
			"sum":	{
				"start":	1.000344,
				"end":	2.000911,
				"seconds":	1.0005669593811035,
				"bytes":	5505024,
				"bits_per_second":	44015237.148387223,
				"retransmits":	0,
				"omitted":	false,
				"sender":	true
			}
		}, {
			"streams":	[{
					"socket":	5,
					"start":	2.000911,
					"end":	3.000947,
					"seconds":	1.0000360012054443,
					"bytes":	4456448,
					"bits_per_second":	35650300.546205886,
					"retransmits":	0,
					"snd_cwnd":	704868,
					"snd_wnd":	1550528,
					"rtt":	154659,
					"rttvar":	1705,
					"pmtu":	1500,
					"reorder":	0,
					"omitted":	false,
					"sender":	true
				}],
			"sum":	{
				"start":	2.000911,
				"end":	3.000947,
				"seconds":	1.0000360012054443,
				"bytes":	4456448,
				"bits_per_second":	35650300.546205886,
				"retransmits":	0,
				"omitted":	false,
				"sender":	true
			}
		}, {
			"streams":	[{
					"socket":	5,
					"start":	3.000947,
					"end":	4.000936,
					"seconds":	0.99998897314071655,
					"bytes":	1835008,
					"bits_per_second":	14680225.876784993,
					"retransmits":	0,
					"snd_cwnd":	846204,
					"snd_wnd":	1655680,
					"rtt":	61992,
					"rttvar":	8549,
					"pmtu":	1500,
					"reorder":	0,
					"omitted":	false,
					"sender":	true
				}],
			"sum":	{
				"start":	3.000947,
				"end":	4.000936,
				"seconds":	0.99998897314071655,
				"bytes":	1835008,
				"bits_per_second":	14680225.876784993,
				"retransmits":	0,
				"omitted":	false,
				"sender":	true
			}
		}, {
			"streams":	[{
					"socket":	5,
					"start":	4.000936,
					"end":	5.001104,
					"seconds":	1.0001679658889771,
					"bytes":	3670016,
					"bits_per_second":	29355197.328184675,
					"retransmits":	0,
					"snd_cwnd":	1017136,
					"snd_wnd":	1760000,
					"rtt":	285075,
					"rttvar":	6791,
					"pmtu":	1500,
					"reorder":	0,
					"omitted":	false,
					"sender":	true
				}],
			"sum":	{
				"start":	4.000936,
				"end":	5.001104,
				"seconds":	1.0001679658889771,
				"bytes":	3670016,
				"bits_per_second":	29355197.328184675,
				"retransmits":	0,
				"omitted":	false,
				"sender":	true
			}
		}, {
			"streams":	[{
					"socket":	5,
					"start":	5.001104,
					"end":	6.000872,
					"seconds":	0.99976801872253418,
					"bytes":	3670016,
					"bits_per_second":	29366940.5803911,
					"retransmits":	0,
					"snd_cwnd":	1174780,
					"snd_wnd":	1830016,
					"rtt":	190959,
					"rttvar":	7262,
					"pmtu":	1500,
					"reorder":	0,
					"omitted":	false,
					"sender":	true
				}],
			"sum":	{
				"start":	5.001104,
				"end":	6.000872,
				"seconds":	0.99976801872253418,
				"bytes":	3670016,
				"bits_per_second":	29366940.5803911,
				"retransmits":	0,
				"omitted":	false,
				"sender":	true
			}
		}, {
			"streams":	[{
					"socket":	5,
					"start":	6.000872,
					"end":	7.000936,
					"seconds":	1.0000640153884888,
					"bytes":	2883584,
					"bits_per_second":	23067195.344528675,
					"retransmits":	0,
					"snd_cwnd":	1311888,
					"snd_wnd":	1856640,
					"rtt":	415057,
					"rttvar":	2135,
					"pmtu":	1500,
					"reorder":	0,
					"omitted":	false,
					"sender":	true
				}],
			"sum":	{
				"start":	6.000872,
				"end":	7.000936,
				"seconds":	1.0000640153884888,
				"bytes":	2883584,
				"bits_per_second":	23067195.344528675,
				"retransmits":	0,
				"omitted":	false,
				"sender":	true
			}
		}, {
			"streams":	[{
					"socket":	5,
					"start":	7.000936,
					"end":	8.001137,
					"seconds":	1.0002009868621826,
					"bytes":	3145728,
					"bits_per_second":	25160767.016387269,
					"retransmits":	0,
					"snd_cwnd":	1480404,
					"snd_wnd":	1891712,
					"rtt":	94284,
					"rttvar":	18123,
					"pmtu":	1500,
					"reorder":	0,
					"omitted":	false,
					"sender":	true
				}],
			"sum":	{
				"start":	7.000936,
				"end":	8.001137,
				"seconds":	1.0002009868621826,
				"bytes":	3145728,
				"bits_per_second":	25160767.016387269,
				"retransmits":	0,
				"omitted":	false,
				"sender":	true
			}
		}, {
			"streams":	[{
					"socket":	5,
					"start":	8.001137,
					"end":	9.000898,
					"seconds":	0.99976098537445068,
					"bytes":	3670016,
					"bits_per_second":	29367147.177686125,
					"retransmits":	0,
					"snd_cwnd":	1645296,
					"snd_wnd":	1903808,
					"rtt":	65389,
					"rttvar":	38577,
					"pmtu":	1500,
					"reorder":	0,
					"omitted":	false,
					"sender":	true
				}],
			"sum":	{
				"start":	8.001137,
				"end":	9.000898,
				"seconds":	0.99976098537445068,
				"bytes":	3670016,
				"bits_per_second":	29367147.177686125,
				"retransmits":	0,
				"omitted":	false,
				"sender":	true
			}
		}, {
			"streams":	[{
					"socket":	5,
					"start":	9.000898,
					"end":	10.001946,
					"seconds":	1.0010479688644409,
					"bytes":	1703936,
					"bits_per_second":	13617217.579955889,
					"retransmits":	0,
					"snd_cwnd":	1770928,
					"snd_wnd":	1906240,
					"rtt":	260218,
					"rttvar":	8639,
					"pmtu":	1500,
					"reorder":	0,
					"omitted":	false,
					"sender":	true
				}],
			"sum":	{
				"start":	9.000898,
				"end":	10.001946,
				"seconds":	1.0010479688644409,
				"bytes":	1703936,
				"bits_per_second":	13617217.579955889,
				"retransmits":	0,
				"omitted":	false,
				"sender":	true
			}
		}],
	"end":	{
		"streams":	[{
				"sender":	{
					"socket":	5,
					"start":	0,
					"end":	10.001946,
					"seconds":	10.001946,
					"bytes":	36831232,
					"bits_per_second":	29459252.8293994,
					"retransmits":	0,
					"reorder":	0,
					"max_snd_cwnd":	1770928,
					"max_snd_wnd":	1906240,
					"max_rtt":	415057,
					"min_rtt":	57266,
					"mean_rtt":	168681,
					"sender":	true
				},
				"receiver":	{
					"socket":	5,
					"start":	0,
					"end":	10.51723,
					"seconds":	10.001946,
					"bytes":	34209792,
					"bits_per_second":	26021902.725337375,
					"sender":	true
				}
			}],
		"sum_sent":	{
			"start":	0,
			"end":	10.001946,
			"seconds":	10.001946,
			"bytes":	36831232,
			"bits_per_second":	29459252.8293994,
			"retransmits":	0,
			"sender":	true
		},
		"sum_received":	{
			"start":	0,
			"end":	10.51723,
			"seconds":	10.51723,
			"bytes":	34209792,
			"bits_per_second":	26021902.725337375,
			"sender":	true
		},
		"cpu_utilization_percent":	{
			"host_total":	0.35071812931247576,
			"host_user":	0.050819639380340322,
			"host_system":	0.29987861133272986,
			"remote_total":	17.744128946652658,
			"remote_user":	0.29431885132753272,
			"remote_system":	17.449829042687366
		},
		"sender_tcp_congestion":	"cubic",
		"receiver_tcp_congestion":	"cubic"
	}
}
{
	"start":	{
		"connected":	[{
				"socket":	5,
				"local_host":	"192.168.1.48",
				"local_port":	36972,
				"remote_host":	"192.168.1.58",
				"remote_port":	5201
			}],
		"version":	"iperf 3.20",
		"system_info":	"Linux kuroi-washi 6.19.11+kali-amd64 #1 SMP PREEMPT_DYNAMIC Kali 6.19.11-1kali1 (2026-04-09) x86_64",
		"timestamp":	{
			"time":	"Thu, 23 Apr 2026 22:26:20 GMT",
			"timesecs":	1776983180,
			"timemillisecs":	1776983180106
		},
		"connecting_to":	{
			"host":	"192.168.1.58",
			"port":	5201
		},
		"cookie":	"iqmo2w4jsnqxs7yw4ezfalpvcnaiksto4btg",
		"tcp_mss":	616,
		"target_bitrate":	0,
		"fq_rate":	0,
		"sock_bufsize":	0,
		"sndbuf_actual":	16384,
		"rcvbuf_actual":	131072,
		"test_start":	{
			"protocol":	"TCP",
			"num_streams":	1,
			"blksize":	131072,
			"omit":	0,
			"duration":	10,
			"bytes":	0,
			"blocks":	0,
			"reverse":	0,
			"tos":	0,
			"target_bitrate":	0,
			"bidir":	0,
			"fqrate":	0,
			"interval":	1
		}
	},
	"intervals":	[{
			"streams":	[{
					"socket":	5,
					"start":	0,
					"end":	1.001145,
					"seconds":	1.0011450052261353,
					"bytes":	4980736,
					"bits_per_second":	39800316.429686174,
					"retransmits":	0,
					"snd_cwnd":	216232,
					"snd_wnd":	1140096,
					"rtt":	44013,
					"rttvar":	7419,
					"pmtu":	1500,
					"reorder":	0,
					"omitted":	false,
					"sender":	true
				}],
			"sum":	{
				"start":	0,
				"end":	1.001145,
				"seconds":	1.0011450052261353,
				"bytes":	4980736,
				"bits_per_second":	39800316.429686174,
				"retransmits":	0,
				"omitted":	false,
				"sender":	true
			}
		}, {
			"streams":	[{
					"socket":	5,
					"start":	1.001145,
					"end":	2.00113,
					"seconds":	0.9999849796295166,
					"bytes":	5373952,
					"bits_per_second":	42992261.759699553,
					"retransmits":	0,
					"snd_cwnd":	431256,
					"snd_wnd":	1347840,
					"rtt":	93626,
					"rttvar":	4862,
					"pmtu":	1500,
					"reorder":	0,
					"omitted":	false,
					"sender":	true
				}],
			"sum":	{
				"start":	1.001145,
				"end":	2.00113,
				"seconds":	0.9999849796295166,
				"bytes":	5373952,
				"bits_per_second":	42992261.759699553,
				"retransmits":	0,
				"omitted":	false,
				"sender":	true
			}
		}, {
			"streams":	[{
					"socket":	5,
					"start":	2.00113,
					"end":	3.001143,
					"seconds":	1.000012993812561,
					"bytes":	5505024,
					"bits_per_second":	44039619.757435612,
					"retransmits":	0,
					"snd_cwnd":	640844,
					"snd_wnd":	1519424,
					"rtt":	134862,
					"rttvar":	2115,
					"pmtu":	1500,
					"reorder":	0,
					"omitted":	false,
					"sender":	true
				}],
			"sum":	{
				"start":	2.00113,
				"end":	3.001143,
				"seconds":	1.000012993812561,
				"bytes":	5505024,
				"bits_per_second":	44039619.757435612,
				"retransmits":	0,
				"omitted":	false,
				"sender":	true
			}
		}, {
			"streams":	[{
					"socket":	5,
					"start":	3.001143,
					"end":	4.001148,
					"seconds":	1.0000050067901611,
					"bytes":	3145728,
					"bits_per_second":	25165698.000630852,
					"retransmits":	0,
					"snd_cwnd":	833520,
					"snd_wnd":	1661952,
					"rtt":	50299,
					"rttvar":	8927,
					"pmtu":	1500,
					"reorder":	0,
					"omitted":	false,
					"sender":	true
				}],
			"sum":	{
				"start":	3.001143,
				"end":	4.001148,
				"seconds":	1.0000050067901611,
				"bytes":	3145728,
				"bits_per_second":	25165698.000630852,
				"retransmits":	0,
				"omitted":	false,
				"sender":	true
			}
		}, {
			"streams":	[{
					"socket":	5,
					"start":	4.001148,
					"end":	5.001109,
					"seconds":	0.999961018562317,
					"bytes":	4194304,
					"bits_per_second":	33555740.0509897,
					"retransmits":	0,
					"snd_cwnd":	1011700,
					"snd_wnd":	1794816,
					"rtt":	257020,
					"rttvar":	4459,
					"pmtu":	1500,
					"reorder":	0,
					"omitted":	false,
					"sender":	true
				}],
			"sum":	{
				"start":	4.001148,
				"end":	5.001109,
				"seconds":	0.999961018562317,
				"bytes":	4194304,
				"bits_per_second":	33555740.0509897,
				"retransmits":	0,
				"omitted":	false,
				"sender":	true
			}
		}, {
			"streams":	[{
					"socket":	5,
					"start":	5.001109,
					"end":	6.001145,
					"seconds":	1.0000360012054443,
					"bytes":	2883584,
					"bits_per_second":	23067841.529897925,
					"retransmits":	0,
					"snd_cwnd":	1171760,
					"snd_wnd":	1838336,
					"rtt":	343162,
					"rttvar":	4858,
					"pmtu":	1500,
					"reorder":	0,
					"omitted":	false,
					"sender":	true
				}],
			"sum":	{
				"start":	5.001109,
				"end":	6.001145,
				"seconds":	1.0000360012054443,
				"bytes":	2883584,
				"bits_per_second":	23067841.529897925,
				"retransmits":	0,
				"omitted":	false,
				"sender":	true
			}
		}, {
			"streams":	[{
					"socket":	5,
					"start":	6.001145,
					"end":	7.001146,
					"seconds":	1.0000009536743164,
					"bytes":	2883584,
					"bits_per_second":	23068650.000020981,
					"retransmits":	0,
					"snd_cwnd":	1332424,
					"snd_wnd":	1901120,
					"rtt":	401589,
					"rttvar":	8712,
					"pmtu":	1500,
					"reorder":	0,
					"omitted":	false,
					"sender":	true
				}],
			"sum":	{
				"start":	6.001145,
				"end":	7.001146,
				"seconds":	1.0000009536743164,
				"bytes":	2883584,
				"bits_per_second":	23068650.000020981,
				"retransmits":	0,
				"omitted":	false,
				"sender":	true
			}
		}, {
			"streams":	[{
					"socket":	5,
					"start":	7.001146,
					"end":	8.001144,
					"seconds":	0.99999797344207764,
					"bytes":	4587520,
					"bits_per_second":	36700234.375150725,
					"retransmits":	0,
					"snd_cwnd":	1514228,
					"snd_wnd":	1930368,
					"rtt":	353153,
					"rttvar":	6676,
					"pmtu":	1500,
					"reorder":	0,
					"omitted":	false,
					"sender":	true
				}],
			"sum":	{
				"start":	7.001146,
				"end":	8.001144,
				"seconds":	0.99999797344207764,
				"bytes":	4587520,
				"bits_per_second":	36700234.375150725,
				"retransmits":	0,
				"omitted":	false,
				"sender":	true
			}
		}, {
			"streams":	[{
					"socket":	5,
					"start":	8.001144,
					"end":	9.001118,
					"seconds":	0.999974012374878,
					"bytes":	3407872,
					"bits_per_second":	27263684.518412709,
					"retransmits":	0,
					"snd_cwnd":	1684556,
					"snd_wnd":	1930368,
					"rtt":	74599,
					"rttvar":	9752,
					"pmtu":	1500,
					"reorder":	0,
					"omitted":	false,
					"sender":	true
				}],
			"sum":	{
				"start":	8.001144,
				"end":	9.001118,
				"seconds":	0.999974012374878,
				"bytes":	3407872,
				"bits_per_second":	27263684.518412709,
				"retransmits":	0,
				"omitted":	false,
				"sender":	true
			}
		}, {
			"streams":	[{
					"socket":	5,
					"start":	9.001118,
					"end":	10.001942,
					"seconds":	1.000823974609375,
					"bytes":	1835008,
					"bits_per_second":	14667977.958591249,
					"retransmits":	0,
					"snd_cwnd":	1804148,
					"snd_wnd":	1930368,
					"rtt":	304957,
					"rttvar":	36615,
					"pmtu":	1500,
					"reorder":	0,
					"omitted":	false,
					"sender":	true
				}],
			"sum":	{
				"start":	9.001118,
				"end":	10.001942,
				"seconds":	1.000823974609375,
				"bytes":	1835008,
				"bits_per_second":	14667977.958591249,
				"retransmits":	0,
				"omitted":	false,
				"sender":	true
			}
		}],
	"end":	{
		"streams":	[{
				"sender":	{
					"socket":	5,
					"start":	0,
					"end":	10.001942,
					"seconds":	10.001942,
					"bytes":	38797312,
					"bits_per_second":	31031823.21993069,
					"retransmits":	0,
					"reorder":	0,
					"max_snd_cwnd":	1804148,
					"max_snd_wnd":	1930368,
					"max_rtt":	401589,
					"min_rtt":	44013,
					"mean_rtt":	205728,
					"sender":	true
				},
				"receiver":	{
					"socket":	5,
					"start":	0,
					"end":	10.710975,
					"seconds":	10.001942,
					"bytes":	36306944,
					"bits_per_second":	27117564.180665161,
					"sender":	true
				}
			}],
		"sum_sent":	{
			"start":	0,
			"end":	10.001942,
			"seconds":	10.001942,
			"bytes":	38797312,
			"bits_per_second":	31031823.21993069,
			"retransmits":	0,
			"sender":	true
		},
		"sum_received":	{
			"start":	0,
			"end":	10.710975,
			"seconds":	10.710975,
			"bytes":	36306944,
			"bits_per_second":	27117564.180665161,
			"sender":	true
		},
		"cpu_utilization_percent":	{
			"host_total":	0.30346522383541641,
			"host_user":	0,
			"host_system":	0.303455285885985,
			"remote_total":	17.759899942496329,
			"remote_user":	0.42257105591511113,
			"remote_system":	17.337328886581219
		},
		"sender_tcp_congestion":	"cubic",
		"receiver_tcp_congestion":	"cubic"
	}
}
{
	"start":	{
		"connected":	[{
				"socket":	5,
				"local_host":	"192.168.1.48",
				"local_port":	56012,
				"remote_host":	"192.168.1.58",
				"remote_port":	5201
			}],
		"version":	"iperf 3.20",
		"system_info":	"Linux kuroi-washi 6.19.11+kali-amd64 #1 SMP PREEMPT_DYNAMIC Kali 6.19.11-1kali1 (2026-04-09) x86_64",
		"timestamp":	{
			"time":	"Thu, 23 Apr 2026 22:26:31 GMT",
			"timesecs":	1776983191,
			"timemillisecs":	1776983191020
		},
		"connecting_to":	{
			"host":	"192.168.1.58",
			"port":	5201
		},
		"cookie":	"lzlcz7zxm75wd4lpcgm3wowa36n7k24x5nok",
		"tcp_mss":	616,
		"target_bitrate":	0,
		"fq_rate":	0,
		"sock_bufsize":	0,
		"sndbuf_actual":	16384,
		"rcvbuf_actual":	131072,
		"test_start":	{
			"protocol":	"TCP",
			"num_streams":	1,
			"blksize":	131072,
			"omit":	0,
			"duration":	10,
			"bytes":	0,
			"blocks":	0,
			"reverse":	0,
			"tos":	0,
			"target_bitrate":	0,
			"bidir":	0,
			"fqrate":	0,
			"interval":	1
		}
	},
	"intervals":	[{
			"streams":	[{
					"socket":	5,
					"start":	0,
					"end":	1.001103,
					"seconds":	1.0011030435562134,
					"bytes":	4980736,
					"bits_per_second":	39801984.677277222,
					"retransmits":	0,
					"snd_cwnd":	230728,
					"snd_wnd":	1084288,
					"rtt":	32340,
					"rttvar":	7955,
					"pmtu":	1500,
					"reorder":	0,
					"omitted":	false,
					"sender":	true
				}],
			"sum":	{
				"start":	0,
				"end":	1.001103,
				"seconds":	1.0011030435562134,
				"bytes":	4980736,
				"bits_per_second":	39801984.677277222,
				"retransmits":	0,
				"omitted":	false,
				"sender":	true
			}
		}, {
			"streams":	[{
					"socket":	5,
					"start":	1.001103,
					"end":	2.00111,
					"seconds":	1.0000070333480835,
					"bytes":	5636096,
					"bits_per_second":	45088450.877230436,
					"retransmits":	0,
					"snd_cwnd":	453000,
					"snd_wnd":	1321088,
					"rtt":	86449,
					"rttvar":	3668,
					"pmtu":	1500,
					"reorder":	0,
					"omitted":	false,
					"sender":	true
				}],
			"sum":	{
				"start":	1.001103,
				"end":	2.00111,
				"seconds":	1.0000070333480835,
				"bytes":	5636096,
				"bits_per_second":	45088450.877230436,
				"retransmits":	0,
				"omitted":	false,
				"sender":	true
			}
		}, {
			"streams":	[{
					"socket":	5,
					"start":	2.00111,
					"end":	3.001105,
					"seconds":	0.999994993209839,
					"bytes":	5505024,
					"bits_per_second":	44040412.501104,
					"retransmits":	0,
					"snd_cwnd":	668024,
					"snd_wnd":	1518656,
					"rtt":	143550,
					"rttvar":	9025,
					"pmtu":	1500,
					"reorder":	0,
					"omitted":	false,
					"sender":	true
				}],
			"sum":	{
				"start":	2.00111,
				"end":	3.001105,
				"seconds":	0.999994993209839,
				"bytes":	5505024,
				"bits_per_second":	44040412.501104,
				"retransmits":	0,
				"omitted":	false,
				"sender":	true
			}
		}, {
			"streams":	[{
					"socket":	5,
					"start":	3.001105,
					"end":	4.001076,
					"seconds":	0.99997097253799438,
					"bytes":	2883584,
					"bits_per_second":	23069341.644438077,
					"retransmits":	0,
					"snd_cwnd":	852848,
					"snd_wnd":	1663744,
					"rtt":	185661,
					"rttvar":	9224,
					"pmtu":	1500,
					"reorder":	0,
					"omitted":	false,
					"sender":	true
				}],
			"sum":	{
				"start":	3.001105,
				"end":	4.001076,
				"seconds":	0.99997097253799438,
				"bytes":	2883584,
				"bits_per_second":	23069341.644438077,
				"retransmits":	0,
				"omitted":	false,
				"sender":	true
			}
		}, {
			"streams":	[{
					"socket":	5,
					"start":	4.001076,
					"end":	5.001069,
					"seconds":	0.99999302625656128,
					"bytes":	3014656,
					"bits_per_second":	24117416.1886729,
					"retransmits":	0,
					"snd_cwnd":	1021968,
					"snd_wnd":	1741888,
					"rtt":	255666,
					"rttvar":	4136,
					"pmtu":	1500,
					"reorder":	0,
					"omitted":	false,
					"sender":	true
				}],
			"sum":	{
				"start":	4.001076,
				"end":	5.001069,
				"seconds":	0.99999302625656128,
				"bytes":	3014656,
				"bits_per_second":	24117416.1886729,
				"retransmits":	0,
				"omitted":	false,
				"sender":	true
			}
		}, {
			"streams":	[{
					"socket":	5,
					"start":	5.001069,
					"end":	6.001119,
					"seconds":	1.0000499486923218,
					"bytes":	4194304,
					"bits_per_second":	33552756.083709829,
					"retransmits":	0,
					"snd_cwnd":	1182028,
					"snd_wnd":	1860160,
					"rtt":	370246,
					"rttvar":	5227,
					"pmtu":	1500,
					"reorder":	0,
					"omitted":	false,
					"sender":	true
				}],
			"sum":	{
				"start":	5.001069,
				"end":	6.001119,
				"seconds":	1.0000499486923218,
				"bytes":	4194304,
				"bits_per_second":	33552756.083709829,
				"retransmits":	0,
				"omitted":	false,
				"sender":	true
			}
		}, {
			"streams":	[{
					"socket":	5,
					"start":	6.001119,
					"end":	7.001146,
					"seconds":	1.0000269412994385,
					"bytes":	4063232,
					"bits_per_second":	32504980.273593206,
					"retransmits":	0,
					"snd_cwnd":	1382556,
					"snd_wnd":	1913536,
					"rtt":	74453,
					"rttvar":	10350,
					"pmtu":	1500,
					"reorder":	0,
					"omitted":	false,
					"sender":	true
				}],
			"sum":	{
				"start":	6.001119,
				"end":	7.001146,
				"seconds":	1.0000269412994385,
				"bytes":	4063232,
				"bits_per_second":	32504980.273593206,
				"retransmits":	0,
				"omitted":	false,
				"sender":	true
			}
		}, {
			"streams":	[{
					"socket":	5,
					"start":	7.001146,
					"end":	8.001056,
					"seconds":	0.999909996986389,
					"bytes":	1572864,
					"bits_per_second":	12584044.601937588,
					"retransmits":	0,
					"snd_cwnd":	1455640,
					"snd_wnd":	1918400,
					"rtt":	88522,
					"rttvar":	72474,
					"pmtu":	1500,
					"reorder":	0,
					"omitted":	false,
					"sender":	true
				}],
			"sum":	{
				"start":	7.001146,
				"end":	8.001056,
				"seconds":	0.999909996986389,
				"bytes":	1572864,
				"bits_per_second":	12584044.601937588,
				"retransmits":	0,
				"omitted":	false,
				"sender":	true
			}
		}, {
			"streams":	[{
					"socket":	5,
					"start":	8.001056,
					"end":	9.001146,
					"seconds":	1.0000900030136108,
					"bytes":	3145728,
					"bits_per_second":	25163559.203838479,
					"retransmits":	67,
					"snd_cwnd":	1112568,
					"snd_wnd":	1924352,
					"rtt":	470203,
					"rttvar":	6003,
					"pmtu":	1500,
					"reorder":	0,
					"omitted":	false,
					"sender":	true
				}],
			"sum":	{
				"start":	8.001056,
				"end":	9.001146,
				"seconds":	1.0000900030136108,
				"bytes":	3145728,
				"bits_per_second":	25163559.203838479,
				"retransmits":	67,
				"omitted":	false,
				"sender":	true
			}
		}, {
			"streams":	[{
					"socket":	5,
					"start":	9.001146,
					"end":	10.001975,
					"seconds":	1.0008289813995361,
					"bytes":	1835008,
					"bits_per_second":	14667904.579933064,
					"retransmits":	0,
					"snd_cwnd":	1212832,
					"snd_wnd":	1930240,
					"rtt":	122103,
					"rttvar":	85907,
					"pmtu":	1500,
					"reorder":	0,
					"omitted":	false,
					"sender":	true
				}],
			"sum":	{
				"start":	9.001146,
				"end":	10.001975,
				"seconds":	1.0008289813995361,
				"bytes":	1835008,
				"bits_per_second":	14667904.579933064,
				"retransmits":	0,
				"omitted":	false,
				"sender":	true
			}
		}],
	"end":	{
		"streams":	[{
				"sender":	{
					"socket":	5,
					"start":	0,
					"end":	10.001975,
					"seconds":	10.001975,
					"bytes":	36831232,
					"bits_per_second":	29459167.414435651,
					"retransmits":	67,
					"reorder":	0,
					"max_snd_cwnd":	1455640,
					"max_snd_wnd":	1930240,
					"max_rtt":	470203,
					"min_rtt":	32340,
					"mean_rtt":	182919,
					"sender":	true
				},
				"receiver":	{
					"socket":	5,
					"start":	0,
					"end":	10.074279,
					"seconds":	10.001975,
					"bytes":	35127296,
					"bits_per_second":	27894638.216789506,
					"sender":	true
				}
			}],
		"sum_sent":	{
			"start":	0,
			"end":	10.001975,
			"seconds":	10.001975,
			"bytes":	36831232,
			"bits_per_second":	29459167.414435651,
			"retransmits":	67,
			"sender":	true
		},
		"sum_received":	{
			"start":	0,
			"end":	10.074279,
			"seconds":	10.074279,
			"bytes":	35127296,
			"bits_per_second":	27894638.216789506,
			"sender":	true
		},
		"cpu_utilization_percent":	{
			"host_total":	0.30512631290993641,
			"host_user":	0.023995794871142381,
			"host_system":	0.281130518038794,
			"remote_total":	17.746164839891538,
			"remote_user":	0.25434111386341957,
			"remote_system":	17.491813840257212
		},
		"sender_tcp_congestion":	"cubic",
		"receiver_tcp_congestion":	"cubic"
	}
}
{
	"start":	{
		"connected":	[{
				"socket":	5,
				"local_host":	"192.168.1.48",
				"local_port":	51578,
				"remote_host":	"192.168.1.58",
				"remote_port":	5201
			}],
		"version":	"iperf 3.20",
		"system_info":	"Linux kuroi-washi 6.19.11+kali-amd64 #1 SMP PREEMPT_DYNAMIC Kali 6.19.11-1kali1 (2026-04-09) x86_64",
		"timestamp":	{
			"time":	"Thu, 23 Apr 2026 22:26:41 GMT",
			"timesecs":	1776983201,
			"timemillisecs":	1776983201564
		},
		"connecting_to":	{
			"host":	"192.168.1.58",
			"port":	5201
		},
		"cookie":	"srnzne2zeu44mgp2xjs4dyeeybj7kvlqjtnu",
		"tcp_mss":	616,
		"target_bitrate":	0,
		"fq_rate":	0,
		"sock_bufsize":	0,
		"sndbuf_actual":	16384,
		"rcvbuf_actual":	131072,
		"test_start":	{
			"protocol":	"TCP",
			"num_streams":	1,
			"blksize":	131072,
			"omit":	0,
			"duration":	10,
			"bytes":	0,
			"blocks":	0,
			"reverse":	0,
			"tos":	0,
			"target_bitrate":	0,
			"bidir":	0,
			"fqrate":	0,
			"interval":	1
		}
	},
	"intervals":	[{
			"streams":	[{
					"socket":	5,
					"start":	0,
					"end":	1.001092,
					"seconds":	1.0010919570922852,
					"bytes":	5505024,
					"bits_per_second":	43992154.454938024,
					"retransmits":	0,
					"snd_cwnd":	244016,
					"snd_wnd":	1131776,
					"rtt":	49550,
					"rttvar":	1935,
					"pmtu":	1500,
					"reorder":	0,
					"omitted":	false,
					"sender":	true
				}],
			"sum":	{
				"start":	0,
				"end":	1.001092,
				"seconds":	1.0010919570922852,
				"bytes":	5505024,
				"bits_per_second":	43992154.454938024,
				"retransmits":	0,
				"omitted":	false,
				"sender":	true
			}
		}, {
			"streams":	[{
					"socket":	5,
					"start":	1.001092,
					"end":	2.001155,
					"seconds":	1.0000629425048828,
					"bytes":	5373952,
					"bits_per_second":	42988910.1703117,
					"retransmits":	0,
					"snd_cwnd":	454208,
					"snd_wnd":	1315392,
					"rtt":	117656,
					"rttvar":	757,
					"pmtu":	1500,
					"reorder":	0,
					"omitted":	false,
					"sender":	true
				}],
			"sum":	{
				"start":	1.001092,
				"end":	2.001155,
				"seconds":	1.0000629425048828,
				"bytes":	5373952,
				"bits_per_second":	42988910.1703117,
				"retransmits":	0,
				"omitted":	false,
				"sender":	true
			}
		}, {
			"streams":	[{
					"socket":	5,
					"start":	2.001155,
					"end":	3.00111,
					"seconds":	0.99995499849319458,
					"bytes":	4194304,
					"bits_per_second":	33555942.06795533,
					"retransmits":	0,
					"snd_cwnd":	642656,
					"snd_wnd":	1482048,
					"rtt":	120368,
					"rttvar":	2829,
					"pmtu":	1500,
					"reorder":	0,
					"omitted":	false,
					"sender":	true
				}],
			"sum":	{
				"start":	2.001155,
				"end":	3.00111,
				"seconds":	0.99995499849319458,
				"bytes":	4194304,
				"bits_per_second":	33555942.06795533,
				"retransmits":	0,
				"omitted":	false,
				"sender":	true
			}
		}, {
			"streams":	[{
					"socket":	5,
					"start":	3.00111,
					"end":	4.001139,
					"seconds":	1.0000289678573608,
					"bytes":	4325376,
					"bits_per_second":	34602005.654035814,
					"retransmits":	0,
					"snd_cwnd":	863720,
					"snd_wnd":	1674048,
					"rtt":	175516,
					"rttvar":	4904,
					"pmtu":	1500,
					"reorder":	0,
					"omitted":	false,
					"sender":	true
				}],
			"sum":	{
				"start":	3.00111,
				"end":	4.001139,
				"seconds":	1.0000289678573608,
				"bytes":	4325376,
				"bits_per_second":	34602005.654035814,
				"retransmits":	0,
				"omitted":	false,
				"sender":	true
			}
		}, {
			"streams":	[{
					"socket":	5,
					"start":	4.001139,
					"end":	5.001114,
					"seconds":	0.999975025653839,
					"bytes":	3145728,
					"bits_per_second":	25166452.515696768,
					"retransmits":	0,
					"snd_cwnd":	997808,
					"snd_wnd":	1719936,
					"rtt":	296543,
					"rttvar":	93145,
					"pmtu":	1500,
					"reorder":	0,
					"omitted":	false,
					"sender":	true
				}],
			"sum":	{
				"start":	4.001139,
				"end":	5.001114,
				"seconds":	0.999975025653839,
				"bytes":	3145728,
				"bits_per_second":	25166452.515696768,
				"retransmits":	0,
				"omitted":	false,
				"sender":	true
			}
		}, {
			"streams":	[{
					"socket":	5,
					"start":	5.001114,
					"end":	6.001106,
					"seconds":	0.9999920129776,
					"bytes":	3670016,
					"bits_per_second":	29360362.501872972,
					"retransmits":	0,
					"snd_cwnd":	1178404,
					"snd_wnd":	1751360,
					"rtt":	56344,
					"rttvar":	1706,
					"pmtu":	1500,
					"reorder":	0,
					"omitted":	false,
					"sender":	true
				}],
			"sum":	{
				"start":	5.001114,
				"end":	6.001106,
				"seconds":	0.9999920129776,
				"bytes":	3670016,
				"bits_per_second":	29360362.501872972,
				"retransmits":	0,
				"omitted":	false,
				"sender":	true
			}
		}, {
			"streams":	[{
					"socket":	5,
					"start":	6.001106,
					"end":	7.001142,
					"seconds":	1.0000360012054443,
					"bytes":	1441792,
					"bits_per_second":	11533920.764948962,
					"retransmits":	11,
					"snd_cwnd":	875196,
					"snd_wnd":	1787584,
					"rtt":	333618,
					"rttvar":	9634,
					"pmtu":	1500,
					"reorder":	0,
					"omitted":	false,
					"sender":	true
				}],
			"sum":	{
				"start":	6.001106,
				"end":	7.001142,
				"seconds":	1.0000360012054443,
				"bytes":	1441792,
				"bits_per_second":	11533920.764948962,
				"retransmits":	11,
				"omitted":	false,
				"sender":	true
			}
		}, {
			"streams":	[{
					"socket":	5,
					"start":	7.001142,
					"end":	8.001145,
					"seconds":	1.0000029802322388,
					"bytes":	4456448,
					"bits_per_second":	35651477.75031665,
					"retransmits":	0,
					"snd_cwnd":	965192,
					"snd_wnd":	1880576,
					"rtt":	244906,
					"rttvar":	2198,
					"pmtu":	1500,
					"reorder":	0,
					"omitted":	false,
					"sender":	true
				}],
			"sum":	{
				"start":	7.001142,
				"end":	8.001145,
				"seconds":	1.0000029802322388,
				"bytes":	4456448,
				"bits_per_second":	35651477.75031665,
				"retransmits":	0,
				"omitted":	false,
				"sender":	true
			}
		}, {
			"streams":	[{
					"socket":	5,
					"start":	8.001145,
					"end":	9.001151,
					"seconds":	1.0000059604644775,
					"bytes":	2883584,
					"bits_per_second":	23068534.50081956,
					"retransmits":	0,
					"snd_cwnd":	1028612,
					"snd_wnd":	1790528,
					"rtt":	301567,
					"rttvar":	11771,
					"pmtu":	1500,
					"reorder":	0,
					"omitted":	false,
					"sender":	true
				}],
			"sum":	{
				"start":	8.001145,
				"end":	9.001151,
				"seconds":	1.0000059604644775,
				"bytes":	2883584,
				"bits_per_second":	23068534.50081956,
				"retransmits":	0,
				"omitted":	false,
				"sender":	true
			}
		}, {
			"streams":	[{
					"socket":	5,
					"start":	9.001151,
					"end":	10.002045,
					"seconds":	1.0008939504623413,
					"bytes":	1835008,
					"bits_per_second":	14666952.471057361,
					"retransmits":	1,
					"snd_cwnd":	1118004,
					"snd_wnd":	1927040,
					"rtt":	87208,
					"rttvar":	7604,
					"pmtu":	1500,
					"reorder":	0,
					"omitted":	false,
					"sender":	true
				}],
			"sum":	{
				"start":	9.001151,
				"end":	10.002045,
				"seconds":	1.0008939504623413,
				"bytes":	1835008,
				"bits_per_second":	14666952.471057361,
				"retransmits":	1,
				"omitted":	false,
				"sender":	true
			}
		}],
	"end":	{
		"streams":	[{
				"sender":	{
					"socket":	5,
					"start":	0,
					"end":	10.002045,
					"seconds":	10.002045,
					"bytes":	36831232,
					"bits_per_second":	29458961.242425922,
					"retransmits":	12,
					"reorder":	0,
					"max_snd_cwnd":	1178404,
					"max_snd_wnd":	1927040,
					"max_rtt":	333618,
					"min_rtt":	49550,
					"mean_rtt":	178327,
					"sender":	true
				},
				"receiver":	{
					"socket":	5,
					"start":	0,
					"end":	10.062176,
					"seconds":	10.002045,
					"bytes":	35258368,
					"bits_per_second":	28032400.148834608,
					"sender":	true
				}
			}],
		"sum_sent":	{
			"start":	0,
			"end":	10.002045,
			"seconds":	10.002045,
			"bytes":	36831232,
			"bits_per_second":	29458961.242425922,
			"retransmits":	12,
			"sender":	true
		},
		"sum_received":	{
			"start":	0,
			"end":	10.062176,
			"seconds":	10.062176,
			"bytes":	35258368,
			"bits_per_second":	28032400.148834608,
			"sender":	true
		},
		"cpu_utilization_percent":	{
			"host_total":	0.30323931937256537,
			"host_user":	0,
			"host_system":	0.30323931937256537,
			"remote_total":	18.8828677832109,
			"remote_user":	0,
			"remote_system":	18.882847985625371
		},
		"sender_tcp_congestion":	"cubic",
		"receiver_tcp_congestion":	"cubic"
	}
}
