{
	"start":	{
		"connected":	[{
				"socket":	5,
				"local_host":	"192.168.1.48",
				"local_port":	60632,
				"remote_host":	"192.168.1.58",
				"remote_port":	5201
			}],
		"version":	"iperf 3.20",
		"system_info":	"Linux kuroi-washi 6.19.11+kali-amd64 #1 SMP PREEMPT_DYNAMIC Kali 6.19.11-1kali1 (2026-04-09) x86_64",
		"timestamp":	{
			"time":	"Thu, 23 Apr 2026 22:34:10 GMT",
			"timesecs":	1776983650,
			"timemillisecs":	1776983650443
		},
		"connecting_to":	{
			"host":	"192.168.1.58",
			"port":	5201
		},
		"cookie":	"a3lbh3wtqfpiaxvqsdplc5z4c74vs2x35gym",
		"tcp_mss":	1366,
		"target_bitrate":	0,
		"fq_rate":	0,
		"sock_bufsize":	0,
		"sndbuf_actual":	16384,
		"rcvbuf_actual":	131072,
		"test_start":	{
			"protocol":	"TCP",
			"num_streams":	1,
			"blksize":	131072,
			"omit":	0,
			"duration":	10,
			"bytes":	0,
			"blocks":	0,
			"reverse":	0,
			"tos":	0,
			"target_bitrate":	0,
			"bidir":	0,
			"fqrate":	0,
			"interval":	1
		}
	},
	"intervals":	[{
			"streams":	[{
					"socket":	5,
					"start":	0,
					"end":	1.001112,
					"seconds":	1.00111198425293,
					"bytes":	5505024,
					"bits_per_second":	43991274.39560578,
					"retransmits":	0,
					"snd_cwnd":	341208,
					"snd_wnd":	1261184,
					"rtt":	66366,
					"rttvar":	2326,
					"pmtu":	1500,
					"reorder":	0,
					"omitted":	false,
					"sender":	true
				}],
			"sum":	{
				"start":	0,
				"end":	1.001112,
				"seconds":	1.00111198425293,
				"bytes":	5505024,
				"bits_per_second":	43991274.39560578,
				"retransmits":	0,
				"omitted":	false,
				"sender":	true
			}
		}, {
			"streams":	[{
					"socket":	5,
					"start":	1.001112,
					"end":	2.001118,
					"seconds":	1.0000059604644775,
					"bytes":	5111808,
					"bits_per_second":	40894220.251452856,
					"retransmits":	0,
					"snd_cwnd":	583574,
					"snd_wnd":	1261312,
					"rtt":	127387,
					"rttvar":	6784,
					"pmtu":	1500,
					"reorder":	0,
					"omitted":	false,
					"sender":	true
				}],
			"sum":	{
				"start":	1.001112,
				"end":	2.001118,
				"seconds":	1.0000059604644775,
				"bytes":	5111808,
				"bits_per_second":	40894220.251452856,
				"retransmits":	0,
				"omitted":	false,
				"sender":	true
			}
		}, {
			"streams":	[{
					"socket":	5,
					"start":	2.001118,
					"end":	3.001078,
					"seconds":	0.99996000528335571,
					"bytes":	6029312,
					"bits_per_second":	48236425.2021579,
					"retransmits":	0,
					"snd_cwnd":	831356,
					"snd_wnd":	1935360,
					"rtt":	172336,
					"rttvar":	5889,
					"pmtu":	1500,
					"reorder":	0,
					"omitted":	false,
					"sender":	true
				}],
			"sum":	{
				"start":	2.001118,
				"end":	3.001078,
				"seconds":	0.99996000528335571,
				"bytes":	6029312,
				"bits_per_second":	48236425.2021579,
				"retransmits":	0,
				"omitted":	false,
				"sender":	true
			}
		}, {
			"streams":	[{
					"socket":	5,
					"start":	3.001078,
					"end":	4.001148,
					"seconds":	1.0000699758529663,
					"bytes":	4718592,
					"bits_per_second":	37746094.684828281,
					"retransmits":	0,
					"snd_cwnd":	1039872,
					"snd_wnd":	1935360,
					"rtt":	86934,
					"rttvar":	8307,
					"pmtu":	1500,
					"reorder":	0,
					"omitted":	false,
					"sender":	true
				}],
			"sum":	{
				"start":	3.001078,
				"end":	4.001148,
				"seconds":	1.0000699758529663,
				"bytes":	4718592,
				"bits_per_second":	37746094.684828281,
				"retransmits":	0,
				"omitted":	false,
				"sender":	true
			}
		}, {
			"streams":	[{
					"socket":	5,
					"start":	4.001148,
					"end":	5.001114,
					"seconds":	0.999966025352478,
					"bytes":	5373952,
					"bits_per_second":	42993076.6746259,
					"retransmits":	0,
					"snd_cwnd":	1278176,
					"snd_wnd":	1935360,
					"rtt":	244710,
					"rttvar":	5817,
					"pmtu":	1500,
					"reorder":	0,
					"omitted":	false,
					"sender":	true
				}],
			"sum":	{
				"start":	4.001148,
				"end":	5.001114,
				"seconds":	0.999966025352478,
				"bytes":	5373952,
				"bits_per_second":	42993076.6746259,
				"retransmits":	0,
				"omitted":	false,
				"sender":	true
			}
		}, {
			"streams":	[{
					"socket":	5,
					"start":	5.001114,
					"end":	6.001114,
					"seconds":	1,
					"bytes":	4587520,
					"bits_per_second":	36700160,
					"retransmits":	0,
					"snd_cwnd":	1516480,
					"snd_wnd":	1931648,
					"rtt":	310077,
					"rttvar":	7318,
					"pmtu":	1500,
					"reorder":	0,
					"omitted":	false,
					"sender":	true
				}],
			"sum":	{
				"start":	5.001114,
				"end":	6.001114,
				"seconds":	1,
				"bytes":	4587520,
				"bits_per_second":	36700160,
				"retransmits":	0,
				"omitted":	false,
				"sender":	true
			}
		}, {
			"streams":	[{
					"socket":	5,
					"start":	6.001114,
					"end":	7.001113,
					"seconds":	0.99999898672103882,
					"bytes":	4456448,
					"bits_per_second":	35651620.1250366,
					"retransmits":	0,
					"snd_cwnd":	1753430,
					"snd_wnd":	1935360,
					"rtt":	366762,
					"rttvar":	6321,
					"pmtu":	1500,
					"reorder":	0,
					"omitted":	false,
					"sender":	true
				}],
			"sum":	{
				"start":	6.001114,
				"end":	7.001113,
				"seconds":	0.99999898672103882,
				"bytes":	4456448,
				"bits_per_second":	35651620.1250366,
				"retransmits":	0,
				"omitted":	false,
				"sender":	true
			}
		}, {
			"streams":	[{
					"socket":	5,
					"start":	7.001113,
					"end":	8.00106,
					"seconds":	0.99994701147079468,
					"bytes":	5767168,
					"bits_per_second":	46139788.879550569,
					"retransmits":	0,
					"snd_cwnd":	1994442,
					"snd_wnd":	1935360,
					"rtt":	386184,
					"rttvar":	14110,
					"pmtu":	1500,
					"reorder":	0,
					"omitted":	false,
					"sender":	true
				}],
			"sum":	{
				"start":	7.001113,
				"end":	8.00106,
				"seconds":	0.99994701147079468,
				"bytes":	5767168,
				"bits_per_second":	46139788.879550569,
				"retransmits":	0,
				"omitted":	false,
				"sender":	true
			}
		}, {
			"streams":	[{
					"socket":	5,
					"start":	8.00106,
					"end":	9.001091,
					"seconds":	1.0000309944152832,
					"bytes":	4325376,
					"bits_per_second":	34601935.533240482,
					"retransmits":	0,
					"snd_cwnd":	2032354,
					"snd_wnd":	1935360,
					"rtt":	461981,
					"rttvar":	10969,
					"pmtu":	1500,
					"reorder":	0,
					"omitted":	false,
					"sender":	true
				}],
			"sum":	{
				"start":	8.00106,
				"end":	9.001091,
				"seconds":	1.0000309944152832,
				"bytes":	4325376,
				"bits_per_second":	34601935.533240482,
				"retransmits":	0,
				"omitted":	false,
				"sender":	true
			}
		}, {
			"streams":	[{
					"socket":	5,
					"start":	9.001091,
					"end":	10.00193,
					"seconds":	1.0008389949798584,
					"bytes":	4325376,
					"bits_per_second":	34574000.587073825,
					"retransmits":	0,
					"snd_cwnd":	2032354,
					"snd_wnd":	1935360,
					"rtt":	364740,
					"rttvar":	6227,
					"pmtu":	1500,
					"reorder":	0,
					"omitted":	false,
					"sender":	true
				}],
			"sum":	{
				"start":	9.001091,
				"end":	10.00193,
				"seconds":	1.0008389949798584,
				"bytes":	4325376,
				"bits_per_second":	34574000.587073825,
				"retransmits":	0,
				"omitted":	false,
				"sender":	true
			}
		}],
	"end":	{
		"streams":	[{
				"sender":	{
					"socket":	5,
					"start":	0,
					"end":	10.00193,
					"seconds":	10.00193,
					"bytes":	50200576,
					"bits_per_second":	40152711.326713942,
					"retransmits":	0,
					"reorder":	0,
					"max_snd_cwnd":	2032354,
					"max_snd_wnd":	1935360,
					"max_rtt":	461981,
					"min_rtt":	66366,
					"mean_rtt":	258747,
					"sender":	true
				},
				"receiver":	{
					"socket":	5,
					"start":	0,
					"end":	10.389623,
					"seconds":	10.00193,
					"bytes":	49152000,
					"bits_per_second":	37846994.063210957,
					"sender":	true
				}
			}],
		"sum_sent":	{
			"start":	0,
			"end":	10.00193,
			"seconds":	10.00193,
			"bytes":	50200576,
			"bits_per_second":	40152711.326713942,
			"retransmits":	0,
			"sender":	true
		},
		"sum_received":	{
			"start":	0,
			"end":	10.389623,
			"seconds":	10.389623,
			"bytes":	49152000,
			"bits_per_second":	37846994.063210957,
			"sender":	true
		},
		"cpu_utilization_percent":	{
			"host_total":	0.33357870240210252,
			"host_user":	0,
			"host_system":	0.33357870240210252,
			"remote_total":	15.533459937899213,
			"remote_user":	0.767967574915424,
			"remote_system":	14.766010029305665
		},
		"sender_tcp_congestion":	"cubic",
		"receiver_tcp_congestion":	"cubic"
	}
}
{
	"start":	{
		"connected":	[{
				"socket":	5,
				"local_host":	"192.168.1.48",
				"local_port":	33036,
				"remote_host":	"192.168.1.58",
				"remote_port":	5201
			}],
		"version":	"iperf 3.20",
		"system_info":	"Linux kuroi-washi 6.19.11+kali-amd64 #1 SMP PREEMPT_DYNAMIC Kali 6.19.11-1kali1 (2026-04-09) x86_64",
		"timestamp":	{
			"time":	"Thu, 23 Apr 2026 22:34:21 GMT",
			"timesecs":	1776983661,
			"timemillisecs":	1776983661255
		},
		"connecting_to":	{
			"host":	"192.168.1.58",
			"port":	5201
		},
		"cookie":	"y72wuwiwsrcqpnscomdnxwwvygclgbh2toid",
		"tcp_mss":	1366,
		"target_bitrate":	0,
		"fq_rate":	0,
		"sock_bufsize":	0,
		"sndbuf_actual":	16384,
		"rcvbuf_actual":	131072,
		"test_start":	{
			"protocol":	"TCP",
			"num_streams":	1,
			"blksize":	131072,
			"omit":	0,
			"duration":	10,
			"bytes":	0,
			"blocks":	0,
			"reverse":	0,
			"tos":	0,
			"target_bitrate":	0,
			"bidir":	0,
			"fqrate":	0,
			"interval":	1
		}
	},
	"intervals":	[{
			"streams":	[{
					"socket":	5,
					"start":	0,
					"end":	1.001104,
					"seconds":	1.00110399723053,
					"bytes":	5242880,
					"bits_per_second":	41896786.064217,
					"retransmits":	0,
					"snd_cwnd":	350686,
					"snd_wnd":	1784704,
					"rtt":	80301,
					"rttvar":	4657,
					"pmtu":	1500,
					"reorder":	0,
					"omitted":	false,
					"sender":	true
				}],
			"sum":	{
				"start":	0,
				"end":	1.001104,
				"seconds":	1.00110399723053,
				"bytes":	5242880,
				"bits_per_second":	41896786.064217,
				"retransmits":	0,
				"omitted":	false,
				"sender":	true
			}
		}, {
			"streams":	[{
					"socket":	5,
					"start":	1.001104,
					"end":	2.001117,
					"seconds":	1.000012993812561,
					"bytes":	5767168,
					"bits_per_second":	46136744.507789686,
					"retransmits":	0,
					"snd_cwnd":	590344,
					"snd_wnd":	1784704,
					"rtt":	115110,
					"rttvar":	10060,
					"pmtu":	1500,
					"reorder":	0,
					"omitted":	false,
					"sender":	true
				}],
			"sum":	{
				"start":	1.001104,
				"end":	2.001117,
				"seconds":	1.000012993812561,
				"bytes":	5767168,
				"bits_per_second":	46136744.507789686,
				"retransmits":	0,
				"omitted":	false,
				"sender":	true
			}
		}, {
			"streams":	[{
					"socket":	5,
					"start":	2.001117,
					"end":	3.001065,
					"seconds":	0.999948024749756,
					"bytes":	4980736,
					"bits_per_second":	39847959.107646339,
					"retransmits":	0,
					"snd_cwnd":	816462,
					"snd_wnd":	1784704,
					"rtt":	167979,
					"rttvar":	13037,
					"pmtu":	1500,
					"reorder":	0,
					"omitted":	false,
					"sender":	true
				}],
			"sum":	{
				"start":	2.001117,
				"end":	3.001065,
				"seconds":	0.999948024749756,
				"bytes":	4980736,
				"bits_per_second":	39847959.107646339,
				"retransmits":	0,
				"omitted":	false,
				"sender":	true
			}
		}, {
			"streams":	[{
					"socket":	5,
					"start":	3.001065,
					"end":	4.001029,
					"seconds":	0.99996399879455566,
					"bytes":	5767168,
					"bits_per_second":	46139005.059800155,
					"retransmits":	0,
					"snd_cwnd":	1057474,
					"snd_wnd":	1935360,
					"rtt":	210787,
					"rttvar":	5881,
					"pmtu":	1500,
					"reorder":	0,
					"omitted":	false,
					"sender":	true
				}],
			"sum":	{
				"start":	3.001065,
				"end":	4.001029,
				"seconds":	0.99996399879455566,
				"bytes":	5767168,
				"bits_per_second":	46139005.059800155,
				"retransmits":	0,
				"omitted":	false,
				"sender":	true
			}
		}, {
			"streams":	[{
					"socket":	5,
					"start":	4.001029,
					"end":	5.001097,
					"seconds":	1.0000679492950439,
					"bytes":	5505024,
					"bits_per_second":	44037199.703324452,
					"retransmits":	0,
					"snd_cwnd":	1309318,
					"snd_wnd":	1935360,
					"rtt":	239163,
					"rttvar":	5173,
					"pmtu":	1500,
					"reorder":	0,
					"omitted":	false,
					"sender":	true
				}],
			"sum":	{
				"start":	4.001029,
				"end":	5.001097,
				"seconds":	1.0000679492950439,
				"bytes":	5505024,
				"bits_per_second":	44037199.703324452,
				"retransmits":	0,
				"omitted":	false,
				"sender":	true
			}
		}, {
			"streams":	[{
					"socket":	5,
					"start":	5.001097,
					"end":	6.001108,
					"seconds":	1.0000109672546387,
					"bytes":	4325376,
					"bits_per_second":	34602628.504162028,
					"retransmits":	0,
					"snd_cwnd":	1559808,
					"snd_wnd":	1935360,
					"rtt":	297890,
					"rttvar":	7160,
					"pmtu":	1500,
					"reorder":	0,
					"omitted":	false,
					"sender":	true
				}],
			"sum":	{
				"start":	5.001097,
				"end":	6.001108,
				"seconds":	1.0000109672546387,
				"bytes":	4325376,
				"bits_per_second":	34602628.504162028,
				"retransmits":	0,
				"omitted":	false,
				"sender":	true
			}
		}, {
			"streams":	[{
					"socket":	5,
					"start":	6.001108,
					"end":	7.001105,
					"seconds":	0.99999701976776123,
					"bytes":	4325376,
					"bits_per_second":	34603111.125307336,
					"retransmits":	0,
					"snd_cwnd":	1775094,
					"snd_wnd":	1935360,
					"rtt":	373941,
					"rttvar":	19098,
					"pmtu":	1500,
					"reorder":	0,
					"omitted":	false,
					"sender":	true
				}],
			"sum":	{
				"start":	6.001108,
				"end":	7.001105,
				"seconds":	0.99999701976776123,
				"bytes":	4325376,
				"bits_per_second":	34603111.125307336,
				"retransmits":	0,
				"omitted":	false,
				"sender":	true
			}
		}, {
			"streams":	[{
					"socket":	5,
					"start":	7.001105,
					"end":	8.001076,
					"seconds":	0.99997097253799438,
					"bytes":	6422528,
					"bits_per_second":	51381715.4807939,
					"retransmits":	0,
					"snd_cwnd":	2041832,
					"snd_wnd":	1935360,
					"rtt":	387768,
					"rttvar":	10072,
					"pmtu":	1500,
					"reorder":	0,
					"omitted":	false,
					"sender":	true
				}],
			"sum":	{
				"start":	7.001105,
				"end":	8.001076,
				"seconds":	0.99997097253799438,
				"bytes":	6422528,
				"bits_per_second":	51381715.4807939,
				"retransmits":	0,
				"omitted":	false,
				"sender":	true
			}
		}, {
			"streams":	[{
					"socket":	5,
					"start":	8.001076,
					"end":	9.001069,
					"seconds":	0.99999302625656128,
					"bytes":	4849664,
					"bits_per_second":	38797582.564386845,
					"retransmits":	0,
					"snd_cwnd":	2041832,
					"snd_wnd":	1935360,
					"rtt":	422387,
					"rttvar":	11147,
					"pmtu":	1500,
					"reorder":	0,
					"omitted":	false,
					"sender":	true
				}],
			"sum":	{
				"start":	8.001076,
				"end":	9.001069,
				"seconds":	0.99999302625656128,
				"bytes":	4849664,
				"bits_per_second":	38797582.564386845,
				"retransmits":	0,
				"omitted":	false,
				"sender":	true
			}
		}, {
			"streams":	[{
					"socket":	5,
					"start":	9.001069,
					"end":	10.001931,
					"seconds":	1.0008620023727417,
					"bytes":	4325376,
					"bits_per_second":	34573205.814554565,
					"retransmits":	0,
					"snd_cwnd":	2041832,
					"snd_wnd":	1935360,
					"rtt":	383678,
					"rttvar":	7136,
					"pmtu":	1500,
					"reorder":	0,
					"omitted":	false,
					"sender":	true
				}],
			"sum":	{
				"start":	9.001069,
				"end":	10.001931,
				"seconds":	1.0008620023727417,
				"bytes":	4325376,
				"bits_per_second":	34573205.814554565,
				"retransmits":	0,
				"omitted":	false,
				"sender":	true
			}
		}],
	"end":	{
		"streams":	[{
				"sender":	{
					"socket":	5,
					"start":	0,
					"end":	10.001931,
					"seconds":	10.001931,
					"bytes":	51511296,
					"bits_per_second":	41201080.871283755,
					"retransmits":	0,
					"reorder":	0,
					"max_snd_cwnd":	2041832,
					"max_snd_wnd":	1935360,
					"max_rtt":	422387,
					"min_rtt":	80301,
					"mean_rtt":	267900,
					"sender":	true
				},
				"receiver":	{
					"socket":	5,
					"start":	0,
					"end":	10.423927,
					"seconds":	10.001931,
					"bytes":	50200576,
					"bits_per_second":	38527189.225327455,
					"sender":	true
				}
			}],
		"sum_sent":	{
			"start":	0,
			"end":	10.001931,
			"seconds":	10.001931,
			"bytes":	51511296,
			"bits_per_second":	41201080.871283755,
			"retransmits":	0,
			"sender":	true
		},
		"sum_received":	{
			"start":	0,
			"end":	10.423927,
			"seconds":	10.423927,
			"bytes":	50200576,
			"bits_per_second":	38527189.225327455,
			"sender":	true
		},
		"cpu_utilization_percent":	{
			"host_total":	0.29365666647204081,
			"host_user":	0.0826266229910341,
			"host_system":	0.21103004348100671,
			"remote_total":	15.5235841924008,
			"remote_user":	1.5478927744721391,
			"remote_system":	13.975691417928662
		},
		"sender_tcp_congestion":	"cubic",
		"receiver_tcp_congestion":	"cubic"
	}
}
{
	"start":	{
		"connected":	[{
				"socket":	5,
				"local_host":	"192.168.1.48",
				"local_port":	34394,
				"remote_host":	"192.168.1.58",
				"remote_port":	5201
			}],
		"version":	"iperf 3.20",
		"system_info":	"Linux kuroi-washi 6.19.11+kali-amd64 #1 SMP PREEMPT_DYNAMIC Kali 6.19.11-1kali1 (2026-04-09) x86_64",
		"timestamp":	{
			"time":	"Thu, 23 Apr 2026 22:34:32 GMT",
			"timesecs":	1776983672,
			"timemillisecs":	1776983672147
		},
		"connecting_to":	{
			"host":	"192.168.1.58",
			"port":	5201
		},
		"cookie":	"facskaodrdtw6q7ojfl2guidx32evsv2bted",
		"tcp_mss":	1366,
		"target_bitrate":	0,
		"fq_rate":	0,
		"sock_bufsize":	0,
		"sndbuf_actual":	16384,
		"rcvbuf_actual":	131072,
		"test_start":	{
			"protocol":	"TCP",
			"num_streams":	1,
			"blksize":	131072,
			"omit":	0,
			"duration":	10,
			"bytes":	0,
			"blocks":	0,
			"reverse":	0,
			"tos":	0,
			"target_bitrate":	0,
			"bidir":	0,
			"fqrate":	0,
			"interval":	1
		}
	},
	"intervals":	[{
			"streams":	[{
					"socket":	5,
					"start":	0,
					"end":	1.001129,
					"seconds":	1.0011290311813354,
					"bytes":	5111808,
					"bits_per_second":	40848344.944851317,
					"retransmits":	0,
					"snd_cwnd":	324960,
					"snd_wnd":	1541632,
					"rtt":	61627,
					"rttvar":	7520,
					"pmtu":	1500,
					"reorder":	0,
					"omitted":	false,
					"sender":	true
				}],
			"sum":	{
				"start":	0,
				"end":	1.001129,
				"seconds":	1.0011290311813354,
				"bytes":	5111808,
				"bits_per_second":	40848344.944851317,
				"retransmits":	0,
				"omitted":	false,
				"sender":	true
			}
		}, {
			"streams":	[{
					"socket":	5,
					"start":	1.001129,
					"end":	2.001136,
					"seconds":	1.0000070333480835,
					"bytes":	5111808,
					"bits_per_second":	40894176.377022952,
					"retransmits":	0,
					"snd_cwnd":	551078,
					"snd_wnd":	1541632,
					"rtt":	102582,
					"rttvar":	4099,
					"pmtu":	1500,
					"reorder":	0,
					"omitted":	false,
					"sender":	true
				}],
			"sum":	{
				"start":	1.001129,
				"end":	2.001136,
				"seconds":	1.0000070333480835,
				"bytes":	5111808,
				"bits_per_second":	40894176.377022952,
				"retransmits":	0,
				"omitted":	false,
				"sender":	true
			}
		}, {
			"streams":	[{
					"socket":	5,
					"start":	2.001136,
					"end":	3.001144,
					"seconds":	1.0000079870224,
					"bytes":	5505024,
					"bits_per_second":	44039840.252809413,
					"retransmits":	0,
					"snd_cwnd":	797506,
					"snd_wnd":	1797120,
					"rtt":	170724,
					"rttvar":	8537,
					"pmtu":	1500,
					"reorder":	0,
					"omitted":	false,
					"sender":	true
				}],
			"sum":	{
				"start":	2.001136,
				"end":	3.001144,
				"seconds":	1.0000079870224,
				"bytes":	5505024,
				"bits_per_second":	44039840.252809413,
				"retransmits":	0,
				"omitted":	false,
				"sender":	true
			}
		}, {
			"streams":	[{
					"socket":	5,
					"start":	3.001144,
					"end":	4.001144,
					"seconds":	1,
					"bytes":	5373952,
					"bits_per_second":	42991616,
					"retransmits":	0,
					"snd_cwnd":	1039872,
					"snd_wnd":	1935360,
					"rtt":	202679,
					"rttvar":	8140,
					"pmtu":	1500,
					"reorder":	0,
					"omitted":	false,
					"sender":	true
				}],
			"sum":	{
				"start":	3.001144,
				"end":	4.001144,
				"seconds":	1,
				"bytes":	5373952,
				"bits_per_second":	42991616,
				"retransmits":	0,
				"omitted":	false,
				"sender":	true
			}
		}, {
			"streams":	[{
					"socket":	5,
					"start":	4.001144,
					"end":	5.001058,
					"seconds":	0.999913990497589,
					"bytes":	5373952,
					"bits_per_second":	42995314.005563617,
					"retransmits":	0,
					"snd_cwnd":	1264636,
					"snd_wnd":	1935360,
					"rtt":	266813,
					"rttvar":	8229,
					"pmtu":	1500,
					"reorder":	0,
					"omitted":	false,
					"sender":	true
				}],
			"sum":	{
				"start":	4.001144,
				"end":	5.001058,
				"seconds":	0.999913990497589,
				"bytes":	5373952,
				"bits_per_second":	42995314.005563617,
				"retransmits":	0,
				"omitted":	false,
				"sender":	true
			}
		}, {
			"streams":	[{
					"socket":	5,
					"start":	5.001058,
					"end":	6.001119,
					"seconds":	1.00006103515625,
					"bytes":	4325376,
					"bits_per_second":	34600896.128898382,
					"retransmits":	0,
					"snd_cwnd":	1478568,
					"snd_wnd":	1935360,
					"rtt":	365446,
					"rttvar":	8311,
					"pmtu":	1500,
					"reorder":	0,
					"omitted":	false,
					"sender":	true
				}],
			"sum":	{
				"start":	5.001058,
				"end":	6.001119,
				"seconds":	1.00006103515625,
				"bytes":	4325376,
				"bits_per_second":	34600896.128898382,
				"retransmits":	0,
				"omitted":	false,
				"sender":	true
			}
		}, {
			"streams":	[{
					"socket":	5,
					"start":	6.001119,
					"end":	7.001125,
					"seconds":	1.0000059604644775,
					"bytes":	4325376,
					"bits_per_second":	34602801.751229338,
					"retransmits":	0,
					"snd_cwnd":	1684376,
					"snd_wnd":	1935360,
					"rtt":	378823,
					"rttvar":	9879,
					"pmtu":	1500,
					"reorder":	0,
					"omitted":	false,
					"sender":	true
				}],
			"sum":	{
				"start":	6.001119,
				"end":	7.001125,
				"seconds":	1.0000059604644775,
				"bytes":	4325376,
				"bits_per_second":	34602801.751229338,
				"retransmits":	0,
				"omitted":	false,
				"sender":	true
			}
		}, {
			"streams":	[{
					"socket":	5,
					"start":	7.001125,
					"end":	8.001111,
					"seconds":	0.99998599290847778,
					"bytes":	4194304,
					"bits_per_second":	33554902.006583422,
					"retransmits":	0,
					"snd_cwnd":	1888830,
					"snd_wnd":	1935360,
					"rtt":	421990,
					"rttvar":	8464,
					"pmtu":	1500,
					"reorder":	0,
					"omitted":	false,
					"sender":	true
				}],
			"sum":	{
				"start":	7.001125,
				"end":	8.001111,
				"seconds":	0.99998599290847778,
				"bytes":	4194304,
				"bits_per_second":	33554902.006583422,
				"retransmits":	0,
				"omitted":	false,
				"sender":	true
			}
		}, {
			"streams":	[{
					"socket":	5,
					"start":	8.001111,
					"end":	9.001108,
					"seconds":	0.99999701976776123,
					"bytes":	4456448,
					"bits_per_second":	35651690.25031665,
					"retransmits":	0,
					"snd_cwnd":	2029646,
					"snd_wnd":	1935360,
					"rtt":	465934,
					"rttvar":	4456,
					"pmtu":	1500,
					"reorder":	0,
					"omitted":	false,
					"sender":	true
				}],
			"sum":	{
				"start":	8.001111,
				"end":	9.001108,
				"seconds":	0.99999701976776123,
				"bytes":	4456448,
				"bits_per_second":	35651690.25031665,
				"retransmits":	0,
				"omitted":	false,
				"sender":	true
			}
		}, {
			"streams":	[{
					"socket":	5,
					"start":	9.001108,
					"end":	10.002166,
					"seconds":	1.0010579824447632,
					"bytes":	4194304,
					"bits_per_second":	33518969.518682681,
					"retransmits":	0,
					"snd_cwnd":	2029646,
					"snd_wnd":	1935360,
					"rtt":	439045,
					"rttvar":	4889,
					"pmtu":	1500,
					"reorder":	0,
					"omitted":	false,
					"sender":	true
				}],
			"sum":	{
				"start":	9.001108,
				"end":	10.002166,
				"seconds":	1.0010579824447632,
				"bytes":	4194304,
				"bits_per_second":	33518969.518682681,
				"retransmits":	0,
				"omitted":	false,
				"sender":	true
			}
		}],
	"end":	{
		"streams":	[{
				"sender":	{
					"socket":	5,
					"start":	0,
					"end":	10.002166,
					"seconds":	10.002166,
					"bytes":	47972352,
					"bits_per_second":	38369570.750975333,
					"retransmits":	0,
					"reorder":	0,
					"max_snd_cwnd":	2029646,
					"max_snd_wnd":	1935360,
					"max_rtt":	465934,
					"min_rtt":	61627,
					"mean_rtt":	287566,
					"sender":	true
				},
				"receiver":	{
					"socket":	5,
					"start":	0,
					"end":	10.497748,
					"seconds":	10.002166,
					"bytes":	46268416,
					"bits_per_second":	35259688.839930244,
					"sender":	true
				}
			}],
		"sum_sent":	{
			"start":	0,
			"end":	10.002166,
			"seconds":	10.002166,
			"bytes":	47972352,
			"bits_per_second":	38369570.750975333,
			"retransmits":	0,
			"sender":	true
		},
		"sum_received":	{
			"start":	0,
			"end":	10.497748,
			"seconds":	10.497748,
			"bytes":	46268416,
			"bits_per_second":	35259688.839930244,
			"sender":	true
		},
		"cpu_utilization_percent":	{
			"host_total":	0.317470000962783,
			"host_user":	0,
			"host_system":	0.317479936804075,
			"remote_total":	15.002893552815374,
			"remote_user":	0.9162648580831585,
			"remote_system":	14.086619212337279
		},
		"sender_tcp_congestion":	"cubic",
		"receiver_tcp_congestion":	"cubic"
	}
}
{
	"start":	{
		"connected":	[{
				"socket":	5,
				"local_host":	"192.168.1.48",
				"local_port":	49560,
				"remote_host":	"192.168.1.58",
				"remote_port":	5201
			}],
		"version":	"iperf 3.20",
		"system_info":	"Linux kuroi-washi 6.19.11+kali-amd64 #1 SMP PREEMPT_DYNAMIC Kali 6.19.11-1kali1 (2026-04-09) x86_64",
		"timestamp":	{
			"time":	"Thu, 23 Apr 2026 22:34:43 GMT",
			"timesecs":	1776983683,
			"timemillisecs":	1776983683194
		},
		"connecting_to":	{
			"host":	"192.168.1.58",
			"port":	5201
		},
		"cookie":	"argas7gpthzo5y5q7beyegitjejfg33pk74l",
		"tcp_mss":	1366,
		"target_bitrate":	0,
		"fq_rate":	0,
		"sock_bufsize":	0,
		"sndbuf_actual":	16384,
		"rcvbuf_actual":	131072,
		"test_start":	{
			"protocol":	"TCP",
			"num_streams":	1,
			"blksize":	131072,
			"omit":	0,
			"duration":	10,
			"bytes":	0,
			"blocks":	0,
			"reverse":	0,
			"tos":	0,
			"target_bitrate":	0,
			"bidir":	0,
			"fqrate":	0,
			"interval":	1
		}
	},
	"intervals":	[{
			"streams":	[{
					"socket":	5,
					"start":	0,
					"end":	1.001108,
					"seconds":	1.0011080503463745,
					"bytes":	5242880,
					"bits_per_second":	41896616.439642131,
					"retransmits":	0,
					"snd_cwnd":	402138,
					"snd_wnd":	1935360,
					"rtt":	66733,
					"rttvar":	20596,
					"pmtu":	1500,
					"reorder":	0,
					"omitted":	false,
					"sender":	true
				}],
			"sum":	{
				"start":	0,
				"end":	1.001108,
				"seconds":	1.0011080503463745,
				"bytes":	5242880,
				"bits_per_second":	41896616.439642131,
				"retransmits":	0,
				"omitted":	false,
				"sender":	true
			}
		}, {
			"streams":	[{
					"socket":	5,
					"start":	1.001108,
					"end":	2.00111,
					"seconds":	1.0000020265579224,
					"bytes":	4325376,
					"bits_per_second":	34602937.875142112,
					"retransmits":	0,
					"snd_cwnd":	607946,
					"snd_wnd":	1935360,
					"rtt":	143371,
					"rttvar":	11080,
					"pmtu":	1500,
					"reorder":	0,
					"omitted":	false,
					"sender":	true
				}],
			"sum":	{
				"start":	1.001108,
				"end":	2.00111,
				"seconds":	1.0000020265579224,
				"bytes":	4325376,
				"bits_per_second":	34602937.875142112,
				"retransmits":	0,
				"omitted":	false,
				"sender":	true
			}
		}, {
			"streams":	[{
					"socket":	5,
					"start":	2.00111,
					"end":	3.001111,
					"seconds":	1.0000009536743164,
					"bytes":	5111808,
					"bits_per_second":	40894425.0000372,
					"retransmits":	0,
					"snd_cwnd":	820524,
					"snd_wnd":	1935360,
					"rtt":	177521,
					"rttvar":	5474,
					"pmtu":	1500,
					"reorder":	0,
					"omitted":	false,
					"sender":	true
				}],
			"sum":	{
				"start":	2.00111,
				"end":	3.001111,
				"seconds":	1.0000009536743164,
				"bytes":	5111808,
				"bits_per_second":	40894425.0000372,
				"retransmits":	0,
				"omitted":	false,
				"sender":	true
			}
		}, {
			"streams":	[{
					"socket":	5,
					"start":	3.001111,
					"end":	4.001123,
					"seconds":	1.0000120401382446,
					"bytes":	4456448,
					"bits_per_second":	35651154.75516817,
					"retransmits":	0,
					"snd_cwnd":	1023624,
					"snd_wnd":	1935360,
					"rtt":	230073,
					"rttvar":	1810,
					"pmtu":	1500,
					"reorder":	0,
					"omitted":	false,
					"sender":	true
				}],
			"sum":	{
				"start":	3.001111,
				"end":	4.001123,
				"seconds":	1.0000120401382446,
				"bytes":	4456448,
				"bits_per_second":	35651154.75516817,
				"retransmits":	0,
				"omitted":	false,
				"sender":	true
			}
		}, {
			"streams":	[{
					"socket":	5,
					"start":	4.001123,
					"end":	5.001105,
					"seconds":	0.99998199939727783,
					"bytes":	5373952,
					"bits_per_second":	42992389.88893047,
					"retransmits":	0,
					"snd_cwnd":	1226724,
					"snd_wnd":	1935360,
					"rtt":	291736,
					"rttvar":	7383,
					"pmtu":	1500,
					"reorder":	0,
					"omitted":	false,
					"sender":	true
				}],
			"sum":	{
				"start":	4.001123,
				"end":	5.001105,
				"seconds":	0.99998199939727783,
				"bytes":	5373952,
				"bits_per_second":	42992389.88893047,
				"retransmits":	0,
				"omitted":	false,
				"sender":	true
			}
		}, {
			"streams":	[{
					"socket":	5,
					"start":	5.001105,
					"end":	6.001133,
					"seconds":	1.0000280141830444,
					"bytes":	2883584,
					"bits_per_second":	23068025.768103659,
					"retransmits":	0,
					"snd_cwnd":	1421700,
					"snd_wnd":	1935360,
					"rtt":	342787,
					"rttvar":	3976,
					"pmtu":	1500,
					"reorder":	0,
					"omitted":	false,
					"sender":	true
				}],
			"sum":	{
				"start":	5.001105,
				"end":	6.001133,
				"seconds":	1.0000280141830444,
				"bytes":	2883584,
				"bits_per_second":	23068025.768103659,
				"retransmits":	0,
				"omitted":	false,
				"sender":	true
			}
		}, {
			"streams":	[{
					"socket":	5,
					"start":	6.001133,
					"end":	7.001147,
					"seconds":	1.0000139474868774,
					"bytes":	4325376,
					"bits_per_second":	34602525.3817313,
					"retransmits":	0,
					"snd_cwnd":	1618030,
					"snd_wnd":	1935360,
					"rtt":	372617,
					"rttvar":	4061,
					"pmtu":	1500,
					"reorder":	0,
					"omitted":	false,
					"sender":	true
				}],
			"sum":	{
				"start":	6.001133,
				"end":	7.001147,
				"seconds":	1.0000139474868774,
				"bytes":	4325376,
				"bits_per_second":	34602525.3817313,
				"retransmits":	0,
				"omitted":	false,
				"sender":	true
			}
		}, {
			"streams":	[{
					"socket":	5,
					"start":	7.001147,
					"end":	8.001126,
					"seconds":	0.999979019165039,
					"bytes":	4325376,
					"bits_per_second":	34603734.0152324,
					"retransmits":	0,
					"snd_cwnd":	1826546,
					"snd_wnd":	1935360,
					"rtt":	410871,
					"rttvar":	10717,
					"pmtu":	1500,
					"reorder":	0,
					"omitted":	false,
					"sender":	true
				}],
			"sum":	{
				"start":	7.001147,
				"end":	8.001126,
				"seconds":	0.999979019165039,
				"bytes":	4325376,
				"bits_per_second":	34603734.0152324,
				"retransmits":	0,
				"omitted":	false,
				"sender":	true
			}
		}, {
			"streams":	[{
					"socket":	5,
					"start":	8.001126,
					"end":	9.001132,
					"seconds":	1.0000059604644775,
					"bytes":	4325376,
					"bits_per_second":	34602801.751229338,
					"retransmits":	0,
					"snd_cwnd":	2033708,
					"snd_wnd":	1935360,
					"rtt":	462625,
					"rttvar":	11201,
					"pmtu":	1500,
					"reorder":	0,
					"omitted":	false,
					"sender":	true
				}],
			"sum":	{
				"start":	8.001126,
				"end":	9.001132,
				"seconds":	1.0000059604644775,
				"bytes":	4325376,
				"bits_per_second":	34602801.751229338,
				"retransmits":	0,
				"omitted":	false,
				"sender":	true
			}
		}, {
			"streams":	[{
					"socket":	5,
					"start":	9.001132,
					"end":	10.002073,
					"seconds":	1.0009410381317139,
					"bytes":	4325376,
					"bits_per_second":	34570475.8639805,
					"retransmits":	0,
					"snd_cwnd":	2033708,
					"snd_wnd":	1935360,
					"rtt":	441994,
					"rttvar":	4363,
					"pmtu":	1500,
					"reorder":	0,
					"omitted":	false,
					"sender":	true
				}],
			"sum":	{
				"start":	9.001132,
				"end":	10.002073,
				"seconds":	1.0009410381317139,
				"bytes":	4325376,
				"bits_per_second":	34570475.8639805,
				"retransmits":	0,
				"omitted":	false,
				"sender":	true
			}
		}],
	"end":	{
		"streams":	[{
				"sender":	{
					"socket":	5,
					"start":	0,
					"end":	10.002073,
					"seconds":	10.002073,
					"bytes":	44695552,
					"bits_per_second":	35749030.8259098,
					"retransmits":	0,
					"reorder":	0,
					"max_snd_cwnd":	2033708,
					"max_snd_wnd":	1935360,
					"max_rtt":	462625,
					"min_rtt":	66733,
					"mean_rtt":	294032,
					"sender":	true
				},
				"receiver":	{
					"socket":	5,
					"start":	0,
					"end":	10.503823,
					"seconds":	10.002073,
					"bytes":	43253760,
					"bits_per_second":	32943251.233384263,
					"sender":	true
				}
			}],
		"sum_sent":	{
			"start":	0,
			"end":	10.002073,
			"seconds":	10.002073,
			"bytes":	44695552,
			"bits_per_second":	35749030.8259098,
			"retransmits":	0,
			"sender":	true
		},
		"sum_received":	{
			"start":	0,
			"end":	10.503823,
			"seconds":	10.503823,
			"bytes":	43253760,
			"bits_per_second":	32943251.233384263,
			"sender":	true
		},
		"cpu_utilization_percent":	{
			"host_total":	0.28350542873536838,
			"host_user":	0,
			"host_system":	0.283515367924428,
			"remote_total":	14.682054402399833,
			"remote_user":	1.0760624759481738,
			"remote_system":	13.605972974015357
		},
		"sender_tcp_congestion":	"cubic",
		"receiver_tcp_congestion":	"cubic"
	}
}
{
	"start":	{
		"connected":	[{
				"socket":	5,
				"local_host":	"192.168.1.48",
				"local_port":	43778,
				"remote_host":	"192.168.1.58",
				"remote_port":	5201
			}],
		"version":	"iperf 3.20",
		"system_info":	"Linux kuroi-washi 6.19.11+kali-amd64 #1 SMP PREEMPT_DYNAMIC Kali 6.19.11-1kali1 (2026-04-09) x86_64",
		"timestamp":	{
			"time":	"Thu, 23 Apr 2026 22:34:54 GMT",
			"timesecs":	1776983694,
			"timemillisecs":	1776983694157
		},
		"connecting_to":	{
			"host":	"192.168.1.58",
			"port":	5201
		},
		"cookie":	"c2ty5eobwxncjkh2kn4tejle535w6cjcr3fb",
		"tcp_mss":	1366,
		"target_bitrate":	0,
		"fq_rate":	0,
		"sock_bufsize":	0,
		"sndbuf_actual":	16384,
		"rcvbuf_actual":	131072,
		"test_start":	{
			"protocol":	"TCP",
			"num_streams":	1,
			"blksize":	131072,
			"omit":	0,
			"duration":	10,
			"bytes":	0,
			"blocks":	0,
			"reverse":	0,
			"tos":	0,
			"target_bitrate":	0,
			"bidir":	0,
			"fqrate":	0,
			"interval":	1
		}
	},
	"intervals":	[{
			"streams":	[{
					"socket":	5,
					"start":	0,
					"end":	1.000392,
					"seconds":	1.000391960144043,
					"bytes":	5111808,
					"bits_per_second":	40878441.280267537,
					"retransmits":	0,
					"snd_cwnd":	429218,
					"snd_wnd":	1315136,
					"rtt":	89825,
					"rttvar":	6953,
					"pmtu":	1500,
					"reorder":	0,
					"omitted":	false,
					"sender":	true
				}],
			"sum":	{
				"start":	0,
				"end":	1.000392,
				"seconds":	1.000391960144043,
				"bytes":	5111808,
				"bits_per_second":	40878441.280267537,
				"retransmits":	0,
				"omitted":	false,
				"sender":	true
			}
		}, {
			"streams":	[{
					"socket":	5,
					"start":	1.000392,
					"end":	2.000392,
					"seconds":	1,
					"bytes":	5111808,
					"bits_per_second":	40894464,
					"retransmits":	0,
					"snd_cwnd":	633672,
					"snd_wnd":	1489152,
					"rtt":	139712,
					"rttvar":	8924,
					"pmtu":	1500,
					"reorder":	0,
					"omitted":	false,
					"sender":	true
				}],
			"sum":	{
				"start":	1.000392,
				"end":	2.000392,
				"seconds":	1,
				"bytes":	5111808,
				"bits_per_second":	40894464,
				"retransmits":	0,
				"omitted":	false,
				"sender":	true
			}
		}, {
			"streams":	[{
					"socket":	5,
					"start":	2.000392,
					"end":	3.001059,
					"seconds":	1.0006669759750366,
					"bytes":	4456448,
					"bits_per_second":	35627821.099283874,
					"retransmits":	0,
					"snd_cwnd":	842188,
					"snd_wnd":	1746048,
					"rtt":	201634,
					"rttvar":	4818,
					"pmtu":	1500,
					"reorder":	0,
					"omitted":	false,
					"sender":	true
				}],
			"sum":	{
				"start":	2.000392,
				"end":	3.001059,
				"seconds":	1.0006669759750366,
				"bytes":	4456448,
				"bits_per_second":	35627821.099283874,
				"retransmits":	0,
				"omitted":	false,
				"sender":	true
			}
		}, {
			"streams":	[{
					"socket":	5,
					"start":	3.001059,
					"end":	4.001074,
					"seconds":	1.0000150203704834,
					"bytes":	4194304,
					"bits_per_second":	33553928.007570151,
					"retransmits":	0,
					"snd_cwnd":	1037164,
					"snd_wnd":	1931648,
					"rtt":	255614,
					"rttvar":	9924,
					"pmtu":	1500,
					"reorder":	0,
					"omitted":	false,
					"sender":	true
				}],
			"sum":	{
				"start":	3.001059,
				"end":	4.001074,
				"seconds":	1.0000150203704834,
				"bytes":	4194304,
				"bits_per_second":	33553928.007570151,
				"retransmits":	0,
				"omitted":	false,
				"sender":	true
			}
		}, {
			"streams":	[{
					"socket":	5,
					"start":	4.001074,
					"end":	5.000472,
					"seconds":	0.99939799308776855,
					"bytes":	5373952,
					"bits_per_second":	43017512.84007673,
					"retransmits":	0,
					"snd_cwnd":	1241618,
					"snd_wnd":	1935360,
					"rtt":	286154,
					"rttvar":	10794,
					"pmtu":	1500,
					"reorder":	0,
					"omitted":	false,
					"sender":	true
				}],
			"sum":	{
				"start":	4.001074,
				"end":	5.000472,
				"seconds":	0.99939799308776855,
				"bytes":	5373952,
				"bits_per_second":	43017512.84007673,
				"retransmits":	0,
				"omitted":	false,
				"sender":	true
			}
		}, {
			"streams":	[{
					"socket":	5,
					"start":	5.000472,
					"end":	6.000486,
					"seconds":	1.0000139474868774,
					"bytes":	4194304,
					"bits_per_second":	33553964.006527334,
					"retransmits":	0,
					"snd_cwnd":	1446072,
					"snd_wnd":	1935360,
					"rtt":	327565,
					"rttvar":	18345,
					"pmtu":	1500,
					"reorder":	0,
					"omitted":	false,
					"sender":	true
				}],
			"sum":	{
				"start":	5.000472,
				"end":	6.000486,
				"seconds":	1.0000139474868774,
				"bytes":	4194304,
				"bits_per_second":	33553964.006527334,
				"retransmits":	0,
				"omitted":	false,
				"sender":	true
			}
		}, {
			"streams":	[{
					"socket":	5,
					"start":	6.000486,
					"end":	7.000507,
					"seconds":	1.0000209808349609,
					"bytes":	3014656,
					"bits_per_second":	24116742.010616079,
					"retransmits":	0,
					"snd_cwnd":	1658650,
					"snd_wnd":	1934464,
					"rtt":	416029,
					"rttvar":	14227,
					"pmtu":	1500,
					"reorder":	0,
					"omitted":	false,
					"sender":	true
				}],
			"sum":	{
				"start":	6.000486,
				"end":	7.000507,
				"seconds":	1.0000209808349609,
				"bytes":	3014656,
				"bits_per_second":	24116742.010616079,
				"retransmits":	0,
				"omitted":	false,
				"sender":	true
			}
		}, {
			"streams":	[{
					"socket":	5,
					"start":	7.000507,
					"end":	8.000484,
					"seconds":	0.9999769926071167,
					"bytes":	4325376,
					"bits_per_second":	34603804.143317185,
					"retransmits":	0,
					"snd_cwnd":	1877998,
					"snd_wnd":	1935360,
					"rtt":	380267,
					"rttvar":	5014,
					"pmtu":	1500,
					"reorder":	0,
					"omitted":	false,
					"sender":	true
				}],
			"sum":	{
				"start":	7.000507,
				"end":	8.000484,
				"seconds":	0.9999769926071167,
				"bytes":	4325376,
				"bits_per_second":	34603804.143317185,
				"retransmits":	0,
				"omitted":	false,
				"sender":	true
			}
		}, {
			"streams":	[{
					"socket":	5,
					"start":	8.000484,
					"end":	9.00046,
					"seconds":	0.99997597932815552,
					"bytes":	4325376,
					"bits_per_second":	34603839.207466163,
					"retransmits":	0,
					"snd_cwnd":	2013398,
					"snd_wnd":	1935360,
					"rtt":	417954,
					"rttvar":	2490,
					"pmtu":	1500,
					"reorder":	0,
					"omitted":	false,
					"sender":	true
				}],
			"sum":	{
				"start":	8.000484,
				"end":	9.00046,
				"seconds":	0.99997597932815552,
				"bytes":	4325376,
				"bits_per_second":	34603839.207466163,
				"retransmits":	0,
				"omitted":	false,
				"sender":	true
			}
		}, {
			"streams":	[{
					"socket":	5,
					"start":	9.00046,
					"end":	10.001343,
					"seconds":	1.0008829832077026,
					"bytes":	5767168,
					"bits_per_second":	46096641.439677276,
					"retransmits":	0,
					"snd_cwnd":	2013398,
					"snd_wnd":	1935360,
					"rtt":	392467,
					"rttvar":	4168,
					"pmtu":	1500,
					"reorder":	0,
					"omitted":	false,
					"sender":	true
				}],
			"sum":	{
				"start":	9.00046,
				"end":	10.001343,
				"seconds":	1.0008829832077026,
				"bytes":	5767168,
				"bits_per_second":	46096641.439677276,
				"retransmits":	0,
				"omitted":	false,
				"sender":	true
			}
		}],
	"end":	{
		"streams":	[{
				"sender":	{
					"socket":	5,
					"start":	0,
					"end":	10.001343,
					"seconds":	10.001343,
					"bytes":	45875200,
					"bits_per_second":	36695231.830365181,
					"retransmits":	0,
					"reorder":	0,
					"max_snd_cwnd":	2013398,
					"max_snd_wnd":	1935360,
					"max_rtt":	417954,
					"min_rtt":	89825,
					"mean_rtt":	290722,
					"sender":	true
				},
				"receiver":	{
					"socket":	5,
					"start":	0,
					"end":	10.442568,
					"seconds":	10.001343,
					"bytes":	43909120,
					"bits_per_second":	33638560.936352059,
					"sender":	true
				}
			}],
		"sum_sent":	{
			"start":	0,
			"end":	10.001343,
			"seconds":	10.001343,
			"bytes":	45875200,
			"bits_per_second":	36695231.830365181,
			"retransmits":	0,
			"sender":	true
		},
		"sum_received":	{
			"start":	0,
			"end":	10.442568,
			"seconds":	10.442568,
			"bytes":	43909120,
			"bits_per_second":	33638560.936352059,
			"sender":	true
		},
		"cpu_utilization_percent":	{
			"host_total":	0.29865625545092866,
			"host_user":	0,
			"host_system":	0.2986761221611961,
			"remote_total":	14.737144104150421,
			"remote_user":	0.97575207963582145,
			"remote_system":	13.761372948787013
		},
		"sender_tcp_congestion":	"cubic",
		"receiver_tcp_congestion":	"cubic"
	}
}
{
	"start":	{
		"connected":	[{
				"socket":	5,
				"local_host":	"192.168.1.48",
				"local_port":	34660,
				"remote_host":	"192.168.1.58",
				"remote_port":	5201
			}],
		"version":	"iperf 3.20",
		"system_info":	"Linux kuroi-washi 6.19.11+kali-amd64 #1 SMP PREEMPT_DYNAMIC Kali 6.19.11-1kali1 (2026-04-09) x86_64",
		"timestamp":	{
			"time":	"Thu, 23 Apr 2026 22:35:05 GMT",
			"timesecs":	1776983705,
			"timemillisecs":	1776983705134
		},
		"connecting_to":	{
			"host":	"192.168.1.58",
			"port":	5201
		},
		"cookie":	"jmzrv6u5bt2xjpjctltl64drrdyxdt75svi5",
		"tcp_mss":	1366,
		"target_bitrate":	0,
		"fq_rate":	0,
		"sock_bufsize":	0,
		"sndbuf_actual":	16384,
		"rcvbuf_actual":	131072,
		"test_start":	{
			"protocol":	"TCP",
			"num_streams":	1,
			"blksize":	131072,
			"omit":	0,
			"duration":	10,
			"bytes":	0,
			"blocks":	0,
			"reverse":	0,
			"tos":	0,
			"target_bitrate":	0,
			"bidir":	0,
			"fqrate":	0,
			"interval":	1
		}
	},
	"intervals":	[{
			"streams":	[{
					"socket":	5,
					"start":	0,
					"end":	1.001082,
					"seconds":	1.0010819435119629,
					"bytes":	5111808,
					"bits_per_second":	40850266.319393776,
					"retransmits":	0,
					"snd_cwnd":	338500,
					"snd_wnd":	851136,
					"rtt":	64571,
					"rttvar":	4706,
					"pmtu":	1500,
					"reorder":	0,
					"omitted":	false,
					"sender":	true
				}],
			"sum":	{
				"start":	0,
				"end":	1.001082,
				"seconds":	1.0010819435119629,
				"bytes":	5111808,
				"bits_per_second":	40850266.319393776,
				"retransmits":	0,
				"omitted":	false,
				"sender":	true
			}
		}, {
			"streams":	[{
					"socket":	5,
					"start":	1.001082,
					"end":	2.00106,
					"seconds":	0.999978005886078,
					"bytes":	5898240,
					"bits_per_second":	47186957.835326269,
					"retransmits":	0,
					"snd_cwnd":	580866,
					"snd_wnd":	1273728,
					"rtt":	113525,
					"rttvar":	13340,
					"pmtu":	1500,
					"reorder":	0,
					"omitted":	false,
					"sender":	true
				}],
			"sum":	{
				"start":	1.001082,
				"end":	2.00106,
				"seconds":	0.999978005886078,
				"bytes":	5898240,
				"bits_per_second":	47186957.835326269,
				"retransmits":	0,
				"omitted":	false,
				"sender":	true
			}
		}, {
			"streams":	[{
					"socket":	5,
					"start":	2.00106,
					"end":	3.001058,
					"seconds":	0.99999797344207764,
					"bytes":	5242880,
					"bits_per_second":	41943125.000172257,
					"retransmits":	0,
					"snd_cwnd":	820524,
					"snd_wnd":	1536128,
					"rtt":	184992,
					"rttvar":	5496,
					"pmtu":	1500,
					"reorder":	0,
					"omitted":	false,
					"sender":	true
				}],
			"sum":	{
				"start":	2.00106,
				"end":	3.001058,
				"seconds":	0.99999797344207764,
				"bytes":	5242880,
				"bits_per_second":	41943125.000172257,
				"retransmits":	0,
				"omitted":	false,
				"sender":	true
			}
		}, {
			"streams":	[{
					"socket":	5,
					"start":	3.001058,
					"end":	4.001066,
					"seconds":	1.0000079870224,
					"bytes":	5505024,
					"bits_per_second":	44039840.252809413,
					"retransmits":	0,
					"snd_cwnd":	1066952,
					"snd_wnd":	1935360,
					"rtt":	201936,
					"rttvar":	12052,
					"pmtu":	1500,
					"reorder":	0,
					"omitted":	false,
					"sender":	true
				}],
			"sum":	{
				"start":	3.001058,
				"end":	4.001066,
				"seconds":	1.0000079870224,
				"bytes":	5505024,
				"bits_per_second":	44039840.252809413,
				"retransmits":	0,
				"omitted":	false,
				"sender":	true
			}
		}, {
			"streams":	[{
					"socket":	5,
					"start":	4.001066,
					"end":	5.001064,
					"seconds":	0.99999797344207764,
					"bytes":	5636096,
					"bits_per_second":	45088859.375185177,
					"retransmits":	0,
					"snd_cwnd":	1306610,
					"snd_wnd":	1931648,
					"rtt":	259311,
					"rttvar":	9370,
					"pmtu":	1500,
					"reorder":	0,
					"omitted":	false,
					"sender":	true
				}],
			"sum":	{
				"start":	4.001066,
				"end":	5.001064,
				"seconds":	0.99999797344207764,
				"bytes":	5636096,
				"bits_per_second":	45088859.375185177,
				"retransmits":	0,
				"omitted":	false,
				"sender":	true
			}
		}, {
			"streams":	[{
					"socket":	5,
					"start":	5.001064,
					"end":	6.001061,
					"seconds":	0.99999701976776123,
					"bytes":	4325376,
					"bits_per_second":	34603111.125307336,
					"retransmits":	0,
					"snd_cwnd":	1555746,
					"snd_wnd":	1935360,
					"rtt":	278143,
					"rttvar":	5908,
					"pmtu":	1500,
					"reorder":	0,
					"omitted":	false,
					"sender":	true
				}],
			"sum":	{
				"start":	5.001064,
				"end":	6.001061,
				"seconds":	0.99999701976776123,
				"bytes":	4325376,
				"bits_per_second":	34603111.125307336,
				"retransmits":	0,
				"omitted":	false,
				"sender":	true
			}
		}, {
			"streams":	[{
					"socket":	5,
					"start":	6.001061,
					"end":	7.001109,
					"seconds":	1.000048041343689,
					"bytes":	5767168,
					"bits_per_second":	46135127.60647852,
					"retransmits":	0,
					"snd_cwnd":	1796758,
					"snd_wnd":	1935360,
					"rtt":	338966,
					"rttvar":	2938,
					"pmtu":	1500,
					"reorder":	0,
					"omitted":	false,
					"sender":	true
				}],
			"sum":	{
				"start":	6.001061,
				"end":	7.001109,
				"seconds":	1.000048041343689,
				"bytes":	5767168,
				"bits_per_second":	46135127.60647852,
				"retransmits":	0,
				"omitted":	false,
				"sender":	true
			}
		}, {
			"streams":	[{
					"socket":	5,
					"start":	7.001109,
					"end":	8.001057,
					"seconds":	0.999948024749756,
					"bytes":	2883584,
					"bits_per_second":	23069871.062321566,
					"retransmits":	0,
					"snd_cwnd":	2007982,
					"snd_wnd":	1935360,
					"rtt":	385760,
					"rttvar":	15119,
					"pmtu":	1500,
					"reorder":	0,
					"omitted":	false,
					"sender":	true
				}],
			"sum":	{
				"start":	7.001109,
				"end":	8.001057,
				"seconds":	0.999948024749756,
				"bytes":	2883584,
				"bits_per_second":	23069871.062321566,
				"retransmits":	0,
				"omitted":	false,
				"sender":	true
			}
		}, {
			"streams":	[{
					"socket":	5,
					"start":	8.001057,
					"end":	9.001057,
					"seconds":	1,
					"bytes":	4456448,
					"bits_per_second":	35651584,
					"retransmits":	0,
					"snd_cwnd":	2033708,
					"snd_wnd":	1935360,
					"rtt":	516860,
					"rttvar":	5353,
					"pmtu":	1500,
					"reorder":	0,
					"omitted":	false,
					"sender":	true
				}],
			"sum":	{
				"start":	8.001057,
				"end":	9.001057,
				"seconds":	1,
				"bytes":	4456448,
				"bits_per_second":	35651584,
				"retransmits":	0,
				"omitted":	false,
				"sender":	true
			}
		}, {
			"streams":	[{
					"socket":	5,
					"start":	9.001057,
					"end":	10.002027,
					"seconds":	1.0009700059890747,
					"bytes":	2883584,
					"bits_per_second":	23046316.934547376,
					"retransmits":	0,
					"snd_cwnd":	2033708,
					"snd_wnd":	1935552,
					"rtt":	542196,
					"rttvar":	8314,
					"pmtu":	1500,
					"reorder":	0,
					"omitted":	false,
					"sender":	true
				}],
			"sum":	{
				"start":	9.001057,
				"end":	10.002027,
				"seconds":	1.0009700059890747,
				"bytes":	2883584,
				"bits_per_second":	23046316.934547376,
				"retransmits":	0,
				"omitted":	false,
				"sender":	true
			}
		}],
	"end":	{
		"streams":	[{
				"sender":	{
					"socket":	5,
					"start":	0,
					"end":	10.002027,
					"seconds":	10.002027,
					"bytes":	47710208,
					"bits_per_second":	38160431.280579425,
					"retransmits":	0,
					"reorder":	0,
					"max_snd_cwnd":	2033708,
					"max_snd_wnd":	1935552,
					"max_rtt":	542196,
					"min_rtt":	64571,
					"mean_rtt":	288626,
					"sender":	true
				},
				"receiver":	{
					"socket":	5,
					"start":	0,
					"end":	10.47739,
					"seconds":	10.002027,
					"bytes":	46923776,
					"bits_per_second":	35828599.298107639,
					"sender":	true
				}
			}],
		"sum_sent":	{
			"start":	0,
			"end":	10.002027,
			"seconds":	10.002027,
			"bytes":	47710208,
			"bits_per_second":	38160431.280579425,
			"retransmits":	0,
			"sender":	true
		},
		"sum_received":	{
			"start":	0,
			"end":	10.47739,
			"seconds":	10.47739,
			"bytes":	46923776,
			"bits_per_second":	35828599.298107639,
			"sender":	true
		},
		"cpu_utilization_percent":	{
			"host_total":	0.30518279954672867,
			"host_user":	0,
			"host_system":	0.30520267986719946,
			"remote_total":	15.345288384064512,
			"remote_user":	0.7273402346537573,
			"remote_system":	14.617957645333918
		},
		"sender_tcp_congestion":	"cubic",
		"receiver_tcp_congestion":	"cubic"
	}
}
{
	"start":	{
		"connected":	[{
				"socket":	5,
				"local_host":	"192.168.1.48",
				"local_port":	44304,
				"remote_host":	"192.168.1.58",
				"remote_port":	5201
			}],
		"version":	"iperf 3.20",
		"system_info":	"Linux kuroi-washi 6.19.11+kali-amd64 #1 SMP PREEMPT_DYNAMIC Kali 6.19.11-1kali1 (2026-04-09) x86_64",
		"timestamp":	{
			"time":	"Thu, 23 Apr 2026 22:35:15 GMT",
			"timesecs":	1776983715,
			"timemillisecs":	1776983715992
		},
		"connecting_to":	{
			"host":	"192.168.1.58",
			"port":	5201
		},
		"cookie":	"gc7gf7xaa57rz6rsf4kcpf2p7vwqbjtqpnez",
		"tcp_mss":	1366,
		"target_bitrate":	0,
		"fq_rate":	0,
		"sock_bufsize":	0,
		"sndbuf_actual":	16384,
		"rcvbuf_actual":	131072,
		"test_start":	{
			"protocol":	"TCP",
			"num_streams":	1,
			"blksize":	131072,
			"omit":	0,
			"duration":	10,
			"bytes":	0,
			"blocks":	0,
			"reverse":	0,
			"tos":	0,
			"target_bitrate":	0,
			"bidir":	0,
			"fqrate":	0,
			"interval":	1
		}
	},
	"intervals":	[{
			"streams":	[{
					"socket":	5,
					"start":	0,
					"end":	1.001105,
					"seconds":	1.0011049509048462,
					"bytes":	4718592,
					"bits_per_second":	37707071.537185885,
					"retransmits":	0,
					"snd_cwnd":	311420,
					"snd_wnd":	1721152,
					"rtt":	62946,
					"rttvar":	11957,
					"pmtu":	1500,
					"reorder":	0,
					"omitted":	false,
					"sender":	true
				}],
			"sum":	{
				"start":	0,
				"end":	1.001105,
				"seconds":	1.0011049509048462,
				"bytes":	4718592,
				"bits_per_second":	37707071.537185885,
				"retransmits":	0,
				"omitted":	false,
				"sender":	true
			}
		}, {
			"streams":	[{
					"socket":	5,
					"start":	1.001105,
					"end":	2.001059,
					"seconds":	0.9999539852142334,
					"bytes":	4456448,
					"bits_per_second":	35653224.575490728,
					"retransmits":	0,
					"snd_cwnd":	511812,
					"snd_wnd":	1718272,
					"rtt":	53569,
					"rttvar":	21749,
					"pmtu":	1500,
					"reorder":	0,
					"omitted":	false,
					"sender":	true
				}],
			"sum":	{
				"start":	1.001105,
				"end":	2.001059,
				"seconds":	0.9999539852142334,
				"bytes":	4456448,
				"bits_per_second":	35653224.575490728,
				"retransmits":	0,
				"omitted":	false,
				"sender":	true
			}
		}, {
			"streams":	[{
					"socket":	5,
					"start":	2.001059,
					"end":	3.001104,
					"seconds":	1.0000449419021606,
					"bytes":	4456448,
					"bits_per_second":	35649981.822004929,
					"retransmits":	0,
					"snd_cwnd":	716266,
					"snd_wnd":	1803968,
					"rtt":	152503,
					"rttvar":	9335,
					"pmtu":	1500,
					"reorder":	0,
					"omitted":	false,
					"sender":	true
				}],
			"sum":	{
				"start":	2.001059,
				"end":	3.001104,
				"seconds":	1.0000449419021606,
				"bytes":	4456448,
				"bits_per_second":	35649981.822004929,
				"retransmits":	0,
				"omitted":	false,
				"sender":	true
			}
		}, {
			"streams":	[{
					"socket":	5,
					"start":	3.001104,
					"end":	4.001098,
					"seconds":	0.99999397993087769,
					"bytes":	4718592,
					"bits_per_second":	37748963.251368068,
					"retransmits":	0,
					"snd_cwnd":	908534,
					"snd_wnd":	1898048,
					"rtt":	207611,
					"rttvar":	4812,
					"pmtu":	1500,
					"reorder":	0,
					"omitted":	false,
					"sender":	true
				}],
			"sum":	{
				"start":	3.001104,
				"end":	4.001098,
				"seconds":	0.99999397993087769,
				"bytes":	4718592,
				"bits_per_second":	37748963.251368068,
				"retransmits":	0,
				"omitted":	false,
				"sender":	true
			}
		}, {
			"streams":	[{
					"socket":	5,
					"start":	4.001098,
					"end":	5.001111,
					"seconds":	1.000012993812561,
					"bytes":	3407872,
					"bits_per_second":	27262621.754603,
					"retransmits":	0,
					"snd_cwnd":	1098094,
					"snd_wnd":	1935360,
					"rtt":	255990,
					"rttvar":	3460,
					"pmtu":	1500,
					"reorder":	0,
					"omitted":	false,
					"sender":	true
				}],
			"sum":	{
				"start":	4.001098,
				"end":	5.001111,
				"seconds":	1.000012993812561,
				"bytes":	3407872,
				"bits_per_second":	27262621.754603,
				"retransmits":	0,
				"omitted":	false,
				"sender":	true
			}
		}, {
			"streams":	[{
					"socket":	5,
					"start":	5.001111,
					"end":	6.001104,
					"seconds":	0.99999302625656128,
					"bytes":	5636096,
					"bits_per_second":	45089082.439692825,
					"retransmits":	0,
					"snd_cwnd":	1302548,
					"snd_wnd":	1935360,
					"rtt":	303209,
					"rttvar":	11823,
					"pmtu":	1500,
					"reorder":	0,
					"omitted":	false,
					"sender":	true
				}],
			"sum":	{
				"start":	5.001111,
				"end":	6.001104,
				"seconds":	0.99999302625656128,
				"bytes":	5636096,
				"bits_per_second":	45089082.439692825,
				"retransmits":	0,
				"omitted":	false,
				"sender":	true
			}
		}, {
			"streams":	[{
					"socket":	5,
					"start":	6.001104,
					"end":	7.001111,
					"seconds":	1.0000070333480835,
					"bytes":	2883584,
					"bits_per_second":	23068509.751141153,
					"retransmits":	0,
					"snd_cwnd":	1496170,
					"snd_wnd":	1935360,
					"rtt":	365076,
					"rttvar":	7277,
					"pmtu":	1500,
					"reorder":	0,
					"omitted":	false,
					"sender":	true
				}],
			"sum":	{
				"start":	6.001104,
				"end":	7.001111,
				"seconds":	1.0000070333480835,
				"bytes":	2883584,
				"bits_per_second":	23068509.751141153,
				"retransmits":	0,
				"omitted":	false,
				"sender":	true
			}
		}, {
			"streams":	[{
					"socket":	5,
					"start":	7.001111,
					"end":	8.001121,
					"seconds":	1.0000100135803223,
					"bytes":	4587520,
					"bits_per_second":	36699792.503679954,
					"retransmits":	0,
					"snd_cwnd":	1687084,
					"snd_wnd":	1935360,
					"rtt":	323240,
					"rttvar":	9871,
					"pmtu":	1500,
					"reorder":	0,
					"omitted":	false,
					"sender":	true
				}],
			"sum":	{
				"start":	7.001111,
				"end":	8.001121,
				"seconds":	1.0000100135803223,
				"bytes":	4587520,
				"bits_per_second":	36699792.503679954,
				"retransmits":	0,
				"omitted":	false,
				"sender":	true
			}
		}, {
			"streams":	[{
					"socket":	5,
					"start":	8.001121,
					"end":	9.001076,
					"seconds":	0.99995499849319458,
					"bytes":	3407872,
					"bits_per_second":	27264202.930213708,
					"retransmits":	0,
					"snd_cwnd":	1898308,
					"snd_wnd":	1935360,
					"rtt":	452575,
					"rttvar":	5613,
					"pmtu":	1500,
					"reorder":	0,
					"omitted":	false,
					"sender":	true
				}],
			"sum":	{
				"start":	8.001121,
				"end":	9.001076,
				"seconds":	0.99995499849319458,
				"bytes":	3407872,
				"bits_per_second":	27264202.930213708,
				"retransmits":	0,
				"omitted":	false,
				"sender":	true
			}
		}, {
			"streams":	[{
					"socket":	5,
					"start":	9.001076,
					"end":	10.00205,
					"seconds":	1.0009740591049194,
					"bytes":	4325376,
					"bits_per_second":	34569335.424079165,
					"retransmits":	0,
					"snd_cwnd":	2033708,
					"snd_wnd":	1935360,
					"rtt":	489577,
					"rttvar":	11100,
					"pmtu":	1500,
					"reorder":	0,
					"omitted":	false,
					"sender":	true
				}],
			"sum":	{
				"start":	9.001076,
				"end":	10.00205,
				"seconds":	1.0009740591049194,
				"bytes":	4325376,
				"bits_per_second":	34569335.424079165,
				"retransmits":	0,
				"omitted":	false,
				"sender":	true
			}
		}],
	"end":	{
		"streams":	[{
				"sender":	{
					"socket":	5,
					"start":	0,
					"end":	10.00205,
					"seconds":	10.00205,
					"bytes":	42598400,
					"bits_per_second":	34071735.294264674,
					"retransmits":	0,
					"reorder":	0,
					"max_snd_cwnd":	2033708,
					"max_snd_wnd":	1935360,
					"max_rtt":	489577,
					"min_rtt":	53569,
					"mean_rtt":	266629,
					"sender":	true
				},
				"receiver":	{
					"socket":	5,
					"start":	0,
					"end":	10.49481,
					"seconds":	10.00205,
					"bytes":	41418752,
					"bits_per_second":	31572750.340406355,
					"sender":	true
				}
			}],
		"sum_sent":	{
			"start":	0,
			"end":	10.00205,
			"seconds":	10.00205,
			"bytes":	42598400,
			"bits_per_second":	34071735.294264674,
			"retransmits":	0,
			"sender":	true
		},
		"sum_received":	{
			"start":	0,
			"end":	10.49481,
			"seconds":	10.49481,
			"bytes":	41418752,
			"bits_per_second":	31572750.340406355,
			"sender":	true
		},
		"cpu_utilization_percent":	{
			"host_total":	0.28528050712650033,
			"host_user":	0.068919034883222,
			"host_system":	0.21636147224327831,
			"remote_total":	14.309087658101733,
			"remote_user":	0.7496905016978842,
			"remote_system":	13.559368744687008
		},
		"sender_tcp_congestion":	"cubic",
		"receiver_tcp_congestion":	"cubic"
	}
}
{
	"start":	{
		"connected":	[{
				"socket":	5,
				"local_host":	"192.168.1.48",
				"local_port":	49234,
				"remote_host":	"192.168.1.58",
				"remote_port":	5201
			}],
		"version":	"iperf 3.20",
		"system_info":	"Linux kuroi-washi 6.19.11+kali-amd64 #1 SMP PREEMPT_DYNAMIC Kali 6.19.11-1kali1 (2026-04-09) x86_64",
		"timestamp":	{
			"time":	"Thu, 23 Apr 2026 22:35:26 GMT",
			"timesecs":	1776983726,
			"timemillisecs":	1776983726905
		},
		"connecting_to":	{
			"host":	"192.168.1.58",
			"port":	5201
		},
		"cookie":	"cyp2teywmcelobm5t4hjiyfi5mcdzwwtriqo",
		"tcp_mss":	1366,
		"target_bitrate":	0,
		"fq_rate":	0,
		"sock_bufsize":	0,
		"sndbuf_actual":	16384,
		"rcvbuf_actual":	131072,
		"test_start":	{
			"protocol":	"TCP",
			"num_streams":	1,
			"blksize":	131072,
			"omit":	0,
			"duration":	10,
			"bytes":	0,
			"blocks":	0,
			"reverse":	0,
			"tos":	0,
			"target_bitrate":	0,
			"bidir":	0,
			"fqrate":	0,
			"interval":	1
		}
	},
	"intervals":	[{
			"streams":	[{
					"socket":	5,
					"start":	0,
					"end":	1.001108,
					"seconds":	1.0011080503463745,
					"bytes":	4587520,
					"bits_per_second":	36659539.384686865,
					"retransmits":	0,
					"snd_cwnd":	312774,
					"snd_wnd":	1935360,
					"rtt":	82634,
					"rttvar":	6097,
					"pmtu":	1500,
					"reorder":	0,
					"omitted":	false,
					"sender":	true
				}],
			"sum":	{
				"start":	0,
				"end":	1.001108,
				"seconds":	1.0011080503463745,
				"bytes":	4587520,
				"bits_per_second":	36659539.384686865,
				"retransmits":	0,
				"omitted":	false,
				"sender":	true
			}
		}, {
			"streams":	[{
					"socket":	5,
					"start":	1.001108,
					"end":	2.001098,
					"seconds":	0.99998998641967773,
					"bytes":	4325376,
					"bits_per_second":	34603354.503469743,
					"retransmits":	0,
					"snd_cwnd":	510458,
					"snd_wnd":	1934400,
					"rtt":	135365,
					"rttvar":	10357,
					"pmtu":	1500,
					"reorder":	0,
					"omitted":	false,
					"sender":	true
				}],
			"sum":	{
				"start":	1.001108,
				"end":	2.001098,
				"seconds":	0.99998998641967773,
				"bytes":	4325376,
				"bits_per_second":	34603354.503469743,
				"retransmits":	0,
				"omitted":	false,
				"sender":	true
			}
		}, {
			"streams":	[{
					"socket":	5,
					"start":	2.001098,
					"end":	3.001103,
					"seconds":	1.0000050067901611,
					"bytes":	4456448,
					"bits_per_second":	35651405.5008937,
					"retransmits":	0,
					"snd_cwnd":	706788,
					"snd_wnd":	1935360,
					"rtt":	171741,
					"rttvar":	18817,
					"pmtu":	1500,
					"reorder":	0,
					"omitted":	false,
					"sender":	true
				}],
			"sum":	{
				"start":	2.001098,
				"end":	3.001103,
				"seconds":	1.0000050067901611,
				"bytes":	4456448,
				"bits_per_second":	35651405.5008937,
				"retransmits":	0,
				"omitted":	false,
				"sender":	true
			}
		}, {
			"streams":	[{
					"socket":	5,
					"start":	3.001103,
					"end":	4.001107,
					"seconds":	1.0000040531158447,
					"bytes":	4849664,
					"bits_per_second":	38797154.750637352,
					"retransmits":	0,
					"snd_cwnd":	893640,
					"snd_wnd":	1931648,
					"rtt":	222700,
					"rttvar":	4655,
					"pmtu":	1500,
					"reorder":	0,
					"omitted":	false,
					"sender":	true
				}],
			"sum":	{
				"start":	3.001103,
				"end":	4.001107,
				"seconds":	1.0000040531158447,
				"bytes":	4849664,
				"bits_per_second":	38797154.750637352,
				"retransmits":	0,
				"omitted":	false,
				"sender":	true
			}
		}, {
			"streams":	[{
					"socket":	5,
					"start":	4.001107,
					"end":	5.001098,
					"seconds":	0.999990999698639,
					"bytes":	3932160,
					"bits_per_second":	31457563.127548233,
					"retransmits":	0,
					"snd_cwnd":	1085908,
					"snd_wnd":	1935360,
					"rtt":	260861,
					"rttvar":	6363,
					"pmtu":	1500,
					"reorder":	0,
					"omitted":	false,
					"sender":	true
				}],
			"sum":	{
				"start":	4.001107,
				"end":	5.001098,
				"seconds":	0.999990999698639,
				"bytes":	3932160,
				"bits_per_second":	31457563.127548233,
				"retransmits":	0,
				"omitted":	false,
				"sender":	true
			}
		}, {
			"streams":	[{
					"socket":	5,
					"start":	5.001098,
					"end":	6.001109,
					"seconds":	1.0000109672546387,
					"bytes":	4063232,
					"bits_per_second":	32505499.503909782,
					"retransmits":	0,
					"snd_cwnd":	1268698,
					"snd_wnd":	1935360,
					"rtt":	322920,
					"rttvar":	13021,
					"pmtu":	1500,
					"reorder":	0,
					"omitted":	false,
					"sender":	true
				}],
			"sum":	{
				"start":	5.001098,
				"end":	6.001109,
				"seconds":	1.0000109672546387,
				"bytes":	4063232,
				"bits_per_second":	32505499.503909782,
				"retransmits":	0,
				"omitted":	false,
				"sender":	true
			}
		}, {
			"streams":	[{
					"socket":	5,
					"start":	6.001109,
					"end":	7.001064,
					"seconds":	0.99995499849319458,
					"bytes":	4456448,
					"bits_per_second":	35653188.447202541,
					"retransmits":	0,
					"snd_cwnd":	1459612,
					"snd_wnd":	1935360,
					"rtt":	352301,
					"rttvar":	11138,
					"pmtu":	1500,
					"reorder":	0,
					"omitted":	false,
					"sender":	true
				}],
			"sum":	{
				"start":	6.001109,
				"end":	7.001064,
				"seconds":	0.99995499849319458,
				"bytes":	4456448,
				"bits_per_second":	35653188.447202541,
				"retransmits":	0,
				"omitted":	false,
				"sender":	true
			}
		}, {
			"streams":	[{
					"socket":	5,
					"start":	7.001064,
					"end":	8.001076,
					"seconds":	1.0000120401382446,
					"bytes":	2752512,
					"bits_per_second":	22019830.8781921,
					"retransmits":	0,
					"snd_cwnd":	1655942,
					"snd_wnd":	1935360,
					"rtt":	402685,
					"rttvar":	7119,
					"pmtu":	1500,
					"reorder":	0,
					"omitted":	false,
					"sender":	true
				}],
			"sum":	{
				"start":	7.001064,
				"end":	8.001076,
				"seconds":	1.0000120401382446,
				"bytes":	2752512,
				"bits_per_second":	22019830.8781921,
				"retransmits":	0,
				"omitted":	false,
				"sender":	true
			}
		}, {
			"streams":	[{
					"socket":	5,
					"start":	8.001076,
					"end":	9.001129,
					"seconds":	1.00005304813385,
					"bytes":	4325376,
					"bits_per_second":	34601172.472371317,
					"retransmits":	0,
					"snd_cwnd":	1857688,
					"snd_wnd":	1935360,
					"rtt":	436225,
					"rttvar":	6785,
					"pmtu":	1500,
					"reorder":	0,
					"omitted":	false,
					"sender":	true
				}],
			"sum":	{
				"start":	8.001076,
				"end":	9.001129,
				"seconds":	1.00005304813385,
				"bytes":	4325376,
				"bits_per_second":	34601172.472371317,
				"retransmits":	0,
				"omitted":	false,
				"sender":	true
			}
		}, {
			"streams":	[{
					"socket":	5,
					"start":	9.001129,
					"end":	10.001999,
					"seconds":	1.0008699893951416,
					"bytes":	4325376,
					"bits_per_second":	34572929.9176127,
					"retransmits":	0,
					"snd_cwnd":	2033708,
					"snd_wnd":	1935360,
					"rtt":	499249,
					"rttvar":	5150,
					"pmtu":	1500,
					"reorder":	0,
					"omitted":	false,
					"sender":	true
				}],
			"sum":	{
				"start":	9.001129,
				"end":	10.001999,
				"seconds":	1.0008699893951416,
				"bytes":	4325376,
				"bits_per_second":	34572929.9176127,
				"retransmits":	0,
				"omitted":	false,
				"sender":	true
			}
		}],
	"end":	{
		"streams":	[{
				"sender":	{
					"socket":	5,
					"start":	0,
					"end":	10.001999,
					"seconds":	10.001999,
					"bytes":	42074112,
					"bits_per_second":	33652562.4527657,
					"retransmits":	0,
					"reorder":	0,
					"max_snd_cwnd":	2033708,
					"max_snd_wnd":	1935360,
					"max_rtt":	499249,
					"min_rtt":	82634,
					"mean_rtt":	288668,
					"sender":	true
				},
				"receiver":	{
					"socket":	5,
					"start":	0,
					"end":	10.53278,
					"seconds":	10.001999,
					"bytes":	40501248,
					"bits_per_second":	30762057.500488948,
					"sender":	true
				}
			}],
		"sum_sent":	{
			"start":	0,
			"end":	10.001999,
			"seconds":	10.001999,
			"bytes":	42074112,
			"bits_per_second":	33652562.4527657,
			"retransmits":	0,
			"sender":	true
		},
		"sum_received":	{
			"start":	0,
			"end":	10.53278,
			"seconds":	10.53278,
			"bytes":	40501248,
			"bits_per_second":	30762057.500488948,
			"sender":	true
		},
		"cpu_utilization_percent":	{
			"host_total":	0.27943760896909708,
			"host_user":	0.010328942043213711,
			"host_system":	0.2691285302759665,
			"remote_total":	14.214098860319091,
			"remote_user":	0.571050407196345,
			"remote_system":	13.643020094856508
		},
		"sender_tcp_congestion":	"cubic",
		"receiver_tcp_congestion":	"cubic"
	}
}
{
	"start":	{
		"connected":	[{
				"socket":	5,
				"local_host":	"192.168.1.48",
				"local_port":	48366,
				"remote_host":	"192.168.1.58",
				"remote_port":	5201
			}],
		"version":	"iperf 3.20",
		"system_info":	"Linux kuroi-washi 6.19.11+kali-amd64 #1 SMP PREEMPT_DYNAMIC Kali 6.19.11-1kali1 (2026-04-09) x86_64",
		"timestamp":	{
			"time":	"Thu, 23 Apr 2026 22:35:37 GMT",
			"timesecs":	1776983737,
			"timemillisecs":	1776983737978
		},
		"connecting_to":	{
			"host":	"192.168.1.58",
			"port":	5201
		},
		"cookie":	"itrlhyud6dkayiypkvjkloc6jlarkppbmz2r",
		"tcp_mss":	1366,
		"target_bitrate":	0,
		"fq_rate":	0,
		"sock_bufsize":	0,
		"sndbuf_actual":	16384,
		"rcvbuf_actual":	131072,
		"test_start":	{
			"protocol":	"TCP",
			"num_streams":	1,
			"blksize":	131072,
			"omit":	0,
			"duration":	10,
			"bytes":	0,
			"blocks":	0,
			"reverse":	0,
			"tos":	0,
			"target_bitrate":	0,
			"bidir":	0,
			"fqrate":	0,
			"interval":	1
		}
	},
	"intervals":	[{
			"streams":	[{
					"socket":	5,
					"start":	0,
					"end":	1.001108,
					"seconds":	1.0011080503463745,
					"bytes":	4456448,
					"bits_per_second":	35612123.973695815,
					"retransmits":	0,
					"snd_cwnd":	284340,
					"snd_wnd":	1541632,
					"rtt":	64376,
					"rttvar":	9071,
					"pmtu":	1500,
					"reorder":	0,
					"omitted":	false,
					"sender":	true
				}],
			"sum":	{
				"start":	0,
				"end":	1.001108,
				"seconds":	1.0011080503463745,
				"bytes":	4456448,
				"bits_per_second":	35612123.973695815,
				"retransmits":	0,
				"omitted":	false,
				"sender":	true
			}
		}, {
			"streams":	[{
					"socket":	5,
					"start":	1.001108,
					"end":	2.001068,
					"seconds":	0.99996000528335571,
					"bytes":	4194304,
					"bits_per_second":	33555774.053675056,
					"retransmits":	0,
					"snd_cwnd":	460360,
					"snd_wnd":	1541632,
					"rtt":	91970,
					"rttvar":	8148,
					"pmtu":	1500,
					"reorder":	0,
					"omitted":	false,
					"sender":	true
				}],
			"sum":	{
				"start":	1.001108,
				"end":	2.001068,
				"seconds":	0.99996000528335571,
				"bytes":	4194304,
				"bits_per_second":	33555774.053675056,
				"retransmits":	0,
				"omitted":	false,
				"sender":	true
			}
		}, {
			"streams":	[{
					"socket":	5,
					"start":	2.001068,
					"end":	3.001106,
					"seconds":	1.0000380277633667,
					"bytes":	4194304,
					"bits_per_second":	33553156.048521582,
					"retransmits":	0,
					"snd_cwnd":	648566,
					"snd_wnd":	1755712,
					"rtt":	172930,
					"rttvar":	3589,
					"pmtu":	1500,
					"reorder":	0,
					"omitted":	false,
					"sender":	true
				}],
			"sum":	{
				"start":	2.001068,
				"end":	3.001106,
				"seconds":	1.0000380277633667,
				"bytes":	4194304,
				"bits_per_second":	33553156.048521582,
				"retransmits":	0,
				"omitted":	false,
				"sender":	true
			}
		}, {
			"streams":	[{
					"socket":	5,
					"start":	3.001106,
					"end":	4.001107,
					"seconds":	1.0000009536743164,
					"bytes":	4456448,
					"bits_per_second":	35651550.000032425,
					"retransmits":	0,
					"snd_cwnd":	846250,
					"snd_wnd":	1835776,
					"rtt":	195222,
					"rttvar":	12219,
					"pmtu":	1500,
					"reorder":	0,
					"omitted":	false,
					"sender":	true
				}],
			"sum":	{
				"start":	3.001106,
				"end":	4.001107,
				"seconds":	1.0000009536743164,
				"bytes":	4456448,
				"bits_per_second":	35651550.000032425,
				"retransmits":	0,
				"omitted":	false,
				"sender":	true
			}
		}, {
			"streams":	[{
					"socket":	5,
					"start":	4.001107,
					"end":	5.001087,
					"seconds":	0.99997997283935547,
					"bytes":	4456448,
					"bits_per_second":	35652298.014299676,
					"retransmits":	0,
					"snd_cwnd":	1030394,
					"snd_wnd":	1935360,
					"rtt":	274244,
					"rttvar":	5401,
					"pmtu":	1500,
					"reorder":	0,
					"omitted":	false,
					"sender":	true
				}],
			"sum":	{
				"start":	4.001107,
				"end":	5.001087,
				"seconds":	0.99997997283935547,
				"bytes":	4456448,
				"bits_per_second":	35652298.014299676,
				"retransmits":	0,
				"omitted":	false,
				"sender":	true
			}
		}, {
			"streams":	[{
					"socket":	5,
					"start":	5.001087,
					"end":	6.00111,
					"seconds":	1.0000230073928833,
					"bytes":	3932160,
					"bits_per_second":	31456556.266651217,
					"retransmits":	0,
					"snd_cwnd":	1219954,
					"snd_wnd":	1935360,
					"rtt":	292005,
					"rttvar":	5568,
					"pmtu":	1500,
					"reorder":	0,
					"omitted":	false,
					"sender":	true
				}],
			"sum":	{
				"start":	5.001087,
				"end":	6.00111,
				"seconds":	1.0000230073928833,
				"bytes":	3932160,
				"bits_per_second":	31456556.266651217,
				"retransmits":	0,
				"omitted":	false,
				"sender":	true
			}
		}, {
			"streams":	[{
					"socket":	5,
					"start":	6.00111,
					"end":	7.001072,
					"seconds":	0.9999619722366333,
					"bytes":	4325376,
					"bits_per_second":	34604323.925041683,
					"retransmits":	0,
					"snd_cwnd":	1398682,
					"snd_wnd":	1935360,
					"rtt":	332041,
					"rttvar":	14739,
					"pmtu":	1500,
					"reorder":	0,
					"omitted":	false,
					"sender":	true
				}],
			"sum":	{
				"start":	6.00111,
				"end":	7.001072,
				"seconds":	0.9999619722366333,
				"bytes":	4325376,
				"bits_per_second":	34604323.925041683,
				"retransmits":	0,
				"omitted":	false,
				"sender":	true
			}
		}, {
			"streams":	[{
					"socket":	5,
					"start":	7.001072,
					"end":	8.001109,
					"seconds":	1.0000369548797607,
					"bytes":	2883584,
					"bits_per_second":	23067819.531502869,
					"retransmits":	0,
					"snd_cwnd":	1581472,
					"snd_wnd":	1935360,
					"rtt":	389786,
					"rttvar":	5528,
					"pmtu":	1500,
					"reorder":	0,
					"omitted":	false,
					"sender":	true
				}],
			"sum":	{
				"start":	7.001072,
				"end":	8.001109,
				"seconds":	1.0000369548797607,
				"bytes":	2883584,
				"bits_per_second":	23067819.531502869,
				"retransmits":	0,
				"omitted":	false,
				"sender":	true
			}
		}, {
			"streams":	[{
					"socket":	5,
					"start":	8.001109,
					"end":	9.001118,
					"seconds":	1.0000089406967163,
					"bytes":	4194304,
					"bits_per_second":	33554132.002682187,
					"retransmits":	0,
					"snd_cwnd":	1762908,
					"snd_wnd":	1935360,
					"rtt":	429164,
					"rttvar":	20303,
					"pmtu":	1500,
					"reorder":	0,
					"omitted":	false,
					"sender":	true
				}],
			"sum":	{
				"start":	8.001109,
				"end":	9.001118,
				"seconds":	1.0000089406967163,
				"bytes":	4194304,
				"bits_per_second":	33554132.002682187,
				"retransmits":	0,
				"omitted":	false,
				"sender":	true
			}
		}, {
			"streams":	[{
					"socket":	5,
					"start":	9.001118,
					"end":	10.002055,
					"seconds":	1.0009369850158691,
					"bytes":	3014656,
					"bits_per_second":	24094671.6536982,
					"retransmits":	0,
					"snd_cwnd":	1944344,
					"snd_wnd":	1935360,
					"rtt":	509346,
					"rttvar":	6128,
					"pmtu":	1500,
					"reorder":	0,
					"omitted":	false,
					"sender":	true
				}],
			"sum":	{
				"start":	9.001118,
				"end":	10.002055,
				"seconds":	1.0009369850158691,
				"bytes":	3014656,
				"bits_per_second":	24094671.6536982,
				"retransmits":	0,
				"omitted":	false,
				"sender":	true
			}
		}],
	"end":	{
		"streams":	[{
				"sender":	{
					"socket":	5,
					"start":	0,
					"end":	10.002055,
					"seconds":	10.002055,
					"bytes":	40108032,
					"bits_per_second":	32079833.194278575,
					"retransmits":	0,
					"reorder":	0,
					"max_snd_cwnd":	1944344,
					"max_snd_wnd":	1935360,
					"max_rtt":	509346,
					"min_rtt":	64376,
					"mean_rtt":	275108,
					"sender":	true
				},
				"receiver":	{
					"socket":	5,
					"start":	0,
					"end":	10.550293,
					"seconds":	10.002055,
					"bytes":	38928384,
					"bits_per_second":	29518333.945796575,
					"sender":	true
				}
			}],
		"sum_sent":	{
			"start":	0,
			"end":	10.002055,
			"seconds":	10.002055,
			"bytes":	40108032,
			"bits_per_second":	32079833.194278575,
			"retransmits":	0,
			"sender":	true
		},
		"sum_received":	{
			"start":	0,
			"end":	10.550293,
			"seconds":	10.550293,
			"bytes":	38928384,
			"bits_per_second":	29518333.945796575,
			"sender":	true
		},
		"cpu_utilization_percent":	{
			"host_total":	0.27584488548453467,
			"host_user":	0,
			"host_system":	0.27585482011269447,
			"remote_total":	13.770165289926977,
			"remote_user":	1.2300149700740086,
			"remote_system":	12.540140882156582
		},
		"sender_tcp_congestion":	"cubic",
		"receiver_tcp_congestion":	"cubic"
	}
}
{
	"start":	{
		"connected":	[{
				"socket":	5,
				"local_host":	"192.168.1.48",
				"local_port":	44522,
				"remote_host":	"192.168.1.58",
				"remote_port":	5201
			}],
		"version":	"iperf 3.20",
		"system_info":	"Linux kuroi-washi 6.19.11+kali-amd64 #1 SMP PREEMPT_DYNAMIC Kali 6.19.11-1kali1 (2026-04-09) x86_64",
		"timestamp":	{
			"time":	"Thu, 23 Apr 2026 22:35:48 GMT",
			"timesecs":	1776983748,
			"timemillisecs":	1776983748955
		},
		"connecting_to":	{
			"host":	"192.168.1.58",
			"port":	5201
		},
		"cookie":	"3h2ohls6mzugiepclcq47bv7d7vvq57hhph5",
		"tcp_mss":	1366,
		"target_bitrate":	0,
		"fq_rate":	0,
		"sock_bufsize":	0,
		"sndbuf_actual":	16384,
		"rcvbuf_actual":	131072,
		"test_start":	{
			"protocol":	"TCP",
			"num_streams":	1,
			"blksize":	131072,
			"omit":	0,
			"duration":	10,
			"bytes":	0,
			"blocks":	0,
			"reverse":	0,
			"tos":	0,
			"target_bitrate":	0,
			"bidir":	0,
			"fqrate":	0,
			"interval":	1
		}
	},
	"intervals":	[{
			"streams":	[{
					"socket":	5,
					"start":	0,
					"end":	1.001117,
					"seconds":	1.0011169910430908,
					"bytes":	4063232,
					"bits_per_second":	32469587.761297777,
					"retransmits":	0,
					"snd_cwnd":	224764,
					"snd_wnd":	1911744,
					"rtt":	46419,
					"rttvar":	3041,
					"pmtu":	1500,
					"reorder":	0,
					"omitted":	false,
					"sender":	true
				}],
			"sum":	{
				"start":	0,
				"end":	1.001117,
				"seconds":	1.0011169910430908,
				"bytes":	4063232,
				"bits_per_second":	32469587.761297777,
				"retransmits":	0,
				"omitted":	false,
				"sender":	true
			}
		}, {
			"streams":	[{
					"socket":	5,
					"start":	1.001117,
					"end":	2.001114,
					"seconds":	0.99999701976776123,
					"bytes":	4456448,
					"bits_per_second":	35651690.25031665,
					"retransmits":	0,
					"snd_cwnd":	417032,
					"snd_wnd":	1907968,
					"rtt":	105159,
					"rttvar":	11907,
					"pmtu":	1500,
					"reorder":	0,
					"omitted":	false,
					"sender":	true
				}],
			"sum":	{
				"start":	1.001117,
				"end":	2.001114,
				"seconds":	0.99999701976776123,
				"bytes":	4456448,
				"bits_per_second":	35651690.25031665,
				"retransmits":	0,
				"omitted":	false,
				"sender":	true
			}
		}, {
			"streams":	[{
					"socket":	5,
					"start":	2.001114,
					"end":	3.000514,
					"seconds":	0.999400019645691,
					"bytes":	4456448,
					"bits_per_second":	35672987.091434382,
					"retransmits":	0,
					"snd_cwnd":	598468,
					"snd_wnd":	1911744,
					"rtt":	138169,
					"rttvar":	19328,
					"pmtu":	1500,
					"reorder":	0,
					"omitted":	false,
					"sender":	true
				}],
			"sum":	{
				"start":	2.001114,
				"end":	3.000514,
				"seconds":	0.999400019645691,
				"bytes":	4456448,
				"bits_per_second":	35672987.091434382,
				"retransmits":	0,
				"omitted":	false,
				"sender":	true
			}
		}, {
			"streams":	[{
					"socket":	5,
					"start":	3.000514,
					"end":	4.001121,
					"seconds":	1.0006070137023926,
					"bytes":	3407872,
					"bits_per_second":	27246437.039375722,
					"retransmits":	0,
					"snd_cwnd":	765010,
					"snd_wnd":	1911744,
					"rtt":	205488,
					"rttvar":	11132,
					"pmtu":	1500,
					"reorder":	0,
					"omitted":	false,
					"sender":	true
				}],
			"sum":	{
				"start":	3.000514,
				"end":	4.001121,
				"seconds":	1.0006070137023926,
				"bytes":	3407872,
				"bits_per_second":	27246437.039375722,
				"retransmits":	0,
				"omitted":	false,
				"sender":	true
			}
		}, {
			"streams":	[{
					"socket":	5,
					"start":	4.001121,
					"end":	5.001113,
					"seconds":	0.9999920129776,
					"bytes":	3932160,
					"bits_per_second":	31457531.252006754,
					"retransmits":	0,
					"snd_cwnd":	941030,
					"snd_wnd":	1911744,
					"rtt":	244599,
					"rttvar":	6293,
					"pmtu":	1500,
					"reorder":	0,
					"omitted":	false,
					"sender":	true
				}],
			"sum":	{
				"start":	4.001121,
				"end":	5.001113,
				"seconds":	0.9999920129776,
				"bytes":	3932160,
				"bits_per_second":	31457531.252006754,
				"retransmits":	0,
				"omitted":	false,
				"sender":	true
			}
		}, {
			"streams":	[{
					"socket":	5,
					"start":	5.001113,
					"end":	6.001107,
					"seconds":	0.99999397993087769,
					"bytes":	3670016,
					"bits_per_second":	29360304.751064055,
					"retransmits":	0,
					"snd_cwnd":	1114342,
					"snd_wnd":	1934400,
					"rtt":	304580,
					"rttvar":	5243,
					"pmtu":	1500,
					"reorder":	0,
					"omitted":	false,
					"sender":	true
				}],
			"sum":	{
				"start":	5.001113,
				"end":	6.001107,
				"seconds":	0.99999397993087769,
				"bytes":	3670016,
				"bits_per_second":	29360304.751064055,
				"retransmits":	0,
				"omitted":	false,
				"sender":	true
			}
		}, {
			"streams":	[{
					"socket":	5,
					"start":	6.001107,
					"end":	7.001119,
					"seconds":	1.0000120401382446,
					"bytes":	4063232,
					"bits_per_second":	32505464.629712153,
					"retransmits":	0,
					"snd_cwnd":	1284946,
					"snd_wnd":	1935360,
					"rtt":	349448,
					"rttvar":	4271,
					"pmtu":	1500,
					"reorder":	0,
					"omitted":	false,
					"sender":	true
				}],
			"sum":	{
				"start":	6.001107,
				"end":	7.001119,
				"seconds":	1.0000120401382446,
				"bytes":	4063232,
				"bits_per_second":	32505464.629712153,
				"retransmits":	0,
				"omitted":	false,
				"sender":	true
			}
		}, {
			"streams":	[{
					"socket":	5,
					"start":	7.001119,
					"end":	8.001113,
					"seconds":	0.99999397993087769,
					"bytes":	2883584,
					"bits_per_second":	23068810.875836041,
					"retransmits":	0,
					"snd_cwnd":	1440656,
					"snd_wnd":	1935360,
					"rtt":	454825,
					"rttvar":	12514,
					"pmtu":	1500,
					"reorder":	0,
					"omitted":	false,
					"sender":	true
				}],
			"sum":	{
				"start":	7.001119,
				"end":	8.001113,
				"seconds":	0.99999397993087769,
				"bytes":	2883584,
				"bits_per_second":	23068810.875836041,
				"retransmits":	0,
				"omitted":	false,
				"sender":	true
			}
		}, {
			"streams":	[{
					"socket":	5,
					"start":	8.001113,
					"end":	9.001113,
					"seconds":	1,
					"bytes":	2883584,
					"bits_per_second":	23068672,
					"retransmits":	0,
					"snd_cwnd":	1599074,
					"snd_wnd":	1935360,
					"rtt":	468823,
					"rttvar":	6754,
					"pmtu":	1500,
					"reorder":	0,
					"omitted":	false,
					"sender":	true
				}],
			"sum":	{
				"start":	8.001113,
				"end":	9.001113,
				"seconds":	1,
				"bytes":	2883584,
				"bits_per_second":	23068672,
				"retransmits":	0,
				"omitted":	false,
				"sender":	true
			}
		}, {
			"streams":	[{
					"socket":	5,
					"start":	9.001113,
					"end":	10.00197,
					"seconds":	1.0008569955825806,
					"bytes":	4325376,
					"bits_per_second":	34573378.7671217,
					"retransmits":	0,
					"snd_cwnd":	1760200,
					"snd_wnd":	1935360,
					"rtt":	519124,
					"rttvar":	4201,
					"pmtu":	1500,
					"reorder":	0,
					"omitted":	false,
					"sender":	true
				}],
			"sum":	{
				"start":	9.001113,
				"end":	10.00197,
				"seconds":	1.0008569955825806,
				"bytes":	4325376,
				"bits_per_second":	34573378.7671217,
				"retransmits":	0,
				"omitted":	false,
				"sender":	true
			}
		}],
	"end":	{
		"streams":	[{
				"sender":	{
					"socket":	5,
					"start":	0,
					"end":	10.00197,
					"seconds":	10.00197,
					"bytes":	38141952,
					"bits_per_second":	30507551.61233237,
					"retransmits":	0,
					"reorder":	0,
					"max_snd_cwnd":	1760200,
					"max_snd_wnd":	1935360,
					"max_rtt":	519124,
					"min_rtt":	46419,
					"mean_rtt":	283663,
					"sender":	true
				},
				"receiver":	{
					"socket":	5,
					"start":	0,
					"end":	10.598911,
					"seconds":	10.00197,
					"bytes":	36175872,
					"bits_per_second":	27305350.14399121,
					"sender":	true
				}
			}],
		"sum_sent":	{
			"start":	0,
			"end":	10.00197,
			"seconds":	10.00197,
			"bytes":	38141952,
			"bits_per_second":	30507551.61233237,
			"retransmits":	0,
			"sender":	true
		},
		"sum_received":	{
			"start":	0,
			"end":	10.598911,
			"seconds":	10.598911,
			"bytes":	36175872,
			"bits_per_second":	27305350.14399121,
			"sender":	true
		},
		"cpu_utilization_percent":	{
			"host_total":	0.26801424014533209,
			"host_user":	0.025190952690217788,
			"host_system":	0.24282328745511431,
			"remote_total":	13.004932379816376,
			"remote_user":	0.75772178173453,
			"remote_system":	12.247201195550646
		},
		"sender_tcp_congestion":	"cubic",
		"receiver_tcp_congestion":	"cubic"
	}
}
