{
	"start":	{
		"connected":	[{
				"socket":	5,
				"local_host":	"192.168.1.48",
				"local_port":	56006,
				"remote_host":	"192.168.1.58",
				"remote_port":	5201
			}],
		"version":	"iperf 3.20",
		"system_info":	"Linux kuroi-washi 6.19.11+kali-amd64 #1 SMP PREEMPT_DYNAMIC Kali 6.19.11-1kali1 (2026-04-09) x86_64",
		"timestamp":	{
			"time":	"Thu, 23 Apr 2026 22:18:01 GMT",
			"timesecs":	1776982681,
			"timemillisecs":	1776982681264
		},
		"connecting_to":	{
			"host":	"192.168.1.58",
			"port":	5201
		},
		"cookie":	"z47x47dqeym7ytkkmylgr4se3ipksqv4k3d2",
		"tcp_mss":	166,
		"target_bitrate":	0,
		"fq_rate":	0,
		"sock_bufsize":	0,
		"sndbuf_actual":	16384,
		"rcvbuf_actual":	131072,
		"test_start":	{
			"protocol":	"TCP",
			"num_streams":	1,
			"blksize":	131072,
			"omit":	0,
			"duration":	10,
			"bytes":	0,
			"blocks":	0,
			"reverse":	0,
			"tos":	0,
			"target_bitrate":	0,
			"bidir":	0,
			"fqrate":	0,
			"interval":	1
		}
	},
	"intervals":	[{
			"streams":	[{
					"socket":	5,
					"start":	0,
					"end":	1.001119,
					"seconds":	1.0011190176010132,
					"bytes":	1572864,
					"bits_per_second":	12568847.238715431,
					"retransmits":	0,
					"snd_cwnd":	58828,
					"snd_wnd":	484288,
					"rtt":	51545,
					"rttvar":	1419,
					"pmtu":	1500,
					"reorder":	0,
					"omitted":	false,
					"sender":	true
				}],
			"sum":	{
				"start":	0,
				"end":	1.001119,
				"seconds":	1.0011190176010132,
				"bytes":	1572864,
				"bits_per_second":	12568847.238715431,
				"retransmits":	0,
				"omitted":	false,
				"sender":	true
			}
		}, {
			"streams":	[{
					"socket":	5,
					"start":	1.001119,
					"end":	2.001133,
					"seconds":	1.0000139474868774,
					"bytes":	1441792,
					"bits_per_second":	11534175.12724377,
					"retransmits":	0,
					"snd_cwnd":	103488,
					"snd_wnd":	484288,
					"rtt":	105775,
					"rttvar":	7337,
					"pmtu":	1500,
					"reorder":	0,
					"omitted":	false,
					"sender":	true
				}],
			"sum":	{
				"start":	1.001119,
				"end":	2.001133,
				"seconds":	1.0000139474868774,
				"bytes":	1441792,
				"bits_per_second":	11534175.12724377,
				"retransmits":	0,
				"omitted":	false,
				"sender":	true
			}
		}, {
			"streams":	[{
					"socket":	5,
					"start":	2.001133,
					"end":	3.001115,
					"seconds":	0.99998199939727783,
					"bytes":	1441792,
					"bits_per_second":	11534543.628737442,
					"retransmits":	0,
					"snd_cwnd":	146916,
					"snd_wnd":	484288,
					"rtt":	159366,
					"rttvar":	2020,
					"pmtu":	1500,
					"reorder":	0,
					"omitted":	false,
					"sender":	true
				}],
			"sum":	{
				"start":	2.001133,
				"end":	3.001115,
				"seconds":	0.99998199939727783,
				"bytes":	1441792,
				"bits_per_second":	11534543.628737442,
				"retransmits":	0,
				"omitted":	false,
				"sender":	true
			}
		}, {
			"streams":	[{
					"socket":	5,
					"start":	3.001115,
					"end":	4.000684,
					"seconds":	0.999568998813629,
					"bytes":	2097152,
					"bits_per_second":	16784450.1179134,
					"retransmits":	0,
					"snd_cwnd":	192500,
					"snd_wnd":	484288,
					"rtt":	189960,
					"rttvar":	9449,
					"pmtu":	1500,
					"reorder":	0,
					"omitted":	false,
					"sender":	true
				}],
			"sum":	{
				"start":	3.001115,
				"end":	4.000684,
				"seconds":	0.999568998813629,
				"bytes":	2097152,
				"bits_per_second":	16784450.1179134,
				"retransmits":	0,
				"omitted":	false,
				"sender":	true
			}
		}, {
			"streams":	[{
					"socket":	5,
					"start":	4.000684,
					"end":	5.001069,
					"seconds":	1.000385046005249,
					"bytes":	1179648,
					"bits_per_second":	9433551.64862239,
					"retransmits":	0,
					"snd_cwnd":	234234,
					"snd_wnd":	484288,
					"rtt":	239905,
					"rttvar":	2346,
					"pmtu":	1500,
					"reorder":	0,
					"omitted":	false,
					"sender":	true
				}],
			"sum":	{
				"start":	4.000684,
				"end":	5.001069,
				"seconds":	1.000385046005249,
				"bytes":	1179648,
				"bits_per_second":	9433551.64862239,
				"retransmits":	0,
				"omitted":	false,
				"sender":	true
			}
		}, {
			"streams":	[{
					"socket":	5,
					"start":	5.001069,
					"end":	6.001103,
					"seconds":	1.000033974647522,
					"bytes":	1441792,
					"bits_per_second":	11533944.138313362,
					"retransmits":	0,
					"snd_cwnd":	280896,
					"snd_wnd":	484288,
					"rtt":	300658,
					"rttvar":	6083,
					"pmtu":	1500,
					"reorder":	0,
					"omitted":	false,
					"sender":	true
				}],
			"sum":	{
				"start":	5.001069,
				"end":	6.001103,
				"seconds":	1.000033974647522,
				"bytes":	1441792,
				"bits_per_second":	11533944.138313362,
				"retransmits":	0,
				"omitted":	false,
				"sender":	true
			}
		}, {
			"streams":	[{
					"socket":	5,
					"start":	6.001103,
					"end":	7.000716,
					"seconds":	0.99961298704147339,
					"bytes":	0,
					"bits_per_second":	0,
					"retransmits":	0,
					"snd_cwnd":	324940,
					"snd_wnd":	484288,
					"rtt":	337441,
					"rttvar":	5120,
					"pmtu":	1500,
					"reorder":	0,
					"omitted":	false,
					"sender":	true
				}],
			"sum":	{
				"start":	6.001103,
				"end":	7.000716,
				"seconds":	0.99961298704147339,
				"bytes":	0,
				"bits_per_second":	0,
				"retransmits":	0,
				"omitted":	false,
				"sender":	true
			}
		}, {
			"streams":	[{
					"socket":	5,
					"start":	7.000716,
					"end":	8.000702,
					"seconds":	0.99998599290847778,
					"bytes":	1703936,
					"bits_per_second":	13631678.940174516,
					"retransmits":	0,
					"snd_cwnd":	377916,
					"snd_wnd":	484288,
					"rtt":	194769,
					"rttvar":	49724,
					"pmtu":	1500,
					"reorder":	0,
					"omitted":	false,
					"sender":	true
				}],
			"sum":	{
				"start":	7.000716,
				"end":	8.000702,
				"seconds":	0.99998599290847778,
				"bytes":	1703936,
				"bits_per_second":	13631678.940174516,
				"retransmits":	0,
				"omitted":	false,
				"sender":	true
			}
		}, {
			"streams":	[{
					"socket":	5,
					"start":	8.000702,
					"end":	9.000732,
					"seconds":	1.0000300407409668,
					"bytes":	0,
					"bits_per_second":	0,
					"retransmits":	0,
					"snd_cwnd":	403018,
					"snd_wnd":	484288,
					"rtt":	429437,
					"rttvar":	7904,
					"pmtu":	1500,
					"reorder":	0,
					"omitted":	false,
					"sender":	true
				}],
			"sum":	{
				"start":	8.000702,
				"end":	9.000732,
				"seconds":	1.0000300407409668,
				"bytes":	0,
				"bits_per_second":	0,
				"retransmits":	0,
				"omitted":	false,
				"sender":	true
			}
		}, {
			"streams":	[{
					"socket":	5,
					"start":	9.000732,
					"end":	10.001701,
					"seconds":	1.0009690523147583,
					"bytes":	1441792,
					"bits_per_second":	11523169.445975026,
					"retransmits":	0,
					"snd_cwnd":	445984,
					"snd_wnd":	484288,
					"rtt":	487854,
					"rttvar":	2230,
					"pmtu":	1500,
					"reorder":	0,
					"omitted":	false,
					"sender":	true
				}],
			"sum":	{
				"start":	9.000732,
				"end":	10.001701,
				"seconds":	1.0009690523147583,
				"bytes":	1441792,
				"bits_per_second":	11523169.445975026,
				"retransmits":	0,
				"omitted":	false,
				"sender":	true
			}
		}],
	"end":	{
		"streams":	[{
				"sender":	{
					"socket":	5,
					"start":	0,
					"end":	10.001701,
					"seconds":	10.001701,
					"bytes":	12320768,
					"bits_per_second":	9854938.0750334356,
					"retransmits":	0,
					"reorder":	0,
					"max_snd_cwnd":	445984,
					"max_snd_wnd":	484288,
					"max_rtt":	487854,
					"min_rtt":	51545,
					"mean_rtt":	249671,
					"sender":	true
				},
				"receiver":	{
					"socket":	5,
					"start":	0,
					"end":	10.114222,
					"seconds":	10.001701,
					"bytes":	9043968,
					"bits_per_second":	7153466.07974395,
					"sender":	true
				}
			}],
		"sum_sent":	{
			"start":	0,
			"end":	10.001701,
			"seconds":	10.001701,
			"bytes":	12320768,
			"bits_per_second":	9854938.0750334356,
			"retransmits":	0,
			"sender":	true
		},
		"sum_received":	{
			"start":	0,
			"end":	10.114222,
			"seconds":	10.114222,
			"bytes":	9043968,
			"bits_per_second":	7153466.07974395,
			"sender":	true
		},
		"cpu_utilization_percent":	{
			"host_total":	0.14174107841453076,
			"host_user":	0.0708804747938639,
			"host_system":	0.0708804747938639,
			"remote_total":	5.9289644140855229,
			"remote_user":	0.75437693074551626,
			"remote_system":	5.1745874833400061
		},
		"sender_tcp_congestion":	"cubic",
		"receiver_tcp_congestion":	"cubic"
	}
}
{
	"start":	{
		"connected":	[{
				"socket":	5,
				"local_host":	"192.168.1.48",
				"local_port":	43364,
				"remote_host":	"192.168.1.58",
				"remote_port":	5201
			}],
		"version":	"iperf 3.20",
		"system_info":	"Linux kuroi-washi 6.19.11+kali-amd64 #1 SMP PREEMPT_DYNAMIC Kali 6.19.11-1kali1 (2026-04-09) x86_64",
		"timestamp":	{
			"time":	"Thu, 23 Apr 2026 22:18:11 GMT",
			"timesecs":	1776982691,
			"timemillisecs":	1776982691961
		},
		"connecting_to":	{
			"host":	"192.168.1.58",
			"port":	5201
		},
		"cookie":	"qsukelaeaznh3lcatwapihur45rbalz3qebu",
		"tcp_mss":	166,
		"target_bitrate":	0,
		"fq_rate":	0,
		"sock_bufsize":	0,
		"sndbuf_actual":	16384,
		"rcvbuf_actual":	131072,
		"test_start":	{
			"protocol":	"TCP",
			"num_streams":	1,
			"blksize":	131072,
			"omit":	0,
			"duration":	10,
			"bytes":	0,
			"blocks":	0,
			"reverse":	0,
			"tos":	0,
			"target_bitrate":	0,
			"bidir":	0,
			"fqrate":	0,
			"interval":	1
		}
	},
	"intervals":	[{
			"streams":	[{
					"socket":	5,
					"start":	0,
					"end":	1.001108,
					"seconds":	1.0011080503463745,
					"bytes":	1441792,
					"bits_per_second":	11521569.520901587,
					"retransmits":	0,
					"snd_cwnd":	50512,
					"snd_wnd":	484288,
					"rtt":	42210,
					"rttvar":	3568,
					"pmtu":	1500,
					"reorder":	0,
					"omitted":	false,
					"sender":	true
				}],
			"sum":	{
				"start":	0,
				"end":	1.001108,
				"seconds":	1.0011080503463745,
				"bytes":	1441792,
				"bits_per_second":	11521569.520901587,
				"retransmits":	0,
				"omitted":	false,
				"sender":	true
			}
		}, {
			"streams":	[{
					"socket":	5,
					"start":	1.001108,
					"end":	2.001085,
					"seconds":	0.9999769926071167,
					"bytes":	1179648,
					"bits_per_second":	9437401.1299955957,
					"retransmits":	0,
					"snd_cwnd":	91476,
					"snd_wnd":	484288,
					"rtt":	140401,
					"rttvar":	3223,
					"pmtu":	1500,
					"reorder":	0,
					"omitted":	false,
					"sender":	true
				}],
			"sum":	{
				"start":	1.001108,
				"end":	2.001085,
				"seconds":	0.9999769926071167,
				"bytes":	1179648,
				"bits_per_second":	9437401.1299955957,
				"retransmits":	0,
				"omitted":	false,
				"sender":	true
			}
		}, {
			"streams":	[{
					"socket":	5,
					"start":	2.001085,
					"end":	3.001035,
					"seconds":	0.99994999170303345,
					"bytes":	1835008,
					"bits_per_second":	14680798.161714178,
					"retransmits":	0,
					"snd_cwnd":	135212,
					"snd_wnd":	484288,
					"rtt":	143195,
					"rttvar":	6567,
					"pmtu":	1500,
					"reorder":	0,
					"omitted":	false,
					"sender":	true
				}],
			"sum":	{
				"start":	2.001085,
				"end":	3.001035,
				"seconds":	0.99994999170303345,
				"bytes":	1835008,
				"bits_per_second":	14680798.161714178,
				"retransmits":	0,
				"omitted":	false,
				"sender":	true
			}
		}, {
			"streams":	[{
					"socket":	5,
					"start":	3.001035,
					"end":	4.001076,
					"seconds":	1.0000410079956055,
					"bytes":	786432,
					"bits_per_second":	6291198.01057963,
					"retransmits":	0,
					"snd_cwnd":	180950,
					"snd_wnd":	484288,
					"rtt":	183822,
					"rttvar":	4140,
					"pmtu":	1500,
					"reorder":	0,
					"omitted":	false,
					"sender":	true
				}],
			"sum":	{
				"start":	3.001035,
				"end":	4.001076,
				"seconds":	1.0000410079956055,
				"bytes":	786432,
				"bits_per_second":	6291198.01057963,
				"retransmits":	0,
				"omitted":	false,
				"sender":	true
			}
		}, {
			"streams":	[{
					"socket":	5,
					"start":	4.001076,
					"end":	5.001103,
					"seconds":	1.0000269412994385,
					"bytes":	2359296,
					"bits_per_second":	18873859.513699282,
					"retransmits":	0,
					"snd_cwnd":	226226,
					"snd_wnd":	484288,
					"rtt":	220819,
					"rttvar":	1908,
					"pmtu":	1500,
					"reorder":	0,
					"omitted":	false,
					"sender":	true
				}],
			"sum":	{
				"start":	4.001076,
				"end":	5.001103,
				"seconds":	1.0000269412994385,
				"bytes":	2359296,
				"bits_per_second":	18873859.513699282,
				"retransmits":	0,
				"omitted":	false,
				"sender":	true
			}
		}, {
			"streams":	[{
					"socket":	5,
					"start":	5.001103,
					"end":	6.001111,
					"seconds":	1.0000079870224,
					"bytes":	1441792,
					"bits_per_second":	11534243.8757358,
					"retransmits":	0,
					"snd_cwnd":	265342,
					"snd_wnd":	484288,
					"rtt":	223967,
					"rttvar":	8372,
					"pmtu":	1500,
					"reorder":	0,
					"omitted":	false,
					"sender":	true
				}],
			"sum":	{
				"start":	5.001103,
				"end":	6.001111,
				"seconds":	1.0000079870224,
				"bytes":	1441792,
				"bits_per_second":	11534243.8757358,
				"retransmits":	0,
				"omitted":	false,
				"sender":	true
			}
		}, {
			"streams":	[{
					"socket":	5,
					"start":	6.001111,
					"end":	7.001105,
					"seconds":	0.99999397993087769,
					"bytes":	0,
					"bits_per_second":	0,
					"retransmits":	0,
					"snd_cwnd":	312004,
					"snd_wnd":	484288,
					"rtt":	307887,
					"rttvar":	4954,
					"pmtu":	1500,
					"reorder":	0,
					"omitted":	false,
					"sender":	true
				}],
			"sum":	{
				"start":	6.001111,
				"end":	7.001105,
				"seconds":	0.99999397993087769,
				"bytes":	0,
				"bits_per_second":	0,
				"retransmits":	0,
				"omitted":	false,
				"sender":	true
			}
		}, {
			"streams":	[{
					"socket":	5,
					"start":	7.001105,
					"end":	8.001146,
					"seconds":	1.0000410079956055,
					"bytes":	1441792,
					"bits_per_second":	11533863.019395987,
					"retransmits":	0,
					"snd_cwnd":	356818,
					"snd_wnd":	484288,
					"rtt":	345637,
					"rttvar":	3574,
					"pmtu":	1500,
					"reorder":	0,
					"omitted":	false,
					"sender":	true
				}],
			"sum":	{
				"start":	7.001105,
				"end":	8.001146,
				"seconds":	1.0000410079956055,
				"bytes":	1441792,
				"bits_per_second":	11533863.019395987,
				"retransmits":	0,
				"omitted":	false,
				"sender":	true
			}
		}, {
			"streams":	[{
					"socket":	5,
					"start":	8.001146,
					"end":	9.001112,
					"seconds":	0.999966025352478,
					"bytes":	0,
					"bits_per_second":	0,
					"retransmits":	0,
					"snd_cwnd":	400246,
					"snd_wnd":	484288,
					"rtt":	394457,
					"rttvar":	3661,
					"pmtu":	1500,
					"reorder":	0,
					"omitted":	false,
					"sender":	true
				}],
			"sum":	{
				"start":	8.001146,
				"end":	9.001112,
				"seconds":	0.999966025352478,
				"bytes":	0,
				"bits_per_second":	0,
				"retransmits":	0,
				"omitted":	false,
				"sender":	true
			}
		}, {
			"streams":	[{
					"socket":	5,
					"start":	9.001112,
					"end":	10.002046,
					"seconds":	1.0009340047836304,
					"bytes":	1441792,
					"bits_per_second":	11523572.927760959,
					"retransmits":	0,
					"snd_cwnd":	442442,
					"snd_wnd":	484288,
					"rtt":	453439,
					"rttvar":	2525,
					"pmtu":	1500,
					"reorder":	0,
					"omitted":	false,
					"sender":	true
				}],
			"sum":	{
				"start":	9.001112,
				"end":	10.002046,
				"seconds":	1.0009340047836304,
				"bytes":	1441792,
				"bits_per_second":	11523572.927760959,
				"retransmits":	0,
				"omitted":	false,
				"sender":	true
			}
		}],
	"end":	{
		"streams":	[{
				"sender":	{
					"socket":	5,
					"start":	0,
					"end":	10.002046,
					"seconds":	10.002046,
					"bytes":	11927552,
					"bits_per_second":	9540089.69764786,
					"retransmits":	0,
					"reorder":	0,
					"max_snd_cwnd":	442442,
					"max_snd_wnd":	484288,
					"max_rtt":	453439,
					"min_rtt":	42210,
					"mean_rtt":	245583,
					"sender":	true
				},
				"receiver":	{
					"socket":	5,
					"start":	0,
					"end":	10.144092,
					"seconds":	10.002046,
					"bytes":	9175040,
					"bits_per_second":	7235770.33804504,
					"sender":	true
				}
			}],
		"sum_sent":	{
			"start":	0,
			"end":	10.002046,
			"seconds":	10.002046,
			"bytes":	11927552,
			"bits_per_second":	9540089.69764786,
			"retransmits":	0,
			"sender":	true
		},
		"sum_received":	{
			"start":	0,
			"end":	10.144092,
			"seconds":	10.144092,
			"bytes":	9175040,
			"bits_per_second":	7235770.33804504,
			"sender":	true
		},
		"cpu_utilization_percent":	{
			"host_total":	0.12434579155199518,
			"host_user":	0,
			"host_system":	0.12434579155199518,
			"remote_total":	5.7828357542384721,
			"remote_user":	0.68947721596515066,
			"remote_system":	5.093338885809457
		},
		"sender_tcp_congestion":	"cubic",
		"receiver_tcp_congestion":	"cubic"
	}
}
{
	"start":	{
		"connected":	[{
				"socket":	5,
				"local_host":	"192.168.1.48",
				"local_port":	45138,
				"remote_host":	"192.168.1.58",
				"remote_port":	5201
			}],
		"version":	"iperf 3.20",
		"system_info":	"Linux kuroi-washi 6.19.11+kali-amd64 #1 SMP PREEMPT_DYNAMIC Kali 6.19.11-1kali1 (2026-04-09) x86_64",
		"timestamp":	{
			"time":	"Thu, 23 Apr 2026 22:18:22 GMT",
			"timesecs":	1776982702,
			"timemillisecs":	1776982702680
		},
		"connecting_to":	{
			"host":	"192.168.1.58",
			"port":	5201
		},
		"cookie":	"jnco3ok6pjn4gmwr2azmncxsbmdtpkh6tglc",
		"tcp_mss":	166,
		"target_bitrate":	0,
		"fq_rate":	0,
		"sock_bufsize":	0,
		"sndbuf_actual":	16384,
		"rcvbuf_actual":	131072,
		"test_start":	{
			"protocol":	"TCP",
			"num_streams":	1,
			"blksize":	131072,
			"omit":	0,
			"duration":	10,
			"bytes":	0,
			"blocks":	0,
			"reverse":	0,
			"tos":	0,
			"target_bitrate":	0,
			"bidir":	0,
			"fqrate":	0,
			"interval":	1
		}
	},
	"intervals":	[{
			"streams":	[{
					"socket":	5,
					"start":	0,
					"end":	1.00065,
					"seconds":	1.0006500482559204,
					"bytes":	1441792,
					"bits_per_second":	11526842.995814303,
					"retransmits":	0,
					"snd_cwnd":	48972,
					"snd_wnd":	484288,
					"rtt":	33318,
					"rttvar":	3058,
					"pmtu":	1500,
					"reorder":	0,
					"omitted":	false,
					"sender":	true
				}],
			"sum":	{
				"start":	0,
				"end":	1.00065,
				"seconds":	1.0006500482559204,
				"bytes":	1441792,
				"bits_per_second":	11526842.995814303,
				"retransmits":	0,
				"omitted":	false,
				"sender":	true
			}
		}, {
			"streams":	[{
					"socket":	5,
					"start":	1.00065,
					"end":	2.000654,
					"seconds":	1.0000040531158447,
					"bytes":	1179648,
					"bits_per_second":	9437145.75015503,
					"retransmits":	0,
					"snd_cwnd":	91630,
					"snd_wnd":	484288,
					"rtt":	90806,
					"rttvar":	5335,
					"pmtu":	1500,
					"reorder":	0,
					"omitted":	false,
					"sender":	true
				}],
			"sum":	{
				"start":	1.00065,
				"end":	2.000654,
				"seconds":	1.0000040531158447,
				"bytes":	1179648,
				"bits_per_second":	9437145.75015503,
				"retransmits":	0,
				"omitted":	false,
				"sender":	true
			}
		}, {
			"streams":	[{
					"socket":	5,
					"start":	2.000654,
					"end":	3.001124,
					"seconds":	1.0004700422286987,
					"bytes":	1179648,
					"bits_per_second":	9432750.20906897,
					"retransmits":	0,
					"snd_cwnd":	130592,
					"snd_wnd":	484288,
					"rtt":	134142,
					"rttvar":	3307,
					"pmtu":	1500,
					"reorder":	0,
					"omitted":	false,
					"sender":	true
				}],
			"sum":	{
				"start":	2.000654,
				"end":	3.001124,
				"seconds":	1.0004700422286987,
				"bytes":	1179648,
				"bits_per_second":	9432750.20906897,
				"retransmits":	0,
				"omitted":	false,
				"sender":	true
			}
		}, {
			"streams":	[{
					"socket":	5,
					"start":	3.001124,
					"end":	4.001083,
					"seconds":	0.99995899200439453,
					"bytes":	1703936,
					"bits_per_second":	13632047.02292441,
					"retransmits":	0,
					"snd_cwnd":	176638,
					"snd_wnd":	484288,
					"rtt":	166426,
					"rttvar":	1551,
					"pmtu":	1500,
					"reorder":	0,
					"omitted":	false,
					"sender":	true
				}],
			"sum":	{
				"start":	3.001124,
				"end":	4.001083,
				"seconds":	0.99995899200439453,
				"bytes":	1703936,
				"bits_per_second":	13632047.02292441,
				"retransmits":	0,
				"omitted":	false,
				"sender":	true
			}
		}, {
			"streams":	[{
					"socket":	5,
					"start":	4.001083,
					"end":	5.001156,
					"seconds":	1.0000729560852051,
					"bytes":	1179648,
					"bits_per_second":	9436495.5502266,
					"retransmits":	0,
					"snd_cwnd":	219450,
					"snd_wnd":	484288,
					"rtt":	236767,
					"rttvar":	5056,
					"pmtu":	1500,
					"reorder":	0,
					"omitted":	false,
					"sender":	true
				}],
			"sum":	{
				"start":	4.001083,
				"end":	5.001156,
				"seconds":	1.0000729560852051,
				"bytes":	1179648,
				"bits_per_second":	9436495.5502266,
				"retransmits":	0,
				"omitted":	false,
				"sender":	true
			}
		}, {
			"streams":	[{
					"socket":	5,
					"start":	5.001156,
					"end":	6.001115,
					"seconds":	0.99995899200439453,
					"bytes":	1310720,
					"bits_per_second":	10486190.017634161,
					"retransmits":	0,
					"snd_cwnd":	262878,
					"snd_wnd":	484288,
					"rtt":	294687,
					"rttvar":	1484,
					"pmtu":	1500,
					"reorder":	0,
					"omitted":	false,
					"sender":	true
				}],
			"sum":	{
				"start":	5.001156,
				"end":	6.001115,
				"seconds":	0.99995899200439453,
				"bytes":	1310720,
				"bits_per_second":	10486190.017634161,
				"retransmits":	0,
				"omitted":	false,
				"sender":	true
			}
		}, {
			"streams":	[{
					"socket":	5,
					"start":	6.001115,
					"end":	7.001101,
					"seconds":	0.99998599290847778,
					"bytes":	1441792,
					"bits_per_second":	11534497.564763052,
					"retransmits":	0,
					"snd_cwnd":	306614,
					"snd_wnd":	484288,
					"rtt":	332376,
					"rttvar":	4794,
					"pmtu":	1500,
					"reorder":	0,
					"omitted":	false,
					"sender":	true
				}],
			"sum":	{
				"start":	6.001115,
				"end":	7.001101,
				"seconds":	0.99998599290847778,
				"bytes":	1441792,
				"bits_per_second":	11534497.564763052,
				"retransmits":	0,
				"omitted":	false,
				"sender":	true
			}
		}, {
			"streams":	[{
					"socket":	5,
					"start":	7.001101,
					"end":	8.001132,
					"seconds":	1.0000309944152832,
					"bytes":	0,
					"bits_per_second":	0,
					"retransmits":	0,
					"snd_cwnd":	349118,
					"snd_wnd":	484288,
					"rtt":	393971,
					"rttvar":	3391,
					"pmtu":	1500,
					"reorder":	0,
					"omitted":	false,
					"sender":	true
				}],
			"sum":	{
				"start":	7.001101,
				"end":	8.001132,
				"seconds":	1.0000309944152832,
				"bytes":	0,
				"bits_per_second":	0,
				"retransmits":	0,
				"omitted":	false,
				"sender":	true
			}
		}, {
			"streams":	[{
					"socket":	5,
					"start":	8.001132,
					"end":	9.001148,
					"seconds":	1.0000159740448,
					"bytes":	1441792,
					"bits_per_second":	11534151.752943171,
					"retransmits":	0,
					"snd_cwnd":	393162,
					"snd_wnd":	484288,
					"rtt":	416777,
					"rttvar":	2752,
					"pmtu":	1500,
					"reorder":	0,
					"omitted":	false,
					"sender":	true
				}],
			"sum":	{
				"start":	8.001132,
				"end":	9.001148,
				"seconds":	1.0000159740448,
				"bytes":	1441792,
				"bits_per_second":	11534151.752943171,
				"retransmits":	0,
				"omitted":	false,
				"sender":	true
			}
		}, {
			"streams":	[{
					"socket":	5,
					"start":	9.001148,
					"end":	10.002049,
					"seconds":	1.0009009838104248,
					"bytes":	1441792,
					"bits_per_second":	11523953.104820462,
					"retransmits":	0,
					"snd_cwnd":	436282,
					"snd_wnd":	484288,
					"rtt":	455957,
					"rttvar":	1423,
					"pmtu":	1500,
					"reorder":	0,
					"omitted":	false,
					"sender":	true
				}],
			"sum":	{
				"start":	9.001148,
				"end":	10.002049,
				"seconds":	1.0009009838104248,
				"bytes":	1441792,
				"bits_per_second":	11523953.104820462,
				"retransmits":	0,
				"omitted":	false,
				"sender":	true
			}
		}],
	"end":	{
		"streams":	[{
				"sender":	{
					"socket":	5,
					"start":	0,
					"end":	10.002049,
					"seconds":	10.002049,
					"bytes":	12320768,
					"bits_per_second":	9854595.193444863,
					"retransmits":	0,
					"reorder":	0,
					"max_snd_cwnd":	436282,
					"max_snd_wnd":	484288,
					"max_rtt":	455957,
					"min_rtt":	33318,
					"mean_rtt":	255522,
					"sender":	true
				},
				"receiver":	{
					"socket":	5,
					"start":	0,
					"end":	10.10201,
					"seconds":	10.002049,
					"bytes":	8912896,
					"bits_per_second":	7058314.9294051379,
					"sender":	true
				}
			}],
		"sum_sent":	{
			"start":	0,
			"end":	10.002049,
			"seconds":	10.002049,
			"bytes":	12320768,
			"bits_per_second":	9854595.193444863,
			"retransmits":	0,
			"sender":	true
		},
		"sum_received":	{
			"start":	0,
			"end":	10.10201,
			"seconds":	10.10201,
			"bytes":	8912896,
			"bits_per_second":	7058314.9294051379,
			"sender":	true
		},
		"cpu_utilization_percent":	{
			"host_total":	0.13784422678311439,
			"host_user":	0,
			"host_system":	0.13785416293439984,
			"remote_total":	5.4351351599072668,
			"remote_user":	0.26961908284570391,
			"remote_system":	5.1655160770615636
		},
		"sender_tcp_congestion":	"cubic",
		"receiver_tcp_congestion":	"cubic"
	}
}
{
	"start":	{
		"connected":	[{
				"socket":	5,
				"local_host":	"192.168.1.48",
				"local_port":	44634,
				"remote_host":	"192.168.1.58",
				"remote_port":	5201
			}],
		"version":	"iperf 3.20",
		"system_info":	"Linux kuroi-washi 6.19.11+kali-amd64 #1 SMP PREEMPT_DYNAMIC Kali 6.19.11-1kali1 (2026-04-09) x86_64",
		"timestamp":	{
			"time":	"Thu, 23 Apr 2026 22:18:33 GMT",
			"timesecs":	1776982713,
			"timemillisecs":	1776982713434
		},
		"connecting_to":	{
			"host":	"192.168.1.58",
			"port":	5201
		},
		"cookie":	"crxcbt7lmjhpcmhjxvtxr5n7abdbeemwywwx",
		"tcp_mss":	166,
		"target_bitrate":	0,
		"fq_rate":	0,
		"sock_bufsize":	0,
		"sndbuf_actual":	16384,
		"rcvbuf_actual":	131072,
		"test_start":	{
			"protocol":	"TCP",
			"num_streams":	1,
			"blksize":	131072,
			"omit":	0,
			"duration":	10,
			"bytes":	0,
			"blocks":	0,
			"reverse":	0,
			"tos":	0,
			"target_bitrate":	0,
			"bidir":	0,
			"fqrate":	0,
			"interval":	1
		}
	},
	"intervals":	[{
			"streams":	[{
					"socket":	5,
					"start":	0,
					"end":	1.001156,
					"seconds":	1.0011559724807739,
					"bytes":	1310720,
					"bits_per_second":	10473652.745652843,
					"retransmits":	0,
					"snd_cwnd":	44968,
					"snd_wnd":	484288,
					"rtt":	43214,
					"rttvar":	1195,
					"pmtu":	1500,
					"reorder":	0,
					"omitted":	false,
					"sender":	true
				}],
			"sum":	{
				"start":	0,
				"end":	1.001156,
				"seconds":	1.0011559724807739,
				"bytes":	1310720,
				"bits_per_second":	10473652.745652843,
				"retransmits":	0,
				"omitted":	false,
				"sender":	true
			}
		}, {
			"streams":	[{
					"socket":	5,
					"start":	1.001156,
					"end":	2.001155,
					"seconds":	0.99999898672103882,
					"bytes":	1441792,
					"bits_per_second":	11534347.687511843,
					"retransmits":	0,
					"snd_cwnd":	87934,
					"snd_wnd":	484288,
					"rtt":	85596,
					"rttvar":	2867,
					"pmtu":	1500,
					"reorder":	0,
					"omitted":	false,
					"sender":	true
				}],
			"sum":	{
				"start":	1.001156,
				"end":	2.001155,
				"seconds":	0.99999898672103882,
				"bytes":	1441792,
				"bits_per_second":	11534347.687511843,
				"retransmits":	0,
				"omitted":	false,
				"sender":	true
			}
		}, {
			"streams":	[{
					"socket":	5,
					"start":	2.001155,
					"end":	3.001143,
					"seconds":	0.9999880194664,
					"bytes":	1835008,
					"bits_per_second":	14680239.8771071,
					"retransmits":	0,
					"snd_cwnd":	133672,
					"snd_wnd":	484288,
					"rtt":	131037,
					"rttvar":	789,
					"pmtu":	1500,
					"reorder":	0,
					"omitted":	false,
					"sender":	true
				}],
			"sum":	{
				"start":	2.001155,
				"end":	3.001143,
				"seconds":	0.9999880194664,
				"bytes":	1835008,
				"bits_per_second":	14680239.8771071,
				"retransmits":	0,
				"omitted":	false,
				"sender":	true
			}
		}, {
			"streams":	[{
					"socket":	5,
					"start":	3.001143,
					"end":	4.001129,
					"seconds":	0.99998599290847778,
					"bytes":	917504,
					"bits_per_second":	7340134.8139401246,
					"retransmits":	0,
					"snd_cwnd":	176638,
					"snd_wnd":	484288,
					"rtt":	182168,
					"rttvar":	1368,
					"pmtu":	1500,
					"reorder":	0,
					"omitted":	false,
					"sender":	true
				}],
			"sum":	{
				"start":	3.001143,
				"end":	4.001129,
				"seconds":	0.99998599290847778,
				"bytes":	917504,
				"bits_per_second":	7340134.8139401246,
				"retransmits":	0,
				"omitted":	false,
				"sender":	true
			}
		}, {
			"streams":	[{
					"socket":	5,
					"start":	4.001129,
					"end":	5.001128,
					"seconds":	0.99999898672103882,
					"bytes":	2359296,
					"bits_per_second":	18874387.125019379,
					"retransmits":	0,
					"snd_cwnd":	221452,
					"snd_wnd":	484288,
					"rtt":	231738,
					"rttvar":	1954,
					"pmtu":	1500,
					"reorder":	0,
					"omitted":	false,
					"sender":	true
				}],
			"sum":	{
				"start":	4.001129,
				"end":	5.001128,
				"seconds":	0.99999898672103882,
				"bytes":	2359296,
				"bits_per_second":	18874387.125019379,
				"retransmits":	0,
				"omitted":	false,
				"sender":	true
			}
		}, {
			"streams":	[{
					"socket":	5,
					"start":	5.001128,
					"end":	6.00111,
					"seconds":	0.99998199939727783,
					"bytes":	0,
					"bits_per_second":	0,
					"retransmits":	0,
					"snd_cwnd":	265650,
					"snd_wnd":	484288,
					"rtt":	279195,
					"rttvar":	1331,
					"pmtu":	1500,
					"reorder":	0,
					"omitted":	false,
					"sender":	true
				}],
			"sum":	{
				"start":	5.001128,
				"end":	6.00111,
				"seconds":	0.99998199939727783,
				"bytes":	0,
				"bits_per_second":	0,
				"retransmits":	0,
				"omitted":	false,
				"sender":	true
			}
		}, {
			"streams":	[{
					"socket":	5,
					"start":	6.00111,
					"end":	7.001107,
					"seconds":	0.99999701976776123,
					"bytes":	1441792,
					"bits_per_second":	11534370.375102445,
					"retransmits":	0,
					"snd_cwnd":	311234,
					"snd_wnd":	484288,
					"rtt":	304971,
					"rttvar":	2021,
					"pmtu":	1500,
					"reorder":	0,
					"omitted":	false,
					"sender":	true
				}],
			"sum":	{
				"start":	6.00111,
				"end":	7.001107,
				"seconds":	0.99999701976776123,
				"bytes":	1441792,
				"bits_per_second":	11534370.375102445,
				"retransmits":	0,
				"omitted":	false,
				"sender":	true
			}
		}, {
			"streams":	[{
					"socket":	5,
					"start":	7.001107,
					"end":	8.001073,
					"seconds":	0.999966025352478,
					"bytes":	1441792,
					"bits_per_second":	11534727.888314268,
					"retransmits":	0,
					"snd_cwnd":	353584,
					"snd_wnd":	484288,
					"rtt":	379802,
					"rttvar":	2021,
					"pmtu":	1500,
					"reorder":	0,
					"omitted":	false,
					"sender":	true
				}],
			"sum":	{
				"start":	7.001107,
				"end":	8.001073,
				"seconds":	0.999966025352478,
				"bytes":	1441792,
				"bits_per_second":	11534727.888314268,
				"retransmits":	0,
				"omitted":	false,
				"sender":	true
			}
		}, {
			"streams":	[{
					"socket":	5,
					"start":	8.001073,
					"end":	9.001083,
					"seconds":	1.0000100135803223,
					"bytes":	0,
					"bits_per_second":	0,
					"retransmits":	0,
					"snd_cwnd":	396088,
					"snd_wnd":	484288,
					"rtt":	451418,
					"rttvar":	1639,
					"pmtu":	1500,
					"reorder":	0,
					"omitted":	false,
					"sender":	true
				}],
			"sum":	{
				"start":	8.001073,
				"end":	9.001083,
				"seconds":	1.0000100135803223,
				"bytes":	0,
				"bits_per_second":	0,
				"retransmits":	0,
				"omitted":	false,
				"sender":	true
			}
		}, {
			"streams":	[{
					"socket":	5,
					"start":	9.001083,
					"end":	10.001936,
					"seconds":	1.0008529424667358,
					"bytes":	1441792,
					"bits_per_second":	11524506.259203363,
					"retransmits":	0,
					"snd_cwnd":	440440,
					"snd_wnd":	484288,
					"rtt":	468597,
					"rttvar":	3997,
					"pmtu":	1500,
					"reorder":	0,
					"omitted":	false,
					"sender":	true
				}],
			"sum":	{
				"start":	9.001083,
				"end":	10.001936,
				"seconds":	1.0008529424667358,
				"bytes":	1441792,
				"bits_per_second":	11524506.259203363,
				"retransmits":	0,
				"omitted":	false,
				"sender":	true
			}
		}],
	"end":	{
		"streams":	[{
				"sender":	{
					"socket":	5,
					"start":	0,
					"end":	10.001936,
					"seconds":	10.001936,
					"bytes":	12189696,
					"bits_per_second":	9749869.22531798,
					"retransmits":	0,
					"reorder":	0,
					"max_snd_cwnd":	440440,
					"max_snd_wnd":	484288,
					"max_rtt":	468597,
					"min_rtt":	43214,
					"mean_rtt":	255773,
					"sender":	true
				},
				"receiver":	{
					"socket":	5,
					"start":	0,
					"end":	10.069306,
					"seconds":	10.001936,
					"bytes":	9175040,
					"bits_per_second":	7289511.3128948519,
					"sender":	true
				}
			}],
		"sum_sent":	{
			"start":	0,
			"end":	10.001936,
			"seconds":	10.001936,
			"bytes":	12189696,
			"bits_per_second":	9749869.22531798,
			"retransmits":	0,
			"sender":	true
		},
		"sum_received":	{
			"start":	0,
			"end":	10.069306,
			"seconds":	10.069306,
			"bytes":	9175040,
			"bits_per_second":	7289511.3128948519,
			"sender":	true
		},
		"cpu_utilization_percent":	{
			"host_total":	0.12665442403476038,
			"host_user":	0.0169455295587249,
			"host_system":	0.10970889447603548,
			"remote_total":	5.6552889966158357,
			"remote_user":	0.31709054985727858,
			"remote_system":	5.33816878625564
		},
		"sender_tcp_congestion":	"cubic",
		"receiver_tcp_congestion":	"cubic"
	}
}
{
	"start":	{
		"connected":	[{
				"socket":	5,
				"local_host":	"192.168.1.48",
				"local_port":	41246,
				"remote_host":	"192.168.1.58",
				"remote_port":	5201
			}],
		"version":	"iperf 3.20",
		"system_info":	"Linux kuroi-washi 6.19.11+kali-amd64 #1 SMP PREEMPT_DYNAMIC Kali 6.19.11-1kali1 (2026-04-09) x86_64",
		"timestamp":	{
			"time":	"Thu, 23 Apr 2026 22:18:44 GMT",
			"timesecs":	1776982724,
			"timemillisecs":	1776982724112
		},
		"connecting_to":	{
			"host":	"192.168.1.58",
			"port":	5201
		},
		"cookie":	"pg3i6alb62kgifxmplcr2ap4kfqi627x3vfa",
		"tcp_mss":	166,
		"target_bitrate":	0,
		"fq_rate":	0,
		"sock_bufsize":	0,
		"sndbuf_actual":	16384,
		"rcvbuf_actual":	131072,
		"test_start":	{
			"protocol":	"TCP",
			"num_streams":	1,
			"blksize":	131072,
			"omit":	0,
			"duration":	10,
			"bytes":	0,
			"blocks":	0,
			"reverse":	0,
			"tos":	0,
			"target_bitrate":	0,
			"bidir":	0,
			"fqrate":	0,
			"interval":	1
		}
	},
	"intervals":	[{
			"streams":	[{
					"socket":	5,
					"start":	0,
					"end":	1.001125,
					"seconds":	1.0011249780654907,
					"bytes":	1310720,
					"bits_per_second":	10473977.005610235,
					"retransmits":	0,
					"snd_cwnd":	41888,
					"snd_wnd":	484288,
					"rtt":	35990,
					"rttvar":	5489,
					"pmtu":	1500,
					"reorder":	0,
					"omitted":	false,
					"sender":	true
				}],
			"sum":	{
				"start":	0,
				"end":	1.001125,
				"seconds":	1.0011249780654907,
				"bytes":	1310720,
				"bits_per_second":	10473977.005610235,
				"retransmits":	0,
				"omitted":	false,
				"sender":	true
			}
		}, {
			"streams":	[{
					"socket":	5,
					"start":	1.001125,
					"end":	2.001068,
					"seconds":	0.99994301795959473,
					"bytes":	1703936,
					"bits_per_second":	13632264.794263322,
					"retransmits":	0,
					"snd_cwnd":	85624,
					"snd_wnd":	484288,
					"rtt":	79222,
					"rttvar":	23161,
					"pmtu":	1500,
					"reorder":	0,
					"omitted":	false,
					"sender":	true
				}],
			"sum":	{
				"start":	1.001125,
				"end":	2.001068,
				"seconds":	0.99994301795959473,
				"bytes":	1703936,
				"bits_per_second":	13632264.794263322,
				"retransmits":	0,
				"omitted":	false,
				"sender":	true
			}
		}, {
			"streams":	[{
					"socket":	5,
					"start":	2.001068,
					"end":	3.001131,
					"seconds":	1.0000629425048828,
					"bytes":	1310720,
					"bits_per_second":	10485100.041539438,
					"retransmits":	0,
					"snd_cwnd":	129514,
					"snd_wnd":	484288,
					"rtt":	161119,
					"rttvar":	3940,
					"pmtu":	1500,
					"reorder":	0,
					"omitted":	false,
					"sender":	true
				}],
			"sum":	{
				"start":	2.001068,
				"end":	3.001131,
				"seconds":	1.0000629425048828,
				"bytes":	1310720,
				"bits_per_second":	10485100.041539438,
				"retransmits":	0,
				"omitted":	false,
				"sender":	true
			}
		}, {
			"streams":	[{
					"socket":	5,
					"start":	3.001131,
					"end":	4.001101,
					"seconds":	0.999970018863678,
					"bytes":	1703936,
					"bits_per_second":	13631896.699753283,
					"retransmits":	0,
					"snd_cwnd":	175098,
					"snd_wnd":	484288,
					"rtt":	187877,
					"rttvar":	910,
					"pmtu":	1500,
					"reorder":	0,
					"omitted":	false,
					"sender":	true
				}],
			"sum":	{
				"start":	3.001131,
				"end":	4.001101,
				"seconds":	0.999970018863678,
				"bytes":	1703936,
				"bits_per_second":	13631896.699753283,
				"retransmits":	0,
				"omitted":	false,
				"sender":	true
			}
		}, {
			"streams":	[{
					"socket":	5,
					"start":	4.001101,
					"end":	5.001044,
					"seconds":	0.99994301795959473,
					"bytes":	1179648,
					"bits_per_second":	9437721.78064384,
					"retransmits":	0,
					"snd_cwnd":	218680,
					"snd_wnd":	484288,
					"rtt":	234677,
					"rttvar":	678,
					"pmtu":	1500,
					"reorder":	0,
					"omitted":	false,
					"sender":	true
				}],
			"sum":	{
				"start":	4.001101,
				"end":	5.001044,
				"seconds":	0.99994301795959473,
				"bytes":	1179648,
				"bits_per_second":	9437721.78064384,
				"retransmits":	0,
				"omitted":	false,
				"sender":	true
			}
		}, {
			"streams":	[{
					"socket":	5,
					"start":	5.001044,
					"end":	6.001137,
					"seconds":	1.0000929832458496,
					"bytes":	1441792,
					"bits_per_second":	11533263.599715259,
					"retransmits":	0,
					"snd_cwnd":	262724,
					"snd_wnd":	484288,
					"rtt":	261594,
					"rttvar":	2898,
					"pmtu":	1500,
					"reorder":	0,
					"omitted":	false,
					"sender":	true
				}],
			"sum":	{
				"start":	5.001044,
				"end":	6.001137,
				"seconds":	1.0000929832458496,
				"bytes":	1441792,
				"bits_per_second":	11533263.599715259,
				"retransmits":	0,
				"omitted":	false,
				"sender":	true
			}
		}, {
			"streams":	[{
					"socket":	5,
					"start":	6.001137,
					"end":	7.00108,
					"seconds":	0.99994301795959473,
					"bytes":	1441792,
					"bits_per_second":	11534993.287453581,
					"retransmits":	0,
					"snd_cwnd":	306614,
					"snd_wnd":	484288,
					"rtt":	318928,
					"rttvar":	4692,
					"pmtu":	1500,
					"reorder":	0,
					"omitted":	false,
					"sender":	true
				}],
			"sum":	{
				"start":	6.001137,
				"end":	7.00108,
				"seconds":	0.99994301795959473,
				"bytes":	1441792,
				"bits_per_second":	11534993.287453581,
				"retransmits":	0,
				"omitted":	false,
				"sender":	true
			}
		}, {
			"streams":	[{
					"socket":	5,
					"start":	7.00108,
					"end":	8.001119,
					"seconds":	1.0000389814376831,
					"bytes":	0,
					"bits_per_second":	0,
					"retransmits":	0,
					"snd_cwnd":	350658,
					"snd_wnd":	484288,
					"rtt":	371056,
					"rttvar":	2003,
					"pmtu":	1500,
					"reorder":	0,
					"omitted":	false,
					"sender":	true
				}],
			"sum":	{
				"start":	7.00108,
				"end":	8.001119,
				"seconds":	1.0000389814376831,
				"bytes":	0,
				"bits_per_second":	0,
				"retransmits":	0,
				"omitted":	false,
				"sender":	true
			}
		}, {
			"streams":	[{
					"socket":	5,
					"start":	8.001119,
					"end":	9.001093,
					"seconds":	0.999974012374878,
					"bytes":	1441792,
					"bits_per_second":	11534635.757789994,
					"retransmits":	0,
					"snd_cwnd":	392546,
					"snd_wnd":	484288,
					"rtt":	443377,
					"rttvar":	4084,
					"pmtu":	1500,
					"reorder":	0,
					"omitted":	false,
					"sender":	true
				}],
			"sum":	{
				"start":	8.001119,
				"end":	9.001093,
				"seconds":	0.999974012374878,
				"bytes":	1441792,
				"bits_per_second":	11534635.757789994,
				"retransmits":	0,
				"omitted":	false,
				"sender":	true
			}
		}, {
			"streams":	[{
					"socket":	5,
					"start":	9.001093,
					"end":	10.002112,
					"seconds":	1.00101900100708,
					"bytes":	0,
					"bits_per_second":	0,
					"retransmits":	0,
					"snd_cwnd":	436590,
					"snd_wnd":	484288,
					"rtt":	454846,
					"rttvar":	1597,
					"pmtu":	1500,
					"reorder":	0,
					"omitted":	false,
					"sender":	true
				}],
			"sum":	{
				"start":	9.001093,
				"end":	10.002112,
				"seconds":	1.00101900100708,
				"bytes":	0,
				"bits_per_second":	0,
				"retransmits":	0,
				"omitted":	false,
				"sender":	true
			}
		}],
	"end":	{
		"streams":	[{
				"sender":	{
					"socket":	5,
					"start":	0,
					"end":	10.002112,
					"seconds":	10.002112,
					"bytes":	11534336,
					"bits_per_second":	9225520.3700978346,
					"retransmits":	0,
					"reorder":	0,
					"max_snd_cwnd":	436590,
					"max_snd_wnd":	484288,
					"max_rtt":	454846,
					"min_rtt":	35990,
					"mean_rtt":	254868,
					"sender":	true
				},
				"receiver":	{
					"socket":	5,
					"start":	0,
					"end":	10.13391,
					"seconds":	10.002112,
					"bytes":	9175040,
					"bits_per_second":	7243040.4453957062,
					"sender":	true
				}
			}],
		"sum_sent":	{
			"start":	0,
			"end":	10.002112,
			"seconds":	10.002112,
			"bytes":	11534336,
			"bits_per_second":	9225520.3700978346,
			"retransmits":	0,
			"sender":	true
		},
		"sum_received":	{
			"start":	0,
			"end":	10.13391,
			"seconds":	10.13391,
			"bytes":	9175040,
			"bits_per_second":	7243040.4453957062,
			"sender":	true
		},
		"cpu_utilization_percent":	{
			"host_total":	0.12944361568253007,
			"host_user":	0,
			"host_system":	0.12944361568253007,
			"remote_total":	5.5329064659946869,
			"remote_user":	0.417236244846335,
			"remote_system":	5.11610175691943
		},
		"sender_tcp_congestion":	"cubic",
		"receiver_tcp_congestion":	"cubic"
	}
}
{
	"start":	{
		"connected":	[{
				"socket":	5,
				"local_host":	"192.168.1.48",
				"local_port":	41376,
				"remote_host":	"192.168.1.58",
				"remote_port":	5201
			}],
		"version":	"iperf 3.20",
		"system_info":	"Linux kuroi-washi 6.19.11+kali-amd64 #1 SMP PREEMPT_DYNAMIC Kali 6.19.11-1kali1 (2026-04-09) x86_64",
		"timestamp":	{
			"time":	"Thu, 23 Apr 2026 22:18:54 GMT",
			"timesecs":	1776982734,
			"timemillisecs":	1776982734846
		},
		"connecting_to":	{
			"host":	"192.168.1.58",
			"port":	5201
		},
		"cookie":	"n4ulo7vie5qhy3faeopliixwan64dnyp2f2z",
		"tcp_mss":	166,
		"target_bitrate":	0,
		"fq_rate":	0,
		"sock_bufsize":	0,
		"sndbuf_actual":	16384,
		"rcvbuf_actual":	131072,
		"test_start":	{
			"protocol":	"TCP",
			"num_streams":	1,
			"blksize":	131072,
			"omit":	0,
			"duration":	10,
			"bytes":	0,
			"blocks":	0,
			"reverse":	0,
			"tos":	0,
			"target_bitrate":	0,
			"bidir":	0,
			"fqrate":	0,
			"interval":	1
		}
	},
	"intervals":	[{
			"streams":	[{
					"socket":	5,
					"start":	0,
					"end":	1.001124,
					"seconds":	1.0011240243911743,
					"bytes":	1441792,
					"bits_per_second":	11521385.681473896,
					"retransmits":	0,
					"snd_cwnd":	61754,
					"snd_wnd":	484288,
					"rtt":	70645,
					"rttvar":	3571,
					"pmtu":	1500,
					"reorder":	0,
					"omitted":	false,
					"sender":	true
				}],
			"sum":	{
				"start":	0,
				"end":	1.001124,
				"seconds":	1.0011240243911743,
				"bytes":	1441792,
				"bits_per_second":	11521385.681473896,
				"retransmits":	0,
				"omitted":	false,
				"sender":	true
			}
		}, {
			"streams":	[{
					"socket":	5,
					"start":	1.001124,
					"end":	2.001122,
					"seconds":	0.99999797344207764,
					"bytes":	1441792,
					"bits_per_second":	11534359.375047371,
					"retransmits":	0,
					"snd_cwnd":	105336,
					"snd_wnd":	484288,
					"rtt":	106958,
					"rttvar":	3093,
					"pmtu":	1500,
					"reorder":	0,
					"omitted":	false,
					"sender":	true
				}],
			"sum":	{
				"start":	1.001124,
				"end":	2.001122,
				"seconds":	0.99999797344207764,
				"bytes":	1441792,
				"bits_per_second":	11534359.375047371,
				"retransmits":	0,
				"omitted":	false,
				"sender":	true
			}
		}, {
			"streams":	[{
					"socket":	5,
					"start":	2.001122,
					"end":	3.001109,
					"seconds":	0.999987006187439,
					"bytes":	1441792,
					"bits_per_second":	11534485.876947474,
					"retransmits":	0,
					"snd_cwnd":	149380,
					"snd_wnd":	484288,
					"rtt":	154975,
					"rttvar":	2500,
					"pmtu":	1500,
					"reorder":	0,
					"omitted":	false,
					"sender":	true
				}],
			"sum":	{
				"start":	2.001122,
				"end":	3.001109,
				"seconds":	0.999987006187439,
				"bytes":	1441792,
				"bits_per_second":	11534485.876947474,
				"retransmits":	0,
				"omitted":	false,
				"sender":	true
			}
		}, {
			"streams":	[{
					"socket":	5,
					"start":	3.001109,
					"end":	4.001132,
					"seconds":	1.0000230073928833,
					"bytes":	1966080,
					"bits_per_second":	15728278.133325608,
					"retransmits":	0,
					"snd_cwnd":	192654,
					"snd_wnd":	484288,
					"rtt":	207085,
					"rttvar":	2180,
					"pmtu":	1500,
					"reorder":	0,
					"omitted":	false,
					"sender":	true
				}],
			"sum":	{
				"start":	3.001109,
				"end":	4.001132,
				"seconds":	1.0000230073928833,
				"bytes":	1966080,
				"bits_per_second":	15728278.133325608,
				"retransmits":	0,
				"omitted":	false,
				"sender":	true
			}
		}, {
			"streams":	[{
					"socket":	5,
					"start":	4.001132,
					"end":	5.001084,
					"seconds":	0.99995201826095581,
					"bytes":	1179648,
					"bits_per_second":	9437636.8342277743,
					"retransmits":	0,
					"snd_cwnd":	235004,
					"snd_wnd":	484288,
					"rtt":	270628,
					"rttvar":	5169,
					"pmtu":	1500,
					"reorder":	0,
					"omitted":	false,
					"sender":	true
				}],
			"sum":	{
				"start":	4.001132,
				"end":	5.001084,
				"seconds":	0.99995201826095581,
				"bytes":	1179648,
				"bits_per_second":	9437636.8342277743,
				"retransmits":	0,
				"omitted":	false,
				"sender":	true
			}
		}, {
			"streams":	[{
					"socket":	5,
					"start":	5.001084,
					"end":	6.001135,
					"seconds":	1.0000510215759277,
					"bytes":	1441792,
					"bits_per_second":	11533747.530024666,
					"retransmits":	0,
					"snd_cwnd":	278894,
					"snd_wnd":	484288,
					"rtt":	284836,
					"rttvar":	4032,
					"pmtu":	1500,
					"reorder":	0,
					"omitted":	false,
					"sender":	true
				}],
			"sum":	{
				"start":	5.001084,
				"end":	6.001135,
				"seconds":	1.0000510215759277,
				"bytes":	1441792,
				"bits_per_second":	11533747.530024666,
				"retransmits":	0,
				"omitted":	false,
				"sender":	true
			}
		}, {
			"streams":	[{
					"socket":	5,
					"start":	6.001135,
					"end":	7.001098,
					"seconds":	0.99996298551559448,
					"bytes":	0,
					"bits_per_second":	0,
					"retransmits":	0,
					"snd_cwnd":	321706,
					"snd_wnd":	484288,
					"rtt":	360784,
					"rttvar":	8522,
					"pmtu":	1500,
					"reorder":	0,
					"omitted":	false,
					"sender":	true
				}],
			"sum":	{
				"start":	6.001135,
				"end":	7.001098,
				"seconds":	0.99996298551559448,
				"bytes":	0,
				"bits_per_second":	0,
				"retransmits":	0,
				"omitted":	false,
				"sender":	true
			}
		}, {
			"streams":	[{
					"socket":	5,
					"start":	7.001098,
					"end":	8.001118,
					"seconds":	1.0000200271606445,
					"bytes":	1572864,
					"bits_per_second":	12582660.005046744,
					"retransmits":	0,
					"snd_cwnd":	352352,
					"snd_wnd":	484288,
					"rtt":	478248,
					"rttvar":	10660,
					"pmtu":	1500,
					"reorder":	0,
					"omitted":	false,
					"sender":	true
				}],
			"sum":	{
				"start":	7.001098,
				"end":	8.001118,
				"seconds":	1.0000200271606445,
				"bytes":	1572864,
				"bits_per_second":	12582660.005046744,
				"retransmits":	0,
				"omitted":	false,
				"sender":	true
			}
		}, {
			"streams":	[{
					"socket":	5,
					"start":	8.001118,
					"end":	9.001064,
					"seconds":	0.9999459981918335,
					"bytes":	0,
					"bits_per_second":	0,
					"retransmits":	0,
					"snd_cwnd":	398552,
					"snd_wnd":	484288,
					"rtt":	215249,
					"rttvar":	3899,
					"pmtu":	1500,
					"reorder":	0,
					"omitted":	false,
					"sender":	true
				}],
			"sum":	{
				"start":	8.001118,
				"end":	9.001064,
				"seconds":	0.9999459981918335,
				"bytes":	0,
				"bits_per_second":	0,
				"retransmits":	0,
				"omitted":	false,
				"sender":	true
			}
		}, {
			"streams":	[{
					"socket":	5,
					"start":	9.001064,
					"end":	10.002173,
					"seconds":	1.0011090040206909,
					"bytes":	1441792,
					"bits_per_second":	11521558.545248693,
					"retransmits":	0,
					"snd_cwnd":	437668,
					"snd_wnd":	484288,
					"rtt":	595799,
					"rttvar":	11000,
					"pmtu":	1500,
					"reorder":	0,
					"omitted":	false,
					"sender":	true
				}],
			"sum":	{
				"start":	9.001064,
				"end":	10.002173,
				"seconds":	1.0011090040206909,
				"bytes":	1441792,
				"bits_per_second":	11521558.545248693,
				"retransmits":	0,
				"omitted":	false,
				"sender":	true
			}
		}],
	"end":	{
		"streams":	[{
				"sender":	{
					"socket":	5,
					"start":	0,
					"end":	10.002173,
					"seconds":	10.002173,
					"bytes":	11927552,
					"bits_per_second":	9539968.56483086,
					"retransmits":	0,
					"reorder":	0,
					"max_snd_cwnd":	437668,
					"max_snd_wnd":	484288,
					"max_rtt":	595799,
					"min_rtt":	70645,
					"mean_rtt":	274520,
					"sender":	true
				},
				"receiver":	{
					"socket":	5,
					"start":	0,
					"end":	10.403361,
					"seconds":	10.002173,
					"bytes":	8650752,
					"bits_per_second":	6652274.7792756585,
					"sender":	true
				}
			}],
		"sum_sent":	{
			"start":	0,
			"end":	10.002173,
			"seconds":	10.002173,
			"bytes":	11927552,
			"bits_per_second":	9539968.56483086,
			"retransmits":	0,
			"sender":	true
		},
		"sum_received":	{
			"start":	0,
			"end":	10.403361,
			"seconds":	10.403361,
			"bytes":	8650752,
			"bits_per_second":	6652274.7792756585,
			"sender":	true
		},
		"cpu_utilization_percent":	{
			"host_total":	0.14088859955718741,
			"host_user":	0,
			"host_system":	0.14088859955718741,
			"remote_total":	4.4094044570307362,
			"remote_user":	0.32457491104303465,
			"remote_system":	4.0848008208495479
		},
		"sender_tcp_congestion":	"cubic",
		"receiver_tcp_congestion":	"cubic"
	}
}
{
	"start":	{
		"connected":	[{
				"socket":	5,
				"local_host":	"192.168.1.48",
				"local_port":	59284,
				"remote_host":	"192.168.1.58",
				"remote_port":	5201
			}],
		"version":	"iperf 3.20",
		"system_info":	"Linux kuroi-washi 6.19.11+kali-amd64 #1 SMP PREEMPT_DYNAMIC Kali 6.19.11-1kali1 (2026-04-09) x86_64",
		"timestamp":	{
			"time":	"Thu, 23 Apr 2026 22:19:05 GMT",
			"timesecs":	1776982745,
			"timemillisecs":	1776982745804
		},
		"connecting_to":	{
			"host":	"192.168.1.58",
			"port":	5201
		},
		"cookie":	"3e3veesqvkme7oihvkiztfilcwquosvultuf",
		"tcp_mss":	166,
		"target_bitrate":	0,
		"fq_rate":	0,
		"sock_bufsize":	0,
		"sndbuf_actual":	16384,
		"rcvbuf_actual":	131072,
		"test_start":	{
			"protocol":	"TCP",
			"num_streams":	1,
			"blksize":	131072,
			"omit":	0,
			"duration":	10,
			"bytes":	0,
			"blocks":	0,
			"reverse":	0,
			"tos":	0,
			"target_bitrate":	0,
			"bidir":	0,
			"fqrate":	0,
			"interval":	1
		}
	},
	"intervals":	[{
			"streams":	[{
					"socket":	5,
					"start":	0,
					"end":	1.001109,
					"seconds":	1.0011090040206909,
					"bytes":	1441792,
					"bits_per_second":	11521558.545248693,
					"retransmits":	0,
					"snd_cwnd":	53746,
					"snd_wnd":	484288,
					"rtt":	57893,
					"rttvar":	10717,
					"pmtu":	1500,
					"reorder":	0,
					"omitted":	false,
					"sender":	true
				}],
			"sum":	{
				"start":	0,
				"end":	1.001109,
				"seconds":	1.0011090040206909,
				"bytes":	1441792,
				"bits_per_second":	11521558.545248693,
				"retransmits":	0,
				"omitted":	false,
				"sender":	true
			}
		}, {
			"streams":	[{
					"socket":	5,
					"start":	1.001109,
					"end":	2.001112,
					"seconds":	1.0000029802322388,
					"bytes":	1835008,
					"bits_per_second":	14680020.250130385,
					"retransmits":	0,
					"snd_cwnd":	97944,
					"snd_wnd":	484288,
					"rtt":	97704,
					"rttvar":	1597,
					"pmtu":	1500,
					"reorder":	0,
					"omitted":	false,
					"sender":	true
				}],
			"sum":	{
				"start":	1.001109,
				"end":	2.001112,
				"seconds":	1.0000029802322388,
				"bytes":	1835008,
				"bits_per_second":	14680020.250130385,
				"retransmits":	0,
				"omitted":	false,
				"sender":	true
			}
		}, {
			"streams":	[{
					"socket":	5,
					"start":	2.001112,
					"end":	3.001079,
					"seconds":	0.99996697902679443,
					"bytes":	1441792,
					"bits_per_second":	11534716.887577279,
					"retransmits":	0,
					"snd_cwnd":	140602,
					"snd_wnd":	484288,
					"rtt":	157220,
					"rttvar":	3875,
					"pmtu":	1500,
					"reorder":	0,
					"omitted":	false,
					"sender":	true
				}],
			"sum":	{
				"start":	2.001112,
				"end":	3.001079,
				"seconds":	0.99996697902679443,
				"bytes":	1441792,
				"bits_per_second":	11534716.887577279,
				"retransmits":	0,
				"omitted":	false,
				"sender":	true
			}
		}, {
			"streams":	[{
					"socket":	5,
					"start":	3.001079,
					"end":	4.00106,
					"seconds":	0.99998098611831665,
					"bytes":	917504,
					"bits_per_second":	7340171.5651536752,
					"retransmits":	0,
					"snd_cwnd":	185570,
					"snd_wnd":	484288,
					"rtt":	192430,
					"rttvar":	1776,
					"pmtu":	1500,
					"reorder":	0,
					"omitted":	false,
					"sender":	true
				}],
			"sum":	{
				"start":	3.001079,
				"end":	4.00106,
				"seconds":	0.99998098611831665,
				"bytes":	917504,
				"bits_per_second":	7340171.5651536752,
				"retransmits":	0,
				"omitted":	false,
				"sender":	true
			}
		}, {
			"streams":	[{
					"socket":	5,
					"start":	4.00106,
					"end":	5.001099,
					"seconds":	1.0000389814376831,
					"bytes":	2359296,
					"bits_per_second":	18873632.278679475,
					"retransmits":	0,
					"snd_cwnd":	230230,
					"snd_wnd":	484288,
					"rtt":	238370,
					"rttvar":	2928,
					"pmtu":	1500,
					"reorder":	0,
					"omitted":	false,
					"sender":	true
				}],
			"sum":	{
				"start":	4.00106,
				"end":	5.001099,
				"seconds":	1.0000389814376831,
				"bytes":	2359296,
				"bits_per_second":	18873632.278679475,
				"retransmits":	0,
				"omitted":	false,
				"sender":	true
			}
		}, {
			"streams":	[{
					"socket":	5,
					"start":	5.001099,
					"end":	6.001074,
					"seconds":	0.999975025653839,
					"bytes":	0,
					"bits_per_second":	0,
					"retransmits":	0,
					"snd_cwnd":	272888,
					"snd_wnd":	484288,
					"rtt":	290453,
					"rttvar":	4298,
					"pmtu":	1500,
					"reorder":	0,
					"omitted":	false,
					"sender":	true
				}],
			"sum":	{
				"start":	5.001099,
				"end":	6.001074,
				"seconds":	0.999975025653839,
				"bytes":	0,
				"bits_per_second":	0,
				"retransmits":	0,
				"omitted":	false,
				"sender":	true
			}
		}, {
			"streams":	[{
					"socket":	5,
					"start":	6.001074,
					"end":	7.001109,
					"seconds":	1.0000350475311279,
					"bytes":	1441792,
					"bits_per_second":	11533931.764167467,
					"retransmits":	0,
					"snd_cwnd":	316624,
					"snd_wnd":	484288,
					"rtt":	330531,
					"rttvar":	2558,
					"pmtu":	1500,
					"reorder":	0,
					"omitted":	false,
					"sender":	true
				}],
			"sum":	{
				"start":	6.001074,
				"end":	7.001109,
				"seconds":	1.0000350475311279,
				"bytes":	1441792,
				"bits_per_second":	11533931.764167467,
				"retransmits":	0,
				"omitted":	false,
				"sender":	true
			}
		}, {
			"streams":	[{
					"socket":	5,
					"start":	7.001109,
					"end":	8.001066,
					"seconds":	0.999957025051117,
					"bytes":	1441792,
					"bits_per_second":	11534831.708803061,
					"retransmits":	0,
					"snd_cwnd":	360976,
					"snd_wnd":	484288,
					"rtt":	372340,
					"rttvar":	11683,
					"pmtu":	1500,
					"reorder":	0,
					"omitted":	false,
					"sender":	true
				}],
			"sum":	{
				"start":	7.001109,
				"end":	8.001066,
				"seconds":	0.999957025051117,
				"bytes":	1441792,
				"bits_per_second":	11534831.708803061,
				"retransmits":	0,
				"omitted":	false,
				"sender":	true
			}
		}, {
			"streams":	[{
					"socket":	5,
					"start":	8.001066,
					"end":	9.000581,
					"seconds":	0.99951499700546265,
					"bytes":	0,
					"bits_per_second":	0,
					"retransmits":	0,
					"snd_cwnd":	405020,
					"snd_wnd":	484288,
					"rtt":	413949,
					"rttvar":	1759,
					"pmtu":	1500,
					"reorder":	0,
					"omitted":	false,
					"sender":	true
				}],
			"sum":	{
				"start":	8.001066,
				"end":	9.000581,
				"seconds":	0.99951499700546265,
				"bytes":	0,
				"bits_per_second":	0,
				"retransmits":	0,
				"omitted":	false,
				"sender":	true
			}
		}, {
			"streams":	[{
					"socket":	5,
					"start":	9.000581,
					"end":	10.001446,
					"seconds":	1.0008649826049805,
					"bytes":	1441792,
					"bits_per_second":	11524367.62247316,
					"retransmits":	0,
					"snd_cwnd":	449526,
					"snd_wnd":	484288,
					"rtt":	487401,
					"rttvar":	2076,
					"pmtu":	1500,
					"reorder":	0,
					"omitted":	false,
					"sender":	true
				}],
			"sum":	{
				"start":	9.000581,
				"end":	10.001446,
				"seconds":	1.0008649826049805,
				"bytes":	1441792,
				"bits_per_second":	11524367.62247316,
				"retransmits":	0,
				"omitted":	false,
				"sender":	true
			}
		}],
	"end":	{
		"streams":	[{
				"sender":	{
					"socket":	5,
					"start":	0,
					"end":	10.001446,
					"seconds":	10.001446,
					"bytes":	12320768,
					"bits_per_second":	9855189.33962149,
					"retransmits":	0,
					"reorder":	0,
					"max_snd_cwnd":	449526,
					"max_snd_wnd":	484288,
					"max_rtt":	487401,
					"min_rtt":	57893,
					"mean_rtt":	263829,
					"sender":	true
				},
				"receiver":	{
					"socket":	5,
					"start":	0,
					"end":	10.048173,
					"seconds":	10.001446,
					"bytes":	9175040,
					"bits_per_second":	7304842.3827893883,
					"sender":	true
				}
			}],
		"sum_sent":	{
			"start":	0,
			"end":	10.001446,
			"seconds":	10.001446,
			"bytes":	12320768,
			"bits_per_second":	9855189.33962149,
			"retransmits":	0,
			"sender":	true
		},
		"sum_received":	{
			"start":	0,
			"end":	10.048173,
			"seconds":	10.048173,
			"bytes":	9175040,
			"bits_per_second":	7304842.3827893883,
			"sender":	true
		},
		"cpu_utilization_percent":	{
			"host_total":	0.11260842919336526,
			"host_user":	0.056289315360218847,
			"host_system":	0.056289315360218847,
			"remote_total":	5.4913569414212784,
			"remote_user":	0.48586644647220711,
			"remote_system":	5.00548058699103
		},
		"sender_tcp_congestion":	"cubic",
		"receiver_tcp_congestion":	"cubic"
	}
}
{
	"start":	{
		"connected":	[{
				"socket":	5,
				"local_host":	"192.168.1.48",
				"local_port":	47378,
				"remote_host":	"192.168.1.58",
				"remote_port":	5201
			}],
		"version":	"iperf 3.20",
		"system_info":	"Linux kuroi-washi 6.19.11+kali-amd64 #1 SMP PREEMPT_DYNAMIC Kali 6.19.11-1kali1 (2026-04-09) x86_64",
		"timestamp":	{
			"time":	"Thu, 23 Apr 2026 22:19:16 GMT",
			"timesecs":	1776982756,
			"timemillisecs":	1776982756401
		},
		"connecting_to":	{
			"host":	"192.168.1.58",
			"port":	5201
		},
		"cookie":	"zuyckhf5awm3s4propb64yuc6acddzmxovr2",
		"tcp_mss":	166,
		"target_bitrate":	0,
		"fq_rate":	0,
		"sock_bufsize":	0,
		"sndbuf_actual":	16384,
		"rcvbuf_actual":	131072,
		"test_start":	{
			"protocol":	"TCP",
			"num_streams":	1,
			"blksize":	131072,
			"omit":	0,
			"duration":	10,
			"bytes":	0,
			"blocks":	0,
			"reverse":	0,
			"tos":	0,
			"target_bitrate":	0,
			"bidir":	0,
			"fqrate":	0,
			"interval":	1
		}
	},
	"intervals":	[{
			"streams":	[{
					"socket":	5,
					"start":	0,
					"end":	1.001058,
					"seconds":	1.0010579824447632,
					"bytes":	1310720,
					"bits_per_second":	10474677.974588338,
					"retransmits":	0,
					"snd_cwnd":	41580,
					"snd_wnd":	484288,
					"rtt":	32979,
					"rttvar":	3506,
					"pmtu":	1500,
					"reorder":	0,
					"omitted":	false,
					"sender":	true
				}],
			"sum":	{
				"start":	0,
				"end":	1.001058,
				"seconds":	1.0010579824447632,
				"bytes":	1310720,
				"bits_per_second":	10474677.974588338,
				"retransmits":	0,
				"omitted":	false,
				"sender":	true
			}
		}, {
			"streams":	[{
					"socket":	5,
					"start":	1.001058,
					"end":	2.001047,
					"seconds":	0.99998897314071655,
					"bytes":	1441792,
					"bits_per_second":	11534463.188902494,
					"retransmits":	0,
					"snd_cwnd":	84546,
					"snd_wnd":	484288,
					"rtt":	83660,
					"rttvar":	2015,
					"pmtu":	1500,
					"reorder":	0,
					"omitted":	false,
					"sender":	true
				}],
			"sum":	{
				"start":	1.001058,
				"end":	2.001047,
				"seconds":	0.99998897314071655,
				"bytes":	1441792,
				"bits_per_second":	11534463.188902494,
				"retransmits":	0,
				"omitted":	false,
				"sender":	true
			}
		}, {
			"streams":	[{
					"socket":	5,
					"start":	2.001047,
					"end":	3.001503,
					"seconds":	1.0004559755325317,
					"bytes":	1179648,
					"bits_per_second":	9432882.83622544,
					"retransmits":	0,
					"snd_cwnd":	128898,
					"snd_wnd":	484288,
					"rtt":	120189,
					"rttvar":	6962,
					"pmtu":	1500,
					"reorder":	0,
					"omitted":	false,
					"sender":	true
				}],
			"sum":	{
				"start":	2.001047,
				"end":	3.001503,
				"seconds":	1.0004559755325317,
				"bytes":	1179648,
				"bits_per_second":	9432882.83622544,
				"retransmits":	0,
				"omitted":	false,
				"sender":	true
			}
		}, {
			"streams":	[{
					"socket":	5,
					"start":	3.001503,
					"end":	4.0011,
					"seconds":	0.99959701299667358,
					"bytes":	1703936,
					"bits_per_second":	13636983.527126009,
					"retransmits":	0,
					"snd_cwnd":	173558,
					"snd_wnd":	484288,
					"rtt":	180586,
					"rttvar":	888,
					"pmtu":	1500,
					"reorder":	0,
					"omitted":	false,
					"sender":	true
				}],
			"sum":	{
				"start":	3.001503,
				"end":	4.0011,
				"seconds":	0.99959701299667358,
				"bytes":	1703936,
				"bits_per_second":	13636983.527126009,
				"retransmits":	0,
				"omitted":	false,
				"sender":	true
			}
		}, {
			"streams":	[{
					"socket":	5,
					"start":	4.0011,
					"end":	5.00106,
					"seconds":	0.99996000528335571,
					"bytes":	1048576,
					"bits_per_second":	8388943.5134187639,
					"retransmits":	0,
					"snd_cwnd":	218526,
					"snd_wnd":	484288,
					"rtt":	244457,
					"rttvar":	1433,
					"pmtu":	1500,
					"reorder":	0,
					"omitted":	false,
					"sender":	true
				}],
			"sum":	{
				"start":	4.0011,
				"end":	5.00106,
				"seconds":	0.99996000528335571,
				"bytes":	1048576,
				"bits_per_second":	8388943.5134187639,
				"retransmits":	0,
				"omitted":	false,
				"sender":	true
			}
		}, {
			"streams":	[{
					"socket":	5,
					"start":	5.00106,
					"end":	6.000974,
					"seconds":	0.999913990497589,
					"bytes":	1179648,
					"bits_per_second":	9437995.7573188432,
					"retransmits":	0,
					"snd_cwnd":	261954,
					"snd_wnd":	484288,
					"rtt":	276653,
					"rttvar":	2921,
					"pmtu":	1500,
					"reorder":	0,
					"omitted":	false,
					"sender":	true
				}],
			"sum":	{
				"start":	5.00106,
				"end":	6.000974,
				"seconds":	0.999913990497589,
				"bytes":	1179648,
				"bits_per_second":	9437995.7573188432,
				"retransmits":	0,
				"omitted":	false,
				"sender":	true
			}
		}, {
			"streams":	[{
					"socket":	5,
					"start":	6.000974,
					"end":	7.001051,
					"seconds":	1.00007700920105,
					"bytes":	1441792,
					"bits_per_second":	11533447.818398155,
					"retransmits":	0,
					"snd_cwnd":	306306,
					"snd_wnd":	484288,
					"rtt":	330571,
					"rttvar":	2699,
					"pmtu":	1500,
					"reorder":	0,
					"omitted":	false,
					"sender":	true
				}],
			"sum":	{
				"start":	6.000974,
				"end":	7.001051,
				"seconds":	1.00007700920105,
				"bytes":	1441792,
				"bits_per_second":	11533447.818398155,
				"retransmits":	0,
				"omitted":	false,
				"sender":	true
			}
		}, {
			"streams":	[{
					"socket":	5,
					"start":	7.001051,
					"end":	8.001061,
					"seconds":	1.0000100135803223,
					"bytes":	1441792,
					"bits_per_second":	11534220.501156557,
					"retransmits":	0,
					"snd_cwnd":	348348,
					"snd_wnd":	484288,
					"rtt":	379954,
					"rttvar":	3404,
					"pmtu":	1500,
					"reorder":	0,
					"omitted":	false,
					"sender":	true
				}],
			"sum":	{
				"start":	7.001051,
				"end":	8.001061,
				"seconds":	1.0000100135803223,
				"bytes":	1441792,
				"bits_per_second":	11534220.501156557,
				"retransmits":	0,
				"omitted":	false,
				"sender":	true
			}
		}, {
			"streams":	[{
					"socket":	5,
					"start":	8.001061,
					"end":	9.001137,
					"seconds":	1.0000760555267334,
					"bytes":	0,
					"bits_per_second":	0,
					"retransmits":	0,
					"snd_cwnd":	392084,
					"snd_wnd":	484288,
					"rtt":	415774,
					"rttvar":	2181,
					"pmtu":	1500,
					"reorder":	0,
					"omitted":	false,
					"sender":	true
				}],
			"sum":	{
				"start":	8.001061,
				"end":	9.001137,
				"seconds":	1.0000760555267334,
				"bytes":	0,
				"bits_per_second":	0,
				"retransmits":	0,
				"omitted":	false,
				"sender":	true
			}
		}, {
			"streams":	[{
					"socket":	5,
					"start":	9.001137,
					"end":	10.00201,
					"seconds":	1.0008729696273804,
					"bytes":	1441792,
					"bits_per_second":	11524275.657373553,
					"retransmits":	0,
					"snd_cwnd":	433202,
					"snd_wnd":	484288,
					"rtt":	497478,
					"rttvar":	3357,
					"pmtu":	1500,
					"reorder":	0,
					"omitted":	false,
					"sender":	true
				}],
			"sum":	{
				"start":	9.001137,
				"end":	10.00201,
				"seconds":	1.0008729696273804,
				"bytes":	1441792,
				"bits_per_second":	11524275.657373553,
				"retransmits":	0,
				"omitted":	false,
				"sender":	true
			}
		}],
	"end":	{
		"streams":	[{
				"sender":	{
					"socket":	5,
					"start":	0,
					"end":	10.00201,
					"seconds":	10.00201,
					"bytes":	12189696,
					"bits_per_second":	9749797.09078475,
					"retransmits":	0,
					"reorder":	0,
					"max_snd_cwnd":	433202,
					"max_snd_wnd":	484288,
					"max_rtt":	497478,
					"min_rtt":	32979,
					"mean_rtt":	256230,
					"sender":	true
				},
				"receiver":	{
					"socket":	5,
					"start":	0,
					"end":	10.068944,
					"seconds":	10.00201,
					"bytes":	9043968,
					"bits_per_second":	7185633.76655983,
					"sender":	true
				}
			}],
		"sum_sent":	{
			"start":	0,
			"end":	10.00201,
			"seconds":	10.00201,
			"bytes":	12189696,
			"bits_per_second":	9749797.09078475,
			"retransmits":	0,
			"sender":	true
		},
		"sum_received":	{
			"start":	0,
			"end":	10.068944,
			"seconds":	10.068944,
			"bytes":	9043968,
			"bits_per_second":	7185633.76655983,
			"sender":	true
		},
		"cpu_utilization_percent":	{
			"host_total":	0.073334422861969048,
			"host_user":	0.013996864225247719,
			"host_system":	0.059367381500837632,
			"remote_total":	5.3654633478783644,
			"remote_user":	0.28981436092114987,
			"remote_system":	5.07565889209276
		},
		"sender_tcp_congestion":	"cubic",
		"receiver_tcp_congestion":	"cubic"
	}
}
{
	"start":	{
		"connected":	[{
				"socket":	5,
				"local_host":	"192.168.1.48",
				"local_port":	44208,
				"remote_host":	"192.168.1.58",
				"remote_port":	5201
			}],
		"version":	"iperf 3.20",
		"system_info":	"Linux kuroi-washi 6.19.11+kali-amd64 #1 SMP PREEMPT_DYNAMIC Kali 6.19.11-1kali1 (2026-04-09) x86_64",
		"timestamp":	{
			"time":	"Thu, 23 Apr 2026 22:19:27 GMT",
			"timesecs":	1776982767,
			"timemillisecs":	1776982767055
		},
		"connecting_to":	{
			"host":	"192.168.1.58",
			"port":	5201
		},
		"cookie":	"jxar636vzkkrnw6y2n7edqhoaysbkzs6h2g5",
		"tcp_mss":	166,
		"target_bitrate":	0,
		"fq_rate":	0,
		"sock_bufsize":	0,
		"sndbuf_actual":	16384,
		"rcvbuf_actual":	131072,
		"test_start":	{
			"protocol":	"TCP",
			"num_streams":	1,
			"blksize":	131072,
			"omit":	0,
			"duration":	10,
			"bytes":	0,
			"blocks":	0,
			"reverse":	0,
			"tos":	0,
			"target_bitrate":	0,
			"bidir":	0,
			"fqrate":	0,
			"interval":	1
		}
	},
	"intervals":	[{
			"streams":	[{
					"socket":	5,
					"start":	0,
					"end":	1.00093,
					"seconds":	1.0009299516677856,
					"bytes":	1441792,
					"bits_per_second":	11523619.590742661,
					"retransmits":	0,
					"snd_cwnd":	56672,
					"snd_wnd":	484288,
					"rtt":	46645,
					"rttvar":	1225,
					"pmtu":	1500,
					"reorder":	0,
					"omitted":	false,
					"sender":	true
				}],
			"sum":	{
				"start":	0,
				"end":	1.00093,
				"seconds":	1.0009299516677856,
				"bytes":	1441792,
				"bits_per_second":	11523619.590742661,
				"retransmits":	0,
				"omitted":	false,
				"sender":	true
			}
		}, {
			"streams":	[{
					"socket":	5,
					"start":	1.00093,
					"end":	2.001116,
					"seconds":	1.0001859664916992,
					"bytes":	1703936,
					"bits_per_second":	13628953.471337404,
					"retransmits":	0,
					"snd_cwnd":	97174,
					"snd_wnd":	484288,
					"rtt":	102384,
					"rttvar":	6231,
					"pmtu":	1500,
					"reorder":	0,
					"omitted":	false,
					"sender":	true
				}],
			"sum":	{
				"start":	1.00093,
				"end":	2.001116,
				"seconds":	1.0001859664916992,
				"bytes":	1703936,
				"bits_per_second":	13628953.471337404,
				"retransmits":	0,
				"omitted":	false,
				"sender":	true
			}
		}, {
			"streams":	[{
					"socket":	5,
					"start":	2.001116,
					"end":	3.000923,
					"seconds":	0.99980700016021729,
					"bytes":	1441792,
					"bits_per_second":	11536562.554724704,
					"retransmits":	0,
					"snd_cwnd":	141526,
					"snd_wnd":	484288,
					"rtt":	155909,
					"rttvar":	9340,
					"pmtu":	1500,
					"reorder":	0,
					"omitted":	false,
					"sender":	true
				}],
			"sum":	{
				"start":	2.001116,
				"end":	3.000923,
				"seconds":	0.99980700016021729,
				"bytes":	1441792,
				"bits_per_second":	11536562.554724704,
				"retransmits":	0,
				"omitted":	false,
				"sender":	true
			}
		}, {
			"streams":	[{
					"socket":	5,
					"start":	3.000923,
					"end":	4.000971,
					"seconds":	1.000048041343689,
					"bytes":	917504,
					"bits_per_second":	7339679.3919397648,
					"retransmits":	0,
					"snd_cwnd":	184184,
					"snd_wnd":	484288,
					"rtt":	186876,
					"rttvar":	4187,
					"pmtu":	1500,
					"reorder":	0,
					"omitted":	false,
					"sender":	true
				}],
			"sum":	{
				"start":	3.000923,
				"end":	4.000971,
				"seconds":	1.000048041343689,
				"bytes":	917504,
				"bits_per_second":	7339679.3919397648,
				"retransmits":	0,
				"omitted":	false,
				"sender":	true
			}
		}, {
			"streams":	[{
					"socket":	5,
					"start":	4.000971,
					"end":	5.001064,
					"seconds":	1.0000929832458496,
					"bytes":	2359296,
					"bits_per_second":	18872613.163170423,
					"retransmits":	0,
					"snd_cwnd":	228844,
					"snd_wnd":	484288,
					"rtt":	239174,
					"rttvar":	2675,
					"pmtu":	1500,
					"reorder":	0,
					"omitted":	false,
					"sender":	true
				}],
			"sum":	{
				"start":	4.000971,
				"end":	5.001064,
				"seconds":	1.0000929832458496,
				"bytes":	2359296,
				"bits_per_second":	18872613.163170423,
				"retransmits":	0,
				"omitted":	false,
				"sender":	true
			}
		}, {
			"streams":	[{
					"socket":	5,
					"start":	5.001064,
					"end":	6.001062,
					"seconds":	0.99999797344207764,
					"bytes":	0,
					"bits_per_second":	0,
					"retransmits":	0,
					"snd_cwnd":	272118,
					"snd_wnd":	484288,
					"rtt":	285475,
					"rttvar":	7726,
					"pmtu":	1500,
					"reorder":	0,
					"omitted":	false,
					"sender":	true
				}],
			"sum":	{
				"start":	5.001064,
				"end":	6.001062,
				"seconds":	0.99999797344207764,
				"bytes":	0,
				"bits_per_second":	0,
				"retransmits":	0,
				"omitted":	false,
				"sender":	true
			}
		}, {
			"streams":	[{
					"socket":	5,
					"start":	6.001062,
					"end":	7.00111,
					"seconds":	1.000048041343689,
					"bytes":	1441792,
					"bits_per_second":	11533781.90161963,
					"retransmits":	0,
					"snd_cwnd":	314314,
					"snd_wnd":	484288,
					"rtt":	349517,
					"rttvar":	2579,
					"pmtu":	1500,
					"reorder":	0,
					"omitted":	false,
					"sender":	true
				}],
			"sum":	{
				"start":	6.001062,
				"end":	7.00111,
				"seconds":	1.000048041343689,
				"bytes":	1441792,
				"bits_per_second":	11533781.90161963,
				"retransmits":	0,
				"omitted":	false,
				"sender":	true
			}
		}, {
			"streams":	[{
					"socket":	5,
					"start":	7.00111,
					"end":	8.000924,
					"seconds":	0.999813973903656,
					"bytes":	1441792,
					"bits_per_second":	11536482.086728137,
					"retransmits":	0,
					"snd_cwnd":	358204,
					"snd_wnd":	484288,
					"rtt":	393452,
					"rttvar":	4395,
					"pmtu":	1500,
					"reorder":	0,
					"omitted":	false,
					"sender":	true
				}],
			"sum":	{
				"start":	7.00111,
				"end":	8.000924,
				"seconds":	0.999813973903656,
				"bytes":	1441792,
				"bits_per_second":	11536482.086728137,
				"retransmits":	0,
				"omitted":	false,
				"sender":	true
			}
		}, {
			"streams":	[{
					"socket":	5,
					"start":	8.000924,
					"end":	9.001113,
					"seconds":	1.000188946723938,
					"bytes":	0,
					"bits_per_second":	0,
					"retransmits":	0,
					"snd_cwnd":	401324,
					"snd_wnd":	484288,
					"rtt":	445356,
					"rttvar":	4439,
					"pmtu":	1500,
					"reorder":	0,
					"omitted":	false,
					"sender":	true
				}],
			"sum":	{
				"start":	8.000924,
				"end":	9.001113,
				"seconds":	1.000188946723938,
				"bytes":	0,
				"bits_per_second":	0,
				"retransmits":	0,
				"omitted":	false,
				"sender":	true
			}
		}, {
			"streams":	[{
					"socket":	5,
					"start":	9.001113,
					"end":	10.00227,
					"seconds":	1.00115704536438,
					"bytes":	1441792,
					"bits_per_second":	11521005.673792144,
					"retransmits":	0,
					"snd_cwnd":	446292,
					"snd_wnd":	484288,
					"rtt":	467491,
					"rttvar":	3943,
					"pmtu":	1500,
					"reorder":	0,
					"omitted":	false,
					"sender":	true
				}],
			"sum":	{
				"start":	9.001113,
				"end":	10.00227,
				"seconds":	1.00115704536438,
				"bytes":	1441792,
				"bits_per_second":	11521005.673792144,
				"retransmits":	0,
				"omitted":	false,
				"sender":	true
			}
		}],
	"end":	{
		"streams":	[{
				"sender":	{
					"socket":	5,
					"start":	0,
					"end":	10.00227,
					"seconds":	10.00227,
					"bytes":	12189696,
					"bits_per_second":	9749543.6535906363,
					"retransmits":	0,
					"reorder":	0,
					"max_snd_cwnd":	446292,
					"max_snd_wnd":	484288,
					"max_rtt":	467491,
					"min_rtt":	46645,
					"mean_rtt":	267227,
					"sender":	true
				},
				"receiver":	{
					"socket":	5,
					"start":	0,
					"end":	10.15873,
					"seconds":	10.00227,
					"bytes":	9175040,
					"bits_per_second":	7225344.1128960019,
					"sender":	true
				}
			}],
		"sum_sent":	{
			"start":	0,
			"end":	10.00227,
			"seconds":	10.00227,
			"bytes":	12189696,
			"bits_per_second":	9749543.6535906363,
			"retransmits":	0,
			"sender":	true
		},
		"sum_received":	{
			"start":	0,
			"end":	10.15873,
			"seconds":	10.15873,
			"bytes":	9175040,
			"bits_per_second":	7225344.1128960019,
			"sender":	true
		},
		"cpu_utilization_percent":	{
			"host_total":	0.11966242850222079,
			"host_user":	0.11966242850222079,
			"host_system":	0,
			"remote_total":	5.3423782252959073,
			"remote_user":	0.4551980962482961,
			"remote_system":	4.8871801290476116
		},
		"sender_tcp_congestion":	"cubic",
		"receiver_tcp_congestion":	"cubic"
	}
}
{
	"start":	{
		"connected":	[{
				"socket":	5,
				"local_host":	"192.168.1.48",
				"local_port":	48790,
				"remote_host":	"192.168.1.58",
				"remote_port":	5201
			}],
		"version":	"iperf 3.20",
		"system_info":	"Linux kuroi-washi 6.19.11+kali-amd64 #1 SMP PREEMPT_DYNAMIC Kali 6.19.11-1kali1 (2026-04-09) x86_64",
		"timestamp":	{
			"time":	"Thu, 23 Apr 2026 22:19:37 GMT",
			"timesecs":	1776982777,
			"timemillisecs":	1776982777792
		},
		"connecting_to":	{
			"host":	"192.168.1.58",
			"port":	5201
		},
		"cookie":	"yrgrmopg2h2hwqzcmxmilc3tzltnfpfqyhd4",
		"tcp_mss":	166,
		"target_bitrate":	0,
		"fq_rate":	0,
		"sock_bufsize":	0,
		"sndbuf_actual":	16384,
		"rcvbuf_actual":	131072,
		"test_start":	{
			"protocol":	"TCP",
			"num_streams":	1,
			"blksize":	131072,
			"omit":	0,
			"duration":	10,
			"bytes":	0,
			"blocks":	0,
			"reverse":	0,
			"tos":	0,
			"target_bitrate":	0,
			"bidir":	0,
			"fqrate":	0,
			"interval":	1
		}
	},
	"intervals":	[{
			"streams":	[{
					"socket":	5,
					"start":	0,
					"end":	1.001171,
					"seconds":	1.0011709928512573,
					"bytes":	1310720,
					"bits_per_second":	10473495.611511245,
					"retransmits":	0,
					"snd_cwnd":	44352,
					"snd_wnd":	484288,
					"rtt":	46202,
					"rttvar":	3842,
					"pmtu":	1500,
					"reorder":	0,
					"omitted":	false,
					"sender":	true
				}],
			"sum":	{
				"start":	0,
				"end":	1.001171,
				"seconds":	1.0011709928512573,
				"bytes":	1310720,
				"bits_per_second":	10473495.611511245,
				"retransmits":	0,
				"omitted":	false,
				"sender":	true
			}
		}, {
			"streams":	[{
					"socket":	5,
					"start":	1.001171,
					"end":	2.001058,
					"seconds":	0.999886989593506,
					"bytes":	1310720,
					"bits_per_second":	10486945.133932468,
					"retransmits":	0,
					"snd_cwnd":	90552,
					"snd_wnd":	484288,
					"rtt":	96568,
					"rttvar":	1598,
					"pmtu":	1500,
					"reorder":	0,
					"omitted":	false,
					"sender":	true
				}],
			"sum":	{
				"start":	1.001171,
				"end":	2.001058,
				"seconds":	0.999886989593506,
				"bytes":	1310720,
				"bits_per_second":	10486945.133932468,
				"retransmits":	0,
				"omitted":	false,
				"sender":	true
			}
		}, {
			"streams":	[{
					"socket":	5,
					"start":	2.001058,
					"end":	3.001055,
					"seconds":	0.99999701976776123,
					"bytes":	1966080,
					"bits_per_second":	15728686.8751397,
					"retransmits":	0,
					"snd_cwnd":	135366,
					"snd_wnd":	484288,
					"rtt":	147515,
					"rttvar":	2624,
					"pmtu":	1500,
					"reorder":	0,
					"omitted":	false,
					"sender":	true
				}],
			"sum":	{
				"start":	2.001058,
				"end":	3.001055,
				"seconds":	0.99999701976776123,
				"bytes":	1966080,
				"bits_per_second":	15728686.8751397,
				"retransmits":	0,
				"omitted":	false,
				"sender":	true
			}
		}, {
			"streams":	[{
					"socket":	5,
					"start":	3.001055,
					"end":	4.00103,
					"seconds":	0.999975025653839,
					"bytes":	917504,
					"bits_per_second":	7340215.3170782244,
					"retransmits":	0,
					"snd_cwnd":	181874,
					"snd_wnd":	484288,
					"rtt":	178758,
					"rttvar":	2860,
					"pmtu":	1500,
					"reorder":	0,
					"omitted":	false,
					"sender":	true
				}],
			"sum":	{
				"start":	3.001055,
				"end":	4.00103,
				"seconds":	0.999975025653839,
				"bytes":	917504,
				"bits_per_second":	7340215.3170782244,
				"retransmits":	0,
				"omitted":	false,
				"sender":	true
			}
		}, {
			"streams":	[{
					"socket":	5,
					"start":	4.00103,
					"end":	5.001093,
					"seconds":	1.0000629425048828,
					"bytes":	2359296,
					"bits_per_second":	18873180.074770991,
					"retransmits":	0,
					"snd_cwnd":	224224,
					"snd_wnd":	484288,
					"rtt":	195641,
					"rttvar":	3178,
					"pmtu":	1500,
					"reorder":	0,
					"omitted":	false,
					"sender":	true
				}],
			"sum":	{
				"start":	4.00103,
				"end":	5.001093,
				"seconds":	1.0000629425048828,
				"bytes":	2359296,
				"bits_per_second":	18873180.074770991,
				"retransmits":	0,
				"omitted":	false,
				"sender":	true
			}
		}, {
			"streams":	[{
					"socket":	5,
					"start":	5.001093,
					"end":	6.001221,
					"seconds":	1.0001280307769775,
					"bytes":	1441792,
					"bits_per_second":	11532859.439045247,
					"retransmits":	0,
					"snd_cwnd":	269500,
					"snd_wnd":	484288,
					"rtt":	282223,
					"rttvar":	2293,
					"pmtu":	1500,
					"reorder":	0,
					"omitted":	false,
					"sender":	true
				}],
			"sum":	{
				"start":	5.001093,
				"end":	6.001221,
				"seconds":	1.0001280307769775,
				"bytes":	1441792,
				"bits_per_second":	11532859.439045247,
				"retransmits":	0,
				"omitted":	false,
				"sender":	true
			}
		}, {
			"streams":	[{
					"socket":	5,
					"start":	6.001221,
					"end":	7.001043,
					"seconds":	0.99982202053070068,
					"bytes":	0,
					"bits_per_second":	0,
					"retransmits":	0,
					"snd_cwnd":	314314,
					"snd_wnd":	484288,
					"rtt":	318840,
					"rttvar":	1494,
					"pmtu":	1500,
					"reorder":	0,
					"omitted":	false,
					"sender":	true
				}],
			"sum":	{
				"start":	6.001221,
				"end":	7.001043,
				"seconds":	0.99982202053070068,
				"bytes":	0,
				"bits_per_second":	0,
				"retransmits":	0,
				"omitted":	false,
				"sender":	true
			}
		}, {
			"streams":	[{
					"socket":	5,
					"start":	7.001043,
					"end":	8.001035,
					"seconds":	0.9999920129776,
					"bytes":	1441792,
					"bits_per_second":	11534428.12573581,
					"retransmits":	0,
					"snd_cwnd":	357896,
					"snd_wnd":	484288,
					"rtt":	378165,
					"rttvar":	5065,
					"pmtu":	1500,
					"reorder":	0,
					"omitted":	false,
					"sender":	true
				}],
			"sum":	{
				"start":	7.001043,
				"end":	8.001035,
				"seconds":	0.9999920129776,
				"bytes":	1441792,
				"bits_per_second":	11534428.12573581,
				"retransmits":	0,
				"omitted":	false,
				"sender":	true
			}
		}, {
			"streams":	[{
					"socket":	5,
					"start":	8.001035,
					"end":	9.001028,
					"seconds":	0.99999302625656128,
					"bytes":	0,
					"bits_per_second":	0,
					"retransmits":	0,
					"snd_cwnd":	403480,
					"snd_wnd":	484288,
					"rtt":	415537,
					"rttvar":	3250,
					"pmtu":	1500,
					"reorder":	0,
					"omitted":	false,
					"sender":	true
				}],
			"sum":	{
				"start":	8.001035,
				"end":	9.001028,
				"seconds":	0.99999302625656128,
				"bytes":	0,
				"bits_per_second":	0,
				"retransmits":	0,
				"omitted":	false,
				"sender":	true
			}
		}, {
			"streams":	[{
					"socket":	5,
					"start":	9.001028,
					"end":	10.001423,
					"seconds":	1.0003950595855713,
					"bytes":	1441792,
					"bits_per_second":	11529781.049476866,
					"retransmits":	0,
					"snd_cwnd":	445984,
					"snd_wnd":	484288,
					"rtt":	490883,
					"rttvar":	3123,
					"pmtu":	1500,
					"reorder":	0,
					"omitted":	false,
					"sender":	true
				}],
			"sum":	{
				"start":	9.001028,
				"end":	10.001423,
				"seconds":	1.0003950595855713,
				"bytes":	1441792,
				"bits_per_second":	11529781.049476866,
				"retransmits":	0,
				"omitted":	false,
				"sender":	true
			}
		}],
	"end":	{
		"streams":	[{
				"sender":	{
					"socket":	5,
					"start":	0,
					"end":	10.001423,
					"seconds":	10.001423,
					"bytes":	12189696,
					"bits_per_second":	9750369.322445415,
					"retransmits":	0,
					"reorder":	0,
					"max_snd_cwnd":	445984,
					"max_snd_wnd":	484288,
					"max_rtt":	490883,
					"min_rtt":	46202,
					"mean_rtt":	255033,
					"sender":	true
				},
				"receiver":	{
					"socket":	5,
					"start":	0,
					"end":	10.086354,
					"seconds":	10.001423,
					"bytes":	9306112,
					"bits_per_second":	7381150.4137173845,
					"sender":	true
				}
			}],
		"sum_sent":	{
			"start":	0,
			"end":	10.001423,
			"seconds":	10.001423,
			"bytes":	12189696,
			"bits_per_second":	9750369.322445415,
			"retransmits":	0,
			"sender":	true
		},
		"sum_received":	{
			"start":	0,
			"end":	10.086354,
			"seconds":	10.086354,
			"bytes":	9306112,
			"bits_per_second":	7381150.4137173845,
			"sender":	true
		},
		"cpu_utilization_percent":	{
			"host_total":	0.07172396680954797,
			"host_user":	0.0717438487130295,
			"host_system":	0,
			"remote_total":	5.62909411922097,
			"remote_user":	0.19809285446819822,
			"remote_system":	5.43100126475277
		},
		"sender_tcp_congestion":	"cubic",
		"receiver_tcp_congestion":	"cubic"
	}
}
