{
	"start":	{
		"connected":	[{
				"socket":	5,
				"local_host":	"192.168.1.48",
				"local_port":	39418,
				"remote_host":	"192.168.1.58",
				"remote_port":	5201
			}],
		"version":	"iperf 3.20",
		"system_info":	"Linux kuroi-washi 6.19.11+kali-amd64 #1 SMP PREEMPT_DYNAMIC Kali 6.19.11-1kali1 (2026-04-09) x86_64",
		"timestamp":	{
			"time":	"Thu, 23 Apr 2026 22:23:21 GMT",
			"timesecs":	1776983001,
			"timemillisecs":	1776983001396
		},
		"connecting_to":	{
			"host":	"192.168.1.58",
			"port":	5201
		},
		"cookie":	"iepc25tbbxogputp4mogv6sbnkd5esnd66zd",
		"tcp_mss":	500,
		"target_bitrate":	0,
		"fq_rate":	0,
		"sock_bufsize":	0,
		"sndbuf_actual":	16384,
		"rcvbuf_actual":	131072,
		"test_start":	{
			"protocol":	"TCP",
			"num_streams":	1,
			"blksize":	131072,
			"omit":	0,
			"duration":	10,
			"bytes":	0,
			"blocks":	0,
			"reverse":	0,
			"tos":	0,
			"target_bitrate":	0,
			"bidir":	0,
			"fqrate":	0,
			"interval":	1
		}
	},
	"intervals":	[{
			"streams":	[{
					"socket":	5,
					"start":	0,
					"end":	1.000296,
					"seconds":	1.0002959966659546,
					"bytes":	4718592,
					"bits_per_second":	37737565.806340083,
					"retransmits":	0,
					"snd_cwnd":	228872,
					"snd_wnd":	968832,
					"rtt":	67700,
					"rttvar":	2695,
					"pmtu":	1500,
					"reorder":	0,
					"omitted":	false,
					"sender":	true
				}],
			"sum":	{
				"start":	0,
				"end":	1.000296,
				"seconds":	1.0002959966659546,
				"bytes":	4718592,
				"bits_per_second":	37737565.806340083,
				"retransmits":	0,
				"omitted":	false,
				"sender":	true
			}
		}, {
			"streams":	[{
					"socket":	5,
					"start":	1.000296,
					"end":	2.001149,
					"seconds":	1.0008529424667358,
					"bytes":	5636096,
					"bits_per_second":	45050342.649613142,
					"retransmits":	0,
					"snd_cwnd":	420656,
					"snd_wnd":	968832,
					"rtt":	71534,
					"rttvar":	2709,
					"pmtu":	1500,
					"reorder":	0,
					"omitted":	false,
					"sender":	true
				}],
			"sum":	{
				"start":	1.000296,
				"end":	2.001149,
				"seconds":	1.0008529424667358,
				"bytes":	5636096,
				"bits_per_second":	45050342.649613142,
				"retransmits":	0,
				"omitted":	false,
				"sender":	true
			}
		}, {
			"streams":	[{
					"socket":	5,
					"start":	2.001149,
					"end":	3.000234,
					"seconds":	0.999085009098053,
					"bytes":	3407872,
					"bits_per_second":	27287944.220694773,
					"retransmits":	0,
					"snd_cwnd":	560712,
					"snd_wnd":	968832,
					"rtt":	63277,
					"rttvar":	5635,
					"pmtu":	1500,
					"reorder":	0,
					"omitted":	false,
					"sender":	true
				}],
			"sum":	{
				"start":	2.001149,
				"end":	3.000234,
				"seconds":	0.999085009098053,
				"bytes":	3407872,
				"bits_per_second":	27287944.220694773,
				"retransmits":	0,
				"omitted":	false,
				"sender":	true
			}
		}, {
			"streams":	[{
					"socket":	5,
					"start":	3.000234,
					"end":	4.000271,
					"seconds":	1.0000369548797607,
					"bytes":	2883584,
					"bits_per_second":	23067819.531502869,
					"retransmits":	0,
					"snd_cwnd":	751032,
					"snd_wnd":	968832,
					"rtt":	182043,
					"rttvar":	4683,
					"pmtu":	1500,
					"reorder":	0,
					"omitted":	false,
					"sender":	true
				}],
			"sum":	{
				"start":	3.000234,
				"end":	4.000271,
				"seconds":	1.0000369548797607,
				"bytes":	2883584,
				"bits_per_second":	23067819.531502869,
				"retransmits":	0,
				"omitted":	false,
				"sender":	true
			}
		}, {
			"streams":	[{
					"socket":	5,
					"start":	4.000271,
					"end":	5.000293,
					"seconds":	1.0000220537185669,
					"bytes":	3407872,
					"bits_per_second":	27262374.763259508,
					"retransmits":	0,
					"snd_cwnd":	928176,
					"snd_wnd":	968832,
					"rtt":	213551,
					"rttvar":	4152,
					"pmtu":	1500,
					"reorder":	0,
					"omitted":	false,
					"sender":	true
				}],
			"sum":	{
				"start":	4.000271,
				"end":	5.000293,
				"seconds":	1.0000220537185669,
				"bytes":	3407872,
				"bits_per_second":	27262374.763259508,
				"retransmits":	0,
				"omitted":	false,
				"sender":	true
			}
		}, {
			"streams":	[{
					"socket":	5,
					"start":	5.000293,
					"end":	6.00028,
					"seconds":	0.999987006187439,
					"bytes":	4325376,
					"bits_per_second":	34603457.630842417,
					"retransmits":	150,
					"snd_cwnd":	715896,
					"snd_wnd":	970816,
					"rtt":	69975,
					"rttvar":	6881,
					"pmtu":	1500,
					"reorder":	0,
					"omitted":	false,
					"sender":	true
				}],
			"sum":	{
				"start":	5.000293,
				"end":	6.00028,
				"seconds":	0.999987006187439,
				"bytes":	4325376,
				"bits_per_second":	34603457.630842417,
				"retransmits":	150,
				"omitted":	false,
				"sender":	true
			}
		}, {
			"streams":	[{
					"socket":	5,
					"start":	6.00028,
					"end":	7.000272,
					"seconds":	0.9999920129776,
					"bytes":	2883584,
					"bits_per_second":	23068856.25147162,
					"retransmits":	60,
					"snd_cwnd":	164456,
					"snd_wnd":	765952,
					"rtt":	193856,
					"rttvar":	22998,
					"pmtu":	1500,
					"reorder":	0,
					"omitted":	false,
					"sender":	true
				}],
			"sum":	{
				"start":	6.00028,
				"end":	7.000272,
				"seconds":	0.9999920129776,
				"bytes":	2883584,
				"bits_per_second":	23068856.25147162,
				"retransmits":	60,
				"omitted":	false,
				"sender":	true
			}
		}, {
			"streams":	[{
					"socket":	5,
					"start":	7.000272,
					"end":	8.000268,
					"seconds":	0.9999960064888,
					"bytes":	3014656,
					"bits_per_second":	24117344.312884625,
					"retransmits":	0,
					"snd_cwnd":	579256,
					"snd_wnd":	970816,
					"rtt":	162621,
					"rttvar":	5290,
					"pmtu":	1500,
					"reorder":	0,
					"omitted":	false,
					"sender":	true
				}],
			"sum":	{
				"start":	7.000272,
				"end":	8.000268,
				"seconds":	0.9999960064888,
				"bytes":	3014656,
				"bits_per_second":	24117344.312884625,
				"retransmits":	0,
				"omitted":	false,
				"sender":	true
			}
		}, {
			"streams":	[{
					"socket":	5,
					"start":	8.000268,
					"end":	9.00019,
					"seconds":	0.999921977519989,
					"bytes":	4456448,
					"bits_per_second":	35654365.842046216,
					"retransmits":	0,
					"snd_cwnd":	610976,
					"snd_wnd":	970816,
					"rtt":	158591,
					"rttvar":	1746,
					"pmtu":	1500,
					"reorder":	0,
					"omitted":	false,
					"sender":	true
				}],
			"sum":	{
				"start":	8.000268,
				"end":	9.00019,
				"seconds":	0.999921977519989,
				"bytes":	4456448,
				"bits_per_second":	35654365.842046216,
				"retransmits":	0,
				"omitted":	false,
				"sender":	true
			}
		}, {
			"streams":	[{
					"socket":	5,
					"start":	9.00019,
					"end":	10.000585,
					"seconds":	1.0003950595855713,
					"bytes":	3014656,
					"bits_per_second":	24107724.012542538,
					"retransmits":	0,
					"snd_cwnd":	632936,
					"snd_wnd":	972736,
					"rtt":	170739,
					"rttvar":	8364,
					"pmtu":	1500,
					"reorder":	0,
					"omitted":	false,
					"sender":	true
				}],
			"sum":	{
				"start":	9.00019,
				"end":	10.000585,
				"seconds":	1.0003950595855713,
				"bytes":	3014656,
				"bits_per_second":	24107724.012542538,
				"retransmits":	0,
				"omitted":	false,
				"sender":	true
			}
		}],
	"end":	{
		"streams":	[{
				"sender":	{
					"socket":	5,
					"start":	0,
					"end":	10.000585,
					"seconds":	10.000585,
					"bytes":	37748736,
					"bits_per_second":	30197222.262497645,
					"retransmits":	210,
					"reorder":	0,
					"max_snd_cwnd":	928176,
					"max_snd_wnd":	972736,
					"max_rtt":	213551,
					"min_rtt":	63277,
					"mean_rtt":	135388,
					"sender":	true
				},
				"receiver":	{
					"socket":	5,
					"start":	0,
					"end":	10.243935,
					"seconds":	10.000585,
					"bytes":	34471936,
					"bits_per_second":	26920854.9253778,
					"sender":	true
				}
			}],
		"sum_sent":	{
			"start":	0,
			"end":	10.000585,
			"seconds":	10.000585,
			"bytes":	37748736,
			"bits_per_second":	30197222.262497645,
			"retransmits":	210,
			"sender":	true
		},
		"sum_received":	{
			"start":	0,
			"end":	10.243935,
			"seconds":	10.243935,
			"bytes":	34471936,
			"bits_per_second":	26920854.9253778,
			"sender":	true
		},
		"cpu_utilization_percent":	{
			"host_total":	0.254577678287346,
			"host_user":	0,
			"host_system":	0.25452799489970218,
			"remote_total":	21.192352235344547,
			"remote_user":	0.0435448840350167,
			"remote_system":	21.148817071149718
		},
		"sender_tcp_congestion":	"cubic",
		"receiver_tcp_congestion":	"cubic"
	}
}
{
	"start":	{
		"connected":	[{
				"socket":	5,
				"local_host":	"192.168.1.48",
				"local_port":	43142,
				"remote_host":	"192.168.1.58",
				"remote_port":	5201
			}],
		"version":	"iperf 3.20",
		"system_info":	"Linux kuroi-washi 6.19.11+kali-amd64 #1 SMP PREEMPT_DYNAMIC Kali 6.19.11-1kali1 (2026-04-09) x86_64",
		"timestamp":	{
			"time":	"Thu, 23 Apr 2026 22:23:31 GMT",
			"timesecs":	1776983011,
			"timemillisecs":	1776983011944
		},
		"connecting_to":	{
			"host":	"192.168.1.58",
			"port":	5201
		},
		"cookie":	"img5jpfn37l6w6ocqtntsembaie6ditgnxdb",
		"tcp_mss":	500,
		"target_bitrate":	0,
		"fq_rate":	0,
		"sock_bufsize":	0,
		"sndbuf_actual":	16384,
		"rcvbuf_actual":	131072,
		"test_start":	{
			"protocol":	"TCP",
			"num_streams":	1,
			"blksize":	131072,
			"omit":	0,
			"duration":	10,
			"bytes":	0,
			"blocks":	0,
			"reverse":	0,
			"tos":	0,
			"target_bitrate":	0,
			"bidir":	0,
			"fqrate":	0,
			"interval":	1
		}
	},
	"intervals":	[{
			"streams":	[{
					"socket":	5,
					"start":	0,
					"end":	1.000922,
					"seconds":	1.0009219646453857,
					"bytes":	5111808,
					"bits_per_second":	40856795.479044564,
					"retransmits":	0,
					"snd_cwnd":	215208,
					"snd_wnd":	970624,
					"rtt":	45418,
					"rttvar":	1841,
					"pmtu":	1500,
					"reorder":	0,
					"omitted":	false,
					"sender":	true
				}],
			"sum":	{
				"start":	0,
				"end":	1.000922,
				"seconds":	1.0009219646453857,
				"bytes":	5111808,
				"bits_per_second":	40856795.479044564,
				"retransmits":	0,
				"omitted":	false,
				"sender":	true
			}
		}, {
			"streams":	[{
					"socket":	5,
					"start":	1.000922,
					"end":	2.001101,
					"seconds":	1.0001790523529053,
					"bytes":	5111808,
					"bits_per_second":	40887143.060831383,
					"retransmits":	0,
					"snd_cwnd":	402112,
					"snd_wnd":	970624,
					"rtt":	49762,
					"rttvar":	3159,
					"pmtu":	1500,
					"reorder":	0,
					"omitted":	false,
					"sender":	true
				}],
			"sum":	{
				"start":	1.000922,
				"end":	2.001101,
				"seconds":	1.0001790523529053,
				"bytes":	5111808,
				"bits_per_second":	40887143.060831383,
				"retransmits":	0,
				"omitted":	false,
				"sender":	true
			}
		}, {
			"streams":	[{
					"socket":	5,
					"start":	2.001101,
					"end":	3.000993,
					"seconds":	0.999891996383667,
					"bytes":	2883584,
					"bits_per_second":	23071163.769120075,
					"retransmits":	0,
					"snd_cwnd":	551928,
					"snd_wnd":	970624,
					"rtt":	41127,
					"rttvar":	678,
					"pmtu":	1500,
					"reorder":	0,
					"omitted":	false,
					"sender":	true
				}],
			"sum":	{
				"start":	2.001101,
				"end":	3.000993,
				"seconds":	0.999891996383667,
				"bytes":	2883584,
				"bits_per_second":	23071163.769120075,
				"retransmits":	0,
				"omitted":	false,
				"sender":	true
			}
		}, {
			"streams":	[{
					"socket":	5,
					"start":	3.000993,
					"end":	4.000983,
					"seconds":	0.99998998641967773,
					"bytes":	3014656,
					"bits_per_second":	24117489.502418306,
					"retransmits":	0,
					"snd_cwnd":	698328,
					"snd_wnd":	970624,
					"rtt":	269783,
					"rttvar":	15555,
					"pmtu":	1500,
					"reorder":	0,
					"omitted":	false,
					"sender":	true
				}],
			"sum":	{
				"start":	3.000993,
				"end":	4.000983,
				"seconds":	0.99998998641967773,
				"bytes":	3014656,
				"bits_per_second":	24117489.502418306,
				"retransmits":	0,
				"omitted":	false,
				"sender":	true
			}
		}, {
			"streams":	[{
					"socket":	5,
					"start":	4.000983,
					"end":	5.000949,
					"seconds":	0.999966025352478,
					"bytes":	2883584,
					"bits_per_second":	23069455.776628535,
					"retransmits":	0,
					"snd_cwnd":	854488,
					"snd_wnd":	974528,
					"rtt":	198455,
					"rttvar":	3956,
					"pmtu":	1500,
					"reorder":	0,
					"omitted":	false,
					"sender":	true
				}],
			"sum":	{
				"start":	4.000983,
				"end":	5.000949,
				"seconds":	0.999966025352478,
				"bytes":	2883584,
				"bits_per_second":	23069455.776628535,
				"retransmits":	0,
				"omitted":	false,
				"sender":	true
			}
		}, {
			"streams":	[{
					"socket":	5,
					"start":	5.000949,
					"end":	6.000911,
					"seconds":	0.9999619722366333,
					"bytes":	3538944,
					"bits_per_second":	28312628.6659432,
					"retransmits":	0,
					"snd_cwnd":	1016016,
					"snd_wnd":	974528,
					"rtt":	248634,
					"rttvar":	4237,
					"pmtu":	1500,
					"reorder":	0,
					"omitted":	false,
					"sender":	true
				}],
			"sum":	{
				"start":	5.000949,
				"end":	6.000911,
				"seconds":	0.9999619722366333,
				"bytes":	3538944,
				"bits_per_second":	28312628.6659432,
				"retransmits":	0,
				"omitted":	false,
				"sender":	true
			}
		}, {
			"streams":	[{
					"socket":	5,
					"start":	6.000911,
					"end":	7.000942,
					"seconds":	1.0000309944152832,
					"bytes":	3670016,
					"bits_per_second":	29359218.028204042,
					"retransmits":	0,
					"snd_cwnd":	1023336,
					"snd_wnd":	974528,
					"rtt":	178317,
					"rttvar":	11647,
					"pmtu":	1500,
					"reorder":	0,
					"omitted":	false,
					"sender":	true
				}],
			"sum":	{
				"start":	6.000911,
				"end":	7.000942,
				"seconds":	1.0000309944152832,
				"bytes":	3670016,
				"bits_per_second":	29359218.028204042,
				"retransmits":	0,
				"omitted":	false,
				"sender":	true
			}
		}, {
			"streams":	[{
					"socket":	5,
					"start":	7.000942,
					"end":	8.001147,
					"seconds":	1.0002050399780273,
					"bytes":	1572864,
					"bits_per_second":	12580332.5288947,
					"retransmits":	1,
					"snd_cwnd":	1023336,
					"snd_wnd":	974528,
					"rtt":	81567,
					"rttvar":	30439,
					"pmtu":	1500,
					"reorder":	0,
					"omitted":	false,
					"sender":	true
				}],
			"sum":	{
				"start":	7.000942,
				"end":	8.001147,
				"seconds":	1.0002050399780273,
				"bytes":	1572864,
				"bits_per_second":	12580332.5288947,
				"retransmits":	1,
				"omitted":	false,
				"sender":	true
			}
		}, {
			"streams":	[{
					"socket":	5,
					"start":	8.001147,
					"end":	9.001118,
					"seconds":	0.99997097253799438,
					"bytes":	4194304,
					"bits_per_second":	33555406.028273568,
					"retransmits":	2,
					"snd_cwnd":	516304,
					"snd_wnd":	976448,
					"rtt":	131757,
					"rttvar":	1836,
					"pmtu":	1500,
					"reorder":	0,
					"omitted":	false,
					"sender":	true
				}],
			"sum":	{
				"start":	8.001147,
				"end":	9.001118,
				"seconds":	0.99997097253799438,
				"bytes":	4194304,
				"bits_per_second":	33555406.028273568,
				"retransmits":	2,
				"omitted":	false,
				"sender":	true
			}
		}, {
			"streams":	[{
					"socket":	5,
					"start":	9.001118,
					"end":	10.002082,
					"seconds":	1.0009640455245972,
					"bytes":	2883584,
					"bits_per_second":	23046454.16900054,
					"retransmits":	0,
					"snd_cwnd":	550464,
					"snd_wnd":	976448,
					"rtt":	78656,
					"rttvar":	5765,
					"pmtu":	1500,
					"reorder":	0,
					"omitted":	false,
					"sender":	true
				}],
			"sum":	{
				"start":	9.001118,
				"end":	10.002082,
				"seconds":	1.0009640455245972,
				"bytes":	2883584,
				"bits_per_second":	23046454.16900054,
				"retransmits":	0,
				"omitted":	false,
				"sender":	true
			}
		}],
	"end":	{
		"streams":	[{
				"sender":	{
					"socket":	5,
					"start":	0,
					"end":	10.002082,
					"seconds":	10.002082,
					"bytes":	34865152,
					"bits_per_second":	27886315.6690777,
					"retransmits":	3,
					"reorder":	0,
					"max_snd_cwnd":	1023336,
					"max_snd_wnd":	976448,
					"max_rtt":	269783,
					"min_rtt":	41127,
					"mean_rtt":	132347,
					"sender":	true
				},
				"receiver":	{
					"socket":	5,
					"start":	0,
					"end":	10.12902,
					"seconds":	10.002082,
					"bytes":	31981568,
					"bits_per_second":	25259358.161006689,
					"sender":	true
				}
			}],
		"sum_sent":	{
			"start":	0,
			"end":	10.002082,
			"seconds":	10.002082,
			"bytes":	34865152,
			"bits_per_second":	27886315.6690777,
			"retransmits":	3,
			"sender":	true
		},
		"sum_received":	{
			"start":	0,
			"end":	10.12902,
			"seconds":	10.12902,
			"bytes":	31981568,
			"bits_per_second":	25259358.161006689,
			"sender":	true
		},
		"cpu_utilization_percent":	{
			"host_total":	0.2049292267633816,
			"host_user":	0,
			"host_system":	0.20496895520360131,
			"remote_total":	19.53146066929185,
			"remote_user":	0.17645782903923091,
			"remote_system":	19.354992998767454
		},
		"sender_tcp_congestion":	"cubic",
		"receiver_tcp_congestion":	"cubic"
	}
}
{
	"start":	{
		"connected":	[{
				"socket":	5,
				"local_host":	"192.168.1.48",
				"local_port":	40140,
				"remote_host":	"192.168.1.58",
				"remote_port":	5201
			}],
		"version":	"iperf 3.20",
		"system_info":	"Linux kuroi-washi 6.19.11+kali-amd64 #1 SMP PREEMPT_DYNAMIC Kali 6.19.11-1kali1 (2026-04-09) x86_64",
		"timestamp":	{
			"time":	"Thu, 23 Apr 2026 22:23:42 GMT",
			"timesecs":	1776983022,
			"timemillisecs":	1776983022392
		},
		"connecting_to":	{
			"host":	"192.168.1.58",
			"port":	5201
		},
		"cookie":	"cdrzjkxvurtpeduomyrp376bdhmkg6tccgch",
		"tcp_mss":	500,
		"target_bitrate":	0,
		"fq_rate":	0,
		"sock_bufsize":	0,
		"sndbuf_actual":	16384,
		"rcvbuf_actual":	131072,
		"test_start":	{
			"protocol":	"TCP",
			"num_streams":	1,
			"blksize":	131072,
			"omit":	0,
			"duration":	10,
			"bytes":	0,
			"blocks":	0,
			"reverse":	0,
			"tos":	0,
			"target_bitrate":	0,
			"bidir":	0,
			"fqrate":	0,
			"interval":	1
		}
	},
	"intervals":	[{
			"streams":	[{
					"socket":	5,
					"start":	0,
					"end":	1.001091,
					"seconds":	1.0010910034179688,
					"bytes":	4194304,
					"bits_per_second":	33517863.895926531,
					"retransmits":	0,
					"snd_cwnd":	213744,
					"snd_wnd":	971008,
					"rtt":	42340,
					"rttvar":	4993,
					"pmtu":	1500,
					"reorder":	0,
					"omitted":	false,
					"sender":	true
				}],
			"sum":	{
				"start":	0,
				"end":	1.001091,
				"seconds":	1.0010910034179688,
				"bytes":	4194304,
				"bits_per_second":	33517863.895926531,
				"retransmits":	0,
				"omitted":	false,
				"sender":	true
			}
		}, {
			"streams":	[{
					"socket":	5,
					"start":	1.001091,
					"end":	2.001129,
					"seconds":	1.0000380277633667,
					"bytes":	6029312,
					"bits_per_second":	48232661.819749773,
					"retransmits":	0,
					"snd_cwnd":	403576,
					"snd_wnd":	974912,
					"rtt":	92656,
					"rttvar":	10601,
					"pmtu":	1500,
					"reorder":	0,
					"omitted":	false,
					"sender":	true
				}],
			"sum":	{
				"start":	1.001091,
				"end":	2.001129,
				"seconds":	1.0000380277633667,
				"bytes":	6029312,
				"bits_per_second":	48232661.819749773,
				"retransmits":	0,
				"omitted":	false,
				"sender":	true
			}
		}, {
			"streams":	[{
					"socket":	5,
					"start":	2.001129,
					"end":	3.001081,
					"seconds":	0.99995201826095581,
					"bytes":	4325376,
					"bits_per_second":	34604668.3921685,
					"retransmits":	0,
					"snd_cwnd":	586576,
					"snd_wnd":	974912,
					"rtt":	73871,
					"rttvar":	1737,
					"pmtu":	1500,
					"reorder":	0,
					"omitted":	false,
					"sender":	true
				}],
			"sum":	{
				"start":	2.001129,
				"end":	3.001081,
				"seconds":	0.99995201826095581,
				"bytes":	4325376,
				"bits_per_second":	34604668.3921685,
				"retransmits":	0,
				"omitted":	false,
				"sender":	true
			}
		}, {
			"streams":	[{
					"socket":	5,
					"start":	3.001081,
					"end":	4.001057,
					"seconds":	0.99997597932815552,
					"bytes":	2883584,
					"bits_per_second":	23069226.138310775,
					"retransmits":	0,
					"snd_cwnd":	739808,
					"snd_wnd":	974912,
					"rtt":	52945,
					"rttvar":	2927,
					"pmtu":	1500,
					"reorder":	0,
					"omitted":	false,
					"sender":	true
				}],
			"sum":	{
				"start":	3.001081,
				"end":	4.001057,
				"seconds":	0.99997597932815552,
				"bytes":	2883584,
				"bits_per_second":	23069226.138310775,
				"retransmits":	0,
				"omitted":	false,
				"sender":	true
			}
		}, {
			"streams":	[{
					"socket":	5,
					"start":	4.001057,
					"end":	5.001142,
					"seconds":	1.00008499622345,
					"bytes":	2883584,
					"bits_per_second":	23066711.416642182,
					"retransmits":	0,
					"snd_cwnd":	885232,
					"snd_wnd":	976832,
					"rtt":	84530,
					"rttvar":	8609,
					"pmtu":	1500,
					"reorder":	0,
					"omitted":	false,
					"sender":	true
				}],
			"sum":	{
				"start":	4.001057,
				"end":	5.001142,
				"seconds":	1.00008499622345,
				"bytes":	2883584,
				"bits_per_second":	23066711.416642182,
				"retransmits":	0,
				"omitted":	false,
				"sender":	true
			}
		}, {
			"streams":	[{
					"socket":	5,
					"start":	5.001142,
					"end":	6.001095,
					"seconds":	0.99995297193527222,
					"bytes":	3014656,
					"bits_per_second":	24118382.24084115,
					"retransmits":	0,
					"snd_cwnd":	1026752,
					"snd_wnd":	976832,
					"rtt":	53432,
					"rttvar":	9977,
					"pmtu":	1500,
					"reorder":	0,
					"omitted":	false,
					"sender":	true
				}],
			"sum":	{
				"start":	5.001142,
				"end":	6.001095,
				"seconds":	0.99995297193527222,
				"bytes":	3014656,
				"bits_per_second":	24118382.24084115,
				"retransmits":	0,
				"omitted":	false,
				"sender":	true
			}
		}, {
			"streams":	[{
					"socket":	5,
					"start":	6.001095,
					"end":	7.001054,
					"seconds":	0.99995899200439453,
					"bytes":	3276800,
					"bits_per_second":	26215475.0440854,
					"retransmits":	0,
					"snd_cwnd":	1026752,
					"snd_wnd":	976832,
					"rtt":	99848,
					"rttvar":	65884,
					"pmtu":	1500,
					"reorder":	0,
					"omitted":	false,
					"sender":	true
				}],
			"sum":	{
				"start":	6.001095,
				"end":	7.001054,
				"seconds":	0.99995899200439453,
				"bytes":	3276800,
				"bits_per_second":	26215475.0440854,
				"retransmits":	0,
				"omitted":	false,
				"sender":	true
			}
		}, {
			"streams":	[{
					"socket":	5,
					"start":	7.001054,
					"end":	8.001212,
					"seconds":	1.0001579523086548,
					"bytes":	2228224,
					"bits_per_second":	17822976.819664232,
					"retransmits":	1,
					"snd_cwnd":	1026752,
					"snd_wnd":	976832,
					"rtt":	78820,
					"rttvar":	7543,
					"pmtu":	1500,
					"reorder":	0,
					"omitted":	false,
					"sender":	true
				}],
			"sum":	{
				"start":	7.001054,
				"end":	8.001212,
				"seconds":	1.0001579523086548,
				"bytes":	2228224,
				"bits_per_second":	17822976.819664232,
				"retransmits":	1,
				"omitted":	false,
				"sender":	true
			}
		}, {
			"streams":	[{
					"socket":	5,
					"start":	8.001212,
					"end":	9.001094,
					"seconds":	0.99988198280334473,
					"bytes":	1441792,
					"bits_per_second":	11535697.410669871,
					"retransmits":	26,
					"snd_cwnd":	718824,
					"snd_wnd":	976832,
					"rtt":	50440,
					"rttvar":	17961,
					"pmtu":	1500,
					"reorder":	0,
					"omitted":	false,
					"sender":	true
				}],
			"sum":	{
				"start":	8.001212,
				"end":	9.001094,
				"seconds":	0.99988198280334473,
				"bytes":	1441792,
				"bits_per_second":	11535697.410669871,
				"retransmits":	26,
				"omitted":	false,
				"sender":	true
			}
		}, {
			"streams":	[{
					"socket":	5,
					"start":	9.001094,
					"end":	10.001886,
					"seconds":	1.0007920265197754,
					"bytes":	3145728,
					"bits_per_second":	25145907.774179023,
					"retransmits":	0,
					"snd_cwnd":	799344,
					"snd_wnd":	976832,
					"rtt":	85605,
					"rttvar":	2822,
					"pmtu":	1500,
					"reorder":	0,
					"omitted":	false,
					"sender":	true
				}],
			"sum":	{
				"start":	9.001094,
				"end":	10.001886,
				"seconds":	1.0007920265197754,
				"bytes":	3145728,
				"bits_per_second":	25145907.774179023,
				"retransmits":	0,
				"omitted":	false,
				"sender":	true
			}
		}],
	"end":	{
		"streams":	[{
				"sender":	{
					"socket":	5,
					"start":	0,
					"end":	10.001886,
					"seconds":	10.001886,
					"bytes":	33554432,
					"bits_per_second":	26838483.861943636,
					"retransmits":	27,
					"reorder":	0,
					"max_snd_cwnd":	1026752,
					"max_snd_wnd":	976832,
					"max_rtt":	99848,
					"min_rtt":	42340,
					"mean_rtt":	71448,
					"sender":	true
				},
				"receiver":	{
					"socket":	5,
					"start":	0,
					"end":	10.287804,
					"seconds":	10.001886,
					"bytes":	30670848,
					"bits_per_second":	23850258.422497164,
					"sender":	true
				}
			}],
		"sum_sent":	{
			"start":	0,
			"end":	10.001886,
			"seconds":	10.001886,
			"bytes":	33554432,
			"bits_per_second":	26838483.861943636,
			"retransmits":	27,
			"sender":	true
		},
		"sum_received":	{
			"start":	0,
			"end":	10.287804,
			"seconds":	10.287804,
			"bytes":	30670848,
			"bits_per_second":	23850258.422497164,
			"sender":	true
		},
		"cpu_utilization_percent":	{
			"host_total":	0.21459741229416079,
			"host_user":	0,
			"host_system":	0.21459741229416079,
			"remote_total":	17.891307741194034,
			"remote_user":	0.042507041470187468,
			"remote_system":	17.848771631767516
		},
		"sender_tcp_congestion":	"cubic",
		"receiver_tcp_congestion":	"cubic"
	}
}
{
	"start":	{
		"connected":	[{
				"socket":	5,
				"local_host":	"192.168.1.48",
				"local_port":	56278,
				"remote_host":	"192.168.1.58",
				"remote_port":	5201
			}],
		"version":	"iperf 3.20",
		"system_info":	"Linux kuroi-washi 6.19.11+kali-amd64 #1 SMP PREEMPT_DYNAMIC Kali 6.19.11-1kali1 (2026-04-09) x86_64",
		"timestamp":	{
			"time":	"Thu, 23 Apr 2026 22:23:53 GMT",
			"timesecs":	1776983033,
			"timemillisecs":	1776983033057
		},
		"connecting_to":	{
			"host":	"192.168.1.58",
			"port":	5201
		},
		"cookie":	"tdioq2xcdwfs5ifrfynugygd3nhemsebryhb",
		"tcp_mss":	500,
		"target_bitrate":	0,
		"fq_rate":	0,
		"sock_bufsize":	0,
		"sndbuf_actual":	16384,
		"rcvbuf_actual":	131072,
		"test_start":	{
			"protocol":	"TCP",
			"num_streams":	1,
			"blksize":	131072,
			"omit":	0,
			"duration":	10,
			"bytes":	0,
			"blocks":	0,
			"reverse":	0,
			"tos":	0,
			"target_bitrate":	0,
			"bidir":	0,
			"fqrate":	0,
			"interval":	1
		}
	},
	"intervals":	[{
			"streams":	[{
					"socket":	5,
					"start":	0,
					"end":	1.001101,
					"seconds":	1.001101016998291,
					"bytes":	4325376,
					"bits_per_second":	34564951.400962435,
					"retransmits":	0,
					"snd_cwnd":	176656,
					"snd_wnd":	971072,
					"rtt":	38243,
					"rttvar":	1539,
					"pmtu":	1500,
					"reorder":	0,
					"omitted":	false,
					"sender":	true
				}],
			"sum":	{
				"start":	0,
				"end":	1.001101,
				"seconds":	1.001101016998291,
				"bytes":	4325376,
				"bits_per_second":	34564951.400962435,
				"retransmits":	0,
				"omitted":	false,
				"sender":	true
			}
		}, {
			"streams":	[{
					"socket":	5,
					"start":	1.001101,
					"end":	2.001108,
					"seconds":	1.0000070333480835,
					"bytes":	5636096,
					"bits_per_second":	45088450.877230436,
					"retransmits":	0,
					"snd_cwnd":	371856,
					"snd_wnd":	971072,
					"rtt":	77108,
					"rttvar":	2928,
					"pmtu":	1500,
					"reorder":	0,
					"omitted":	false,
					"sender":	true
				}],
			"sum":	{
				"start":	1.001101,
				"end":	2.001108,
				"seconds":	1.0000070333480835,
				"bytes":	5636096,
				"bits_per_second":	45088450.877230436,
				"retransmits":	0,
				"omitted":	false,
				"sender":	true
			}
		}, {
			"streams":	[{
					"socket":	5,
					"start":	2.001108,
					"end":	3.001086,
					"seconds":	0.999978005886078,
					"bytes":	4456448,
					"bits_per_second":	35652368.142246515,
					"retransmits":	0,
					"snd_cwnd":	549976,
					"snd_wnd":	972992,
					"rtt":	55303,
					"rttvar":	4263,
					"pmtu":	1500,
					"reorder":	0,
					"omitted":	false,
					"sender":	true
				}],
			"sum":	{
				"start":	2.001108,
				"end":	3.001086,
				"seconds":	0.999978005886078,
				"bytes":	4456448,
				"bits_per_second":	35652368.142246515,
				"retransmits":	0,
				"omitted":	false,
				"sender":	true
			}
		}, {
			"streams":	[{
					"socket":	5,
					"start":	3.001086,
					"end":	4.001096,
					"seconds":	1.0000100135803223,
					"bytes":	1703936,
					"bits_per_second":	13631351.501366841,
					"retransmits":	0,
					"snd_cwnd":	670512,
					"snd_wnd":	972992,
					"rtt":	74639,
					"rttvar":	28308,
					"pmtu":	1500,
					"reorder":	0,
					"omitted":	false,
					"sender":	true
				}],
			"sum":	{
				"start":	3.001086,
				"end":	4.001096,
				"seconds":	1.0000100135803223,
				"bytes":	1703936,
				"bits_per_second":	13631351.501366841,
				"retransmits":	0,
				"omitted":	false,
				"sender":	true
			}
		}, {
			"streams":	[{
					"socket":	5,
					"start":	4.001096,
					"end":	5.001108,
					"seconds":	1.0000120401382446,
					"bytes":	2752512,
					"bits_per_second":	22019830.8781921,
					"retransmits":	0,
					"snd_cwnd":	832528,
					"snd_wnd":	972992,
					"rtt":	134345,
					"rttvar":	3299,
					"pmtu":	1500,
					"reorder":	0,
					"omitted":	false,
					"sender":	true
				}],
			"sum":	{
				"start":	4.001096,
				"end":	5.001108,
				"seconds":	1.0000120401382446,
				"bytes":	2752512,
				"bits_per_second":	22019830.8781921,
				"retransmits":	0,
				"omitted":	false,
				"sender":	true
			}
		}, {
			"streams":	[{
					"socket":	5,
					"start":	5.001108,
					"end":	6.001126,
					"seconds":	1.0000180006027222,
					"bytes":	3538944,
					"bits_per_second":	28311042.384173393,
					"retransmits":	0,
					"snd_cwnd":	1003816,
					"snd_wnd":	972992,
					"rtt":	153045,
					"rttvar":	57480,
					"pmtu":	1500,
					"reorder":	0,
					"omitted":	false,
					"sender":	true
				}],
			"sum":	{
				"start":	5.001108,
				"end":	6.001126,
				"seconds":	1.0000180006027222,
				"bytes":	3538944,
				"bits_per_second":	28311042.384173393,
				"retransmits":	0,
				"omitted":	false,
				"sender":	true
			}
		}, {
			"streams":	[{
					"socket":	5,
					"start":	6.001126,
					"end":	7.001133,
					"seconds":	1.0000070333480835,
					"bytes":	3014656,
					"bits_per_second":	24117078.376193024,
					"retransmits":	29,
					"snd_cwnd":	725168,
					"snd_wnd":	609216,
					"rtt":	261385,
					"rttvar":	6224,
					"pmtu":	1500,
					"reorder":	0,
					"omitted":	false,
					"sender":	true
				}],
			"sum":	{
				"start":	6.001126,
				"end":	7.001133,
				"seconds":	1.0000070333480835,
				"bytes":	3014656,
				"bits_per_second":	24117078.376193024,
				"retransmits":	29,
				"omitted":	false,
				"sender":	true
			}
		}, {
			"streams":	[{
					"socket":	5,
					"start":	7.001133,
					"end":	8.001156,
					"seconds":	1.0000230073928833,
					"bytes":	3014656,
					"bits_per_second":	24116693.137765933,
					"retransmits":	0,
					"snd_cwnd":	787632,
					"snd_wnd":	972992,
					"rtt":	99896,
					"rttvar":	44246,
					"pmtu":	1500,
					"reorder":	0,
					"omitted":	false,
					"sender":	true
				}],
			"sum":	{
				"start":	7.001133,
				"end":	8.001156,
				"seconds":	1.0000230073928833,
				"bytes":	3014656,
				"bits_per_second":	24116693.137765933,
				"retransmits":	0,
				"omitted":	false,
				"sender":	true
			}
		}, {
			"streams":	[{
					"socket":	5,
					"start":	8.001156,
					"end":	9.001121,
					"seconds":	0.999965012073517,
					"bytes":	3276800,
					"bits_per_second":	26215317.21959161,
					"retransmits":	0,
					"snd_cwnd":	855464,
					"snd_wnd":	976896,
					"rtt":	224072,
					"rttvar":	9844,
					"pmtu":	1500,
					"reorder":	0,
					"omitted":	false,
					"sender":	true
				}],
			"sum":	{
				"start":	8.001156,
				"end":	9.001121,
				"seconds":	0.999965012073517,
				"bytes":	3276800,
				"bits_per_second":	26215317.21959161,
				"retransmits":	0,
				"omitted":	false,
				"sender":	true
			}
		}, {
			"streams":	[{
					"socket":	5,
					"start":	9.001121,
					"end":	10.002087,
					"seconds":	1.00096595287323,
					"bytes":	1441792,
					"bits_per_second":	11523205.126898853,
					"retransmits":	0,
					"snd_cwnd":	893040,
					"snd_wnd":	976896,
					"rtt":	170224,
					"rttvar":	43545,
					"pmtu":	1500,
					"reorder":	0,
					"omitted":	false,
					"sender":	true
				}],
			"sum":	{
				"start":	9.001121,
				"end":	10.002087,
				"seconds":	1.00096595287323,
				"bytes":	1441792,
				"bits_per_second":	11523205.126898853,
				"retransmits":	0,
				"omitted":	false,
				"sender":	true
			}
		}],
	"end":	{
		"streams":	[{
				"sender":	{
					"socket":	5,
					"start":	0,
					"end":	10.002087,
					"seconds":	10.002087,
					"bytes":	33161216,
					"bits_per_second":	26523437.358623255,
					"retransmits":	29,
					"reorder":	0,
					"max_snd_cwnd":	1003816,
					"max_snd_wnd":	976896,
					"max_rtt":	261385,
					"min_rtt":	38243,
					"mean_rtt":	128826,
					"sender":	true
				},
				"receiver":	{
					"socket":	5,
					"start":	0,
					"end":	10.068783,
					"seconds":	10.002087,
					"bytes":	30146560,
					"bits_per_second":	23952495.5498594,
					"sender":	true
				}
			}],
		"sum_sent":	{
			"start":	0,
			"end":	10.002087,
			"seconds":	10.002087,
			"bytes":	33161216,
			"bits_per_second":	26523437.358623255,
			"retransmits":	29,
			"sender":	true
		},
		"sum_received":	{
			"start":	0,
			"end":	10.068783,
			"seconds":	10.068783,
			"bytes":	30146560,
			"bits_per_second":	23952495.5498594,
			"sender":	true
		},
		"cpu_utilization_percent":	{
			"host_total":	0.24456914391252751,
			"host_user":	0.033821805328610011,
			"host_system":	0.21074733858391753,
			"remote_total":	17.917933426907627,
			"remote_user":	0,
			"remote_system":	17.917893852244234
		},
		"sender_tcp_congestion":	"cubic",
		"receiver_tcp_congestion":	"cubic"
	}
}
{
	"start":	{
		"connected":	[{
				"socket":	5,
				"local_host":	"192.168.1.48",
				"local_port":	40564,
				"remote_host":	"192.168.1.58",
				"remote_port":	5201
			}],
		"version":	"iperf 3.20",
		"system_info":	"Linux kuroi-washi 6.19.11+kali-amd64 #1 SMP PREEMPT_DYNAMIC Kali 6.19.11-1kali1 (2026-04-09) x86_64",
		"timestamp":	{
			"time":	"Thu, 23 Apr 2026 22:24:03 GMT",
			"timesecs":	1776983043,
			"timemillisecs":	1776983043296
		},
		"connecting_to":	{
			"host":	"192.168.1.58",
			"port":	5201
		},
		"cookie":	"dn3gywiqbwk5sy63afdxeucxyglzxlyggp3t",
		"tcp_mss":	500,
		"target_bitrate":	0,
		"fq_rate":	0,
		"sock_bufsize":	0,
		"sndbuf_actual":	16384,
		"rcvbuf_actual":	131072,
		"test_start":	{
			"protocol":	"TCP",
			"num_streams":	1,
			"blksize":	131072,
			"omit":	0,
			"duration":	10,
			"bytes":	0,
			"blocks":	0,
			"reverse":	0,
			"tos":	0,
			"target_bitrate":	0,
			"bidir":	0,
			"fqrate":	0,
			"interval":	1
		}
	},
	"intervals":	[{
			"streams":	[{
					"socket":	5,
					"start":	0,
					"end":	1.001145,
					"seconds":	1.0011450052261353,
					"bytes":	4194304,
					"bits_per_second":	33516055.940788355,
					"retransmits":	0,
					"snd_cwnd":	187392,
					"snd_wnd":	971328,
					"rtt":	115349,
					"rttvar":	6144,
					"pmtu":	1500,
					"reorder":	0,
					"omitted":	false,
					"sender":	true
				}],
			"sum":	{
				"start":	0,
				"end":	1.001145,
				"seconds":	1.0011450052261353,
				"bytes":	4194304,
				"bits_per_second":	33516055.940788355,
				"retransmits":	0,
				"omitted":	false,
				"sender":	true
			}
		}, {
			"streams":	[{
					"socket":	5,
					"start":	1.001145,
					"end":	2.001153,
					"seconds":	1.0000079870224,
					"bytes":	3276800,
					"bits_per_second":	26214190.626672268,
					"retransmits":	0,
					"snd_cwnd":	292800,
					"snd_wnd":	975232,
					"rtt":	116065,
					"rttvar":	4641,
					"pmtu":	1500,
					"reorder":	0,
					"omitted":	false,
					"sender":	true
				}],
			"sum":	{
				"start":	1.001145,
				"end":	2.001153,
				"seconds":	1.0000079870224,
				"bytes":	3276800,
				"bits_per_second":	26214190.626672268,
				"retransmits":	0,
				"omitted":	false,
				"sender":	true
			}
		}, {
			"streams":	[{
					"socket":	5,
					"start":	2.001153,
					"end":	3.001101,
					"seconds":	0.999948024749756,
					"bytes":	4063232,
					"bits_per_second":	32507545.587816749,
					"retransmits":	0,
					"snd_cwnd":	463112,
					"snd_wnd":	979136,
					"rtt":	61489,
					"rttvar":	11869,
					"pmtu":	1500,
					"reorder":	0,
					"omitted":	false,
					"sender":	true
				}],
			"sum":	{
				"start":	2.001153,
				"end":	3.001101,
				"seconds":	0.999948024749756,
				"bytes":	4063232,
				"bits_per_second":	32507545.587816749,
				"retransmits":	0,
				"omitted":	false,
				"sender":	true
			}
		}, {
			"streams":	[{
					"socket":	5,
					"start":	3.001101,
					"end":	4.001105,
					"seconds":	1.0000040531158447,
					"bytes":	2883584,
					"bits_per_second":	23068578.500378966,
					"retransmits":	0,
					"snd_cwnd":	594384,
					"snd_wnd":	979136,
					"rtt":	44950,
					"rttvar":	6056,
					"pmtu":	1500,
					"reorder":	0,
					"omitted":	false,
					"sender":	true
				}],
			"sum":	{
				"start":	3.001101,
				"end":	4.001105,
				"seconds":	1.0000040531158447,
				"bytes":	2883584,
				"bits_per_second":	23068578.500378966,
				"retransmits":	0,
				"omitted":	false,
				"sender":	true
			}
		}, {
			"streams":	[{
					"socket":	5,
					"start":	4.001105,
					"end":	5.001106,
					"seconds":	1.0000009536743164,
					"bytes":	1835008,
					"bits_per_second":	14680050.000013351,
					"retransmits":	0,
					"snd_cwnd":	704184,
					"snd_wnd":	979136,
					"rtt":	89594,
					"rttvar":	22575,
					"pmtu":	1500,
					"reorder":	0,
					"omitted":	false,
					"sender":	true
				}],
			"sum":	{
				"start":	4.001105,
				"end":	5.001106,
				"seconds":	1.0000009536743164,
				"bytes":	1835008,
				"bits_per_second":	14680050.000013351,
				"retransmits":	0,
				"omitted":	false,
				"sender":	true
			}
		}, {
			"streams":	[{
					"socket":	5,
					"start":	5.001106,
					"end":	6.001101,
					"seconds":	0.999994993209839,
					"bytes":	3145728,
					"bits_per_second":	25165950.000630859,
					"retransmits":	0,
					"snd_cwnd":	842288,
					"snd_wnd":	979136,
					"rtt":	224970,
					"rttvar":	7241,
					"pmtu":	1500,
					"reorder":	0,
					"omitted":	false,
					"sender":	true
				}],
			"sum":	{
				"start":	5.001106,
				"end":	6.001101,
				"seconds":	0.999994993209839,
				"bytes":	3145728,
				"bits_per_second":	25165950.000630859,
				"retransmits":	0,
				"omitted":	false,
				"sender":	true
			}
		}, {
			"streams":	[{
					"socket":	5,
					"start":	6.001101,
					"end":	7.001106,
					"seconds":	1.0000050067901611,
					"bytes":	4718592,
					"bits_per_second":	37748547.000946276,
					"retransmits":	0,
					"snd_cwnd":	1050664,
					"snd_wnd":	981056,
					"rtt":	219273,
					"rttvar":	16747,
					"pmtu":	1500,
					"reorder":	0,
					"omitted":	false,
					"sender":	true
				}],
			"sum":	{
				"start":	6.001101,
				"end":	7.001106,
				"seconds":	1.0000050067901611,
				"bytes":	4718592,
				"bits_per_second":	37748547.000946276,
				"retransmits":	0,
				"omitted":	false,
				"sender":	true
			}
		}, {
			"streams":	[{
					"socket":	5,
					"start":	7.001106,
					"end":	8.001142,
					"seconds":	1.0000360012054443,
					"bytes":	1441792,
					"bits_per_second":	11533920.764948962,
					"retransmits":	14,
					"snd_cwnd":	762744,
					"snd_wnd":	459712,
					"rtt":	61716,
					"rttvar":	51612,
					"pmtu":	1500,
					"reorder":	0,
					"omitted":	false,
					"sender":	true
				}],
			"sum":	{
				"start":	7.001106,
				"end":	8.001142,
				"seconds":	1.0000360012054443,
				"bytes":	1441792,
				"bits_per_second":	11533920.764948962,
				"retransmits":	14,
				"omitted":	false,
				"sender":	true
			}
		}, {
			"streams":	[{
					"socket":	5,
					"start":	8.001142,
					"end":	9.001099,
					"seconds":	0.999957025051117,
					"bytes":	2228224,
					"bits_per_second":	17826558.095422912,
					"retransmits":	0,
					"snd_cwnd":	830576,
					"snd_wnd":	968896,
					"rtt":	153841,
					"rttvar":	5769,
					"pmtu":	1500,
					"reorder":	0,
					"omitted":	false,
					"sender":	true
				}],
			"sum":	{
				"start":	8.001142,
				"end":	9.001099,
				"seconds":	0.999957025051117,
				"bytes":	2228224,
				"bits_per_second":	17826558.095422912,
				"retransmits":	0,
				"omitted":	false,
				"sender":	true
			}
		}, {
			"streams":	[{
					"socket":	5,
					"start":	9.001099,
					"end":	10.001993,
					"seconds":	1.0008939504623413,
					"bytes":	2228224,
					"bits_per_second":	17809870.857712507,
					"retransmits":	0,
					"snd_cwnd":	886208,
					"snd_wnd":	968896,
					"rtt":	91663,
					"rttvar":	61720,
					"pmtu":	1500,
					"reorder":	0,
					"omitted":	false,
					"sender":	true
				}],
			"sum":	{
				"start":	9.001099,
				"end":	10.001993,
				"seconds":	1.0008939504623413,
				"bytes":	2228224,
				"bits_per_second":	17809870.857712507,
				"retransmits":	0,
				"omitted":	false,
				"sender":	true
			}
		}],
	"end":	{
		"streams":	[{
				"sender":	{
					"socket":	5,
					"start":	0,
					"end":	10.001993,
					"seconds":	10.001993,
					"bytes":	30015488,
					"bits_per_second":	24007605.68418714,
					"retransmits":	14,
					"reorder":	0,
					"max_snd_cwnd":	1050664,
					"max_snd_wnd":	981056,
					"max_rtt":	224970,
					"min_rtt":	44950,
					"mean_rtt":	117891,
					"sender":	true
				},
				"receiver":	{
					"socket":	5,
					"start":	0,
					"end":	10.097399,
					"seconds":	10.001993,
					"bytes":	26083328,
					"bits_per_second":	20665383.629982337,
					"sender":	true
				}
			}],
		"sum_sent":	{
			"start":	0,
			"end":	10.001993,
			"seconds":	10.001993,
			"bytes":	30015488,
			"bits_per_second":	24007605.68418714,
			"retransmits":	14,
			"sender":	true
		},
		"sum_received":	{
			"start":	0,
			"end":	10.097399,
			"seconds":	10.097399,
			"bytes":	26083328,
			"bits_per_second":	20665383.629982337,
			"sender":	true
		},
		"cpu_utilization_percent":	{
			"host_total":	0.28292495034535514,
			"host_user":	0.027294286942216466,
			"host_system":	0.25562073098430965,
			"remote_total":	15.967173100468862,
			"remote_user":	0.017319258838295919,
			"remote_system":	15.949863704534234
		},
		"sender_tcp_congestion":	"cubic",
		"receiver_tcp_congestion":	"cubic"
	}
}
{
	"start":	{
		"connected":	[{
				"socket":	5,
				"local_host":	"192.168.1.48",
				"local_port":	33202,
				"remote_host":	"192.168.1.58",
				"remote_port":	5201
			}],
		"version":	"iperf 3.20",
		"system_info":	"Linux kuroi-washi 6.19.11+kali-amd64 #1 SMP PREEMPT_DYNAMIC Kali 6.19.11-1kali1 (2026-04-09) x86_64",
		"timestamp":	{
			"time":	"Thu, 23 Apr 2026 22:24:13 GMT",
			"timesecs":	1776983053,
			"timemillisecs":	1776983053607
		},
		"connecting_to":	{
			"host":	"192.168.1.58",
			"port":	5201
		},
		"cookie":	"horj7gng2gc7kyvbsg2gc6ljeallfr3qj4yr",
		"tcp_mss":	500,
		"target_bitrate":	0,
		"fq_rate":	0,
		"sock_bufsize":	0,
		"sndbuf_actual":	16384,
		"rcvbuf_actual":	131072,
		"test_start":	{
			"protocol":	"TCP",
			"num_streams":	1,
			"blksize":	131072,
			"omit":	0,
			"duration":	10,
			"bytes":	0,
			"blocks":	0,
			"reverse":	0,
			"tos":	0,
			"target_bitrate":	0,
			"bidir":	0,
			"fqrate":	0,
			"interval":	1
		}
	},
	"intervals":	[{
			"streams":	[{
					"socket":	5,
					"start":	0,
					"end":	1.001094,
					"seconds":	1.0010939836502075,
					"bytes":	4325376,
					"bits_per_second":	34565194.242632315,
					"retransmits":	0,
					"snd_cwnd":	188856,
					"snd_wnd":	971136,
					"rtt":	42575,
					"rttvar":	10033,
					"pmtu":	1500,
					"reorder":	0,
					"omitted":	false,
					"sender":	true
				}],
			"sum":	{
				"start":	0,
				"end":	1.001094,
				"seconds":	1.0010939836502075,
				"bytes":	4325376,
				"bits_per_second":	34565194.242632315,
				"retransmits":	0,
				"omitted":	false,
				"sender":	true
			}
		}, {
			"streams":	[{
					"socket":	5,
					"start":	1.001094,
					"end":	2.001053,
					"seconds":	0.99995899200439453,
					"bytes":	4718592,
					"bits_per_second":	37750284.063482977,
					"retransmits":	0,
					"snd_cwnd":	366000,
					"snd_wnd":	973056,
					"rtt":	63220,
					"rttvar":	6992,
					"pmtu":	1500,
					"reorder":	0,
					"omitted":	false,
					"sender":	true
				}],
			"sum":	{
				"start":	1.001094,
				"end":	2.001053,
				"seconds":	0.99995899200439453,
				"bytes":	4718592,
				"bits_per_second":	37750284.063482977,
				"retransmits":	0,
				"omitted":	false,
				"sender":	true
			}
		}, {
			"streams":	[{
					"socket":	5,
					"start":	2.001053,
					"end":	3.00111,
					"seconds":	1.0000569820404053,
					"bytes":	4718592,
					"bits_per_second":	37746585.122561388,
					"retransmits":	0,
					"snd_cwnd":	532408,
					"snd_wnd":	973056,
					"rtt":	81822,
					"rttvar":	26210,
					"pmtu":	1500,
					"reorder":	0,
					"omitted":	false,
					"sender":	true
				}],
			"sum":	{
				"start":	2.001053,
				"end":	3.00111,
				"seconds":	1.0000569820404053,
				"bytes":	4718592,
				"bits_per_second":	37746585.122561388,
				"retransmits":	0,
				"omitted":	false,
				"sender":	true
			}
		}, {
			"streams":	[{
					"socket":	5,
					"start":	3.00111,
					"end":	4.001108,
					"seconds":	0.99999797344207764,
					"bytes":	3145728,
					"bits_per_second":	25165875.000103354,
					"retransmits":	0,
					"snd_cwnd":	687104,
					"snd_wnd":	975040,
					"rtt":	224873,
					"rttvar":	25242,
					"pmtu":	1500,
					"reorder":	0,
					"omitted":	false,
					"sender":	true
				}],
			"sum":	{
				"start":	3.00111,
				"end":	4.001108,
				"seconds":	0.99999797344207764,
				"bytes":	3145728,
				"bits_per_second":	25165875.000103354,
				"retransmits":	0,
				"omitted":	false,
				"sender":	true
			}
		}, {
			"streams":	[{
					"socket":	5,
					"start":	4.001108,
					"end":	5.001098,
					"seconds":	0.99998998641967773,
					"bytes":	2883584,
					"bits_per_second":	23068903.002313159,
					"retransmits":	0,
					"snd_cwnd":	834480,
					"snd_wnd":	975040,
					"rtt":	143512,
					"rttvar":	2820,
					"pmtu":	1500,
					"reorder":	0,
					"omitted":	false,
					"sender":	true
				}],
			"sum":	{
				"start":	4.001108,
				"end":	5.001098,
				"seconds":	0.99998998641967773,
				"bytes":	2883584,
				"bits_per_second":	23068903.002313159,
				"retransmits":	0,
				"omitted":	false,
				"sender":	true
			}
		}, {
			"streams":	[{
					"socket":	5,
					"start":	5.001098,
					"end":	6.001079,
					"seconds":	0.99998098611831665,
					"bytes":	1966080,
					"bits_per_second":	15728939.068186447,
					"retransmits":	0,
					"snd_cwnd":	955504,
					"snd_wnd":	975040,
					"rtt":	199455,
					"rttvar":	12449,
					"pmtu":	1500,
					"reorder":	0,
					"omitted":	false,
					"sender":	true
				}],
			"sum":	{
				"start":	5.001098,
				"end":	6.001079,
				"seconds":	0.99998098611831665,
				"bytes":	1966080,
				"bits_per_second":	15728939.068186447,
				"retransmits":	0,
				"omitted":	false,
				"sender":	true
			}
		}, {
			"streams":	[{
					"socket":	5,
					"start":	6.001079,
					"end":	7.001142,
					"seconds":	1.0000629425048828,
					"bytes":	1441792,
					"bits_per_second":	11533610.045693383,
					"retransmits":	0,
					"snd_cwnd":	1006744,
					"snd_wnd":	975040,
					"rtt":	229454,
					"rttvar":	58513,
					"pmtu":	1500,
					"reorder":	0,
					"omitted":	false,
					"sender":	true
				}],
			"sum":	{
				"start":	6.001079,
				"end":	7.001142,
				"seconds":	1.0000629425048828,
				"bytes":	1441792,
				"bits_per_second":	11533610.045693383,
				"retransmits":	0,
				"omitted":	false,
				"sender":	true
			}
		}, {
			"streams":	[{
					"socket":	5,
					"start":	7.001142,
					"end":	8.001145,
					"seconds":	1.0000029802322388,
					"bytes":	3014656,
					"bits_per_second":	24117176.1252142,
					"retransmits":	1,
					"snd_cwnd":	1006744,
					"snd_wnd":	975040,
					"rtt":	103378,
					"rttvar":	10247,
					"pmtu":	1500,
					"reorder":	0,
					"omitted":	false,
					"sender":	true
				}],
			"sum":	{
				"start":	7.001142,
				"end":	8.001145,
				"seconds":	1.0000029802322388,
				"bytes":	3014656,
				"bits_per_second":	24117176.1252142,
				"retransmits":	1,
				"omitted":	false,
				"sender":	true
			}
		}, {
			"streams":	[{
					"socket":	5,
					"start":	8.001145,
					"end":	9.00107,
					"seconds":	0.99992501735687256,
					"bytes":	1441792,
					"bits_per_second":	11535200.939855477,
					"retransmits":	0,
					"snd_cwnd":	1006744,
					"snd_wnd":	975040,
					"rtt":	151688,
					"rttvar":	32944,
					"pmtu":	1500,
					"reorder":	0,
					"omitted":	false,
					"sender":	true
				}],
			"sum":	{
				"start":	8.001145,
				"end":	9.00107,
				"seconds":	0.99992501735687256,
				"bytes":	1441792,
				"bits_per_second":	11535200.939855477,
				"retransmits":	0,
				"omitted":	false,
				"sender":	true
			}
		}, {
			"streams":	[{
					"socket":	5,
					"start":	9.00107,
					"end":	10.002361,
					"seconds":	1.001291036605835,
					"bytes":	4194304,
					"bits_per_second":	33511167.855594147,
					"retransmits":	0,
					"snd_cwnd":	1006744,
					"snd_wnd":	975040,
					"rtt":	182074,
					"rttvar":	10384,
					"pmtu":	1500,
					"reorder":	0,
					"omitted":	false,
					"sender":	true
				}],
			"sum":	{
				"start":	9.00107,
				"end":	10.002361,
				"seconds":	1.001291036605835,
				"bytes":	4194304,
				"bits_per_second":	33511167.855594147,
				"retransmits":	0,
				"omitted":	false,
				"sender":	true
			}
		}],
	"end":	{
		"streams":	[{
				"sender":	{
					"socket":	5,
					"start":	0,
					"end":	10.002361,
					"seconds":	10.002361,
					"bytes":	31850496,
					"bits_per_second":	25474382.298339359,
					"retransmits":	1,
					"reorder":	0,
					"max_snd_cwnd":	1006744,
					"max_snd_wnd":	975040,
					"max_rtt":	229454,
					"min_rtt":	42575,
					"mean_rtt":	142205,
					"sender":	true
				},
				"receiver":	{
					"socket":	5,
					"start":	0,
					"end":	10.081817,
					"seconds":	10.002361,
					"bytes":	28180480,
					"bits_per_second":	22361429.492322665,
					"sender":	true
				}
			}],
		"sum_sent":	{
			"start":	0,
			"end":	10.002361,
			"seconds":	10.002361,
			"bytes":	31850496,
			"bits_per_second":	25474382.298339359,
			"retransmits":	1,
			"sender":	true
		},
		"sum_received":	{
			"start":	0,
			"end":	10.081817,
			"seconds":	10.081817,
			"bytes":	28180480,
			"bits_per_second":	22361429.492322665,
			"sender":	true
		},
		"cpu_utilization_percent":	{
			"host_total":	0.2855289431374114,
			"host_user":	0,
			"host_system":	0.2855289431374114,
			"remote_total":	16.345573150864372,
			"remote_user":	0.174038849523037,
			"remote_system":	16.171534301341335
		},
		"sender_tcp_congestion":	"cubic",
		"receiver_tcp_congestion":	"cubic"
	}
}
{
	"start":	{
		"connected":	[{
				"socket":	5,
				"local_host":	"192.168.1.48",
				"local_port":	36654,
				"remote_host":	"192.168.1.58",
				"remote_port":	5201
			}],
		"version":	"iperf 3.20",
		"system_info":	"Linux kuroi-washi 6.19.11+kali-amd64 #1 SMP PREEMPT_DYNAMIC Kali 6.19.11-1kali1 (2026-04-09) x86_64",
		"timestamp":	{
			"time":	"Thu, 23 Apr 2026 22:24:23 GMT",
			"timesecs":	1776983063,
			"timemillisecs":	1776983063999
		},
		"connecting_to":	{
			"host":	"192.168.1.58",
			"port":	5201
		},
		"cookie":	"ahs27l7bmaxfnlxr4kp2my4v7khssvo32r3q",
		"tcp_mss":	500,
		"target_bitrate":	0,
		"fq_rate":	0,
		"sock_bufsize":	0,
		"sndbuf_actual":	16384,
		"rcvbuf_actual":	131072,
		"test_start":	{
			"protocol":	"TCP",
			"num_streams":	1,
			"blksize":	131072,
			"omit":	0,
			"duration":	10,
			"bytes":	0,
			"blocks":	0,
			"reverse":	0,
			"tos":	0,
			"target_bitrate":	0,
			"bidir":	0,
			"fqrate":	0,
			"interval":	1
		}
	},
	"intervals":	[{
			"streams":	[{
					"socket":	5,
					"start":	0,
					"end":	1.000855,
					"seconds":	1.0008549690246582,
					"bytes":	5111808,
					"bits_per_second":	40859530.367173985,
					"retransmits":	0,
					"snd_cwnd":	226920,
					"snd_wnd":	968960,
					"rtt":	53552,
					"rttvar":	23673,
					"pmtu":	1500,
					"reorder":	0,
					"omitted":	false,
					"sender":	true
				}],
			"sum":	{
				"start":	0,
				"end":	1.000855,
				"seconds":	1.0008549690246582,
				"bytes":	5111808,
				"bits_per_second":	40859530.367173985,
				"retransmits":	0,
				"omitted":	false,
				"sender":	true
			}
		}, {
			"streams":	[{
					"socket":	5,
					"start":	1.000855,
					"end":	2.001126,
					"seconds":	1.0002709627151489,
					"bytes":	5636096,
					"bits_per_second":	45076553.934556335,
					"retransmits":	0,
					"snd_cwnd":	420168,
					"snd_wnd":	968960,
					"rtt":	92637,
					"rttvar":	3286,
					"pmtu":	1500,
					"reorder":	0,
					"omitted":	false,
					"sender":	true
				}],
			"sum":	{
				"start":	1.000855,
				"end":	2.001126,
				"seconds":	1.0002709627151489,
				"bytes":	5636096,
				"bits_per_second":	45076553.934556335,
				"retransmits":	0,
				"omitted":	false,
				"sender":	true
			}
		}, {
			"streams":	[{
					"socket":	5,
					"start":	2.001126,
					"end":	3.001113,
					"seconds":	0.999987006187439,
					"bytes":	2883584,
					"bits_per_second":	23068971.753894947,
					"retransmits":	0,
					"snd_cwnd":	598288,
					"snd_wnd":	939008,
					"rtt":	303511,
					"rttvar":	6016,
					"pmtu":	1500,
					"reorder":	0,
					"omitted":	false,
					"sender":	true
				}],
			"sum":	{
				"start":	2.001126,
				"end":	3.001113,
				"seconds":	0.999987006187439,
				"bytes":	2883584,
				"bits_per_second":	23068971.753894947,
				"retransmits":	0,
				"omitted":	false,
				"sender":	true
			}
		}, {
			"streams":	[{
					"socket":	5,
					"start":	3.001113,
					"end":	4.001054,
					"seconds":	0.99994099140167236,
					"bytes":	2883584,
					"bits_per_second":	23070033.330330193,
					"retransmits":	0,
					"snd_cwnd":	753960,
					"snd_wnd":	968960,
					"rtt":	179267,
					"rttvar":	6288,
					"pmtu":	1500,
					"reorder":	0,
					"omitted":	false,
					"sender":	true
				}],
			"sum":	{
				"start":	3.001113,
				"end":	4.001054,
				"seconds":	0.99994099140167236,
				"bytes":	2883584,
				"bits_per_second":	23070033.330330193,
				"retransmits":	0,
				"omitted":	false,
				"sender":	true
			}
		}, {
			"streams":	[{
					"socket":	5,
					"start":	4.001054,
					"end":	5.000877,
					"seconds":	0.999822974205017,
					"bytes":	4456448,
					"bits_per_second":	35657896.367451869,
					"retransmits":	0,
					"snd_cwnd":	931104,
					"snd_wnd":	970944,
					"rtt":	242131,
					"rttvar":	17508,
					"pmtu":	1500,
					"reorder":	0,
					"omitted":	false,
					"sender":	true
				}],
			"sum":	{
				"start":	4.001054,
				"end":	5.000877,
				"seconds":	0.999822974205017,
				"bytes":	4456448,
				"bits_per_second":	35657896.367451869,
				"retransmits":	0,
				"omitted":	false,
				"sender":	true
			}
		}, {
			"streams":	[{
					"socket":	5,
					"start":	5.000877,
					"end":	6.000881,
					"seconds":	1.0000040531158447,
					"bytes":	2359296,
					"bits_per_second":	18874291.500310063,
					"retransmits":	1,
					"snd_cwnd":	724680,
					"snd_wnd":	970944,
					"rtt":	156158,
					"rttvar":	38859,
					"pmtu":	1500,
					"reorder":	0,
					"omitted":	false,
					"sender":	true
				}],
			"sum":	{
				"start":	5.000877,
				"end":	6.000881,
				"seconds":	1.0000040531158447,
				"bytes":	2359296,
				"bits_per_second":	18874291.500310063,
				"retransmits":	1,
				"omitted":	false,
				"sender":	true
			}
		}, {
			"streams":	[{
					"socket":	5,
					"start":	6.000881,
					"end":	7.000835,
					"seconds":	0.9999539852142334,
					"bytes":	3276800,
					"bits_per_second":	26215606.305507891,
					"retransmits":	0,
					"snd_cwnd":	790560,
					"snd_wnd":	970944,
					"rtt":	139575,
					"rttvar":	32587,
					"pmtu":	1500,
					"reorder":	0,
					"omitted":	false,
					"sender":	true
				}],
			"sum":	{
				"start":	6.000881,
				"end":	7.000835,
				"seconds":	0.9999539852142334,
				"bytes":	3276800,
				"bits_per_second":	26215606.305507891,
				"retransmits":	0,
				"omitted":	false,
				"sender":	true
			}
		}, {
			"streams":	[{
					"socket":	5,
					"start":	7.000835,
					"end":	8.001121,
					"seconds":	1.0002859830856323,
					"bytes":	2097152,
					"bits_per_second":	16772419.371754546,
					"retransmits":	0,
					"snd_cwnd":	858392,
					"snd_wnd":	972864,
					"rtt":	234673,
					"rttvar":	5827,
					"pmtu":	1500,
					"reorder":	0,
					"omitted":	false,
					"sender":	true
				}],
			"sum":	{
				"start":	7.000835,
				"end":	8.001121,
				"seconds":	1.0002859830856323,
				"bytes":	2097152,
				"bits_per_second":	16772419.371754546,
				"retransmits":	0,
				"omitted":	false,
				"sender":	true
			}
		}, {
			"streams":	[{
					"socket":	5,
					"start":	8.001121,
					"end":	9.000841,
					"seconds":	0.99971997737884521,
					"bytes":	4456448,
					"bits_per_second":	35661570.046318866,
					"retransmits":	0,
					"snd_cwnd":	906216,
					"snd_wnd":	972864,
					"rtt":	220591,
					"rttvar":	7658,
					"pmtu":	1500,
					"reorder":	0,
					"omitted":	false,
					"sender":	true
				}],
			"sum":	{
				"start":	8.001121,
				"end":	9.000841,
				"seconds":	0.99971997737884521,
				"bytes":	4456448,
				"bits_per_second":	35661570.046318866,
				"retransmits":	0,
				"omitted":	false,
				"sender":	true
			}
		}, {
			"streams":	[{
					"socket":	5,
					"start":	9.000841,
					"end":	10.002016,
					"seconds":	1.0011750459671021,
					"bytes":	2883584,
					"bits_per_second":	23041597.06429401,
					"retransmits":	0,
					"snd_cwnd":	942328,
					"snd_wnd":	974848,
					"rtt":	297298,
					"rttvar":	3856,
					"pmtu":	1500,
					"reorder":	0,
					"omitted":	false,
					"sender":	true
				}],
			"sum":	{
				"start":	9.000841,
				"end":	10.002016,
				"seconds":	1.0011750459671021,
				"bytes":	2883584,
				"bits_per_second":	23041597.06429401,
				"retransmits":	0,
				"omitted":	false,
				"sender":	true
			}
		}],
	"end":	{
		"streams":	[{
				"sender":	{
					"socket":	5,
					"start":	0,
					"end":	10.002016,
					"seconds":	10.002016,
					"bytes":	36044800,
					"bits_per_second":	28830027.866382141,
					"retransmits":	1,
					"reorder":	0,
					"max_snd_cwnd":	942328,
					"max_snd_wnd":	974848,
					"max_rtt":	303511,
					"min_rtt":	53552,
					"mean_rtt":	191939,
					"sender":	true
				},
				"receiver":	{
					"socket":	5,
					"start":	0,
					"end":	10.046839,
					"seconds":	10.002016,
					"bytes":	33423360,
					"bits_per_second":	26614030.542342719,
					"sender":	true
				}
			}],
		"sum_sent":	{
			"start":	0,
			"end":	10.002016,
			"seconds":	10.002016,
			"bytes":	36044800,
			"bits_per_second":	28830027.866382141,
			"retransmits":	1,
			"sender":	true
		},
		"sum_received":	{
			"start":	0,
			"end":	10.046839,
			"seconds":	10.046839,
			"bytes":	33423360,
			"bits_per_second":	26614030.542342719,
			"sender":	true
		},
		"cpu_utilization_percent":	{
			"host_total":	0.25174507935630713,
			"host_user":	0,
			"host_system":	0.25174507935630713,
			"remote_total":	19.7477765166207,
			"remote_user":	0,
			"remote_system":	19.747756687106929
		},
		"sender_tcp_congestion":	"cubic",
		"receiver_tcp_congestion":	"cubic"
	}
}
{
	"start":	{
		"connected":	[{
				"socket":	5,
				"local_host":	"192.168.1.48",
				"local_port":	57044,
				"remote_host":	"192.168.1.58",
				"remote_port":	5201
			}],
		"version":	"iperf 3.20",
		"system_info":	"Linux kuroi-washi 6.19.11+kali-amd64 #1 SMP PREEMPT_DYNAMIC Kali 6.19.11-1kali1 (2026-04-09) x86_64",
		"timestamp":	{
			"time":	"Thu, 23 Apr 2026 22:24:34 GMT",
			"timesecs":	1776983074,
			"timemillisecs":	1776983074423
		},
		"connecting_to":	{
			"host":	"192.168.1.58",
			"port":	5201
		},
		"cookie":	"qav5nd3hs65kizf2nqyuc5hgfedgfbekojdh",
		"tcp_mss":	500,
		"target_bitrate":	0,
		"fq_rate":	0,
		"sock_bufsize":	0,
		"sndbuf_actual":	16384,
		"rcvbuf_actual":	131072,
		"test_start":	{
			"protocol":	"TCP",
			"num_streams":	1,
			"blksize":	131072,
			"omit":	0,
			"duration":	10,
			"bytes":	0,
			"blocks":	0,
			"reverse":	0,
			"tos":	0,
			"target_bitrate":	0,
			"bidir":	0,
			"fqrate":	0,
			"interval":	1
		}
	},
	"intervals":	[{
			"streams":	[{
					"socket":	5,
					"start":	0,
					"end":	1.001133,
					"seconds":	1.0011329650878906,
					"bytes":	4456448,
					"bits_per_second":	35611237.710936934,
					"retransmits":	0,
					"snd_cwnd":	230336,
					"snd_wnd":	968832,
					"rtt":	74668,
					"rttvar":	4453,
					"pmtu":	1500,
					"reorder":	0,
					"omitted":	false,
					"sender":	true
				}],
			"sum":	{
				"start":	0,
				"end":	1.001133,
				"seconds":	1.0011329650878906,
				"bytes":	4456448,
				"bits_per_second":	35611237.710936934,
				"retransmits":	0,
				"omitted":	false,
				"sender":	true
			}
		}, {
			"streams":	[{
					"socket":	5,
					"start":	1.001133,
					"end":	2.00111,
					"seconds":	0.9999769926071167,
					"bytes":	5242880,
					"bits_per_second":	41944005.022202648,
					"retransmits":	0,
					"snd_cwnd":	407480,
					"snd_wnd":	968832,
					"rtt":	93812,
					"rttvar":	28439,
					"pmtu":	1500,
					"reorder":	0,
					"omitted":	false,
					"sender":	true
				}],
			"sum":	{
				"start":	1.001133,
				"end":	2.00111,
				"seconds":	0.9999769926071167,
				"bytes":	5242880,
				"bits_per_second":	41944005.022202648,
				"retransmits":	0,
				"omitted":	false,
				"sender":	true
			}
		}, {
			"streams":	[{
					"socket":	5,
					"start":	2.00111,
					"end":	3.001124,
					"seconds":	1.0000139474868774,
					"bytes":	2752512,
					"bits_per_second":	22019788.879283562,
					"retransmits":	0,
					"snd_cwnd":	560224,
					"snd_wnd":	968832,
					"rtt":	258126,
					"rttvar":	7136,
					"pmtu":	1500,
					"reorder":	0,
					"omitted":	false,
					"sender":	true
				}],
			"sum":	{
				"start":	2.00111,
				"end":	3.001124,
				"seconds":	1.0000139474868774,
				"bytes":	2752512,
				"bits_per_second":	22019788.879283562,
				"retransmits":	0,
				"omitted":	false,
				"sender":	true
			}
		}, {
			"streams":	[{
					"socket":	5,
					"start":	3.001124,
					"end":	4.001147,
					"seconds":	1.0000230073928833,
					"bytes":	2883584,
					"bits_per_second":	23068141.262210894,
					"retransmits":	0,
					"snd_cwnd":	699304,
					"snd_wnd":	968832,
					"rtt":	179166,
					"rttvar":	5218,
					"pmtu":	1500,
					"reorder":	0,
					"omitted":	false,
					"sender":	true
				}],
			"sum":	{
				"start":	3.001124,
				"end":	4.001147,
				"seconds":	1.0000230073928833,
				"bytes":	2883584,
				"bits_per_second":	23068141.262210894,
				"retransmits":	0,
				"omitted":	false,
				"sender":	true
			}
		}, {
			"streams":	[{
					"socket":	5,
					"start":	4.001147,
					"end":	5.001148,
					"seconds":	1.0000009536743164,
					"bytes":	4587520,
					"bits_per_second":	36700125.000033379,
					"retransmits":	0,
					"snd_cwnd":	894016,
					"snd_wnd":	968832,
					"rtt":	191503,
					"rttvar":	7611,
					"pmtu":	1500,
					"reorder":	0,
					"omitted":	false,
					"sender":	true
				}],
			"sum":	{
				"start":	4.001147,
				"end":	5.001148,
				"seconds":	1.0000009536743164,
				"bytes":	4587520,
				"bits_per_second":	36700125.000033379,
				"retransmits":	0,
				"omitted":	false,
				"sender":	true
			}
		}, {
			"streams":	[{
					"socket":	5,
					"start":	5.001148,
					"end":	6.001108,
					"seconds":	0.99996000528335571,
					"bytes":	3014656,
					"bits_per_second":	24118212.601078946,
					"retransmits":	0,
					"snd_cwnd":	1018944,
					"snd_wnd":	970816,
					"rtt":	203851,
					"rttvar":	6920,
					"pmtu":	1500,
					"reorder":	0,
					"omitted":	false,
					"sender":	true
				}],
			"sum":	{
				"start":	5.001148,
				"end":	6.001108,
				"seconds":	0.99996000528335571,
				"bytes":	3014656,
				"bits_per_second":	24118212.601078946,
				"retransmits":	0,
				"omitted":	false,
				"sender":	true
			}
		}, {
			"streams":	[{
					"socket":	5,
					"start":	6.001108,
					"end":	7.001132,
					"seconds":	1.0000239610672,
					"bytes":	4194304,
					"bits_per_second":	33553628.019264236,
					"retransmits":	0,
					"snd_cwnd":	1018944,
					"snd_wnd":	970816,
					"rtt":	209326,
					"rttvar":	10839,
					"pmtu":	1500,
					"reorder":	0,
					"omitted":	false,
					"sender":	true
				}],
			"sum":	{
				"start":	6.001108,
				"end":	7.001132,
				"seconds":	1.0000239610672,
				"bytes":	4194304,
				"bits_per_second":	33553628.019264236,
				"retransmits":	0,
				"omitted":	false,
				"sender":	true
			}
		}, {
			"streams":	[{
					"socket":	5,
					"start":	7.001132,
					"end":	8.001142,
					"seconds":	1.0000100135803223,
					"bytes":	4325376,
					"bits_per_second":	34602661.503469668,
					"retransmits":	0,
					"snd_cwnd":	1018944,
					"snd_wnd":	974016,
					"rtt":	211160,
					"rttvar":	5799,
					"pmtu":	1500,
					"reorder":	0,
					"omitted":	false,
					"sender":	true
				}],
			"sum":	{
				"start":	7.001132,
				"end":	8.001142,
				"seconds":	1.0000100135803223,
				"bytes":	4325376,
				"bits_per_second":	34602661.503469668,
				"retransmits":	0,
				"omitted":	false,
				"sender":	true
			}
		}, {
			"streams":	[{
					"socket":	5,
					"start":	8.001142,
					"end":	9.001146,
					"seconds":	1.0000040531158447,
					"bytes":	4456448,
					"bits_per_second":	35651439.500585675,
					"retransmits":	0,
					"snd_cwnd":	1018944,
					"snd_wnd":	974016,
					"rtt":	242466,
					"rttvar":	8624,
					"pmtu":	1500,
					"reorder":	0,
					"omitted":	false,
					"sender":	true
				}],
			"sum":	{
				"start":	8.001142,
				"end":	9.001146,
				"seconds":	1.0000040531158447,
				"bytes":	4456448,
				"bits_per_second":	35651439.500585675,
				"retransmits":	0,
				"omitted":	false,
				"sender":	true
			}
		}, {
			"streams":	[{
					"socket":	5,
					"start":	9.001146,
					"end":	10.002051,
					"seconds":	1.0009050369262695,
					"bytes":	2752512,
					"bits_per_second":	22000185.020171981,
					"retransmits":	1,
					"snd_cwnd":	713456,
					"snd_wnd":	976000,
					"rtt":	63381,
					"rttvar":	8641,
					"pmtu":	1500,
					"reorder":	0,
					"omitted":	false,
					"sender":	true
				}],
			"sum":	{
				"start":	9.001146,
				"end":	10.002051,
				"seconds":	1.0009050369262695,
				"bytes":	2752512,
				"bits_per_second":	22000185.020171981,
				"retransmits":	1,
				"omitted":	false,
				"sender":	true
			}
		}],
	"end":	{
		"streams":	[{
				"sender":	{
					"socket":	5,
					"start":	0,
					"end":	10.002051,
					"seconds":	10.002051,
					"bytes":	38666240,
					"bits_per_second":	30926648.944301523,
					"retransmits":	1,
					"reorder":	0,
					"max_snd_cwnd":	1018944,
					"max_snd_wnd":	976000,
					"max_rtt":	258126,
					"min_rtt":	63381,
					"mean_rtt":	172745,
					"sender":	true
				},
				"receiver":	{
					"socket":	5,
					"start":	0,
					"end":	10.204932,
					"seconds":	10.002051,
					"bytes":	35913728,
					"bits_per_second":	28154016.508880217,
					"sender":	true
				}
			}],
		"sum_sent":	{
			"start":	0,
			"end":	10.002051,
			"seconds":	10.002051,
			"bytes":	38666240,
			"bits_per_second":	30926648.944301523,
			"retransmits":	1,
			"sender":	true
		},
		"sum_received":	{
			"start":	0,
			"end":	10.204932,
			"seconds":	10.204932,
			"bytes":	35913728,
			"bits_per_second":	28154016.508880217,
			"sender":	true
		},
		"cpu_utilization_percent":	{
			"host_total":	0.29153708111099758,
			"host_user":	0,
			"host_system":	0.29152714832911236,
			"remote_total":	21.744483808049033,
			"remote_user":	0.048249536490139543,
			"remote_system":	21.6962440327437
		},
		"sender_tcp_congestion":	"cubic",
		"receiver_tcp_congestion":	"cubic"
	}
}
{
	"start":	{
		"connected":	[{
				"socket":	5,
				"local_host":	"192.168.1.48",
				"local_port":	50450,
				"remote_host":	"192.168.1.58",
				"remote_port":	5201
			}],
		"version":	"iperf 3.20",
		"system_info":	"Linux kuroi-washi 6.19.11+kali-amd64 #1 SMP PREEMPT_DYNAMIC Kali 6.19.11-1kali1 (2026-04-09) x86_64",
		"timestamp":	{
			"time":	"Thu, 23 Apr 2026 22:24:45 GMT",
			"timesecs":	1776983085,
			"timemillisecs":	1776983085042
		},
		"connecting_to":	{
			"host":	"192.168.1.58",
			"port":	5201
		},
		"cookie":	"prsv2uyof7ur4o6t6z3w4qtjbdpocyghykni",
		"tcp_mss":	500,
		"target_bitrate":	0,
		"fq_rate":	0,
		"sock_bufsize":	0,
		"sndbuf_actual":	16384,
		"rcvbuf_actual":	131072,
		"test_start":	{
			"protocol":	"TCP",
			"num_streams":	1,
			"blksize":	131072,
			"omit":	0,
			"duration":	10,
			"bytes":	0,
			"blocks":	0,
			"reverse":	0,
			"tos":	0,
			"target_bitrate":	0,
			"bidir":	0,
			"fqrate":	0,
			"interval":	1
		}
	},
	"intervals":	[{
			"streams":	[{
					"socket":	5,
					"start":	0,
					"end":	1.001141,
					"seconds":	1.0011409521102905,
					"bytes":	3801088,
					"bits_per_second":	30374048.665077511,
					"retransmits":	0,
					"snd_cwnd":	155672,
					"snd_wnd":	972736,
					"rtt":	34562,
					"rttvar":	1443,
					"pmtu":	1500,
					"reorder":	0,
					"omitted":	false,
					"sender":	true
				}],
			"sum":	{
				"start":	0,
				"end":	1.001141,
				"seconds":	1.0011409521102905,
				"bytes":	3801088,
				"bits_per_second":	30374048.665077511,
				"retransmits":	0,
				"omitted":	false,
				"sender":	true
			}
		}, {
			"streams":	[{
					"socket":	5,
					"start":	1.001141,
					"end":	2.001149,
					"seconds":	1.0000079870224,
					"bytes":	5636096,
					"bits_per_second":	45088407.8778763,
					"retransmits":	0,
					"snd_cwnd":	345016,
					"snd_wnd":	972736,
					"rtt":	53081,
					"rttvar":	4101,
					"pmtu":	1500,
					"reorder":	0,
					"omitted":	false,
					"sender":	true
				}],
			"sum":	{
				"start":	1.001141,
				"end":	2.001149,
				"seconds":	1.0000079870224,
				"bytes":	5636096,
				"bits_per_second":	45088407.8778763,
				"retransmits":	0,
				"omitted":	false,
				"sender":	true
			}
		}, {
			"streams":	[{
					"socket":	5,
					"start":	2.001149,
					"end":	3.001144,
					"seconds":	0.999994993209839,
					"bytes":	4063232,
					"bits_per_second":	32506018.750814859,
					"retransmits":	0,
					"snd_cwnd":	503128,
					"snd_wnd":	972736,
					"rtt":	75403,
					"rttvar":	18697,
					"pmtu":	1500,
					"reorder":	0,
					"omitted":	false,
					"sender":	true
				}],
			"sum":	{
				"start":	2.001149,
				"end":	3.001144,
				"seconds":	0.999994993209839,
				"bytes":	4063232,
				"bits_per_second":	32506018.750814859,
				"retransmits":	0,
				"omitted":	false,
				"sender":	true
			}
		}, {
			"streams":	[{
					"socket":	5,
					"start":	3.001144,
					"end":	4.001148,
					"seconds":	1.0000040531158447,
					"bytes":	3014656,
					"bits_per_second":	24117150.250396192,
					"retransmits":	0,
					"snd_cwnd":	641720,
					"snd_wnd":	972736,
					"rtt":	80514,
					"rttvar":	27594,
					"pmtu":	1500,
					"reorder":	0,
					"omitted":	false,
					"sender":	true
				}],
			"sum":	{
				"start":	3.001144,
				"end":	4.001148,
				"seconds":	1.0000040531158447,
				"bytes":	3014656,
				"bits_per_second":	24117150.250396192,
				"retransmits":	0,
				"omitted":	false,
				"sender":	true
			}
		}, {
			"streams":	[{
					"socket":	5,
					"start":	4.001148,
					"end":	5.001111,
					"seconds":	0.99996298551559448,
					"bytes":	3145728,
					"bits_per_second":	25166755.53448027,
					"retransmits":	0,
					"snd_cwnd":	795440,
					"snd_wnd":	972736,
					"rtt":	316284,
					"rttvar":	3882,
					"pmtu":	1500,
					"reorder":	0,
					"omitted":	false,
					"sender":	true
				}],
			"sum":	{
				"start":	4.001148,
				"end":	5.001111,
				"seconds":	0.99996298551559448,
				"bytes":	3145728,
				"bits_per_second":	25166755.53448027,
				"retransmits":	0,
				"omitted":	false,
				"sender":	true
			}
		}, {
			"streams":	[{
					"socket":	5,
					"start":	5.001111,
					"end":	6.001112,
					"seconds":	1.0000009536743164,
					"bytes":	2752512,
					"bits_per_second":	22020075.000020027,
					"retransmits":	0,
					"snd_cwnd":	982344,
					"snd_wnd":	972736,
					"rtt":	81179,
					"rttvar":	35287,
					"pmtu":	1500,
					"reorder":	0,
					"omitted":	false,
					"sender":	true
				}],
			"sum":	{
				"start":	5.001111,
				"end":	6.001112,
				"seconds":	1.0000009536743164,
				"bytes":	2752512,
				"bits_per_second":	22020075.000020027,
				"retransmits":	0,
				"omitted":	false,
				"sender":	true
			}
		}, {
			"streams":	[{
					"socket":	5,
					"start":	6.001112,
					"end":	7.001149,
					"seconds":	1.0000369548797607,
					"bytes":	3407872,
					"bits_per_second":	27261968.537230667,
					"retransmits":	1,
					"snd_cwnd":	697840,
					"snd_wnd":	972736,
					"rtt":	84751,
					"rttvar":	9170,
					"pmtu":	1500,
					"reorder":	0,
					"omitted":	false,
					"sender":	true
				}],
			"sum":	{
				"start":	6.001112,
				"end":	7.001149,
				"seconds":	1.0000369548797607,
				"bytes":	3407872,
				"bits_per_second":	27261968.537230667,
				"retransmits":	1,
				"omitted":	false,
				"sender":	true
			}
		}, {
			"streams":	[{
					"socket":	5,
					"start":	7.001149,
					"end":	8.001147,
					"seconds":	0.99999797344207764,
					"bytes":	3014656,
					"bits_per_second":	24117296.875099048,
					"retransmits":	0,
					"snd_cwnd":	760304,
					"snd_wnd":	974720,
					"rtt":	321687,
					"rttvar":	6427,
					"pmtu":	1500,
					"reorder":	0,
					"omitted":	false,
					"sender":	true
				}],
			"sum":	{
				"start":	7.001149,
				"end":	8.001147,
				"seconds":	0.99999797344207764,
				"bytes":	3014656,
				"bits_per_second":	24117296.875099048,
				"retransmits":	0,
				"omitted":	false,
				"sender":	true
			}
		}, {
			"streams":	[{
					"socket":	5,
					"start":	8.001147,
					"end":	9.001123,
					"seconds":	0.99997597932815552,
					"bytes":	2883584,
					"bits_per_second":	23069226.138310775,
					"retransmits":	0,
					"snd_cwnd":	822280,
					"snd_wnd":	976640,
					"rtt":	186723,
					"rttvar":	15178,
					"pmtu":	1500,
					"reorder":	0,
					"omitted":	false,
					"sender":	true
				}],
			"sum":	{
				"start":	8.001147,
				"end":	9.001123,
				"seconds":	0.99997597932815552,
				"bytes":	2883584,
				"bits_per_second":	23069226.138310775,
				"retransmits":	0,
				"omitted":	false,
				"sender":	true
			}
		}, {
			"streams":	[{
					"socket":	5,
					"start":	9.001123,
					"end":	10.002037,
					"seconds":	1.0009139776229858,
					"bytes":	1703936,
					"bits_per_second":	13619040.501734877,
					"retransmits":	0,
					"snd_cwnd":	859368,
					"snd_wnd":	976640,
					"rtt":	92122,
					"rttvar":	29797,
					"pmtu":	1500,
					"reorder":	0,
					"omitted":	false,
					"sender":	true
				}],
			"sum":	{
				"start":	9.001123,
				"end":	10.002037,
				"seconds":	1.0009139776229858,
				"bytes":	1703936,
				"bits_per_second":	13619040.501734877,
				"retransmits":	0,
				"omitted":	false,
				"sender":	true
			}
		}],
	"end":	{
		"streams":	[{
				"sender":	{
					"socket":	5,
					"start":	0,
					"end":	10.002037,
					"seconds":	10.002037,
					"bytes":	33423360,
					"bits_per_second":	26733242.438515276,
					"retransmits":	1,
					"reorder":	0,
					"max_snd_cwnd":	982344,
					"max_snd_wnd":	976640,
					"max_rtt":	321687,
					"min_rtt":	34562,
					"mean_rtt":	132630,
					"sender":	true
				},
				"receiver":	{
					"socket":	5,
					"start":	0,
					"end":	10.106696,
					"seconds":	10.002037,
					"bytes":	30801920,
					"bits_per_second":	24381396.254522745,
					"sender":	true
				}
			}],
		"sum_sent":	{
			"start":	0,
			"end":	10.002037,
			"seconds":	10.002037,
			"bytes":	33423360,
			"bits_per_second":	26733242.438515276,
			"retransmits":	1,
			"sender":	true
		},
		"sum_received":	{
			"start":	0,
			"end":	10.106696,
			"seconds":	10.106696,
			"bytes":	30801920,
			"bits_per_second":	24381396.254522745,
			"sender":	true
		},
		"cpu_utilization_percent":	{
			"host_total":	0.28270859659115977,
			"host_user":	0,
			"host_system":	0.28270859659115977,
			"remote_total":	18.251882027090787,
			"remote_user":	0.235515083457856,
			"remote_system":	18.016357091506453
		},
		"sender_tcp_congestion":	"cubic",
		"receiver_tcp_congestion":	"cubic"
	}
}
{
	"start":	{
		"connected":	[{
				"socket":	5,
				"local_host":	"192.168.1.48",
				"local_port":	45170,
				"remote_host":	"192.168.1.58",
				"remote_port":	5201
			}],
		"version":	"iperf 3.20",
		"system_info":	"Linux kuroi-washi 6.19.11+kali-amd64 #1 SMP PREEMPT_DYNAMIC Kali 6.19.11-1kali1 (2026-04-09) x86_64",
		"timestamp":	{
			"time":	"Thu, 23 Apr 2026 22:24:55 GMT",
			"timesecs":	1776983095,
			"timemillisecs":	1776983095315
		},
		"connecting_to":	{
			"host":	"192.168.1.58",
			"port":	5201
		},
		"cookie":	"wy47rwgutbw4qlar76gwcdllvbkbxfnefzx6",
		"tcp_mss":	500,
		"target_bitrate":	0,
		"fq_rate":	0,
		"sock_bufsize":	0,
		"sndbuf_actual":	16384,
		"rcvbuf_actual":	131072,
		"test_start":	{
			"protocol":	"TCP",
			"num_streams":	1,
			"blksize":	131072,
			"omit":	0,
			"duration":	10,
			"bytes":	0,
			"blocks":	0,
			"reverse":	0,
			"tos":	0,
			"target_bitrate":	0,
			"bidir":	0,
			"fqrate":	0,
			"interval":	1
		}
	},
	"intervals":	[{
			"streams":	[{
					"socket":	5,
					"start":	0,
					"end":	1.001149,
					"seconds":	1.00114905834198,
					"bytes":	3932160,
					"bits_per_second":	31421175.236479707,
					"retransmits":	0,
					"snd_cwnd":	148840,
					"snd_wnd":	969728,
					"rtt":	47188,
					"rttvar":	4280,
					"pmtu":	1500,
					"reorder":	0,
					"omitted":	false,
					"sender":	true
				}],
			"sum":	{
				"start":	0,
				"end":	1.001149,
				"seconds":	1.00114905834198,
				"bytes":	3932160,
				"bits_per_second":	31421175.236479707,
				"retransmits":	0,
				"omitted":	false,
				"sender":	true
			}
		}, {
			"streams":	[{
					"socket":	5,
					"start":	1.001149,
					"end":	2.001148,
					"seconds":	0.99999898672103882,
					"bytes":	4456448,
					"bits_per_second":	35651620.1250366,
					"retransmits":	0,
					"snd_cwnd":	325008,
					"snd_wnd":	971712,
					"rtt":	71365,
					"rttvar":	7686,
					"pmtu":	1500,
					"reorder":	0,
					"omitted":	false,
					"sender":	true
				}],
			"sum":	{
				"start":	1.001149,
				"end":	2.001148,
				"seconds":	0.99999898672103882,
				"bytes":	4456448,
				"bits_per_second":	35651620.1250366,
				"retransmits":	0,
				"omitted":	false,
				"sender":	true
			}
		}, {
			"streams":	[{
					"socket":	5,
					"start":	2.001148,
					"end":	3.001143,
					"seconds":	0.999994993209839,
					"bytes":	3801088,
					"bits_per_second":	30408856.250762288,
					"retransmits":	0,
					"snd_cwnd":	491416,
					"snd_wnd":	973632,
					"rtt":	51394,
					"rttvar":	17432,
					"pmtu":	1500,
					"reorder":	0,
					"omitted":	false,
					"sender":	true
				}],
			"sum":	{
				"start":	2.001148,
				"end":	3.001143,
				"seconds":	0.999994993209839,
				"bytes":	3801088,
				"bits_per_second":	30408856.250762288,
				"retransmits":	0,
				"omitted":	false,
				"sender":	true
			}
		}, {
			"streams":	[{
					"socket":	5,
					"start":	3.001143,
					"end":	4.001142,
					"seconds":	0.99999898672103882,
					"bytes":	4456448,
					"bits_per_second":	35651620.1250366,
					"retransmits":	0,
					"snd_cwnd":	678320,
					"snd_wnd":	973632,
					"rtt":	93253,
					"rttvar":	5542,
					"pmtu":	1500,
					"reorder":	0,
					"omitted":	false,
					"sender":	true
				}],
			"sum":	{
				"start":	3.001143,
				"end":	4.001142,
				"seconds":	0.99999898672103882,
				"bytes":	4456448,
				"bits_per_second":	35651620.1250366,
				"retransmits":	0,
				"omitted":	false,
				"sender":	true
			}
		}, {
			"streams":	[{
					"socket":	5,
					"start":	4.001142,
					"end":	5.001105,
					"seconds":	0.99996298551559448,
					"bytes":	2883584,
					"bits_per_second":	23069525.906606913,
					"retransmits":	0,
					"snd_cwnd":	812032,
					"snd_wnd":	973632,
					"rtt":	132928,
					"rttvar":	6464,
					"pmtu":	1500,
					"reorder":	0,
					"omitted":	false,
					"sender":	true
				}],
			"sum":	{
				"start":	4.001142,
				"end":	5.001105,
				"seconds":	0.99996298551559448,
				"bytes":	2883584,
				"bits_per_second":	23069525.906606913,
				"retransmits":	0,
				"omitted":	false,
				"sender":	true
			}
		}, {
			"streams":	[{
					"socket":	5,
					"start":	5.001105,
					"end":	6.001144,
					"seconds":	1.0000389814376831,
					"bytes":	3538944,
					"bits_per_second":	28310448.418019213,
					"retransmits":	0,
					"snd_cwnd":	965264,
					"snd_wnd":	973632,
					"rtt":	39866,
					"rttvar":	6193,
					"pmtu":	1500,
					"reorder":	0,
					"omitted":	false,
					"sender":	true
				}],
			"sum":	{
				"start":	5.001105,
				"end":	6.001144,
				"seconds":	1.0000389814376831,
				"bytes":	3538944,
				"bits_per_second":	28310448.418019213,
				"retransmits":	0,
				"omitted":	false,
				"sender":	true
			}
		}, {
			"streams":	[{
					"socket":	5,
					"start":	6.001144,
					"end":	7.001146,
					"seconds":	1.0000020265579224,
					"bytes":	1441792,
					"bits_per_second":	11534312.625047371,
					"retransmits":	2,
					"snd_cwnd":	1021384,
					"snd_wnd":	973632,
					"rtt":	92016,
					"rttvar":	68828,
					"pmtu":	1500,
					"reorder":	0,
					"omitted":	false,
					"sender":	true
				}],
			"sum":	{
				"start":	6.001144,
				"end":	7.001146,
				"seconds":	1.0000020265579224,
				"bytes":	1441792,
				"bits_per_second":	11534312.625047371,
				"retransmits":	2,
				"omitted":	false,
				"sender":	true
			}
		}, {
			"streams":	[{
					"socket":	5,
					"start":	7.001146,
					"end":	8.001147,
					"seconds":	1.0000009536743164,
					"bytes":	3145728,
					"bits_per_second":	25165800.000022888,
					"retransmits":	175,
					"snd_cwnd":	742248,
					"snd_wnd":	973632,
					"rtt":	178736,
					"rttvar":	7584,
					"pmtu":	1500,
					"reorder":	0,
					"omitted":	false,
					"sender":	true
				}],
			"sum":	{
				"start":	7.001146,
				"end":	8.001147,
				"seconds":	1.0000009536743164,
				"bytes":	3145728,
				"bits_per_second":	25165800.000022888,
				"retransmits":	175,
				"omitted":	false,
				"sender":	true
			}
		}, {
			"streams":	[{
					"socket":	5,
					"start":	8.001147,
					"end":	9.001107,
					"seconds":	0.99996000528335571,
					"bytes":	3276800,
					"bits_per_second":	26215448.479433637,
					"retransmits":	1,
					"snd_cwnd":	573400,
					"snd_wnd":	973632,
					"rtt":	220597,
					"rttvar":	43304,
					"pmtu":	1500,
					"reorder":	0,
					"omitted":	false,
					"sender":	true
				}],
			"sum":	{
				"start":	8.001147,
				"end":	9.001107,
				"seconds":	0.99996000528335571,
				"bytes":	3276800,
				"bits_per_second":	26215448.479433637,
				"retransmits":	1,
				"omitted":	false,
				"sender":	true
			}
		}, {
			"streams":	[{
					"socket":	5,
					"start":	9.001107,
					"end":	10.002227,
					"seconds":	1.0011199712753296,
					"bytes":	3014656,
					"bits_per_second":	24090267.59228164,
					"retransmits":	0,
					"snd_cwnd":	612440,
					"snd_wnd":	973632,
					"rtt":	94859,
					"rttvar":	21828,
					"pmtu":	1500,
					"reorder":	0,
					"omitted":	false,
					"sender":	true
				}],
			"sum":	{
				"start":	9.001107,
				"end":	10.002227,
				"seconds":	1.0011199712753296,
				"bytes":	3014656,
				"bits_per_second":	24090267.59228164,
				"retransmits":	0,
				"omitted":	false,
				"sender":	true
			}
		}],
	"end":	{
		"streams":	[{
				"sender":	{
					"socket":	5,
					"start":	0,
					"end":	10.002227,
					"seconds":	10.002227,
					"bytes":	33947648,
					"bits_per_second":	27152071.633647189,
					"retransmits":	178,
					"reorder":	0,
					"max_snd_cwnd":	1021384,
					"max_snd_wnd":	973632,
					"max_rtt":	220597,
					"min_rtt":	39866,
					"mean_rtt":	102220,
					"sender":	true
				},
				"receiver":	{
					"socket":	5,
					"start":	0,
					"end":	10.093592,
					"seconds":	10.002227,
					"bytes":	30670848,
					"bits_per_second":	24309164.071620889,
					"sender":	true
				}
			}],
		"sum_sent":	{
			"start":	0,
			"end":	10.002227,
			"seconds":	10.002227,
			"bytes":	33947648,
			"bits_per_second":	27152071.633647189,
			"retransmits":	178,
			"sender":	true
		},
		"sum_received":	{
			"start":	0,
			"end":	10.093592,
			"seconds":	10.093592,
			"bytes":	30670848,
			"bits_per_second":	24309164.071620889,
			"sender":	true
		},
		"cpu_utilization_percent":	{
			"host_total":	0.29132042971949279,
			"host_user":	0.059933316236970686,
			"host_system":	0.23138711348252211,
			"remote_total":	18.048609221688569,
			"remote_user":	0.071166148194871742,
			"remote_system":	17.977413478477814
		},
		"sender_tcp_congestion":	"cubic",
		"receiver_tcp_congestion":	"cubic"
	}
}
