{
	"start":	{
		"connected":	[{
				"socket":	5,
				"local_host":	"192.168.1.48",
				"local_port":	34512,
				"remote_host":	"192.168.1.58",
				"remote_port":	5201
			}],
		"version":	"iperf 3.20",
		"system_info":	"Linux kuroi-washi 6.19.11+kali-amd64 #1 SMP PREEMPT_DYNAMIC Kali 6.19.11-1kali1 (2026-04-09) x86_64",
		"timestamp":	{
			"time":	"Thu, 23 Apr 2026 22:16:14 GMT",
			"timesecs":	1776982574,
			"timemillisecs":	1776982574692
		},
		"connecting_to":	{
			"host":	"192.168.1.58",
			"port":	5201
		},
		"cookie":	"mvgq4hn3yebujqk36y4nqcttvjyf4ykutnp4",
		"tcp_mss":	88,
		"target_bitrate":	0,
		"fq_rate":	0,
		"sock_bufsize":	0,
		"sndbuf_actual":	16384,
		"rcvbuf_actual":	131072,
		"test_start":	{
			"protocol":	"TCP",
			"num_streams":	1,
			"blksize":	131072,
			"omit":	0,
			"duration":	10,
			"bytes":	0,
			"blocks":	0,
			"reverse":	0,
			"tos":	0,
			"target_bitrate":	0,
			"bidir":	0,
			"fqrate":	0,
			"interval":	1
		}
	},
	"intervals":	[{
			"streams":	[{
					"socket":	5,
					"start":	0,
					"end":	1.001209,
					"seconds":	1.001209020614624,
					"bytes":	786432,
					"bits_per_second":	6283858.685310076,
					"retransmits":	0,
					"snd_cwnd":	29032,
					"snd_wnd":	65472,
					"rtt":	73591,
					"rttvar":	6584,
					"pmtu":	1500,
					"reorder":	0,
					"omitted":	false,
					"sender":	true
				}],
			"sum":	{
				"start":	0,
				"end":	1.001209,
				"seconds":	1.001209020614624,
				"bytes":	786432,
				"bits_per_second":	6283858.685310076,
				"retransmits":	0,
				"omitted":	false,
				"sender":	true
			}
		}, {
			"streams":	[{
					"socket":	5,
					"start":	1.001209,
					"end":	2.001202,
					"seconds":	0.99999302625656128,
					"bytes":	917504,
					"bits_per_second":	7340083.18785697,
					"retransmits":	0,
					"snd_cwnd":	45752,
					"snd_wnd":	65472,
					"rtt":	116937,
					"rttvar":	2036,
					"pmtu":	1500,
					"reorder":	0,
					"omitted":	false,
					"sender":	true
				}],
			"sum":	{
				"start":	1.001209,
				"end":	2.001202,
				"seconds":	0.99999302625656128,
				"bytes":	917504,
				"bits_per_second":	7340083.18785697,
				"retransmits":	0,
				"omitted":	false,
				"sender":	true
			}
		}, {
			"streams":	[{
					"socket":	5,
					"start":	2.001202,
					"end":	3.001141,
					"seconds":	0.99993902444839478,
					"bytes":	524288,
					"bits_per_second":	4194559.7655954482,
					"retransmits":	0,
					"snd_cwnd":	61332,
					"snd_wnd":	65472,
					"rtt":	176609,
					"rttvar":	2795,
					"pmtu":	1500,
					"reorder":	0,
					"omitted":	false,
					"sender":	true
				}],
			"sum":	{
				"start":	2.001202,
				"end":	3.001141,
				"seconds":	0.99993902444839478,
				"bytes":	524288,
				"bits_per_second":	4194559.7655954482,
				"retransmits":	0,
				"omitted":	false,
				"sender":	true
			}
		}, {
			"streams":	[{
					"socket":	5,
					"start":	3.001141,
					"end":	4.001182,
					"seconds":	1.0000410079956055,
					"bytes":	786432,
					"bits_per_second":	6291198.01057963,
					"retransmits":	0,
					"snd_cwnd":	68856,
					"snd_wnd":	65472,
					"rtt":	190793,
					"rttvar":	2825,
					"pmtu":	1500,
					"reorder":	0,
					"omitted":	false,
					"sender":	true
				}],
			"sum":	{
				"start":	3.001141,
				"end":	4.001182,
				"seconds":	1.0000410079956055,
				"bytes":	786432,
				"bits_per_second":	6291198.01057963,
				"retransmits":	0,
				"omitted":	false,
				"sender":	true
			}
		}, {
			"streams":	[{
					"socket":	5,
					"start":	4.001182,
					"end":	5.001179,
					"seconds":	0.99999701976776123,
					"bytes":	0,
					"bits_per_second":	0,
					"retransmits":	0,
					"snd_cwnd":	68856,
					"snd_wnd":	65472,
					"rtt":	188286,
					"rttvar":	2124,
					"pmtu":	1500,
					"reorder":	0,
					"omitted":	false,
					"sender":	true
				}],
			"sum":	{
				"start":	4.001182,
				"end":	5.001179,
				"seconds":	0.99999701976776123,
				"bytes":	0,
				"bits_per_second":	0,
				"retransmits":	0,
				"omitted":	false,
				"sender":	true
			}
		}, {
			"streams":	[{
					"socket":	5,
					"start":	5.001179,
					"end":	6.001144,
					"seconds":	0.999965012073517,
					"bytes":	786432,
					"bits_per_second":	6291676.1327019865,
					"retransmits":	0,
					"snd_cwnd":	68856,
					"snd_wnd":	65472,
					"rtt":	194575,
					"rttvar":	2198,
					"pmtu":	1500,
					"reorder":	0,
					"omitted":	false,
					"sender":	true
				}],
			"sum":	{
				"start":	5.001179,
				"end":	6.001144,
				"seconds":	0.999965012073517,
				"bytes":	786432,
				"bits_per_second":	6291676.1327019865,
				"retransmits":	0,
				"omitted":	false,
				"sender":	true
			}
		}, {
			"streams":	[{
					"socket":	5,
					"start":	6.001144,
					"end":	7.001175,
					"seconds":	1.0000309944152832,
					"bytes":	0,
					"bits_per_second":	0,
					"retransmits":	0,
					"snd_cwnd":	68856,
					"snd_wnd":	65472,
					"rtt":	185792,
					"rttvar":	1849,
					"pmtu":	1500,
					"reorder":	0,
					"omitted":	false,
					"sender":	true
				}],
			"sum":	{
				"start":	6.001144,
				"end":	7.001175,
				"seconds":	1.0000309944152832,
				"bytes":	0,
				"bits_per_second":	0,
				"retransmits":	0,
				"omitted":	false,
				"sender":	true
			}
		}, {
			"streams":	[{
					"socket":	5,
					"start":	7.001175,
					"end":	8.001172,
					"seconds":	0.99999701976776123,
					"bytes":	655360,
					"bits_per_second":	5242895.6250465661,
					"retransmits":	0,
					"snd_cwnd":	68856,
					"snd_wnd":	65472,
					"rtt":	184026,
					"rttvar":	3670,
					"pmtu":	1500,
					"reorder":	0,
					"omitted":	false,
					"sender":	true
				}],
			"sum":	{
				"start":	7.001175,
				"end":	8.001172,
				"seconds":	0.99999701976776123,
				"bytes":	655360,
				"bits_per_second":	5242895.6250465661,
				"retransmits":	0,
				"omitted":	false,
				"sender":	true
			}
		}, {
			"streams":	[{
					"socket":	5,
					"start":	8.001172,
					"end":	9.001174,
					"seconds":	1.0000020265579224,
					"bytes":	0,
					"bits_per_second":	0,
					"retransmits":	0,
					"snd_cwnd":	68856,
					"snd_wnd":	65472,
					"rtt":	186499,
					"rttvar":	1251,
					"pmtu":	1500,
					"reorder":	0,
					"omitted":	false,
					"sender":	true
				}],
			"sum":	{
				"start":	8.001172,
				"end":	9.001174,
				"seconds":	1.0000020265579224,
				"bytes":	0,
				"bits_per_second":	0,
				"retransmits":	0,
				"omitted":	false,
				"sender":	true
			}
		}, {
			"streams":	[{
					"socket":	5,
					"start":	9.001174,
					"end":	10.002062,
					"seconds":	1.0008879899978638,
					"bytes":	786432,
					"bits_per_second":	6285874.20657673,
					"retransmits":	0,
					"snd_cwnd":	68856,
					"snd_wnd":	65472,
					"rtt":	189948,
					"rttvar":	2725,
					"pmtu":	1500,
					"reorder":	0,
					"omitted":	false,
					"sender":	true
				}],
			"sum":	{
				"start":	9.001174,
				"end":	10.002062,
				"seconds":	1.0008879899978638,
				"bytes":	786432,
				"bits_per_second":	6285874.20657673,
				"retransmits":	0,
				"omitted":	false,
				"sender":	true
			}
		}],
	"end":	{
		"streams":	[{
				"sender":	{
					"socket":	5,
					"start":	0,
					"end":	10.002062,
					"seconds":	10.002062,
					"bytes":	5242880,
					"bits_per_second":	4193439.3128136978,
					"retransmits":	0,
					"reorder":	0,
					"max_snd_cwnd":	68856,
					"max_snd_wnd":	65472,
					"max_rtt":	194575,
					"min_rtt":	73591,
					"mean_rtt":	168705,
					"sender":	true
				},
				"receiver":	{
					"socket":	5,
					"start":	0,
					"end":	10.184391,
					"seconds":	10.002062,
					"bytes":	3276800,
					"bits_per_second":	2573978.1593224378,
					"sender":	true
				}
			}],
		"sum_sent":	{
			"start":	0,
			"end":	10.002062,
			"seconds":	10.002062,
			"bytes":	5242880,
			"bits_per_second":	4193439.3128136978,
			"retransmits":	0,
			"sender":	true
		},
		"sum_received":	{
			"start":	0,
			"end":	10.184391,
			"seconds":	10.184391,
			"bytes":	3276800,
			"bits_per_second":	2573978.1593224378,
			"sender":	true
		},
		"cpu_utilization_percent":	{
			"host_total":	0.094142170660753338,
			"host_user":	0.054135201259228,
			"host_system":	0.03998723723412631,
			"remote_total":	0.022078587310069158,
			"remote_user":	9.7248575099617452e-05,
			"remote_system":	0.021981265228865916
		},
		"sender_tcp_congestion":	"cubic",
		"receiver_tcp_congestion":	"cubic"
	}
}
{
	"start":	{
		"connected":	[{
				"socket":	5,
				"local_host":	"192.168.1.48",
				"local_port":	55722,
				"remote_host":	"192.168.1.58",
				"remote_port":	5201
			}],
		"version":	"iperf 3.20",
		"system_info":	"Linux kuroi-washi 6.19.11+kali-amd64 #1 SMP PREEMPT_DYNAMIC Kali 6.19.11-1kali1 (2026-04-09) x86_64",
		"timestamp":	{
			"time":	"Thu, 23 Apr 2026 22:16:25 GMT",
			"timesecs":	1776982585,
			"timemillisecs":	1776982585319
		},
		"connecting_to":	{
			"host":	"192.168.1.58",
			"port":	5201
		},
		"cookie":	"k7uhccnjvcmy7k4kd7rjre6dc2xo3ip4hleu",
		"tcp_mss":	88,
		"target_bitrate":	0,
		"fq_rate":	0,
		"sock_bufsize":	0,
		"sndbuf_actual":	16384,
		"rcvbuf_actual":	131072,
		"test_start":	{
			"protocol":	"TCP",
			"num_streams":	1,
			"blksize":	131072,
			"omit":	0,
			"duration":	10,
			"bytes":	0,
			"blocks":	0,
			"reverse":	0,
			"tos":	0,
			"target_bitrate":	0,
			"bidir":	0,
			"fqrate":	0,
			"interval":	1
		}
	},
	"intervals":	[{
			"streams":	[{
					"socket":	5,
					"start":	0,
					"end":	1.001156,
					"seconds":	1.0011559724807739,
					"bytes":	1048576,
					"bits_per_second":	8378922.1965222741,
					"retransmits":	0,
					"snd_cwnd":	33288,
					"snd_wnd":	65472,
					"rtt":	88024,
					"rttvar":	5021,
					"pmtu":	1500,
					"reorder":	0,
					"omitted":	false,
					"sender":	true
				}],
			"sum":	{
				"start":	0,
				"end":	1.001156,
				"seconds":	1.0011559724807739,
				"bytes":	1048576,
				"bits_per_second":	8378922.1965222741,
				"retransmits":	0,
				"omitted":	false,
				"sender":	true
			}
		}, {
			"streams":	[{
					"socket":	5,
					"start":	1.001156,
					"end":	2.001155,
					"seconds":	0.99999898672103882,
					"bytes":	917504,
					"bits_per_second":	7340039.4375075363,
					"retransmits":	0,
					"snd_cwnd":	47728,
					"snd_wnd":	65472,
					"rtt":	132574,
					"rttvar":	1816,
					"pmtu":	1500,
					"reorder":	0,
					"omitted":	false,
					"sender":	true
				}],
			"sum":	{
				"start":	1.001156,
				"end":	2.001155,
				"seconds":	0.99999898672103882,
				"bytes":	917504,
				"bits_per_second":	7340039.4375075363,
				"retransmits":	0,
				"omitted":	false,
				"sender":	true
			}
		}, {
			"streams":	[{
					"socket":	5,
					"start":	2.001155,
					"end":	3.001156,
					"seconds":	1.0000009536743164,
					"bytes":	655360,
					"bits_per_second":	5242875.0000047684,
					"retransmits":	0,
					"snd_cwnd":	63992,
					"snd_wnd":	65472,
					"rtt":	189107,
					"rttvar":	1869,
					"pmtu":	1500,
					"reorder":	0,
					"omitted":	false,
					"sender":	true
				}],
			"sum":	{
				"start":	2.001155,
				"end":	3.001156,
				"seconds":	1.0000009536743164,
				"bytes":	655360,
				"bits_per_second":	5242875.0000047684,
				"retransmits":	0,
				"omitted":	false,
				"sender":	true
			}
		}, {
			"streams":	[{
					"socket":	5,
					"start":	3.001156,
					"end":	4.001158,
					"seconds":	1.0000020265579224,
					"bytes":	786432,
					"bits_per_second":	6291443.25002584,
					"retransmits":	0,
					"snd_cwnd":	68628,
					"snd_wnd":	65472,
					"rtt":	178192,
					"rttvar":	7507,
					"pmtu":	1500,
					"reorder":	0,
					"omitted":	false,
					"sender":	true
				}],
			"sum":	{
				"start":	3.001156,
				"end":	4.001158,
				"seconds":	1.0000020265579224,
				"bytes":	786432,
				"bits_per_second":	6291443.25002584,
				"retransmits":	0,
				"omitted":	false,
				"sender":	true
			}
		}, {
			"streams":	[{
					"socket":	5,
					"start":	4.001158,
					"end":	5.001121,
					"seconds":	0.99996298551559448,
					"bytes":	0,
					"bits_per_second":	0,
					"retransmits":	0,
					"snd_cwnd":	68628,
					"snd_wnd":	65472,
					"rtt":	167921,
					"rttvar":	3083,
					"pmtu":	1500,
					"reorder":	0,
					"omitted":	false,
					"sender":	true
				}],
			"sum":	{
				"start":	4.001158,
				"end":	5.001121,
				"seconds":	0.99996298551559448,
				"bytes":	0,
				"bits_per_second":	0,
				"retransmits":	0,
				"omitted":	false,
				"sender":	true
			}
		}, {
			"streams":	[{
					"socket":	5,
					"start":	5.001121,
					"end":	6.001208,
					"seconds":	1.0000870227813721,
					"bytes":	0,
					"bits_per_second":	0,
					"retransmits":	0,
					"snd_cwnd":	68628,
					"snd_wnd":	65472,
					"rtt":	184446,
					"rttvar":	1826,
					"pmtu":	1500,
					"reorder":	0,
					"omitted":	false,
					"sender":	true
				}],
			"sum":	{
				"start":	5.001121,
				"end":	6.001208,
				"seconds":	1.0000870227813721,
				"bytes":	0,
				"bits_per_second":	0,
				"retransmits":	0,
				"omitted":	false,
				"sender":	true
			}
		}, {
			"streams":	[{
					"socket":	5,
					"start":	6.001208,
					"end":	7.001071,
					"seconds":	0.999863028526306,
					"bytes":	786432,
					"bits_per_second":	6292317.8680513371,
					"retransmits":	0,
					"snd_cwnd":	68628,
					"snd_wnd":	65472,
					"rtt":	203226,
					"rttvar":	5617,
					"pmtu":	1500,
					"reorder":	0,
					"omitted":	false,
					"sender":	true
				}],
			"sum":	{
				"start":	6.001208,
				"end":	7.001071,
				"seconds":	0.999863028526306,
				"bytes":	786432,
				"bits_per_second":	6292317.8680513371,
				"retransmits":	0,
				"omitted":	false,
				"sender":	true
			}
		}, {
			"streams":	[{
					"socket":	5,
					"start":	7.001071,
					"end":	8.00115,
					"seconds":	1.0000790357589722,
					"bytes":	0,
					"bits_per_second":	0,
					"retransmits":	0,
					"snd_cwnd":	68628,
					"snd_wnd":	65472,
					"rtt":	188624,
					"rttvar":	9823,
					"pmtu":	1500,
					"reorder":	0,
					"omitted":	false,
					"sender":	true
				}],
			"sum":	{
				"start":	7.001071,
				"end":	8.00115,
				"seconds":	1.0000790357589722,
				"bytes":	0,
				"bits_per_second":	0,
				"retransmits":	0,
				"omitted":	false,
				"sender":	true
			}
		}, {
			"streams":	[{
					"socket":	5,
					"start":	8.00115,
					"end":	9.001151,
					"seconds":	1.0000009536743164,
					"bytes":	655360,
					"bits_per_second":	5242875.0000047684,
					"retransmits":	0,
					"snd_cwnd":	68628,
					"snd_wnd":	65472,
					"rtt":	191222,
					"rttvar":	2592,
					"pmtu":	1500,
					"reorder":	0,
					"omitted":	false,
					"sender":	true
				}],
			"sum":	{
				"start":	8.00115,
				"end":	9.001151,
				"seconds":	1.0000009536743164,
				"bytes":	655360,
				"bits_per_second":	5242875.0000047684,
				"retransmits":	0,
				"omitted":	false,
				"sender":	true
			}
		}, {
			"streams":	[{
					"socket":	5,
					"start":	9.001151,
					"end":	10.002051,
					"seconds":	1.0009000301361084,
					"bytes":	0,
					"bits_per_second":	0,
					"retransmits":	0,
					"snd_cwnd":	68628,
					"snd_wnd":	65472,
					"rtt":	192425,
					"rttvar":	16255,
					"pmtu":	1500,
					"reorder":	0,
					"omitted":	false,
					"sender":	true
				}],
			"sum":	{
				"start":	9.001151,
				"end":	10.002051,
				"seconds":	1.0009000301361084,
				"bytes":	0,
				"bits_per_second":	0,
				"retransmits":	0,
				"omitted":	false,
				"sender":	true
			}
		}],
	"end":	{
		"streams":	[{
				"sender":	{
					"socket":	5,
					"start":	0,
					"end":	10.002051,
					"seconds":	10.002051,
					"bytes":	4849664,
					"bits_per_second":	3878935.6303022252,
					"retransmits":	0,
					"reorder":	0,
					"max_snd_cwnd":	68628,
					"max_snd_wnd":	65472,
					"max_rtt":	203226,
					"min_rtt":	88024,
					"mean_rtt":	171576,
					"sender":	true
				},
				"receiver":	{
					"socket":	5,
					"start":	0,
					"end":	10.229145,
					"seconds":	10.002051,
					"bytes":	3407872,
					"bits_per_second":	2665225.2949782214,
					"sender":	true
				}
			}],
		"sum_sent":	{
			"start":	0,
			"end":	10.002051,
			"seconds":	10.002051,
			"bytes":	4849664,
			"bits_per_second":	3878935.6303022252,
			"retransmits":	0,
			"sender":	true
		},
		"sum_received":	{
			"start":	0,
			"end":	10.229145,
			"seconds":	10.229145,
			"bytes":	3407872,
			"bits_per_second":	2665225.2949782214,
			"sender":	true
		},
		"cpu_utilization_percent":	{
			"host_total":	0.088143904292837763,
			"host_user":	0,
			"host_system":	0.088153844960966,
			"remote_total":	2.926586408394463,
			"remote_user":	0.10046802995742128,
			"remote_system":	2.8261183784370418
		},
		"sender_tcp_congestion":	"cubic",
		"receiver_tcp_congestion":	"cubic"
	}
}
{
	"start":	{
		"connected":	[{
				"socket":	5,
				"local_host":	"192.168.1.48",
				"local_port":	55908,
				"remote_host":	"192.168.1.58",
				"remote_port":	5201
			}],
		"version":	"iperf 3.20",
		"system_info":	"Linux kuroi-washi 6.19.11+kali-amd64 #1 SMP PREEMPT_DYNAMIC Kali 6.19.11-1kali1 (2026-04-09) x86_64",
		"timestamp":	{
			"time":	"Thu, 23 Apr 2026 22:16:35 GMT",
			"timesecs":	1776982595,
			"timemillisecs":	1776982595945
		},
		"connecting_to":	{
			"host":	"192.168.1.58",
			"port":	5201
		},
		"cookie":	"qz573dijxloyangkjt2moqs7wbrva6nsazh7",
		"tcp_mss":	88,
		"target_bitrate":	0,
		"fq_rate":	0,
		"sock_bufsize":	0,
		"sndbuf_actual":	16384,
		"rcvbuf_actual":	131072,
		"test_start":	{
			"protocol":	"TCP",
			"num_streams":	1,
			"blksize":	131072,
			"omit":	0,
			"duration":	10,
			"bytes":	0,
			"blocks":	0,
			"reverse":	0,
			"tos":	0,
			"target_bitrate":	0,
			"bidir":	0,
			"fqrate":	0,
			"interval":	1
		}
	},
	"intervals":	[{
			"streams":	[{
					"socket":	5,
					"start":	0,
					"end":	1.000879,
					"seconds":	1.0008790493011475,
					"bytes":	1179648,
					"bits_per_second":	9428895.5359685142,
					"retransmits":	0,
					"snd_cwnd":	30248,
					"snd_wnd":	65472,
					"rtt":	82912,
					"rttvar":	2156,
					"pmtu":	1500,
					"reorder":	0,
					"omitted":	false,
					"sender":	true
				}],
			"sum":	{
				"start":	0,
				"end":	1.000879,
				"seconds":	1.0008790493011475,
				"bytes":	1179648,
				"bits_per_second":	9428895.5359685142,
				"retransmits":	0,
				"omitted":	false,
				"sender":	true
			}
		}, {
			"streams":	[{
					"socket":	5,
					"start":	1.000879,
					"end":	2.001138,
					"seconds":	1.0002590417861938,
					"bytes":	393216,
					"bits_per_second":	3144913.3360320092,
					"retransmits":	0,
					"snd_cwnd":	46512,
					"snd_wnd":	65472,
					"rtt":	133702,
					"rttvar":	4020,
					"pmtu":	1500,
					"reorder":	0,
					"omitted":	false,
					"sender":	true
				}],
			"sum":	{
				"start":	1.000879,
				"end":	2.001138,
				"seconds":	1.0002590417861938,
				"bytes":	393216,
				"bits_per_second":	3144913.3360320092,
				"retransmits":	0,
				"omitted":	false,
				"sender":	true
			}
		}, {
			"streams":	[{
					"socket":	5,
					"start":	2.001138,
					"end":	3.001116,
					"seconds":	0.999978005886078,
					"bytes":	1179648,
					"bits_per_second":	9437391.5670652539,
					"retransmits":	0,
					"snd_cwnd":	62700,
					"snd_wnd":	65472,
					"rtt":	187731,
					"rttvar":	6013,
					"pmtu":	1500,
					"reorder":	0,
					"omitted":	false,
					"sender":	true
				}],
			"sum":	{
				"start":	2.001138,
				"end":	3.001116,
				"seconds":	0.999978005886078,
				"bytes":	1179648,
				"bits_per_second":	9437391.5670652539,
				"retransmits":	0,
				"omitted":	false,
				"sender":	true
			}
		}, {
			"streams":	[{
					"socket":	5,
					"start":	3.001116,
					"end":	4.001121,
					"seconds":	1.0000050067901611,
					"bytes":	0,
					"bits_per_second":	0,
					"retransmits":	0,
					"snd_cwnd":	68780,
					"snd_wnd":	65472,
					"rtt":	193607,
					"rttvar":	16248,
					"pmtu":	1500,
					"reorder":	0,
					"omitted":	false,
					"sender":	true
				}],
			"sum":	{
				"start":	3.001116,
				"end":	4.001121,
				"seconds":	1.0000050067901611,
				"bytes":	0,
				"bits_per_second":	0,
				"retransmits":	0,
				"omitted":	false,
				"sender":	true
			}
		}, {
			"streams":	[{
					"socket":	5,
					"start":	4.001121,
					"end":	5.00106,
					"seconds":	0.99993902444839478,
					"bytes":	786432,
					"bits_per_second":	6291839.6483931728,
					"retransmits":	0,
					"snd_cwnd":	68780,
					"snd_wnd":	65472,
					"rtt":	200301,
					"rttvar":	7328,
					"pmtu":	1500,
					"reorder":	0,
					"omitted":	false,
					"sender":	true
				}],
			"sum":	{
				"start":	4.001121,
				"end":	5.00106,
				"seconds":	0.99993902444839478,
				"bytes":	786432,
				"bits_per_second":	6291839.6483931728,
				"retransmits":	0,
				"omitted":	false,
				"sender":	true
			}
		}, {
			"streams":	[{
					"socket":	5,
					"start":	5.00106,
					"end":	6.00113,
					"seconds":	1.0000699758529663,
					"bytes":	0,
					"bits_per_second":	0,
					"retransmits":	0,
					"snd_cwnd":	68780,
					"snd_wnd":	65472,
					"rtt":	183090,
					"rttvar":	3907,
					"pmtu":	1500,
					"reorder":	0,
					"omitted":	false,
					"sender":	true
				}],
			"sum":	{
				"start":	5.00106,
				"end":	6.00113,
				"seconds":	1.0000699758529663,
				"bytes":	0,
				"bits_per_second":	0,
				"retransmits":	0,
				"omitted":	false,
				"sender":	true
			}
		}, {
			"streams":	[{
					"socket":	5,
					"start":	6.00113,
					"end":	7.000823,
					"seconds":	0.999692976474762,
					"bytes":	786432,
					"bits_per_second":	6293388.2182364548,
					"retransmits":	0,
					"snd_cwnd":	68780,
					"snd_wnd":	65472,
					"rtt":	182485,
					"rttvar":	2607,
					"pmtu":	1500,
					"reorder":	0,
					"omitted":	false,
					"sender":	true
				}],
			"sum":	{
				"start":	6.00113,
				"end":	7.000823,
				"seconds":	0.999692976474762,
				"bytes":	786432,
				"bits_per_second":	6293388.2182364548,
				"retransmits":	0,
				"omitted":	false,
				"sender":	true
			}
		}, {
			"streams":	[{
					"socket":	5,
					"start":	7.000823,
					"end":	8.000891,
					"seconds":	1.0000679492950439,
					"bytes":	0,
					"bits_per_second":	0,
					"retransmits":	0,
					"snd_cwnd":	68780,
					"snd_wnd":	65472,
					"rtt":	181764,
					"rttvar":	2962,
					"pmtu":	1500,
					"reorder":	0,
					"omitted":	false,
					"sender":	true
				}],
			"sum":	{
				"start":	7.000823,
				"end":	8.000891,
				"seconds":	1.0000679492950439,
				"bytes":	0,
				"bits_per_second":	0,
				"retransmits":	0,
				"omitted":	false,
				"sender":	true
			}
		}, {
			"streams":	[{
					"socket":	5,
					"start":	8.000891,
					"end":	9.001141,
					"seconds":	1.000249981880188,
					"bytes":	786432,
					"bits_per_second":	6289883.6430607438,
					"retransmits":	0,
					"snd_cwnd":	68780,
					"snd_wnd":	65472,
					"rtt":	184727,
					"rttvar":	3117,
					"pmtu":	1500,
					"reorder":	0,
					"omitted":	false,
					"sender":	true
				}],
			"sum":	{
				"start":	8.000891,
				"end":	9.001141,
				"seconds":	1.000249981880188,
				"bytes":	786432,
				"bits_per_second":	6289883.6430607438,
				"retransmits":	0,
				"omitted":	false,
				"sender":	true
			}
		}, {
			"streams":	[{
					"socket":	5,
					"start":	9.001141,
					"end":	10.001285,
					"seconds":	1.0001440048217773,
					"bytes":	0,
					"bits_per_second":	0,
					"retransmits":	0,
					"snd_cwnd":	68780,
					"snd_wnd":	65472,
					"rtt":	185361,
					"rttvar":	5358,
					"pmtu":	1500,
					"reorder":	0,
					"omitted":	false,
					"sender":	true
				}],
			"sum":	{
				"start":	9.001141,
				"end":	10.001285,
				"seconds":	1.0001440048217773,
				"bytes":	0,
				"bits_per_second":	0,
				"retransmits":	0,
				"omitted":	false,
				"sender":	true
			}
		}],
	"end":	{
		"streams":	[{
				"sender":	{
					"socket":	5,
					"start":	0,
					"end":	10.001285,
					"seconds":	10.001285,
					"bytes":	5111808,
					"bits_per_second":	4088920.9736548858,
					"retransmits":	0,
					"reorder":	0,
					"max_snd_cwnd":	68780,
					"max_snd_wnd":	65472,
					"max_rtt":	200301,
					"min_rtt":	82912,
					"mean_rtt":	171568,
					"sender":	true
				},
				"receiver":	{
					"socket":	5,
					"start":	0,
					"end":	10.153516,
					"seconds":	10.001285,
					"bytes":	3407872,
					"bits_per_second":	2685077.366303456,
					"sender":	true
				}
			}],
		"sum_sent":	{
			"start":	0,
			"end":	10.001285,
			"seconds":	10.001285,
			"bytes":	5111808,
			"bits_per_second":	4088920.9736548858,
			"retransmits":	0,
			"sender":	true
		},
		"sum_received":	{
			"start":	0,
			"end":	10.153516,
			"seconds":	10.153516,
			"bytes":	3407872,
			"bits_per_second":	2685077.366303456,
			"sender":	true
		},
		"cpu_utilization_percent":	{
			"host_total":	0.088939754490916262,
			"host_user":	0,
			"host_system":	0.088900022637223644,
			"remote_total":	2.9996728007617457,
			"remote_user":	0.022012654776172483,
			"remote_system":	2.9776405356026991
		},
		"sender_tcp_congestion":	"cubic",
		"receiver_tcp_congestion":	"cubic"
	}
}
{
	"start":	{
		"connected":	[{
				"socket":	5,
				"local_host":	"192.168.1.48",
				"local_port":	60322,
				"remote_host":	"192.168.1.58",
				"remote_port":	5201
			}],
		"version":	"iperf 3.20",
		"system_info":	"Linux kuroi-washi 6.19.11+kali-amd64 #1 SMP PREEMPT_DYNAMIC Kali 6.19.11-1kali1 (2026-04-09) x86_64",
		"timestamp":	{
			"time":	"Thu, 23 Apr 2026 22:16:46 GMT",
			"timesecs":	1776982606,
			"timemillisecs":	1776982606540
		},
		"connecting_to":	{
			"host":	"192.168.1.58",
			"port":	5201
		},
		"cookie":	"p4gampcz4ypid6xaquyyv7oa4cuslx4simbn",
		"tcp_mss":	88,
		"target_bitrate":	0,
		"fq_rate":	0,
		"sock_bufsize":	0,
		"sndbuf_actual":	16384,
		"rcvbuf_actual":	131072,
		"test_start":	{
			"protocol":	"TCP",
			"num_streams":	1,
			"blksize":	131072,
			"omit":	0,
			"duration":	10,
			"bytes":	0,
			"blocks":	0,
			"reverse":	0,
			"tos":	0,
			"target_bitrate":	0,
			"bidir":	0,
			"fqrate":	0,
			"interval":	1
		}
	},
	"intervals":	[{
			"streams":	[{
					"socket":	5,
					"start":	0,
					"end":	1.001099,
					"seconds":	1.0010989904403687,
					"bytes":	1179648,
					"bits_per_second":	9426824.01052939,
					"retransmits":	0,
					"snd_cwnd":	30096,
					"snd_wnd":	65472,
					"rtt":	92250,
					"rttvar":	3890,
					"pmtu":	1500,
					"reorder":	0,
					"omitted":	false,
					"sender":	true
				}],
			"sum":	{
				"start":	0,
				"end":	1.001099,
				"seconds":	1.0010989904403687,
				"bytes":	1179648,
				"bits_per_second":	9426824.01052939,
				"retransmits":	0,
				"omitted":	false,
				"sender":	true
			}
		}, {
			"streams":	[{
					"socket":	5,
					"start":	1.001099,
					"end":	2.001038,
					"seconds":	0.99993902444839478,
					"bytes":	393216,
					"bits_per_second":	3145919.8241965864,
					"retransmits":	0,
					"snd_cwnd":	46132,
					"snd_wnd":	65472,
					"rtt":	112544,
					"rttvar":	5818,
					"pmtu":	1500,
					"reorder":	0,
					"omitted":	false,
					"sender":	true
				}],
			"sum":	{
				"start":	1.001099,
				"end":	2.001038,
				"seconds":	0.99993902444839478,
				"bytes":	393216,
				"bits_per_second":	3145919.8241965864,
				"retransmits":	0,
				"omitted":	false,
				"sender":	true
			}
		}, {
			"streams":	[{
					"socket":	5,
					"start":	2.001038,
					"end":	3.001034,
					"seconds":	0.9999960064888,
					"bytes":	1179648,
					"bits_per_second":	9437221.6876505055,
					"retransmits":	0,
					"snd_cwnd":	62624,
					"snd_wnd":	65472,
					"rtt":	168641,
					"rttvar":	3414,
					"pmtu":	1500,
					"reorder":	0,
					"omitted":	false,
					"sender":	true
				}],
			"sum":	{
				"start":	2.001038,
				"end":	3.001034,
				"seconds":	0.9999960064888,
				"bytes":	1179648,
				"bits_per_second":	9437221.6876505055,
				"retransmits":	0,
				"omitted":	false,
				"sender":	true
			}
		}, {
			"streams":	[{
					"socket":	5,
					"start":	3.001034,
					"end":	4.001042,
					"seconds":	1.0000079870224,
					"bytes":	0,
					"bits_per_second":	0,
					"retransmits":	0,
					"snd_cwnd":	68780,
					"snd_wnd":	65472,
					"rtt":	189448,
					"rttvar":	4038,
					"pmtu":	1500,
					"reorder":	0,
					"omitted":	false,
					"sender":	true
				}],
			"sum":	{
				"start":	3.001034,
				"end":	4.001042,
				"seconds":	1.0000079870224,
				"bytes":	0,
				"bits_per_second":	0,
				"retransmits":	0,
				"omitted":	false,
				"sender":	true
			}
		}, {
			"streams":	[{
					"socket":	5,
					"start":	4.001042,
					"end":	5.001048,
					"seconds":	1.0000059604644775,
					"bytes":	786432,
					"bits_per_second":	6291418.5002235165,
					"retransmits":	0,
					"snd_cwnd":	68780,
					"snd_wnd":	65472,
					"rtt":	189118,
					"rttvar":	3501,
					"pmtu":	1500,
					"reorder":	0,
					"omitted":	false,
					"sender":	true
				}],
			"sum":	{
				"start":	4.001042,
				"end":	5.001048,
				"seconds":	1.0000059604644775,
				"bytes":	786432,
				"bits_per_second":	6291418.5002235165,
				"retransmits":	0,
				"omitted":	false,
				"sender":	true
			}
		}, {
			"streams":	[{
					"socket":	5,
					"start":	5.001048,
					"end":	6.001071,
					"seconds":	1.0000230073928833,
					"bytes":	0,
					"bits_per_second":	0,
					"retransmits":	0,
					"snd_cwnd":	68780,
					"snd_wnd":	65472,
					"rtt":	192084,
					"rttvar":	2748,
					"pmtu":	1500,
					"reorder":	0,
					"omitted":	false,
					"sender":	true
				}],
			"sum":	{
				"start":	5.001048,
				"end":	6.001071,
				"seconds":	1.0000230073928833,
				"bytes":	0,
				"bits_per_second":	0,
				"retransmits":	0,
				"omitted":	false,
				"sender":	true
			}
		}, {
			"streams":	[{
					"socket":	5,
					"start":	6.001071,
					"end":	7.000881,
					"seconds":	0.999809980392456,
					"bytes":	786432,
					"bits_per_second":	6292651.7272116151,
					"retransmits":	0,
					"snd_cwnd":	68780,
					"snd_wnd":	65472,
					"rtt":	180538,
					"rttvar":	6549,
					"pmtu":	1500,
					"reorder":	0,
					"omitted":	false,
					"sender":	true
				}],
			"sum":	{
				"start":	6.001071,
				"end":	7.000881,
				"seconds":	0.999809980392456,
				"bytes":	786432,
				"bits_per_second":	6292651.7272116151,
				"retransmits":	0,
				"omitted":	false,
				"sender":	true
			}
		}, {
			"streams":	[{
					"socket":	5,
					"start":	7.000881,
					"end":	8.00106,
					"seconds":	1.0001790523529053,
					"bytes":	0,
					"bits_per_second":	0,
					"retransmits":	0,
					"snd_cwnd":	68780,
					"snd_wnd":	65472,
					"rtt":	188181,
					"rttvar":	5254,
					"pmtu":	1500,
					"reorder":	0,
					"omitted":	false,
					"sender":	true
				}],
			"sum":	{
				"start":	7.000881,
				"end":	8.00106,
				"seconds":	1.0001790523529053,
				"bytes":	0,
				"bits_per_second":	0,
				"retransmits":	0,
				"omitted":	false,
				"sender":	true
			}
		}, {
			"streams":	[{
					"socket":	5,
					"start":	8.00106,
					"end":	9.001101,
					"seconds":	1.0000410079956055,
					"bytes":	786432,
					"bits_per_second":	6291198.01057963,
					"retransmits":	0,
					"snd_cwnd":	68780,
					"snd_wnd":	65472,
					"rtt":	193684,
					"rttvar":	6789,
					"pmtu":	1500,
					"reorder":	0,
					"omitted":	false,
					"sender":	true
				}],
			"sum":	{
				"start":	8.00106,
				"end":	9.001101,
				"seconds":	1.0000410079956055,
				"bytes":	786432,
				"bits_per_second":	6291198.01057963,
				"retransmits":	0,
				"omitted":	false,
				"sender":	true
			}
		}, {
			"streams":	[{
					"socket":	5,
					"start":	9.001101,
					"end":	10.001844,
					"seconds":	1.00074303150177,
					"bytes":	0,
					"bits_per_second":	0,
					"retransmits":	1,
					"snd_cwnd":	50616,
					"snd_wnd":	65472,
					"rtt":	139401,
					"rttvar":	3538,
					"pmtu":	1500,
					"reorder":	0,
					"omitted":	false,
					"sender":	true
				}],
			"sum":	{
				"start":	9.001101,
				"end":	10.001844,
				"seconds":	1.00074303150177,
				"bytes":	0,
				"bits_per_second":	0,
				"retransmits":	1,
				"omitted":	false,
				"sender":	true
			}
		}],
	"end":	{
		"streams":	[{
				"sender":	{
					"socket":	5,
					"start":	0,
					"end":	10.001844,
					"seconds":	10.001844,
					"bytes":	5111808,
					"bits_per_second":	4088692.4451131211,
					"retransmits":	1,
					"reorder":	0,
					"max_snd_cwnd":	68780,
					"max_snd_wnd":	65472,
					"max_rtt":	193684,
					"min_rtt":	92250,
					"mean_rtt":	164588,
					"sender":	true
				},
				"receiver":	{
					"socket":	5,
					"start":	0,
					"end":	10.265872,
					"seconds":	10.001844,
					"bytes":	3407872,
					"bits_per_second":	2655690.2326465789,
					"sender":	true
				}
			}],
		"sum_sent":	{
			"start":	0,
			"end":	10.001844,
			"seconds":	10.001844,
			"bytes":	5111808,
			"bits_per_second":	4088692.4451131211,
			"retransmits":	1,
			"sender":	true
		},
		"sum_received":	{
			"start":	0,
			"end":	10.265872,
			"seconds":	10.265872,
			"bytes":	3407872,
			"bits_per_second":	2655690.2326465789,
			"sender":	true
		},
		"cpu_utilization_percent":	{
			"host_total":	0.070229278758332833,
			"host_user":	0,
			"host_system":	0.070229278758332833,
			"remote_total":	2.8889667170220514,
			"remote_user":	0,
			"remote_system":	2.8889764212780564
		},
		"sender_tcp_congestion":	"cubic",
		"receiver_tcp_congestion":	"cubic"
	}
}
{
	"start":	{
		"connected":	[{
				"socket":	5,
				"local_host":	"192.168.1.48",
				"local_port":	57782,
				"remote_host":	"192.168.1.58",
				"remote_port":	5201
			}],
		"version":	"iperf 3.20",
		"system_info":	"Linux kuroi-washi 6.19.11+kali-amd64 #1 SMP PREEMPT_DYNAMIC Kali 6.19.11-1kali1 (2026-04-09) x86_64",
		"timestamp":	{
			"time":	"Thu, 23 Apr 2026 22:16:57 GMT",
			"timesecs":	1776982617,
			"timemillisecs":	1776982617157
		},
		"connecting_to":	{
			"host":	"192.168.1.58",
			"port":	5201
		},
		"cookie":	"rlf2xdvrqygqqwyxl4gsidpgktorzwide7ue",
		"tcp_mss":	88,
		"target_bitrate":	0,
		"fq_rate":	0,
		"sock_bufsize":	0,
		"sndbuf_actual":	16384,
		"rcvbuf_actual":	131072,
		"test_start":	{
			"protocol":	"TCP",
			"num_streams":	1,
			"blksize":	131072,
			"omit":	0,
			"duration":	10,
			"bytes":	0,
			"blocks":	0,
			"reverse":	0,
			"tos":	0,
			"target_bitrate":	0,
			"bidir":	0,
			"fqrate":	0,
			"interval":	1
		}
	},
	"intervals":	[{
			"streams":	[{
					"socket":	5,
					"start":	0,
					"end":	1.001116,
					"seconds":	1.0011160373687744,
					"bytes":	1179648,
					"bits_per_second":	9426663.49128087,
					"retransmits":	0,
					"snd_cwnd":	30780,
					"snd_wnd":	65472,
					"rtt":	87792,
					"rttvar":	8680,
					"pmtu":	1500,
					"reorder":	0,
					"omitted":	false,
					"sender":	true
				}],
			"sum":	{
				"start":	0,
				"end":	1.001116,
				"seconds":	1.0011160373687744,
				"bytes":	1179648,
				"bits_per_second":	9426663.49128087,
				"retransmits":	0,
				"omitted":	false,
				"sender":	true
			}
		}, {
			"streams":	[{
					"socket":	5,
					"start":	1.001116,
					"end":	2.00112,
					"seconds":	1.0000040531158447,
					"bytes":	393216,
					"bits_per_second":	3145715.2500516772,
					"retransmits":	0,
					"snd_cwnd":	47044,
					"snd_wnd":	65472,
					"rtt":	121742,
					"rttvar":	3875,
					"pmtu":	1500,
					"reorder":	0,
					"omitted":	false,
					"sender":	true
				}],
			"sum":	{
				"start":	1.001116,
				"end":	2.00112,
				"seconds":	1.0000040531158447,
				"bytes":	393216,
				"bits_per_second":	3145715.2500516772,
				"retransmits":	0,
				"omitted":	false,
				"sender":	true
			}
		}, {
			"streams":	[{
					"socket":	5,
					"start":	2.00112,
					"end":	3.001122,
					"seconds":	1.0000020265579224,
					"bytes":	1310720,
					"bits_per_second":	10485738.750043064,
					"retransmits":	0,
					"snd_cwnd":	63080,
					"snd_wnd":	65472,
					"rtt":	178138,
					"rttvar":	3240,
					"pmtu":	1500,
					"reorder":	0,
					"omitted":	false,
					"sender":	true
				}],
			"sum":	{
				"start":	2.00112,
				"end":	3.001122,
				"seconds":	1.0000020265579224,
				"bytes":	1310720,
				"bits_per_second":	10485738.750043064,
				"retransmits":	0,
				"omitted":	false,
				"sender":	true
			}
		}, {
			"streams":	[{
					"socket":	5,
					"start":	3.001122,
					"end":	4.001138,
					"seconds":	1.0000159740448,
					"bytes":	0,
					"bits_per_second":	0,
					"retransmits":	0,
					"snd_cwnd":	68856,
					"snd_wnd":	65472,
					"rtt":	185751,
					"rttvar":	3958,
					"pmtu":	1500,
					"reorder":	0,
					"omitted":	false,
					"sender":	true
				}],
			"sum":	{
				"start":	3.001122,
				"end":	4.001138,
				"seconds":	1.0000159740448,
				"bytes":	0,
				"bits_per_second":	0,
				"retransmits":	0,
				"omitted":	false,
				"sender":	true
			}
		}, {
			"streams":	[{
					"socket":	5,
					"start":	4.001138,
					"end":	5.001113,
					"seconds":	0.999975025653839,
					"bytes":	786432,
					"bits_per_second":	6291613.1289241919,
					"retransmits":	0,
					"snd_cwnd":	68856,
					"snd_wnd":	65472,
					"rtt":	146036,
					"rttvar":	6099,
					"pmtu":	1500,
					"reorder":	0,
					"omitted":	false,
					"sender":	true
				}],
			"sum":	{
				"start":	4.001138,
				"end":	5.001113,
				"seconds":	0.999975025653839,
				"bytes":	786432,
				"bits_per_second":	6291613.1289241919,
				"retransmits":	0,
				"omitted":	false,
				"sender":	true
			}
		}, {
			"streams":	[{
					"socket":	5,
					"start":	5.001113,
					"end":	6.001136,
					"seconds":	1.0000230073928833,
					"bytes":	0,
					"bits_per_second":	0,
					"retransmits":	0,
					"snd_cwnd":	68856,
					"snd_wnd":	65472,
					"rtt":	207024,
					"rttvar":	1212,
					"pmtu":	1500,
					"reorder":	0,
					"omitted":	false,
					"sender":	true
				}],
			"sum":	{
				"start":	5.001113,
				"end":	6.001136,
				"seconds":	1.0000230073928833,
				"bytes":	0,
				"bits_per_second":	0,
				"retransmits":	0,
				"omitted":	false,
				"sender":	true
			}
		}, {
			"streams":	[{
					"socket":	5,
					"start":	6.001136,
					"end":	7.001072,
					"seconds":	0.99993598461151123,
					"bytes":	655360,
					"bits_per_second":	5243215.64648654,
					"retransmits":	0,
					"snd_cwnd":	68856,
					"snd_wnd":	65472,
					"rtt":	191051,
					"rttvar":	6089,
					"pmtu":	1500,
					"reorder":	0,
					"omitted":	false,
					"sender":	true
				}],
			"sum":	{
				"start":	6.001136,
				"end":	7.001072,
				"seconds":	0.99993598461151123,
				"bytes":	655360,
				"bits_per_second":	5243215.64648654,
				"retransmits":	0,
				"omitted":	false,
				"sender":	true
			}
		}, {
			"streams":	[{
					"socket":	5,
					"start":	7.001072,
					"end":	8.001313,
					"seconds":	1.0002410411834717,
					"bytes":	0,
					"bits_per_second":	0,
					"retransmits":	0,
					"snd_cwnd":	68856,
					"snd_wnd":	65472,
					"rtt":	151524,
					"rttvar":	2893,
					"pmtu":	1500,
					"reorder":	0,
					"omitted":	false,
					"sender":	true
				}],
			"sum":	{
				"start":	7.001072,
				"end":	8.001313,
				"seconds":	1.0002410411834717,
				"bytes":	0,
				"bits_per_second":	0,
				"retransmits":	0,
				"omitted":	false,
				"sender":	true
			}
		}, {
			"streams":	[{
					"socket":	5,
					"start":	8.001313,
					"end":	9.001032,
					"seconds":	0.99971902370452881,
					"bytes":	0,
					"bits_per_second":	0,
					"retransmits":	0,
					"snd_cwnd":	68856,
					"snd_wnd":	65472,
					"rtt":	161208,
					"rttvar":	4598,
					"pmtu":	1500,
					"reorder":	0,
					"omitted":	false,
					"sender":	true
				}],
			"sum":	{
				"start":	8.001313,
				"end":	9.001032,
				"seconds":	0.99971902370452881,
				"bytes":	0,
				"bits_per_second":	0,
				"retransmits":	0,
				"omitted":	false,
				"sender":	true
			}
		}, {
			"streams":	[{
					"socket":	5,
					"start":	9.001032,
					"end":	10.001446,
					"seconds":	1.00041401386261,
					"bytes":	786432,
					"bits_per_second":	6288852.32795632,
					"retransmits":	0,
					"snd_cwnd":	68856,
					"snd_wnd":	65472,
					"rtt":	201585,
					"rttvar":	1620,
					"pmtu":	1500,
					"reorder":	0,
					"omitted":	false,
					"sender":	true
				}],
			"sum":	{
				"start":	9.001032,
				"end":	10.001446,
				"seconds":	1.00041401386261,
				"bytes":	786432,
				"bits_per_second":	6288852.32795632,
				"retransmits":	0,
				"omitted":	false,
				"sender":	true
			}
		}],
	"end":	{
		"streams":	[{
				"sender":	{
					"socket":	5,
					"start":	0,
					"end":	10.001446,
					"seconds":	10.001446,
					"bytes":	5111808,
					"bits_per_second":	4088855.1515450869,
					"retransmits":	0,
					"reorder":	0,
					"max_snd_cwnd":	68856,
					"max_snd_wnd":	65472,
					"max_rtt":	207024,
					"min_rtt":	87792,
					"mean_rtt":	163185,
					"sender":	true
				},
				"receiver":	{
					"socket":	5,
					"start":	0,
					"end":	10.243883,
					"seconds":	10.001446,
					"bytes":	3407872,
					"bits_per_second":	2661390.8026868328,
					"sender":	true
				}
			}],
		"sum_sent":	{
			"start":	0,
			"end":	10.001446,
			"seconds":	10.001446,
			"bytes":	5111808,
			"bits_per_second":	4088855.1515450869,
			"retransmits":	0,
			"sender":	true
		},
		"sum_received":	{
			"start":	0,
			"end":	10.243883,
			"seconds":	10.243883,
			"bytes":	3407872,
			"bits_per_second":	2661390.8026868328,
			"sender":	true
		},
		"cpu_utilization_percent":	{
			"host_total":	0.074237654933081237,
			"host_user":	0,
			"host_system":	0.0742177733972127,
			"remote_total":	2.94525820581918,
			"remote_user":	0,
			"remote_system":	2.9452874019617861
		},
		"sender_tcp_congestion":	"cubic",
		"receiver_tcp_congestion":	"cubic"
	}
}
{
	"start":	{
		"connected":	[{
				"socket":	5,
				"local_host":	"192.168.1.48",
				"local_port":	60792,
				"remote_host":	"192.168.1.58",
				"remote_port":	5201
			}],
		"version":	"iperf 3.20",
		"system_info":	"Linux kuroi-washi 6.19.11+kali-amd64 #1 SMP PREEMPT_DYNAMIC Kali 6.19.11-1kali1 (2026-04-09) x86_64",
		"timestamp":	{
			"time":	"Thu, 23 Apr 2026 22:17:07 GMT",
			"timesecs":	1776982627,
			"timemillisecs":	1776982627814
		},
		"connecting_to":	{
			"host":	"192.168.1.58",
			"port":	5201
		},
		"cookie":	"vg2zhmnmjctlgmyblg7ne6juhpgtnikga6ug",
		"tcp_mss":	88,
		"target_bitrate":	0,
		"fq_rate":	0,
		"sock_bufsize":	0,
		"sndbuf_actual":	16384,
		"rcvbuf_actual":	131072,
		"test_start":	{
			"protocol":	"TCP",
			"num_streams":	1,
			"blksize":	131072,
			"omit":	0,
			"duration":	10,
			"bytes":	0,
			"blocks":	0,
			"reverse":	0,
			"tos":	0,
			"target_bitrate":	0,
			"bidir":	0,
			"fqrate":	0,
			"interval":	1
		}
	},
	"intervals":	[{
			"streams":	[{
					"socket":	5,
					"start":	0,
					"end":	1.00044,
					"seconds":	1.0004400014877319,
					"bytes":	1048576,
					"bits_per_second":	8384918.6233312227,
					"retransmits":	0,
					"snd_cwnd":	23788,
					"snd_wnd":	65472,
					"rtt":	62016,
					"rttvar":	2427,
					"pmtu":	1500,
					"reorder":	0,
					"omitted":	false,
					"sender":	true
				}],
			"sum":	{
				"start":	0,
				"end":	1.00044,
				"seconds":	1.0004400014877319,
				"bytes":	1048576,
				"bits_per_second":	8384918.6233312227,
				"retransmits":	0,
				"omitted":	false,
				"sender":	true
			}
		}, {
			"streams":	[{
					"socket":	5,
					"start":	1.00044,
					"end":	2.000508,
					"seconds":	1.0000679492950439,
					"bytes":	655360,
					"bits_per_second":	5242523.7742052916,
					"retransmits":	0,
					"snd_cwnd":	40128,
					"snd_wnd":	65472,
					"rtt":	81913,
					"rttvar":	4650,
					"pmtu":	1500,
					"reorder":	0,
					"omitted":	false,
					"sender":	true
				}],
			"sum":	{
				"start":	1.00044,
				"end":	2.000508,
				"seconds":	1.0000679492950439,
				"bytes":	655360,
				"bits_per_second":	5242523.7742052916,
				"retransmits":	0,
				"omitted":	false,
				"sender":	true
			}
		}, {
			"streams":	[{
					"socket":	5,
					"start":	2.000508,
					"end":	3.000522,
					"seconds":	1.0000139474868774,
					"bytes":	655360,
					"bits_per_second":	5242806.876019896,
					"retransmits":	0,
					"snd_cwnd":	53960,
					"snd_wnd":	65472,
					"rtt":	164612,
					"rttvar":	7491,
					"pmtu":	1500,
					"reorder":	0,
					"omitted":	false,
					"sender":	true
				}],
			"sum":	{
				"start":	2.000508,
				"end":	3.000522,
				"seconds":	1.0000139474868774,
				"bytes":	655360,
				"bits_per_second":	5242806.876019896,
				"retransmits":	0,
				"omitted":	false,
				"sender":	true
			}
		}, {
			"streams":	[{
					"socket":	5,
					"start":	3.000522,
					"end":	4.000432,
					"seconds":	0.999909996986389,
					"bytes":	655360,
					"bits_per_second":	5243351.9174739951,
					"retransmits":	0,
					"snd_cwnd":	68704,
					"snd_wnd":	65472,
					"rtt":	193853,
					"rttvar":	2245,
					"pmtu":	1500,
					"reorder":	0,
					"omitted":	false,
					"sender":	true
				}],
			"sum":	{
				"start":	3.000522,
				"end":	4.000432,
				"seconds":	0.999909996986389,
				"bytes":	655360,
				"bits_per_second":	5243351.9174739951,
				"retransmits":	0,
				"omitted":	false,
				"sender":	true
			}
		}, {
			"streams":	[{
					"socket":	5,
					"start":	4.000432,
					"end":	5.000466,
					"seconds":	1.000033974647522,
					"bytes":	0,
					"bits_per_second":	0,
					"retransmits":	0,
					"snd_cwnd":	68704,
					"snd_wnd":	65472,
					"rtt":	182583,
					"rttvar":	3050,
					"pmtu":	1500,
					"reorder":	0,
					"omitted":	false,
					"sender":	true
				}],
			"sum":	{
				"start":	4.000432,
				"end":	5.000466,
				"seconds":	1.000033974647522,
				"bytes":	0,
				"bits_per_second":	0,
				"retransmits":	0,
				"omitted":	false,
				"sender":	true
			}
		}, {
			"streams":	[{
					"socket":	5,
					"start":	5.000466,
					"end":	6.000675,
					"seconds":	1.0002089738845825,
					"bytes":	786432,
					"bits_per_second":	6290141.5246910118,
					"retransmits":	0,
					"snd_cwnd":	68704,
					"snd_wnd":	65472,
					"rtt":	191934,
					"rttvar":	5292,
					"pmtu":	1500,
					"reorder":	0,
					"omitted":	false,
					"sender":	true
				}],
			"sum":	{
				"start":	5.000466,
				"end":	6.000675,
				"seconds":	1.0002089738845825,
				"bytes":	786432,
				"bits_per_second":	6290141.5246910118,
				"retransmits":	0,
				"omitted":	false,
				"sender":	true
			}
		}, {
			"streams":	[{
					"socket":	5,
					"start":	6.000675,
					"end":	7.000432,
					"seconds":	0.99975699186325073,
					"bytes":	0,
					"bits_per_second":	0,
					"retransmits":	0,
					"snd_cwnd":	68704,
					"snd_wnd":	65472,
					"rtt":	196471,
					"rttvar":	6274,
					"pmtu":	1500,
					"reorder":	0,
					"omitted":	false,
					"sender":	true
				}],
			"sum":	{
				"start":	6.000675,
				"end":	7.000432,
				"seconds":	0.99975699186325073,
				"bytes":	0,
				"bits_per_second":	0,
				"retransmits":	0,
				"omitted":	false,
				"sender":	true
			}
		}, {
			"streams":	[{
					"socket":	5,
					"start":	7.000432,
					"end":	8.000445,
					"seconds":	1.000012993812561,
					"bytes":	786432,
					"bits_per_second":	6291374.25106223,
					"retransmits":	0,
					"snd_cwnd":	68704,
					"snd_wnd":	65472,
					"rtt":	185967,
					"rttvar":	7693,
					"pmtu":	1500,
					"reorder":	0,
					"omitted":	false,
					"sender":	true
				}],
			"sum":	{
				"start":	7.000432,
				"end":	8.000445,
				"seconds":	1.000012993812561,
				"bytes":	786432,
				"bits_per_second":	6291374.25106223,
				"retransmits":	0,
				"omitted":	false,
				"sender":	true
			}
		}, {
			"streams":	[{
					"socket":	5,
					"start":	8.000445,
					"end":	9.000442,
					"seconds":	0.99999701976776123,
					"bytes":	0,
					"bits_per_second":	0,
					"retransmits":	1,
					"snd_cwnd":	50160,
					"snd_wnd":	65472,
					"rtt":	127258,
					"rttvar":	445,
					"pmtu":	1500,
					"reorder":	0,
					"omitted":	false,
					"sender":	true
				}],
			"sum":	{
				"start":	8.000445,
				"end":	9.000442,
				"seconds":	0.99999701976776123,
				"bytes":	0,
				"bits_per_second":	0,
				"retransmits":	1,
				"omitted":	false,
				"sender":	true
			}
		}, {
			"streams":	[{
					"socket":	5,
					"start":	9.000442,
					"end":	10.001338,
					"seconds":	1.0008959770202637,
					"bytes":	655360,
					"bits_per_second":	5238186.7050843937,
					"retransmits":	0,
					"snd_cwnd":	55556,
					"snd_wnd":	65472,
					"rtt":	152892,
					"rttvar":	6091,
					"pmtu":	1500,
					"reorder":	0,
					"omitted":	false,
					"sender":	true
				}],
			"sum":	{
				"start":	9.000442,
				"end":	10.001338,
				"seconds":	1.0008959770202637,
				"bytes":	655360,
				"bits_per_second":	5238186.7050843937,
				"retransmits":	0,
				"omitted":	false,
				"sender":	true
			}
		}],
	"end":	{
		"streams":	[{
				"sender":	{
					"socket":	5,
					"start":	0,
					"end":	10.001338,
					"seconds":	10.001338,
					"bytes":	5242880,
					"bits_per_second":	4193742.87720303,
					"retransmits":	1,
					"reorder":	0,
					"max_snd_cwnd":	68704,
					"max_snd_wnd":	65472,
					"max_rtt":	196471,
					"min_rtt":	62016,
					"mean_rtt":	153949,
					"sender":	true
				},
				"receiver":	{
					"socket":	5,
					"start":	0,
					"end":	10.413224,
					"seconds":	10.001338,
					"bytes":	3407872,
					"bits_per_second":	2618110.9712035391,
					"sender":	true
				}
			}],
		"sum_sent":	{
			"start":	0,
			"end":	10.001338,
			"seconds":	10.001338,
			"bytes":	5242880,
			"bits_per_second":	4193742.87720303,
			"retransmits":	1,
			"sender":	true
		},
		"sum_received":	{
			"start":	0,
			"end":	10.413224,
			"seconds":	10.413224,
			"bytes":	3407872,
			"bits_per_second":	2618110.9712035391,
			"sender":	true
		},
		"cpu_utilization_percent":	{
			"host_total":	0.069723549454151726,
			"host_user":	0.069673881731218149,
			"host_system":	0,
			"remote_total":	2.9213471764423016,
			"remote_user":	0.0606059679390416,
			"remote_system":	2.8607603210759307
		},
		"sender_tcp_congestion":	"cubic",
		"receiver_tcp_congestion":	"cubic"
	}
}
{
	"start":	{
		"connected":	[{
				"socket":	5,
				"local_host":	"192.168.1.48",
				"local_port":	37992,
				"remote_host":	"192.168.1.58",
				"remote_port":	5201
			}],
		"version":	"iperf 3.20",
		"system_info":	"Linux kuroi-washi 6.19.11+kali-amd64 #1 SMP PREEMPT_DYNAMIC Kali 6.19.11-1kali1 (2026-04-09) x86_64",
		"timestamp":	{
			"time":	"Thu, 23 Apr 2026 22:17:18 GMT",
			"timesecs":	1776982638,
			"timemillisecs":	1776982638643
		},
		"connecting_to":	{
			"host":	"192.168.1.58",
			"port":	5201
		},
		"cookie":	"qypyd4v2oo5s3w3r63ee6m6lmhr4qgh6zst4",
		"tcp_mss":	88,
		"target_bitrate":	0,
		"fq_rate":	0,
		"sock_bufsize":	0,
		"sndbuf_actual":	16384,
		"rcvbuf_actual":	131072,
		"test_start":	{
			"protocol":	"TCP",
			"num_streams":	1,
			"blksize":	131072,
			"omit":	0,
			"duration":	10,
			"bytes":	0,
			"blocks":	0,
			"reverse":	0,
			"tos":	0,
			"target_bitrate":	0,
			"bidir":	0,
			"fqrate":	0,
			"interval":	1
		}
	},
	"intervals":	[{
			"streams":	[{
					"socket":	5,
					"start":	0,
					"end":	1.000084,
					"seconds":	1.0000840425491333,
					"bytes":	1179648,
					"bits_per_second":	9436390.9416506458,
					"retransmits":	0,
					"snd_cwnd":	30552,
					"snd_wnd":	65472,
					"rtt":	63110,
					"rttvar":	6485,
					"pmtu":	1500,
					"reorder":	0,
					"omitted":	false,
					"sender":	true
				}],
			"sum":	{
				"start":	0,
				"end":	1.000084,
				"seconds":	1.0000840425491333,
				"bytes":	1179648,
				"bits_per_second":	9436390.9416506458,
				"retransmits":	0,
				"omitted":	false,
				"sender":	true
			}
		}, {
			"streams":	[{
					"socket":	5,
					"start":	1.000084,
					"end":	2.001041,
					"seconds":	1.0009570121765137,
					"bytes":	393216,
					"bits_per_second":	3142720.37833056,
					"retransmits":	0,
					"snd_cwnd":	46360,
					"snd_wnd":	65472,
					"rtt":	131099,
					"rttvar":	4090,
					"pmtu":	1500,
					"reorder":	0,
					"omitted":	false,
					"sender":	true
				}],
			"sum":	{
				"start":	1.000084,
				"end":	2.001041,
				"seconds":	1.0009570121765137,
				"bytes":	393216,
				"bits_per_second":	3142720.37833056,
				"retransmits":	0,
				"omitted":	false,
				"sender":	true
			}
		}, {
			"streams":	[{
					"socket":	5,
					"start":	2.001041,
					"end":	3.000129,
					"seconds":	0.99908798933029175,
					"bytes":	1179648,
					"bits_per_second":	9445798.6691702,
					"retransmits":	0,
					"snd_cwnd":	62700,
					"snd_wnd":	65472,
					"rtt":	173186,
					"rttvar":	1781,
					"pmtu":	1500,
					"reorder":	0,
					"omitted":	false,
					"sender":	true
				}],
			"sum":	{
				"start":	2.001041,
				"end":	3.000129,
				"seconds":	0.99908798933029175,
				"bytes":	1179648,
				"bits_per_second":	9445798.6691702,
				"retransmits":	0,
				"omitted":	false,
				"sender":	true
			}
		}, {
			"streams":	[{
					"socket":	5,
					"start":	3.000129,
					"end":	4.000104,
					"seconds":	0.999975025653839,
					"bytes":	0,
					"bits_per_second":	0,
					"retransmits":	0,
					"snd_cwnd":	68856,
					"snd_wnd":	65472,
					"rtt":	186445,
					"rttvar":	5685,
					"pmtu":	1500,
					"reorder":	0,
					"omitted":	false,
					"sender":	true
				}],
			"sum":	{
				"start":	3.000129,
				"end":	4.000104,
				"seconds":	0.999975025653839,
				"bytes":	0,
				"bits_per_second":	0,
				"retransmits":	0,
				"omitted":	false,
				"sender":	true
			}
		}, {
			"streams":	[{
					"socket":	5,
					"start":	4.000104,
					"end":	5.001099,
					"seconds":	1.0009950399398804,
					"bytes":	786432,
					"bits_per_second":	6285201.9730066434,
					"retransmits":	0,
					"snd_cwnd":	68856,
					"snd_wnd":	65472,
					"rtt":	169082,
					"rttvar":	6985,
					"pmtu":	1500,
					"reorder":	0,
					"omitted":	false,
					"sender":	true
				}],
			"sum":	{
				"start":	4.000104,
				"end":	5.001099,
				"seconds":	1.0009950399398804,
				"bytes":	786432,
				"bits_per_second":	6285201.9730066434,
				"retransmits":	0,
				"omitted":	false,
				"sender":	true
			}
		}, {
			"streams":	[{
					"socket":	5,
					"start":	5.001099,
					"end":	6.000103,
					"seconds":	0.99900400638580322,
					"bytes":	0,
					"bits_per_second":	0,
					"retransmits":	0,
					"snd_cwnd":	68856,
					"snd_wnd":	65472,
					"rtt":	178372,
					"rttvar":	2275,
					"pmtu":	1500,
					"reorder":	0,
					"omitted":	false,
					"sender":	true
				}],
			"sum":	{
				"start":	5.001099,
				"end":	6.000103,
				"seconds":	0.99900400638580322,
				"bytes":	0,
				"bits_per_second":	0,
				"retransmits":	0,
				"omitted":	false,
				"sender":	true
			}
		}, {
			"streams":	[{
					"socket":	5,
					"start":	6.000103,
					"end":	7.000078,
					"seconds":	0.999975025653839,
					"bytes":	786432,
					"bits_per_second":	6291613.1289241919,
					"retransmits":	0,
					"snd_cwnd":	68856,
					"snd_wnd":	65472,
					"rtt":	180621,
					"rttvar":	4997,
					"pmtu":	1500,
					"reorder":	0,
					"omitted":	false,
					"sender":	true
				}],
			"sum":	{
				"start":	6.000103,
				"end":	7.000078,
				"seconds":	0.999975025653839,
				"bytes":	786432,
				"bits_per_second":	6291613.1289241919,
				"retransmits":	0,
				"omitted":	false,
				"sender":	true
			}
		}, {
			"streams":	[{
					"socket":	5,
					"start":	7.000078,
					"end":	8.000129,
					"seconds":	1.0000510215759277,
					"bytes":	0,
					"bits_per_second":	0,
					"retransmits":	0,
					"snd_cwnd":	68856,
					"snd_wnd":	65472,
					"rtt":	185070,
					"rttvar":	2237,
					"pmtu":	1500,
					"reorder":	0,
					"omitted":	false,
					"sender":	true
				}],
			"sum":	{
				"start":	7.000078,
				"end":	8.000129,
				"seconds":	1.0000510215759277,
				"bytes":	0,
				"bits_per_second":	0,
				"retransmits":	0,
				"omitted":	false,
				"sender":	true
			}
		}, {
			"streams":	[{
					"socket":	5,
					"start":	8.000129,
					"end":	9.001056,
					"seconds":	1.0009269714355469,
					"bytes":	786432,
					"bits_per_second":	6285629.4010907551,
					"retransmits":	0,
					"snd_cwnd":	68856,
					"snd_wnd":	65472,
					"rtt":	171256,
					"rttvar":	2786,
					"pmtu":	1500,
					"reorder":	0,
					"omitted":	false,
					"sender":	true
				}],
			"sum":	{
				"start":	8.000129,
				"end":	9.001056,
				"seconds":	1.0009269714355469,
				"bytes":	786432,
				"bits_per_second":	6285629.4010907551,
				"retransmits":	0,
				"omitted":	false,
				"sender":	true
			}
		}, {
			"streams":	[{
					"socket":	5,
					"start":	9.001056,
					"end":	10.000334,
					"seconds":	0.99927800893783569,
					"bytes":	0,
					"bits_per_second":	0,
					"retransmits":	0,
					"snd_cwnd":	68856,
					"snd_wnd":	65472,
					"rtt":	181451,
					"rttvar":	3816,
					"pmtu":	1500,
					"reorder":	0,
					"omitted":	false,
					"sender":	true
				}],
			"sum":	{
				"start":	9.001056,
				"end":	10.000334,
				"seconds":	0.99927800893783569,
				"bytes":	0,
				"bits_per_second":	0,
				"retransmits":	0,
				"omitted":	false,
				"sender":	true
			}
		}],
	"end":	{
		"streams":	[{
				"sender":	{
					"socket":	5,
					"start":	0,
					"end":	10.000334,
					"seconds":	10.000334,
					"bytes":	5111808,
					"bits_per_second":	4089309.81705211,
					"retransmits":	0,
					"reorder":	0,
					"max_snd_cwnd":	68856,
					"max_snd_wnd":	65472,
					"max_rtt":	186445,
					"min_rtt":	63110,
					"mean_rtt":	161969,
					"sender":	true
				},
				"receiver":	{
					"socket":	5,
					"start":	0,
					"end":	10.307529,
					"seconds":	10.000334,
					"bytes":	3407872,
					"bits_per_second":	2644957.48690108,
					"sender":	true
				}
			}],
		"sum_sent":	{
			"start":	0,
			"end":	10.000334,
			"seconds":	10.000334,
			"bytes":	5111808,
			"bits_per_second":	4089309.81705211,
			"retransmits":	0,
			"sender":	true
		},
		"sum_received":	{
			"start":	0,
			"end":	10.307529,
			"seconds":	10.307529,
			"bytes":	3407872,
			"bits_per_second":	2644957.48690108,
			"sender":	true
		},
		"cpu_utilization_percent":	{
			"host_total":	0.0734063723760126,
			"host_user":	0,
			"host_system":	0.073366661057442925,
			"remote_total":	2.9751801982301229,
			"remote_user":	0.085220607049576846,
			"remote_system":	2.8899499355486573
		},
		"sender_tcp_congestion":	"cubic",
		"receiver_tcp_congestion":	"cubic"
	}
}
{
	"start":	{
		"connected":	[{
				"socket":	5,
				"local_host":	"192.168.1.48",
				"local_port":	49786,
				"remote_host":	"192.168.1.58",
				"remote_port":	5201
			}],
		"version":	"iperf 3.20",
		"system_info":	"Linux kuroi-washi 6.19.11+kali-amd64 #1 SMP PREEMPT_DYNAMIC Kali 6.19.11-1kali1 (2026-04-09) x86_64",
		"timestamp":	{
			"time":	"Thu, 23 Apr 2026 22:17:29 GMT",
			"timesecs":	1776982649,
			"timemillisecs":	1776982649341
		},
		"connecting_to":	{
			"host":	"192.168.1.58",
			"port":	5201
		},
		"cookie":	"bvzsxmrr3kovwkwws74m75nqmie6qscto2rn",
		"tcp_mss":	88,
		"target_bitrate":	0,
		"fq_rate":	0,
		"sock_bufsize":	0,
		"sndbuf_actual":	16384,
		"rcvbuf_actual":	131072,
		"test_start":	{
			"protocol":	"TCP",
			"num_streams":	1,
			"blksize":	131072,
			"omit":	0,
			"duration":	10,
			"bytes":	0,
			"blocks":	0,
			"reverse":	0,
			"tos":	0,
			"target_bitrate":	0,
			"bidir":	0,
			"fqrate":	0,
			"interval":	1
		}
	},
	"intervals":	[{
			"streams":	[{
					"socket":	5,
					"start":	0,
					"end":	1.001107,
					"seconds":	1.0011069774627686,
					"bytes":	1048576,
					"bits_per_second":	8379332.2680262458,
					"retransmits":	0,
					"snd_cwnd":	26068,
					"snd_wnd":	65472,
					"rtt":	67303,
					"rttvar":	2660,
					"pmtu":	1500,
					"reorder":	0,
					"omitted":	false,
					"sender":	true
				}],
			"sum":	{
				"start":	0,
				"end":	1.001107,
				"seconds":	1.0011069774627686,
				"bytes":	1048576,
				"bits_per_second":	8379332.2680262458,
				"retransmits":	0,
				"omitted":	false,
				"sender":	true
			}
		}, {
			"streams":	[{
					"socket":	5,
					"start":	1.001107,
					"end":	2.001127,
					"seconds":	1.0000200271606445,
					"bytes":	393216,
					"bits_per_second":	3145665.001261686,
					"retransmits":	0,
					"snd_cwnd":	41876,
					"snd_wnd":	65472,
					"rtt":	133448,
					"rttvar":	1338,
					"pmtu":	1500,
					"reorder":	0,
					"omitted":	false,
					"sender":	true
				}],
			"sum":	{
				"start":	1.001107,
				"end":	2.001127,
				"seconds":	1.0000200271606445,
				"bytes":	393216,
				"bits_per_second":	3145665.001261686,
				"retransmits":	0,
				"omitted":	false,
				"sender":	true
			}
		}, {
			"streams":	[{
					"socket":	5,
					"start":	2.001127,
					"end":	3.001054,
					"seconds":	0.99992698431015,
					"bytes":	1179648,
					"bits_per_second":	9437873.1128160469,
					"retransmits":	0,
					"snd_cwnd":	57836,
					"snd_wnd":	65472,
					"rtt":	175728,
					"rttvar":	10264,
					"pmtu":	1500,
					"reorder":	0,
					"omitted":	false,
					"sender":	true
				}],
			"sum":	{
				"start":	2.001127,
				"end":	3.001054,
				"seconds":	0.99992698431015,
				"bytes":	1179648,
				"bits_per_second":	9437873.1128160469,
				"retransmits":	0,
				"omitted":	false,
				"sender":	true
			}
		}, {
			"streams":	[{
					"socket":	5,
					"start":	3.001054,
					"end":	4.001112,
					"seconds":	1.0000580549240112,
					"bytes":	655360,
					"bits_per_second":	5242575.6426694421,
					"retransmits":	0,
					"snd_cwnd":	68856,
					"snd_wnd":	65472,
					"rtt":	191819,
					"rttvar":	6529,
					"pmtu":	1500,
					"reorder":	0,
					"omitted":	false,
					"sender":	true
				}],
			"sum":	{
				"start":	3.001054,
				"end":	4.001112,
				"seconds":	1.0000580549240112,
				"bytes":	655360,
				"bits_per_second":	5242575.6426694421,
				"retransmits":	0,
				"omitted":	false,
				"sender":	true
			}
		}, {
			"streams":	[{
					"socket":	5,
					"start":	4.001112,
					"end":	5.001076,
					"seconds":	0.99996399879455566,
					"bytes":	0,
					"bits_per_second":	0,
					"retransmits":	1,
					"snd_cwnd":	51224,
					"snd_wnd":	65472,
					"rtt":	151693,
					"rttvar":	3147,
					"pmtu":	1500,
					"reorder":	0,
					"omitted":	false,
					"sender":	true
				}],
			"sum":	{
				"start":	4.001112,
				"end":	5.001076,
				"seconds":	0.99996399879455566,
				"bytes":	0,
				"bits_per_second":	0,
				"retransmits":	1,
				"omitted":	false,
				"sender":	true
			}
		}, {
			"streams":	[{
					"socket":	5,
					"start":	5.001076,
					"end":	6.00112,
					"seconds":	1.0000439882278442,
					"bytes":	0,
					"bits_per_second":	0,
					"retransmits":	0,
					"snd_cwnd":	56848,
					"snd_wnd":	65472,
					"rtt":	220625,
					"rttvar":	11522,
					"pmtu":	1500,
					"reorder":	0,
					"omitted":	false,
					"sender":	true
				}],
			"sum":	{
				"start":	5.001076,
				"end":	6.00112,
				"seconds":	1.0000439882278442,
				"bytes":	0,
				"bits_per_second":	0,
				"retransmits":	0,
				"omitted":	false,
				"sender":	true
			}
		}, {
			"streams":	[{
					"socket":	5,
					"start":	6.00112,
					"end":	7.001106,
					"seconds":	0.99998599290847778,
					"bytes":	786432,
					"bits_per_second":	6291544.1262343926,
					"retransmits":	0,
					"snd_cwnd":	60952,
					"snd_wnd":	65472,
					"rtt":	182448,
					"rttvar":	12958,
					"pmtu":	1500,
					"reorder":	0,
					"omitted":	false,
					"sender":	true
				}],
			"sum":	{
				"start":	6.00112,
				"end":	7.001106,
				"seconds":	0.99998599290847778,
				"bytes":	786432,
				"bits_per_second":	6291544.1262343926,
				"retransmits":	0,
				"omitted":	false,
				"sender":	true
			}
		}, {
			"streams":	[{
					"socket":	5,
					"start":	7.001106,
					"end":	8.00106,
					"seconds":	0.9999539852142334,
					"bytes":	0,
					"bits_per_second":	0,
					"retransmits":	0,
					"snd_cwnd":	64144,
					"snd_wnd":	65472,
					"rtt":	182428,
					"rttvar":	2291,
					"pmtu":	1500,
					"reorder":	0,
					"omitted":	false,
					"sender":	true
				}],
			"sum":	{
				"start":	7.001106,
				"end":	8.00106,
				"seconds":	0.9999539852142334,
				"bytes":	0,
				"bits_per_second":	0,
				"retransmits":	0,
				"omitted":	false,
				"sender":	true
			}
		}, {
			"streams":	[{
					"socket":	5,
					"start":	8.00106,
					"end":	9.001079,
					"seconds":	1.0000189542770386,
					"bytes":	786432,
					"bits_per_second":	6291336.7522602547,
					"retransmits":	0,
					"snd_cwnd":	65892,
					"snd_wnd":	65472,
					"rtt":	186924,
					"rttvar":	4289,
					"pmtu":	1500,
					"reorder":	0,
					"omitted":	false,
					"sender":	true
				}],
			"sum":	{
				"start":	8.00106,
				"end":	9.001079,
				"seconds":	1.0000189542770386,
				"bytes":	786432,
				"bits_per_second":	6291336.7522602547,
				"retransmits":	0,
				"omitted":	false,
				"sender":	true
			}
		}, {
			"streams":	[{
					"socket":	5,
					"start":	9.001079,
					"end":	10.000651,
					"seconds":	0.999571979045868,
					"bytes":	0,
					"bits_per_second":	0,
					"retransmits":	0,
					"snd_cwnd":	65892,
					"snd_wnd":	65472,
					"rtt":	188981,
					"rttvar":	4962,
					"pmtu":	1500,
					"reorder":	0,
					"omitted":	false,
					"sender":	true
				}],
			"sum":	{
				"start":	9.001079,
				"end":	10.000651,
				"seconds":	0.999571979045868,
				"bytes":	0,
				"bits_per_second":	0,
				"retransmits":	0,
				"omitted":	false,
				"sender":	true
			}
		}],
	"end":	{
		"streams":	[{
				"sender":	{
					"socket":	5,
					"start":	0,
					"end":	10.000651,
					"seconds":	10.000651,
					"bytes":	4849664,
					"bits_per_second":	3879478.64594015,
					"retransmits":	1,
					"reorder":	0,
					"max_snd_cwnd":	68856,
					"max_snd_wnd":	65472,
					"max_rtt":	220625,
					"min_rtt":	67303,
					"mean_rtt":	168139,
					"sender":	true
				},
				"receiver":	{
					"socket":	5,
					"start":	0,
					"end":	10.048763,
					"seconds":	10.000651,
					"bytes":	3276800,
					"bits_per_second":	2608719.1030378565,
					"sender":	true
				}
			}],
		"sum_sent":	{
			"start":	0,
			"end":	10.000651,
			"seconds":	10.000651,
			"bytes":	4849664,
			"bits_per_second":	3879478.64594015,
			"retransmits":	1,
			"sender":	true
		},
		"sum_received":	{
			"start":	0,
			"end":	10.048763,
			"seconds":	10.048763,
			"bytes":	3276800,
			"bits_per_second":	2608719.1030378565,
			"sender":	true
		},
		"cpu_utilization_percent":	{
			"host_total":	0.0846739209391422,
			"host_user":	0,
			"host_system":	0.084624235502609432,
			"remote_total":	2.8343489054613267,
			"remote_user":	0.089146555569225835,
			"remote_system":	2.7451726079362837
		},
		"sender_tcp_congestion":	"cubic",
		"receiver_tcp_congestion":	"cubic"
	}
}
{
	"start":	{
		"connected":	[{
				"socket":	5,
				"local_host":	"192.168.1.48",
				"local_port":	53216,
				"remote_host":	"192.168.1.58",
				"remote_port":	5201
			}],
		"version":	"iperf 3.20",
		"system_info":	"Linux kuroi-washi 6.19.11+kali-amd64 #1 SMP PREEMPT_DYNAMIC Kali 6.19.11-1kali1 (2026-04-09) x86_64",
		"timestamp":	{
			"time":	"Thu, 23 Apr 2026 22:17:39 GMT",
			"timesecs":	1776982659,
			"timemillisecs":	1776982659792
		},
		"connecting_to":	{
			"host":	"192.168.1.58",
			"port":	5201
		},
		"cookie":	"emm65qa2rvmnq7zy6uakgon24ju32q4mpbza",
		"tcp_mss":	88,
		"target_bitrate":	0,
		"fq_rate":	0,
		"sock_bufsize":	0,
		"sndbuf_actual":	16384,
		"rcvbuf_actual":	131072,
		"test_start":	{
			"protocol":	"TCP",
			"num_streams":	1,
			"blksize":	131072,
			"omit":	0,
			"duration":	10,
			"bytes":	0,
			"blocks":	0,
			"reverse":	0,
			"tos":	0,
			"target_bitrate":	0,
			"bidir":	0,
			"fqrate":	0,
			"interval":	1
		}
	},
	"intervals":	[{
			"streams":	[{
					"socket":	5,
					"start":	0,
					"end":	1.001157,
					"seconds":	1.00115704536438,
					"bytes":	917504,
					"bits_per_second":	7331549.065140456,
					"retransmits":	0,
					"snd_cwnd":	25536,
					"snd_wnd":	65472,
					"rtt":	59676,
					"rttvar":	2037,
					"pmtu":	1500,
					"reorder":	0,
					"omitted":	false,
					"sender":	true
				}],
			"sum":	{
				"start":	0,
				"end":	1.001157,
				"seconds":	1.00115704536438,
				"bytes":	917504,
				"bits_per_second":	7331549.065140456,
				"retransmits":	0,
				"omitted":	false,
				"sender":	true
			}
		}, {
			"streams":	[{
					"socket":	5,
					"start":	1.001157,
					"end":	2.001134,
					"seconds":	0.9999769926071167,
					"bytes":	786432,
					"bits_per_second":	6291600.7533303965,
					"retransmits":	0,
					"snd_cwnd":	42180,
					"snd_wnd":	65472,
					"rtt":	86788,
					"rttvar":	1690,
					"pmtu":	1500,
					"reorder":	0,
					"omitted":	false,
					"sender":	true
				}],
			"sum":	{
				"start":	1.001157,
				"end":	2.001134,
				"seconds":	0.9999769926071167,
				"bytes":	786432,
				"bits_per_second":	6291600.7533303965,
				"retransmits":	0,
				"omitted":	false,
				"sender":	true
			}
		}, {
			"streams":	[{
					"socket":	5,
					"start":	2.001134,
					"end":	3.001129,
					"seconds":	0.999994993209839,
					"bytes":	524288,
					"bits_per_second":	4194325.0001051435,
					"retransmits":	0,
					"snd_cwnd":	57076,
					"snd_wnd":	65472,
					"rtt":	66997,
					"rttvar":	21719,
					"pmtu":	1500,
					"reorder":	0,
					"omitted":	false,
					"sender":	true
				}],
			"sum":	{
				"start":	2.001134,
				"end":	3.001129,
				"seconds":	0.999994993209839,
				"bytes":	524288,
				"bits_per_second":	4194325.0001051435,
				"retransmits":	0,
				"omitted":	false,
				"sender":	true
			}
		}, {
			"streams":	[{
					"socket":	5,
					"start":	3.001129,
					"end":	4.001111,
					"seconds":	0.99998199939727783,
					"bytes":	655360,
					"bits_per_second":	5242974.3766988376,
					"retransmits":	0,
					"snd_cwnd":	68628,
					"snd_wnd":	65472,
					"rtt":	184317,
					"rttvar":	3908,
					"pmtu":	1500,
					"reorder":	0,
					"omitted":	false,
					"sender":	true
				}],
			"sum":	{
				"start":	3.001129,
				"end":	4.001111,
				"seconds":	0.99998199939727783,
				"bytes":	655360,
				"bits_per_second":	5242974.3766988376,
				"retransmits":	0,
				"omitted":	false,
				"sender":	true
			}
		}, {
			"streams":	[{
					"socket":	5,
					"start":	4.001111,
					"end":	5.001046,
					"seconds":	0.99993497133255,
					"bytes":	786432,
					"bits_per_second":	6291865.151606584,
					"retransmits":	0,
					"snd_cwnd":	68628,
					"snd_wnd":	65472,
					"rtt":	187664,
					"rttvar":	5198,
					"pmtu":	1500,
					"reorder":	0,
					"omitted":	false,
					"sender":	true
				}],
			"sum":	{
				"start":	4.001111,
				"end":	5.001046,
				"seconds":	0.99993497133255,
				"bytes":	786432,
				"bits_per_second":	6291865.151606584,
				"retransmits":	0,
				"omitted":	false,
				"sender":	true
			}
		}, {
			"streams":	[{
					"socket":	5,
					"start":	5.001046,
					"end":	6.001123,
					"seconds":	1.00007700920105,
					"bytes":	0,
					"bits_per_second":	0,
					"retransmits":	0,
					"snd_cwnd":	68628,
					"snd_wnd":	65472,
					"rtt":	204347,
					"rttvar":	3849,
					"pmtu":	1500,
					"reorder":	0,
					"omitted":	false,
					"sender":	true
				}],
			"sum":	{
				"start":	5.001046,
				"end":	6.001123,
				"seconds":	1.00007700920105,
				"bytes":	0,
				"bits_per_second":	0,
				"retransmits":	0,
				"omitted":	false,
				"sender":	true
			}
		}, {
			"streams":	[{
					"socket":	5,
					"start":	6.001123,
					"end":	7.001107,
					"seconds":	0.9999840259552002,
					"bytes":	0,
					"bits_per_second":	0,
					"retransmits":	0,
					"snd_cwnd":	68628,
					"snd_wnd":	65472,
					"rtt":	204531,
					"rttvar":	1820,
					"pmtu":	1500,
					"reorder":	0,
					"omitted":	false,
					"sender":	true
				}],
			"sum":	{
				"start":	6.001123,
				"end":	7.001107,
				"seconds":	0.9999840259552002,
				"bytes":	0,
				"bits_per_second":	0,
				"retransmits":	0,
				"omitted":	false,
				"sender":	true
			}
		}, {
			"streams":	[{
					"socket":	5,
					"start":	7.001107,
					"end":	8.00118,
					"seconds":	1.0000729560852051,
					"bytes":	786432,
					"bits_per_second":	6290997.0334844,
					"retransmits":	0,
					"snd_cwnd":	68628,
					"snd_wnd":	65472,
					"rtt":	187089,
					"rttvar":	3249,
					"pmtu":	1500,
					"reorder":	0,
					"omitted":	false,
					"sender":	true
				}],
			"sum":	{
				"start":	7.001107,
				"end":	8.00118,
				"seconds":	1.0000729560852051,
				"bytes":	786432,
				"bits_per_second":	6290997.0334844,
				"retransmits":	0,
				"omitted":	false,
				"sender":	true
			}
		}, {
			"streams":	[{
					"socket":	5,
					"start":	8.00118,
					"end":	9.001114,
					"seconds":	0.99993401765823364,
					"bytes":	0,
					"bits_per_second":	0,
					"retransmits":	1,
					"snd_cwnd":	68628,
					"snd_wnd":	65472,
					"rtt":	276667,
					"rttvar":	7222,
					"pmtu":	1500,
					"reorder":	0,
					"omitted":	false,
					"sender":	true
				}],
			"sum":	{
				"start":	8.00118,
				"end":	9.001114,
				"seconds":	0.99993401765823364,
				"bytes":	0,
				"bits_per_second":	0,
				"retransmits":	1,
				"omitted":	false,
				"sender":	true
			}
		}, {
			"streams":	[{
					"socket":	5,
					"start":	9.001114,
					"end":	10.001894,
					"seconds":	1.0007799863815308,
					"bytes":	786432,
					"bits_per_second":	6286552.57460503,
					"retransmits":	0,
					"snd_cwnd":	53352,
					"snd_wnd":	65472,
					"rtt":	159766,
					"rttvar":	4543,
					"pmtu":	1500,
					"reorder":	0,
					"omitted":	false,
					"sender":	true
				}],
			"sum":	{
				"start":	9.001114,
				"end":	10.001894,
				"seconds":	1.0007799863815308,
				"bytes":	786432,
				"bits_per_second":	6286552.57460503,
				"retransmits":	0,
				"omitted":	false,
				"sender":	true
			}
		}],
	"end":	{
		"streams":	[{
				"sender":	{
					"socket":	5,
					"start":	0,
					"end":	10.001894,
					"seconds":	10.001894,
					"bytes":	5242880,
					"bits_per_second":	4193509.7492534914,
					"retransmits":	1,
					"reorder":	0,
					"max_snd_cwnd":	68628,
					"max_snd_wnd":	65472,
					"max_rtt":	276667,
					"min_rtt":	59676,
					"mean_rtt":	161784,
					"sender":	true
				},
				"receiver":	{
					"socket":	5,
					"start":	0,
					"end":	10.373275,
					"seconds":	10.001894,
					"bytes":	3407872,
					"bits_per_second":	2628193.6996753677,
					"sender":	true
				}
			}],
		"sum_sent":	{
			"start":	0,
			"end":	10.001894,
			"seconds":	10.001894,
			"bytes":	5242880,
			"bits_per_second":	4193509.7492534914,
			"retransmits":	1,
			"sender":	true
		},
		"sum_received":	{
			"start":	0,
			"end":	10.373275,
			"seconds":	10.373275,
			"bytes":	3407872,
			"bits_per_second":	2628193.6996753677,
			"sender":	true
		},
		"cpu_utilization_percent":	{
			"host_total":	0.082291149426829927,
			"host_user":	0.035886814379180475,
			"host_system":	0.04639439410183803,
			"remote_total":	2.8639183200363476,
			"remote_user":	0.00882390331075925,
			"remote_system":	2.8550848150897772
		},
		"sender_tcp_congestion":	"cubic",
		"receiver_tcp_congestion":	"cubic"
	}
}
{
	"start":	{
		"connected":	[{
				"socket":	5,
				"local_host":	"192.168.1.48",
				"local_port":	57626,
				"remote_host":	"192.168.1.58",
				"remote_port":	5201
			}],
		"version":	"iperf 3.20",
		"system_info":	"Linux kuroi-washi 6.19.11+kali-amd64 #1 SMP PREEMPT_DYNAMIC Kali 6.19.11-1kali1 (2026-04-09) x86_64",
		"timestamp":	{
			"time":	"Thu, 23 Apr 2026 22:17:50 GMT",
			"timesecs":	1776982670,
			"timemillisecs":	1776982670540
		},
		"connecting_to":	{
			"host":	"192.168.1.58",
			"port":	5201
		},
		"cookie":	"gv4443jfmpduhmsubgonr7oyztpbv35cayvq",
		"tcp_mss":	88,
		"target_bitrate":	0,
		"fq_rate":	0,
		"sock_bufsize":	0,
		"sndbuf_actual":	16384,
		"rcvbuf_actual":	131072,
		"test_start":	{
			"protocol":	"TCP",
			"num_streams":	1,
			"blksize":	131072,
			"omit":	0,
			"duration":	10,
			"bytes":	0,
			"blocks":	0,
			"reverse":	0,
			"tos":	0,
			"target_bitrate":	0,
			"bidir":	0,
			"fqrate":	0,
			"interval":	1
		}
	},
	"intervals":	[{
			"streams":	[{
					"socket":	5,
					"start":	0,
					"end":	1.00111,
					"seconds":	1.0011099576950073,
					"bytes":	917504,
					"bits_per_second":	7331893.9079379067,
					"retransmits":	0,
					"snd_cwnd":	24548,
					"snd_wnd":	65472,
					"rtt":	68587,
					"rttvar":	2402,
					"pmtu":	1500,
					"reorder":	0,
					"omitted":	false,
					"sender":	true
				}],
			"sum":	{
				"start":	0,
				"end":	1.00111,
				"seconds":	1.0011099576950073,
				"bytes":	917504,
				"bits_per_second":	7331893.9079379067,
				"retransmits":	0,
				"omitted":	false,
				"sender":	true
			}
		}, {
			"streams":	[{
					"socket":	5,
					"start":	1.00111,
					"end":	2.001128,
					"seconds":	1.0000180006027222,
					"bytes":	786432,
					"bits_per_second":	6291342.7520385319,
					"retransmits":	0,
					"snd_cwnd":	40584,
					"snd_wnd":	65472,
					"rtt":	127578,
					"rttvar":	8002,
					"pmtu":	1500,
					"reorder":	0,
					"omitted":	false,
					"sender":	true
				}],
			"sum":	{
				"start":	1.00111,
				"end":	2.001128,
				"seconds":	1.0000180006027222,
				"bytes":	786432,
				"bits_per_second":	6291342.7520385319,
				"retransmits":	0,
				"omitted":	false,
				"sender":	true
			}
		}, {
			"streams":	[{
					"socket":	5,
					"start":	2.001128,
					"end":	3.001173,
					"seconds":	1.0000449419021606,
					"bytes":	524288,
					"bits_per_second":	4194115.5084711676,
					"retransmits":	0,
					"snd_cwnd":	57152,
					"snd_wnd":	65472,
					"rtt":	147061,
					"rttvar":	5572,
					"pmtu":	1500,
					"reorder":	0,
					"omitted":	false,
					"sender":	true
				}],
			"sum":	{
				"start":	2.001128,
				"end":	3.001173,
				"seconds":	1.0000449419021606,
				"bytes":	524288,
				"bits_per_second":	4194115.5084711676,
				"retransmits":	0,
				"omitted":	false,
				"sender":	true
			}
		}, {
			"streams":	[{
					"socket":	5,
					"start":	3.001173,
					"end":	4.001168,
					"seconds":	0.999994993209839,
					"bytes":	655360,
					"bits_per_second":	5242906.25013143,
					"retransmits":	0,
					"snd_cwnd":	68780,
					"snd_wnd":	65472,
					"rtt":	181513,
					"rttvar":	2985,
					"pmtu":	1500,
					"reorder":	0,
					"omitted":	false,
					"sender":	true
				}],
			"sum":	{
				"start":	3.001173,
				"end":	4.001168,
				"seconds":	0.999994993209839,
				"bytes":	655360,
				"bits_per_second":	5242906.25013143,
				"retransmits":	0,
				"omitted":	false,
				"sender":	true
			}
		}, {
			"streams":	[{
					"socket":	5,
					"start":	4.001168,
					"end":	5.001177,
					"seconds":	1.0000089406967163,
					"bytes":	786432,
					"bits_per_second":	6291399.75050291,
					"retransmits":	0,
					"snd_cwnd":	68780,
					"snd_wnd":	65472,
					"rtt":	184644,
					"rttvar":	8580,
					"pmtu":	1500,
					"reorder":	0,
					"omitted":	false,
					"sender":	true
				}],
			"sum":	{
				"start":	4.001168,
				"end":	5.001177,
				"seconds":	1.0000089406967163,
				"bytes":	786432,
				"bits_per_second":	6291399.75050291,
				"retransmits":	0,
				"omitted":	false,
				"sender":	true
			}
		}, {
			"streams":	[{
					"socket":	5,
					"start":	5.001177,
					"end":	6.001122,
					"seconds":	0.99994498491287231,
					"bytes":	0,
					"bits_per_second":	0,
					"retransmits":	0,
					"snd_cwnd":	68780,
					"snd_wnd":	65472,
					"rtt":	187102,
					"rttvar":	5137,
					"pmtu":	1500,
					"reorder":	0,
					"omitted":	false,
					"sender":	true
				}],
			"sum":	{
				"start":	5.001177,
				"end":	6.001122,
				"seconds":	0.99994498491287231,
				"bytes":	0,
				"bits_per_second":	0,
				"retransmits":	0,
				"omitted":	false,
				"sender":	true
			}
		}, {
			"streams":	[{
					"socket":	5,
					"start":	6.001122,
					"end":	7.001131,
					"seconds":	1.0000089406967163,
					"bytes":	786432,
					"bits_per_second":	6291399.75050291,
					"retransmits":	0,
					"snd_cwnd":	68780,
					"snd_wnd":	65472,
					"rtt":	192165,
					"rttvar":	3605,
					"pmtu":	1500,
					"reorder":	0,
					"omitted":	false,
					"sender":	true
				}],
			"sum":	{
				"start":	6.001122,
				"end":	7.001131,
				"seconds":	1.0000089406967163,
				"bytes":	786432,
				"bits_per_second":	6291399.75050291,
				"retransmits":	0,
				"omitted":	false,
				"sender":	true
			}
		}, {
			"streams":	[{
					"socket":	5,
					"start":	7.001131,
					"end":	8.001163,
					"seconds":	1.0000319480895996,
					"bytes":	0,
					"bits_per_second":	0,
					"retransmits":	0,
					"snd_cwnd":	68780,
					"snd_wnd":	65472,
					"rtt":	242603,
					"rttvar":	10270,
					"pmtu":	1500,
					"reorder":	0,
					"omitted":	false,
					"sender":	true
				}],
			"sum":	{
				"start":	7.001131,
				"end":	8.001163,
				"seconds":	1.0000319480895996,
				"bytes":	0,
				"bits_per_second":	0,
				"retransmits":	0,
				"omitted":	false,
				"sender":	true
			}
		}, {
			"streams":	[{
					"socket":	5,
					"start":	8.001163,
					"end":	9.001175,
					"seconds":	1.0000120401382446,
					"bytes":	0,
					"bits_per_second":	0,
					"retransmits":	0,
					"snd_cwnd":	68780,
					"snd_wnd":	65472,
					"rtt":	231588,
					"rttvar":	5713,
					"pmtu":	1500,
					"reorder":	0,
					"omitted":	false,
					"sender":	true
				}],
			"sum":	{
				"start":	8.001163,
				"end":	9.001175,
				"seconds":	1.0000120401382446,
				"bytes":	0,
				"bits_per_second":	0,
				"retransmits":	0,
				"omitted":	false,
				"sender":	true
			}
		}, {
			"streams":	[{
					"socket":	5,
					"start":	9.001175,
					"end":	10.002433,
					"seconds":	1.0012580156326294,
					"bytes":	655360,
					"bits_per_second":	5236292.661974214,
					"retransmits":	0,
					"snd_cwnd":	68780,
					"snd_wnd":	65472,
					"rtt":	171411,
					"rttvar":	2674,
					"pmtu":	1500,
					"reorder":	0,
					"omitted":	false,
					"sender":	true
				}],
			"sum":	{
				"start":	9.001175,
				"end":	10.002433,
				"seconds":	1.0012580156326294,
				"bytes":	655360,
				"bits_per_second":	5236292.661974214,
				"retransmits":	0,
				"omitted":	false,
				"sender":	true
			}
		}],
	"end":	{
		"streams":	[{
				"sender":	{
					"socket":	5,
					"start":	0,
					"end":	10.002433,
					"seconds":	10.002433,
					"bytes":	5111808,
					"bits_per_second":	4088451.6797063276,
					"retransmits":	0,
					"reorder":	0,
					"max_snd_cwnd":	68780,
					"max_snd_wnd":	65472,
					"max_rtt":	242603,
					"min_rtt":	68587,
					"mean_rtt":	173425,
					"sender":	true
				},
				"receiver":	{
					"socket":	5,
					"start":	0,
					"end":	10.331862,
					"seconds":	10.002433,
					"bytes":	3407872,
					"bits_per_second":	2638728.2369818725,
					"sender":	true
				}
			}],
		"sum_sent":	{
			"start":	0,
			"end":	10.002433,
			"seconds":	10.002433,
			"bytes":	5111808,
			"bits_per_second":	4088451.6797063276,
			"retransmits":	0,
			"sender":	true
		},
		"sum_received":	{
			"start":	0,
			"end":	10.331862,
			"seconds":	10.331862,
			"bytes":	3407872,
			"bits_per_second":	2638728.2369818725,
			"sender":	true
		},
		"cpu_utilization_percent":	{
			"host_total":	0.0939410227759254,
			"host_user":	0,
			"host_system":	0.09395096572922515,
			"remote_total":	2.95217619595672,
			"remote_user":	0.0904914105965789,
			"remote_system":	2.8616751422004438
		},
		"sender_tcp_congestion":	"cubic",
		"receiver_tcp_congestion":	"cubic"
	}
}
