{
	"start":	{
		"connected":	[{
				"socket":	5,
				"local_host":	"192.168.1.3",
				"local_port":	35254,
				"remote_host":	"192.168.1.58",
				"remote_port":	5201
			}],
		"version":	"iperf 3.20",
		"system_info":	"Linux kuroi-washi 6.19.11+kali-amd64 #1 SMP PREEMPT_DYNAMIC Kali 6.19.11-1kali1 (2026-04-09) x86_64",
		"timestamp":	{
			"time":	"Thu, 23 Apr 2026 20:44:50 GMT",
			"timesecs":	1776977090,
			"timemillisecs":	1776977090938
		},
		"connecting_to":	{
			"host":	"192.168.1.58",
			"port":	5201
		},
		"cookie":	"o6imbpgssh6dof4x3r34glbt4frcvla3knix",
		"tcp_mss":	500,
		"target_bitrate":	0,
		"fq_rate":	0,
		"sock_bufsize":	0,
		"sndbuf_actual":	16384,
		"rcvbuf_actual":	131072,
		"test_start":	{
			"protocol":	"TCP",
			"num_streams":	1,
			"blksize":	131072,
			"omit":	0,
			"duration":	10,
			"bytes":	0,
			"blocks":	0,
			"reverse":	0,
			"tos":	0,
			"target_bitrate":	0,
			"bidir":	0,
			"fqrate":	0,
			"interval":	1
		}
	},
	"intervals":	[{
			"streams":	[{
					"socket":	5,
					"start":	0,
					"end":	1.001071,
					"seconds":	1.0010709762573242,
					"bytes":	4587520,
					"bits_per_second":	36660897.049687579,
					"retransmits":	0,
					"snd_cwnd":	220576,
					"snd_wnd":	970816,
					"rtt":	45887,
					"rttvar":	4663,
					"pmtu":	1500,
					"reorder":	0,
					"omitted":	false,
					"sender":	true
				}],
			"sum":	{
				"start":	0,
				"end":	1.001071,
				"seconds":	1.0010709762573242,
				"bytes":	4587520,
				"bits_per_second":	36660897.049687579,
				"retransmits":	0,
				"omitted":	false,
				"sender":	true
			}
		}, {
			"streams":	[{
					"socket":	5,
					"start":	1.001071,
					"end":	2.001142,
					"seconds":	1.0000710487365723,
					"bytes":	5111808,
					"bits_per_second":	40891558.706417441,
					"retransmits":	0,
					"snd_cwnd":	387472,
					"snd_wnd":	972736,
					"rtt":	86126,
					"rttvar":	26187,
					"pmtu":	1500,
					"reorder":	0,
					"omitted":	false,
					"sender":	true
				}],
			"sum":	{
				"start":	1.001071,
				"end":	2.001142,
				"seconds":	1.0000710487365723,
				"bytes":	5111808,
				"bits_per_second":	40891558.706417441,
				"retransmits":	0,
				"omitted":	false,
				"sender":	true
			}
		}, {
			"streams":	[{
					"socket":	5,
					"start":	2.001142,
					"end":	3.001072,
					"seconds":	0.99993002414703369,
					"bytes":	4063232,
					"bits_per_second":	32508130.784179963,
					"retransmits":	0,
					"snd_cwnd":	582672,
					"snd_wnd":	972736,
					"rtt":	135018,
					"rttvar":	2985,
					"pmtu":	1500,
					"reorder":	0,
					"omitted":	false,
					"sender":	true
				}],
			"sum":	{
				"start":	2.001142,
				"end":	3.001072,
				"seconds":	0.99993002414703369,
				"bytes":	4063232,
				"bits_per_second":	32508130.784179963,
				"retransmits":	0,
				"omitted":	false,
				"sender":	true
			}
		}, {
			"streams":	[{
					"socket":	5,
					"start":	3.001072,
					"end":	4.001137,
					"seconds":	1.0000649690628052,
					"bytes":	3014656,
					"bits_per_second":	24115681.226791788,
					"retransmits":	0,
					"snd_cwnd":	751520,
					"snd_wnd":	972736,
					"rtt":	95120,
					"rttvar":	8818,
					"pmtu":	1500,
					"reorder":	0,
					"omitted":	false,
					"sender":	true
				}],
			"sum":	{
				"start":	3.001072,
				"end":	4.001137,
				"seconds":	1.0000649690628052,
				"bytes":	3014656,
				"bits_per_second":	24115681.226791788,
				"retransmits":	0,
				"omitted":	false,
				"sender":	true
			}
		}, {
			"streams":	[{
					"socket":	5,
					"start":	4.001137,
					"end":	5.001132,
					"seconds":	0.999994993209839,
					"bytes":	4456448,
					"bits_per_second":	35651762.500893719,
					"retransmits":	0,
					"snd_cwnd":	938424,
					"snd_wnd":	974720,
					"rtt":	112506,
					"rttvar":	5733,
					"pmtu":	1500,
					"reorder":	0,
					"omitted":	false,
					"sender":	true
				}],
			"sum":	{
				"start":	4.001137,
				"end":	5.001132,
				"seconds":	0.999994993209839,
				"bytes":	4456448,
				"bits_per_second":	35651762.500893719,
				"retransmits":	0,
				"omitted":	false,
				"sender":	true
			}
		}, {
			"streams":	[{
					"socket":	5,
					"start":	5.001132,
					"end":	6.001143,
					"seconds":	1.0000109672546387,
					"bytes":	3407872,
					"bits_per_second":	27262677.003279172,
					"retransmits":	0,
					"snd_cwnd":	1009184,
					"snd_wnd":	981824,
					"rtt":	99197,
					"rttvar":	83469,
					"pmtu":	1500,
					"reorder":	0,
					"omitted":	false,
					"sender":	true
				}],
			"sum":	{
				"start":	5.001132,
				"end":	6.001143,
				"seconds":	1.0000109672546387,
				"bytes":	3407872,
				"bits_per_second":	27262677.003279172,
				"retransmits":	0,
				"omitted":	false,
				"sender":	true
			}
		}, {
			"streams":	[{
					"socket":	5,
					"start":	6.001143,
					"end":	7.001142,
					"seconds":	0.99999898672103882,
					"bytes":	1966080,
					"bits_per_second":	15728655.937516149,
					"retransmits":	1,
					"snd_cwnd":	733464,
					"snd_wnd":	981824,
					"rtt":	71061,
					"rttvar":	24646,
					"pmtu":	1500,
					"reorder":	0,
					"omitted":	false,
					"sender":	true
				}],
			"sum":	{
				"start":	6.001143,
				"end":	7.001142,
				"seconds":	0.99999898672103882,
				"bytes":	1966080,
				"bits_per_second":	15728655.937516149,
				"retransmits":	1,
				"omitted":	false,
				"sender":	true
			}
		}, {
			"streams":	[{
					"socket":	5,
					"start":	7.001142,
					"end":	8.001146,
					"seconds":	1.0000040531158447,
					"bytes":	3801088,
					"bits_per_second":	30408580.750499543,
					"retransmits":	0,
					"snd_cwnd":	802272,
					"snd_wnd":	983808,
					"rtt":	126977,
					"rttvar":	61186,
					"pmtu":	1500,
					"reorder":	0,
					"omitted":	false,
					"sender":	true
				}],
			"sum":	{
				"start":	7.001142,
				"end":	8.001146,
				"seconds":	1.0000040531158447,
				"bytes":	3801088,
				"bits_per_second":	30408580.750499543,
				"retransmits":	0,
				"omitted":	false,
				"sender":	true
			}
		}, {
			"streams":	[{
					"socket":	5,
					"start":	8.001146,
					"end":	9.00103,
					"seconds":	0.999884009361267,
					"bytes":	3276800,
					"bits_per_second":	26217440.977724947,
					"retransmits":	0,
					"snd_cwnd":	858392,
					"snd_wnd":	983808,
					"rtt":	145171,
					"rttvar":	27621,
					"pmtu":	1500,
					"reorder":	0,
					"omitted":	false,
					"sender":	true
				}],
			"sum":	{
				"start":	8.001146,
				"end":	9.00103,
				"seconds":	0.999884009361267,
				"bytes":	3276800,
				"bits_per_second":	26217440.977724947,
				"retransmits":	0,
				"omitted":	false,
				"sender":	true
			}
		}, {
			"streams":	[{
					"socket":	5,
					"start":	9.00103,
					"end":	10.001656,
					"seconds":	1.0006259679794312,
					"bytes":	3145728,
					"bits_per_second":	25150080.854704849,
					"retransmits":	40,
					"snd_cwnd":	264496,
					"snd_wnd":	983808,
					"rtt":	52593,
					"rttvar":	34647,
					"pmtu":	1500,
					"reorder":	0,
					"omitted":	false,
					"sender":	true
				}],
			"sum":	{
				"start":	9.00103,
				"end":	10.001656,
				"seconds":	1.0006259679794312,
				"bytes":	3145728,
				"bits_per_second":	25150080.854704849,
				"retransmits":	40,
				"omitted":	false,
				"sender":	true
			}
		}],
	"end":	{
		"streams":	[{
				"sender":	{
					"socket":	5,
					"start":	0,
					"end":	10.001656,
					"seconds":	10.001656,
					"bytes":	36831232,
					"bits_per_second":	29460107.006279759,
					"retransmits":	41,
					"reorder":	0,
					"max_snd_cwnd":	1009184,
					"max_snd_wnd":	983808,
					"max_rtt":	145171,
					"min_rtt":	45887,
					"mean_rtt":	96965,
					"sender":	true
				},
				"receiver":	{
					"socket":	5,
					"start":	0,
					"end":	10.143039,
					"seconds":	10.001656,
					"bytes":	32899072,
					"bits_per_second":	25948098.592542138,
					"sender":	true
				}
			}],
		"sum_sent":	{
			"start":	0,
			"end":	10.001656,
			"seconds":	10.001656,
			"bytes":	36831232,
			"bits_per_second":	29460107.006279759,
			"retransmits":	41,
			"sender":	true
		},
		"sum_received":	{
			"start":	0,
			"end":	10.143039,
			"seconds":	10.143039,
			"bytes":	32899072,
			"bits_per_second":	25948098.592542138,
			"sender":	true
		},
		"cpu_utilization_percent":	{
			"host_total":	0.18969605089842681,
			"host_user":	0.0734448393269876,
			"host_system":	0.11622138827447374,
			"remote_total":	17.444224907657784,
			"remote_user":	0.081372202646267267,
			"remote_system":	17.3628330498901
		},
		"sender_tcp_congestion":	"cubic",
		"receiver_tcp_congestion":	"cubic"
	}
}
{
	"start":	{
		"connected":	[{
				"socket":	5,
				"local_host":	"192.168.1.3",
				"local_port":	46790,
				"remote_host":	"192.168.1.58",
				"remote_port":	5201
			}],
		"version":	"iperf 3.20",
		"system_info":	"Linux kuroi-washi 6.19.11+kali-amd64 #1 SMP PREEMPT_DYNAMIC Kali 6.19.11-1kali1 (2026-04-09) x86_64",
		"timestamp":	{
			"time":	"Thu, 23 Apr 2026 20:45:01 GMT",
			"timesecs":	1776977101,
			"timemillisecs":	1776977101515
		},
		"connecting_to":	{
			"host":	"192.168.1.58",
			"port":	5201
		},
		"cookie":	"vwb22zm3ilans2cfo63svft23hxngree6qht",
		"tcp_mss":	500,
		"target_bitrate":	0,
		"fq_rate":	0,
		"sock_bufsize":	0,
		"sndbuf_actual":	16384,
		"rcvbuf_actual":	131072,
		"test_start":	{
			"protocol":	"TCP",
			"num_streams":	1,
			"blksize":	131072,
			"omit":	0,
			"duration":	10,
			"bytes":	0,
			"blocks":	0,
			"reverse":	0,
			"tos":	0,
			"target_bitrate":	0,
			"bidir":	0,
			"fqrate":	0,
			"interval":	1
		}
	},
	"intervals":	[{
			"streams":	[{
					"socket":	5,
					"start":	0,
					"end":	1.001088,
					"seconds":	1.00108802318573,
					"bytes":	4325376,
					"bits_per_second":	34565400.043328829,
					"retransmits":	0,
					"snd_cwnd":	206424,
					"snd_wnd":	969024,
					"rtt":	35803,
					"rttvar":	2131,
					"pmtu":	1500,
					"reorder":	0,
					"omitted":	false,
					"sender":	true
				}],
			"sum":	{
				"start":	0,
				"end":	1.001088,
				"seconds":	1.00108802318573,
				"bytes":	4325376,
				"bits_per_second":	34565400.043328829,
				"retransmits":	0,
				"omitted":	false,
				"sender":	true
			}
		}, {
			"streams":	[{
					"socket":	5,
					"start":	1.001088,
					"end":	2.000203,
					"seconds":	0.999114990234375,
					"bytes":	4718592,
					"bits_per_second":	37782173.592595987,
					"retransmits":	0,
					"snd_cwnd":	386984,
					"snd_wnd":	969024,
					"rtt":	51330,
					"rttvar":	18428,
					"pmtu":	1500,
					"reorder":	0,
					"omitted":	false,
					"sender":	true
				}],
			"sum":	{
				"start":	1.001088,
				"end":	2.000203,
				"seconds":	0.999114990234375,
				"bytes":	4718592,
				"bits_per_second":	37782173.592595987,
				"retransmits":	0,
				"omitted":	false,
				"sender":	true
			}
		}, {
			"streams":	[{
					"socket":	5,
					"start":	2.000203,
					"end":	3.00016,
					"seconds":	0.999957025051117,
					"bytes":	4587520,
					"bits_per_second":	36701737.255282462,
					"retransmits":	0,
					"snd_cwnd":	532408,
					"snd_wnd":	969024,
					"rtt":	62630,
					"rttvar":	3963,
					"pmtu":	1500,
					"reorder":	0,
					"omitted":	false,
					"sender":	true
				}],
			"sum":	{
				"start":	2.000203,
				"end":	3.00016,
				"seconds":	0.999957025051117,
				"bytes":	4587520,
				"bits_per_second":	36701737.255282462,
				"retransmits":	0,
				"omitted":	false,
				"sender":	true
			}
		}, {
			"streams":	[{
					"socket":	5,
					"start":	3.00016,
					"end":	4.001127,
					"seconds":	1.0009670257568359,
					"bytes":	3145728,
					"bits_per_second":	25141511.510803267,
					"retransmits":	0,
					"snd_cwnd":	691008,
					"snd_wnd":	969024,
					"rtt":	56963,
					"rttvar":	6199,
					"pmtu":	1500,
					"reorder":	0,
					"omitted":	false,
					"sender":	true
				}],
			"sum":	{
				"start":	3.00016,
				"end":	4.001127,
				"seconds":	1.0009670257568359,
				"bytes":	3145728,
				"bits_per_second":	25141511.510803267,
				"retransmits":	0,
				"omitted":	false,
				"sender":	true
			}
		}, {
			"streams":	[{
					"socket":	5,
					"start":	4.001127,
					"end":	5.00025,
					"seconds":	0.999122977256775,
					"bytes":	3014656,
					"bits_per_second":	24138417.941520184,
					"retransmits":	0,
					"snd_cwnd":	828624,
					"snd_wnd":	970944,
					"rtt":	98452,
					"rttvar":	31210,
					"pmtu":	1500,
					"reorder":	0,
					"omitted":	false,
					"sender":	true
				}],
			"sum":	{
				"start":	4.001127,
				"end":	5.00025,
				"seconds":	0.999122977256775,
				"bytes":	3014656,
				"bits_per_second":	24138417.941520184,
				"retransmits":	0,
				"omitted":	false,
				"sender":	true
			}
		}, {
			"streams":	[{
					"socket":	5,
					"start":	5.00025,
					"end":	6.000129,
					"seconds":	0.999879002571106,
					"bytes":	3145728,
					"bits_per_second":	25168869.368481755,
					"retransmits":	0,
					"snd_cwnd":	979904,
					"snd_wnd":	972928,
					"rtt":	52708,
					"rttvar":	6540,
					"pmtu":	1500,
					"reorder":	0,
					"omitted":	false,
					"sender":	true
				}],
			"sum":	{
				"start":	5.00025,
				"end":	6.000129,
				"seconds":	0.999879002571106,
				"bytes":	3145728,
				"bits_per_second":	25168869.368481755,
				"retransmits":	0,
				"omitted":	false,
				"sender":	true
			}
		}, {
			"streams":	[{
					"socket":	5,
					"start":	6.000129,
					"end":	7.001144,
					"seconds":	1.0010149478912354,
					"bytes":	2097152,
					"bits_per_second":	16760205.265009606,
					"retransmits":	165,
					"snd_cwnd":	686128,
					"snd_wnd":	972928,
					"rtt":	52265,
					"rttvar":	56390,
					"pmtu":	1500,
					"reorder":	0,
					"omitted":	false,
					"sender":	true
				}],
			"sum":	{
				"start":	6.000129,
				"end":	7.001144,
				"seconds":	1.0010149478912354,
				"bytes":	2097152,
				"bits_per_second":	16760205.265009606,
				"retransmits":	165,
				"omitted":	false,
				"sender":	true
			}
		}, {
			"streams":	[{
					"socket":	5,
					"start":	7.001144,
					"end":	8.001142,
					"seconds":	0.99999797344207764,
					"bytes":	3014656,
					"bits_per_second":	24117296.875099048,
					"retransmits":	0,
					"snd_cwnd":	756400,
					"snd_wnd":	972928,
					"rtt":	127478,
					"rttvar":	20024,
					"pmtu":	1500,
					"reorder":	0,
					"omitted":	false,
					"sender":	true
				}],
			"sum":	{
				"start":	7.001144,
				"end":	8.001142,
				"seconds":	0.99999797344207764,
				"bytes":	3014656,
				"bits_per_second":	24117296.875099048,
				"retransmits":	0,
				"omitted":	false,
				"sender":	true
			}
		}, {
			"streams":	[{
					"socket":	5,
					"start":	8.001142,
					"end":	9.000236,
					"seconds":	0.999094009399414,
					"bytes":	4194304,
					"bits_per_second":	33584859.567089781,
					"retransmits":	0,
					"snd_cwnd":	817888,
					"snd_wnd":	974848,
					"rtt":	64935,
					"rttvar":	6888,
					"pmtu":	1500,
					"reorder":	0,
					"omitted":	false,
					"sender":	true
				}],
			"sum":	{
				"start":	8.001142,
				"end":	9.000236,
				"seconds":	0.999094009399414,
				"bytes":	4194304,
				"bits_per_second":	33584859.567089781,
				"retransmits":	0,
				"omitted":	false,
				"sender":	true
			}
		}, {
			"streams":	[{
					"socket":	5,
					"start":	9.000236,
					"end":	10.00141,
					"seconds":	1.0011739730834961,
					"bytes":	2097152,
					"bits_per_second":	16757543.095460404,
					"retransmits":	0,
					"snd_cwnd":	868152,
					"snd_wnd":	974848,
					"rtt":	40809,
					"rttvar":	25013,
					"pmtu":	1500,
					"reorder":	0,
					"omitted":	false,
					"sender":	true
				}],
			"sum":	{
				"start":	9.000236,
				"end":	10.00141,
				"seconds":	1.0011739730834961,
				"bytes":	2097152,
				"bits_per_second":	16757543.095460404,
				"retransmits":	0,
				"omitted":	false,
				"sender":	true
			}
		}],
	"end":	{
		"streams":	[{
				"sender":	{
					"socket":	5,
					"start":	0,
					"end":	10.00141,
					"seconds":	10.00141,
					"bytes":	34340864,
					"bits_per_second":	27468818.096648373,
					"retransmits":	165,
					"reorder":	0,
					"max_snd_cwnd":	979904,
					"max_snd_wnd":	974848,
					"max_rtt":	127478,
					"min_rtt":	35803,
					"mean_rtt":	64337,
					"sender":	true
				},
				"receiver":	{
					"socket":	5,
					"start":	0,
					"end":	10.298662,
					"seconds":	10.00141,
					"bytes":	31326208,
					"bits_per_second":	24334196.422797445,
					"sender":	true
				}
			}],
		"sum_sent":	{
			"start":	0,
			"end":	10.00141,
			"seconds":	10.00141,
			"bytes":	34340864,
			"bits_per_second":	27468818.096648373,
			"retransmits":	165,
			"sender":	true
		},
		"sum_received":	{
			"start":	0,
			"end":	10.298662,
			"seconds":	10.298662,
			"bytes":	31326208,
			"bits_per_second":	24334196.422797445,
			"sender":	true
		},
		"cpu_utilization_percent":	{
			"host_total":	0.17247496404120669,
			"host_user":	0,
			"host_system":	0.17244514128085378,
			"remote_total":	16.246538136262675,
			"remote_user":	0,
			"remote_system":	16.246538136262675
		},
		"sender_tcp_congestion":	"cubic",
		"receiver_tcp_congestion":	"cubic"
	}
}
{
	"start":	{
		"connected":	[{
				"socket":	5,
				"local_host":	"192.168.1.3",
				"local_port":	38448,
				"remote_host":	"192.168.1.58",
				"remote_port":	5201
			}],
		"version":	"iperf 3.20",
		"system_info":	"Linux kuroi-washi 6.19.11+kali-amd64 #1 SMP PREEMPT_DYNAMIC Kali 6.19.11-1kali1 (2026-04-09) x86_64",
		"timestamp":	{
			"time":	"Thu, 23 Apr 2026 20:45:12 GMT",
			"timesecs":	1776977112,
			"timemillisecs":	1776977112144
		},
		"connecting_to":	{
			"host":	"192.168.1.58",
			"port":	5201
		},
		"cookie":	"3xtaszzciz7ftjtjbs2qlfqannqs6oujb2xu",
		"tcp_mss":	500,
		"target_bitrate":	0,
		"fq_rate":	0,
		"sock_bufsize":	0,
		"sndbuf_actual":	16384,
		"rcvbuf_actual":	131072,
		"test_start":	{
			"protocol":	"TCP",
			"num_streams":	1,
			"blksize":	131072,
			"omit":	0,
			"duration":	10,
			"bytes":	0,
			"blocks":	0,
			"reverse":	0,
			"tos":	0,
			"target_bitrate":	0,
			"bidir":	0,
			"fqrate":	0,
			"interval":	1
		}
	},
	"intervals":	[{
			"streams":	[{
					"socket":	5,
					"start":	0,
					"end":	1.001066,
					"seconds":	1.0010659694671631,
					"bytes":	4194304,
					"bits_per_second":	33518702.086996328,
					"retransmits":	0,
					"snd_cwnd":	206912,
					"snd_wnd":	972608,
					"rtt":	39340,
					"rttvar":	5255,
					"pmtu":	1500,
					"reorder":	0,
					"omitted":	false,
					"sender":	true
				}],
			"sum":	{
				"start":	0,
				"end":	1.001066,
				"seconds":	1.0010659694671631,
				"bytes":	4194304,
				"bits_per_second":	33518702.086996328,
				"retransmits":	0,
				"omitted":	false,
				"sender":	true
			}
		}, {
			"streams":	[{
					"socket":	5,
					"start":	1.001066,
					"end":	2.001134,
					"seconds":	1.0000679492950439,
					"bytes":	4718592,
					"bits_per_second":	37746171.1742781,
					"retransmits":	0,
					"snd_cwnd":	383080,
					"snd_wnd":	972608,
					"rtt":	33682,
					"rttvar":	16003,
					"pmtu":	1500,
					"reorder":	0,
					"omitted":	false,
					"sender":	true
				}],
			"sum":	{
				"start":	1.001066,
				"end":	2.001134,
				"seconds":	1.0000679492950439,
				"bytes":	4718592,
				"bits_per_second":	37746171.1742781,
				"retransmits":	0,
				"omitted":	false,
				"sender":	true
			}
		}, {
			"streams":	[{
					"socket":	5,
					"start":	2.001134,
					"end":	3.001135,
					"seconds":	1.0000009536743164,
					"bytes":	3932160,
					"bits_per_second":	31457250.00002861,
					"retransmits":	0,
					"snd_cwnd":	528504,
					"snd_wnd":	974528,
					"rtt":	112637,
					"rttvar":	18874,
					"pmtu":	1500,
					"reorder":	0,
					"omitted":	false,
					"sender":	true
				}],
			"sum":	{
				"start":	2.001134,
				"end":	3.001135,
				"seconds":	1.0000009536743164,
				"bytes":	3932160,
				"bits_per_second":	31457250.00002861,
				"retransmits":	0,
				"omitted":	false,
				"sender":	true
			}
		}, {
			"streams":	[{
					"socket":	5,
					"start":	3.001135,
					"end":	4.001155,
					"seconds":	1.0000200271606445,
					"bytes":	2752512,
					"bits_per_second":	22019655.0088318,
					"retransmits":	0,
					"snd_cwnd":	664168,
					"snd_wnd":	974528,
					"rtt":	79687,
					"rttvar":	56531,
					"pmtu":	1500,
					"reorder":	0,
					"omitted":	false,
					"sender":	true
				}],
			"sum":	{
				"start":	3.001135,
				"end":	4.001155,
				"seconds":	1.0000200271606445,
				"bytes":	2752512,
				"bits_per_second":	22019655.0088318,
				"retransmits":	0,
				"omitted":	false,
				"sender":	true
			}
		}, {
			"streams":	[{
					"socket":	5,
					"start":	4.001155,
					"end":	5.001068,
					"seconds":	0.999912977218628,
					"bytes":	3014656,
					"bits_per_second":	24119346.932654958,
					"retransmits":	38,
					"snd_cwnd":	531920,
					"snd_wnd":	974528,
					"rtt":	193229,
					"rttvar":	1569,
					"pmtu":	1500,
					"reorder":	0,
					"omitted":	false,
					"sender":	true
				}],
			"sum":	{
				"start":	4.001155,
				"end":	5.001068,
				"seconds":	0.999912977218628,
				"bytes":	3014656,
				"bits_per_second":	24119346.932654958,
				"retransmits":	38,
				"omitted":	false,
				"sender":	true
			}
		}, {
			"streams":	[{
					"socket":	5,
					"start":	5.001068,
					"end":	6.000087,
					"seconds":	0.99901902675628662,
					"bytes":	4194304,
					"bits_per_second":	33587380.321421742,
					"retransmits":	0,
					"snd_cwnd":	580720,
					"snd_wnd":	979392,
					"rtt":	101366,
					"rttvar":	5376,
					"pmtu":	1500,
					"reorder":	0,
					"omitted":	false,
					"sender":	true
				}],
			"sum":	{
				"start":	5.001068,
				"end":	6.000087,
				"seconds":	0.99901902675628662,
				"bytes":	4194304,
				"bits_per_second":	33587380.321421742,
				"retransmits":	0,
				"omitted":	false,
				"sender":	true
			}
		}, {
			"streams":	[{
					"socket":	5,
					"start":	6.000087,
					"end":	7.001131,
					"seconds":	1.0010440349578857,
					"bytes":	2883584,
					"bits_per_second":	23044612.618835,
					"retransmits":	0,
					"snd_cwnd":	617320,
					"snd_wnd":	981376,
					"rtt":	66371,
					"rttvar":	10766,
					"pmtu":	1500,
					"reorder":	0,
					"omitted":	false,
					"sender":	true
				}],
			"sum":	{
				"start":	6.000087,
				"end":	7.001131,
				"seconds":	1.0010440349578857,
				"bytes":	2883584,
				"bits_per_second":	23044612.618835,
				"retransmits":	0,
				"omitted":	false,
				"sender":	true
			}
		}, {
			"streams":	[{
					"socket":	5,
					"start":	7.001131,
					"end":	8.001067,
					"seconds":	0.99993598461151123,
					"bytes":	3014656,
					"bits_per_second":	24118791.973838083,
					"retransmits":	0,
					"snd_cwnd":	641232,
					"snd_wnd":	981376,
					"rtt":	240412,
					"rttvar":	41234,
					"pmtu":	1500,
					"reorder":	0,
					"omitted":	false,
					"sender":	true
				}],
			"sum":	{
				"start":	7.001131,
				"end":	8.001067,
				"seconds":	0.99993598461151123,
				"bytes":	3014656,
				"bits_per_second":	24118791.973838083,
				"retransmits":	0,
				"omitted":	false,
				"sender":	true
			}
		}, {
			"streams":	[{
					"socket":	5,
					"start":	8.001067,
					"end":	9.001132,
					"seconds":	1.0000649690628052,
					"bytes":	3276800,
					"bits_per_second":	26212696.985643245,
					"retransmits":	0,
					"snd_cwnd":	664168,
					"snd_wnd":	981376,
					"rtt":	58001,
					"rttvar":	11980,
					"pmtu":	1500,
					"reorder":	0,
					"omitted":	false,
					"sender":	true
				}],
			"sum":	{
				"start":	8.001067,
				"end":	9.001132,
				"seconds":	1.0000649690628052,
				"bytes":	3276800,
				"bits_per_second":	26212696.985643245,
				"retransmits":	0,
				"omitted":	false,
				"sender":	true
			}
		}, {
			"streams":	[{
					"socket":	5,
					"start":	9.001132,
					"end":	10.001915,
					"seconds":	1.0007829666137695,
					"bytes":	3014656,
					"bits_per_second":	24098379.773191653,
					"retransmits":	7,
					"snd_cwnd":	481168,
					"snd_wnd":	981376,
					"rtt":	41340,
					"rttvar":	4112,
					"pmtu":	1500,
					"reorder":	0,
					"omitted":	false,
					"sender":	true
				}],
			"sum":	{
				"start":	9.001132,
				"end":	10.001915,
				"seconds":	1.0007829666137695,
				"bytes":	3014656,
				"bits_per_second":	24098379.773191653,
				"retransmits":	7,
				"omitted":	false,
				"sender":	true
			}
		}],
	"end":	{
		"streams":	[{
				"sender":	{
					"socket":	5,
					"start":	0,
					"end":	10.001915,
					"seconds":	10.001915,
					"bytes":	34996224,
					"bits_per_second":	27991618.804998841,
					"retransmits":	45,
					"reorder":	0,
					"max_snd_cwnd":	664168,
					"max_snd_wnd":	981376,
					"max_rtt":	240412,
					"min_rtt":	33682,
					"mean_rtt":	96606,
					"sender":	true
				},
				"receiver":	{
					"socket":	5,
					"start":	0,
					"end":	10.119015,
					"seconds":	10.001915,
					"bytes":	30670848,
					"bits_per_second":	24248089.759724639,
					"sender":	true
				}
			}],
		"sum_sent":	{
			"start":	0,
			"end":	10.001915,
			"seconds":	10.001915,
			"bytes":	34996224,
			"bits_per_second":	27991618.804998841,
			"retransmits":	45,
			"sender":	true
		},
		"sum_received":	{
			"start":	0,
			"end":	10.119015,
			"seconds":	10.119015,
			"bytes":	30670848,
			"bits_per_second":	24248089.759724639,
			"sender":	true
		},
		"cpu_utilization_percent":	{
			"host_total":	0.1913126865119785,
			"host_user":	0,
			"host_system":	0.1913126865119785,
			"remote_total":	16.278263429618317,
			"remote_user":	0.010798831755580661,
			"remote_system":	16.2674843037601
		},
		"sender_tcp_congestion":	"cubic",
		"receiver_tcp_congestion":	"cubic"
	}
}
{
	"start":	{
		"connected":	[{
				"socket":	5,
				"local_host":	"192.168.1.3",
				"local_port":	56006,
				"remote_host":	"192.168.1.58",
				"remote_port":	5201
			}],
		"version":	"iperf 3.20",
		"system_info":	"Linux kuroi-washi 6.19.11+kali-amd64 #1 SMP PREEMPT_DYNAMIC Kali 6.19.11-1kali1 (2026-04-09) x86_64",
		"timestamp":	{
			"time":	"Thu, 23 Apr 2026 20:45:22 GMT",
			"timesecs":	1776977122,
			"timemillisecs":	1776977122397
		},
		"connecting_to":	{
			"host":	"192.168.1.58",
			"port":	5201
		},
		"cookie":	"4lpxndcnwjzhxyb7slde4aucshvchup22isx",
		"tcp_mss":	500,
		"target_bitrate":	0,
		"fq_rate":	0,
		"sock_bufsize":	0,
		"sndbuf_actual":	16384,
		"rcvbuf_actual":	131072,
		"test_start":	{
			"protocol":	"TCP",
			"num_streams":	1,
			"blksize":	131072,
			"omit":	0,
			"duration":	10,
			"bytes":	0,
			"blocks":	0,
			"reverse":	0,
			"tos":	0,
			"target_bitrate":	0,
			"bidir":	0,
			"fqrate":	0,
			"interval":	1
		}
	},
	"intervals":	[{
			"streams":	[{
					"socket":	5,
					"start":	0,
					"end":	1.001112,
					"seconds":	1.00111198425293,
					"bytes":	3801088,
					"bits_per_second":	30374927.558870655,
					"retransmits":	0,
					"snd_cwnd":	143472,
					"snd_wnd":	972928,
					"rtt":	36558,
					"rttvar":	1599,
					"pmtu":	1500,
					"reorder":	0,
					"omitted":	false,
					"sender":	true
				}],
			"sum":	{
				"start":	0,
				"end":	1.001112,
				"seconds":	1.00111198425293,
				"bytes":	3801088,
				"bits_per_second":	30374927.558870655,
				"retransmits":	0,
				"omitted":	false,
				"sender":	true
			}
		}, {
			"streams":	[{
					"socket":	5,
					"start":	1.001112,
					"end":	2.001067,
					"seconds":	0.99995499849319458,
					"bytes":	5636096,
					"bits_per_second":	45090797.153814979,
					"retransmits":	0,
					"snd_cwnd":	338184,
					"snd_wnd":	974848,
					"rtt":	34369,
					"rttvar":	7661,
					"pmtu":	1500,
					"reorder":	0,
					"omitted":	false,
					"sender":	true
				}],
			"sum":	{
				"start":	1.001112,
				"end":	2.001067,
				"seconds":	0.99995499849319458,
				"bytes":	5636096,
				"bits_per_second":	45090797.153814979,
				"retransmits":	0,
				"omitted":	false,
				"sender":	true
			}
		}, {
			"streams":	[{
					"socket":	5,
					"start":	2.001067,
					"end":	3.001137,
					"seconds":	1.0000699758529663,
					"bytes":	4194304,
					"bits_per_second":	33552084.164291807,
					"retransmits":	0,
					"snd_cwnd":	496296,
					"snd_wnd":	974848,
					"rtt":	43004,
					"rttvar":	6651,
					"pmtu":	1500,
					"reorder":	0,
					"omitted":	false,
					"sender":	true
				}],
			"sum":	{
				"start":	2.001067,
				"end":	3.001137,
				"seconds":	1.0000699758529663,
				"bytes":	4194304,
				"bits_per_second":	33552084.164291807,
				"retransmits":	0,
				"omitted":	false,
				"sender":	true
			}
		}, {
			"streams":	[{
					"socket":	5,
					"start":	3.001137,
					"end":	4.000175,
					"seconds":	0.9990379810333252,
					"bytes":	3014656,
					"bits_per_second":	24140471.591535531,
					"retransmits":	0,
					"snd_cwnd":	656848,
					"snd_wnd":	974848,
					"rtt":	77601,
					"rttvar":	9687,
					"pmtu":	1500,
					"reorder":	0,
					"omitted":	false,
					"sender":	true
				}],
			"sum":	{
				"start":	3.001137,
				"end":	4.000175,
				"seconds":	0.9990379810333252,
				"bytes":	3014656,
				"bits_per_second":	24140471.591535531,
				"retransmits":	0,
				"omitted":	false,
				"sender":	true
			}
		}, {
			"streams":	[{
					"socket":	5,
					"start":	4.000175,
					"end":	5.001141,
					"seconds":	1.00096595287323,
					"bytes":	1966080,
					"bits_per_second":	15713461.536680255,
					"retransmits":	0,
					"snd_cwnd":	788120,
					"snd_wnd":	974848,
					"rtt":	61802,
					"rttvar":	35432,
					"pmtu":	1500,
					"reorder":	0,
					"omitted":	false,
					"sender":	true
				}],
			"sum":	{
				"start":	4.000175,
				"end":	5.001141,
				"seconds":	1.00096595287323,
				"bytes":	1966080,
				"bits_per_second":	15713461.536680255,
				"retransmits":	0,
				"omitted":	false,
				"sender":	true
			}
		}, {
			"streams":	[{
					"socket":	5,
					"start":	5.001141,
					"end":	6.001133,
					"seconds":	0.9999920129776,
					"bytes":	3276800,
					"bits_per_second":	26214609.3766723,
					"retransmits":	0,
					"snd_cwnd":	930128,
					"snd_wnd":	974848,
					"rtt":	271610,
					"rttvar":	6383,
					"pmtu":	1500,
					"reorder":	0,
					"omitted":	false,
					"sender":	true
				}],
			"sum":	{
				"start":	5.001141,
				"end":	6.001133,
				"seconds":	0.9999920129776,
				"bytes":	3276800,
				"bits_per_second":	26214609.3766723,
				"retransmits":	0,
				"omitted":	false,
				"sender":	true
			}
		}, {
			"streams":	[{
					"socket":	5,
					"start":	6.001133,
					"end":	7.001161,
					"seconds":	1.0000280141830444,
					"bytes":	3014656,
					"bits_per_second":	24116572.393926553,
					"retransmits":	0,
					"snd_cwnd":	1021872,
					"snd_wnd":	974848,
					"rtt":	133331,
					"rttvar":	10349,
					"pmtu":	1500,
					"reorder":	0,
					"omitted":	false,
					"sender":	true
				}],
			"sum":	{
				"start":	6.001133,
				"end":	7.001161,
				"seconds":	1.0000280141830444,
				"bytes":	3014656,
				"bits_per_second":	24116572.393926553,
				"retransmits":	0,
				"omitted":	false,
				"sender":	true
			}
		}, {
			"streams":	[{
					"socket":	5,
					"start":	7.001161,
					"end":	8.001093,
					"seconds":	0.99993199110031128,
					"bytes":	3932160,
					"bits_per_second":	31459419.520506434,
					"retransmits":	146,
					"snd_cwnd":	739808,
					"snd_wnd":	974848,
					"rtt":	61327,
					"rttvar":	57205,
					"pmtu":	1500,
					"reorder":	0,
					"omitted":	false,
					"sender":	true
				}],
			"sum":	{
				"start":	7.001161,
				"end":	8.001093,
				"seconds":	0.99993199110031128,
				"bytes":	3932160,
				"bits_per_second":	31459419.520506434,
				"retransmits":	146,
				"omitted":	false,
				"sender":	true
			}
		}, {
			"streams":	[{
					"socket":	5,
					"start":	8.001093,
					"end":	9.00109,
					"seconds":	0.99999701976776123,
					"bytes":	2883584,
					"bits_per_second":	23068740.750204891,
					"retransmits":	42,
					"snd_cwnd":	389912,
					"snd_wnd":	976832,
					"rtt":	48653,
					"rttvar":	3814,
					"pmtu":	1500,
					"reorder":	0,
					"omitted":	false,
					"sender":	true
				}],
			"sum":	{
				"start":	8.001093,
				"end":	9.00109,
				"seconds":	0.99999701976776123,
				"bytes":	2883584,
				"bits_per_second":	23068740.750204891,
				"retransmits":	42,
				"omitted":	false,
				"sender":	true
			}
		}, {
			"streams":	[{
					"socket":	5,
					"start":	9.00109,
					"end":	10.001475,
					"seconds":	1.000385046005249,
					"bytes":	3014656,
					"bits_per_second":	24107965.324257214,
					"retransmits":	0,
					"snd_cwnd":	418216,
					"snd_wnd":	982656,
					"rtt":	61679,
					"rttvar":	9029,
					"pmtu":	1500,
					"reorder":	0,
					"omitted":	false,
					"sender":	true
				}],
			"sum":	{
				"start":	9.00109,
				"end":	10.001475,
				"seconds":	1.000385046005249,
				"bytes":	3014656,
				"bits_per_second":	24107965.324257214,
				"retransmits":	0,
				"omitted":	false,
				"sender":	true
			}
		}],
	"end":	{
		"streams":	[{
				"sender":	{
					"socket":	5,
					"start":	0,
					"end":	10.001475,
					"seconds":	10.001475,
					"bytes":	34734080,
					"bits_per_second":	27783165.983017508,
					"retransmits":	188,
					"reorder":	0,
					"max_snd_cwnd":	1021872,
					"max_snd_wnd":	982656,
					"max_rtt":	271610,
					"min_rtt":	34369,
					"mean_rtt":	82993,
					"sender":	true
				},
				"receiver":	{
					"socket":	5,
					"start":	0,
					"end":	10.098905,
					"seconds":	10.001475,
					"bytes":	31064064,
					"bits_per_second":	24607867.090541,
					"sender":	true
				}
			}],
		"sum_sent":	{
			"start":	0,
			"end":	10.001475,
			"seconds":	10.001475,
			"bytes":	34734080,
			"bits_per_second":	27783165.983017508,
			"retransmits":	188,
			"sender":	true
		},
		"sum_received":	{
			"start":	0,
			"end":	10.098905,
			"seconds":	10.098905,
			"bytes":	31064064,
			"bits_per_second":	24607867.090541,
			"sender":	true
		},
		"cpu_utilization_percent":	{
			"host_total":	0.20237314034619053,
			"host_user":	0.0388375817304833,
			"host_system":	0.16349577620164274,
			"remote_total":	16.767902715441917,
			"remote_user":	0.073127723899099925,
			"remote_system":	16.694774991542818
		},
		"sender_tcp_congestion":	"cubic",
		"receiver_tcp_congestion":	"cubic"
	}
}
{
	"start":	{
		"connected":	[{
				"socket":	5,
				"local_host":	"192.168.1.3",
				"local_port":	58102,
				"remote_host":	"192.168.1.58",
				"remote_port":	5201
			}],
		"version":	"iperf 3.20",
		"system_info":	"Linux kuroi-washi 6.19.11+kali-amd64 #1 SMP PREEMPT_DYNAMIC Kali 6.19.11-1kali1 (2026-04-09) x86_64",
		"timestamp":	{
			"time":	"Thu, 23 Apr 2026 20:45:32 GMT",
			"timesecs":	1776977132,
			"timemillisecs":	1776977132855
		},
		"connecting_to":	{
			"host":	"192.168.1.58",
			"port":	5201
		},
		"cookie":	"nhevylapmuvy5bqh7qznydmrmerow5mi7f4h",
		"tcp_mss":	500,
		"target_bitrate":	0,
		"fq_rate":	0,
		"sock_bufsize":	0,
		"sndbuf_actual":	16384,
		"rcvbuf_actual":	131072,
		"test_start":	{
			"protocol":	"TCP",
			"num_streams":	1,
			"blksize":	131072,
			"omit":	0,
			"duration":	10,
			"bytes":	0,
			"blocks":	0,
			"reverse":	0,
			"tos":	0,
			"target_bitrate":	0,
			"bidir":	0,
			"fqrate":	0,
			"interval":	1
		}
	},
	"intervals":	[{
			"streams":	[{
					"socket":	5,
					"start":	0,
					"end":	1.001099,
					"seconds":	1.0010989904403687,
					"bytes":	4456448,
					"bits_per_second":	35612446.26199992,
					"retransmits":	0,
					"snd_cwnd":	214720,
					"snd_wnd":	968832,
					"rtt":	50095,
					"rttvar":	6159,
					"pmtu":	1500,
					"reorder":	0,
					"omitted":	false,
					"sender":	true
				}],
			"sum":	{
				"start":	0,
				"end":	1.001099,
				"seconds":	1.0010989904403687,
				"bytes":	4456448,
				"bits_per_second":	35612446.26199992,
				"retransmits":	0,
				"omitted":	false,
				"sender":	true
			}
		}, {
			"streams":	[{
					"socket":	5,
					"start":	1.001099,
					"end":	2.001108,
					"seconds":	1.0000089406967163,
					"bytes":	6291456,
					"bits_per_second":	50331198.004023276,
					"retransmits":	0,
					"snd_cwnd":	415288,
					"snd_wnd":	972736,
					"rtt":	71770,
					"rttvar":	6116,
					"pmtu":	1500,
					"reorder":	0,
					"omitted":	false,
					"sender":	true
				}],
			"sum":	{
				"start":	1.001099,
				"end":	2.001108,
				"seconds":	1.0000089406967163,
				"bytes":	6291456,
				"bits_per_second":	50331198.004023276,
				"retransmits":	0,
				"omitted":	false,
				"sender":	true
			}
		}, {
			"streams":	[{
					"socket":	5,
					"start":	2.001108,
					"end":	3.001128,
					"seconds":	1.0000200271606445,
					"bytes":	2883584,
					"bits_per_second":	23068210.009252362,
					"retransmits":	0,
					"snd_cwnd":	593408,
					"snd_wnd":	972736,
					"rtt":	183202,
					"rttvar":	1127,
					"pmtu":	1500,
					"reorder":	0,
					"omitted":	false,
					"sender":	true
				}],
			"sum":	{
				"start":	2.001108,
				"end":	3.001128,
				"seconds":	1.0000200271606445,
				"bytes":	2883584,
				"bits_per_second":	23068210.009252362,
				"retransmits":	0,
				"omitted":	false,
				"sender":	true
			}
		}, {
			"streams":	[{
					"socket":	5,
					"start":	3.001128,
					"end":	4.001097,
					"seconds":	0.9999690055847168,
					"bytes":	4194304,
					"bits_per_second":	33555472.0322352,
					"retransmits":	0,
					"snd_cwnd":	798368,
					"snd_wnd":	976640,
					"rtt":	48402,
					"rttvar":	2735,
					"pmtu":	1500,
					"reorder":	0,
					"omitted":	false,
					"sender":	true
				}],
			"sum":	{
				"start":	3.001128,
				"end":	4.001097,
				"seconds":	0.9999690055847168,
				"bytes":	4194304,
				"bits_per_second":	33555472.0322352,
				"retransmits":	0,
				"omitted":	false,
				"sender":	true
			}
		}, {
			"streams":	[{
					"socket":	5,
					"start":	4.001097,
					"end":	5.001068,
					"seconds":	0.99997097253799438,
					"bytes":	3145728,
					"bits_per_second":	25166554.521205176,
					"retransmits":	0,
					"snd_cwnd":	942816,
					"snd_wnd":	976640,
					"rtt":	71650,
					"rttvar":	41933,
					"pmtu":	1500,
					"reorder":	0,
					"omitted":	false,
					"sender":	true
				}],
			"sum":	{
				"start":	4.001097,
				"end":	5.001068,
				"seconds":	0.99997097253799438,
				"bytes":	3145728,
				"bits_per_second":	25166554.521205176,
				"retransmits":	0,
				"omitted":	false,
				"sender":	true
			}
		}, {
			"streams":	[{
					"socket":	5,
					"start":	5.001068,
					"end":	6.001143,
					"seconds":	1.0000749826431274,
					"bytes":	1835008,
					"bits_per_second":	14678963.332530957,
					"retransmits":	0,
					"snd_cwnd":	992592,
					"snd_wnd":	976640,
					"rtt":	134153,
					"rttvar":	115951,
					"pmtu":	1500,
					"reorder":	0,
					"omitted":	false,
					"sender":	true
				}],
			"sum":	{
				"start":	5.001068,
				"end":	6.001143,
				"seconds":	1.0000749826431274,
				"bytes":	1835008,
				"bits_per_second":	14678963.332530957,
				"retransmits":	0,
				"omitted":	false,
				"sender":	true
			}
		}, {
			"streams":	[{
					"socket":	5,
					"start":	6.001143,
					"end":	7.001149,
					"seconds":	1.0000059604644775,
					"bytes":	2228224,
					"bits_per_second":	17825685.7506333,
					"retransmits":	3,
					"snd_cwnd":	992592,
					"snd_wnd":	976640,
					"rtt":	105750,
					"rttvar":	120861,
					"pmtu":	1500,
					"reorder":	0,
					"omitted":	false,
					"sender":	true
				}],
			"sum":	{
				"start":	6.001143,
				"end":	7.001149,
				"seconds":	1.0000059604644775,
				"bytes":	2228224,
				"bits_per_second":	17825685.7506333,
				"retransmits":	3,
				"omitted":	false,
				"sender":	true
			}
		}, {
			"streams":	[{
					"socket":	5,
					"start":	7.001149,
					"end":	8.00115,
					"seconds":	1.0000009536743164,
					"bytes":	4063232,
					"bits_per_second":	32505825.000029564,
					"retransmits":	7,
					"snd_cwnd":	716384,
					"snd_wnd":	976640,
					"rtt":	56658,
					"rttvar":	16253,
					"pmtu":	1500,
					"reorder":	0,
					"omitted":	false,
					"sender":	true
				}],
			"sum":	{
				"start":	7.001149,
				"end":	8.00115,
				"seconds":	1.0000009536743164,
				"bytes":	4063232,
				"bits_per_second":	32505825.000029564,
				"retransmits":	7,
				"omitted":	false,
				"sender":	true
			}
		}, {
			"streams":	[{
					"socket":	5,
					"start":	8.00115,
					"end":	9.001069,
					"seconds":	0.99991899728775024,
					"bytes":	2883584,
					"bits_per_second":	23070540.776375957,
					"retransmits":	32,
					"snd_cwnd":	545096,
					"snd_wnd":	978624,
					"rtt":	103771,
					"rttvar":	28866,
					"pmtu":	1500,
					"reorder":	0,
					"omitted":	false,
					"sender":	true
				}],
			"sum":	{
				"start":	8.00115,
				"end":	9.001069,
				"seconds":	0.99991899728775024,
				"bytes":	2883584,
				"bits_per_second":	23070540.776375957,
				"retransmits":	32,
				"omitted":	false,
				"sender":	true
			}
		}, {
			"streams":	[{
					"socket":	5,
					"start":	9.001069,
					"end":	10.001794,
					"seconds":	1.0007250308990479,
					"bytes":	3276800,
					"bits_per_second":	26195407.520134751,
					"retransmits":	0,
					"snd_cwnd":	575352,
					"snd_wnd":	978624,
					"rtt":	88669,
					"rttvar":	46748,
					"pmtu":	1500,
					"reorder":	0,
					"omitted":	false,
					"sender":	true
				}],
			"sum":	{
				"start":	9.001069,
				"end":	10.001794,
				"seconds":	1.0007250308990479,
				"bytes":	3276800,
				"bits_per_second":	26195407.520134751,
				"retransmits":	0,
				"omitted":	false,
				"sender":	true
			}
		}],
	"end":	{
		"streams":	[{
				"sender":	{
					"socket":	5,
					"start":	0,
					"end":	10.001794,
					"seconds":	10.001794,
					"bytes":	35258368,
					"bits_per_second":	28201635.026676215,
					"retransmits":	42,
					"reorder":	0,
					"max_snd_cwnd":	992592,
					"max_snd_wnd":	978624,
					"max_rtt":	183202,
					"min_rtt":	48402,
					"mean_rtt":	91412,
					"sender":	true
				},
				"receiver":	{
					"socket":	5,
					"start":	0,
					"end":	10.093167,
					"seconds":	10.001794,
					"bytes":	31719424,
					"bits_per_second":	25141305.201826148,
					"sender":	true
				}
			}],
		"sum_sent":	{
			"start":	0,
			"end":	10.001794,
			"seconds":	10.001794,
			"bytes":	35258368,
			"bits_per_second":	28201635.026676215,
			"retransmits":	42,
			"sender":	true
		},
		"sum_received":	{
			"start":	0,
			"end":	10.093167,
			"seconds":	10.093167,
			"bytes":	31719424,
			"bits_per_second":	25141305.201826148,
			"sender":	true
		},
		"cpu_utilization_percent":	{
			"host_total":	0.18106093295446185,
			"host_user":	0.031646639371481634,
			"host_system":	0.14939440879543922,
			"remote_total":	16.551296554189079,
			"remote_user":	0,
			"remote_system":	16.551296554189079
		},
		"sender_tcp_congestion":	"cubic",
		"receiver_tcp_congestion":	"cubic"
	}
}
{
	"start":	{
		"connected":	[{
				"socket":	5,
				"local_host":	"192.168.1.3",
				"local_port":	40636,
				"remote_host":	"192.168.1.58",
				"remote_port":	5201
			}],
		"version":	"iperf 3.20",
		"system_info":	"Linux kuroi-washi 6.19.11+kali-amd64 #1 SMP PREEMPT_DYNAMIC Kali 6.19.11-1kali1 (2026-04-09) x86_64",
		"timestamp":	{
			"time":	"Thu, 23 Apr 2026 20:45:43 GMT",
			"timesecs":	1776977143,
			"timemillisecs":	1776977143330
		},
		"connecting_to":	{
			"host":	"192.168.1.58",
			"port":	5201
		},
		"cookie":	"kkri7kfynllkytkrcsrdvpdc5tokcc3fqyy4",
		"tcp_mss":	500,
		"target_bitrate":	0,
		"fq_rate":	0,
		"sock_bufsize":	0,
		"sndbuf_actual":	16384,
		"rcvbuf_actual":	131072,
		"test_start":	{
			"protocol":	"TCP",
			"num_streams":	1,
			"blksize":	131072,
			"omit":	0,
			"duration":	10,
			"bytes":	0,
			"blocks":	0,
			"reverse":	0,
			"tos":	0,
			"target_bitrate":	0,
			"bidir":	0,
			"fqrate":	0,
			"interval":	1
		}
	},
	"intervals":	[{
			"streams":	[{
					"socket":	5,
					"start":	0,
					"end":	1.001112,
					"seconds":	1.00111198425293,
					"bytes":	4980736,
					"bits_per_second":	39801629.2150719,
					"retransmits":	0,
					"snd_cwnd":	214232,
					"snd_wnd":	968832,
					"rtt":	48868,
					"rttvar":	12487,
					"pmtu":	1500,
					"reorder":	0,
					"omitted":	false,
					"sender":	true
				}],
			"sum":	{
				"start":	0,
				"end":	1.001112,
				"seconds":	1.00111198425293,
				"bytes":	4980736,
				"bits_per_second":	39801629.2150719,
				"retransmits":	0,
				"omitted":	false,
				"sender":	true
			}
		}, {
			"streams":	[{
					"socket":	5,
					"start":	1.001112,
					"end":	2.001143,
					"seconds":	1.0000309944152832,
					"bytes":	3670016,
					"bits_per_second":	29359218.028204042,
					"retransmits":	0,
					"snd_cwnd":	373808,
					"snd_wnd":	969856,
					"rtt":	38615,
					"rttvar":	6172,
					"pmtu":	1500,
					"reorder":	0,
					"omitted":	false,
					"sender":	true
				}],
			"sum":	{
				"start":	1.001112,
				"end":	2.001143,
				"seconds":	1.0000309944152832,
				"bytes":	3670016,
				"bits_per_second":	29359218.028204042,
				"retransmits":	0,
				"omitted":	false,
				"sender":	true
			}
		}, {
			"streams":	[{
					"socket":	5,
					"start":	2.001143,
					"end":	3.001142,
					"seconds":	0.99999898672103882,
					"bytes":	4587520,
					"bits_per_second":	36700197.187537685,
					"retransmits":	0,
					"snd_cwnd":	548512,
					"snd_wnd":	969856,
					"rtt":	57286,
					"rttvar":	4162,
					"pmtu":	1500,
					"reorder":	0,
					"omitted":	false,
					"sender":	true
				}],
			"sum":	{
				"start":	2.001143,
				"end":	3.001142,
				"seconds":	0.99999898672103882,
				"bytes":	4587520,
				"bits_per_second":	36700197.187537685,
				"retransmits":	0,
				"omitted":	false,
				"sender":	true
			}
		}, {
			"streams":	[{
					"socket":	5,
					"start":	3.001142,
					"end":	4.001116,
					"seconds":	0.999974012374878,
					"bytes":	2883584,
					"bits_per_second":	23069271.515579987,
					"retransmits":	27,
					"snd_cwnd":	467016,
					"snd_wnd":	969856,
					"rtt":	77622,
					"rttvar":	11867,
					"pmtu":	1500,
					"reorder":	0,
					"omitted":	false,
					"sender":	true
				}],
			"sum":	{
				"start":	3.001142,
				"end":	4.001116,
				"seconds":	0.999974012374878,
				"bytes":	2883584,
				"bits_per_second":	23069271.515579987,
				"retransmits":	27,
				"omitted":	false,
				"sender":	true
			}
		}, {
			"streams":	[{
					"socket":	5,
					"start":	4.001116,
					"end":	5.001133,
					"seconds":	1.0000170469284058,
					"bytes":	4325376,
					"bits_per_second":	34602418.135055386,
					"retransmits":	0,
					"snd_cwnd":	516304,
					"snd_wnd":	969856,
					"rtt":	59419,
					"rttvar":	7025,
					"pmtu":	1500,
					"reorder":	0,
					"omitted":	false,
					"sender":	true
				}],
			"sum":	{
				"start":	4.001116,
				"end":	5.001133,
				"seconds":	1.0000170469284058,
				"bytes":	4325376,
				"bits_per_second":	34602418.135055386,
				"retransmits":	0,
				"omitted":	false,
				"sender":	true
			}
		}, {
			"streams":	[{
					"socket":	5,
					"start":	5.001133,
					"end":	6.001097,
					"seconds":	0.99996399879455566,
					"bytes":	3145728,
					"bits_per_second":	25166730.032618266,
					"retransmits":	0,
					"snd_cwnd":	557296,
					"snd_wnd":	969856,
					"rtt":	87102,
					"rttvar":	18214,
					"pmtu":	1500,
					"reorder":	0,
					"omitted":	false,
					"sender":	true
				}],
			"sum":	{
				"start":	5.001133,
				"end":	6.001097,
				"seconds":	0.99996399879455566,
				"bytes":	3145728,
				"bits_per_second":	25166730.032618266,
				"retransmits":	0,
				"omitted":	false,
				"sender":	true
			}
		}, {
			"streams":	[{
					"socket":	5,
					"start":	6.001097,
					"end":	7.001142,
					"seconds":	1.0000449419021606,
					"bytes":	2883584,
					"bits_per_second":	23067635.296591423,
					"retransmits":	0,
					"snd_cwnd":	588040,
					"snd_wnd":	969856,
					"rtt":	94611,
					"rttvar":	22175,
					"pmtu":	1500,
					"reorder":	0,
					"omitted":	false,
					"sender":	true
				}],
			"sum":	{
				"start":	6.001097,
				"end":	7.001142,
				"seconds":	1.0000449419021606,
				"bytes":	2883584,
				"bits_per_second":	23067635.296591423,
				"retransmits":	0,
				"omitted":	false,
				"sender":	true
			}
		}, {
			"streams":	[{
					"socket":	5,
					"start":	7.001142,
					"end":	8.001063,
					"seconds":	0.99992102384567261,
					"bytes":	3670016,
					"bits_per_second":	29362446.933140423,
					"retransmits":	0,
					"snd_cwnd":	612440,
					"snd_wnd":	971776,
					"rtt":	64899,
					"rttvar":	48195,
					"pmtu":	1500,
					"reorder":	0,
					"omitted":	false,
					"sender":	true
				}],
			"sum":	{
				"start":	7.001142,
				"end":	8.001063,
				"seconds":	0.99992102384567261,
				"bytes":	3670016,
				"bits_per_second":	29362446.933140423,
				"retransmits":	0,
				"omitted":	false,
				"sender":	true
			}
		}, {
			"streams":	[{
					"socket":	5,
					"start":	8.001063,
					"end":	9.001125,
					"seconds":	1.0000619888305664,
					"bytes":	3276800,
					"bits_per_second":	26212775.100725606,
					"retransmits":	0,
					"snd_cwnd":	627568,
					"snd_wnd":	973760,
					"rtt":	63539,
					"rttvar":	6768,
					"pmtu":	1500,
					"reorder":	0,
					"omitted":	false,
					"sender":	true
				}],
			"sum":	{
				"start":	8.001063,
				"end":	9.001125,
				"seconds":	1.0000619888305664,
				"bytes":	3276800,
				"bits_per_second":	26212775.100725606,
				"retransmits":	0,
				"omitted":	false,
				"sender":	true
			}
		}, {
			"streams":	[{
					"socket":	5,
					"start":	9.001125,
					"end":	10.000936,
					"seconds":	0.99981099367141724,
					"bytes":	3145728,
					"bits_per_second":	25170581.399178553,
					"retransmits":	0,
					"snd_cwnd":	637816,
					"snd_wnd":	977664,
					"rtt":	101826,
					"rttvar":	13161,
					"pmtu":	1500,
					"reorder":	0,
					"omitted":	false,
					"sender":	true
				}],
			"sum":	{
				"start":	9.001125,
				"end":	10.000936,
				"seconds":	0.99981099367141724,
				"bytes":	3145728,
				"bits_per_second":	25170581.399178553,
				"retransmits":	0,
				"omitted":	false,
				"sender":	true
			}
		}],
	"end":	{
		"streams":	[{
				"sender":	{
					"socket":	5,
					"start":	0,
					"end":	10.000936,
					"seconds":	10.000936,
					"bytes":	36569088,
					"bits_per_second":	29252532.362970829,
					"retransmits":	27,
					"reorder":	0,
					"max_snd_cwnd":	637816,
					"max_snd_wnd":	977664,
					"max_rtt":	101826,
					"min_rtt":	38615,
					"mean_rtt":	69378,
					"sender":	true
				},
				"receiver":	{
					"socket":	5,
					"start":	0,
					"end":	10.085195,
					"seconds":	10.000936,
					"bytes":	32505856,
					"bits_per_second":	25785009.412311807,
					"sender":	true
				}
			}],
		"sum_sent":	{
			"start":	0,
			"end":	10.000936,
			"seconds":	10.000936,
			"bytes":	36569088,
			"bits_per_second":	29252532.362970829,
			"retransmits":	27,
			"sender":	true
		},
		"sum_received":	{
			"start":	0,
			"end":	10.085195,
			"seconds":	10.085195,
			"bytes":	32505856,
			"bits_per_second":	25785009.412311807,
			"sender":	true
		},
		"cpu_utilization_percent":	{
			"host_total":	0.1925159164119471,
			"host_user":	0,
			"host_system":	0.19247615271961785,
			"remote_total":	17.390024218550476,
			"remote_user":	0,
			"remote_system":	17.390034102059488
		},
		"sender_tcp_congestion":	"cubic",
		"receiver_tcp_congestion":	"cubic"
	}
}
{
	"start":	{
		"connected":	[{
				"socket":	5,
				"local_host":	"192.168.1.3",
				"local_port":	45588,
				"remote_host":	"192.168.1.58",
				"remote_port":	5201
			}],
		"version":	"iperf 3.20",
		"system_info":	"Linux kuroi-washi 6.19.11+kali-amd64 #1 SMP PREEMPT_DYNAMIC Kali 6.19.11-1kali1 (2026-04-09) x86_64",
		"timestamp":	{
			"time":	"Thu, 23 Apr 2026 20:45:53 GMT",
			"timesecs":	1776977153,
			"timemillisecs":	1776977153747
		},
		"connecting_to":	{
			"host":	"192.168.1.58",
			"port":	5201
		},
		"cookie":	"swmrrf5rykzpamwodo3orund2nd4bffllvt6",
		"tcp_mss":	500,
		"target_bitrate":	0,
		"fq_rate":	0,
		"sock_bufsize":	0,
		"sndbuf_actual":	16384,
		"rcvbuf_actual":	131072,
		"test_start":	{
			"protocol":	"TCP",
			"num_streams":	1,
			"blksize":	131072,
			"omit":	0,
			"duration":	10,
			"bytes":	0,
			"blocks":	0,
			"reverse":	0,
			"tos":	0,
			"target_bitrate":	0,
			"bidir":	0,
			"fqrate":	0,
			"interval":	1
		}
	},
	"intervals":	[{
			"streams":	[{
					"socket":	5,
					"start":	0,
					"end":	1.001094,
					"seconds":	1.0010939836502075,
					"bytes":	3801088,
					"bits_per_second":	30375473.728373852,
					"retransmits":	0,
					"snd_cwnd":	150792,
					"snd_wnd":	974912,
					"rtt":	27710,
					"rttvar":	6056,
					"pmtu":	1500,
					"reorder":	0,
					"omitted":	false,
					"sender":	true
				}],
			"sum":	{
				"start":	0,
				"end":	1.001094,
				"seconds":	1.0010939836502075,
				"bytes":	3801088,
				"bits_per_second":	30375473.728373852,
				"retransmits":	0,
				"omitted":	false,
				"sender":	true
			}
		}, {
			"streams":	[{
					"socket":	5,
					"start":	1.001094,
					"end":	2.001095,
					"seconds":	1.0000009536743164,
					"bytes":	5505024,
					"bits_per_second":	44040150.000040054,
					"retransmits":	0,
					"snd_cwnd":	342088,
					"snd_wnd":	978816,
					"rtt":	39614,
					"rttvar":	6831,
					"pmtu":	1500,
					"reorder":	0,
					"omitted":	false,
					"sender":	true
				}],
			"sum":	{
				"start":	1.001094,
				"end":	2.001095,
				"seconds":	1.0000009536743164,
				"bytes":	5505024,
				"bits_per_second":	44040150.000040054,
				"retransmits":	0,
				"omitted":	false,
				"sender":	true
			}
		}, {
			"streams":	[{
					"socket":	5,
					"start":	2.001095,
					"end":	3.001144,
					"seconds":	1.0000489950180054,
					"bytes":	3801088,
					"bits_per_second":	30407214.197992876,
					"retransmits":	0,
					"snd_cwnd":	510936,
					"snd_wnd":	980800,
					"rtt":	66444,
					"rttvar":	3581,
					"pmtu":	1500,
					"reorder":	0,
					"omitted":	false,
					"sender":	true
				}],
			"sum":	{
				"start":	2.001095,
				"end":	3.001144,
				"seconds":	1.0000489950180054,
				"bytes":	3801088,
				"bits_per_second":	30407214.197992876,
				"retransmits":	0,
				"omitted":	false,
				"sender":	true
			}
		}, {
			"streams":	[{
					"socket":	5,
					"start":	3.001144,
					"end":	4.001076,
					"seconds":	0.99993199110031128,
					"bytes":	4456448,
					"bits_per_second":	35654008.7899073,
					"retransmits":	0,
					"snd_cwnd":	689544,
					"snd_wnd":	984704,
					"rtt":	192728,
					"rttvar":	4047,
					"pmtu":	1500,
					"reorder":	0,
					"omitted":	false,
					"sender":	true
				}],
			"sum":	{
				"start":	3.001144,
				"end":	4.001076,
				"seconds":	0.99993199110031128,
				"bytes":	4456448,
				"bits_per_second":	35654008.7899073,
				"retransmits":	0,
				"omitted":	false,
				"sender":	true
			}
		}, {
			"streams":	[{
					"socket":	5,
					"start":	4.001076,
					"end":	5.001068,
					"seconds":	0.9999920129776,
					"bytes":	3407872,
					"bits_per_second":	27263193.751739189,
					"retransmits":	0,
					"snd_cwnd":	860832,
					"snd_wnd":	984704,
					"rtt":	86090,
					"rttvar":	42291,
					"pmtu":	1500,
					"reorder":	0,
					"omitted":	false,
					"sender":	true
				}],
			"sum":	{
				"start":	4.001076,
				"end":	5.001068,
				"seconds":	0.9999920129776,
				"bytes":	3407872,
				"bits_per_second":	27263193.751739189,
				"retransmits":	0,
				"omitted":	false,
				"sender":	true
			}
		}, {
			"streams":	[{
					"socket":	5,
					"start":	5.001068,
					"end":	6.001149,
					"seconds":	1.000080943107605,
					"bytes":	1310720,
					"bits_per_second":	10484911.3186949,
					"retransmits":	0,
					"snd_cwnd":	974048,
					"snd_wnd":	988608,
					"rtt":	42930,
					"rttvar":	10601,
					"pmtu":	1500,
					"reorder":	0,
					"omitted":	false,
					"sender":	true
				}],
			"sum":	{
				"start":	5.001068,
				"end":	6.001149,
				"seconds":	1.000080943107605,
				"bytes":	1310720,
				"bits_per_second":	10484911.3186949,
				"retransmits":	0,
				"omitted":	false,
				"sender":	true
			}
		}, {
			"streams":	[{
					"socket":	5,
					"start":	6.001149,
					"end":	7.001143,
					"seconds":	0.99999397993087769,
					"bytes":	3407872,
					"bits_per_second":	27263140.125988051,
					"retransmits":	6,
					"snd_cwnd":	239608,
					"snd_wnd":	988608,
					"rtt":	97284,
					"rttvar":	64865,
					"pmtu":	1500,
					"reorder":	0,
					"omitted":	false,
					"sender":	true
				}],
			"sum":	{
				"start":	6.001149,
				"end":	7.001143,
				"seconds":	0.99999397993087769,
				"bytes":	3407872,
				"bits_per_second":	27263140.125988051,
				"retransmits":	6,
				"omitted":	false,
				"sender":	true
			}
		}, {
			"streams":	[{
					"socket":	5,
					"start":	7.001143,
					"end":	8.001139,
					"seconds":	0.9999960064888,
					"bytes":	4194304,
					"bits_per_second":	33554566.000535131,
					"retransmits":	0,
					"snd_cwnd":	770064,
					"snd_wnd":	988608,
					"rtt":	115238,
					"rttvar":	11670,
					"pmtu":	1500,
					"reorder":	0,
					"omitted":	false,
					"sender":	true
				}],
			"sum":	{
				"start":	7.001143,
				"end":	8.001139,
				"seconds":	0.9999960064888,
				"bytes":	4194304,
				"bits_per_second":	33554566.000535131,
				"retransmits":	0,
				"omitted":	false,
				"sender":	true
			}
		}, {
			"streams":	[{
					"socket":	5,
					"start":	8.001139,
					"end":	9.001067,
					"seconds":	0.99992799758911133,
					"bytes":	1966080,
					"bits_per_second":	15729772.5815486,
					"retransmits":	179,
					"snd_cwnd":	583648,
					"snd_wnd":	988608,
					"rtt":	191579,
					"rttvar":	8066,
					"pmtu":	1500,
					"reorder":	0,
					"omitted":	false,
					"sender":	true
				}],
			"sum":	{
				"start":	8.001139,
				"end":	9.001067,
				"seconds":	0.99992799758911133,
				"bytes":	1966080,
				"bits_per_second":	15729772.5815486,
				"retransmits":	179,
				"omitted":	false,
				"sender":	true
			}
		}, {
			"streams":	[{
					"socket":	5,
					"start":	9.001067,
					"end":	10.001803,
					"seconds":	1.0007359981536865,
					"bytes":	4456448,
					"bits_per_second":	35625363.798020244,
					"retransmits":	0,
					"snd_cwnd":	616832,
					"snd_wnd":	990528,
					"rtt":	98042,
					"rttvar":	9164,
					"pmtu":	1500,
					"reorder":	0,
					"omitted":	false,
					"sender":	true
				}],
			"sum":	{
				"start":	9.001067,
				"end":	10.001803,
				"seconds":	1.0007359981536865,
				"bytes":	4456448,
				"bits_per_second":	35625363.798020244,
				"retransmits":	0,
				"omitted":	false,
				"sender":	true
			}
		}],
	"end":	{
		"streams":	[{
				"sender":	{
					"socket":	5,
					"start":	0,
					"end":	10.001803,
					"seconds":	10.001803,
					"bytes":	36306944,
					"bits_per_second":	29040319.230442747,
					"retransmits":	185,
					"reorder":	0,
					"max_snd_cwnd":	974048,
					"max_snd_wnd":	990528,
					"max_rtt":	192728,
					"min_rtt":	27710,
					"mean_rtt":	95765,
					"sender":	true
				},
				"receiver":	{
					"socket":	5,
					"start":	0,
					"end":	10.176422,
					"seconds":	10.001803,
					"bytes":	32505856,
					"bits_per_second":	25553858.517266676,
					"sender":	true
				}
			}],
		"sum_sent":	{
			"start":	0,
			"end":	10.001803,
			"seconds":	10.001803,
			"bytes":	36306944,
			"bits_per_second":	29040319.230442747,
			"retransmits":	185,
			"sender":	true
		},
		"sum_received":	{
			"start":	0,
			"end":	10.176422,
			"seconds":	10.176422,
			"bytes":	32505856,
			"bits_per_second":	25553858.517266676,
			"sender":	true
		},
		"cpu_utilization_percent":	{
			"host_total":	0.18524645971665007,
			"host_user":	0.0711775120819825,
			"host_system":	0.11406894763466757,
			"remote_total":	17.60084130194474,
			"remote_user":	0.11291302072116578,
			"remote_system":	17.48790868507281
		},
		"sender_tcp_congestion":	"cubic",
		"receiver_tcp_congestion":	"cubic"
	}
}
{
	"start":	{
		"connected":	[{
				"socket":	5,
				"local_host":	"192.168.1.3",
				"local_port":	52014,
				"remote_host":	"192.168.1.58",
				"remote_port":	5201
			}],
		"version":	"iperf 3.20",
		"system_info":	"Linux kuroi-washi 6.19.11+kali-amd64 #1 SMP PREEMPT_DYNAMIC Kali 6.19.11-1kali1 (2026-04-09) x86_64",
		"timestamp":	{
			"time":	"Thu, 23 Apr 2026 20:46:04 GMT",
			"timesecs":	1776977164,
			"timemillisecs":	1776977164146
		},
		"connecting_to":	{
			"host":	"192.168.1.58",
			"port":	5201
		},
		"cookie":	"d3w4oui7ixs5fo55vywskfck3n5i2arejykb",
		"tcp_mss":	500,
		"target_bitrate":	0,
		"fq_rate":	0,
		"sock_bufsize":	0,
		"sndbuf_actual":	16384,
		"rcvbuf_actual":	131072,
		"test_start":	{
			"protocol":	"TCP",
			"num_streams":	1,
			"blksize":	131072,
			"omit":	0,
			"duration":	10,
			"bytes":	0,
			"blocks":	0,
			"reverse":	0,
			"tos":	0,
			"target_bitrate":	0,
			"bidir":	0,
			"fqrate":	0,
			"interval":	1
		}
	},
	"intervals":	[{
			"streams":	[{
					"socket":	5,
					"start":	0,
					"end":	1.00079,
					"seconds":	1.000789999961853,
					"bytes":	4456448,
					"bits_per_second":	35623441.48258768,
					"retransmits":	0,
					"snd_cwnd":	214720,
					"snd_wnd":	968832,
					"rtt":	32696,
					"rttvar":	19995,
					"pmtu":	1500,
					"reorder":	0,
					"omitted":	false,
					"sender":	true
				}],
			"sum":	{
				"start":	0,
				"end":	1.00079,
				"seconds":	1.000789999961853,
				"bytes":	4456448,
				"bits_per_second":	35623441.48258768,
				"retransmits":	0,
				"omitted":	false,
				"sender":	true
			}
		}, {
			"streams":	[{
					"socket":	5,
					"start":	1.00079,
					"end":	2.001066,
					"seconds":	1.00027596950531,
					"bytes":	4718592,
					"bits_per_second":	37738321.374119155,
					"retransmits":	0,
					"snd_cwnd":	401624,
					"snd_wnd":	968832,
					"rtt":	76669,
					"rttvar":	6990,
					"pmtu":	1500,
					"reorder":	0,
					"omitted":	false,
					"sender":	true
				}],
			"sum":	{
				"start":	1.00079,
				"end":	2.001066,
				"seconds":	1.00027596950531,
				"bytes":	4718592,
				"bits_per_second":	37738321.374119155,
				"retransmits":	0,
				"omitted":	false,
				"sender":	true
			}
		}, {
			"streams":	[{
					"socket":	5,
					"start":	2.001066,
					"end":	3.001137,
					"seconds":	1.0000710487365723,
					"bytes":	4194304,
					"bits_per_second":	33552048.169368155,
					"retransmits":	0,
					"snd_cwnd":	552416,
					"snd_wnd":	968832,
					"rtt":	73207,
					"rttvar":	23473,
					"pmtu":	1500,
					"reorder":	0,
					"omitted":	false,
					"sender":	true
				}],
			"sum":	{
				"start":	2.001066,
				"end":	3.001137,
				"seconds":	1.0000710487365723,
				"bytes":	4194304,
				"bits_per_second":	33552048.169368155,
				"retransmits":	0,
				"omitted":	false,
				"sender":	true
			}
		}, {
			"streams":	[{
					"socket":	5,
					"start":	3.001137,
					"end":	4.001077,
					"seconds":	0.99993997812271118,
					"bytes":	2883584,
					"bits_per_second":	23070056.70811278,
					"retransmits":	0,
					"snd_cwnd":	726632,
					"snd_wnd":	968832,
					"rtt":	37510,
					"rttvar":	2132,
					"pmtu":	1500,
					"reorder":	0,
					"omitted":	false,
					"sender":	true
				}],
			"sum":	{
				"start":	3.001137,
				"end":	4.001077,
				"seconds":	0.99993997812271118,
				"bytes":	2883584,
				"bits_per_second":	23070056.70811278,
				"retransmits":	0,
				"omitted":	false,
				"sender":	true
			}
		}, {
			"streams":	[{
					"socket":	5,
					"start":	4.001077,
					"end":	5.001087,
					"seconds":	1.0000100135803223,
					"bytes":	3014656,
					"bits_per_second":	24117006.502418254,
					"retransmits":	0,
					"snd_cwnd":	851072,
					"snd_wnd":	968832,
					"rtt":	57746,
					"rttvar":	27893,
					"pmtu":	1500,
					"reorder":	0,
					"omitted":	false,
					"sender":	true
				}],
			"sum":	{
				"start":	4.001077,
				"end":	5.001087,
				"seconds":	1.0000100135803223,
				"bytes":	3014656,
				"bits_per_second":	24117006.502418254,
				"retransmits":	0,
				"omitted":	false,
				"sender":	true
			}
		}, {
			"streams":	[{
					"socket":	5,
					"start":	5.001087,
					"end":	6.001139,
					"seconds":	1.0000519752502441,
					"bytes":	3014656,
					"bits_per_second":	24115994.56514759,
					"retransmits":	0,
					"snd_cwnd":	949648,
					"snd_wnd":	968832,
					"rtt":	110006,
					"rttvar":	52946,
					"pmtu":	1500,
					"reorder":	0,
					"omitted":	false,
					"sender":	true
				}],
			"sum":	{
				"start":	5.001087,
				"end":	6.001139,
				"seconds":	1.0000519752502441,
				"bytes":	3014656,
				"bits_per_second":	24115994.56514759,
				"retransmits":	0,
				"omitted":	false,
				"sender":	true
			}
		}, {
			"streams":	[{
					"socket":	5,
					"start":	6.001139,
					"end":	7.001047,
					"seconds":	0.9999079704284668,
					"bytes":	3538944,
					"bits_per_second":	28314157.739805117,
					"retransmits":	0,
					"snd_cwnd":	1012112,
					"snd_wnd":	970816,
					"rtt":	255386,
					"rttvar":	37179,
					"pmtu":	1500,
					"reorder":	0,
					"omitted":	false,
					"sender":	true
				}],
			"sum":	{
				"start":	6.001139,
				"end":	7.001047,
				"seconds":	0.9999079704284668,
				"bytes":	3538944,
				"bits_per_second":	28314157.739805117,
				"retransmits":	0,
				"omitted":	false,
				"sender":	true
			}
		}, {
			"streams":	[{
					"socket":	5,
					"start":	7.001047,
					"end":	8.001113,
					"seconds":	1.0000660419464111,
					"bytes":	1441792,
					"bits_per_second":	11533574.30030413,
					"retransmits":	0,
					"snd_cwnd":	1012112,
					"snd_wnd":	969728,
					"rtt":	213526,
					"rttvar":	33250,
					"pmtu":	1500,
					"reorder":	0,
					"omitted":	false,
					"sender":	true
				}],
			"sum":	{
				"start":	7.001047,
				"end":	8.001113,
				"seconds":	1.0000660419464111,
				"bytes":	1441792,
				"bits_per_second":	11533574.30030413,
				"retransmits":	0,
				"omitted":	false,
				"sender":	true
			}
		}, {
			"streams":	[{
					"socket":	5,
					"start":	8.001113,
					"end":	9.001127,
					"seconds":	1.0000139474868774,
					"bytes":	3014656,
					"bits_per_second":	24116911.629691519,
					"retransmits":	179,
					"snd_cwnd":	740296,
					"snd_wnd":	971648,
					"rtt":	88972,
					"rttvar":	21092,
					"pmtu":	1500,
					"reorder":	0,
					"omitted":	false,
					"sender":	true
				}],
			"sum":	{
				"start":	8.001113,
				"end":	9.001127,
				"seconds":	1.0000139474868774,
				"bytes":	3014656,
				"bits_per_second":	24116911.629691519,
				"retransmits":	179,
				"omitted":	false,
				"sender":	true
			}
		}, {
			"streams":	[{
					"socket":	5,
					"start":	9.001127,
					"end":	10.00193,
					"seconds":	1.0008029937744141,
					"bytes":	2883584,
					"bits_per_second":	23050162.862722006,
					"retransmits":	0,
					"snd_cwnd":	813496,
					"snd_wnd":	971648,
					"rtt":	42694,
					"rttvar":	6653,
					"pmtu":	1500,
					"reorder":	0,
					"omitted":	false,
					"sender":	true
				}],
			"sum":	{
				"start":	9.001127,
				"end":	10.00193,
				"seconds":	1.0008029937744141,
				"bytes":	2883584,
				"bits_per_second":	23050162.862722006,
				"retransmits":	0,
				"omitted":	false,
				"sender":	true
			}
		}],
	"end":	{
		"streams":	[{
				"sender":	{
					"socket":	5,
					"start":	0,
					"end":	10.00193,
					"seconds":	10.00193,
					"bytes":	33161216,
					"bits_per_second":	26523853.696236625,
					"retransmits":	179,
					"reorder":	0,
					"max_snd_cwnd":	1012112,
					"max_snd_wnd":	971648,
					"max_rtt":	255386,
					"min_rtt":	32696,
					"mean_rtt":	98841,
					"sender":	true
				},
				"receiver":	{
					"socket":	5,
					"start":	0,
					"end":	10.245909,
					"seconds":	10.00193,
					"bytes":	30408704,
					"bits_per_second":	23743099.026157662,
					"sender":	true
				}
			}],
		"sum_sent":	{
			"start":	0,
			"end":	10.00193,
			"seconds":	10.00193,
			"bytes":	33161216,
			"bits_per_second":	26523853.696236625,
			"retransmits":	179,
			"sender":	true
		},
		"sum_received":	{
			"start":	0,
			"end":	10.245909,
			"seconds":	10.245909,
			"bytes":	30408704,
			"bits_per_second":	23743099.026157662,
			"sender":	true
		},
		"cpu_utilization_percent":	{
			"host_total":	0.19443696932818694,
			"host_user":	0.035847421207497419,
			"host_system":	0.15867901755797942,
			"remote_total":	15.625879580191826,
			"remote_user":	0.0364192429079802,
			"remote_system":	15.58959659313652
		},
		"sender_tcp_congestion":	"cubic",
		"receiver_tcp_congestion":	"cubic"
	}
}
{
	"start":	{
		"connected":	[{
				"socket":	5,
				"local_host":	"192.168.1.3",
				"local_port":	60794,
				"remote_host":	"192.168.1.58",
				"remote_port":	5201
			}],
		"version":	"iperf 3.20",
		"system_info":	"Linux kuroi-washi 6.19.11+kali-amd64 #1 SMP PREEMPT_DYNAMIC Kali 6.19.11-1kali1 (2026-04-09) x86_64",
		"timestamp":	{
			"time":	"Thu, 23 Apr 2026 20:46:14 GMT",
			"timesecs":	1776977174,
			"timemillisecs":	1776977174603
		},
		"connecting_to":	{
			"host":	"192.168.1.58",
			"port":	5201
		},
		"cookie":	"zejqvpymoqgs37nlac3nrfptr72kkwdmmtaa",
		"tcp_mss":	500,
		"target_bitrate":	0,
		"fq_rate":	0,
		"sock_bufsize":	0,
		"sndbuf_actual":	16384,
		"rcvbuf_actual":	131072,
		"test_start":	{
			"protocol":	"TCP",
			"num_streams":	1,
			"blksize":	131072,
			"omit":	0,
			"duration":	10,
			"bytes":	0,
			"blocks":	0,
			"reverse":	0,
			"tos":	0,
			"target_bitrate":	0,
			"bidir":	0,
			"fqrate":	0,
			"interval":	1
		}
	},
	"intervals":	[{
			"streams":	[{
					"socket":	5,
					"start":	0,
					"end":	1.001119,
					"seconds":	1.0011190176010132,
					"bytes":	4456448,
					"bits_per_second":	35611733.843027055,
					"retransmits":	0,
					"snd_cwnd":	223504,
					"snd_wnd":	972928,
					"rtt":	62853,
					"rttvar":	5933,
					"pmtu":	1500,
					"reorder":	0,
					"omitted":	false,
					"sender":	true
				}],
			"sum":	{
				"start":	0,
				"end":	1.001119,
				"seconds":	1.0011190176010132,
				"bytes":	4456448,
				"bits_per_second":	35611733.843027055,
				"retransmits":	0,
				"omitted":	false,
				"sender":	true
			}
		}, {
			"streams":	[{
					"socket":	5,
					"start":	1.001119,
					"end":	2.001161,
					"seconds":	1.0000419616699219,
					"bytes":	4587520,
					"bits_per_second":	36698620.06461826,
					"retransmits":	0,
					"snd_cwnd":	394792,
					"snd_wnd":	976832,
					"rtt":	63963,
					"rttvar":	9588,
					"pmtu":	1500,
					"reorder":	0,
					"omitted":	false,
					"sender":	true
				}],
			"sum":	{
				"start":	1.001119,
				"end":	2.001161,
				"seconds":	1.0000419616699219,
				"bytes":	4587520,
				"bits_per_second":	36698620.06461826,
				"retransmits":	0,
				"omitted":	false,
				"sender":	true
			}
		}, {
			"streams":	[{
					"socket":	5,
					"start":	2.001161,
					"end":	3.001064,
					"seconds":	0.99990302324295044,
					"bytes":	4587520,
					"bits_per_second":	36703719.4076798,
					"retransmits":	0,
					"snd_cwnd":	575352,
					"snd_wnd":	980736,
					"rtt":	77835,
					"rttvar":	9450,
					"pmtu":	1500,
					"reorder":	0,
					"omitted":	false,
					"sender":	true
				}],
			"sum":	{
				"start":	2.001161,
				"end":	3.001064,
				"seconds":	0.99990302324295044,
				"bytes":	4587520,
				"bits_per_second":	36703719.4076798,
				"retransmits":	0,
				"omitted":	false,
				"sender":	true
			}
		}, {
			"streams":	[{
					"socket":	5,
					"start":	3.001064,
					"end":	4.001136,
					"seconds":	1.0000720024108887,
					"bytes":	2883584,
					"bits_per_second":	23067011.1195874,
					"retransmits":	0,
					"snd_cwnd":	718336,
					"snd_wnd":	984640,
					"rtt":	218881,
					"rttvar":	42718,
					"pmtu":	1500,
					"reorder":	0,
					"omitted":	false,
					"sender":	true
				}],
			"sum":	{
				"start":	3.001064,
				"end":	4.001136,
				"seconds":	1.0000720024108887,
				"bytes":	2883584,
				"bits_per_second":	23067011.1195874,
				"retransmits":	0,
				"omitted":	false,
				"sender":	true
			}
		}, {
			"streams":	[{
					"socket":	5,
					"start":	4.001136,
					"end":	5.001136,
					"seconds":	1,
					"bytes":	3014656,
					"bits_per_second":	24117248,
					"retransmits":	0,
					"snd_cwnd":	845216,
					"snd_wnd":	984640,
					"rtt":	50169,
					"rttvar":	23120,
					"pmtu":	1500,
					"reorder":	0,
					"omitted":	false,
					"sender":	true
				}],
			"sum":	{
				"start":	4.001136,
				"end":	5.001136,
				"seconds":	1,
				"bytes":	3014656,
				"bits_per_second":	24117248,
				"retransmits":	0,
				"omitted":	false,
				"sender":	true
			}
		}, {
			"streams":	[{
					"socket":	5,
					"start":	5.001136,
					"end":	6.001063,
					"seconds":	0.99992698431015,
					"bytes":	2097152,
					"bits_per_second":	16778441.08945075,
					"retransmits":	25,
					"snd_cwnd":	690520,
					"snd_wnd":	984640,
					"rtt":	56898,
					"rttvar":	6680,
					"pmtu":	1500,
					"reorder":	0,
					"omitted":	false,
					"sender":	true
				}],
			"sum":	{
				"start":	5.001136,
				"end":	6.001063,
				"seconds":	0.99992698431015,
				"bytes":	2097152,
				"bits_per_second":	16778441.08945075,
				"retransmits":	25,
				"omitted":	false,
				"sender":	true
			}
		}, {
			"streams":	[{
					"socket":	5,
					"start":	6.001063,
					"end":	7.001091,
					"seconds":	1.0000280141830444,
					"bytes":	4456448,
					"bits_per_second":	35650585.277978383,
					"retransmits":	0,
					"snd_cwnd":	753472,
					"snd_wnd":	984640,
					"rtt":	117147,
					"rttvar":	10026,
					"pmtu":	1500,
					"reorder":	0,
					"omitted":	false,
					"sender":	true
				}],
			"sum":	{
				"start":	6.001063,
				"end":	7.001091,
				"seconds":	1.0000280141830444,
				"bytes":	4456448,
				"bits_per_second":	35650585.277978383,
				"retransmits":	0,
				"omitted":	false,
				"sender":	true
			}
		}, {
			"streams":	[{
					"socket":	5,
					"start":	7.001091,
					"end":	8.001092,
					"seconds":	1.0000009536743164,
					"bytes":	2752512,
					"bits_per_second":	22020075.000020027,
					"retransmits":	0,
					"snd_cwnd":	820328,
					"snd_wnd":	608576,
					"rtt":	268296,
					"rttvar":	23841,
					"pmtu":	1500,
					"reorder":	0,
					"omitted":	false,
					"sender":	true
				}],
			"sum":	{
				"start":	7.001091,
				"end":	8.001092,
				"seconds":	1.0000009536743164,
				"bytes":	2752512,
				"bits_per_second":	22020075.000020027,
				"retransmits":	0,
				"omitted":	false,
				"sender":	true
			}
		}, {
			"streams":	[{
					"socket":	5,
					"start":	8.001092,
					"end":	9.001064,
					"seconds":	0.99997198581695557,
					"bytes":	3801088,
					"bits_per_second":	30409555.898865249,
					"retransmits":	0,
					"snd_cwnd":	869616,
					"snd_wnd":	423296,
					"rtt":	309817,
					"rttvar":	24643,
					"pmtu":	1500,
					"reorder":	0,
					"omitted":	false,
					"sender":	true
				}],
			"sum":	{
				"start":	8.001092,
				"end":	9.001064,
				"seconds":	0.99997198581695557,
				"bytes":	3801088,
				"bits_per_second":	30409555.898865249,
				"retransmits":	0,
				"omitted":	false,
				"sender":	true
			}
		}, {
			"streams":	[{
					"socket":	5,
					"start":	9.001064,
					"end":	10.001846,
					"seconds":	1.0007820129394531,
					"bytes":	1966080,
					"bits_per_second":	15716349.611243039,
					"retransmits":	0,
					"snd_cwnd":	898408,
					"snd_wnd":	984640,
					"rtt":	129487,
					"rttvar":	51321,
					"pmtu":	1500,
					"reorder":	0,
					"omitted":	false,
					"sender":	true
				}],
			"sum":	{
				"start":	9.001064,
				"end":	10.001846,
				"seconds":	1.0007820129394531,
				"bytes":	1966080,
				"bits_per_second":	15716349.611243039,
				"retransmits":	0,
				"omitted":	false,
				"sender":	true
			}
		}],
	"end":	{
		"streams":	[{
				"sender":	{
					"socket":	5,
					"start":	0,
					"end":	10.001846,
					"seconds":	10.001846,
					"bytes":	34603008,
					"bits_per_second":	27677297.170942243,
					"retransmits":	25,
					"reorder":	0,
					"max_snd_cwnd":	898408,
					"max_snd_wnd":	984640,
					"max_rtt":	309817,
					"min_rtt":	50169,
					"mean_rtt":	135534,
					"sender":	true
				},
				"receiver":	{
					"socket":	5,
					"start":	0,
					"end":	10.16118,
					"seconds":	10.001846,
					"bytes":	30146560,
					"bits_per_second":	23734692.230626758,
					"sender":	true
				}
			}],
		"sum_sent":	{
			"start":	0,
			"end":	10.001846,
			"seconds":	10.001846,
			"bytes":	34603008,
			"bits_per_second":	27677297.170942243,
			"retransmits":	25,
			"sender":	true
		},
		"sum_received":	{
			"start":	0,
			"end":	10.16118,
			"seconds":	10.16118,
			"bytes":	30146560,
			"bits_per_second":	23734692.230626758,
			"sender":	true
		},
		"cpu_utilization_percent":	{
			"host_total":	0.16866334103475139,
			"host_user":	0.06295558952717123,
			"host_system":	0.10571768924862628,
			"remote_total":	16.189680263379035,
			"remote_user":	0.14494839385595515,
			"remote_system":	16.044751503575753
		},
		"sender_tcp_congestion":	"cubic",
		"receiver_tcp_congestion":	"cubic"
	}
}
{
	"start":	{
		"connected":	[{
				"socket":	5,
				"local_host":	"192.168.1.3",
				"local_port":	43504,
				"remote_host":	"192.168.1.58",
				"remote_port":	5201
			}],
		"version":	"iperf 3.20",
		"system_info":	"Linux kuroi-washi 6.19.11+kali-amd64 #1 SMP PREEMPT_DYNAMIC Kali 6.19.11-1kali1 (2026-04-09) x86_64",
		"timestamp":	{
			"time":	"Thu, 23 Apr 2026 20:46:24 GMT",
			"timesecs":	1776977184,
			"timemillisecs":	1776977184910
		},
		"connecting_to":	{
			"host":	"192.168.1.58",
			"port":	5201
		},
		"cookie":	"yoje7zdos7p5nxsdrgztqk3zb7z2ygjendiw",
		"tcp_mss":	500,
		"target_bitrate":	0,
		"fq_rate":	0,
		"sock_bufsize":	0,
		"sndbuf_actual":	16384,
		"rcvbuf_actual":	131072,
		"test_start":	{
			"protocol":	"TCP",
			"num_streams":	1,
			"blksize":	131072,
			"omit":	0,
			"duration":	10,
			"bytes":	0,
			"blocks":	0,
			"reverse":	0,
			"tos":	0,
			"target_bitrate":	0,
			"bidir":	0,
			"fqrate":	0,
			"interval":	1
		}
	},
	"intervals":	[{
			"streams":	[{
					"socket":	5,
					"start":	0,
					"end":	1.001092,
					"seconds":	1.0010919570922852,
					"bytes":	5111808,
					"bits_per_second":	40849857.708156742,
					"retransmits":	0,
					"snd_cwnd":	258152,
					"snd_wnd":	970944,
					"rtt":	62790,
					"rttvar":	1433,
					"pmtu":	1500,
					"reorder":	0,
					"omitted":	false,
					"sender":	true
				}],
			"sum":	{
				"start":	0,
				"end":	1.001092,
				"seconds":	1.0010919570922852,
				"bytes":	5111808,
				"bits_per_second":	40849857.708156742,
				"retransmits":	0,
				"omitted":	false,
				"sender":	true
			}
		}, {
			"streams":	[{
					"socket":	5,
					"start":	1.001092,
					"end":	2.001105,
					"seconds":	1.000012993812561,
					"bytes":	4587520,
					"bits_per_second":	36699683.131196342,
					"retransmits":	0,
					"snd_cwnd":	433832,
					"snd_wnd":	972864,
					"rtt":	81375,
					"rttvar":	12425,
					"pmtu":	1500,
					"reorder":	0,
					"omitted":	false,
					"sender":	true
				}],
			"sum":	{
				"start":	1.001092,
				"end":	2.001105,
				"seconds":	1.000012993812561,
				"bytes":	4587520,
				"bits_per_second":	36699683.131196342,
				"retransmits":	0,
				"omitted":	false,
				"sender":	true
			}
		}, {
			"streams":	[{
					"socket":	5,
					"start":	2.001105,
					"end":	3.001074,
					"seconds":	0.9999690055847168,
					"bytes":	3014656,
					"bits_per_second":	24117995.523169044,
					"retransmits":	0,
					"snd_cwnd":	613904,
					"snd_wnd":	972864,
					"rtt":	90876,
					"rttvar":	23838,
					"pmtu":	1500,
					"reorder":	0,
					"omitted":	false,
					"sender":	true
				}],
			"sum":	{
				"start":	2.001105,
				"end":	3.001074,
				"seconds":	0.9999690055847168,
				"bytes":	3014656,
				"bits_per_second":	24117995.523169044,
				"retransmits":	0,
				"omitted":	false,
				"sender":	true
			}
		}, {
			"streams":	[{
					"socket":	5,
					"start":	3.001074,
					"end":	4.001096,
					"seconds":	1.0000220537185669,
					"bytes":	2883584,
					"bits_per_second":	23068163.261219583,
					"retransmits":	0,
					"snd_cwnd":	744688,
					"snd_wnd":	970496,
					"rtt":	241967,
					"rttvar":	3107,
					"pmtu":	1500,
					"reorder":	0,
					"omitted":	false,
					"sender":	true
				}],
			"sum":	{
				"start":	3.001074,
				"end":	4.001096,
				"seconds":	1.0000220537185669,
				"bytes":	2883584,
				"bits_per_second":	23068163.261219583,
				"retransmits":	0,
				"omitted":	false,
				"sender":	true
			}
		}, {
			"streams":	[{
					"socket":	5,
					"start":	4.001096,
					"end":	5.001142,
					"seconds":	1.0000460147857666,
					"bytes":	3014656,
					"bits_per_second":	24116138.301062558,
					"retransmits":	0,
					"snd_cwnd":	866200,
					"snd_wnd":	976768,
					"rtt":	56632,
					"rttvar":	21412,
					"pmtu":	1500,
					"reorder":	0,
					"omitted":	false,
					"sender":	true
				}],
			"sum":	{
				"start":	4.001096,
				"end":	5.001142,
				"seconds":	1.0000460147857666,
				"bytes":	3014656,
				"bits_per_second":	24116138.301062558,
				"retransmits":	0,
				"omitted":	false,
				"sender":	true
			}
		}, {
			"streams":	[{
					"socket":	5,
					"start":	5.001142,
					"end":	6.001103,
					"seconds":	0.999961018562317,
					"bytes":	3014656,
					"bits_per_second":	24118188.161648851,
					"retransmits":	0,
					"snd_cwnd":	1016016,
					"snd_wnd":	976768,
					"rtt":	121820,
					"rttvar":	53522,
					"pmtu":	1500,
					"reorder":	0,
					"omitted":	false,
					"sender":	true
				}],
			"sum":	{
				"start":	5.001142,
				"end":	6.001103,
				"seconds":	0.999961018562317,
				"bytes":	3014656,
				"bits_per_second":	24118188.161648851,
				"retransmits":	0,
				"omitted":	false,
				"sender":	true
			}
		}, {
			"streams":	[{
					"socket":	5,
					"start":	6.001103,
					"end":	7.001095,
					"seconds":	0.9999920129776,
					"bytes":	3670016,
					"bits_per_second":	29360362.501872972,
					"retransmits":	0,
					"snd_cwnd":	1020408,
					"snd_wnd":	978752,
					"rtt":	94115,
					"rttvar":	3750,
					"pmtu":	1500,
					"reorder":	0,
					"omitted":	false,
					"sender":	true
				}],
			"sum":	{
				"start":	6.001103,
				"end":	7.001095,
				"seconds":	0.9999920129776,
				"bytes":	3670016,
				"bits_per_second":	29360362.501872972,
				"retransmits":	0,
				"omitted":	false,
				"sender":	true
			}
		}, {
			"streams":	[{
					"socket":	5,
					"start":	7.001095,
					"end":	8.001104,
					"seconds":	1.0000089406967163,
					"bytes":	1835008,
					"bits_per_second":	14679932.751173455,
					"retransmits":	9,
					"snd_cwnd":	714432,
					"snd_wnd":	978752,
					"rtt":	35196,
					"rttvar":	9204,
					"pmtu":	1500,
					"reorder":	0,
					"omitted":	false,
					"sender":	true
				}],
			"sum":	{
				"start":	7.001095,
				"end":	8.001104,
				"seconds":	1.0000089406967163,
				"bytes":	1835008,
				"bits_per_second":	14679932.751173455,
				"retransmits":	9,
				"omitted":	false,
				"sender":	true
			}
		}, {
			"streams":	[{
					"socket":	5,
					"start":	8.001104,
					"end":	9.001096,
					"seconds":	0.9999920129776,
					"bytes":	4456448,
					"bits_per_second":	35651868.75227432,
					"retransmits":	106,
					"snd_cwnd":	544608,
					"snd_wnd":	978752,
					"rtt":	97831,
					"rttvar":	11323,
					"pmtu":	1500,
					"reorder":	0,
					"omitted":	false,
					"sender":	true
				}],
			"sum":	{
				"start":	8.001104,
				"end":	9.001096,
				"seconds":	0.9999920129776,
				"bytes":	4456448,
				"bits_per_second":	35651868.75227432,
				"retransmits":	106,
				"omitted":	false,
				"sender":	true
			}
		}, {
			"streams":	[{
					"socket":	5,
					"start":	9.001096,
					"end":	10.001801,
					"seconds":	1.0007050037384033,
					"bytes":	2752512,
					"bits_per_second":	22004582.6869437,
					"retransmits":	0,
					"snd_cwnd":	579256,
					"snd_wnd":	978752,
					"rtt":	203021,
					"rttvar":	5670,
					"pmtu":	1500,
					"reorder":	0,
					"omitted":	false,
					"sender":	true
				}],
			"sum":	{
				"start":	9.001096,
				"end":	10.001801,
				"seconds":	1.0007050037384033,
				"bytes":	2752512,
				"bits_per_second":	22004582.6869437,
				"retransmits":	0,
				"omitted":	false,
				"sender":	true
			}
		}],
	"end":	{
		"streams":	[{
				"sender":	{
					"socket":	5,
					"start":	0,
					"end":	10.001801,
					"seconds":	10.001801,
					"bytes":	34340864,
					"bits_per_second":	27467744.259258907,
					"retransmits":	115,
					"reorder":	0,
					"max_snd_cwnd":	1020408,
					"max_snd_wnd":	978752,
					"max_rtt":	241967,
					"min_rtt":	35196,
					"mean_rtt":	108562,
					"sender":	true
				},
				"receiver":	{
					"socket":	5,
					"start":	0,
					"end":	10.206181,
					"seconds":	10.001801,
					"bytes":	30670848,
					"bits_per_second":	24040998.685012542,
					"sender":	true
				}
			}],
		"sum_sent":	{
			"start":	0,
			"end":	10.001801,
			"seconds":	10.001801,
			"bytes":	34340864,
			"bits_per_second":	27467744.259258907,
			"retransmits":	115,
			"sender":	true
		},
		"sum_received":	{
			"start":	0,
			"end":	10.206181,
			"seconds":	10.206181,
			"bytes":	30670848,
			"bits_per_second":	24040998.685012542,
			"sender":	true
		},
		"cpu_utilization_percent":	{
			"host_total":	0.16448425779136613,
			"host_user":	0,
			"host_system":	0.16449419401571017,
			"remote_total":	16.116359601345618,
			"remote_user":	0,
			"remote_system":	16.11634983691447
		},
		"sender_tcp_congestion":	"cubic",
		"receiver_tcp_congestion":	"cubic"
	}
}
