{
	"start":	{
		"connected":	[{
				"socket":	5,
				"local_host":	"192.168.1.48",
				"local_port":	56072,
				"remote_host":	"192.168.1.67",
				"remote_port":	5201
			}],
		"version":	"iperf 3.20",
		"system_info":	"Linux kuroi-washi 6.18.12+kali-amd64 #1 SMP PREEMPT_DYNAMIC Kali 6.18.12-1kali1 (2026-02-25) x86_64",
		"timestamp":	{
			"time":	"Thu, 16 Apr 2026 16:09:55 GMT",
			"timesecs":	1776355795,
			"timemillisecs":	1776355795817
		},
		"connecting_to":	{
			"host":	"192.168.1.67",
			"port":	5201
		},
		"cookie":	"d2urbi4itt7ckbref6uwbiwfsxa76nfmvg7z",
		"tcp_mss_default":	1448,
		"target_bitrate":	0,
		"fq_rate":	0,
		"sock_bufsize":	0,
		"sndbuf_actual":	16384,
		"rcvbuf_actual":	131072,
		"test_start":	{
			"protocol":	"TCP",
			"num_streams":	1,
			"blksize":	131072,
			"omit":	0,
			"duration":	10,
			"bytes":	0,
			"blocks":	0,
			"reverse":	0,
			"tos":	0,
			"target_bitrate":	0,
			"bidir":	0,
			"fqrate":	0,
			"interval":	1
		}
	},
	"intervals":	[{
			"streams":	[{
					"socket":	5,
					"start":	0,
					"end":	1.001074,
					"seconds":	1.001073956489563,
					"bytes":	23986176,
					"bits_per_second":	191683548.209458,
					"retransmits":	0,
					"snd_cwnd":	1065728,
					"snd_wnd":	1048320,
					"rtt":	24869,
					"rttvar":	2761,
					"pmtu":	1500,
					"reorder":	0,
					"omitted":	false,
					"sender":	true
				}],
			"sum":	{
				"start":	0,
				"end":	1.001074,
				"seconds":	1.001073956489563,
				"bytes":	23986176,
				"bits_per_second":	191683548.209458,
				"retransmits":	0,
				"omitted":	false,
				"sender":	true
			}
		}, {
			"streams":	[{
					"socket":	5,
					"start":	1.001074,
					"end":	2.001071,
					"seconds":	0.99999701976776123,
					"bytes":	27525120,
					"bits_per_second":	220201616.25195578,
					"retransmits":	1,
					"snd_cwnd":	1756424,
					"snd_wnd":	2096896,
					"rtt":	32041,
					"rttvar":	2178,
					"pmtu":	1500,
					"reorder":	0,
					"omitted":	false,
					"sender":	true
				}],
			"sum":	{
				"start":	1.001074,
				"end":	2.001071,
				"seconds":	0.99999701976776123,
				"bytes":	27525120,
				"bits_per_second":	220201616.25195578,
				"retransmits":	1,
				"omitted":	false,
				"sender":	true
			}
		}, {
			"streams":	[{
					"socket":	5,
					"start":	2.001071,
					"end":	3.00107,
					"seconds":	0.99999898672103882,
					"bytes":	24772608,
					"bits_per_second":	198181064.81270349,
					"retransmits":	0,
					"snd_cwnd":	2187928,
					"snd_wnd":	1876992,
					"rtt":	44526,
					"rttvar":	2164,
					"pmtu":	1500,
					"reorder":	0,
					"omitted":	false,
					"sender":	true
				}],
			"sum":	{
				"start":	2.001071,
				"end":	3.00107,
				"seconds":	0.99999898672103882,
				"bytes":	24772608,
				"bits_per_second":	198181064.81270349,
				"retransmits":	0,
				"omitted":	false,
				"sender":	true
			}
		}, {
			"streams":	[{
					"socket":	5,
					"start":	3.00107,
					"end":	4.001065,
					"seconds":	0.999994993209839,
					"bytes":	26738688,
					"bits_per_second":	213910575.0053623,
					"retransmits":	0,
					"snd_cwnd":	2282048,
					"snd_wnd":	1601792,
					"rtt":	45002,
					"rttvar":	5184,
					"pmtu":	1500,
					"reorder":	0,
					"omitted":	false,
					"sender":	true
				}],
			"sum":	{
				"start":	3.00107,
				"end":	4.001065,
				"seconds":	0.999994993209839,
				"bytes":	26738688,
				"bits_per_second":	213910575.0053623,
				"retransmits":	0,
				"omitted":	false,
				"sender":	true
			}
		}, {
			"streams":	[{
					"socket":	5,
					"start":	4.001065,
					"end":	5.001103,
					"seconds":	1.0000380277633667,
					"bytes":	31326208,
					"bits_per_second":	250600134.23739555,
					"retransmits":	0,
					"snd_cwnd":	2282048,
					"snd_wnd":	2096896,
					"rtt":	45382,
					"rttvar":	2685,
					"pmtu":	1500,
					"reorder":	0,
					"omitted":	false,
					"sender":	true
				}],
			"sum":	{
				"start":	4.001065,
				"end":	5.001103,
				"seconds":	1.0000380277633667,
				"bytes":	31326208,
				"bits_per_second":	250600134.23739555,
				"retransmits":	0,
				"omitted":	false,
				"sender":	true
			}
		}, {
			"streams":	[{
					"socket":	5,
					"start":	5.001103,
					"end":	6.001141,
					"seconds":	1.0000380277633667,
					"bytes":	25165824,
					"bits_per_second":	201318936.2911295,
					"retransmits":	0,
					"snd_cwnd":	2282048,
					"snd_wnd":	1966592,
					"rtt":	71201,
					"rttvar":	18174,
					"pmtu":	1500,
					"reorder":	0,
					"omitted":	false,
					"sender":	true
				}],
			"sum":	{
				"start":	5.001103,
				"end":	6.001141,
				"seconds":	1.0000380277633667,
				"bytes":	25165824,
				"bits_per_second":	201318936.2911295,
				"retransmits":	0,
				"omitted":	false,
				"sender":	true
			}
		}, {
			"streams":	[{
					"socket":	5,
					"start":	6.001141,
					"end":	7.001124,
					"seconds":	0.999983012676239,
					"bytes":	29229056,
					"bits_per_second":	233836420.254978,
					"retransmits":	0,
					"snd_cwnd":	2282048,
					"snd_wnd":	2096896,
					"rtt":	29389,
					"rttvar":	9698,
					"pmtu":	1500,
					"reorder":	0,
					"omitted":	false,
					"sender":	true
				}],
			"sum":	{
				"start":	6.001141,
				"end":	7.001124,
				"seconds":	0.999983012676239,
				"bytes":	29229056,
				"bits_per_second":	233836420.254978,
				"retransmits":	0,
				"omitted":	false,
				"sender":	true
			}
		}, {
			"streams":	[{
					"socket":	5,
					"start":	7.001124,
					"end":	8.00114,
					"seconds":	1.0000159740448,
					"bytes":	32243712,
					"bits_per_second":	257945575.56582,
					"retransmits":	0,
					"snd_cwnd":	2762784,
					"snd_wnd":	3829248,
					"rtt":	44877,
					"rttvar":	3841,
					"pmtu":	1500,
					"reorder":	0,
					"omitted":	false,
					"sender":	true
				}],
			"sum":	{
				"start":	7.001124,
				"end":	8.00114,
				"seconds":	1.0000159740448,
				"bytes":	32243712,
				"bits_per_second":	257945575.56582,
				"retransmits":	0,
				"omitted":	false,
				"sender":	true
			}
		}, {
			"streams":	[{
					"socket":	5,
					"start":	8.00114,
					"end":	9.001136,
					"seconds":	0.9999960064888,
					"bytes":	27394048,
					"bits_per_second":	219153259.1909951,
					"retransmits":	0,
					"snd_cwnd":	3559184,
					"snd_wnd":	4194048,
					"rtt":	79656,
					"rttvar":	1313,
					"pmtu":	1500,
					"reorder":	0,
					"omitted":	false,
					"sender":	true
				}],
			"sum":	{
				"start":	8.00114,
				"end":	9.001136,
				"seconds":	0.9999960064888,
				"bytes":	27394048,
				"bits_per_second":	219153259.1909951,
				"retransmits":	0,
				"omitted":	false,
				"sender":	true
			}
		}, {
			"streams":	[{
					"socket":	5,
					"start":	9.001136,
					"end":	10.001574,
					"seconds":	1.0004379749298096,
					"bytes":	33816576,
					"bits_per_second":	270414173.37139815,
					"retransmits":	0,
					"snd_cwnd":	4210784,
					"snd_wnd":	3849472,
					"rtt":	77367,
					"rttvar":	10427,
					"pmtu":	1500,
					"reorder":	0,
					"omitted":	false,
					"sender":	true
				}],
			"sum":	{
				"start":	9.001136,
				"end":	10.001574,
				"seconds":	1.0004379749298096,
				"bytes":	33816576,
				"bits_per_second":	270414173.37139815,
				"retransmits":	0,
				"omitted":	false,
				"sender":	true
			}
		}],
	"end":	{
		"streams":	[{
				"sender":	{
					"socket":	5,
					"start":	0,
					"end":	10.001574,
					"seconds":	10.001574,
					"bytes":	282198016,
					"bits_per_second":	225722884.01805556,
					"retransmits":	1,
					"reorder":	0,
					"max_snd_cwnd":	4210784,
					"max_snd_wnd":	4194048,
					"max_rtt":	79656,
					"min_rtt":	24869,
					"mean_rtt":	49431,
					"sender":	true
				},
				"receiver":	{
					"socket":	5,
					"start":	0,
					"end":	10.08805,
					"seconds":	10.001574,
					"bytes":	280040704,
					"bits_per_second":	222077173.68569741,
					"sender":	true
				}
			}],
		"sum_sent":	{
			"start":	0,
			"end":	10.001574,
			"seconds":	10.001574,
			"bytes":	282198016,
			"bits_per_second":	225722884.01805556,
			"retransmits":	1,
			"sender":	true
		},
		"sum_received":	{
			"start":	0,
			"end":	10.08805,
			"seconds":	10.08805,
			"bytes":	280040704,
			"bits_per_second":	222077173.68569741,
			"sender":	true
		},
		"cpu_utilization_percent":	{
			"host_total":	0.68904340417175425,
			"host_user":	0,
			"host_system":	0.68904340417175425,
			"remote_total":	5.9997164965315433,
			"remote_user":	1.1240119507615933,
			"remote_system":	4.87570454576995
		},
		"sender_tcp_congestion":	"cubic",
		"receiver_tcp_congestion":	"cubic"
	}
}
