{
	"start":	{
		"connected":	[{
				"socket":	5,
				"local_host":	"192.168.1.48",
				"local_port":	38274,
				"remote_host":	"192.168.1.67",
				"remote_port":	5201
			}],
		"version":	"iperf 3.20",
		"system_info":	"Linux kuroi-washi 6.18.12+kali-amd64 #1 SMP PREEMPT_DYNAMIC Kali 6.18.12-1kali1 (2026-02-25) x86_64",
		"timestamp":	{
			"time":	"Thu, 16 Apr 2026 16:03:08 GMT",
			"timesecs":	1776355388,
			"timemillisecs":	1776355388375
		},
		"connecting_to":	{
			"host":	"192.168.1.67",
			"port":	5201
		},
		"cookie":	"fgpovzlcsq3sd4hywueh5bybjhw5icw2fyar",
		"tcp_mss_default":	1448,
		"target_bitrate":	0,
		"fq_rate":	0,
		"sock_bufsize":	0,
		"sndbuf_actual":	16384,
		"rcvbuf_actual":	131072,
		"test_start":	{
			"protocol":	"TCP",
			"num_streams":	1,
			"blksize":	131072,
			"omit":	0,
			"duration":	10,
			"bytes":	0,
			"blocks":	0,
			"reverse":	0,
			"tos":	0,
			"target_bitrate":	0,
			"bidir":	0,
			"fqrate":	0,
			"interval":	1
		}
	},
	"intervals":	[{
			"streams":	[{
					"socket":	5,
					"start":	0,
					"end":	1.001114,
					"seconds":	1.0011140108108521,
					"bytes":	25690112,
					"bits_per_second":	205292198.27174169,
					"retransmits":	0,
					"snd_cwnd":	1094688,
					"snd_wnd":	1048320,
					"rtt":	22098,
					"rttvar":	2870,
					"pmtu":	1500,
					"reorder":	0,
					"omitted":	false,
					"sender":	true
				}],
			"sum":	{
				"start":	0,
				"end":	1.001114,
				"seconds":	1.0011140108108521,
				"bytes":	25690112,
				"bits_per_second":	205292198.27174169,
				"retransmits":	0,
				"omitted":	false,
				"sender":	true
			}
		}, {
			"streams":	[{
					"socket":	5,
					"start":	1.001114,
					"end":	2.001131,
					"seconds":	1.0000170469284058,
					"bytes":	30015488,
					"bits_per_second":	240119810.69477829,
					"retransmits":	0,
					"snd_cwnd":	1975072,
					"snd_wnd":	1705984,
					"rtt":	46450,
					"rttvar":	4974,
					"pmtu":	1500,
					"reorder":	0,
					"omitted":	false,
					"sender":	true
				}],
			"sum":	{
				"start":	1.001114,
				"end":	2.001131,
				"seconds":	1.0000170469284058,
				"bytes":	30015488,
				"bits_per_second":	240119810.69477829,
				"retransmits":	0,
				"omitted":	false,
				"sender":	true
			}
		}, {
			"streams":	[{
					"socket":	5,
					"start":	2.001131,
					"end":	3.001137,
					"seconds":	1.0000059604644775,
					"bytes":	28835840,
					"bits_per_second":	230685345.00819558,
					"retransmits":	0,
					"snd_cwnd":	2098152,
					"snd_wnd":	2096896,
					"rtt":	29232,
					"rttvar":	6376,
					"pmtu":	1500,
					"reorder":	0,
					"omitted":	false,
					"sender":	true
				}],
			"sum":	{
				"start":	2.001131,
				"end":	3.001137,
				"seconds":	1.0000059604644775,
				"bytes":	28835840,
				"bits_per_second":	230685345.00819558,
				"retransmits":	0,
				"omitted":	false,
				"sender":	true
			}
		}, {
			"streams":	[{
					"socket":	5,
					"start":	3.001137,
					"end":	4.001068,
					"seconds":	0.99993097782135,
					"bytes":	32243712,
					"bits_per_second":	257967501.47897294,
					"retransmits":	0,
					"snd_cwnd":	2218336,
					"snd_wnd":	2096896,
					"rtt":	55650,
					"rttvar":	1363,
					"pmtu":	1500,
					"reorder":	0,
					"omitted":	false,
					"sender":	true
				}],
			"sum":	{
				"start":	3.001137,
				"end":	4.001068,
				"seconds":	0.99993097782135,
				"bytes":	32243712,
				"bits_per_second":	257967501.47897294,
				"retransmits":	0,
				"omitted":	false,
				"sender":	true
			}
		}, {
			"streams":	[{
					"socket":	5,
					"start":	4.001068,
					"end":	5.001132,
					"seconds":	1.0000640153884888,
					"bytes":	29491200,
					"bits_per_second":	235914497.84177053,
					"retransmits":	0,
					"snd_cwnd":	2218336,
					"snd_wnd":	2008576,
					"rtt":	27912,
					"rttvar":	1968,
					"pmtu":	1500,
					"reorder":	0,
					"omitted":	false,
					"sender":	true
				}],
			"sum":	{
				"start":	4.001068,
				"end":	5.001132,
				"seconds":	1.0000640153884888,
				"bytes":	29491200,
				"bits_per_second":	235914497.84177053,
				"retransmits":	0,
				"omitted":	false,
				"sender":	true
			}
		}, {
			"streams":	[{
					"socket":	5,
					"start":	5.001132,
					"end":	6.001074,
					"seconds":	0.99994200468063354,
					"bytes":	27394048,
					"bits_per_second":	219165094.5496524,
					"retransmits":	0,
					"snd_cwnd":	2218336,
					"snd_wnd":	2096896,
					"rtt":	38183,
					"rttvar":	2689,
					"pmtu":	1500,
					"reorder":	0,
					"omitted":	false,
					"sender":	true
				}],
			"sum":	{
				"start":	5.001132,
				"end":	6.001074,
				"seconds":	0.99994200468063354,
				"bytes":	27394048,
				"bits_per_second":	219165094.5496524,
				"retransmits":	0,
				"omitted":	false,
				"sender":	true
			}
		}, {
			"streams":	[{
					"socket":	5,
					"start":	6.001074,
					"end":	7.001133,
					"seconds":	1.0000590085983276,
					"bytes":	29884416,
					"bits_per_second":	239061221.33241469,
					"retransmits":	0,
					"snd_cwnd":	2218336,
					"snd_wnd":	2096896,
					"rtt":	45310,
					"rttvar":	6123,
					"pmtu":	1500,
					"reorder":	0,
					"omitted":	false,
					"sender":	true
				}],
			"sum":	{
				"start":	6.001074,
				"end":	7.001133,
				"seconds":	1.0000590085983276,
				"bytes":	29884416,
				"bits_per_second":	239061221.33241469,
				"retransmits":	0,
				"omitted":	false,
				"sender":	true
			}
		}, {
			"streams":	[{
					"socket":	5,
					"start":	7.001133,
					"end":	8.001065,
					"seconds":	0.99993199110031128,
					"bytes":	32768000,
					"bits_per_second":	262161829.33755362,
					"retransmits":	0,
					"snd_cwnd":	2218336,
					"snd_wnd":	2096896,
					"rtt":	61498,
					"rttvar":	5085,
					"pmtu":	1500,
					"reorder":	0,
					"omitted":	false,
					"sender":	true
				}],
			"sum":	{
				"start":	7.001133,
				"end":	8.001065,
				"seconds":	0.99993199110031128,
				"bytes":	32768000,
				"bits_per_second":	262161829.33755362,
				"retransmits":	0,
				"omitted":	false,
				"sender":	true
			}
		}, {
			"streams":	[{
					"socket":	5,
					"start":	8.001065,
					"end":	9.001134,
					"seconds":	1.00006902217865,
					"bytes":	30146560,
					"bits_per_second":	241155834.89888114,
					"retransmits":	130,
					"snd_cwnd":	1626104,
					"snd_wnd":	2096896,
					"rtt":	34593,
					"rttvar":	4154,
					"pmtu":	1500,
					"reorder":	0,
					"omitted":	false,
					"sender":	true
				}],
			"sum":	{
				"start":	8.001065,
				"end":	9.001134,
				"seconds":	1.00006902217865,
				"bytes":	30146560,
				"bits_per_second":	241155834.89888114,
				"retransmits":	130,
				"omitted":	false,
				"sender":	true
			}
		}, {
			"streams":	[{
					"socket":	5,
					"start":	9.001134,
					"end":	10.001607,
					"seconds":	1.0004730224609375,
					"bytes":	32112640,
					"bits_per_second":	256779657.45451218,
					"retransmits":	0,
					"snd_cwnd":	1782488,
					"snd_wnd":	2096896,
					"rtt":	36747,
					"rttvar":	1993,
					"pmtu":	1500,
					"reorder":	0,
					"omitted":	false,
					"sender":	true
				}],
			"sum":	{
				"start":	9.001134,
				"end":	10.001607,
				"seconds":	1.0004730224609375,
				"bytes":	32112640,
				"bits_per_second":	256779657.45451218,
				"retransmits":	0,
				"omitted":	false,
				"sender":	true
			}
		}],
	"end":	{
		"streams":	[{
				"sender":	{
					"socket":	5,
					"start":	0,
					"end":	10.001607,
					"seconds":	10.001607,
					"bytes":	298582016,
					"bits_per_second":	238827233.26361454,
					"retransmits":	130,
					"reorder":	0,
					"max_snd_cwnd":	2218336,
					"max_snd_wnd":	2096896,
					"max_rtt":	61498,
					"min_rtt":	22098,
					"mean_rtt":	39767,
					"sender":	true
				},
				"receiver":	{
					"socket":	5,
					"start":	0,
					"end":	10.061972,
					"seconds":	10.001607,
					"bytes":	295974936,
					"bits_per_second":	235321613.69560558,
					"sender":	true
				}
			}],
		"sum_sent":	{
			"start":	0,
			"end":	10.001607,
			"seconds":	10.001607,
			"bytes":	298582016,
			"bits_per_second":	238827233.26361454,
			"retransmits":	130,
			"sender":	true
		},
		"sum_received":	{
			"start":	0,
			"end":	10.061972,
			"seconds":	10.061972,
			"bytes":	295974936,
			"bits_per_second":	235321613.69560558,
			"sender":	true
		},
		"cpu_utilization_percent":	{
			"host_total":	0.71876961800988048,
			"host_user":	0.037263356087617751,
			"host_system":	0.68151619352036719,
			"remote_total":	6.6220220717836344,
			"remote_user":	0.60870680910241681,
			"remote_system":	6.0133152626812176
		},
		"sender_tcp_congestion":	"cubic",
		"receiver_tcp_congestion":	"cubic"
	}
}
