{
	"start":	{
		"connected":	[{
				"socket":	5,
				"local_host":	"192.168.1.48",
				"local_port":	38992,
				"remote_host":	"192.168.1.58",
				"remote_port":	5201
			}],
		"version":	"iperf 3.20",
		"system_info":	"Linux kuroi-washi 6.19.11+kali-amd64 #1 SMP PREEMPT_DYNAMIC Kali 6.19.11-1kali1 (2026-04-09) x86_64",
		"timestamp":	{
			"time":	"Thu, 23 Apr 2026 19:56:22 GMT",
			"timesecs":	1776974182,
			"timemillisecs":	1776974182484
		},
		"connecting_to":	{
			"host":	"192.168.1.58",
			"port":	5201
		},
		"cookie":	"f65mi6yderzsq6xgdyutmisipgo7v6lnir5s",
		"tcp_mss":	1366,
		"target_bitrate":	0,
		"fq_rate":	0,
		"sock_bufsize":	0,
		"sndbuf_actual":	16384,
		"rcvbuf_actual":	131072,
		"test_start":	{
			"protocol":	"TCP",
			"num_streams":	1,
			"blksize":	131072,
			"omit":	0,
			"duration":	10,
			"bytes":	0,
			"blocks":	0,
			"reverse":	0,
			"tos":	0,
			"target_bitrate":	0,
			"bidir":	0,
			"fqrate":	0,
			"interval":	1
		}
	},
	"intervals":	[{
			"streams":	[{
					"socket":	5,
					"start":	0,
					"end":	1.001142,
					"seconds":	1.0011420249938965,
					"bytes":	5636096,
					"bits_per_second":	45037334.238641,
					"retransmits":	0,
					"snd_cwnd":	446820,
					"snd_wnd":	1208832,
					"rtt":	86841,
					"rttvar":	6155,
					"pmtu":	1500,
					"reorder":	0,
					"omitted":	false,
					"sender":	true
				}],
			"sum":	{
				"start":	0,
				"end":	1.001142,
				"seconds":	1.0011420249938965,
				"bytes":	5636096,
				"bits_per_second":	45037334.238641,
				"retransmits":	0,
				"omitted":	false,
				"sender":	true
			}
		}, {
			"streams":	[{
					"socket":	5,
					"start":	1.001142,
					"end":	2.001111,
					"seconds":	0.9999690055847168,
					"bytes":	6160384,
					"bits_per_second":	49284599.547345437,
					"retransmits":	0,
					"snd_cwnd":	690540,
					"snd_wnd":	1744640,
					"rtt":	120738,
					"rttvar":	4189,
					"pmtu":	1500,
					"reorder":	0,
					"omitted":	false,
					"sender":	true
				}],
			"sum":	{
				"start":	1.001142,
				"end":	2.001111,
				"seconds":	0.9999690055847168,
				"bytes":	6160384,
				"bits_per_second":	49284599.547345437,
				"retransmits":	0,
				"omitted":	false,
				"sender":	true
			}
		}, {
			"streams":	[{
					"socket":	5,
					"start":	2.001111,
					"end":	3.001097,
					"seconds":	0.99998599290847778,
					"bytes":	4980736,
					"bits_per_second":	39846446.13281782,
					"retransmits":	0,
					"snd_cwnd":	923428,
					"snd_wnd":	1935360,
					"rtt":	160739,
					"rttvar":	8301,
					"pmtu":	1500,
					"reorder":	0,
					"omitted":	false,
					"sender":	true
				}],
			"sum":	{
				"start":	2.001111,
				"end":	3.001097,
				"seconds":	0.99998599290847778,
				"bytes":	4980736,
				"bits_per_second":	39846446.13281782,
				"retransmits":	0,
				"omitted":	false,
				"sender":	true
			}
		}, {
			"streams":	[{
					"socket":	5,
					"start":	3.001097,
					"end":	4.0009,
					"seconds":	0.99980300664901733,
					"bytes":	6291456,
					"bits_per_second":	50341564.953573912,
					"retransmits":	0,
					"snd_cwnd":	1172564,
					"snd_wnd":	1935360,
					"rtt":	184954,
					"rttvar":	9679,
					"pmtu":	1500,
					"reorder":	0,
					"omitted":	false,
					"sender":	true
				}],
			"sum":	{
				"start":	3.001097,
				"end":	4.0009,
				"seconds":	0.99980300664901733,
				"bytes":	6291456,
				"bits_per_second":	50341564.953573912,
				"retransmits":	0,
				"omitted":	false,
				"sender":	true
			}
		}, {
			"streams":	[{
					"socket":	5,
					"start":	4.0009,
					"end":	5.001155,
					"seconds":	1.0002549886703491,
					"bytes":	4325376,
					"bits_per_second":	34594186.874287114,
					"retransmits":	0,
					"snd_cwnd":	1414930,
					"snd_wnd":	1935360,
					"rtt":	282945,
					"rttvar":	5823,
					"pmtu":	1500,
					"reorder":	0,
					"omitted":	false,
					"sender":	true
				}],
			"sum":	{
				"start":	4.0009,
				"end":	5.001155,
				"seconds":	1.0002549886703491,
				"bytes":	4325376,
				"bits_per_second":	34594186.874287114,
				"retransmits":	0,
				"omitted":	false,
				"sender":	true
			}
		}, {
			"streams":	[{
					"socket":	5,
					"start":	5.001155,
					"end":	6.001092,
					"seconds":	0.99993699789047241,
					"bytes":	4325376,
					"bits_per_second":	34605188.1998572,
					"retransmits":	0,
					"snd_cwnd":	1650526,
					"snd_wnd":	1935360,
					"rtt":	349212,
					"rttvar":	8215,
					"pmtu":	1500,
					"reorder":	0,
					"omitted":	false,
					"sender":	true
				}],
			"sum":	{
				"start":	5.001155,
				"end":	6.001092,
				"seconds":	0.99993699789047241,
				"bytes":	4325376,
				"bits_per_second":	34605188.1998572,
				"retransmits":	0,
				"omitted":	false,
				"sender":	true
			}
		}, {
			"streams":	[{
					"socket":	5,
					"start":	6.001092,
					"end":	7.001143,
					"seconds":	1.0000510215759277,
					"bytes":	4325376,
					"bits_per_second":	34601242.590074,
					"retransmits":	0,
					"snd_cwnd":	1875290,
					"snd_wnd":	1935360,
					"rtt":	370488,
					"rttvar":	15863,
					"pmtu":	1500,
					"reorder":	0,
					"omitted":	false,
					"sender":	true
				}],
			"sum":	{
				"start":	6.001092,
				"end":	7.001143,
				"seconds":	1.0000510215759277,
				"bytes":	4325376,
				"bits_per_second":	34601242.590074,
				"retransmits":	0,
				"omitted":	false,
				"sender":	true
			}
		}, {
			"streams":	[{
					"socket":	5,
					"start":	7.001143,
					"end":	8.001145,
					"seconds":	1.0000020265579224,
					"bytes":	5767168,
					"bits_per_second":	46137250.500189483,
					"retransmits":	0,
					"snd_cwnd":	2043186,
					"snd_wnd":	1934400,
					"rtt":	433417,
					"rttvar":	9379,
					"pmtu":	1500,
					"reorder":	0,
					"omitted":	false,
					"sender":	true
				}],
			"sum":	{
				"start":	7.001143,
				"end":	8.001145,
				"seconds":	1.0000020265579224,
				"bytes":	5767168,
				"bits_per_second":	46137250.500189483,
				"retransmits":	0,
				"omitted":	false,
				"sender":	true
			}
		}, {
			"streams":	[{
					"socket":	5,
					"start":	8.001145,
					"end":	9.001146,
					"seconds":	1.0000009536743164,
					"bytes":	4325376,
					"bits_per_second":	34602975.000031471,
					"retransmits":	0,
					"snd_cwnd":	2043186,
					"snd_wnd":	1935360,
					"rtt":	451981,
					"rttvar":	4749,
					"pmtu":	1500,
					"reorder":	0,
					"omitted":	false,
					"sender":	true
				}],
			"sum":	{
				"start":	8.001145,
				"end":	9.001146,
				"seconds":	1.0000009536743164,
				"bytes":	4325376,
				"bits_per_second":	34602975.000031471,
				"retransmits":	0,
				"omitted":	false,
				"sender":	true
			}
		}, {
			"streams":	[{
					"socket":	5,
					"start":	9.001146,
					"end":	10.001847,
					"seconds":	1.0007009506225586,
					"bytes":	2883584,
					"bits_per_second":	23052513.3264323,
					"retransmits":	0,
					"snd_cwnd":	2043186,
					"snd_wnd":	1935296,
					"rtt":	538043,
					"rttvar":	13438,
					"pmtu":	1500,
					"reorder":	0,
					"omitted":	false,
					"sender":	true
				}],
			"sum":	{
				"start":	9.001146,
				"end":	10.001847,
				"seconds":	1.0007009506225586,
				"bytes":	2883584,
				"bits_per_second":	23052513.3264323,
				"retransmits":	0,
				"omitted":	false,
				"sender":	true
			}
		}],
	"end":	{
		"streams":	[{
				"sender":	{
					"socket":	5,
					"start":	0,
					"end":	10.001847,
					"seconds":	10.001847,
					"bytes":	49020928,
					"bits_per_second":	39209500.405275144,
					"retransmits":	0,
					"reorder":	0,
					"max_snd_cwnd":	2043186,
					"max_snd_wnd":	1935360,
					"max_rtt":	538043,
					"min_rtt":	86841,
					"mean_rtt":	297935,
					"sender":	true
				},
				"receiver":	{
					"socket":	5,
					"start":	0,
					"end":	10.501718,
					"seconds":	10.001847,
					"bytes":	48234496,
					"bits_per_second":	36744080.159074925,
					"sender":	true
				}
			}],
		"sum_sent":	{
			"start":	0,
			"end":	10.001847,
			"seconds":	10.001847,
			"bytes":	49020928,
			"bits_per_second":	39209500.405275144,
			"retransmits":	0,
			"sender":	true
		},
		"sum_received":	{
			"start":	0,
			"end":	10.501718,
			"seconds":	10.501718,
			"bytes":	48234496,
			"bits_per_second":	36744080.159074925,
			"sender":	true
		},
		"cpu_utilization_percent":	{
			"host_total":	0.2659951339467328,
			"host_user":	0.034337029328874655,
			"host_system":	0.23165810461785813,
			"remote_total":	15.921942795057136,
			"remote_user":	1.01686921907211,
			"remote_system":	14.905045108733042
		},
		"sender_tcp_congestion":	"cubic",
		"receiver_tcp_congestion":	"cubic"
	}
}
