{
	"start":	{
		"connected":	[{
				"socket":	5,
				"local_host":	"192.168.1.48",
				"local_port":	32936,
				"remote_host":	"192.168.1.58",
				"remote_port":	5201
			}],
		"version":	"iperf 3.20",
		"system_info":	"Linux kuroi-washi 6.19.11+kali-amd64 #1 SMP PREEMPT_DYNAMIC Kali 6.19.11-1kali1 (2026-04-09) x86_64",
		"timestamp":	{
			"time":	"Thu, 23 Apr 2026 21:51:52 GMT",
			"timesecs":	1776981112,
			"timemillisecs":	1776981112721
		},
		"connecting_to":	{
			"host":	"192.168.1.58",
			"port":	5201
		},
		"cookie":	"afzdnhsbrdjokflbut6g26tgtpy5t76cbmdl",
		"tcp_mss":	1500,
		"target_bitrate":	0,
		"fq_rate":	0,
		"sock_bufsize":	0,
		"sndbuf_actual":	16384,
		"rcvbuf_actual":	131072,
		"test_start":	{
			"protocol":	"TCP",
			"num_streams":	1,
			"blksize":	131072,
			"omit":	0,
			"duration":	10,
			"bytes":	0,
			"blocks":	0,
			"reverse":	0,
			"tos":	0,
			"target_bitrate":	0,
			"bidir":	0,
			"fqrate":	0,
			"interval":	1
		}
	},
	"intervals":	[{
			"streams":	[{
					"socket":	5,
					"start":	0,
					"end":	1.001139,
					"seconds":	1.0011390447616577,
					"bytes":	2621440,
					"bits_per_second":	20947659.677974813,
					"retransmits":	0,
					"snd_cwnd":	124528,
					"snd_wnd":	799616,
					"rtt":	45255,
					"rttvar":	11661,
					"pmtu":	1520,
					"reorder":	0,
					"omitted":	false,
					"sender":	true
				}],
			"sum":	{
				"start":	0,
				"end":	1.001139,
				"seconds":	1.0011390447616577,
				"bytes":	2621440,
				"bits_per_second":	20947659.677974813,
				"retransmits":	0,
				"omitted":	false,
				"sender":	true
			}
		}, {
			"streams":	[{
					"socket":	5,
					"start":	1.001139,
					"end":	2.001137,
					"seconds":	0.99999797344207764,
					"bytes":	3014656,
					"bits_per_second":	24117296.875099048,
					"retransmits":	0,
					"snd_cwnd":	243264,
					"snd_wnd":	804672,
					"rtt":	66642,
					"rttvar":	20002,
					"pmtu":	1520,
					"reorder":	0,
					"omitted":	false,
					"sender":	true
				}],
			"sum":	{
				"start":	1.001139,
				"end":	2.001137,
				"seconds":	0.99999797344207764,
				"bytes":	3014656,
				"bits_per_second":	24117296.875099048,
				"retransmits":	0,
				"omitted":	false,
				"sender":	true
			}
		}, {
			"streams":	[{
					"socket":	5,
					"start":	2.001137,
					"end":	3.001166,
					"seconds":	1.0000289678573608,
					"bytes":	3276800,
					"bits_per_second":	26213640.64699683,
					"retransmits":	0,
					"snd_cwnd":	398200,
					"snd_wnd":	855424,
					"rtt":	115297,
					"rttvar":	2662,
					"pmtu":	1520,
					"reorder":	0,
					"omitted":	false,
					"sender":	true
				}],
			"sum":	{
				"start":	2.001137,
				"end":	3.001166,
				"seconds":	1.0000289678573608,
				"bytes":	3276800,
				"bits_per_second":	26213640.64699683,
				"retransmits":	0,
				"omitted":	false,
				"sender":	true
			}
		}, {
			"streams":	[{
					"socket":	5,
					"start":	3.001166,
					"end":	4.001143,
					"seconds":	0.9999769926071167,
					"bytes":	4063232,
					"bits_per_second":	32506603.892207049,
					"retransmits":	0,
					"snd_cwnd":	550240,
					"snd_wnd":	1231424,
					"rtt":	163402,
					"rttvar":	8628,
					"pmtu":	1520,
					"reorder":	0,
					"omitted":	false,
					"sender":	true
				}],
			"sum":	{
				"start":	3.001166,
				"end":	4.001143,
				"seconds":	0.9999769926071167,
				"bytes":	4063232,
				"bits_per_second":	32506603.892207049,
				"retransmits":	0,
				"omitted":	false,
				"sender":	true
			}
		}, {
			"streams":	[{
					"socket":	5,
					"start":	4.001143,
					"end":	5.00109,
					"seconds":	0.99994701147079468,
					"bytes":	3932160,
					"bits_per_second":	31458946.963329934,
					"retransmits":	0,
					"snd_cwnd":	695040,
					"snd_wnd":	1715712,
					"rtt":	273963,
					"rttvar":	17450,
					"pmtu":	1520,
					"reorder":	0,
					"omitted":	false,
					"sender":	true
				}],
			"sum":	{
				"start":	4.001143,
				"end":	5.00109,
				"seconds":	0.99994701147079468,
				"bytes":	3932160,
				"bits_per_second":	31458946.963329934,
				"retransmits":	0,
				"omitted":	false,
				"sender":	true
			}
		}, {
			"streams":	[{
					"socket":	5,
					"start":	5.00109,
					"end":	6.001149,
					"seconds":	1.0000590085983276,
					"bytes":	2883584,
					"bits_per_second":	23067310.830320716,
					"retransmits":	0,
					"snd_cwnd":	835496,
					"snd_wnd":	1801344,
					"rtt":	246764,
					"rttvar":	19434,
					"pmtu":	1520,
					"reorder":	0,
					"omitted":	false,
					"sender":	true
				}],
			"sum":	{
				"start":	5.00109,
				"end":	6.001149,
				"seconds":	1.0000590085983276,
				"bytes":	2883584,
				"bits_per_second":	23067310.830320716,
				"retransmits":	0,
				"omitted":	false,
				"sender":	true
			}
		}, {
			"streams":	[{
					"socket":	5,
					"start":	6.001149,
					"end":	7.001144,
					"seconds":	0.999994993209839,
					"bytes":	2883584,
					"bits_per_second":	23068787.500578288,
					"retransmits":	0,
					"snd_cwnd":	990432,
					"snd_wnd":	1935296,
					"rtt":	323255,
					"rttvar":	11529,
					"pmtu":	1520,
					"reorder":	0,
					"omitted":	false,
					"sender":	true
				}],
			"sum":	{
				"start":	6.001149,
				"end":	7.001144,
				"seconds":	0.999994993209839,
				"bytes":	2883584,
				"bits_per_second":	23068787.500578288,
				"retransmits":	0,
				"omitted":	false,
				"sender":	true
			}
		}, {
			"streams":	[{
					"socket":	5,
					"start":	7.001144,
					"end":	8.001148,
					"seconds":	1.0000040531158447,
					"bytes":	2883584,
					"bits_per_second":	23068578.500378966,
					"retransmits":	0,
					"snd_cwnd":	1120752,
					"snd_wnd":	1935296,
					"rtt":	395849,
					"rttvar":	6736,
					"pmtu":	1520,
					"reorder":	0,
					"omitted":	false,
					"sender":	true
				}],
			"sum":	{
				"start":	7.001144,
				"end":	8.001148,
				"seconds":	1.0000040531158447,
				"bytes":	2883584,
				"bits_per_second":	23068578.500378966,
				"retransmits":	0,
				"omitted":	false,
				"sender":	true
			}
		}, {
			"streams":	[{
					"socket":	5,
					"start":	8.001148,
					"end":	9.001148,
					"seconds":	1,
					"bytes":	2883584,
					"bits_per_second":	23068672,
					"retransmits":	0,
					"snd_cwnd":	1262656,
					"snd_wnd":	1935296,
					"rtt":	270296,
					"rttvar":	11808,
					"pmtu":	1520,
					"reorder":	0,
					"omitted":	false,
					"sender":	true
				}],
			"sum":	{
				"start":	8.001148,
				"end":	9.001148,
				"seconds":	1,
				"bytes":	2883584,
				"bits_per_second":	23068672,
				"retransmits":	0,
				"omitted":	false,
				"sender":	true
			}
		}, {
			"streams":	[{
					"socket":	5,
					"start":	9.001148,
					"end":	10.001804,
					"seconds":	1.0006560087203979,
					"bytes":	2883584,
					"bits_per_second":	23053548.671035681,
					"retransmits":	0,
					"snd_cwnd":	1400216,
					"snd_wnd":	1935296,
					"rtt":	464163,
					"rttvar":	11846,
					"pmtu":	1520,
					"reorder":	0,
					"omitted":	false,
					"sender":	true
				}],
			"sum":	{
				"start":	9.001148,
				"end":	10.001804,
				"seconds":	1.0006560087203979,
				"bytes":	2883584,
				"bits_per_second":	23053548.671035681,
				"retransmits":	0,
				"omitted":	false,
				"sender":	true
			}
		}],
	"end":	{
		"streams":	[{
				"sender":	{
					"socket":	5,
					"start":	0,
					"end":	10.001804,
					"seconds":	10.001804,
					"bytes":	31326208,
					"bits_per_second":	25056446.217102434,
					"retransmits":	0,
					"reorder":	0,
					"max_snd_cwnd":	1400216,
					"max_snd_wnd":	1935296,
					"max_rtt":	464163,
					"min_rtt":	45255,
					"mean_rtt":	236488,
					"sender":	true
				},
				"receiver":	{
					"socket":	5,
					"start":	0,
					"end":	10.504076,
					"seconds":	10.001804,
					"bytes":	28966912,
					"bits_per_second":	22061464.140206147,
					"sender":	true
				}
			}],
		"sum_sent":	{
			"start":	0,
			"end":	10.001804,
			"seconds":	10.001804,
			"bytes":	31326208,
			"bits_per_second":	25056446.217102434,
			"retransmits":	0,
			"sender":	true
		},
		"sum_received":	{
			"start":	0,
			"end":	10.504076,
			"seconds":	10.504076,
			"bytes":	28966912,
			"bits_per_second":	22061464.140206147,
			"sender":	true
		},
		"cpu_utilization_percent":	{
			"host_total":	0.19105498762567127,
			"host_user":	0.0390611460379355,
			"host_system":	0.15198390994623109,
			"remote_total":	11.074581575079417,
			"remote_user":	0.92668910909866775,
			"remote_system":	10.147882983263
		},
		"sender_tcp_congestion":	"cubic",
		"receiver_tcp_congestion":	"cubic"
	}
}
{
	"start":	{
		"connected":	[{
				"socket":	5,
				"local_host":	"192.168.1.48",
				"local_port":	54092,
				"remote_host":	"192.168.1.58",
				"remote_port":	5201
			}],
		"version":	"iperf 3.20",
		"system_info":	"Linux kuroi-washi 6.19.11+kali-amd64 #1 SMP PREEMPT_DYNAMIC Kali 6.19.11-1kali1 (2026-04-09) x86_64",
		"timestamp":	{
			"time":	"Thu, 23 Apr 2026 21:52:03 GMT",
			"timesecs":	1776981123,
			"timemillisecs":	1776981123777
		},
		"connecting_to":	{
			"host":	"192.168.1.58",
			"port":	5201
		},
		"cookie":	"jytkq5wwaljxsl3h7a6q7tbkuroz6g4rmkaq",
		"tcp_mss":	1500,
		"target_bitrate":	0,
		"fq_rate":	0,
		"sock_bufsize":	0,
		"sndbuf_actual":	16384,
		"rcvbuf_actual":	131072,
		"test_start":	{
			"protocol":	"TCP",
			"num_streams":	1,
			"blksize":	131072,
			"omit":	0,
			"duration":	10,
			"bytes":	0,
			"blocks":	0,
			"reverse":	0,
			"tos":	0,
			"target_bitrate":	0,
			"bidir":	0,
			"fqrate":	0,
			"interval":	1
		}
	},
	"intervals":	[{
			"streams":	[{
					"socket":	5,
					"start":	0,
					"end":	1.00115,
					"seconds":	1.0011500120162964,
					"bytes":	3670016,
					"bits_per_second":	29326402.284977533,
					"retransmits":	0,
					"snd_cwnd":	220096,
					"snd_wnd":	1307520,
					"rtt":	60520,
					"rttvar":	2981,
					"pmtu":	1520,
					"reorder":	0,
					"omitted":	false,
					"sender":	true
				}],
			"sum":	{
				"start":	0,
				"end":	1.00115,
				"seconds":	1.0011500120162964,
				"bytes":	3670016,
				"bits_per_second":	29326402.284977533,
				"retransmits":	0,
				"omitted":	false,
				"sender":	true
			}
		}, {
			"streams":	[{
					"socket":	5,
					"start":	1.00115,
					"end":	2.00115,
					"seconds":	1,
					"bytes":	3014656,
					"bits_per_second":	24117248,
					"retransmits":	0,
					"snd_cwnd":	351864,
					"snd_wnd":	1307520,
					"rtt":	100393,
					"rttvar":	23316,
					"pmtu":	1520,
					"reorder":	0,
					"omitted":	false,
					"sender":	true
				}],
			"sum":	{
				"start":	1.00115,
				"end":	2.00115,
				"seconds":	1,
				"bytes":	3014656,
				"bits_per_second":	24117248,
				"retransmits":	0,
				"omitted":	false,
				"sender":	true
			}
		}, {
			"streams":	[{
					"socket":	5,
					"start":	2.00115,
					"end":	3.001149,
					"seconds":	0.99999898672103882,
					"bytes":	3670016,
					"bits_per_second":	29360157.750030145,
					"retransmits":	0,
					"snd_cwnd":	502456,
					"snd_wnd":	1307520,
					"rtt":	140366,
					"rttvar":	8961,
					"pmtu":	1520,
					"reorder":	0,
					"omitted":	false,
					"sender":	true
				}],
			"sum":	{
				"start":	2.00115,
				"end":	3.001149,
				"seconds":	0.99999898672103882,
				"bytes":	3670016,
				"bits_per_second":	29360157.750030145,
				"retransmits":	0,
				"omitted":	false,
				"sender":	true
			}
		}, {
			"streams":	[{
					"socket":	5,
					"start":	3.001149,
					"end":	4.001099,
					"seconds":	0.99994999170303345,
					"bytes":	3407872,
					"bits_per_second":	27264339.443183471,
					"retransmits":	0,
					"snd_cwnd":	654496,
					"snd_wnd":	1473088,
					"rtt":	177614,
					"rttvar":	7608,
					"pmtu":	1520,
					"reorder":	0,
					"omitted":	false,
					"sender":	true
				}],
			"sum":	{
				"start":	3.001149,
				"end":	4.001099,
				"seconds":	0.99994999170303345,
				"bytes":	3407872,
				"bits_per_second":	27264339.443183471,
				"retransmits":	0,
				"omitted":	false,
				"sender":	true
			}
		}, {
			"streams":	[{
					"socket":	5,
					"start":	4.001099,
					"end":	5.001094,
					"seconds":	0.999994993209839,
					"bytes":	4194304,
					"bits_per_second":	33554600.000841148,
					"retransmits":	0,
					"snd_cwnd":	813776,
					"snd_wnd":	1740160,
					"rtt":	256764,
					"rttvar":	15052,
					"pmtu":	1520,
					"reorder":	0,
					"omitted":	false,
					"sender":	true
				}],
			"sum":	{
				"start":	4.001099,
				"end":	5.001094,
				"seconds":	0.999994993209839,
				"bytes":	4194304,
				"bits_per_second":	33554600.000841148,
				"retransmits":	0,
				"omitted":	false,
				"sender":	true
			}
		}, {
			"streams":	[{
					"socket":	5,
					"start":	5.001094,
					"end":	6.001139,
					"seconds":	1.0000449419021606,
					"bytes":	3014656,
					"bits_per_second":	24116164.173709214,
					"retransmits":	0,
					"snd_cwnd":	975952,
					"snd_wnd":	1935296,
					"rtt":	252677,
					"rttvar":	5308,
					"pmtu":	1520,
					"reorder":	0,
					"omitted":	false,
					"sender":	true
				}],
			"sum":	{
				"start":	5.001094,
				"end":	6.001139,
				"seconds":	1.0000449419021606,
				"bytes":	3014656,
				"bits_per_second":	24116164.173709214,
				"retransmits":	0,
				"omitted":	false,
				"sender":	true
			}
		}, {
			"streams":	[{
					"socket":	5,
					"start":	6.001139,
					"end":	7.001139,
					"seconds":	1,
					"bytes":	2883584,
					"bits_per_second":	23068672,
					"retransmits":	0,
					"snd_cwnd":	1149712,
					"snd_wnd":	1935296,
					"rtt":	304483,
					"rttvar":	5054,
					"pmtu":	1520,
					"reorder":	0,
					"omitted":	false,
					"sender":	true
				}],
			"sum":	{
				"start":	6.001139,
				"end":	7.001139,
				"seconds":	1,
				"bytes":	2883584,
				"bits_per_second":	23068672,
				"retransmits":	0,
				"omitted":	false,
				"sender":	true
			}
		}, {
			"streams":	[{
					"socket":	5,
					"start":	7.001139,
					"end":	8.00115,
					"seconds":	1.0000109672546387,
					"bytes":	4456448,
					"bits_per_second":	35651193.004288152,
					"retransmits":	0,
					"snd_cwnd":	1342296,
					"snd_wnd":	1935296,
					"rtt":	329700,
					"rttvar":	4221,
					"pmtu":	1520,
					"reorder":	0,
					"omitted":	false,
					"sender":	true
				}],
			"sum":	{
				"start":	7.001139,
				"end":	8.00115,
				"seconds":	1.0000109672546387,
				"bytes":	4456448,
				"bits_per_second":	35651193.004288152,
				"retransmits":	0,
				"omitted":	false,
				"sender":	true
			}
		}, {
			"streams":	[{
					"socket":	5,
					"start":	8.00115,
					"end":	9.00113,
					"seconds":	0.99997997283935547,
					"bytes":	2883584,
					"bits_per_second":	23069134.009252734,
					"retransmits":	0,
					"snd_cwnd":	1523296,
					"snd_wnd":	1935296,
					"rtt":	393206,
					"rttvar":	28679,
					"pmtu":	1520,
					"reorder":	0,
					"omitted":	false,
					"sender":	true
				}],
			"sum":	{
				"start":	8.00115,
				"end":	9.00113,
				"seconds":	0.99997997283935547,
				"bytes":	2883584,
				"bits_per_second":	23069134.009252734,
				"retransmits":	0,
				"omitted":	false,
				"sender":	true
			}
		}, {
			"streams":	[{
					"socket":	5,
					"start":	9.00113,
					"end":	10.001887,
					"seconds":	1.0007569789886475,
					"bytes":	4456448,
					"bits_per_second":	35624616.913517855,
					"retransmits":	0,
					"snd_cwnd":	1728912,
					"snd_wnd":	1935296,
					"rtt":	402782,
					"rttvar":	6075,
					"pmtu":	1520,
					"reorder":	0,
					"omitted":	false,
					"sender":	true
				}],
			"sum":	{
				"start":	9.00113,
				"end":	10.001887,
				"seconds":	1.0007569789886475,
				"bytes":	4456448,
				"bits_per_second":	35624616.913517855,
				"retransmits":	0,
				"omitted":	false,
				"sender":	true
			}
		}],
	"end":	{
		"streams":	[{
				"sender":	{
					"socket":	5,
					"start":	0,
					"end":	10.001887,
					"seconds":	10.001887,
					"bytes":	35651584,
					"bits_per_second":	28515886.2522642,
					"retransmits":	0,
					"reorder":	0,
					"max_snd_cwnd":	1728912,
					"max_snd_wnd":	1935296,
					"max_rtt":	402782,
					"min_rtt":	60520,
					"mean_rtt":	241850,
					"sender":	true
				},
				"receiver":	{
					"socket":	5,
					"start":	0,
					"end":	10.533653,
					"seconds":	10.001887,
					"bytes":	34471936,
					"bits_per_second":	26180422.689070925,
					"sender":	true
				}
			}],
		"sum_sent":	{
			"start":	0,
			"end":	10.001887,
			"seconds":	10.001887,
			"bytes":	35651584,
			"bits_per_second":	28515886.2522642,
			"retransmits":	0,
			"sender":	true
		},
		"sum_received":	{
			"start":	0,
			"end":	10.533653,
			"seconds":	10.533653,
			"bytes":	34471936,
			"bits_per_second":	26180422.689070925,
			"sender":	true
		},
		"cpu_utilization_percent":	{
			"host_total":	0.2088170512555462,
			"host_user":	0,
			"host_system":	0.2088170512555462,
			"remote_total":	13.1092220772919,
			"remote_user":	0.69343642198875732,
			"remote_system":	12.415804572966847
		},
		"sender_tcp_congestion":	"cubic",
		"receiver_tcp_congestion":	"cubic"
	}
}
{
	"start":	{
		"connected":	[{
				"socket":	5,
				"local_host":	"192.168.1.48",
				"local_port":	60862,
				"remote_host":	"192.168.1.58",
				"remote_port":	5201
			}],
		"version":	"iperf 3.20",
		"system_info":	"Linux kuroi-washi 6.19.11+kali-amd64 #1 SMP PREEMPT_DYNAMIC Kali 6.19.11-1kali1 (2026-04-09) x86_64",
		"timestamp":	{
			"time":	"Thu, 23 Apr 2026 21:52:15 GMT",
			"timesecs":	1776981135,
			"timemillisecs":	1776981135060
		},
		"connecting_to":	{
			"host":	"192.168.1.58",
			"port":	5201
		},
		"cookie":	"cb2mviwctjjp7qhr5s6nhfdnb7qajl46o3x7",
		"tcp_mss":	1500,
		"target_bitrate":	0,
		"fq_rate":	0,
		"sock_bufsize":	0,
		"sndbuf_actual":	16384,
		"rcvbuf_actual":	131072,
		"test_start":	{
			"protocol":	"TCP",
			"num_streams":	1,
			"blksize":	131072,
			"omit":	0,
			"duration":	10,
			"bytes":	0,
			"blocks":	0,
			"reverse":	0,
			"tos":	0,
			"target_bitrate":	0,
			"bidir":	0,
			"fqrate":	0,
			"interval":	1
		}
	},
	"intervals":	[{
			"streams":	[{
					"socket":	5,
					"start":	0,
					"end":	1.001121,
					"seconds":	1.0011210441589355,
					"bytes":	2097152,
					"bits_per_second":	16758429.060988244,
					"retransmits":	1,
					"snd_cwnd":	186792,
					"snd_wnd":	1691008,
					"rtt":	95110,
					"rttvar":	10453,
					"pmtu":	1520,
					"reorder":	0,
					"omitted":	false,
					"sender":	true
				}],
			"sum":	{
				"start":	0,
				"end":	1.001121,
				"seconds":	1.0011210441589355,
				"bytes":	2097152,
				"bits_per_second":	16758429.060988244,
				"retransmits":	1,
				"omitted":	false,
				"sender":	true
			}
		}, {
			"streams":	[{
					"socket":	5,
					"start":	1.001121,
					"end":	2.001133,
					"seconds":	1.0000120401382446,
					"bytes":	2752512,
					"bits_per_second":	22019830.8781921,
					"retransmits":	0,
					"snd_cwnd":	301184,
					"snd_wnd":	1935296,
					"rtt":	92552,
					"rttvar":	6219,
					"pmtu":	1520,
					"reorder":	0,
					"omitted":	false,
					"sender":	true
				}],
			"sum":	{
				"start":	1.001121,
				"end":	2.001133,
				"seconds":	1.0000120401382446,
				"bytes":	2752512,
				"bits_per_second":	22019830.8781921,
				"retransmits":	0,
				"omitted":	false,
				"sender":	true
			}
		}, {
			"streams":	[{
					"socket":	5,
					"start":	2.001133,
					"end":	3.001117,
					"seconds":	0.9999840259552002,
					"bytes":	3014656,
					"bits_per_second":	24117633.2561541,
					"retransmits":	0,
					"snd_cwnd":	412680,
					"snd_wnd":	1935296,
					"rtt":	172163,
					"rttvar":	29732,
					"pmtu":	1520,
					"reorder":	0,
					"omitted":	false,
					"sender":	true
				}],
			"sum":	{
				"start":	2.001133,
				"end":	3.001117,
				"seconds":	0.9999840259552002,
				"bytes":	3014656,
				"bits_per_second":	24117633.2561541,
				"retransmits":	0,
				"omitted":	false,
				"sender":	true
			}
		}, {
			"streams":	[{
					"socket":	5,
					"start":	3.001117,
					"end":	4.001116,
					"seconds":	0.99999898672103882,
					"bytes":	3014656,
					"bits_per_second":	24117272.437524762,
					"retransmits":	0,
					"snd_cwnd":	540104,
					"snd_wnd":	1935296,
					"rtt":	195536,
					"rttvar":	8310,
					"pmtu":	1520,
					"reorder":	0,
					"omitted":	false,
					"sender":	true
				}],
			"sum":	{
				"start":	3.001117,
				"end":	4.001116,
				"seconds":	0.99999898672103882,
				"bytes":	3014656,
				"bits_per_second":	24117272.437524762,
				"retransmits":	0,
				"omitted":	false,
				"sender":	true
			}
		}, {
			"streams":	[{
					"socket":	5,
					"start":	4.001116,
					"end":	5.001086,
					"seconds":	0.999970018863678,
					"bytes":	2359296,
					"bits_per_second":	18874933.891966086,
					"retransmits":	0,
					"snd_cwnd":	655944,
					"snd_wnd":	1935296,
					"rtt":	292391,
					"rttvar":	29257,
					"pmtu":	1520,
					"reorder":	0,
					"omitted":	false,
					"sender":	true
				}],
			"sum":	{
				"start":	4.001116,
				"end":	5.001086,
				"seconds":	0.999970018863678,
				"bytes":	2359296,
				"bits_per_second":	18874933.891966086,
				"retransmits":	0,
				"omitted":	false,
				"sender":	true
			}
		}, {
			"streams":	[{
					"socket":	5,
					"start":	5.001086,
					"end":	6.001095,
					"seconds":	1.0000089406967163,
					"bytes":	2883584,
					"bits_per_second":	23068465.751844,
					"retransmits":	0,
					"snd_cwnd":	764544,
					"snd_wnd":	1935296,
					"rtt":	333596,
					"rttvar":	8614,
					"pmtu":	1520,
					"reorder":	0,
					"omitted":	false,
					"sender":	true
				}],
			"sum":	{
				"start":	5.001086,
				"end":	6.001095,
				"seconds":	1.0000089406967163,
				"bytes":	2883584,
				"bits_per_second":	23068465.751844,
				"retransmits":	0,
				"omitted":	false,
				"sender":	true
			}
		}, {
			"streams":	[{
					"socket":	5,
					"start":	6.001095,
					"end":	7.0011,
					"seconds":	1.0000050067901611,
					"bytes":	2752512,
					"bits_per_second":	22019985.750552,
					"retransmits":	0,
					"snd_cwnd":	893416,
					"snd_wnd":	1935296,
					"rtt":	282613,
					"rttvar":	5430,
					"pmtu":	1520,
					"reorder":	0,
					"omitted":	false,
					"sender":	true
				}],
			"sum":	{
				"start":	6.001095,
				"end":	7.0011,
				"seconds":	1.0000050067901611,
				"bytes":	2752512,
				"bits_per_second":	22019985.750552,
				"retransmits":	0,
				"omitted":	false,
				"sender":	true
			}
		}, {
			"streams":	[{
					"socket":	5,
					"start":	7.0011,
					"end":	8.001138,
					"seconds":	1.0000380277633667,
					"bytes":	1572864,
					"bits_per_second":	12582433.518195594,
					"retransmits":	0,
					"snd_cwnd":	991880,
					"snd_wnd":	1935296,
					"rtt":	397233,
					"rttvar":	15946,
					"pmtu":	1520,
					"reorder":	0,
					"omitted":	false,
					"sender":	true
				}],
			"sum":	{
				"start":	7.0011,
				"end":	8.001138,
				"seconds":	1.0000380277633667,
				"bytes":	1572864,
				"bits_per_second":	12582433.518195594,
				"retransmits":	0,
				"omitted":	false,
				"sender":	true
			}
		}, {
			"streams":	[{
					"socket":	5,
					"start":	8.001138,
					"end":	9.001136,
					"seconds":	0.99999797344207764,
					"bytes":	2883584,
					"bits_per_second":	23068718.750094742,
					"retransmits":	0,
					"snd_cwnd":	1120752,
					"snd_wnd":	1935296,
					"rtt":	482865,
					"rttvar":	6414,
					"pmtu":	1520,
					"reorder":	0,
					"omitted":	false,
					"sender":	true
				}],
			"sum":	{
				"start":	8.001138,
				"end":	9.001136,
				"seconds":	0.99999797344207764,
				"bytes":	2883584,
				"bits_per_second":	23068718.750094742,
				"retransmits":	0,
				"omitted":	false,
				"sender":	true
			}
		}, {
			"streams":	[{
					"socket":	5,
					"start":	9.001136,
					"end":	10.001922,
					"seconds":	1.0007859468460083,
					"bytes":	2883584,
					"bits_per_second":	23050555.488614984,
					"retransmits":	0,
					"snd_cwnd":	1236592,
					"snd_wnd":	1935296,
					"rtt":	462642,
					"rttvar":	10106,
					"pmtu":	1520,
					"reorder":	0,
					"omitted":	false,
					"sender":	true
				}],
			"sum":	{
				"start":	9.001136,
				"end":	10.001922,
				"seconds":	1.0007859468460083,
				"bytes":	2883584,
				"bits_per_second":	23050555.488614984,
				"retransmits":	0,
				"omitted":	false,
				"sender":	true
			}
		}],
	"end":	{
		"streams":	[{
				"sender":	{
					"socket":	5,
					"start":	0,
					"end":	10.001922,
					"seconds":	10.001922,
					"bytes":	26214400,
					"bits_per_second":	20967490.0484127,
					"retransmits":	1,
					"reorder":	0,
					"max_snd_cwnd":	1236592,
					"max_snd_wnd":	1935296,
					"max_rtt":	482865,
					"min_rtt":	92552,
					"mean_rtt":	280670,
					"sender":	true
				},
				"receiver":	{
					"socket":	5,
					"start":	0,
					"end":	10.500708,
					"seconds":	10.001922,
					"bytes":	23461888,
					"bits_per_second":	17874518.937199283,
					"sender":	true
				}
			}],
		"sum_sent":	{
			"start":	0,
			"end":	10.001922,
			"seconds":	10.001922,
			"bytes":	26214400,
			"bits_per_second":	20967490.0484127,
			"retransmits":	1,
			"sender":	true
		},
		"sum_received":	{
			"start":	0,
			"end":	10.500708,
			"seconds":	10.500708,
			"bytes":	23461888,
			"bits_per_second":	17874518.937199283,
			"sender":	true
		},
		"cpu_utilization_percent":	{
			"host_total":	0.1640586076874283,
			"host_user":	0,
			"host_system":	0.1640586076874283,
			"remote_total":	10.801852282378171,
			"remote_user":	0.65508357570207865,
			"remote_system":	10.146740239221511
		},
		"sender_tcp_congestion":	"cubic",
		"receiver_tcp_congestion":	"cubic"
	}
}
{
	"start":	{
		"connected":	[{
				"socket":	5,
				"local_host":	"192.168.1.48",
				"local_port":	34496,
				"remote_host":	"192.168.1.58",
				"remote_port":	5201
			}],
		"version":	"iperf 3.20",
		"system_info":	"Linux kuroi-washi 6.19.11+kali-amd64 #1 SMP PREEMPT_DYNAMIC Kali 6.19.11-1kali1 (2026-04-09) x86_64",
		"timestamp":	{
			"time":	"Thu, 23 Apr 2026 21:52:26 GMT",
			"timesecs":	1776981146,
			"timemillisecs":	1776981146202
		},
		"connecting_to":	{
			"host":	"192.168.1.58",
			"port":	5201
		},
		"cookie":	"iabseccdsbtldn4xdatvbstrpr2bf2kxslhl",
		"tcp_mss":	1500,
		"target_bitrate":	0,
		"fq_rate":	0,
		"sock_bufsize":	0,
		"sndbuf_actual":	16384,
		"rcvbuf_actual":	131072,
		"test_start":	{
			"protocol":	"TCP",
			"num_streams":	1,
			"blksize":	131072,
			"omit":	0,
			"duration":	10,
			"bytes":	0,
			"blocks":	0,
			"reverse":	0,
			"tos":	0,
			"target_bitrate":	0,
			"bidir":	0,
			"fqrate":	0,
			"interval":	1
		}
	},
	"intervals":	[{
			"streams":	[{
					"socket":	5,
					"start":	0,
					"end":	1.001143,
					"seconds":	1.0011429786682129,
					"bytes":	2883584,
					"bits_per_second":	23042335.102512017,
					"retransmits":	0,
					"snd_cwnd":	198376,
					"snd_wnd":	597248,
					"rtt":	87380,
					"rttvar":	6865,
					"pmtu":	1520,
					"reorder":	0,
					"omitted":	false,
					"sender":	true
				}],
			"sum":	{
				"start":	0,
				"end":	1.001143,
				"seconds":	1.0011429786682129,
				"bytes":	2883584,
				"bits_per_second":	23042335.102512017,
				"retransmits":	0,
				"omitted":	false,
				"sender":	true
			}
		}, {
			"streams":	[{
					"socket":	5,
					"start":	1.001143,
					"end":	2.001146,
					"seconds":	1.0000029802322388,
					"bytes":	1966080,
					"bits_per_second":	15728593.1251397,
					"retransmits":	0,
					"snd_cwnd":	278016,
					"snd_wnd":	716672,
					"rtt":	133472,
					"rttvar":	5593,
					"pmtu":	1520,
					"reorder":	0,
					"omitted":	false,
					"sender":	true
				}],
			"sum":	{
				"start":	1.001143,
				"end":	2.001146,
				"seconds":	1.0000029802322388,
				"bytes":	1966080,
				"bits_per_second":	15728593.1251397,
				"retransmits":	0,
				"omitted":	false,
				"sender":	true
			}
		}, {
			"streams":	[{
					"socket":	5,
					"start":	2.001146,
					"end":	3.00106,
					"seconds":	0.999913990497589,
					"bytes":	1441792,
					"bits_per_second":	11535328.147834141,
					"retransmits":	0,
					"snd_cwnd":	333040,
					"snd_wnd":	739008,
					"rtt":	404788,
					"rttvar":	31752,
					"pmtu":	1520,
					"reorder":	0,
					"omitted":	false,
					"sender":	true
				}],
			"sum":	{
				"start":	2.001146,
				"end":	3.00106,
				"seconds":	0.999913990497589,
				"bytes":	1441792,
				"bits_per_second":	11535328.147834141,
				"retransmits":	0,
				"omitted":	false,
				"sender":	true
			}
		}, {
			"streams":	[{
					"socket":	5,
					"start":	3.00106,
					"end":	4.001151,
					"seconds":	1.0000909566879272,
					"bytes":	786432,
					"bits_per_second":	6290883.80204523,
					"retransmits":	0,
					"snd_cwnd":	363448,
					"snd_wnd":	882240,
					"rtt":	349770,
					"rttvar":	14023,
					"pmtu":	1520,
					"reorder":	0,
					"omitted":	false,
					"sender":	true
				}],
			"sum":	{
				"start":	3.00106,
				"end":	4.001151,
				"seconds":	1.0000909566879272,
				"bytes":	786432,
				"bits_per_second":	6290883.80204523,
				"retransmits":	0,
				"omitted":	false,
				"sender":	true
			}
		}, {
			"streams":	[{
					"socket":	5,
					"start":	4.001151,
					"end":	5.001142,
					"seconds":	0.999990999698639,
					"bytes":	1835008,
					"bits_per_second":	14680196.126189176,
					"retransmits":	0,
					"snd_cwnd":	430056,
					"snd_wnd":	1204544,
					"rtt":	312495,
					"rttvar":	18590,
					"pmtu":	1520,
					"reorder":	0,
					"omitted":	false,
					"sender":	true
				}],
			"sum":	{
				"start":	4.001151,
				"end":	5.001142,
				"seconds":	0.999990999698639,
				"bytes":	1835008,
				"bits_per_second":	14680196.126189176,
				"retransmits":	0,
				"omitted":	false,
				"sender":	true
			}
		}, {
			"streams":	[{
					"socket":	5,
					"start":	5.001142,
					"end":	6.00109,
					"seconds":	0.999948024749756,
					"bytes":	1966080,
					"bits_per_second":	15729457.542491976,
					"retransmits":	0,
					"snd_cwnd":	522728,
					"snd_wnd":	1204480,
					"rtt":	196724,
					"rttvar":	2716,
					"pmtu":	1520,
					"reorder":	0,
					"omitted":	false,
					"sender":	true
				}],
			"sum":	{
				"start":	5.001142,
				"end":	6.00109,
				"seconds":	0.999948024749756,
				"bytes":	1966080,
				"bits_per_second":	15729457.542491976,
				"retransmits":	0,
				"omitted":	false,
				"sender":	true
			}
		}, {
			"streams":	[{
					"socket":	5,
					"start":	6.00109,
					"end":	7.001144,
					"seconds":	1.0000540018081665,
					"bytes":	2621440,
					"bits_per_second":	20970387.561153747,
					"retransmits":	0,
					"snd_cwnd":	606712,
					"snd_wnd":	1332800,
					"rtt":	239166,
					"rttvar":	32823,
					"pmtu":	1520,
					"reorder":	0,
					"omitted":	false,
					"sender":	true
				}],
			"sum":	{
				"start":	6.00109,
				"end":	7.001144,
				"seconds":	1.0000540018081665,
				"bytes":	2621440,
				"bits_per_second":	20970387.561153747,
				"retransmits":	0,
				"omitted":	false,
				"sender":	true
			}
		}, {
			"streams":	[{
					"socket":	5,
					"start":	7.001144,
					"end":	8.001139,
					"seconds":	0.999994993209839,
					"bytes":	1310720,
					"bits_per_second":	10485812.500262858,
					"retransmits":	0,
					"snd_cwnd":	671872,
					"snd_wnd":	1332864,
					"rtt":	445608,
					"rttvar":	16831,
					"pmtu":	1520,
					"reorder":	0,
					"omitted":	false,
					"sender":	true
				}],
			"sum":	{
				"start":	7.001144,
				"end":	8.001139,
				"seconds":	0.999994993209839,
				"bytes":	1310720,
				"bits_per_second":	10485812.500262858,
				"retransmits":	0,
				"omitted":	false,
				"sender":	true
			}
		}, {
			"streams":	[{
					"socket":	5,
					"start":	8.001139,
					"end":	9.001143,
					"seconds":	1.0000040531158447,
					"bytes":	1441792,
					"bits_per_second":	11534289.250189483,
					"retransmits":	0,
					"snd_cwnd":	742824,
					"snd_wnd":	1865472,
					"rtt":	527517,
					"rttvar":	7498,
					"pmtu":	1520,
					"reorder":	0,
					"omitted":	false,
					"sender":	true
				}],
			"sum":	{
				"start":	8.001139,
				"end":	9.001143,
				"seconds":	1.0000040531158447,
				"bytes":	1441792,
				"bits_per_second":	11534289.250189483,
				"retransmits":	0,
				"omitted":	false,
				"sender":	true
			}
		}, {
			"streams":	[{
					"socket":	5,
					"start":	9.001143,
					"end":	10.002025,
					"seconds":	1.0008820295333862,
					"bytes":	1441792,
					"bits_per_second":	11524171.34052985,
					"retransmits":	0,
					"snd_cwnd":	805088,
					"snd_wnd":	1865472,
					"rtt":	482057,
					"rttvar":	33334,
					"pmtu":	1520,
					"reorder":	0,
					"omitted":	false,
					"sender":	true
				}],
			"sum":	{
				"start":	9.001143,
				"end":	10.002025,
				"seconds":	1.0008820295333862,
				"bytes":	1441792,
				"bits_per_second":	11524171.34052985,
				"retransmits":	0,
				"omitted":	false,
				"sender":	true
			}
		}],
	"end":	{
		"streams":	[{
				"sender":	{
					"socket":	5,
					"start":	0,
					"end":	10.002025,
					"seconds":	10.002025,
					"bytes":	17694720,
					"bits_per_second":	14152910.035717767,
					"retransmits":	0,
					"reorder":	0,
					"max_snd_cwnd":	805088,
					"max_snd_wnd":	1865472,
					"max_rtt":	527517,
					"min_rtt":	87380,
					"mean_rtt":	317897,
					"sender":	true
				},
				"receiver":	{
					"socket":	5,
					"start":	0,
					"end":	10.557445,
					"seconds":	10.002025,
					"bytes":	15073280,
					"bits_per_second":	11421915.056152318,
					"sender":	true
				}
			}],
		"sum_sent":	{
			"start":	0,
			"end":	10.002025,
			"seconds":	10.002025,
			"bytes":	17694720,
			"bits_per_second":	14152910.035717767,
			"retransmits":	0,
			"sender":	true
		},
		"sum_received":	{
			"start":	0,
			"end":	10.557445,
			"seconds":	10.557445,
			"bytes":	15073280,
			"bits_per_second":	11421915.056152318,
			"sender":	true
		},
		"cpu_utilization_percent":	{
			"host_total":	0.13340945558901618,
			"host_user":	0,
			"host_system":	0.13340945558901618,
			"remote_total":	8.6907303231828958,
			"remote_user":	0.606805786274007,
			"remote_system":	8.0839056556534832
		},
		"sender_tcp_congestion":	"cubic",
		"receiver_tcp_congestion":	"cubic"
	}
}
{
	"start":	{
		"connected":	[{
				"socket":	5,
				"local_host":	"192.168.1.48",
				"local_port":	42442,
				"remote_host":	"192.168.1.58",
				"remote_port":	5201
			}],
		"version":	"iperf 3.20",
		"system_info":	"Linux kuroi-washi 6.19.11+kali-amd64 #1 SMP PREEMPT_DYNAMIC Kali 6.19.11-1kali1 (2026-04-09) x86_64",
		"timestamp":	{
			"time":	"Thu, 23 Apr 2026 21:52:37 GMT",
			"timesecs":	1776981157,
			"timemillisecs":	1776981157281
		},
		"connecting_to":	{
			"host":	"192.168.1.58",
			"port":	5201
		},
		"cookie":	"avryriwruqken6ctriyworbxytbwftj4vk7s",
		"tcp_mss":	1500,
		"target_bitrate":	0,
		"fq_rate":	0,
		"sock_bufsize":	0,
		"sndbuf_actual":	16384,
		"rcvbuf_actual":	131072,
		"test_start":	{
			"protocol":	"TCP",
			"num_streams":	1,
			"blksize":	131072,
			"omit":	0,
			"duration":	10,
			"bytes":	0,
			"blocks":	0,
			"reverse":	0,
			"tos":	0,
			"target_bitrate":	0,
			"bidir":	0,
			"fqrate":	0,
			"interval":	1
		}
	},
	"intervals":	[{
			"streams":	[{
					"socket":	5,
					"start":	0,
					"end":	1.001144,
					"seconds":	1.0011440515518188,
					"bytes":	3801088,
					"bits_per_second":	30373954.630070593,
					"retransmits":	0,
					"snd_cwnd":	328696,
					"snd_wnd":	986688,
					"rtt":	119573,
					"rttvar":	14850,
					"pmtu":	1520,
					"reorder":	0,
					"omitted":	false,
					"sender":	true
				}],
			"sum":	{
				"start":	0,
				"end":	1.001144,
				"seconds":	1.0011440515518188,
				"bytes":	3801088,
				"bits_per_second":	30373954.630070593,
				"retransmits":	0,
				"omitted":	false,
				"sender":	true
			}
		}, {
			"streams":	[{
					"socket":	5,
					"start":	1.001144,
					"end":	2.00115,
					"seconds":	1.0000059604644775,
					"bytes":	3145728,
					"bits_per_second":	25165674.000894066,
					"retransmits":	0,
					"snd_cwnd":	444536,
					"snd_wnd":	1043584,
					"rtt":	182832,
					"rttvar":	13993,
					"pmtu":	1520,
					"reorder":	0,
					"omitted":	false,
					"sender":	true
				}],
			"sum":	{
				"start":	1.001144,
				"end":	2.00115,
				"seconds":	1.0000059604644775,
				"bytes":	3145728,
				"bits_per_second":	25165674.000894066,
				"retransmits":	0,
				"omitted":	false,
				"sender":	true
			}
		}, {
			"streams":	[{
					"socket":	5,
					"start":	2.00115,
					"end":	3.001143,
					"seconds":	0.99999302625656128,
					"bytes":	1179648,
					"bits_per_second":	9437249.8129589632,
					"retransmits":	0,
					"snd_cwnd":	519832,
					"snd_wnd":	1076224,
					"rtt":	374573,
					"rttvar":	10618,
					"pmtu":	1520,
					"reorder":	0,
					"omitted":	false,
					"sender":	true
				}],
			"sum":	{
				"start":	2.00115,
				"end":	3.001143,
				"seconds":	0.99999302625656128,
				"bytes":	1179648,
				"bits_per_second":	9437249.8129589632,
				"retransmits":	0,
				"omitted":	false,
				"sender":	true
			}
		}, {
			"streams":	[{
					"socket":	5,
					"start":	3.001143,
					"end":	4.001151,
					"seconds":	1.0000079870224,
					"bytes":	2228224,
					"bits_per_second":	17825649.626137145,
					"retransmits":	0,
					"snd_cwnd":	577752,
					"snd_wnd":	1210496,
					"rtt":	487533,
					"rttvar":	12152,
					"pmtu":	1520,
					"reorder":	0,
					"omitted":	false,
					"sender":	true
				}],
			"sum":	{
				"start":	3.001143,
				"end":	4.001151,
				"seconds":	1.0000079870224,
				"bytes":	2228224,
				"bits_per_second":	17825649.626137145,
				"retransmits":	0,
				"omitted":	false,
				"sender":	true
			}
		}, {
			"streams":	[{
					"socket":	5,
					"start":	4.001151,
					"end":	5.001143,
					"seconds":	0.9999920129776,
					"bytes":	1310720,
					"bits_per_second":	10485843.750668919,
					"retransmits":	0,
					"snd_cwnd":	616848,
					"snd_wnd":	1396992,
					"rtt":	642737,
					"rttvar":	22258,
					"pmtu":	1520,
					"reorder":	0,
					"omitted":	false,
					"sender":	true
				}],
			"sum":	{
				"start":	4.001151,
				"end":	5.001143,
				"seconds":	0.9999920129776,
				"bytes":	1310720,
				"bits_per_second":	10485843.750668919,
				"retransmits":	0,
				"omitted":	false,
				"sender":	true
			}
		}, {
			"streams":	[{
					"socket":	5,
					"start":	5.001143,
					"end":	6.001049,
					"seconds":	0.99990600347518921,
					"bytes":	1310720,
					"bits_per_second":	10486745.717654034,
					"retransmits":	0,
					"snd_cwnd":	684904,
					"snd_wnd":	1396992,
					"rtt":	456192,
					"rttvar":	26227,
					"pmtu":	1520,
					"reorder":	0,
					"omitted":	false,
					"sender":	true
				}],
			"sum":	{
				"start":	5.001143,
				"end":	6.001049,
				"seconds":	0.99990600347518921,
				"bytes":	1310720,
				"bits_per_second":	10486745.717654034,
				"retransmits":	0,
				"omitted":	false,
				"sender":	true
			}
		}, {
			"streams":	[{
					"socket":	5,
					"start":	6.001049,
					"end":	7.001144,
					"seconds":	1.000095009803772,
					"bytes":	1572864,
					"bits_per_second":	12581716.61357343,
					"retransmits":	0,
					"snd_cwnd":	761648,
					"snd_wnd":	1756608,
					"rtt":	200993,
					"rttvar":	14943,
					"pmtu":	1520,
					"reorder":	0,
					"omitted":	false,
					"sender":	true
				}],
			"sum":	{
				"start":	6.001049,
				"end":	7.001144,
				"seconds":	1.000095009803772,
				"bytes":	1572864,
				"bits_per_second":	12581716.61357343,
				"retransmits":	0,
				"omitted":	false,
				"sender":	true
			}
		}, {
			"streams":	[{
					"socket":	5,
					"start":	7.001144,
					"end":	8.001115,
					"seconds":	0.99997097253799438,
					"bytes":	1441792,
					"bits_per_second":	11534670.822219038,
					"retransmits":	0,
					"snd_cwnd":	832600,
					"snd_wnd":	1756608,
					"rtt":	580721,
					"rttvar":	25371,
					"pmtu":	1520,
					"reorder":	0,
					"omitted":	false,
					"sender":	true
				}],
			"sum":	{
				"start":	7.001144,
				"end":	8.001115,
				"seconds":	0.99997097253799438,
				"bytes":	1441792,
				"bits_per_second":	11534670.822219038,
				"retransmits":	0,
				"omitted":	false,
				"sender":	true
			}
		}, {
			"streams":	[{
					"socket":	5,
					"start":	8.001115,
					"end":	9.001154,
					"seconds":	1.0000389814376831,
					"bytes":	0,
					"bits_per_second":	0,
					"retransmits":	0,
					"snd_cwnd":	877488,
					"snd_wnd":	1756608,
					"rtt":	936542,
					"rttvar":	16844,
					"pmtu":	1520,
					"reorder":	0,
					"omitted":	false,
					"sender":	true
				}],
			"sum":	{
				"start":	8.001115,
				"end":	9.001154,
				"seconds":	1.0000389814376831,
				"bytes":	0,
				"bits_per_second":	0,
				"retransmits":	0,
				"omitted":	false,
				"sender":	true
			}
		}, {
			"streams":	[{
					"socket":	5,
					"start":	9.001154,
					"end":	10.001979,
					"seconds":	1.000825047492981,
					"bytes":	1441792,
					"bits_per_second":	11524827.469988847,
					"retransmits":	0,
					"snd_cwnd":	936856,
					"snd_wnd":	1935296,
					"rtt":	775144,
					"rttvar":	12642,
					"pmtu":	1520,
					"reorder":	0,
					"omitted":	false,
					"sender":	true
				}],
			"sum":	{
				"start":	9.001154,
				"end":	10.001979,
				"seconds":	1.000825047492981,
				"bytes":	1441792,
				"bits_per_second":	11524827.469988847,
				"retransmits":	0,
				"omitted":	false,
				"sender":	true
			}
		}],
	"end":	{
		"streams":	[{
				"sender":	{
					"socket":	5,
					"start":	0,
					"end":	10.001979,
					"seconds":	10.001979,
					"bytes":	17432576,
					"bits_per_second":	13943301.420648852,
					"retransmits":	0,
					"reorder":	0,
					"max_snd_cwnd":	936856,
					"max_snd_wnd":	1935296,
					"max_rtt":	936542,
					"min_rtt":	119573,
					"mean_rtt":	475684,
					"sender":	true
				},
				"receiver":	{
					"socket":	5,
					"start":	0,
					"end":	11.050159,
					"seconds":	10.001979,
					"bytes":	15466496,
					"bits_per_second":	11197302.047870984,
					"sender":	true
				}
			}],
		"sum_sent":	{
			"start":	0,
			"end":	10.001979,
			"seconds":	10.001979,
			"bytes":	17432576,
			"bits_per_second":	13943301.420648852,
			"retransmits":	0,
			"sender":	true
		},
		"sum_received":	{
			"start":	0,
			"end":	11.050159,
			"seconds":	11.050159,
			"bytes":	15466496,
			"bits_per_second":	11197302.047870984,
			"sender":	true
		},
		"cpu_utilization_percent":	{
			"host_total":	0.12606721484002575,
			"host_user":	0.042158260379794137,
			"host_system":	0.0839089544602316,
			"remote_total":	8.64339101627338,
			"remote_user":	0.596099354644513,
			"remote_system":	8.04730068455106
		},
		"sender_tcp_congestion":	"cubic",
		"receiver_tcp_congestion":	"cubic"
	}
}
{
	"start":	{
		"connected":	[{
				"socket":	5,
				"local_host":	"192.168.1.48",
				"local_port":	54572,
				"remote_host":	"192.168.1.58",
				"remote_port":	5201
			}],
		"version":	"iperf 3.20",
		"system_info":	"Linux kuroi-washi 6.19.11+kali-amd64 #1 SMP PREEMPT_DYNAMIC Kali 6.19.11-1kali1 (2026-04-09) x86_64",
		"timestamp":	{
			"time":	"Thu, 23 Apr 2026 21:52:49 GMT",
			"timesecs":	1776981169,
			"timemillisecs":	1776981169412
		},
		"connecting_to":	{
			"host":	"192.168.1.58",
			"port":	5201
		},
		"cookie":	"j6bvcqbaj3y4rhsou4j4bckpt6robwohcldy",
		"tcp_mss":	1500,
		"target_bitrate":	0,
		"fq_rate":	0,
		"sock_bufsize":	0,
		"sndbuf_actual":	16384,
		"rcvbuf_actual":	131072,
		"test_start":	{
			"protocol":	"TCP",
			"num_streams":	1,
			"blksize":	131072,
			"omit":	0,
			"duration":	10,
			"bytes":	0,
			"blocks":	0,
			"reverse":	0,
			"tos":	0,
			"target_bitrate":	0,
			"bidir":	0,
			"fqrate":	0,
			"interval":	1
		}
	},
	"intervals":	[{
			"streams":	[{
					"socket":	5,
					"start":	0,
					"end":	1.00115,
					"seconds":	1.0011500120162964,
					"bytes":	2621440,
					"bits_per_second":	20947430.203555383,
					"retransmits":	0,
					"snd_cwnd":	181000,
					"snd_wnd":	648000,
					"rtt":	59993,
					"rttvar":	7461,
					"pmtu":	1520,
					"reorder":	0,
					"omitted":	false,
					"sender":	true
				}],
			"sum":	{
				"start":	0,
				"end":	1.00115,
				"seconds":	1.0011500120162964,
				"bytes":	2621440,
				"bits_per_second":	20947430.203555383,
				"retransmits":	0,
				"omitted":	false,
				"sender":	true
			}
		}, {
			"streams":	[{
					"socket":	5,
					"start":	1.00115,
					"end":	2.00114,
					"seconds":	0.99998998641967773,
					"bytes":	2883584,
					"bits_per_second":	23068903.002313159,
					"retransmits":	0,
					"snd_cwnd":	289600,
					"snd_wnd":	906112,
					"rtt":	72636,
					"rttvar":	30218,
					"pmtu":	1520,
					"reorder":	0,
					"omitted":	false,
					"sender":	true
				}],
			"sum":	{
				"start":	1.00115,
				"end":	2.00114,
				"seconds":	0.99998998641967773,
				"bytes":	2883584,
				"bits_per_second":	23068903.002313159,
				"retransmits":	0,
				"omitted":	false,
				"sender":	true
			}
		}, {
			"streams":	[{
					"socket":	5,
					"start":	2.00114,
					"end":	3.001143,
					"seconds":	1.0000029802322388,
					"bytes":	2228224,
					"bits_per_second":	17825738.875158325,
					"retransmits":	0,
					"snd_cwnd":	372136,
					"snd_wnd":	906112,
					"rtt":	85726,
					"rttvar":	38086,
					"pmtu":	1520,
					"reorder":	0,
					"omitted":	false,
					"sender":	true
				}],
			"sum":	{
				"start":	2.00114,
				"end":	3.001143,
				"seconds":	1.0000029802322388,
				"bytes":	2228224,
				"bits_per_second":	17825738.875158325,
				"retransmits":	0,
				"omitted":	false,
				"sender":	true
			}
		}, {
			"streams":	[{
					"socket":	5,
					"start":	3.001143,
					"end":	4.001127,
					"seconds":	0.9999840259552002,
					"bytes":	917504,
					"bits_per_second":	7340149.2518729866,
					"retransmits":	0,
					"snd_cwnd":	425712,
					"snd_wnd":	906112,
					"rtt":	361723,
					"rttvar":	6207,
					"pmtu":	1520,
					"reorder":	0,
					"omitted":	false,
					"sender":	true
				}],
			"sum":	{
				"start":	3.001143,
				"end":	4.001127,
				"seconds":	0.9999840259552002,
				"bytes":	917504,
				"bits_per_second":	7340149.2518729866,
				"retransmits":	0,
				"omitted":	false,
				"sender":	true
			}
		}, {
			"streams":	[{
					"socket":	5,
					"start":	4.001127,
					"end":	5.001144,
					"seconds":	1.0000170469284058,
					"bytes":	3145728,
					"bits_per_second":	25165395.007313009,
					"retransmits":	0,
					"snd_cwnd":	534312,
					"snd_wnd":	1450752,
					"rtt":	168327,
					"rttvar":	11389,
					"pmtu":	1520,
					"reorder":	0,
					"omitted":	false,
					"sender":	true
				}],
			"sum":	{
				"start":	4.001127,
				"end":	5.001144,
				"seconds":	1.0000170469284058,
				"bytes":	3145728,
				"bits_per_second":	25165395.007313009,
				"retransmits":	0,
				"omitted":	false,
				"sender":	true
			}
		}, {
			"streams":	[{
					"socket":	5,
					"start":	5.001144,
					"end":	6.001138,
					"seconds":	0.99999397993087769,
					"bytes":	2359296,
					"bits_per_second":	18874481.625684034,
					"retransmits":	0,
					"snd_cwnd":	670424,
					"snd_wnd":	1566464,
					"rtt":	233980,
					"rttvar":	8853,
					"pmtu":	1520,
					"reorder":	0,
					"omitted":	false,
					"sender":	true
				}],
			"sum":	{
				"start":	5.001144,
				"end":	6.001138,
				"seconds":	0.99999397993087769,
				"bytes":	2359296,
				"bits_per_second":	18874481.625684034,
				"retransmits":	0,
				"omitted":	false,
				"sender":	true
			}
		}, {
			"streams":	[{
					"socket":	5,
					"start":	6.001138,
					"end":	7.001138,
					"seconds":	1,
					"bytes":	3014656,
					"bits_per_second":	24117248,
					"retransmits":	0,
					"snd_cwnd":	809432,
					"snd_wnd":	1828224,
					"rtt":	201748,
					"rttvar":	15284,
					"pmtu":	1520,
					"reorder":	0,
					"omitted":	false,
					"sender":	true
				}],
			"sum":	{
				"start":	6.001138,
				"end":	7.001138,
				"seconds":	1,
				"bytes":	3014656,
				"bits_per_second":	24117248,
				"retransmits":	0,
				"omitted":	false,
				"sender":	true
			}
		}, {
			"streams":	[{
					"socket":	5,
					"start":	7.001138,
					"end":	8.001127,
					"seconds":	0.99998897314071655,
					"bytes":	4325376,
					"bits_per_second":	34603389.566707484,
					"retransmits":	0,
					"snd_cwnd":	961472,
					"snd_wnd":	1935296,
					"rtt":	275599,
					"rttvar":	4350,
					"pmtu":	1520,
					"reorder":	0,
					"omitted":	false,
					"sender":	true
				}],
			"sum":	{
				"start":	7.001138,
				"end":	8.001127,
				"seconds":	0.99998897314071655,
				"bytes":	4325376,
				"bits_per_second":	34603389.566707484,
				"retransmits":	0,
				"omitted":	false,
				"sender":	true
			}
		}, {
			"streams":	[{
					"socket":	5,
					"start":	8.001127,
					"end":	9.001143,
					"seconds":	1.0000159740448,
					"bytes":	2883584,
					"bits_per_second":	23068303.505886342,
					"retransmits":	0,
					"snd_cwnd":	1104824,
					"snd_wnd":	1935296,
					"rtt":	313259,
					"rttvar":	13466,
					"pmtu":	1520,
					"reorder":	0,
					"omitted":	false,
					"sender":	true
				}],
			"sum":	{
				"start":	8.001127,
				"end":	9.001143,
				"seconds":	1.0000159740448,
				"bytes":	2883584,
				"bits_per_second":	23068303.505886342,
				"retransmits":	0,
				"omitted":	false,
				"sender":	true
			}
		}, {
			"streams":	[{
					"socket":	5,
					"start":	9.001143,
					"end":	10.001988,
					"seconds":	1.0008449554443359,
					"bytes":	2883584,
					"bits_per_second":	23049196.455966961,
					"retransmits":	0,
					"snd_cwnd":	1248176,
					"snd_wnd":	1935296,
					"rtt":	424981,
					"rttvar":	14485,
					"pmtu":	1520,
					"reorder":	0,
					"omitted":	false,
					"sender":	true
				}],
			"sum":	{
				"start":	9.001143,
				"end":	10.001988,
				"seconds":	1.0008449554443359,
				"bytes":	2883584,
				"bits_per_second":	23049196.455966961,
				"retransmits":	0,
				"omitted":	false,
				"sender":	true
			}
		}],
	"end":	{
		"streams":	[{
				"sender":	{
					"socket":	5,
					"start":	0,
					"end":	10.001988,
					"seconds":	10.001988,
					"bytes":	27262976,
					"bits_per_second":	21806045.758103289,
					"retransmits":	0,
					"reorder":	0,
					"max_snd_cwnd":	1248176,
					"max_snd_wnd":	1935296,
					"max_rtt":	424981,
					"min_rtt":	59993,
					"mean_rtt":	219797,
					"sender":	true
				},
				"receiver":	{
					"socket":	5,
					"start":	0,
					"end":	10.500773,
					"seconds":	10.001988,
					"bytes":	24510464,
					"bits_per_second":	18673264.530144591,
					"sender":	true
				}
			}],
		"sum_sent":	{
			"start":	0,
			"end":	10.001988,
			"seconds":	10.001988,
			"bytes":	27262976,
			"bits_per_second":	21806045.758103289,
			"retransmits":	0,
			"sender":	true
		},
		"sum_received":	{
			"start":	0,
			"end":	10.500773,
			"seconds":	10.500773,
			"bytes":	24510464,
			"bits_per_second":	18673264.530144591,
			"sender":	true
		},
		"cpu_utilization_percent":	{
			"host_total":	0.18457345788175555,
			"host_user":	0,
			"host_system":	0.18458339240233695,
			"remote_total":	10.996488515953423,
			"remote_user":	1.1152530236462055,
			"remote_system":	9.8812449763964736
		},
		"sender_tcp_congestion":	"cubic",
		"receiver_tcp_congestion":	"cubic"
	}
}
{
	"start":	{
		"connected":	[{
				"socket":	5,
				"local_host":	"192.168.1.48",
				"local_port":	49872,
				"remote_host":	"192.168.1.58",
				"remote_port":	5201
			}],
		"version":	"iperf 3.20",
		"system_info":	"Linux kuroi-washi 6.19.11+kali-amd64 #1 SMP PREEMPT_DYNAMIC Kali 6.19.11-1kali1 (2026-04-09) x86_64",
		"timestamp":	{
			"time":	"Thu, 23 Apr 2026 21:53:00 GMT",
			"timesecs":	1776981180,
			"timemillisecs":	1776981180465
		},
		"connecting_to":	{
			"host":	"192.168.1.58",
			"port":	5201
		},
		"cookie":	"khapcnblj6x7yegarpdsgwi7jrmzjtmjfmmz",
		"tcp_mss":	1500,
		"target_bitrate":	0,
		"fq_rate":	0,
		"sock_bufsize":	0,
		"sndbuf_actual":	16384,
		"rcvbuf_actual":	131072,
		"test_start":	{
			"protocol":	"TCP",
			"num_streams":	1,
			"blksize":	131072,
			"omit":	0,
			"duration":	10,
			"bytes":	0,
			"blocks":	0,
			"reverse":	0,
			"tos":	0,
			"target_bitrate":	0,
			"bidir":	0,
			"fqrate":	0,
			"interval":	1
		}
	},
	"intervals":	[{
			"streams":	[{
					"socket":	5,
					"start":	0,
					"end":	1.00115,
					"seconds":	1.0011500120162964,
					"bytes":	3670016,
					"bits_per_second":	29326402.284977533,
					"retransmits":	0,
					"snd_cwnd":	240368,
					"snd_wnd":	1482048,
					"rtt":	90933,
					"rttvar":	11454,
					"pmtu":	1520,
					"reorder":	0,
					"omitted":	false,
					"sender":	true
				}],
			"sum":	{
				"start":	0,
				"end":	1.00115,
				"seconds":	1.0011500120162964,
				"bytes":	3670016,
				"bits_per_second":	29326402.284977533,
				"retransmits":	0,
				"omitted":	false,
				"sender":	true
			}
		}, {
			"streams":	[{
					"socket":	5,
					"start":	1.00115,
					"end":	2.001141,
					"seconds":	0.999990999698639,
					"bytes":	3407872,
					"bits_per_second":	27263221.377208468,
					"retransmits":	0,
					"snd_cwnd":	369240,
					"snd_wnd":	1482048,
					"rtt":	146558,
					"rttvar":	17352,
					"pmtu":	1520,
					"reorder":	0,
					"omitted":	false,
					"sender":	true
				}],
			"sum":	{
				"start":	1.00115,
				"end":	2.001141,
				"seconds":	0.999990999698639,
				"bytes":	3407872,
				"bits_per_second":	27263221.377208468,
				"retransmits":	0,
				"omitted":	false,
				"sender":	true
			}
		}, {
			"streams":	[{
					"socket":	5,
					"start":	2.001141,
					"end":	3.001143,
					"seconds":	1.0000020265579224,
					"bytes":	2752512,
					"bits_per_second":	22020051.375090435,
					"retransmits":	0,
					"snd_cwnd":	495216,
					"snd_wnd":	1482048,
					"rtt":	158494,
					"rttvar":	4079,
					"pmtu":	1520,
					"reorder":	0,
					"omitted":	false,
					"sender":	true
				}],
			"sum":	{
				"start":	2.001141,
				"end":	3.001143,
				"seconds":	1.0000020265579224,
				"bytes":	2752512,
				"bits_per_second":	22020051.375090435,
				"retransmits":	0,
				"omitted":	false,
				"sender":	true
			}
		}, {
			"streams":	[{
					"socket":	5,
					"start":	3.001143,
					"end":	4.001155,
					"seconds":	1.0000120401382446,
					"bytes":	3407872,
					"bits_per_second":	27262647.753952127,
					"retransmits":	0,
					"snd_cwnd":	632776,
					"snd_wnd":	1482048,
					"rtt":	218835,
					"rttvar":	20452,
					"pmtu":	1520,
					"reorder":	0,
					"omitted":	false,
					"sender":	true
				}],
			"sum":	{
				"start":	3.001143,
				"end":	4.001155,
				"seconds":	1.0000120401382446,
				"bytes":	3407872,
				"bits_per_second":	27262647.753952127,
				"retransmits":	0,
				"omitted":	false,
				"sender":	true
			}
		}, {
			"streams":	[{
					"socket":	5,
					"start":	4.001155,
					"end":	5.001146,
					"seconds":	0.999990999698639,
					"bytes":	2752512,
					"bits_per_second":	22020294.189283762,
					"retransmits":	0,
					"snd_cwnd":	764544,
					"snd_wnd":	1789376,
					"rtt":	246760,
					"rttvar":	29470,
					"pmtu":	1520,
					"reorder":	0,
					"omitted":	false,
					"sender":	true
				}],
			"sum":	{
				"start":	4.001155,
				"end":	5.001146,
				"seconds":	0.999990999698639,
				"bytes":	2752512,
				"bits_per_second":	22020294.189283762,
				"retransmits":	0,
				"omitted":	false,
				"sender":	true
			}
		}, {
			"streams":	[{
					"socket":	5,
					"start":	5.001146,
					"end":	6.001151,
					"seconds":	1.0000050067901611,
					"bytes":	2752512,
					"bits_per_second":	22019985.750552,
					"retransmits":	0,
					"snd_cwnd":	896312,
					"snd_wnd":	1935296,
					"rtt":	308930,
					"rttvar":	2379,
					"pmtu":	1520,
					"reorder":	0,
					"omitted":	false,
					"sender":	true
				}],
			"sum":	{
				"start":	5.001146,
				"end":	6.001151,
				"seconds":	1.0000050067901611,
				"bytes":	2752512,
				"bits_per_second":	22019985.750552,
				"retransmits":	0,
				"omitted":	false,
				"sender":	true
			}
		}, {
			"streams":	[{
					"socket":	5,
					"start":	6.001151,
					"end":	7.001109,
					"seconds":	0.99995797872543335,
					"bytes":	2883584,
					"bits_per_second":	23069641.415736087,
					"retransmits":	0,
					"snd_cwnd":	1036768,
					"snd_wnd":	1935296,
					"rtt":	345762,
					"rttvar":	6196,
					"pmtu":	1520,
					"reorder":	0,
					"omitted":	false,
					"sender":	true
				}],
			"sum":	{
				"start":	6.001151,
				"end":	7.001109,
				"seconds":	0.99995797872543335,
				"bytes":	2883584,
				"bits_per_second":	23069641.415736087,
				"retransmits":	0,
				"omitted":	false,
				"sender":	true
			}
		}, {
			"streams":	[{
					"socket":	5,
					"start":	7.001109,
					"end":	8.001153,
					"seconds":	1.0000439882278442,
					"bytes":	3014656,
					"bits_per_second":	24116187.171663959,
					"retransmits":	0,
					"snd_cwnd":	1171432,
					"snd_wnd":	1935296,
					"rtt":	407153,
					"rttvar":	14338,
					"pmtu":	1520,
					"reorder":	0,
					"omitted":	false,
					"sender":	true
				}],
			"sum":	{
				"start":	7.001109,
				"end":	8.001153,
				"seconds":	1.0000439882278442,
				"bytes":	3014656,
				"bits_per_second":	24116187.171663959,
				"retransmits":	0,
				"omitted":	false,
				"sender":	true
			}
		}, {
			"streams":	[{
					"socket":	5,
					"start":	8.001153,
					"end":	9.001105,
					"seconds":	0.99995201826095581,
					"bytes":	2883584,
					"bits_per_second":	23069778.928112336,
					"retransmits":	0,
					"snd_cwnd":	1345192,
					"snd_wnd":	1935296,
					"rtt":	342064,
					"rttvar":	8582,
					"pmtu":	1520,
					"reorder":	0,
					"omitted":	false,
					"sender":	true
				}],
			"sum":	{
				"start":	8.001153,
				"end":	9.001105,
				"seconds":	0.99995201826095581,
				"bytes":	2883584,
				"bits_per_second":	23069778.928112336,
				"retransmits":	0,
				"omitted":	false,
				"sender":	true
			}
		}, {
			"streams":	[{
					"socket":	5,
					"start":	9.001105,
					"end":	10.001993,
					"seconds":	1.0008879899978638,
					"bytes":	2752512,
					"bits_per_second":	22000559.723018557,
					"retransmits":	0,
					"snd_cwnd":	1498680,
					"snd_wnd":	1935296,
					"rtt":	431696,
					"rttvar":	12001,
					"pmtu":	1520,
					"reorder":	0,
					"omitted":	false,
					"sender":	true
				}],
			"sum":	{
				"start":	9.001105,
				"end":	10.001993,
				"seconds":	1.0008879899978638,
				"bytes":	2752512,
				"bits_per_second":	22000559.723018557,
				"retransmits":	0,
				"omitted":	false,
				"sender":	true
			}
		}],
	"end":	{
		"streams":	[{
				"sender":	{
					"socket":	5,
					"start":	0,
					"end":	10.001993,
					"seconds":	10.001993,
					"bytes":	30277632,
					"bits_per_second":	24217279.096276112,
					"retransmits":	0,
					"reorder":	0,
					"max_snd_cwnd":	1498680,
					"max_snd_wnd":	1935296,
					"max_rtt":	431696,
					"min_rtt":	90933,
					"mean_rtt":	269718,
					"sender":	true
				},
				"receiver":	{
					"socket":	5,
					"start":	0,
					"end":	10.489408,
					"seconds":	10.001993,
					"bytes":	29229056,
					"bits_per_second":	22292244.519423787,
					"sender":	true
				}
			}],
		"sum_sent":	{
			"start":	0,
			"end":	10.001993,
			"seconds":	10.001993,
			"bytes":	30277632,
			"bits_per_second":	24217279.096276112,
			"retransmits":	0,
			"sender":	true
		},
		"sum_received":	{
			"start":	0,
			"end":	10.489408,
			"seconds":	10.489408,
			"bytes":	29229056,
			"bits_per_second":	22292244.519423787,
			"sender":	true
		},
		"cpu_utilization_percent":	{
			"host_total":	0.18591708384117528,
			"host_user":	0.033224310580656655,
			"host_system":	0.15270270578984022,
			"remote_total":	12.187231796328506,
			"remote_user":	0.82576350227474682,
			"remote_system":	11.361458800118484
		},
		"sender_tcp_congestion":	"cubic",
		"receiver_tcp_congestion":	"cubic"
	}
}
{
	"start":	{
		"connected":	[{
				"socket":	5,
				"local_host":	"192.168.1.48",
				"local_port":	49110,
				"remote_host":	"192.168.1.58",
				"remote_port":	5201
			}],
		"version":	"iperf 3.20",
		"system_info":	"Linux kuroi-washi 6.19.11+kali-amd64 #1 SMP PREEMPT_DYNAMIC Kali 6.19.11-1kali1 (2026-04-09) x86_64",
		"timestamp":	{
			"time":	"Thu, 23 Apr 2026 21:53:11 GMT",
			"timesecs":	1776981191,
			"timemillisecs":	1776981191351
		},
		"connecting_to":	{
			"host":	"192.168.1.58",
			"port":	5201
		},
		"cookie":	"r6onow3btbkmhvhyvrpbpzpc5jaqvt5gxjbd",
		"tcp_mss":	1500,
		"target_bitrate":	0,
		"fq_rate":	0,
		"sock_bufsize":	0,
		"sndbuf_actual":	16384,
		"rcvbuf_actual":	131072,
		"test_start":	{
			"protocol":	"TCP",
			"num_streams":	1,
			"blksize":	131072,
			"omit":	0,
			"duration":	10,
			"bytes":	0,
			"blocks":	0,
			"reverse":	0,
			"tos":	0,
			"target_bitrate":	0,
			"bidir":	0,
			"fqrate":	0,
			"interval":	1
		}
	},
	"intervals":	[{
			"streams":	[{
					"socket":	5,
					"start":	0,
					"end":	1.000933,
					"seconds":	1.000933051109314,
					"bytes":	3932160,
					"bits_per_second":	31427956.110687453,
					"retransmits":	0,
					"snd_cwnd":	173760,
					"snd_wnd":	718144,
					"rtt":	49642,
					"rttvar":	6876,
					"pmtu":	1520,
					"reorder":	0,
					"omitted":	false,
					"sender":	true
				}],
			"sum":	{
				"start":	0,
				"end":	1.000933,
				"seconds":	1.000933051109314,
				"bytes":	3932160,
				"bits_per_second":	31427956.110687453,
				"retransmits":	0,
				"omitted":	false,
				"sender":	true
			}
		}, {
			"streams":	[{
					"socket":	5,
					"start":	1.000933,
					"end":	2.001135,
					"seconds":	1.000201940536499,
					"bytes":	2490368,
					"bits_per_second":	19918921.562293228,
					"retransmits":	0,
					"snd_cwnd":	291048,
					"snd_wnd":	876288,
					"rtt":	92075,
					"rttvar":	8665,
					"pmtu":	1520,
					"reorder":	0,
					"omitted":	false,
					"sender":	true
				}],
			"sum":	{
				"start":	1.000933,
				"end":	2.001135,
				"seconds":	1.000201940536499,
				"bytes":	2490368,
				"bits_per_second":	19918921.562293228,
				"retransmits":	0,
				"omitted":	false,
				"sender":	true
			}
		}, {
			"streams":	[{
					"socket":	5,
					"start":	2.001135,
					"end":	3.001126,
					"seconds":	0.999990999698639,
					"bytes":	4194304,
					"bits_per_second":	33554734.002718113,
					"retransmits":	0,
					"snd_cwnd":	432952,
					"snd_wnd":	1291392,
					"rtt":	54133,
					"rttvar":	8399,
					"pmtu":	1520,
					"reorder":	0,
					"omitted":	false,
					"sender":	true
				}],
			"sum":	{
				"start":	2.001135,
				"end":	3.001126,
				"seconds":	0.999990999698639,
				"bytes":	4194304,
				"bits_per_second":	33554734.002718113,
				"retransmits":	0,
				"omitted":	false,
				"sender":	true
			}
		}, {
			"streams":	[{
					"socket":	5,
					"start":	3.001126,
					"end":	4.001133,
					"seconds":	1.0000070333480835,
					"bytes":	3145728,
					"bits_per_second":	25165647.0012449,
					"retransmits":	0,
					"snd_cwnd":	593680,
					"snd_wnd":	1337344,
					"rtt":	143353,
					"rttvar":	3713,
					"pmtu":	1520,
					"reorder":	0,
					"omitted":	false,
					"sender":	true
				}],
			"sum":	{
				"start":	3.001126,
				"end":	4.001133,
				"seconds":	1.0000070333480835,
				"bytes":	3145728,
				"bits_per_second":	25165647.0012449,
				"retransmits":	0,
				"omitted":	false,
				"sender":	true
			}
		}, {
			"streams":	[{
					"socket":	5,
					"start":	4.001133,
					"end":	5.000927,
					"seconds":	0.99979400634765625,
					"bytes":	4063232,
					"bits_per_second":	32512553.379617687,
					"retransmits":	0,
					"snd_cwnd":	757304,
					"snd_wnd":	1639296,
					"rtt":	190576,
					"rttvar":	4714,
					"pmtu":	1520,
					"reorder":	0,
					"omitted":	false,
					"sender":	true
				}],
			"sum":	{
				"start":	4.001133,
				"end":	5.000927,
				"seconds":	0.99979400634765625,
				"bytes":	4063232,
				"bits_per_second":	32512553.379617687,
				"retransmits":	0,
				"omitted":	false,
				"sender":	true
			}
		}, {
			"streams":	[{
					"socket":	5,
					"start":	5.000927,
					"end":	6.000901,
					"seconds":	0.999974012374878,
					"bytes":	3014656,
					"bits_per_second":	24117874.766288169,
					"retransmits":	0,
					"snd_cwnd":	925272,
					"snd_wnd":	1799872,
					"rtt":	342280,
					"rttvar":	5154,
					"pmtu":	1520,
					"reorder":	0,
					"omitted":	false,
					"sender":	true
				}],
			"sum":	{
				"start":	5.000927,
				"end":	6.000901,
				"seconds":	0.999974012374878,
				"bytes":	3014656,
				"bits_per_second":	24117874.766288169,
				"retransmits":	0,
				"omitted":	false,
				"sender":	true
			}
		}, {
			"streams":	[{
					"socket":	5,
					"start":	6.000901,
					"end":	7.00115,
					"seconds":	1.0002490282058716,
					"bytes":	4325376,
					"bits_per_second":	34594393.02037292,
					"retransmits":	0,
					"snd_cwnd":	1114960,
					"snd_wnd":	1935296,
					"rtt":	249166,
					"rttvar":	3731,
					"pmtu":	1520,
					"reorder":	0,
					"omitted":	false,
					"sender":	true
				}],
			"sum":	{
				"start":	6.000901,
				"end":	7.00115,
				"seconds":	1.0002490282058716,
				"bytes":	4325376,
				"bits_per_second":	34594393.02037292,
				"retransmits":	0,
				"omitted":	false,
				"sender":	true
			}
		}, {
			"streams":	[{
					"socket":	5,
					"start":	7.00115,
					"end":	8.001149,
					"seconds":	0.99999898672103882,
					"bytes":	2883584,
					"bits_per_second":	23068695.375023685,
					"retransmits":	0,
					"snd_cwnd":	1285824,
					"snd_wnd":	1935296,
					"rtt":	371290,
					"rttvar":	17256,
					"pmtu":	1520,
					"reorder":	0,
					"omitted":	false,
					"sender":	true
				}],
			"sum":	{
				"start":	7.00115,
				"end":	8.001149,
				"seconds":	0.99999898672103882,
				"bytes":	2883584,
				"bits_per_second":	23068695.375023685,
				"retransmits":	0,
				"omitted":	false,
				"sender":	true
			}
		}, {
			"streams":	[{
					"socket":	5,
					"start":	8.001149,
					"end":	9.001136,
					"seconds":	0.999987006187439,
					"bytes":	4325376,
					"bits_per_second":	34603457.630842417,
					"retransmits":	0,
					"snd_cwnd":	1507368,
					"snd_wnd":	1935296,
					"rtt":	305983,
					"rttvar":	6706,
					"pmtu":	1520,
					"reorder":	0,
					"omitted":	false,
					"sender":	true
				}],
			"sum":	{
				"start":	8.001149,
				"end":	9.001136,
				"seconds":	0.999987006187439,
				"bytes":	4325376,
				"bits_per_second":	34603457.630842417,
				"retransmits":	0,
				"omitted":	false,
				"sender":	true
			}
		}, {
			"streams":	[{
					"socket":	5,
					"start":	9.001136,
					"end":	10.001727,
					"seconds":	1.0005910396575928,
					"bytes":	5767168,
					"bits_per_second":	46110091.107540227,
					"retransmits":	0,
					"snd_cwnd":	1743392,
					"snd_wnd":	1935296,
					"rtt":	338009,
					"rttvar":	26693,
					"pmtu":	1520,
					"reorder":	0,
					"omitted":	false,
					"sender":	true
				}],
			"sum":	{
				"start":	9.001136,
				"end":	10.001727,
				"seconds":	1.0005910396575928,
				"bytes":	5767168,
				"bits_per_second":	46110091.107540227,
				"retransmits":	0,
				"omitted":	false,
				"sender":	true
			}
		}],
	"end":	{
		"streams":	[{
				"sender":	{
					"socket":	5,
					"start":	0,
					"end":	10.001727,
					"seconds":	10.001727,
					"bytes":	38141952,
					"bits_per_second":	30508292.817830358,
					"retransmits":	0,
					"reorder":	0,
					"max_snd_cwnd":	1743392,
					"max_snd_wnd":	1935296,
					"max_rtt":	371290,
					"min_rtt":	49642,
					"mean_rtt":	213650,
					"sender":	true
				},
				"receiver":	{
					"socket":	5,
					"start":	0,
					"end":	10.431062,
					"seconds":	10.001727,
					"bytes":	36175872,
					"bits_per_second":	27744727.813908111,
					"sender":	true
				}
			}],
		"sum_sent":	{
			"start":	0,
			"end":	10.001727,
			"seconds":	10.001727,
			"bytes":	38141952,
			"bits_per_second":	30508292.817830358,
			"retransmits":	0,
			"sender":	true
		},
		"sum_received":	{
			"start":	0,
			"end":	10.431062,
			"seconds":	10.431062,
			"bytes":	36175872,
			"bits_per_second":	27744727.813908111,
			"sender":	true
		},
		"cpu_utilization_percent":	{
			"host_total":	0.22734235642910475,
			"host_user":	0,
			"host_system":	0.22734235642910475,
			"remote_total":	13.395610628435914,
			"remote_user":	0.875176876012852,
			"remote_system":	12.520443304253103
		},
		"sender_tcp_congestion":	"cubic",
		"receiver_tcp_congestion":	"cubic"
	}
}
{
	"start":	{
		"connected":	[{
				"socket":	5,
				"local_host":	"192.168.1.48",
				"local_port":	53500,
				"remote_host":	"192.168.1.58",
				"remote_port":	5201
			}],
		"version":	"iperf 3.20",
		"system_info":	"Linux kuroi-washi 6.19.11+kali-amd64 #1 SMP PREEMPT_DYNAMIC Kali 6.19.11-1kali1 (2026-04-09) x86_64",
		"timestamp":	{
			"time":	"Thu, 23 Apr 2026 21:53:22 GMT",
			"timesecs":	1776981202,
			"timemillisecs":	1776981202280
		},
		"connecting_to":	{
			"host":	"192.168.1.58",
			"port":	5201
		},
		"cookie":	"wu3uwfo3vud6exlpu7tu2o4o7zjmeitgtsn2",
		"tcp_mss":	1500,
		"target_bitrate":	0,
		"fq_rate":	0,
		"sock_bufsize":	0,
		"sndbuf_actual":	16384,
		"rcvbuf_actual":	131072,
		"test_start":	{
			"protocol":	"TCP",
			"num_streams":	1,
			"blksize":	131072,
			"omit":	0,
			"duration":	10,
			"bytes":	0,
			"blocks":	0,
			"reverse":	0,
			"tos":	0,
			"target_bitrate":	0,
			"bidir":	0,
			"fqrate":	0,
			"interval":	1
		}
	},
	"intervals":	[{
			"streams":	[{
					"socket":	5,
					"start":	0,
					"end":	1.001124,
					"seconds":	1.0011240243911743,
					"bytes":	3276800,
					"bits_per_second":	26184967.457895219,
					"retransmits":	0,
					"snd_cwnd":	159280,
					"snd_wnd":	849472,
					"rtt":	50866,
					"rttvar":	7304,
					"pmtu":	1520,
					"reorder":	0,
					"omitted":	false,
					"sender":	true
				}],
			"sum":	{
				"start":	0,
				"end":	1.001124,
				"seconds":	1.0011240243911743,
				"bytes":	3276800,
				"bits_per_second":	26184967.457895219,
				"retransmits":	0,
				"omitted":	false,
				"sender":	true
			}
		}, {
			"streams":	[{
					"socket":	5,
					"start":	1.001124,
					"end":	2.001136,
					"seconds":	1.0000120401382446,
					"bytes":	3538944,
					"bits_per_second":	28311211.129104134,
					"retransmits":	0,
					"snd_cwnd":	314216,
					"snd_wnd":	849472,
					"rtt":	79624,
					"rttvar":	4185,
					"pmtu":	1520,
					"reorder":	0,
					"omitted":	false,
					"sender":	true
				}],
			"sum":	{
				"start":	1.001124,
				"end":	2.001136,
				"seconds":	1.0000120401382446,
				"bytes":	3538944,
				"bits_per_second":	28311211.129104134,
				"retransmits":	0,
				"omitted":	false,
				"sender":	true
			}
		}, {
			"streams":	[{
					"socket":	5,
					"start":	2.001136,
					"end":	3.001123,
					"seconds":	0.999987006187439,
					"bytes":	3276800,
					"bits_per_second":	26214740.629426073,
					"retransmits":	0,
					"snd_cwnd":	450328,
					"snd_wnd":	1362688,
					"rtt":	151773,
					"rttvar":	6210,
					"pmtu":	1520,
					"reorder":	0,
					"omitted":	false,
					"sender":	true
				}],
			"sum":	{
				"start":	2.001136,
				"end":	3.001123,
				"seconds":	0.999987006187439,
				"bytes":	3276800,
				"bits_per_second":	26214740.629426073,
				"retransmits":	0,
				"omitted":	false,
				"sender":	true
			}
		}, {
			"streams":	[{
					"socket":	5,
					"start":	3.001123,
					"end":	4.001141,
					"seconds":	1.0000180006027222,
					"bytes":	3014656,
					"bits_per_second":	24116813.88281437,
					"retransmits":	0,
					"snd_cwnd":	577752,
					"snd_wnd":	1362688,
					"rtt":	245054,
					"rttvar":	6085,
					"pmtu":	1520,
					"reorder":	0,
					"omitted":	false,
					"sender":	true
				}],
			"sum":	{
				"start":	3.001123,
				"end":	4.001141,
				"seconds":	1.0000180006027222,
				"bytes":	3014656,
				"bits_per_second":	24116813.88281437,
				"retransmits":	0,
				"omitted":	false,
				"sender":	true
			}
		}, {
			"streams":	[{
					"socket":	5,
					"start":	4.001141,
					"end":	5.000916,
					"seconds":	0.999774992465973,
					"bytes":	2490368,
					"bits_per_second":	19927427.821393594,
					"retransmits":	0,
					"snd_cwnd":	671872,
					"snd_wnd":	1596928,
					"rtt":	348178,
					"rttvar":	5821,
					"pmtu":	1520,
					"reorder":	0,
					"omitted":	false,
					"sender":	true
				}],
			"sum":	{
				"start":	4.001141,
				"end":	5.000916,
				"seconds":	0.999774992465973,
				"bytes":	2490368,
				"bits_per_second":	19927427.821393594,
				"retransmits":	0,
				"omitted":	false,
				"sender":	true
			}
		}, {
			"streams":	[{
					"socket":	5,
					"start":	5.000916,
					"end":	6.000829,
					"seconds":	0.999912977218628,
					"bytes":	2883584,
					"bits_per_second":	23070679.674713437,
					"retransmits":	0,
					"snd_cwnd":	789160,
					"snd_wnd":	1611840,
					"rtt":	269097,
					"rttvar":	22795,
					"pmtu":	1520,
					"reorder":	0,
					"omitted":	false,
					"sender":	true
				}],
			"sum":	{
				"start":	5.000916,
				"end":	6.000829,
				"seconds":	0.999912977218628,
				"bytes":	2883584,
				"bits_per_second":	23070679.674713437,
				"retransmits":	0,
				"omitted":	false,
				"sender":	true
			}
		}, {
			"streams":	[{
					"socket":	5,
					"start":	6.000829,
					"end":	7.001131,
					"seconds":	1.0003019571304321,
					"bytes":	2883584,
					"bits_per_second":	23061708.35272295,
					"retransmits":	0,
					"snd_cwnd":	905000,
					"snd_wnd":	1935296,
					"rtt":	352580,
					"rttvar":	52499,
					"pmtu":	1520,
					"reorder":	0,
					"omitted":	false,
					"sender":	true
				}],
			"sum":	{
				"start":	6.000829,
				"end":	7.001131,
				"seconds":	1.0003019571304321,
				"bytes":	2883584,
				"bits_per_second":	23061708.35272295,
				"retransmits":	0,
				"omitted":	false,
				"sender":	true
			}
		}, {
			"streams":	[{
					"socket":	5,
					"start":	7.001131,
					"end":	8.001117,
					"seconds":	0.99998599290847778,
					"bytes":	2883584,
					"bits_per_second":	23068995.1295261,
					"retransmits":	0,
					"snd_cwnd":	1042560,
					"snd_wnd":	1935296,
					"rtt":	263600,
					"rttvar":	27733,
					"pmtu":	1520,
					"reorder":	0,
					"omitted":	false,
					"sender":	true
				}],
			"sum":	{
				"start":	7.001131,
				"end":	8.001117,
				"seconds":	0.99998599290847778,
				"bytes":	2883584,
				"bits_per_second":	23068995.1295261,
				"retransmits":	0,
				"omitted":	false,
				"sender":	true
			}
		}, {
			"streams":	[{
					"socket":	5,
					"start":	8.001117,
					"end":	9.001132,
					"seconds":	1.0000150203704834,
					"bytes":	1703936,
					"bits_per_second":	13631283.253075374,
					"retransmits":	0,
					"snd_cwnd":	1158400,
					"snd_wnd":	1935296,
					"rtt":	476072,
					"rttvar":	21949,
					"pmtu":	1520,
					"reorder":	0,
					"omitted":	false,
					"sender":	true
				}],
			"sum":	{
				"start":	8.001117,
				"end":	9.001132,
				"seconds":	1.0000150203704834,
				"bytes":	1703936,
				"bits_per_second":	13631283.253075374,
				"retransmits":	0,
				"omitted":	false,
				"sender":	true
			}
		}, {
			"streams":	[{
					"socket":	5,
					"start":	9.001132,
					"end":	10.001156,
					"seconds":	1.0000239610672,
					"bytes":	2883584,
					"bits_per_second":	23068119.263244163,
					"retransmits":	0,
					"snd_cwnd":	1271344,
					"snd_wnd":	1935296,
					"rtt":	518027,
					"rttvar":	4528,
					"pmtu":	1520,
					"reorder":	0,
					"omitted":	false,
					"sender":	true
				}],
			"sum":	{
				"start":	9.001132,
				"end":	10.001156,
				"seconds":	1.0000239610672,
				"bytes":	2883584,
				"bits_per_second":	23068119.263244163,
				"retransmits":	0,
				"omitted":	false,
				"sender":	true
			}
		}],
	"end":	{
		"streams":	[{
				"sender":	{
					"socket":	5,
					"start":	0,
					"end":	10.001156,
					"seconds":	10.001156,
					"bytes":	28835840,
					"bits_per_second":	23066005.569756135,
					"retransmits":	0,
					"reorder":	0,
					"max_snd_cwnd":	1271344,
					"max_snd_wnd":	1935296,
					"max_rtt":	518027,
					"min_rtt":	50866,
					"mean_rtt":	275487,
					"sender":	true
				},
				"receiver":	{
					"socket":	5,
					"start":	0,
					"end":	10.605016,
					"seconds":	10.001156,
					"bytes":	26214400,
					"bits_per_second":	19775095.105938546,
					"sender":	true
				}
			}],
		"sum_sent":	{
			"start":	0,
			"end":	10.001156,
			"seconds":	10.001156,
			"bytes":	28835840,
			"bits_per_second":	23066005.569756135,
			"retransmits":	0,
			"sender":	true
		},
		"sum_received":	{
			"start":	0,
			"end":	10.605016,
			"seconds":	10.605016,
			"bytes":	26214400,
			"bits_per_second":	19775095.105938546,
			"sender":	true
		},
		"cpu_utilization_percent":	{
			"host_total":	0.1668476087080738,
			"host_user":	0.061969129714326887,
			"host_system":	0.10485860435304319,
			"remote_total":	10.720476705374043,
			"remote_user":	0.56472874168854581,
			"remote_system":	10.155729168526605
		},
		"sender_tcp_congestion":	"cubic",
		"receiver_tcp_congestion":	"cubic"
	}
}
{
	"start":	{
		"connected":	[{
				"socket":	5,
				"local_host":	"192.168.1.48",
				"local_port":	37470,
				"remote_host":	"192.168.1.58",
				"remote_port":	5201
			}],
		"version":	"iperf 3.20",
		"system_info":	"Linux kuroi-washi 6.19.11+kali-amd64 #1 SMP PREEMPT_DYNAMIC Kali 6.19.11-1kali1 (2026-04-09) x86_64",
		"timestamp":	{
			"time":	"Thu, 23 Apr 2026 21:53:33 GMT",
			"timesecs":	1776981213,
			"timemillisecs":	1776981213572
		},
		"connecting_to":	{
			"host":	"192.168.1.58",
			"port":	5201
		},
		"cookie":	"hprvq67vavbfg5xhsatypelyhq2upsgoncwx",
		"tcp_mss":	1500,
		"target_bitrate":	0,
		"fq_rate":	0,
		"sock_bufsize":	0,
		"sndbuf_actual":	16384,
		"rcvbuf_actual":	131072,
		"test_start":	{
			"protocol":	"TCP",
			"num_streams":	1,
			"blksize":	131072,
			"omit":	0,
			"duration":	10,
			"bytes":	0,
			"blocks":	0,
			"reverse":	0,
			"tos":	0,
			"target_bitrate":	0,
			"bidir":	0,
			"fqrate":	0,
			"interval":	1
		}
	},
	"intervals":	[{
			"streams":	[{
					"socket":	5,
					"start":	0,
					"end":	1.001077,
					"seconds":	1.0010770559310913,
					"bytes":	3276800,
					"bits_per_second":	26186196.002283022,
					"retransmits":	0,
					"snd_cwnd":	211408,
					"snd_wnd":	849472,
					"rtt":	59886,
					"rttvar":	18562,
					"pmtu":	1520,
					"reorder":	0,
					"omitted":	false,
					"sender":	true
				}],
			"sum":	{
				"start":	0,
				"end":	1.001077,
				"seconds":	1.0010770559310913,
				"bytes":	3276800,
				"bits_per_second":	26186196.002283022,
				"retransmits":	0,
				"omitted":	false,
				"sender":	true
			}
		}, {
			"streams":	[{
					"socket":	5,
					"start":	1.001077,
					"end":	2.001058,
					"seconds":	0.99998098611831665,
					"bytes":	2883584,
					"bits_per_second":	23069110.633340124,
					"retransmits":	0,
					"snd_cwnd":	321456,
					"snd_wnd":	849472,
					"rtt":	201158,
					"rttvar":	61899,
					"pmtu":	1520,
					"reorder":	0,
					"omitted":	false,
					"sender":	true
				}],
			"sum":	{
				"start":	1.001077,
				"end":	2.001058,
				"seconds":	0.99998098611831665,
				"bytes":	2883584,
				"bits_per_second":	23069110.633340124,
				"retransmits":	0,
				"omitted":	false,
				"sender":	true
			}
		}, {
			"streams":	[{
					"socket":	5,
					"start":	2.001058,
					"end":	3.001069,
					"seconds":	1.0000109672546387,
					"bytes":	3145728,
					"bits_per_second":	25165548.003026929,
					"retransmits":	0,
					"snd_cwnd":	459016,
					"snd_wnd":	1129728,
					"rtt":	155362,
					"rttvar":	3494,
					"pmtu":	1520,
					"reorder":	0,
					"omitted":	false,
					"sender":	true
				}],
			"sum":	{
				"start":	2.001058,
				"end":	3.001069,
				"seconds":	1.0000109672546387,
				"bytes":	3145728,
				"bits_per_second":	25165548.003026929,
				"retransmits":	0,
				"omitted":	false,
				"sender":	true
			}
		}, {
			"streams":	[{
					"socket":	5,
					"start":	3.001069,
					"end":	4.001047,
					"seconds":	0.999978005886078,
					"bytes":	3670016,
					"bits_per_second":	29360773.764203012,
					"retransmits":	0,
					"snd_cwnd":	586440,
					"snd_wnd":	1447744,
					"rtt":	170109,
					"rttvar":	13618,
					"pmtu":	1520,
					"reorder":	0,
					"omitted":	false,
					"sender":	true
				}],
			"sum":	{
				"start":	3.001069,
				"end":	4.001047,
				"seconds":	0.999978005886078,
				"bytes":	3670016,
				"bits_per_second":	29360773.764203012,
				"retransmits":	0,
				"omitted":	false,
				"sender":	true
			}
		}, {
			"streams":	[{
					"socket":	5,
					"start":	4.001047,
					"end":	5.001066,
					"seconds":	1.0000189542770386,
					"bytes":	3014656,
					"bits_per_second":	24116790.88366431,
					"retransmits":	0,
					"snd_cwnd":	731240,
					"snd_wnd":	1549184,
					"rtt":	247336,
					"rttvar":	5690,
					"pmtu":	1520,
					"reorder":	0,
					"omitted":	false,
					"sender":	true
				}],
			"sum":	{
				"start":	4.001047,
				"end":	5.001066,
				"seconds":	1.0000189542770386,
				"bytes":	3014656,
				"bits_per_second":	24116790.88366431,
				"retransmits":	0,
				"omitted":	false,
				"sender":	true
			}
		}, {
			"streams":	[{
					"socket":	5,
					"start":	5.001066,
					"end":	6.001073,
					"seconds":	1.0000070333480835,
					"bytes":	4194304,
					"bits_per_second":	33554196.001659859,
					"retransmits":	0,
					"snd_cwnd":	899208,
					"snd_wnd":	1935296,
					"rtt":	254268,
					"rttvar":	7747,
					"pmtu":	1520,
					"reorder":	0,
					"omitted":	false,
					"sender":	true
				}],
			"sum":	{
				"start":	5.001066,
				"end":	6.001073,
				"seconds":	1.0000070333480835,
				"bytes":	4194304,
				"bits_per_second":	33554196.001659859,
				"retransmits":	0,
				"omitted":	false,
				"sender":	true
			}
		}, {
			"streams":	[{
					"socket":	5,
					"start":	6.001073,
					"end":	7.001071,
					"seconds":	0.99999797344207764,
					"bytes":	2883584,
					"bits_per_second":	23068718.750094742,
					"retransmits":	0,
					"snd_cwnd":	1100480,
					"snd_wnd":	1935296,
					"rtt":	248230,
					"rttvar":	4952,
					"pmtu":	1520,
					"reorder":	0,
					"omitted":	false,
					"sender":	true
				}],
			"sum":	{
				"start":	6.001073,
				"end":	7.001071,
				"seconds":	0.99999797344207764,
				"bytes":	2883584,
				"bits_per_second":	23068718.750094742,
				"retransmits":	0,
				"omitted":	false,
				"sender":	true
			}
		}, {
			"streams":	[{
					"socket":	5,
					"start":	7.001071,
					"end":	8.001087,
					"seconds":	1.0000159740448,
					"bytes":	4456448,
					"bits_per_second":	35651014.50909707,
					"retransmits":	0,
					"snd_cwnd":	1295960,
					"snd_wnd":	1935296,
					"rtt":	378762,
					"rttvar":	9001,
					"pmtu":	1520,
					"reorder":	0,
					"omitted":	false,
					"sender":	true
				}],
			"sum":	{
				"start":	7.001071,
				"end":	8.001087,
				"seconds":	1.0000159740448,
				"bytes":	4456448,
				"bits_per_second":	35651014.50909707,
				"retransmits":	0,
				"omitted":	false,
				"sender":	true
			}
		}, {
			"streams":	[{
					"socket":	5,
					"start":	8.001087,
					"end":	9.001061,
					"seconds":	0.999974012374878,
					"bytes":	4325376,
					"bits_per_second":	34603907.273369983,
					"retransmits":	0,
					"snd_cwnd":	1482752,
					"snd_wnd":	1935296,
					"rtt":	410324,
					"rttvar":	10098,
					"pmtu":	1520,
					"reorder":	0,
					"omitted":	false,
					"sender":	true
				}],
			"sum":	{
				"start":	8.001087,
				"end":	9.001061,
				"seconds":	0.999974012374878,
				"bytes":	4325376,
				"bits_per_second":	34603907.273369983,
				"retransmits":	0,
				"omitted":	false,
				"sender":	true
			}
		}, {
			"streams":	[{
					"socket":	5,
					"start":	9.001061,
					"end":	10.00182,
					"seconds":	1.00075900554657,
					"bytes":	2883584,
					"bits_per_second":	23051176.029538624,
					"retransmits":	0,
					"snd_cwnd":	1663752,
					"snd_wnd":	1935296,
					"rtt":	363311,
					"rttvar":	12458,
					"pmtu":	1520,
					"reorder":	0,
					"omitted":	false,
					"sender":	true
				}],
			"sum":	{
				"start":	9.001061,
				"end":	10.00182,
				"seconds":	1.00075900554657,
				"bytes":	2883584,
				"bits_per_second":	23051176.029538624,
				"retransmits":	0,
				"omitted":	false,
				"sender":	true
			}
		}],
	"end":	{
		"streams":	[{
				"sender":	{
					"socket":	5,
					"start":	0,
					"end":	10.00182,
					"seconds":	10.00182,
					"bytes":	34734080,
					"bits_per_second":	27782207.638209846,
					"retransmits":	0,
					"reorder":	0,
					"max_snd_cwnd":	1663752,
					"max_snd_wnd":	1935296,
					"max_rtt":	410324,
					"min_rtt":	59886,
					"mean_rtt":	248874,
					"sender":	true
				},
				"receiver":	{
					"socket":	5,
					"start":	0,
					"end":	10.4145,
					"seconds":	10.00182,
					"bytes":	33161216,
					"bits_per_second":	25473112.295357432,
					"sender":	true
				}
			}],
		"sum_sent":	{
			"start":	0,
			"end":	10.00182,
			"seconds":	10.00182,
			"bytes":	34734080,
			"bits_per_second":	27782207.638209846,
			"retransmits":	0,
			"sender":	true
		},
		"sum_received":	{
			"start":	0,
			"end":	10.4145,
			"seconds":	10.4145,
			"bytes":	33161216,
			"bits_per_second":	25473112.295357432,
			"sender":	true
		},
		"cpu_utilization_percent":	{
			"host_total":	0.20418095694987,
			"host_user":	0.025943506326461085,
			"host_system":	0.17823745062340896,
			"remote_total":	12.690611918848488,
			"remote_user":	1.0046286103093462,
			"remote_system":	11.685973744109027
		},
		"sender_tcp_congestion":	"cubic",
		"receiver_tcp_congestion":	"cubic"
	}
}
