{
	"start":	{
		"connected":	[{
				"socket":	5,
				"local_host":	"192.168.1.48",
				"local_port":	59980,
				"remote_host":	"192.168.1.58",
				"remote_port":	5201
			}],
		"version":	"iperf 3.20",
		"system_info":	"Linux kuroi-washi 6.19.11+kali-amd64 #1 SMP PREEMPT_DYNAMIC Kali 6.19.11-1kali1 (2026-04-09) x86_64",
		"timestamp":	{
			"time":	"Thu, 23 Apr 2026 18:54:46 GMT",
			"timesecs":	1776970486,
			"timemillisecs":	1776970486838
		},
		"connecting_to":	{
			"host":	"192.168.1.58",
			"port":	5201
		},
		"cookie":	"zfh5pslacz3vbl4ki7ropdpbkwpllhsphcuq",
		"tcp_mss":	916,
		"target_bitrate":	0,
		"fq_rate":	0,
		"sock_bufsize":	0,
		"sndbuf_actual":	16384,
		"rcvbuf_actual":	131072,
		"test_start":	{
			"protocol":	"TCP",
			"num_streams":	1,
			"blksize":	131072,
			"omit":	0,
			"duration":	10,
			"bytes":	0,
			"blocks":	0,
			"reverse":	0,
			"tos":	0,
			"target_bitrate":	0,
			"bidir":	0,
			"fqrate":	0,
			"interval":	1
		}
	},
	"intervals":	[{
			"streams":	[{
					"socket":	5,
					"start":	0,
					"end":	1.001144,
					"seconds":	1.0011440515518188,
					"bytes":	2490368,
					"bits_per_second":	19900177.171425562,
					"retransmits":	0,
					"snd_cwnd":	135600,
					"snd_wnd":	437120,
					"rtt":	57264,
					"rttvar":	5088,
					"pmtu":	1500,
					"reorder":	0,
					"omitted":	false,
					"sender":	true
				}],
			"sum":	{
				"start":	0,
				"end":	1.001144,
				"seconds":	1.0011440515518188,
				"bytes":	2490368,
				"bits_per_second":	19900177.171425562,
				"retransmits":	0,
				"omitted":	false,
				"sender":	true
			}
		}, {
			"streams":	[{
					"socket":	5,
					"start":	1.001144,
					"end":	2.001142,
					"seconds":	0.99999797344207764,
					"bytes":	3670016,
					"bits_per_second":	29360187.50012058,
					"retransmits":	0,
					"snd_cwnd":	286568,
					"snd_wnd":	1099712,
					"rtt":	64442,
					"rttvar":	11865,
					"pmtu":	1500,
					"reorder":	0,
					"omitted":	false,
					"sender":	true
				}],
			"sum":	{
				"start":	1.001144,
				"end":	2.001142,
				"seconds":	0.99999797344207764,
				"bytes":	3670016,
				"bits_per_second":	29360187.50012058,
				"retransmits":	0,
				"omitted":	false,
				"sender":	true
			}
		}, {
			"streams":	[{
					"socket":	5,
					"start":	2.001142,
					"end":	3.000491,
					"seconds":	0.99934899806976318,
					"bytes":	3538944,
					"bits_per_second":	28329994.881351359,
					"retransmits":	0,
					"snd_cwnd":	452000,
					"snd_wnd":	1103040,
					"rtt":	135007,
					"rttvar":	6372,
					"pmtu":	1500,
					"reorder":	0,
					"omitted":	false,
					"sender":	true
				}],
			"sum":	{
				"start":	2.001142,
				"end":	3.000491,
				"seconds":	0.99934899806976318,
				"bytes":	3538944,
				"bits_per_second":	28329994.881351359,
				"retransmits":	0,
				"omitted":	false,
				"sender":	true
			}
		}, {
			"streams":	[{
					"socket":	5,
					"start":	3.000491,
					"end":	4.000555,
					"seconds":	1.0000640153884888,
					"bytes":	3801088,
					"bits_per_second":	30406757.49960598,
					"retransmits":	0,
					"snd_cwnd":	594832,
					"snd_wnd":	1609152,
					"rtt":	197349,
					"rttvar":	8929,
					"pmtu":	1500,
					"reorder":	0,
					"omitted":	false,
					"sender":	true
				}],
			"sum":	{
				"start":	3.000491,
				"end":	4.000555,
				"seconds":	1.0000640153884888,
				"bytes":	3801088,
				"bits_per_second":	30406757.49960598,
				"retransmits":	0,
				"omitted":	false,
				"sender":	true
			}
		}, {
			"streams":	[{
					"socket":	5,
					"start":	4.000555,
					"end":	5.000557,
					"seconds":	1.0000020265579224,
					"bytes":	3538944,
					"bits_per_second":	28311494.625116274,
					"retransmits":	0,
					"snd_cwnd":	762072,
					"snd_wnd":	1810496,
					"rtt":	226830,
					"rttvar":	12665,
					"pmtu":	1500,
					"reorder":	0,
					"omitted":	false,
					"sender":	true
				}],
			"sum":	{
				"start":	4.000555,
				"end":	5.000557,
				"seconds":	1.0000020265579224,
				"bytes":	3538944,
				"bits_per_second":	28311494.625116274,
				"retransmits":	0,
				"omitted":	false,
				"sender":	true
			}
		}, {
			"streams":	[{
					"socket":	5,
					"start":	5.000557,
					"end":	6.000534,
					"seconds":	0.9999769926071167,
					"bytes":	4325376,
					"bits_per_second":	34603804.143317185,
					"retransmits":	0,
					"snd_cwnd":	940160,
					"snd_wnd":	1929664,
					"rtt":	271729,
					"rttvar":	29574,
					"pmtu":	1500,
					"reorder":	0,
					"omitted":	false,
					"sender":	true
				}],
			"sum":	{
				"start":	5.000557,
				"end":	6.000534,
				"seconds":	0.9999769926071167,
				"bytes":	4325376,
				"bits_per_second":	34603804.143317185,
				"retransmits":	0,
				"omitted":	false,
				"sender":	true
			}
		}, {
			"streams":	[{
					"socket":	5,
					"start":	6.000534,
					"end":	7.000537,
					"seconds":	1.0000029802322388,
					"bytes":	2883584,
					"bits_per_second":	23068603.250204891,
					"retransmits":	0,
					"snd_cwnd":	1116440,
					"snd_wnd":	1935616,
					"rtt":	283285,
					"rttvar":	12962,
					"pmtu":	1500,
					"reorder":	0,
					"omitted":	false,
					"sender":	true
				}],
			"sum":	{
				"start":	6.000534,
				"end":	7.000537,
				"seconds":	1.0000029802322388,
				"bytes":	2883584,
				"bits_per_second":	23068603.250204891,
				"retransmits":	0,
				"omitted":	false,
				"sender":	true
			}
		}, {
			"streams":	[{
					"socket":	5,
					"start":	7.000537,
					"end":	8.000534,
					"seconds":	0.99999701976776123,
					"bytes":	4325376,
					"bits_per_second":	34603111.125307336,
					"retransmits":	0,
					"snd_cwnd":	1283680,
					"snd_wnd":	1935616,
					"rtt":	329423,
					"rttvar":	3470,
					"pmtu":	1500,
					"reorder":	0,
					"omitted":	false,
					"sender":	true
				}],
			"sum":	{
				"start":	7.000537,
				"end":	8.000534,
				"seconds":	0.99999701976776123,
				"bytes":	4325376,
				"bits_per_second":	34603111.125307336,
				"retransmits":	0,
				"omitted":	false,
				"sender":	true
			}
		}, {
			"streams":	[{
					"socket":	5,
					"start":	8.000534,
					"end":	9.000445,
					"seconds":	0.99991101026535034,
					"bytes":	2883584,
					"bits_per_second":	23070725.057701059,
					"retransmits":	0,
					"snd_cwnd":	1465384,
					"snd_wnd":	1934912,
					"rtt":	393010,
					"rttvar":	23012,
					"pmtu":	1500,
					"reorder":	0,
					"omitted":	false,
					"sender":	true
				}],
			"sum":	{
				"start":	8.000534,
				"end":	9.000445,
				"seconds":	0.99991101026535034,
				"bytes":	2883584,
				"bits_per_second":	23070725.057701059,
				"retransmits":	0,
				"omitted":	false,
				"sender":	true
			}
		}, {
			"streams":	[{
					"socket":	5,
					"start":	9.000445,
					"end":	10.001726,
					"seconds":	1.0012810230255127,
					"bytes":	2883584,
					"bits_per_second":	23039158.30771938,
					"retransmits":	0,
					"snd_cwnd":	1611832,
					"snd_wnd":	1934208,
					"rtt":	546658,
					"rttvar":	18442,
					"pmtu":	1500,
					"reorder":	0,
					"omitted":	false,
					"sender":	true
				}],
			"sum":	{
				"start":	9.000445,
				"end":	10.001726,
				"seconds":	1.0012810230255127,
				"bytes":	2883584,
				"bits_per_second":	23039158.30771938,
				"retransmits":	0,
				"omitted":	false,
				"sender":	true
			}
		}],
	"end":	{
		"streams":	[{
				"sender":	{
					"socket":	5,
					"start":	0,
					"end":	10.001726,
					"seconds":	10.001726,
					"bytes":	34340864,
					"bits_per_second":	27467950.23179,
					"retransmits":	0,
					"reorder":	0,
					"max_snd_cwnd":	1611832,
					"max_snd_wnd":	1935616,
					"max_rtt":	546658,
					"min_rtt":	57264,
					"mean_rtt":	250499,
					"sender":	true
				},
				"receiver":	{
					"socket":	5,
					"start":	0,
					"end":	10.828237,
					"seconds":	10.001726,
					"bytes":	33030144,
					"bits_per_second":	24402970.862200376,
					"sender":	true
				}
			}],
		"sum_sent":	{
			"start":	0,
			"end":	10.001726,
			"seconds":	10.001726,
			"bytes":	34340864,
			"bits_per_second":	27467950.23179,
			"retransmits":	0,
			"sender":	true
		},
		"sum_received":	{
			"start":	0,
			"end":	10.828237,
			"seconds":	10.828237,
			"bytes":	33030144,
			"bits_per_second":	24402970.862200376,
			"sender":	true
		},
		"cpu_utilization_percent":	{
			"host_total":	0.21109689964274075,
			"host_user":	0,
			"host_system":	0.21109689964274075,
			"remote_total":	2.8994908478777064,
			"remote_user":	0.15832868925799809,
			"remote_system":	2.7412362577588945
		},
		"sender_tcp_congestion":	"cubic",
		"receiver_tcp_congestion":	"cubic"
	}
}
{
	"start":	{
		"connected":	[{
				"socket":	5,
				"local_host":	"192.168.1.48",
				"local_port":	32954,
				"remote_host":	"192.168.1.58",
				"remote_port":	5201
			}],
		"version":	"iperf 3.20",
		"system_info":	"Linux kuroi-washi 6.19.11+kali-amd64 #1 SMP PREEMPT_DYNAMIC Kali 6.19.11-1kali1 (2026-04-09) x86_64",
		"timestamp":	{
			"time":	"Thu, 23 Apr 2026 18:54:58 GMT",
			"timesecs":	1776970498,
			"timemillisecs":	1776970498367
		},
		"connecting_to":	{
			"host":	"192.168.1.58",
			"port":	5201
		},
		"cookie":	"tizqcdfdjo7whyzznc4jzvapbcuram5sgnzj",
		"tcp_mss":	916,
		"target_bitrate":	0,
		"fq_rate":	0,
		"sock_bufsize":	0,
		"sndbuf_actual":	16384,
		"rcvbuf_actual":	131072,
		"test_start":	{
			"protocol":	"TCP",
			"num_streams":	1,
			"blksize":	131072,
			"omit":	0,
			"duration":	10,
			"bytes":	0,
			"blocks":	0,
			"reverse":	0,
			"tos":	0,
			"target_bitrate":	0,
			"bidir":	0,
			"fqrate":	0,
			"interval":	1
		}
	},
	"intervals":	[{
			"streams":	[{
					"socket":	5,
					"start":	0,
					"end":	1.000978,
					"seconds":	1.0009779930114746,
					"bytes":	3538944,
					"bits_per_second":	28283890.552702144,
					"retransmits":	0,
					"snd_cwnd":	174472,
					"snd_wnd":	1715200,
					"rtt":	37757,
					"rttvar":	5806,
					"pmtu":	1500,
					"reorder":	0,
					"omitted":	false,
					"sender":	true
				}],
			"sum":	{
				"start":	0,
				"end":	1.000978,
				"seconds":	1.0009779930114746,
				"bytes":	3538944,
				"bits_per_second":	28283890.552702144,
				"retransmits":	0,
				"omitted":	false,
				"sender":	true
			}
		}, {
			"streams":	[{
					"socket":	5,
					"start":	1.000978,
					"end":	2.001146,
					"seconds":	1.0001679658889771,
					"bytes":	3145728,
					"bits_per_second":	25161597.709872577,
					"retransmits":	0,
					"snd_cwnd":	310072,
					"snd_wnd":	1715200,
					"rtt":	80918,
					"rttvar":	9845,
					"pmtu":	1500,
					"reorder":	0,
					"omitted":	false,
					"sender":	true
				}],
			"sum":	{
				"start":	1.000978,
				"end":	2.001146,
				"seconds":	1.0001679658889771,
				"bytes":	3145728,
				"bits_per_second":	25161597.709872577,
				"retransmits":	0,
				"omitted":	false,
				"sender":	true
			}
		}, {
			"streams":	[{
					"socket":	5,
					"start":	2.001146,
					"end":	3.001098,
					"seconds":	0.99995201826095581,
					"bytes":	4063232,
					"bits_per_second":	32507415.76234011,
					"retransmits":	0,
					"snd_cwnd":	458328,
					"snd_wnd":	1714496,
					"rtt":	126636,
					"rttvar":	6394,
					"pmtu":	1500,
					"reorder":	0,
					"omitted":	false,
					"sender":	true
				}],
			"sum":	{
				"start":	2.001146,
				"end":	3.001098,
				"seconds":	0.99995201826095581,
				"bytes":	4063232,
				"bits_per_second":	32507415.76234011,
				"retransmits":	0,
				"omitted":	false,
				"sender":	true
			}
		}, {
			"streams":	[{
					"socket":	5,
					"start":	3.001098,
					"end":	4.00105,
					"seconds":	0.99995201826095581,
					"bytes":	2883584,
					"bits_per_second":	23069778.928112336,
					"retransmits":	0,
					"snd_cwnd":	600256,
					"snd_wnd":	1715200,
					"rtt":	206042,
					"rttvar":	24439,
					"pmtu":	1500,
					"reorder":	0,
					"omitted":	false,
					"sender":	true
				}],
			"sum":	{
				"start":	3.001098,
				"end":	4.00105,
				"seconds":	0.99995201826095581,
				"bytes":	2883584,
				"bits_per_second":	23069778.928112336,
				"retransmits":	0,
				"omitted":	false,
				"sender":	true
			}
		}, {
			"streams":	[{
					"socket":	5,
					"start":	4.00105,
					"end":	5.001145,
					"seconds":	1.000095009803772,
					"bytes":	2228224,
					"bits_per_second":	17824098.535895694,
					"retransmits":	0,
					"snd_cwnd":	693368,
					"snd_wnd":	1715200,
					"rtt":	272442,
					"rttvar":	7107,
					"pmtu":	1500,
					"reorder":	0,
					"omitted":	false,
					"sender":	true
				}],
			"sum":	{
				"start":	4.00105,
				"end":	5.001145,
				"seconds":	1.000095009803772,
				"bytes":	2228224,
				"bits_per_second":	17824098.535895694,
				"retransmits":	0,
				"omitted":	false,
				"sender":	true
			}
		}, {
			"streams":	[{
					"socket":	5,
					"start":	5.001145,
					"end":	6.00102,
					"seconds":	0.999875009059906,
					"bytes":	1703936,
					"bits_per_second":	13633192.025487747,
					"retransmits":	0,
					"snd_cwnd":	738568,
					"snd_wnd":	1715200,
					"rtt":	144771,
					"rttvar":	22584,
					"pmtu":	1500,
					"reorder":	0,
					"omitted":	false,
					"sender":	true
				}],
			"sum":	{
				"start":	5.001145,
				"end":	6.00102,
				"seconds":	0.999875009059906,
				"bytes":	1703936,
				"bits_per_second":	13633192.025487747,
				"retransmits":	0,
				"omitted":	false,
				"sender":	true
			}
		}, {
			"streams":	[{
					"socket":	5,
					"start":	6.00102,
					"end":	7.001064,
					"seconds":	1.0000439882278442,
					"bytes":	1310720,
					"bits_per_second":	10485298.770288678,
					"retransmits":	0,
					"snd_cwnd":	791000,
					"snd_wnd":	1715200,
					"rtt":	484374,
					"rttvar":	247923,
					"pmtu":	1500,
					"reorder":	0,
					"omitted":	false,
					"sender":	true
				}],
			"sum":	{
				"start":	6.00102,
				"end":	7.001064,
				"seconds":	1.0000439882278442,
				"bytes":	1310720,
				"bits_per_second":	10485298.770288678,
				"retransmits":	0,
				"omitted":	false,
				"sender":	true
			}
		}, {
			"streams":	[{
					"socket":	5,
					"start":	7.001064,
					"end":	8.001114,
					"seconds":	1.0000499486923218,
					"bytes":	0,
					"bits_per_second":	0,
					"retransmits":	0,
					"snd_cwnd":	806368,
					"snd_wnd":	1715200,
					"rtt":	1451982,
					"rttvar":	981,
					"pmtu":	1500,
					"reorder":	0,
					"omitted":	false,
					"sender":	true
				}],
			"sum":	{
				"start":	7.001064,
				"end":	8.001114,
				"seconds":	1.0000499486923218,
				"bytes":	0,
				"bits_per_second":	0,
				"retransmits":	0,
				"omitted":	false,
				"sender":	true
			}
		}, {
			"streams":	[{
					"socket":	5,
					"start":	8.001114,
					"end":	9.001047,
					"seconds":	0.99993300437927246,
					"bytes":	1441792,
					"bits_per_second":	11535108.801774334,
					"retransmits":	4,
					"snd_cwnd":	573136,
					"snd_wnd":	1715968,
					"rtt":	605491,
					"rttvar":	105850,
					"pmtu":	1500,
					"reorder":	0,
					"omitted":	false,
					"sender":	true
				}],
			"sum":	{
				"start":	8.001114,
				"end":	9.001047,
				"seconds":	0.99993300437927246,
				"bytes":	1441792,
				"bits_per_second":	11535108.801774334,
				"retransmits":	4,
				"omitted":	false,
				"sender":	true
			}
		}, {
			"streams":	[{
					"socket":	5,
					"start":	9.001047,
					"end":	10.0018,
					"seconds":	1.0007530450820923,
					"bytes":	1441792,
					"bits_per_second":	11525656.6609336,
					"retransmits":	0,
					"snd_cwnd":	633704,
					"snd_wnd":	1934912,
					"rtt":	237230,
					"rttvar":	16741,
					"pmtu":	1500,
					"reorder":	0,
					"omitted":	false,
					"sender":	true
				}],
			"sum":	{
				"start":	9.001047,
				"end":	10.0018,
				"seconds":	1.0007530450820923,
				"bytes":	1441792,
				"bits_per_second":	11525656.6609336,
				"retransmits":	0,
				"omitted":	false,
				"sender":	true
			}
		}],
	"end":	{
		"streams":	[{
				"sender":	{
					"socket":	5,
					"start":	0,
					"end":	10.0018,
					"seconds":	10.0018,
					"bytes":	21757952,
					"bits_per_second":	17403229.018776622,
					"retransmits":	4,
					"reorder":	0,
					"max_snd_cwnd":	806368,
					"max_snd_wnd":	1934912,
					"max_rtt":	1451982,
					"min_rtt":	37757,
					"mean_rtt":	364764,
					"sender":	true
				},
				"receiver":	{
					"socket":	5,
					"start":	0,
					"end":	10.351543,
					"seconds":	10.0018,
					"bytes":	18743296,
					"bits_per_second":	14485412.271387948,
					"sender":	true
				}
			}],
		"sum_sent":	{
			"start":	0,
			"end":	10.0018,
			"seconds":	10.0018,
			"bytes":	21757952,
			"bits_per_second":	17403229.018776622,
			"retransmits":	4,
			"sender":	true
		},
		"sum_received":	{
			"start":	0,
			"end":	10.351543,
			"seconds":	10.351543,
			"bytes":	18743296,
			"bits_per_second":	14485412.271387948,
			"sender":	true
		},
		"cpu_utilization_percent":	{
			"host_total":	0.13968285761777288,
			"host_user":	0.060228855742153732,
			"host_system":	0.0794738728276951,
			"remote_total":	9.61332241170201,
			"remote_user":	0.61191840843785628,
			"remote_system":	9.0013943676642363
		},
		"sender_tcp_congestion":	"cubic",
		"receiver_tcp_congestion":	"cubic"
	}
}
{
	"start":	{
		"connected":	[{
				"socket":	5,
				"local_host":	"192.168.1.48",
				"local_port":	49844,
				"remote_host":	"192.168.1.58",
				"remote_port":	5201
			}],
		"version":	"iperf 3.20",
		"system_info":	"Linux kuroi-washi 6.19.11+kali-amd64 #1 SMP PREEMPT_DYNAMIC Kali 6.19.11-1kali1 (2026-04-09) x86_64",
		"timestamp":	{
			"time":	"Thu, 23 Apr 2026 18:55:09 GMT",
			"timesecs":	1776970509,
			"timemillisecs":	1776970509050
		},
		"connecting_to":	{
			"host":	"192.168.1.58",
			"port":	5201
		},
		"cookie":	"e4vtq2l5sbiyzj5lt37ds2yawo2633emnlc5",
		"tcp_mss":	916,
		"target_bitrate":	0,
		"fq_rate":	0,
		"sock_bufsize":	0,
		"sndbuf_actual":	16384,
		"rcvbuf_actual":	131072,
		"test_start":	{
			"protocol":	"TCP",
			"num_streams":	1,
			"blksize":	131072,
			"omit":	0,
			"duration":	10,
			"bytes":	0,
			"blocks":	0,
			"reverse":	0,
			"tos":	0,
			"target_bitrate":	0,
			"bidir":	0,
			"fqrate":	0,
			"interval":	1
		}
	},
	"intervals":	[{
			"streams":	[{
					"socket":	5,
					"start":	0,
					"end":	1.001097,
					"seconds":	1.0010969638824463,
					"bytes":	3276800,
					"bits_per_second":	26185675.260002311,
					"retransmits":	0,
					"snd_cwnd":	205208,
					"snd_wnd":	1024960,
					"rtt":	64197,
					"rttvar":	10835,
					"pmtu":	1500,
					"reorder":	0,
					"omitted":	false,
					"sender":	true
				}],
			"sum":	{
				"start":	0,
				"end":	1.001097,
				"seconds":	1.0010969638824463,
				"bytes":	3276800,
				"bits_per_second":	26185675.260002311,
				"retransmits":	0,
				"omitted":	false,
				"sender":	true
			}
		}, {
			"streams":	[{
					"socket":	5,
					"start":	1.001097,
					"end":	2.001128,
					"seconds":	1.0000309944152832,
					"bytes":	3145728,
					"bits_per_second":	25165044.0241749,
					"retransmits":	0,
					"snd_cwnd":	348944,
					"snd_wnd":	1020800,
					"rtt":	69734,
					"rttvar":	7021,
					"pmtu":	1500,
					"reorder":	0,
					"omitted":	false,
					"sender":	true
				}],
			"sum":	{
				"start":	1.001097,
				"end":	2.001128,
				"seconds":	1.0000309944152832,
				"bytes":	3145728,
				"bits_per_second":	25165044.0241749,
				"retransmits":	0,
				"omitted":	false,
				"sender":	true
			}
		}, {
			"streams":	[{
					"socket":	5,
					"start":	2.001128,
					"end":	3.001085,
					"seconds":	0.999957025051117,
					"bytes":	3538944,
					"bits_per_second":	28312768.739789329,
					"retransmits":	0,
					"snd_cwnd":	476408,
					"snd_wnd":	1499456,
					"rtt":	140411,
					"rttvar":	5119,
					"pmtu":	1500,
					"reorder":	0,
					"omitted":	false,
					"sender":	true
				}],
			"sum":	{
				"start":	2.001128,
				"end":	3.001085,
				"seconds":	0.999957025051117,
				"bytes":	3538944,
				"bits_per_second":	28312768.739789329,
				"retransmits":	0,
				"omitted":	false,
				"sender":	true
			}
		}, {
			"streams":	[{
					"socket":	5,
					"start":	3.001085,
					"end":	4.001086,
					"seconds":	1.0000009536743164,
					"bytes":	3538944,
					"bits_per_second":	28311525.000025749,
					"retransmits":	0,
					"snd_cwnd":	638224,
					"snd_wnd":	1502144,
					"rtt":	173258,
					"rttvar":	11067,
					"pmtu":	1500,
					"reorder":	0,
					"omitted":	false,
					"sender":	true
				}],
			"sum":	{
				"start":	3.001085,
				"end":	4.001086,
				"seconds":	1.0000009536743164,
				"bytes":	3538944,
				"bits_per_second":	28311525.000025749,
				"retransmits":	0,
				"omitted":	false,
				"sender":	true
			}
		}, {
			"streams":	[{
					"socket":	5,
					"start":	4.001086,
					"end":	5.001049,
					"seconds":	0.99996298551559448,
					"bytes":	3932160,
					"bits_per_second":	31458444.418100335,
					"retransmits":	0,
					"snd_cwnd":	769304,
					"snd_wnd":	1602944,
					"rtt":	291751,
					"rttvar":	9267,
					"pmtu":	1500,
					"reorder":	0,
					"omitted":	false,
					"sender":	true
				}],
			"sum":	{
				"start":	4.001086,
				"end":	5.001049,
				"seconds":	0.99996298551559448,
				"bytes":	3932160,
				"bits_per_second":	31458444.418100335,
				"retransmits":	0,
				"omitted":	false,
				"sender":	true
			}
		}, {
			"streams":	[{
					"socket":	5,
					"start":	5.001049,
					"end":	6.001041,
					"seconds":	0.9999920129776,
					"bytes":	2883584,
					"bits_per_second":	23068856.25147162,
					"retransmits":	0,
					"snd_cwnd":	915752,
					"snd_wnd":	1935616,
					"rtt":	262608,
					"rttvar":	5056,
					"pmtu":	1500,
					"reorder":	0,
					"omitted":	false,
					"sender":	true
				}],
			"sum":	{
				"start":	5.001049,
				"end":	6.001041,
				"seconds":	0.9999920129776,
				"bytes":	2883584,
				"bits_per_second":	23068856.25147162,
				"retransmits":	0,
				"omitted":	false,
				"sender":	true
			}
		}, {
			"streams":	[{
					"socket":	5,
					"start":	6.001041,
					"end":	7.001116,
					"seconds":	1.0000749826431274,
					"bytes":	2883584,
					"bits_per_second":	23066942.3796915,
					"retransmits":	0,
					"snd_cwnd":	1075760,
					"snd_wnd":	1934208,
					"rtt":	335047,
					"rttvar":	7714,
					"pmtu":	1500,
					"reorder":	0,
					"omitted":	false,
					"sender":	true
				}],
			"sum":	{
				"start":	6.001041,
				"end":	7.001116,
				"seconds":	1.0000749826431274,
				"bytes":	2883584,
				"bits_per_second":	23066942.3796915,
				"retransmits":	0,
				"omitted":	false,
				"sender":	true
			}
		}, {
			"streams":	[{
					"socket":	5,
					"start":	7.001116,
					"end":	8.001018,
					"seconds":	0.99990200996398926,
					"bytes":	3407872,
					"bits_per_second":	27265647.761806037,
					"retransmits":	0,
					"snd_cwnd":	1240288,
					"snd_wnd":	1932160,
					"rtt":	196334,
					"rttvar":	40435,
					"pmtu":	1500,
					"reorder":	0,
					"omitted":	false,
					"sender":	true
				}],
			"sum":	{
				"start":	7.001116,
				"end":	8.001018,
				"seconds":	0.99990200996398926,
				"bytes":	3407872,
				"bits_per_second":	27265647.761806037,
				"retransmits":	0,
				"omitted":	false,
				"sender":	true
			}
		}, {
			"streams":	[{
					"socket":	5,
					"start":	8.001018,
					"end":	9.001065,
					"seconds":	1.000046968460083,
					"bytes":	2883584,
					"bits_per_second":	23067588.550887935,
					"retransmits":	0,
					"snd_cwnd":	1371368,
					"snd_wnd":	1935616,
					"rtt":	323692,
					"rttvar":	12218,
					"pmtu":	1500,
					"reorder":	0,
					"omitted":	false,
					"sender":	true
				}],
			"sum":	{
				"start":	8.001018,
				"end":	9.001065,
				"seconds":	1.000046968460083,
				"bytes":	2883584,
				"bits_per_second":	23067588.550887935,
				"retransmits":	0,
				"omitted":	false,
				"sender":	true
			}
		}, {
			"streams":	[{
					"socket":	5,
					"start":	9.001065,
					"end":	10.001356,
					"seconds":	1.0002909898757935,
					"bytes":	2490368,
					"bits_per_second":	19917148.31148668,
					"retransmits":	0,
					"snd_cwnd":	1516912,
					"snd_wnd":	1935616,
					"rtt":	244428,
					"rttvar":	18724,
					"pmtu":	1500,
					"reorder":	0,
					"omitted":	false,
					"sender":	true
				}],
			"sum":	{
				"start":	9.001065,
				"end":	10.001356,
				"seconds":	1.0002909898757935,
				"bytes":	2490368,
				"bits_per_second":	19917148.31148668,
				"retransmits":	0,
				"omitted":	false,
				"sender":	true
			}
		}],
	"end":	{
		"streams":	[{
				"sender":	{
					"socket":	5,
					"start":	0,
					"end":	10.001356,
					"seconds":	10.001356,
					"bytes":	31981568,
					"bits_per_second":	25581785.50988486,
					"retransmits":	0,
					"reorder":	0,
					"max_snd_cwnd":	1516912,
					"max_snd_wnd":	1935616,
					"max_rtt":	335047,
					"min_rtt":	64197,
					"mean_rtt":	210146,
					"sender":	true
				},
				"receiver":	{
					"socket":	5,
					"start":	0,
					"end":	10.477252,
					"seconds":	10.001356,
					"bytes":	30146560,
					"bits_per_second":	23018677.034779731,
					"sender":	true
				}
			}],
		"sum_sent":	{
			"start":	0,
			"end":	10.001356,
			"seconds":	10.001356,
			"bytes":	31981568,
			"bits_per_second":	25581785.50988486,
			"retransmits":	0,
			"sender":	true
		},
		"sum_received":	{
			"start":	0,
			"end":	10.477252,
			"seconds":	10.477252,
			"bytes":	30146560,
			"bits_per_second":	23018677.034779731,
			"sender":	true
		},
		"cpu_utilization_percent":	{
			"host_total":	0.14468014156383174,
			"host_user":	0,
			"host_system":	0.14468014156383174,
			"remote_total":	11.631899108425177,
			"remote_user":	0.3355054092279709,
			"remote_system":	11.296716675043458
		},
		"sender_tcp_congestion":	"cubic",
		"receiver_tcp_congestion":	"cubic"
	}
}
{
	"start":	{
		"connected":	[{
				"socket":	5,
				"local_host":	"192.168.1.48",
				"local_port":	53450,
				"remote_host":	"192.168.1.58",
				"remote_port":	5201
			}],
		"version":	"iperf 3.20",
		"system_info":	"Linux kuroi-washi 6.19.11+kali-amd64 #1 SMP PREEMPT_DYNAMIC Kali 6.19.11-1kali1 (2026-04-09) x86_64",
		"timestamp":	{
			"time":	"Thu, 23 Apr 2026 18:55:20 GMT",
			"timesecs":	1776970520,
			"timemillisecs":	1776970520172
		},
		"connecting_to":	{
			"host":	"192.168.1.58",
			"port":	5201
		},
		"cookie":	"5lcyf2rs537gdpwqrmz7vcnhjgk73utew3jy",
		"tcp_mss":	916,
		"target_bitrate":	0,
		"fq_rate":	0,
		"sock_bufsize":	0,
		"sndbuf_actual":	16384,
		"rcvbuf_actual":	131072,
		"test_start":	{
			"protocol":	"TCP",
			"num_streams":	1,
			"blksize":	131072,
			"omit":	0,
			"duration":	10,
			"bytes":	0,
			"blocks":	0,
			"reverse":	0,
			"tos":	0,
			"target_bitrate":	0,
			"bidir":	0,
			"fqrate":	0,
			"interval":	1
		}
	},
	"intervals":	[{
			"streams":	[{
					"socket":	5,
					"start":	0,
					"end":	1.001083,
					"seconds":	1.0010830163955688,
					"bytes":	2752512,
					"bits_per_second":	21996273.674968589,
					"retransmits":	0,
					"snd_cwnd":	192552,
					"snd_wnd":	1715200,
					"rtt":	153201,
					"rttvar":	40580,
					"pmtu":	1500,
					"reorder":	0,
					"omitted":	false,
					"sender":	true
				}],
			"sum":	{
				"start":	0,
				"end":	1.001083,
				"seconds":	1.0010830163955688,
				"bytes":	2752512,
				"bits_per_second":	21996273.674968589,
				"retransmits":	0,
				"omitted":	false,
				"sender":	true
			}
		}, {
			"streams":	[{
					"socket":	5,
					"start":	1.001083,
					"end":	2.001099,
					"seconds":	1.0000159740448,
					"bytes":	524288,
					"bits_per_second":	4194237.0010702438,
					"retransmits":	0,
					"snd_cwnd":	210632,
					"snd_wnd":	1715200,
					"rtt":	540881,
					"rttvar":	49793,
					"pmtu":	1500,
					"reorder":	0,
					"omitted":	false,
					"sender":	true
				}],
			"sum":	{
				"start":	1.001083,
				"end":	2.001099,
				"seconds":	1.0000159740448,
				"bytes":	524288,
				"bits_per_second":	4194237.0010702438,
				"retransmits":	0,
				"omitted":	false,
				"sender":	true
			}
		}, {
			"streams":	[{
					"socket":	5,
					"start":	2.001099,
					"end":	3.001138,
					"seconds":	1.0000389814376831,
					"bytes":	524288,
					"bits_per_second":	4194140.5063732164,
					"retransmits":	0,
					"snd_cwnd":	231424,
					"snd_wnd":	1715200,
					"rtt":	432038,
					"rttvar":	72010,
					"pmtu":	1500,
					"reorder":	0,
					"omitted":	false,
					"sender":	true
				}],
			"sum":	{
				"start":	2.001099,
				"end":	3.001138,
				"seconds":	1.0000389814376831,
				"bytes":	524288,
				"bits_per_second":	4194140.5063732164,
				"retransmits":	0,
				"omitted":	false,
				"sender":	true
			}
		}, {
			"streams":	[{
					"socket":	5,
					"start":	3.001138,
					"end":	4.001138,
					"seconds":	1,
					"bytes":	524288,
					"bits_per_second":	4194304,
					"retransmits":	0,
					"snd_cwnd":	252216,
					"snd_wnd":	1715200,
					"rtt":	478535,
					"rttvar":	2327,
					"pmtu":	1500,
					"reorder":	0,
					"omitted":	false,
					"sender":	true
				}],
			"sum":	{
				"start":	3.001138,
				"end":	4.001138,
				"seconds":	1,
				"bytes":	524288,
				"bits_per_second":	4194304,
				"retransmits":	0,
				"omitted":	false,
				"sender":	true
			}
		}, {
			"streams":	[{
					"socket":	5,
					"start":	4.001138,
					"end":	5.001096,
					"seconds":	0.99995797872543335,
					"bytes":	393216,
					"bits_per_second":	3145860.19305492,
					"retransmits":	0,
					"snd_cwnd":	277528,
					"snd_wnd":	1715200,
					"rtt":	406911,
					"rttvar":	8270,
					"pmtu":	1500,
					"reorder":	0,
					"omitted":	false,
					"sender":	true
				}],
			"sum":	{
				"start":	4.001138,
				"end":	5.001096,
				"seconds":	0.99995797872543335,
				"bytes":	393216,
				"bits_per_second":	3145860.19305492,
				"retransmits":	0,
				"omitted":	false,
				"sender":	true
			}
		}, {
			"streams":	[{
					"socket":	5,
					"start":	5.001096,
					"end":	6.001058,
					"seconds":	0.9999619722366333,
					"bytes":	655360,
					"bits_per_second":	5243079.382582074,
					"retransmits":	0,
					"snd_cwnd":	305552,
					"snd_wnd":	1715200,
					"rtt":	438268,
					"rttvar":	59952,
					"pmtu":	1500,
					"reorder":	0,
					"omitted":	false,
					"sender":	true
				}],
			"sum":	{
				"start":	5.001096,
				"end":	6.001058,
				"seconds":	0.9999619722366333,
				"bytes":	655360,
				"bits_per_second":	5243079.382582074,
				"retransmits":	0,
				"omitted":	false,
				"sender":	true
			}
		}, {
			"streams":	[{
					"socket":	5,
					"start":	6.001058,
					"end":	7.00109,
					"seconds":	1.0000319480895996,
					"bytes":	655360,
					"bits_per_second":	5242712.5053511336,
					"retransmits":	0,
					"snd_cwnd":	334480,
					"snd_wnd":	1715200,
					"rtt":	593163,
					"rttvar":	37435,
					"pmtu":	1500,
					"reorder":	0,
					"omitted":	false,
					"sender":	true
				}],
			"sum":	{
				"start":	6.001058,
				"end":	7.00109,
				"seconds":	1.0000319480895996,
				"bytes":	655360,
				"bits_per_second":	5242712.5053511336,
				"retransmits":	0,
				"omitted":	false,
				"sender":	true
			}
		}, {
			"streams":	[{
					"socket":	5,
					"start":	7.00109,
					"end":	8.001085,
					"seconds":	0.999994993209839,
					"bytes":	1572864,
					"bits_per_second":	12582975.00031543,
					"retransmits":	0,
					"snd_cwnd":	381488,
					"snd_wnd":	1935552,
					"rtt":	126584,
					"rttvar":	14615,
					"pmtu":	1500,
					"reorder":	0,
					"omitted":	false,
					"sender":	true
				}],
			"sum":	{
				"start":	7.00109,
				"end":	8.001085,
				"seconds":	0.999994993209839,
				"bytes":	1572864,
				"bits_per_second":	12582975.00031543,
				"retransmits":	0,
				"omitted":	false,
				"sender":	true
			}
		}, {
			"streams":	[{
					"socket":	5,
					"start":	8.001085,
					"end":	9.001024,
					"seconds":	0.99993902444839478,
					"bytes":	0,
					"bits_per_second":	0,
					"retransmits":	0,
					"snd_cwnd":	402280,
					"snd_wnd":	1935616,
					"rtt":	352237,
					"rttvar":	46808,
					"pmtu":	1500,
					"reorder":	0,
					"omitted":	false,
					"sender":	true
				}],
			"sum":	{
				"start":	8.001085,
				"end":	9.001024,
				"seconds":	0.99993902444839478,
				"bytes":	0,
				"bits_per_second":	0,
				"retransmits":	0,
				"omitted":	false,
				"sender":	true
			}
		}, {
			"streams":	[{
					"socket":	5,
					"start":	9.001024,
					"end":	10.00178,
					"seconds":	1.0007560253143311,
					"bytes":	1441792,
					"bits_per_second":	11525622.337749243,
					"retransmits":	0,
					"snd_cwnd":	442056,
					"snd_wnd":	1935616,
					"rtt":	131720,
					"rttvar":	7915,
					"pmtu":	1500,
					"reorder":	0,
					"omitted":	false,
					"sender":	true
				}],
			"sum":	{
				"start":	9.001024,
				"end":	10.00178,
				"seconds":	1.0007560253143311,
				"bytes":	1441792,
				"bits_per_second":	11525622.337749243,
				"retransmits":	0,
				"omitted":	false,
				"sender":	true
			}
		}],
	"end":	{
		"streams":	[{
				"sender":	{
					"socket":	5,
					"start":	0,
					"end":	10.00178,
					"seconds":	10.00178,
					"bytes":	9043968,
					"bits_per_second":	7233886.7681552684,
					"retransmits":	0,
					"reorder":	0,
					"max_snd_cwnd":	442056,
					"max_snd_wnd":	1935616,
					"max_rtt":	593163,
					"min_rtt":	126584,
					"mean_rtt":	365353,
					"sender":	true
				},
				"receiver":	{
					"socket":	5,
					"start":	0,
					"end":	10.281555,
					"seconds":	10.00178,
					"bytes":	7602176,
					"bits_per_second":	5915195.51274102,
					"sender":	true
				}
			}],
		"sum_sent":	{
			"start":	0,
			"end":	10.00178,
			"seconds":	10.00178,
			"bytes":	9043968,
			"bits_per_second":	7233886.7681552684,
			"retransmits":	0,
			"sender":	true
		},
		"sum_received":	{
			"start":	0,
			"end":	10.281555,
			"seconds":	10.281555,
			"bytes":	7602176,
			"bits_per_second":	5915195.51274102,
			"sender":	true
		},
		"cpu_utilization_percent":	{
			"host_total":	0.0920094402600037,
			"host_user":	0,
			"host_system":	0.0920094402600037,
			"remote_total":	7.9670954735926944,
			"remote_user":	0.79410484470817055,
			"remote_system":	7.1729906288845253
		},
		"sender_tcp_congestion":	"cubic",
		"receiver_tcp_congestion":	"cubic"
	}
}
{
	"start":	{
		"connected":	[{
				"socket":	5,
				"local_host":	"192.168.1.48",
				"local_port":	37108,
				"remote_host":	"192.168.1.58",
				"remote_port":	5201
			}],
		"version":	"iperf 3.20",
		"system_info":	"Linux kuroi-washi 6.19.11+kali-amd64 #1 SMP PREEMPT_DYNAMIC Kali 6.19.11-1kali1 (2026-04-09) x86_64",
		"timestamp":	{
			"time":	"Thu, 23 Apr 2026 18:55:30 GMT",
			"timesecs":	1776970530,
			"timemillisecs":	1776970530875
		},
		"connecting_to":	{
			"host":	"192.168.1.58",
			"port":	5201
		},
		"cookie":	"yiae2wryp2thxs62o6o5ay4c7qfhjkbhpdym",
		"tcp_mss":	916,
		"target_bitrate":	0,
		"fq_rate":	0,
		"sock_bufsize":	0,
		"sndbuf_actual":	16384,
		"rcvbuf_actual":	131072,
		"test_start":	{
			"protocol":	"TCP",
			"num_streams":	1,
			"blksize":	131072,
			"omit":	0,
			"duration":	10,
			"bytes":	0,
			"blocks":	0,
			"reverse":	0,
			"tos":	0,
			"target_bitrate":	0,
			"bidir":	0,
			"fqrate":	0,
			"interval":	1
		}
	},
	"intervals":	[{
			"streams":	[{
					"socket":	5,
					"start":	0,
					"end":	1.000484,
					"seconds":	1.0004839897155762,
					"bytes":	1966080,
					"bits_per_second":	15721031.182589374,
					"retransmits":	0,
					"snd_cwnd":	125656,
					"snd_wnd":	545856,
					"rtt":	76268,
					"rttvar":	3285,
					"pmtu":	1500,
					"reorder":	0,
					"omitted":	false,
					"sender":	true
				}],
			"sum":	{
				"start":	0,
				"end":	1.000484,
				"seconds":	1.0004839897155762,
				"bytes":	1966080,
				"bits_per_second":	15721031.182589374,
				"retransmits":	0,
				"omitted":	false,
				"sender":	true
			}
		}, {
			"streams":	[{
					"socket":	5,
					"start":	1.000484,
					"end":	2.000387,
					"seconds":	0.99990302324295044,
					"bytes":	2359296,
					"bits_per_second":	18876198.552521046,
					"retransmits":	0,
					"snd_cwnd":	221480,
					"snd_wnd":	545856,
					"rtt":	67974,
					"rttvar":	7841,
					"pmtu":	1500,
					"reorder":	0,
					"omitted":	false,
					"sender":	true
				}],
			"sum":	{
				"start":	1.000484,
				"end":	2.000387,
				"seconds":	0.99990302324295044,
				"bytes":	2359296,
				"bits_per_second":	18876198.552521046,
				"retransmits":	0,
				"omitted":	false,
				"sender":	true
			}
		}, {
			"streams":	[{
					"socket":	5,
					"start":	2.000387,
					"end":	3.001144,
					"seconds":	1.0007569789886475,
					"bytes":	3407872,
					"bits_per_second":	27242354.110337179,
					"retransmits":	0,
					"snd_cwnd":	364312,
					"snd_wnd":	861376,
					"rtt":	133936,
					"rttvar":	4715,
					"pmtu":	1500,
					"reorder":	0,
					"omitted":	false,
					"sender":	true
				}],
			"sum":	{
				"start":	2.000387,
				"end":	3.001144,
				"seconds":	1.0007569789886475,
				"bytes":	3407872,
				"bits_per_second":	27242354.110337179,
				"retransmits":	0,
				"omitted":	false,
				"sender":	true
			}
		}, {
			"streams":	[{
					"socket":	5,
					"start":	3.001144,
					"end":	4.000434,
					"seconds":	0.99928998947143555,
					"bytes":	2359296,
					"bits_per_second":	18887778.521611538,
					"retransmits":	0,
					"snd_cwnd":	481832,
					"snd_wnd":	1136000,
					"rtt":	195474,
					"rttvar":	33647,
					"pmtu":	1500,
					"reorder":	0,
					"omitted":	false,
					"sender":	true
				}],
			"sum":	{
				"start":	3.001144,
				"end":	4.000434,
				"seconds":	0.99928998947143555,
				"bytes":	2359296,
				"bits_per_second":	18887778.521611538,
				"retransmits":	0,
				"omitted":	false,
				"sender":	true
			}
		}, {
			"streams":	[{
					"socket":	5,
					"start":	4.000434,
					"end":	5.001091,
					"seconds":	1.0006569623947144,
					"bytes":	4456448,
					"bits_per_second":	35628177.627106786,
					"retransmits":	0,
					"snd_cwnd":	646360,
					"snd_wnd":	1594688,
					"rtt":	102599,
					"rttvar":	18547,
					"pmtu":	1500,
					"reorder":	0,
					"omitted":	false,
					"sender":	true
				}],
			"sum":	{
				"start":	4.000434,
				"end":	5.001091,
				"seconds":	1.0006569623947144,
				"bytes":	4456448,
				"bits_per_second":	35628177.627106786,
				"retransmits":	0,
				"omitted":	false,
				"sender":	true
			}
		}, {
			"streams":	[{
					"socket":	5,
					"start":	5.001091,
					"end":	6.001131,
					"seconds":	1.0000400543212891,
					"bytes":	3801088,
					"bits_per_second":	30407486.048784208,
					"retransmits":	0,
					"snd_cwnd":	804560,
					"snd_wnd":	1679808,
					"rtt":	242594,
					"rttvar":	15100,
					"pmtu":	1500,
					"reorder":	0,
					"omitted":	false,
					"sender":	true
				}],
			"sum":	{
				"start":	5.001091,
				"end":	6.001131,
				"seconds":	1.0000400543212891,
				"bytes":	3801088,
				"bits_per_second":	30407486.048784208,
				"retransmits":	0,
				"omitted":	false,
				"sender":	true
			}
		}, {
			"streams":	[{
					"socket":	5,
					"start":	6.001131,
					"end":	7.000395,
					"seconds":	0.99926400184631348,
					"bytes":	3014656,
					"bits_per_second":	24135011.3237735,
					"retransmits":	0,
					"snd_cwnd":	947392,
					"snd_wnd":	1934912,
					"rtt":	301020,
					"rttvar":	37001,
					"pmtu":	1500,
					"reorder":	0,
					"omitted":	false,
					"sender":	true
				}],
			"sum":	{
				"start":	6.001131,
				"end":	7.000395,
				"seconds":	0.99926400184631348,
				"bytes":	3014656,
				"bits_per_second":	24135011.3237735,
				"retransmits":	0,
				"omitted":	false,
				"sender":	true
			}
		}, {
			"streams":	[{
					"socket":	5,
					"start":	7.000395,
					"end":	8.000485,
					"seconds":	1.0000900030136108,
					"bytes":	2883584,
					"bits_per_second":	23066595.936851941,
					"retransmits":	0,
					"snd_cwnd":	1089320,
					"snd_wnd":	1935616,
					"rtt":	252805,
					"rttvar":	39466,
					"pmtu":	1500,
					"reorder":	0,
					"omitted":	false,
					"sender":	true
				}],
			"sum":	{
				"start":	7.000395,
				"end":	8.000485,
				"seconds":	1.0000900030136108,
				"bytes":	2883584,
				"bits_per_second":	23066595.936851941,
				"retransmits":	0,
				"omitted":	false,
				"sender":	true
			}
		}, {
			"streams":	[{
					"socket":	5,
					"start":	8.000485,
					"end":	9.001133,
					"seconds":	1.000648021697998,
					"bytes":	3145728,
					"bits_per_second":	25149526.561094034,
					"retransmits":	0,
					"snd_cwnd":	1224016,
					"snd_wnd":	1935616,
					"rtt":	413227,
					"rttvar":	30307,
					"pmtu":	1500,
					"reorder":	0,
					"omitted":	false,
					"sender":	true
				}],
			"sum":	{
				"start":	8.000485,
				"end":	9.001133,
				"seconds":	1.000648021697998,
				"bytes":	3145728,
				"bits_per_second":	25149526.561094034,
				"retransmits":	0,
				"omitted":	false,
				"sender":	true
			}
		}, {
			"streams":	[{
					"socket":	5,
					"start":	9.001133,
					"end":	10.001986,
					"seconds":	1.0008529424667358,
					"bytes":	1441792,
					"bits_per_second":	11524506.259203363,
					"retransmits":	0,
					"snd_cwnd":	1339728,
					"snd_wnd":	1935616,
					"rtt":	124233,
					"rttvar":	22488,
					"pmtu":	1500,
					"reorder":	0,
					"omitted":	false,
					"sender":	true
				}],
			"sum":	{
				"start":	9.001133,
				"end":	10.001986,
				"seconds":	1.0008529424667358,
				"bytes":	1441792,
				"bits_per_second":	11524506.259203363,
				"retransmits":	0,
				"omitted":	false,
				"sender":	true
			}
		}],
	"end":	{
		"streams":	[{
				"sender":	{
					"socket":	5,
					"start":	0,
					"end":	10.001986,
					"seconds":	10.001986,
					"bytes":	28835840,
					"bits_per_second":	23064091.471433774,
					"retransmits":	0,
					"reorder":	0,
					"max_snd_cwnd":	1339728,
					"max_snd_wnd":	1935616,
					"max_rtt":	413227,
					"min_rtt":	67974,
					"mean_rtt":	191013,
					"sender":	true
				},
				"receiver":	{
					"socket":	5,
					"start":	0,
					"end":	10.350528,
					"seconds":	10.001986,
					"bytes":	27131904,
					"bits_per_second":	20970450.203120071,
					"sender":	true
				}
			}],
		"sum_sent":	{
			"start":	0,
			"end":	10.001986,
			"seconds":	10.001986,
			"bytes":	28835840,
			"bits_per_second":	23064091.471433774,
			"retransmits":	0,
			"sender":	true
		},
		"sum_received":	{
			"start":	0,
			"end":	10.350528,
			"seconds":	10.350528,
			"bytes":	27131904,
			"bits_per_second":	20970450.203120071,
			"sender":	true
		},
		"cpu_utilization_percent":	{
			"host_total":	0.197345706211165,
			"host_user":	0.016935495726295373,
			"host_system":	0.18041021048486969,
			"remote_total":	12.048727010457988,
			"remote_user":	1.0112465440557761,
			"remote_system":	11.038317105421324
		},
		"sender_tcp_congestion":	"cubic",
		"receiver_tcp_congestion":	"cubic"
	}
}
{
	"start":	{
		"connected":	[{
				"socket":	5,
				"local_host":	"192.168.1.48",
				"local_port":	51076,
				"remote_host":	"192.168.1.58",
				"remote_port":	5201
			}],
		"version":	"iperf 3.20",
		"system_info":	"Linux kuroi-washi 6.19.11+kali-amd64 #1 SMP PREEMPT_DYNAMIC Kali 6.19.11-1kali1 (2026-04-09) x86_64",
		"timestamp":	{
			"time":	"Thu, 23 Apr 2026 18:55:41 GMT",
			"timesecs":	1776970541,
			"timemillisecs":	1776970541912
		},
		"connecting_to":	{
			"host":	"192.168.1.58",
			"port":	5201
		},
		"cookie":	"6paieonkyguzjlrxppa4vqovwzqpm3pul4rh",
		"tcp_mss":	916,
		"target_bitrate":	0,
		"fq_rate":	0,
		"sock_bufsize":	0,
		"sndbuf_actual":	16384,
		"rcvbuf_actual":	131072,
		"test_start":	{
			"protocol":	"TCP",
			"num_streams":	1,
			"blksize":	131072,
			"omit":	0,
			"duration":	10,
			"bytes":	0,
			"blocks":	0,
			"reverse":	0,
			"tos":	0,
			"target_bitrate":	0,
			"bidir":	0,
			"fqrate":	0,
			"interval":	1
		}
	},
	"intervals":	[{
			"streams":	[{
					"socket":	5,
					"start":	0,
					"end":	1.001058,
					"seconds":	1.0010579824447632,
					"bytes":	3538944,
					"bits_per_second":	28281630.531388514,
					"retransmits":	0,
					"snd_cwnd":	198880,
					"snd_wnd":	734784,
					"rtt":	88965,
					"rttvar":	10520,
					"pmtu":	1500,
					"reorder":	0,
					"omitted":	false,
					"sender":	true
				}],
			"sum":	{
				"start":	0,
				"end":	1.001058,
				"seconds":	1.0010579824447632,
				"bytes":	3538944,
				"bits_per_second":	28281630.531388514,
				"retransmits":	0,
				"omitted":	false,
				"sender":	true
			}
		}, {
			"streams":	[{
					"socket":	5,
					"start":	1.001058,
					"end":	2.001083,
					"seconds":	1.0000250339508057,
					"bytes":	3014656,
					"bits_per_second":	24116644.265113868,
					"retransmits":	0,
					"snd_cwnd":	332672,
					"snd_wnd":	888128,
					"rtt":	125645,
					"rttvar":	2746,
					"pmtu":	1500,
					"reorder":	0,
					"omitted":	false,
					"sender":	true
				}],
			"sum":	{
				"start":	1.001058,
				"end":	2.001083,
				"seconds":	1.0000250339508057,
				"bytes":	3014656,
				"bits_per_second":	24116644.265113868,
				"retransmits":	0,
				"omitted":	false,
				"sender":	true
			}
		}, {
			"streams":	[{
					"socket":	5,
					"start":	2.001083,
					"end":	3.001088,
					"seconds":	1.0000050067901611,
					"bytes":	2883584,
					"bits_per_second":	23068556.500578281,
					"retransmits":	0,
					"snd_cwnd":	433920,
					"snd_wnd":	979648,
					"rtt":	188649,
					"rttvar":	12383,
					"pmtu":	1500,
					"reorder":	0,
					"omitted":	false,
					"sender":	true
				}],
			"sum":	{
				"start":	2.001083,
				"end":	3.001088,
				"seconds":	1.0000050067901611,
				"bytes":	2883584,
				"bits_per_second":	23068556.500578281,
				"retransmits":	0,
				"omitted":	false,
				"sender":	true
			}
		}, {
			"streams":	[{
					"socket":	5,
					"start":	3.001088,
					"end":	4.0002,
					"seconds":	0.99911201000213623,
					"bytes":	3801088,
					"bits_per_second":	30435730.624372117,
					"retransmits":	0,
					"snd_cwnd":	585792,
					"snd_wnd":	1149312,
					"rtt":	175168,
					"rttvar":	23880,
					"pmtu":	1500,
					"reorder":	0,
					"omitted":	false,
					"sender":	true
				}],
			"sum":	{
				"start":	3.001088,
				"end":	4.0002,
				"seconds":	0.99911201000213623,
				"bytes":	3801088,
				"bits_per_second":	30435730.624372117,
				"retransmits":	0,
				"omitted":	false,
				"sender":	true
			}
		}, {
			"streams":	[{
					"socket":	5,
					"start":	4.0002,
					"end":	5.000182,
					"seconds":	0.99998199939727783,
					"bytes":	3538944,
					"bits_per_second":	28312061.634173721,
					"retransmits":	0,
					"snd_cwnd":	734048,
					"snd_wnd":	1596224,
					"rtt":	173538,
					"rttvar":	13156,
					"pmtu":	1500,
					"reorder":	0,
					"omitted":	false,
					"sender":	true
				}],
			"sum":	{
				"start":	4.0002,
				"end":	5.000182,
				"seconds":	0.99998199939727783,
				"bytes":	3538944,
				"bits_per_second":	28312061.634173721,
				"retransmits":	0,
				"omitted":	false,
				"sender":	true
			}
		}, {
			"streams":	[{
					"socket":	5,
					"start":	5.000182,
					"end":	6.001061,
					"seconds":	1.0008790493011475,
					"bytes":	2883584,
					"bits_per_second":	23048411.310145259,
					"retransmits":	0,
					"snd_cwnd":	894056,
					"snd_wnd":	1896448,
					"rtt":	149629,
					"rttvar":	40893,
					"pmtu":	1500,
					"reorder":	0,
					"omitted":	false,
					"sender":	true
				}],
			"sum":	{
				"start":	5.000182,
				"end":	6.001061,
				"seconds":	1.0008790493011475,
				"bytes":	2883584,
				"bits_per_second":	23048411.310145259,
				"retransmits":	0,
				"omitted":	false,
				"sender":	true
			}
		}, {
			"streams":	[{
					"socket":	5,
					"start":	6.001061,
					"end":	7.000153,
					"seconds":	0.9990919828414917,
					"bytes":	2883584,
					"bits_per_second":	23089637.7872946,
					"retransmits":	0,
					"snd_cwnd":	1034176,
					"snd_wnd":	1935616,
					"rtt":	380677,
					"rttvar":	6243,
					"pmtu":	1500,
					"reorder":	0,
					"omitted":	false,
					"sender":	true
				}],
			"sum":	{
				"start":	6.001061,
				"end":	7.000153,
				"seconds":	0.9990919828414917,
				"bytes":	2883584,
				"bits_per_second":	23089637.7872946,
				"retransmits":	0,
				"omitted":	false,
				"sender":	true
			}
		}, {
			"streams":	[{
					"socket":	5,
					"start":	7.000153,
					"end":	8.000178,
					"seconds":	1.0000250339508057,
					"bytes":	3014656,
					"bits_per_second":	24116644.265113868,
					"retransmits":	0,
					"snd_cwnd":	1137232,
					"snd_wnd":	1935616,
					"rtt":	418780,
					"rttvar":	5502,
					"pmtu":	1500,
					"reorder":	0,
					"omitted":	false,
					"sender":	true
				}],
			"sum":	{
				"start":	7.000153,
				"end":	8.000178,
				"seconds":	1.0000250339508057,
				"bytes":	3014656,
				"bits_per_second":	24116644.265113868,
				"retransmits":	0,
				"omitted":	false,
				"sender":	true
			}
		}, {
			"streams":	[{
					"socket":	5,
					"start":	8.000178,
					"end":	9.001097,
					"seconds":	1.000918984413147,
					"bytes":	2883584,
					"bits_per_second":	23047491.714352377,
					"retransmits":	0,
					"snd_cwnd":	1329784,
					"snd_wnd":	1935616,
					"rtt":	350240,
					"rttvar":	10191,
					"pmtu":	1500,
					"reorder":	0,
					"omitted":	false,
					"sender":	true
				}],
			"sum":	{
				"start":	8.000178,
				"end":	9.001097,
				"seconds":	1.000918984413147,
				"bytes":	2883584,
				"bits_per_second":	23047491.714352377,
				"retransmits":	0,
				"omitted":	false,
				"sender":	true
			}
		}, {
			"streams":	[{
					"socket":	5,
					"start":	9.001097,
					"end":	10.001875,
					"seconds":	1.0007779598236084,
					"bytes":	3407872,
					"bits_per_second":	27241782.987312414,
					"retransmits":	0,
					"snd_cwnd":	1492504,
					"snd_wnd":	1935616,
					"rtt":	379675,
					"rttvar":	4885,
					"pmtu":	1500,
					"reorder":	0,
					"omitted":	false,
					"sender":	true
				}],
			"sum":	{
				"start":	9.001097,
				"end":	10.001875,
				"seconds":	1.0007779598236084,
				"bytes":	3407872,
				"bits_per_second":	27241782.987312414,
				"retransmits":	0,
				"omitted":	false,
				"sender":	true
			}
		}],
	"end":	{
		"streams":	[{
				"sender":	{
					"socket":	5,
					"start":	0,
					"end":	10.001875,
					"seconds":	10.001875,
					"bytes":	31850496,
					"bits_per_second":	25475620.121227268,
					"retransmits":	0,
					"reorder":	0,
					"max_snd_cwnd":	1492504,
					"max_snd_wnd":	1935616,
					"max_rtt":	418780,
					"min_rtt":	88965,
					"mean_rtt":	243096,
					"sender":	true
				},
				"receiver":	{
					"socket":	5,
					"start":	0,
					"end":	10.493177,
					"seconds":	10.001875,
					"bytes":	30146560,
					"bits_per_second":	22983742.673929926,
					"sender":	true
				}
			}],
		"sum_sent":	{
			"start":	0,
			"end":	10.001875,
			"seconds":	10.001875,
			"bytes":	31850496,
			"bits_per_second":	25475620.121227268,
			"retransmits":	0,
			"sender":	true
		},
		"sum_received":	{
			"start":	0,
			"end":	10.493177,
			"seconds":	10.493177,
			"bytes":	30146560,
			"bits_per_second":	22983742.673929926,
			"sender":	true
		},
		"cpu_utilization_percent":	{
			"host_total":	0.18183283322680049,
			"host_user":	0.06959328764592955,
			"host_system":	0.11222960936047605,
			"remote_total":	11.392790137710497,
			"remote_user":	0.552902326570606,
			"remote_system":	10.839906800452704
		},
		"sender_tcp_congestion":	"cubic",
		"receiver_tcp_congestion":	"cubic"
	}
}
{
	"start":	{
		"connected":	[{
				"socket":	5,
				"local_host":	"192.168.1.48",
				"local_port":	39116,
				"remote_host":	"192.168.1.58",
				"remote_port":	5201
			}],
		"version":	"iperf 3.20",
		"system_info":	"Linux kuroi-washi 6.19.11+kali-amd64 #1 SMP PREEMPT_DYNAMIC Kali 6.19.11-1kali1 (2026-04-09) x86_64",
		"timestamp":	{
			"time":	"Thu, 23 Apr 2026 18:55:53 GMT",
			"timesecs":	1776970553,
			"timemillisecs":	1776970553002
		},
		"connecting_to":	{
			"host":	"192.168.1.58",
			"port":	5201
		},
		"cookie":	"pay5shb7fsinpm6tdewfoesjizfflsr2foax",
		"tcp_mss":	916,
		"target_bitrate":	0,
		"fq_rate":	0,
		"sock_bufsize":	0,
		"sndbuf_actual":	16384,
		"rcvbuf_actual":	131072,
		"test_start":	{
			"protocol":	"TCP",
			"num_streams":	1,
			"blksize":	131072,
			"omit":	0,
			"duration":	10,
			"bytes":	0,
			"blocks":	0,
			"reverse":	0,
			"tos":	0,
			"target_bitrate":	0,
			"bidir":	0,
			"fqrate":	0,
			"interval":	1
		}
	},
	"intervals":	[{
			"streams":	[{
					"socket":	5,
					"start":	0,
					"end":	1.000525,
					"seconds":	1.0005249977111816,
					"bytes":	2228224,
					"bits_per_second":	17816438.410613019,
					"retransmits":	0,
					"snd_cwnd":	141024,
					"snd_wnd":	1819328,
					"rtt":	96166,
					"rttvar":	18330,
					"pmtu":	1500,
					"reorder":	0,
					"omitted":	false,
					"sender":	true
				}],
			"sum":	{
				"start":	0,
				"end":	1.000525,
				"seconds":	1.0005249977111816,
				"bytes":	2228224,
				"bits_per_second":	17816438.410613019,
				"retransmits":	0,
				"omitted":	false,
				"sender":	true
			}
		}, {
			"streams":	[{
					"socket":	5,
					"start":	1.000525,
					"end":	2.001149,
					"seconds":	1.0006239414215088,
					"bytes":	917504,
					"bits_per_second":	7335455.1057139272,
					"retransmits":	0,
					"snd_cwnd":	182608,
					"snd_wnd":	1819328,
					"rtt":	132970,
					"rttvar":	8686,
					"pmtu":	1500,
					"reorder":	0,
					"omitted":	false,
					"sender":	true
				}],
			"sum":	{
				"start":	1.000525,
				"end":	2.001149,
				"seconds":	1.0006239414215088,
				"bytes":	917504,
				"bits_per_second":	7335455.1057139272,
				"retransmits":	0,
				"omitted":	false,
				"sender":	true
			}
		}, {
			"streams":	[{
					"socket":	5,
					"start":	2.001149,
					"end":	3.001148,
					"seconds":	0.99999898672103882,
					"bytes":	1835008,
					"bits_per_second":	14680078.875015073,
					"retransmits":	0,
					"snd_cwnd":	256736,
					"snd_wnd":	1819328,
					"rtt":	69825,
					"rttvar":	33540,
					"pmtu":	1500,
					"reorder":	0,
					"omitted":	false,
					"sender":	true
				}],
			"sum":	{
				"start":	2.001149,
				"end":	3.001148,
				"seconds":	0.99999898672103882,
				"bytes":	1835008,
				"bits_per_second":	14680078.875015073,
				"retransmits":	0,
				"omitted":	false,
				"sender":	true
			}
		}, {
			"streams":	[{
					"socket":	5,
					"start":	3.001148,
					"end":	4.001143,
					"seconds":	0.999994993209839,
					"bytes":	2883584,
					"bits_per_second":	23068787.500578288,
					"retransmits":	0,
					"snd_cwnd":	381488,
					"snd_wnd":	1935616,
					"rtt":	68592,
					"rttvar":	26377,
					"pmtu":	1500,
					"reorder":	0,
					"omitted":	false,
					"sender":	true
				}],
			"sum":	{
				"start":	3.001148,
				"end":	4.001143,
				"seconds":	0.999994993209839,
				"bytes":	2883584,
				"bits_per_second":	23068787.500578288,
				"retransmits":	0,
				"omitted":	false,
				"sender":	true
			}
		}, {
			"streams":	[{
					"socket":	5,
					"start":	4.001143,
					"end":	5.000482,
					"seconds":	0.999338984489441,
					"bytes":	4456448,
					"bits_per_second":	35675165.83796066,
					"retransmits":	0,
					"snd_cwnd":	583080,
					"snd_wnd":	1935616,
					"rtt":	102821,
					"rttvar":	68530,
					"pmtu":	1500,
					"reorder":	0,
					"omitted":	false,
					"sender":	true
				}],
			"sum":	{
				"start":	4.001143,
				"end":	5.000482,
				"seconds":	0.999338984489441,
				"bytes":	4456448,
				"bits_per_second":	35675165.83796066,
				"retransmits":	0,
				"omitted":	false,
				"sender":	true
			}
		}, {
			"streams":	[{
					"socket":	5,
					"start":	5.000482,
					"end":	6.001107,
					"seconds":	1.0006250143051147,
					"bytes":	5505024,
					"bits_per_second":	44012683.443241484,
					"retransmits":	0,
					"snd_cwnd":	774728,
					"snd_wnd":	1935616,
					"rtt":	274936,
					"rttvar":	3583,
					"pmtu":	1500,
					"reorder":	0,
					"omitted":	false,
					"sender":	true
				}],
			"sum":	{
				"start":	5.000482,
				"end":	6.001107,
				"seconds":	1.0006250143051147,
				"bytes":	5505024,
				"bits_per_second":	44012683.443241484,
				"retransmits":	0,
				"omitted":	false,
				"sender":	true
			}
		}, {
			"streams":	[{
					"socket":	5,
					"start":	6.001107,
					"end":	7.000583,
					"seconds":	0.99947601556777954,
					"bytes":	2883584,
					"bits_per_second":	23080765.962047838,
					"retransmits":	0,
					"snd_cwnd":	930216,
					"snd_wnd":	1935616,
					"rtt":	303190,
					"rttvar":	14069,
					"pmtu":	1500,
					"reorder":	0,
					"omitted":	false,
					"sender":	true
				}],
			"sum":	{
				"start":	6.001107,
				"end":	7.000583,
				"seconds":	0.99947601556777954,
				"bytes":	2883584,
				"bits_per_second":	23080765.962047838,
				"retransmits":	0,
				"omitted":	false,
				"sender":	true
			}
		}, {
			"streams":	[{
					"socket":	5,
					"start":	7.000583,
					"end":	8.001143,
					"seconds":	1.0005600452423096,
					"bytes":	2883584,
					"bits_per_second":	23055759.731454566,
					"retransmits":	0,
					"snd_cwnd":	1103784,
					"snd_wnd":	1934144,
					"rtt":	290961,
					"rttvar":	19496,
					"pmtu":	1500,
					"reorder":	0,
					"omitted":	false,
					"sender":	true
				}],
			"sum":	{
				"start":	7.000583,
				"end":	8.001143,
				"seconds":	1.0005600452423096,
				"bytes":	2883584,
				"bits_per_second":	23055759.731454566,
				"retransmits":	0,
				"omitted":	false,
				"sender":	true
			}
		}, {
			"streams":	[{
					"socket":	5,
					"start":	8.001143,
					"end":	9.000484,
					"seconds":	0.99934101104736328,
					"bytes":	4718592,
					"bits_per_second":	37773628.403819121,
					"retransmits":	0,
					"snd_cwnd":	1284584,
					"snd_wnd":	1935616,
					"rtt":	322092,
					"rttvar":	3127,
					"pmtu":	1500,
					"reorder":	0,
					"omitted":	false,
					"sender":	true
				}],
			"sum":	{
				"start":	8.001143,
				"end":	9.000484,
				"seconds":	0.99934101104736328,
				"bytes":	4718592,
				"bits_per_second":	37773628.403819121,
				"retransmits":	0,
				"omitted":	false,
				"sender":	true
			}
		}, {
			"streams":	[{
					"socket":	5,
					"start":	9.000484,
					"end":	10.001983,
					"seconds":	1.0014990568161011,
					"bytes":	3014656,
					"bits_per_second":	24081148.989467792,
					"retransmits":	0,
					"snd_cwnd":	1487984,
					"snd_wnd":	1524288,
					"rtt":	464509,
					"rttvar":	70015,
					"pmtu":	1500,
					"reorder":	0,
					"omitted":	false,
					"sender":	true
				}],
			"sum":	{
				"start":	9.000484,
				"end":	10.001983,
				"seconds":	1.0014990568161011,
				"bytes":	3014656,
				"bits_per_second":	24081148.989467792,
				"retransmits":	0,
				"omitted":	false,
				"sender":	true
			}
		}],
	"end":	{
		"streams":	[{
				"sender":	{
					"socket":	5,
					"start":	0,
					"end":	10.001983,
					"seconds":	10.001983,
					"bytes":	31326208,
					"bits_per_second":	25055997.795637127,
					"retransmits":	0,
					"reorder":	0,
					"max_snd_cwnd":	1487984,
					"max_snd_wnd":	1935616,
					"max_rtt":	464509,
					"min_rtt":	68592,
					"mean_rtt":	212606,
					"sender":	true
				},
				"receiver":	{
					"socket":	5,
					"start":	0,
					"end":	10.562128,
					"seconds":	10.001983,
					"bytes":	29360128,
					"bits_per_second":	22238039.910139322,
					"sender":	true
				}
			}],
		"sum_sent":	{
			"start":	0,
			"end":	10.001983,
			"seconds":	10.001983,
			"bytes":	31326208,
			"bits_per_second":	25055997.795637127,
			"retransmits":	0,
			"sender":	true
		},
		"sum_received":	{
			"start":	0,
			"end":	10.562128,
			"seconds":	10.562128,
			"bytes":	29360128,
			"bits_per_second":	22238039.910139322,
			"sender":	true
		},
		"cpu_utilization_percent":	{
			"host_total":	0.20781720825000352,
			"host_user":	0.0084314637199776835,
			"host_system":	0.19938574453002583,
			"remote_total":	12.258771553014132,
			"remote_user":	1.0769213920740082,
			"remote_system":	11.181859601904733
		},
		"sender_tcp_congestion":	"cubic",
		"receiver_tcp_congestion":	"cubic"
	}
}
{
	"start":	{
		"connected":	[{
				"socket":	5,
				"local_host":	"192.168.1.48",
				"local_port":	44864,
				"remote_host":	"192.168.1.58",
				"remote_port":	5201
			}],
		"version":	"iperf 3.20",
		"system_info":	"Linux kuroi-washi 6.19.11+kali-amd64 #1 SMP PREEMPT_DYNAMIC Kali 6.19.11-1kali1 (2026-04-09) x86_64",
		"timestamp":	{
			"time":	"Thu, 23 Apr 2026 18:56:03 GMT",
			"timesecs":	1776970563,
			"timemillisecs":	1776970563795
		},
		"connecting_to":	{
			"host":	"192.168.1.58",
			"port":	5201
		},
		"cookie":	"bcmprqxpjq2haejqpu44eoqj4vzrl4jh26pn",
		"tcp_mss":	916,
		"target_bitrate":	0,
		"fq_rate":	0,
		"sock_bufsize":	0,
		"sndbuf_actual":	16384,
		"rcvbuf_actual":	131072,
		"test_start":	{
			"protocol":	"TCP",
			"num_streams":	1,
			"blksize":	131072,
			"omit":	0,
			"duration":	10,
			"bytes":	0,
			"blocks":	0,
			"reverse":	0,
			"tos":	0,
			"target_bitrate":	0,
			"bidir":	0,
			"fqrate":	0,
			"interval":	1
		}
	},
	"intervals":	[{
			"streams":	[{
					"socket":	5,
					"start":	0,
					"end":	1.001096,
					"seconds":	1.00109601020813,
					"bytes":	4849664,
					"bits_per_second":	38754836.303796634,
					"retransmits":	0,
					"snd_cwnd":	254024,
					"snd_wnd":	1872320,
					"rtt":	61948,
					"rttvar":	7111,
					"pmtu":	1500,
					"reorder":	0,
					"omitted":	false,
					"sender":	true
				}],
			"sum":	{
				"start":	0,
				"end":	1.001096,
				"seconds":	1.00109601020813,
				"bytes":	4849664,
				"bits_per_second":	38754836.303796634,
				"retransmits":	0,
				"omitted":	false,
				"sender":	true
			}
		}, {
			"streams":	[{
					"socket":	5,
					"start":	1.001096,
					"end":	2.001128,
					"seconds":	1.0000319480895996,
					"bytes":	5505024,
					"bits_per_second":	44038785.044949524,
					"retransmits":	0,
					"snd_cwnd":	474600,
					"snd_wnd":	1935616,
					"rtt":	105877,
					"rttvar":	11819,
					"pmtu":	1500,
					"reorder":	0,
					"omitted":	false,
					"sender":	true
				}],
			"sum":	{
				"start":	1.001096,
				"end":	2.001128,
				"seconds":	1.0000319480895996,
				"bytes":	5505024,
				"bits_per_second":	44038785.044949524,
				"retransmits":	0,
				"omitted":	false,
				"sender":	true
			}
		}, {
			"streams":	[{
					"socket":	5,
					"start":	2.001128,
					"end":	3.001122,
					"seconds":	0.99999397993087769,
					"bytes":	4980736,
					"bits_per_second":	39846127.876444072,
					"retransmits":	0,
					"snd_cwnd":	663536,
					"snd_wnd":	1935616,
					"rtt":	143438,
					"rttvar":	8807,
					"pmtu":	1500,
					"reorder":	0,
					"omitted":	false,
					"sender":	true
				}],
			"sum":	{
				"start":	2.001128,
				"end":	3.001122,
				"seconds":	0.99999397993087769,
				"bytes":	4980736,
				"bits_per_second":	39846127.876444072,
				"retransmits":	0,
				"omitted":	false,
				"sender":	true
			}
		}, {
			"streams":	[{
					"socket":	5,
					"start":	3.001122,
					"end":	4.00114,
					"seconds":	1.0000180006027222,
					"bytes":	4063232,
					"bits_per_second":	32505270.885532413,
					"retransmits":	0,
					"snd_cwnd":	843432,
					"snd_wnd":	1935616,
					"rtt":	209682,
					"rttvar":	19587,
					"pmtu":	1500,
					"reorder":	0,
					"omitted":	false,
					"sender":	true
				}],
			"sum":	{
				"start":	3.001122,
				"end":	4.00114,
				"seconds":	1.0000180006027222,
				"bytes":	4063232,
				"bits_per_second":	32505270.885532413,
				"retransmits":	0,
				"omitted":	false,
				"sender":	true
			}
		}, {
			"streams":	[{
					"socket":	5,
					"start":	4.00114,
					"end":	5.00075,
					"seconds":	0.99961000680923462,
					"bytes":	2752512,
					"bits_per_second":	22028687.0379463,
					"retransmits":	0,
					"snd_cwnd":	1007960,
					"snd_wnd":	1935616,
					"rtt":	346966,
					"rttvar":	43643,
					"pmtu":	1500,
					"reorder":	0,
					"omitted":	false,
					"sender":	true
				}],
			"sum":	{
				"start":	4.00114,
				"end":	5.00075,
				"seconds":	0.99961000680923462,
				"bytes":	2752512,
				"bits_per_second":	22028687.0379463,
				"retransmits":	0,
				"omitted":	false,
				"sender":	true
			}
		}, {
			"streams":	[{
					"socket":	5,
					"start":	5.00075,
					"end":	6.001155,
					"seconds":	1.000404953956604,
					"bytes":	3276800,
					"bits_per_second":	26203788.672099218,
					"retransmits":	0,
					"snd_cwnd":	1145368,
					"snd_wnd":	1934912,
					"rtt":	278286,
					"rttvar":	8465,
					"pmtu":	1500,
					"reorder":	0,
					"omitted":	false,
					"sender":	true
				}],
			"sum":	{
				"start":	5.00075,
				"end":	6.001155,
				"seconds":	1.000404953956604,
				"bytes":	3276800,
				"bits_per_second":	26203788.672099218,
				"retransmits":	0,
				"omitted":	false,
				"sender":	true
			}
		}, {
			"streams":	[{
					"socket":	5,
					"start":	6.001155,
					"end":	7.001127,
					"seconds":	0.99997198581695557,
					"bytes":	4325376,
					"bits_per_second":	34603977.402157,
					"retransmits":	0,
					"snd_cwnd":	1347864,
					"snd_wnd":	1935616,
					"rtt":	332799,
					"rttvar":	5454,
					"pmtu":	1500,
					"reorder":	0,
					"omitted":	false,
					"sender":	true
				}],
			"sum":	{
				"start":	6.001155,
				"end":	7.001127,
				"seconds":	0.99997198581695557,
				"bytes":	4325376,
				"bits_per_second":	34603977.402157,
				"retransmits":	0,
				"omitted":	false,
				"sender":	true
			}
		}, {
			"streams":	[{
					"socket":	5,
					"start":	7.001127,
					"end":	8.001147,
					"seconds":	1.0000200271606445,
					"bytes":	1441792,
					"bits_per_second":	11534105.004626181,
					"retransmits":	0,
					"snd_cwnd":	1448208,
					"snd_wnd":	1935616,
					"rtt":	522592,
					"rttvar":	17516,
					"pmtu":	1500,
					"reorder":	0,
					"omitted":	false,
					"sender":	true
				}],
			"sum":	{
				"start":	7.001127,
				"end":	8.001147,
				"seconds":	1.0000200271606445,
				"bytes":	1441792,
				"bits_per_second":	11534105.004626181,
				"retransmits":	0,
				"omitted":	false,
				"sender":	true
			}
		}, {
			"streams":	[{
					"socket":	5,
					"start":	8.001147,
					"end":	9.001121,
					"seconds":	0.999974012374878,
					"bytes":	1572864,
					"bits_per_second":	12583239.008498175,
					"retransmits":	0,
					"snd_cwnd":	1517816,
					"snd_wnd":	1934912,
					"rtt":	1339597,
					"rttvar":	10250,
					"pmtu":	1500,
					"reorder":	0,
					"omitted":	false,
					"sender":	true
				}],
			"sum":	{
				"start":	8.001147,
				"end":	9.001121,
				"seconds":	0.999974012374878,
				"bytes":	1572864,
				"bits_per_second":	12583239.008498175,
				"retransmits":	0,
				"omitted":	false,
				"sender":	true
			}
		}, {
			"streams":	[{
					"socket":	5,
					"start":	9.001121,
					"end":	10.002061,
					"seconds":	1.0009399652481079,
					"bytes":	2883584,
					"bits_per_second":	23047008.612831093,
					"retransmits":	0,
					"snd_cwnd":	1694096,
					"snd_wnd":	1932800,
					"rtt":	513072,
					"rttvar":	16326,
					"pmtu":	1500,
					"reorder":	0,
					"omitted":	false,
					"sender":	true
				}],
			"sum":	{
				"start":	9.001121,
				"end":	10.002061,
				"seconds":	1.0009399652481079,
				"bytes":	2883584,
				"bits_per_second":	23047008.612831093,
				"retransmits":	0,
				"omitted":	false,
				"sender":	true
			}
		}],
	"end":	{
		"streams":	[{
				"sender":	{
					"socket":	5,
					"start":	0,
					"end":	10.002061,
					"seconds":	10.002061,
					"bytes":	35651584,
					"bits_per_second":	28515390.1780843,
					"retransmits":	0,
					"reorder":	0,
					"max_snd_cwnd":	1694096,
					"max_snd_wnd":	1935616,
					"max_rtt":	1339597,
					"min_rtt":	61948,
					"mean_rtt":	385425,
					"sender":	true
				},
				"receiver":	{
					"socket":	5,
					"start":	0,
					"end":	10.611792,
					"seconds":	10.002061,
					"bytes":	34603008,
					"bits_per_second":	26086457.782059807,
					"sender":	true
				}
			}],
		"sum_sent":	{
			"start":	0,
			"end":	10.002061,
			"seconds":	10.002061,
			"bytes":	35651584,
			"bits_per_second":	28515390.1780843,
			"retransmits":	0,
			"sender":	true
		},
		"sum_received":	{
			"start":	0,
			"end":	10.611792,
			"seconds":	10.611792,
			"bytes":	34603008,
			"bits_per_second":	26086457.782059807,
			"sender":	true
		},
		"cpu_utilization_percent":	{
			"host_total":	0.22528026855133365,
			"host_user":	0,
			"host_system":	0.22528026855133365,
			"remote_total":	13.447918917141809,
			"remote_user":	0.97135986623958526,
			"remote_system":	12.476540264327111
		},
		"sender_tcp_congestion":	"cubic",
		"receiver_tcp_congestion":	"cubic"
	}
}
{
	"start":	{
		"connected":	[{
				"socket":	5,
				"local_host":	"192.168.1.48",
				"local_port":	52580,
				"remote_host":	"192.168.1.58",
				"remote_port":	5201
			}],
		"version":	"iperf 3.20",
		"system_info":	"Linux kuroi-washi 6.19.11+kali-amd64 #1 SMP PREEMPT_DYNAMIC Kali 6.19.11-1kali1 (2026-04-09) x86_64",
		"timestamp":	{
			"time":	"Thu, 23 Apr 2026 18:56:14 GMT",
			"timesecs":	1776970574,
			"timemillisecs":	1776970574920
		},
		"connecting_to":	{
			"host":	"192.168.1.58",
			"port":	5201
		},
		"cookie":	"5aaqpoxnmfyolzrxo3fgbbre4gs6oz5umd6s",
		"tcp_mss":	916,
		"target_bitrate":	0,
		"fq_rate":	0,
		"sock_bufsize":	0,
		"sndbuf_actual":	16384,
		"rcvbuf_actual":	131072,
		"test_start":	{
			"protocol":	"TCP",
			"num_streams":	1,
			"blksize":	131072,
			"omit":	0,
			"duration":	10,
			"bytes":	0,
			"blocks":	0,
			"reverse":	0,
			"tos":	0,
			"target_bitrate":	0,
			"bidir":	0,
			"fqrate":	0,
			"interval":	1
		}
	},
	"intervals":	[{
			"streams":	[{
					"socket":	5,
					"start":	0,
					"end":	1.001135,
					"seconds":	1.001134991645813,
					"bytes":	4194304,
					"bits_per_second":	33516391.176017419,
					"retransmits":	0,
					"snd_cwnd":	226000,
					"snd_wnd":	951680,
					"rtt":	61628,
					"rttvar":	14016,
					"pmtu":	1500,
					"reorder":	0,
					"omitted":	false,
					"sender":	true
				}],
			"sum":	{
				"start":	0,
				"end":	1.001135,
				"seconds":	1.001134991645813,
				"bytes":	4194304,
				"bits_per_second":	33516391.176017419,
				"retransmits":	0,
				"omitted":	false,
				"sender":	true
			}
		}, {
			"streams":	[{
					"socket":	5,
					"start":	1.001135,
					"end":	2.001138,
					"seconds":	1.0000029802322388,
					"bytes":	3407872,
					"bits_per_second":	27262894.750242144,
					"retransmits":	0,
					"snd_cwnd":	385104,
					"snd_wnd":	980608,
					"rtt":	81756,
					"rttvar":	5498,
					"pmtu":	1500,
					"reorder":	0,
					"omitted":	false,
					"sender":	true
				}],
			"sum":	{
				"start":	1.001135,
				"end":	2.001138,
				"seconds":	1.0000029802322388,
				"bytes":	3407872,
				"bits_per_second":	27262894.750242144,
				"retransmits":	0,
				"omitted":	false,
				"sender":	true
			}
		}, {
			"streams":	[{
					"socket":	5,
					"start":	2.001138,
					"end":	3.0011,
					"seconds":	0.9999619722366333,
					"bytes":	4063232,
					"bits_per_second":	32507092.172008857,
					"retransmits":	0,
					"snd_cwnd":	538784,
					"snd_wnd":	1793280,
					"rtt":	149011,
					"rttvar":	15206,
					"pmtu":	1500,
					"reorder":	0,
					"omitted":	false,
					"sender":	true
				}],
			"sum":	{
				"start":	2.001138,
				"end":	3.0011,
				"seconds":	0.9999619722366333,
				"bytes":	4063232,
				"bits_per_second":	32507092.172008857,
				"retransmits":	0,
				"omitted":	false,
				"sender":	true
			}
		}, {
			"streams":	[{
					"socket":	5,
					"start":	3.0011,
					"end":	4.001138,
					"seconds":	1.0000380277633667,
					"bytes":	4980736,
					"bits_per_second":	39844372.807619378,
					"retransmits":	0,
					"snd_cwnd":	723200,
					"snd_wnd":	1800000,
					"rtt":	197586,
					"rttvar":	6199,
					"pmtu":	1500,
					"reorder":	0,
					"omitted":	false,
					"sender":	true
				}],
			"sum":	{
				"start":	3.0011,
				"end":	4.001138,
				"seconds":	1.0000380277633667,
				"bytes":	4980736,
				"bits_per_second":	39844372.807619378,
				"retransmits":	0,
				"omitted":	false,
				"sender":	true
			}
		}, {
			"streams":	[{
					"socket":	5,
					"start":	4.001138,
					"end":	5.00109,
					"seconds":	0.99995201826095581,
					"bytes":	2883584,
					"bits_per_second":	23069778.928112336,
					"retransmits":	0,
					"snd_cwnd":	880496,
					"snd_wnd":	1935616,
					"rtt":	239255,
					"rttvar":	4812,
					"pmtu":	1500,
					"reorder":	0,
					"omitted":	false,
					"sender":	true
				}],
			"sum":	{
				"start":	4.001138,
				"end":	5.00109,
				"seconds":	0.99995201826095581,
				"bytes":	2883584,
				"bits_per_second":	23069778.928112336,
				"retransmits":	0,
				"omitted":	false,
				"sender":	true
			}
		}, {
			"streams":	[{
					"socket":	5,
					"start":	5.00109,
					"end":	6.001161,
					"seconds":	1.0000710487365723,
					"bytes":	2883584,
					"bits_per_second":	23067033.1164406,
					"retransmits":	0,
					"snd_cwnd":	1044120,
					"snd_wnd":	1935616,
					"rtt":	277701,
					"rttvar":	6879,
					"pmtu":	1500,
					"reorder":	0,
					"omitted":	false,
					"sender":	true
				}],
			"sum":	{
				"start":	5.00109,
				"end":	6.001161,
				"seconds":	1.0000710487365723,
				"bytes":	2883584,
				"bits_per_second":	23067033.1164406,
				"retransmits":	0,
				"omitted":	false,
				"sender":	true
			}
		}, {
			"streams":	[{
					"socket":	5,
					"start":	6.001161,
					"end":	7.00114,
					"seconds":	0.999979019165039,
					"bytes":	4456448,
					"bits_per_second":	35652332.015694,
					"retransmits":	0,
					"snd_cwnd":	1241192,
					"snd_wnd":	1935616,
					"rtt":	170103,
					"rttvar":	13788,
					"pmtu":	1500,
					"reorder":	0,
					"omitted":	false,
					"sender":	true
				}],
			"sum":	{
				"start":	6.001161,
				"end":	7.00114,
				"seconds":	0.999979019165039,
				"bytes":	4456448,
				"bits_per_second":	35652332.015694,
				"retransmits":	0,
				"omitted":	false,
				"sender":	true
			}
		}, {
			"streams":	[{
					"socket":	5,
					"start":	7.00114,
					"end":	8.001141,
					"seconds":	1.0000009536743164,
					"bytes":	2097152,
					"bits_per_second":	16777200.000015259,
					"retransmits":	0,
					"snd_cwnd":	1372272,
					"snd_wnd":	1935616,
					"rtt":	390226,
					"rttvar":	22223,
					"pmtu":	1500,
					"reorder":	0,
					"omitted":	false,
					"sender":	true
				}],
			"sum":	{
				"start":	7.00114,
				"end":	8.001141,
				"seconds":	1.0000009536743164,
				"bytes":	2097152,
				"bits_per_second":	16777200.000015259,
				"retransmits":	0,
				"omitted":	false,
				"sender":	true
			}
		}, {
			"streams":	[{
					"socket":	5,
					"start":	8.001141,
					"end":	9.001139,
					"seconds":	0.99999797344207764,
					"bytes":	4587520,
					"bits_per_second":	36700234.375150725,
					"retransmits":	0,
					"snd_cwnd":	1547648,
					"snd_wnd":	1935616,
					"rtt":	444025,
					"rttvar":	8203,
					"pmtu":	1500,
					"reorder":	0,
					"omitted":	false,
					"sender":	true
				}],
			"sum":	{
				"start":	8.001141,
				"end":	9.001139,
				"seconds":	0.99999797344207764,
				"bytes":	4587520,
				"bits_per_second":	36700234.375150725,
				"retransmits":	0,
				"omitted":	false,
				"sender":	true
			}
		}, {
			"streams":	[{
					"socket":	5,
					"start":	9.001139,
					"end":	10.002077,
					"seconds":	1.0009380578994751,
					"bytes":	3014656,
					"bits_per_second":	24094645.827146791,
					"retransmits":	0,
					"snd_cwnd":	1699520,
					"snd_wnd":	1934912,
					"rtt":	461909,
					"rttvar":	16632,
					"pmtu":	1500,
					"reorder":	0,
					"omitted":	false,
					"sender":	true
				}],
			"sum":	{
				"start":	9.001139,
				"end":	10.002077,
				"seconds":	1.0009380578994751,
				"bytes":	3014656,
				"bits_per_second":	24094645.827146791,
				"retransmits":	0,
				"omitted":	false,
				"sender":	true
			}
		}],
	"end":	{
		"streams":	[{
				"sender":	{
					"socket":	5,
					"start":	0,
					"end":	10.002077,
					"seconds":	10.002077,
					"bytes":	36569088,
					"bits_per_second":	29249195.342127439,
					"retransmits":	0,
					"reorder":	0,
					"max_snd_cwnd":	1699520,
					"max_snd_wnd":	1935616,
					"max_rtt":	461909,
					"min_rtt":	61628,
					"mean_rtt":	247320,
					"sender":	true
				},
				"receiver":	{
					"socket":	5,
					"start":	0,
					"end":	10.586119,
					"seconds":	10.002077,
					"bytes":	34471936,
					"bits_per_second":	26050669.560771044,
					"sender":	true
				}
			}],
		"sum_sent":	{
			"start":	0,
			"end":	10.002077,
			"seconds":	10.002077,
			"bytes":	36569088,
			"bits_per_second":	29249195.342127439,
			"retransmits":	0,
			"sender":	true
		},
		"sum_received":	{
			"start":	0,
			"end":	10.586119,
			"seconds":	10.586119,
			"bytes":	34471936,
			"bits_per_second":	26050669.560771044,
			"sender":	true
		},
		"cpu_utilization_percent":	{
			"host_total":	0.24072204091748037,
			"host_user":	0,
			"host_system":	0.24072204091748037,
			"remote_total":	12.498126669523417,
			"remote_user":	0.63263029154670447,
			"remote_system":	11.865458723092761
		},
		"sender_tcp_congestion":	"cubic",
		"receiver_tcp_congestion":	"cubic"
	}
}
{
	"start":	{
		"connected":	[{
				"socket":	5,
				"local_host":	"192.168.1.48",
				"local_port":	45298,
				"remote_host":	"192.168.1.58",
				"remote_port":	5201
			}],
		"version":	"iperf 3.20",
		"system_info":	"Linux kuroi-washi 6.19.11+kali-amd64 #1 SMP PREEMPT_DYNAMIC Kali 6.19.11-1kali1 (2026-04-09) x86_64",
		"timestamp":	{
			"time":	"Thu, 23 Apr 2026 18:56:26 GMT",
			"timesecs":	1776970586,
			"timemillisecs":	1776970586139
		},
		"connecting_to":	{
			"host":	"192.168.1.58",
			"port":	5201
		},
		"cookie":	"fyprk5vacwdocy5eieucbuwtzzmhxljgl2ru",
		"tcp_mss":	916,
		"target_bitrate":	0,
		"fq_rate":	0,
		"sock_bufsize":	0,
		"sndbuf_actual":	16384,
		"rcvbuf_actual":	131072,
		"test_start":	{
			"protocol":	"TCP",
			"num_streams":	1,
			"blksize":	131072,
			"omit":	0,
			"duration":	10,
			"bytes":	0,
			"blocks":	0,
			"reverse":	0,
			"tos":	0,
			"target_bitrate":	0,
			"bidir":	0,
			"fqrate":	0,
			"interval":	1
		}
	},
	"intervals":	[{
			"streams":	[{
					"socket":	5,
					"start":	0,
					"end":	1.00113,
					"seconds":	1.0011299848556519,
					"bytes":	5242880,
					"bits_per_second":	41895698.495183483,
					"retransmits":	0,
					"snd_cwnd":	282048,
					"snd_wnd":	1563840,
					"rtt":	59470,
					"rttvar":	5415,
					"pmtu":	1500,
					"reorder":	0,
					"omitted":	false,
					"sender":	true
				}],
			"sum":	{
				"start":	0,
				"end":	1.00113,
				"seconds":	1.0011299848556519,
				"bytes":	5242880,
				"bits_per_second":	41895698.495183483,
				"retransmits":	0,
				"omitted":	false,
				"sender":	true
			}
		}, {
			"streams":	[{
					"socket":	5,
					"start":	1.00113,
					"end":	2.001129,
					"seconds":	0.99999898672103882,
					"bytes":	5111808,
					"bits_per_second":	40894505.437542,
					"retransmits":	0,
					"snd_cwnd":	489968,
					"snd_wnd":	1935616,
					"rtt":	107405,
					"rttvar":	8596,
					"pmtu":	1500,
					"reorder":	0,
					"omitted":	false,
					"sender":	true
				}],
			"sum":	{
				"start":	1.00113,
				"end":	2.001129,
				"seconds":	0.99999898672103882,
				"bytes":	5111808,
				"bits_per_second":	40894505.437542,
				"retransmits":	0,
				"omitted":	false,
				"sender":	true
			}
		}, {
			"streams":	[{
					"socket":	5,
					"start":	2.001129,
					"end":	3.001142,
					"seconds":	1.000012993812561,
					"bytes":	1048576,
					"bits_per_second":	8388499.0014163069,
					"retransmits":	1,
					"snd_cwnd":	529744,
					"snd_wnd":	1935616,
					"rtt":	857194,
					"rttvar":	16223,
					"pmtu":	1500,
					"reorder":	0,
					"omitted":	false,
					"sender":	true
				}],
			"sum":	{
				"start":	2.001129,
				"end":	3.001142,
				"seconds":	1.000012993812561,
				"bytes":	1048576,
				"bits_per_second":	8388499.0014163069,
				"retransmits":	1,
				"omitted":	false,
				"sender":	true
			}
		}, {
			"streams":	[{
					"socket":	5,
					"start":	3.001142,
					"end":	4.001143,
					"seconds":	1.0000009536743164,
					"bytes":	1441792,
					"bits_per_second":	11534325.00001049,
					"retransmits":	0,
					"snd_cwnd":	590312,
					"snd_wnd":	1935616,
					"rtt":	284028,
					"rttvar":	30486,
					"pmtu":	1500,
					"reorder":	0,
					"omitted":	false,
					"sender":	true
				}],
			"sum":	{
				"start":	3.001142,
				"end":	4.001143,
				"seconds":	1.0000009536743164,
				"bytes":	1441792,
				"bits_per_second":	11534325.00001049,
				"retransmits":	0,
				"omitted":	false,
				"sender":	true
			}
		}, {
			"streams":	[{
					"socket":	5,
					"start":	4.001143,
					"end":	5.00113,
					"seconds":	0.999987006187439,
					"bytes":	1048576,
					"bits_per_second":	8388717.0014163442,
					"retransmits":	0,
					"snd_cwnd":	643648,
					"snd_wnd":	1935616,
					"rtt":	175356,
					"rttvar":	17470,
					"pmtu":	1500,
					"reorder":	0,
					"omitted":	false,
					"sender":	true
				}],
			"sum":	{
				"start":	4.001143,
				"end":	5.00113,
				"seconds":	0.999987006187439,
				"bytes":	1048576,
				"bits_per_second":	8388717.0014163442,
				"retransmits":	0,
				"omitted":	false,
				"sender":	true
			}
		}, {
			"streams":	[{
					"socket":	5,
					"start":	5.00113,
					"end":	6.001095,
					"seconds":	0.999965012073517,
					"bytes":	4718592,
					"bits_per_second":	37750056.796211921,
					"retransmits":	0,
					"snd_cwnd":	822640,
					"snd_wnd":	1935616,
					"rtt":	88857,
					"rttvar":	49192,
					"pmtu":	1500,
					"reorder":	0,
					"omitted":	false,
					"sender":	true
				}],
			"sum":	{
				"start":	5.00113,
				"end":	6.001095,
				"seconds":	0.999965012073517,
				"bytes":	4718592,
				"bits_per_second":	37750056.796211921,
				"retransmits":	0,
				"omitted":	false,
				"sender":	true
			}
		}, {
			"streams":	[{
					"socket":	5,
					"start":	6.001095,
					"end":	7.001109,
					"seconds":	1.0000139474868774,
					"bytes":	4325376,
					"bits_per_second":	34602525.3817313,
					"retransmits":	0,
					"snd_cwnd":	1027848,
					"snd_wnd":	1935616,
					"rtt":	228573,
					"rttvar":	5885,
					"pmtu":	1500,
					"reorder":	0,
					"omitted":	false,
					"sender":	true
				}],
			"sum":	{
				"start":	6.001095,
				"end":	7.001109,
				"seconds":	1.0000139474868774,
				"bytes":	4325376,
				"bits_per_second":	34602525.3817313,
				"retransmits":	0,
				"omitted":	false,
				"sender":	true
			}
		}, {
			"streams":	[{
					"socket":	5,
					"start":	7.001109,
					"end":	8.001116,
					"seconds":	1.0000070333480835,
					"bytes":	4456448,
					"bits_per_second":	35651333.2517636,
					"retransmits":	0,
					"snd_cwnd":	1243904,
					"snd_wnd":	1935616,
					"rtt":	226062,
					"rttvar":	19589,
					"pmtu":	1500,
					"reorder":	0,
					"omitted":	false,
					"sender":	true
				}],
			"sum":	{
				"start":	7.001109,
				"end":	8.001116,
				"seconds":	1.0000070333480835,
				"bytes":	4456448,
				"bits_per_second":	35651333.2517636,
				"retransmits":	0,
				"omitted":	false,
				"sender":	true
			}
		}, {
			"streams":	[{
					"socket":	5,
					"start":	8.001116,
					"end":	9.001132,
					"seconds":	1.0000159740448,
					"bytes":	2883584,
					"bits_per_second":	23068303.505886342,
					"retransmits":	0,
					"snd_cwnd":	1381312,
					"snd_wnd":	1935616,
					"rtt":	331969,
					"rttvar":	14375,
					"pmtu":	1500,
					"reorder":	0,
					"omitted":	false,
					"sender":	true
				}],
			"sum":	{
				"start":	8.001116,
				"end":	9.001132,
				"seconds":	1.0000159740448,
				"bytes":	2883584,
				"bits_per_second":	23068303.505886342,
				"retransmits":	0,
				"omitted":	false,
				"sender":	true
			}
		}, {
			"streams":	[{
					"socket":	5,
					"start":	9.001132,
					"end":	10.00185,
					"seconds":	1.0007179975509644,
					"bytes":	4325376,
					"bits_per_second":	34578180.950760551,
					"retransmits":	0,
					"snd_cwnd":	1570248,
					"snd_wnd":	1934912,
					"rtt":	373477,
					"rttvar":	2801,
					"pmtu":	1500,
					"reorder":	0,
					"omitted":	false,
					"sender":	true
				}],
			"sum":	{
				"start":	9.001132,
				"end":	10.00185,
				"seconds":	1.0007179975509644,
				"bytes":	4325376,
				"bits_per_second":	34578180.950760551,
				"retransmits":	0,
				"omitted":	false,
				"sender":	true
			}
		}],
	"end":	{
		"streams":	[{
				"sender":	{
					"socket":	5,
					"start":	0,
					"end":	10.00185,
					"seconds":	10.00185,
					"bytes":	34603008,
					"bits_per_second":	27677286.102071118,
					"retransmits":	1,
					"reorder":	0,
					"max_snd_cwnd":	1570248,
					"max_snd_wnd":	1935616,
					"max_rtt":	857194,
					"min_rtt":	59470,
					"mean_rtt":	273239,
					"sender":	true
				},
				"receiver":	{
					"socket":	5,
					"start":	0,
					"end":	10.399266,
					"seconds":	10.00185,
					"bytes":	32243712,
					"bits_per_second":	24804606.017386224,
					"sender":	true
				}
			}],
		"sum_sent":	{
			"start":	0,
			"end":	10.00185,
			"seconds":	10.00185,
			"bytes":	34603008,
			"bits_per_second":	27677286.102071118,
			"retransmits":	1,
			"sender":	true
		},
		"sum_received":	{
			"start":	0,
			"end":	10.399266,
			"seconds":	10.399266,
			"bytes":	32243712,
			"bits_per_second":	24804606.017386224,
			"sender":	true
		},
		"cpu_utilization_percent":	{
			"host_total":	0.21730007170773147,
			"host_user":	0,
			"host_system":	0.21731001178694592,
			"remote_total":	12.301395543194175,
			"remote_user":	0.37345468102622881,
			"remote_system":	11.927931278051512
		},
		"sender_tcp_congestion":	"cubic",
		"receiver_tcp_congestion":	"cubic"
	}
}
