{
	"start":	{
		"connected":	[{
				"socket":	5,
				"local_host":	"192.168.1.48",
				"local_port":	49438,
				"remote_host":	"192.168.1.58",
				"remote_port":	5201
			}],
		"version":	"iperf 3.20",
		"system_info":	"Linux kuroi-washi 6.19.11+kali-amd64 #1 SMP PREEMPT_DYNAMIC Kali 6.19.11-1kali1 (2026-04-09) x86_64",
		"timestamp":	{
			"time":	"Thu, 23 Apr 2026 18:33:00 GMT",
			"timesecs":	1776969180,
			"timemillisecs":	1776969180019
		},
		"connecting_to":	{
			"host":	"192.168.1.58",
			"port":	5201
		},
		"cookie":	"kkf46ucmtqtmjht32jp5557iqwilhn77gj7b",
		"tcp_mss":	316,
		"target_bitrate":	0,
		"fq_rate":	0,
		"sock_bufsize":	0,
		"sndbuf_actual":	16384,
		"rcvbuf_actual":	131072,
		"test_start":	{
			"protocol":	"TCP",
			"num_streams":	1,
			"blksize":	131072,
			"omit":	0,
			"duration":	10,
			"bytes":	0,
			"blocks":	0,
			"reverse":	0,
			"tos":	0,
			"target_bitrate":	0,
			"bidir":	0,
			"fqrate":	0,
			"interval":	1
		}
	},
	"intervals":	[{
			"streams":	[{
					"socket":	5,
					"start":	0,
					"end":	1.00109,
					"seconds":	1.0010900497436523,
					"bytes":	1703936,
					"bits_per_second":	13616645.179412777,
					"retransmits":	0,
					"snd_cwnd":	79952,
					"snd_wnd":	495744,
					"rtt":	37744,
					"rttvar":	4281,
					"pmtu":	1500,
					"reorder":	0,
					"omitted":	false,
					"sender":	true
				}],
			"sum":	{
				"start":	0,
				"end":	1.00109,
				"seconds":	1.0010900497436523,
				"bytes":	1703936,
				"bits_per_second":	13616645.179412777,
				"retransmits":	0,
				"omitted":	false,
				"sender":	true
			}
		}, {
			"streams":	[{
					"socket":	5,
					"start":	1.00109,
					"end":	2.001113,
					"seconds":	1.0000230073928833,
					"bytes":	2228224,
					"bits_per_second":	17825381.884435691,
					"retransmits":	0,
					"snd_cwnd":	167808,
					"snd_wnd":	1590144,
					"rtt":	81236,
					"rttvar":	6316,
					"pmtu":	1500,
					"reorder":	0,
					"omitted":	false,
					"sender":	true
				}],
			"sum":	{
				"start":	1.00109,
				"end":	2.001113,
				"seconds":	1.0000230073928833,
				"bytes":	2228224,
				"bits_per_second":	17825381.884435691,
				"retransmits":	0,
				"omitted":	false,
				"sender":	true
			}
		}, {
			"streams":	[{
					"socket":	5,
					"start":	2.001113,
					"end":	3.001087,
					"seconds":	0.999974012374878,
					"bytes":	1966080,
					"bits_per_second":	15729048.760622717,
					"retransmits":	0,
					"snd_cwnd":	247760,
					"snd_wnd":	1830976,
					"rtt":	176629,
					"rttvar":	4242,
					"pmtu":	1500,
					"reorder":	0,
					"omitted":	false,
					"sender":	true
				}],
			"sum":	{
				"start":	2.001113,
				"end":	3.001087,
				"seconds":	0.999974012374878,
				"bytes":	1966080,
				"bits_per_second":	15729048.760622717,
				"retransmits":	0,
				"omitted":	false,
				"sender":	true
			}
		}, {
			"streams":	[{
					"socket":	5,
					"start":	3.001087,
					"end":	4.001091,
					"seconds":	1.0000040531158447,
					"bytes":	786432,
					"bits_per_second":	6291430.5001033545,
					"retransmits":	3,
					"snd_cwnd":	181488,
					"snd_wnd":	1865024,
					"rtt":	184834,
					"rttvar":	5100,
					"pmtu":	1500,
					"reorder":	0,
					"omitted":	false,
					"sender":	true
				}],
			"sum":	{
				"start":	3.001087,
				"end":	4.001091,
				"seconds":	1.0000040531158447,
				"bytes":	786432,
				"bits_per_second":	6291430.5001033545,
				"retransmits":	3,
				"omitted":	false,
				"sender":	true
			}
		}, {
			"streams":	[{
					"socket":	5,
					"start":	4.001091,
					"end":	5.001089,
					"seconds":	0.99999797344207764,
					"bytes":	1441792,
					"bits_per_second":	11534359.375047371,
					"retransmits":	0,
					"snd_cwnd":	205200,
					"snd_wnd":	1910016,
					"rtt":	133545,
					"rttvar":	4290,
					"pmtu":	1500,
					"reorder":	0,
					"omitted":	false,
					"sender":	true
				}],
			"sum":	{
				"start":	4.001091,
				"end":	5.001089,
				"seconds":	0.99999797344207764,
				"bytes":	1441792,
				"bits_per_second":	11534359.375047371,
				"retransmits":	0,
				"omitted":	false,
				"sender":	true
			}
		}, {
			"streams":	[{
					"socket":	5,
					"start":	5.001089,
					"end":	6.001085,
					"seconds":	0.9999960064888,
					"bytes":	786432,
					"bits_per_second":	6291481.125100337,
					"retransmits":	0,
					"snd_cwnd":	217968,
					"snd_wnd":	1932672,
					"rtt":	311951,
					"rttvar":	1764,
					"pmtu":	1500,
					"reorder":	0,
					"omitted":	false,
					"sender":	true
				}],
			"sum":	{
				"start":	5.001089,
				"end":	6.001085,
				"seconds":	0.9999960064888,
				"bytes":	786432,
				"bits_per_second":	6291481.125100337,
				"retransmits":	0,
				"omitted":	false,
				"sender":	true
			}
		}, {
			"streams":	[{
					"socket":	5,
					"start":	6.001085,
					"end":	7.001131,
					"seconds":	1.0000460147857666,
					"bytes":	1572864,
					"bits_per_second":	12582333.026641335,
					"retransmits":	0,
					"snd_cwnd":	234688,
					"snd_wnd":	1933888,
					"rtt":	202945,
					"rttvar":	18697,
					"pmtu":	1500,
					"reorder":	0,
					"omitted":	false,
					"sender":	true
				}],
			"sum":	{
				"start":	6.001085,
				"end":	7.001131,
				"seconds":	1.0000460147857666,
				"bytes":	1572864,
				"bits_per_second":	12582333.026641335,
				"retransmits":	0,
				"omitted":	false,
				"sender":	true
			}
		}, {
			"streams":	[{
					"socket":	5,
					"start":	7.001131,
					"end":	8.001129,
					"seconds":	0.99999797344207764,
					"bytes":	655360,
					"bits_per_second":	5242890.6250215322,
					"retransmits":	0,
					"snd_cwnd":	245328,
					"snd_wnd":	1934528,
					"rtt":	154382,
					"rttvar":	12703,
					"pmtu":	1500,
					"reorder":	0,
					"omitted":	false,
					"sender":	true
				}],
			"sum":	{
				"start":	7.001131,
				"end":	8.001129,
				"seconds":	0.99999797344207764,
				"bytes":	655360,
				"bits_per_second":	5242890.6250215322,
				"retransmits":	0,
				"omitted":	false,
				"sender":	true
			}
		}, {
			"streams":	[{
					"socket":	5,
					"start":	8.001129,
					"end":	9.001092,
					"seconds":	0.99996298551559448,
					"bytes":	1703936,
					"bits_per_second":	13631992.581176812,
					"retransmits":	0,
					"snd_cwnd":	250496,
					"snd_wnd":	1934528,
					"rtt":	133731,
					"rttvar":	4197,
					"pmtu":	1500,
					"reorder":	0,
					"omitted":	false,
					"sender":	true
				}],
			"sum":	{
				"start":	8.001129,
				"end":	9.001092,
				"seconds":	0.99996298551559448,
				"bytes":	1703936,
				"bits_per_second":	13631992.581176812,
				"retransmits":	0,
				"omitted":	false,
				"sender":	true
			}
		}, {
			"streams":	[{
					"socket":	5,
					"start":	9.001092,
					"end":	10.001778,
					"seconds":	1.0006860494613647,
					"bytes":	1703936,
					"bits_per_second":	13622142.536450235,
					"retransmits":	0,
					"snd_cwnd":	253536,
					"snd_wnd":	1934528,
					"rtt":	147021,
					"rttvar":	82837,
					"pmtu":	1500,
					"reorder":	0,
					"omitted":	false,
					"sender":	true
				}],
			"sum":	{
				"start":	9.001092,
				"end":	10.001778,
				"seconds":	1.0006860494613647,
				"bytes":	1703936,
				"bits_per_second":	13622142.536450235,
				"retransmits":	0,
				"omitted":	false,
				"sender":	true
			}
		}],
	"end":	{
		"streams":	[{
				"sender":	{
					"socket":	5,
					"start":	0,
					"end":	10.001778,
					"seconds":	10.001778,
					"bytes":	14548992,
					"bits_per_second":	11637124.519260475,
					"retransmits":	3,
					"reorder":	0,
					"max_snd_cwnd":	253536,
					"max_snd_wnd":	1934528,
					"max_rtt":	311951,
					"min_rtt":	37744,
					"mean_rtt":	156401,
					"sender":	true
				},
				"receiver":	{
					"socket":	5,
					"start":	0,
					"end":	10.084073,
					"seconds":	10.001778,
					"bytes":	13238272,
					"bits_per_second":	10502321.433016203,
					"sender":	true
				}
			}],
		"sum_sent":	{
			"start":	0,
			"end":	10.001778,
			"seconds":	10.001778,
			"bytes":	14548992,
			"bits_per_second":	11637124.519260475,
			"retransmits":	3,
			"sender":	true
		},
		"sum_received":	{
			"start":	0,
			"end":	10.084073,
			"seconds":	10.084073,
			"bytes":	13238272,
			"bits_per_second":	10502321.433016203,
			"sender":	true
		},
		"cpu_utilization_percent":	{
			"host_total":	0.11967994751237458,
			"host_user":	0.03614269043057642,
			"host_system":	0.083537257081798169,
			"remote_total":	0.48390591966739843,
			"remote_user":	0.030519208928166012,
			"remote_system":	0.45338616111096275
		},
		"sender_tcp_congestion":	"cubic",
		"receiver_tcp_congestion":	"cubic"
	}
}
{
	"start":	{
		"connected":	[{
				"socket":	5,
				"local_host":	"192.168.1.48",
				"local_port":	60588,
				"remote_host":	"192.168.1.58",
				"remote_port":	5201
			}],
		"version":	"iperf 3.20",
		"system_info":	"Linux kuroi-washi 6.19.11+kali-amd64 #1 SMP PREEMPT_DYNAMIC Kali 6.19.11-1kali1 (2026-04-09) x86_64",
		"timestamp":	{
			"time":	"Thu, 23 Apr 2026 18:33:10 GMT",
			"timesecs":	1776969190,
			"timemillisecs":	1776969190455
		},
		"connecting_to":	{
			"host":	"192.168.1.58",
			"port":	5201
		},
		"cookie":	"chs24aletgaxfec2fu35dxpx76zadv3w47hh",
		"tcp_mss":	316,
		"target_bitrate":	0,
		"fq_rate":	0,
		"sock_bufsize":	0,
		"sndbuf_actual":	16384,
		"rcvbuf_actual":	131072,
		"test_start":	{
			"protocol":	"TCP",
			"num_streams":	1,
			"blksize":	131072,
			"omit":	0,
			"duration":	10,
			"bytes":	0,
			"blocks":	0,
			"reverse":	0,
			"tos":	0,
			"target_bitrate":	0,
			"bidir":	0,
			"fqrate":	0,
			"interval":	1
		}
	},
	"intervals":	[{
			"streams":	[{
					"socket":	5,
					"start":	0,
					"end":	1.001114,
					"seconds":	1.0011140108108521,
					"bytes":	1441792,
					"bits_per_second":	11521500.923414076,
					"retransmits":	0,
					"snd_cwnd":	71136,
					"snd_wnd":	382144,
					"rtt":	42186,
					"rttvar":	6917,
					"pmtu":	1500,
					"reorder":	0,
					"omitted":	false,
					"sender":	true
				}],
			"sum":	{
				"start":	0,
				"end":	1.001114,
				"seconds":	1.0011140108108521,
				"bytes":	1441792,
				"bits_per_second":	11521500.923414076,
				"retransmits":	0,
				"omitted":	false,
				"sender":	true
			}
		}, {
			"streams":	[{
					"socket":	5,
					"start":	1.001114,
					"end":	2.000203,
					"seconds":	0.999089002609253,
					"bytes":	1572864,
					"bits_per_second":	12594385.452285094,
					"retransmits":	0,
					"snd_cwnd":	136496,
					"snd_wnd":	1083776,
					"rtt":	145162,
					"rttvar":	7510,
					"pmtu":	1500,
					"reorder":	0,
					"omitted":	false,
					"sender":	true
				}],
			"sum":	{
				"start":	1.001114,
				"end":	2.000203,
				"seconds":	0.999089002609253,
				"bytes":	1572864,
				"bits_per_second":	12594385.452285094,
				"retransmits":	0,
				"omitted":	false,
				"sender":	true
			}
		}, {
			"streams":	[{
					"socket":	5,
					"start":	2.000203,
					"end":	3.001145,
					"seconds":	1.00094199180603,
					"bytes":	2097152,
					"bits_per_second":	16761426.873228043,
					"retransmits":	0,
					"snd_cwnd":	208544,
					"snd_wnd":	1161088,
					"rtt":	105144,
					"rttvar":	2693,
					"pmtu":	1500,
					"reorder":	0,
					"omitted":	false,
					"sender":	true
				}],
			"sum":	{
				"start":	2.000203,
				"end":	3.001145,
				"seconds":	1.00094199180603,
				"bytes":	2097152,
				"bits_per_second":	16761426.873228043,
				"retransmits":	0,
				"omitted":	false,
				"sender":	true
			}
		}, {
			"streams":	[{
					"socket":	5,
					"start":	3.001145,
					"end":	4.001124,
					"seconds":	0.999979019165039,
					"bytes":	1703936,
					"bits_per_second":	13631774.006000645,
					"retransmits":	0,
					"snd_cwnd":	277248,
					"snd_wnd":	1479680,
					"rtt":	152989,
					"rttvar":	24056,
					"pmtu":	1500,
					"reorder":	0,
					"omitted":	false,
					"sender":	true
				}],
			"sum":	{
				"start":	3.001145,
				"end":	4.001124,
				"seconds":	0.999979019165039,
				"bytes":	1703936,
				"bits_per_second":	13631774.006000645,
				"retransmits":	0,
				"omitted":	false,
				"sender":	true
			}
		}, {
			"streams":	[{
					"socket":	5,
					"start":	4.001124,
					"end":	5.001135,
					"seconds":	1.0000109672546387,
					"bytes":	1703936,
					"bits_per_second":	13631338.501639586,
					"retransmits":	0,
					"snd_cwnd":	346864,
					"snd_wnd":	1694400,
					"rtt":	236588,
					"rttvar":	7727,
					"pmtu":	1500,
					"reorder":	0,
					"omitted":	false,
					"sender":	true
				}],
			"sum":	{
				"start":	4.001124,
				"end":	5.001135,
				"seconds":	1.0000109672546387,
				"bytes":	1703936,
				"bits_per_second":	13631338.501639586,
				"retransmits":	0,
				"omitted":	false,
				"sender":	true
			}
		}, {
			"streams":	[{
					"socket":	5,
					"start":	5.001135,
					"end":	6.001139,
					"seconds":	1.0000040531158447,
					"bytes":	2228224,
					"bits_per_second":	17825719.750292838,
					"retransmits":	0,
					"snd_cwnd":	434416,
					"snd_wnd":	1805056,
					"rtt":	144253,
					"rttvar":	6729,
					"pmtu":	1500,
					"reorder":	0,
					"omitted":	false,
					"sender":	true
				}],
			"sum":	{
				"start":	5.001135,
				"end":	6.001139,
				"seconds":	1.0000040531158447,
				"bytes":	2228224,
				"bits_per_second":	17825719.750292838,
				"retransmits":	0,
				"omitted":	false,
				"sender":	true
			}
		}, {
			"streams":	[{
					"socket":	5,
					"start":	6.001139,
					"end":	7.001137,
					"seconds":	0.99999797344207764,
					"bytes":	2752512,
					"bits_per_second":	22020140.625090435,
					"retransmits":	0,
					"snd_cwnd":	500384,
					"snd_wnd":	1859776,
					"rtt":	87973,
					"rttvar":	6321,
					"pmtu":	1500,
					"reorder":	0,
					"omitted":	false,
					"sender":	true
				}],
			"sum":	{
				"start":	6.001139,
				"end":	7.001137,
				"seconds":	0.99999797344207764,
				"bytes":	2752512,
				"bits_per_second":	22020140.625090435,
				"retransmits":	0,
				"omitted":	false,
				"sender":	true
			}
		}, {
			"streams":	[{
					"socket":	5,
					"start":	7.001137,
					"end":	8.001134,
					"seconds":	0.99999701976776123,
					"bytes":	1441792,
					"bits_per_second":	11534370.375102445,
					"retransmits":	0,
					"snd_cwnd":	568176,
					"snd_wnd":	1914560,
					"rtt":	97492,
					"rttvar":	48835,
					"pmtu":	1500,
					"reorder":	0,
					"omitted":	false,
					"sender":	true
				}],
			"sum":	{
				"start":	7.001137,
				"end":	8.001134,
				"seconds":	0.99999701976776123,
				"bytes":	1441792,
				"bits_per_second":	11534370.375102445,
				"retransmits":	0,
				"omitted":	false,
				"sender":	true
			}
		}, {
			"streams":	[{
					"socket":	5,
					"start":	8.001134,
					"end":	9.001159,
					"seconds":	1.0000250339508057,
					"bytes":	0,
					"bits_per_second":	0,
					"retransmits":	0,
					"snd_cwnd":	620768,
					"snd_wnd":	1927232,
					"rtt":	476253,
					"rttvar":	777,
					"pmtu":	1500,
					"reorder":	0,
					"omitted":	false,
					"sender":	true
				}],
			"sum":	{
				"start":	8.001134,
				"end":	9.001159,
				"seconds":	1.0000250339508057,
				"bytes":	0,
				"bits_per_second":	0,
				"retransmits":	0,
				"omitted":	false,
				"sender":	true
			}
		}, {
			"streams":	[{
					"socket":	5,
					"start":	9.001159,
					"end":	10.001997,
					"seconds":	1.000838041305542,
					"bytes":	1703936,
					"bits_per_second":	13620073.815558031,
					"retransmits":	0,
					"snd_cwnd":	703456,
					"snd_wnd":	1933888,
					"rtt":	393956,
					"rttvar":	23391,
					"pmtu":	1500,
					"reorder":	0,
					"omitted":	false,
					"sender":	true
				}],
			"sum":	{
				"start":	9.001159,
				"end":	10.001997,
				"seconds":	1.000838041305542,
				"bytes":	1703936,
				"bits_per_second":	13620073.815558031,
				"retransmits":	0,
				"omitted":	false,
				"sender":	true
			}
		}],
	"end":	{
		"streams":	[{
				"sender":	{
					"socket":	5,
					"start":	0,
					"end":	10.001997,
					"seconds":	10.001997,
					"bytes":	16646144,
					"bits_per_second":	13314256.3430083,
					"retransmits":	0,
					"reorder":	0,
					"max_snd_cwnd":	703456,
					"max_snd_wnd":	1933888,
					"max_rtt":	476253,
					"min_rtt":	42186,
					"mean_rtt":	188199,
					"sender":	true
				},
				"receiver":	{
					"socket":	5,
					"start":	0,
					"end":	10.041564,
					"seconds":	10.001997,
					"bytes":	14155776,
					"bits_per_second":	11277745.976622766,
					"sender":	true
				}
			}],
		"sum_sent":	{
			"start":	0,
			"end":	10.001997,
			"seconds":	10.001997,
			"bytes":	16646144,
			"bits_per_second":	13314256.3430083,
			"retransmits":	0,
			"sender":	true
		},
		"sum_received":	{
			"start":	0,
			"end":	10.041564,
			"seconds":	10.041564,
			"bytes":	14155776,
			"bits_per_second":	11277745.976622766,
			"sender":	true
		},
		"cpu_utilization_percent":	{
			"host_total":	0.15034255624480089,
			"host_user":	0,
			"host_system":	0.15035249362045328,
			"remote_total":	8.6830368331226637,
			"remote_user":	0.562022861459042,
			"remote_system":	8.12101397166362
		},
		"sender_tcp_congestion":	"cubic",
		"receiver_tcp_congestion":	"cubic"
	}
}
{
	"start":	{
		"connected":	[{
				"socket":	5,
				"local_host":	"192.168.1.48",
				"local_port":	54590,
				"remote_host":	"192.168.1.58",
				"remote_port":	5201
			}],
		"version":	"iperf 3.20",
		"system_info":	"Linux kuroi-washi 6.19.11+kali-amd64 #1 SMP PREEMPT_DYNAMIC Kali 6.19.11-1kali1 (2026-04-09) x86_64",
		"timestamp":	{
			"time":	"Thu, 23 Apr 2026 18:33:20 GMT",
			"timesecs":	1776969200,
			"timemillisecs":	1776969200840
		},
		"connecting_to":	{
			"host":	"192.168.1.58",
			"port":	5201
		},
		"cookie":	"7panldjenxnxbw36vlruudgi4y2dhww3fzb5",
		"tcp_mss":	316,
		"target_bitrate":	0,
		"fq_rate":	0,
		"sock_bufsize":	0,
		"sndbuf_actual":	16384,
		"rcvbuf_actual":	131072,
		"test_start":	{
			"protocol":	"TCP",
			"num_streams":	1,
			"blksize":	131072,
			"omit":	0,
			"duration":	10,
			"bytes":	0,
			"blocks":	0,
			"reverse":	0,
			"tos":	0,
			"target_bitrate":	0,
			"bidir":	0,
			"fqrate":	0,
			"interval":	1
		}
	},
	"intervals":	[{
			"streams":	[{
					"socket":	5,
					"start":	0,
					"end":	1.001128,
					"seconds":	1.0011279582977295,
					"bytes":	2228224,
					"bits_per_second":	17805707.904022709,
					"retransmits":	0,
					"snd_cwnd":	83904,
					"snd_wnd":	718208,
					"rtt":	59205,
					"rttvar":	5382,
					"pmtu":	1500,
					"reorder":	0,
					"omitted":	false,
					"sender":	true
				}],
			"sum":	{
				"start":	0,
				"end":	1.001128,
				"seconds":	1.0011279582977295,
				"bytes":	2228224,
				"bits_per_second":	17805707.904022709,
				"retransmits":	0,
				"omitted":	false,
				"sender":	true
			}
		}, {
			"streams":	[{
					"socket":	5,
					"start":	1.001128,
					"end":	2.001142,
					"seconds":	1.0000139474868774,
					"bytes":	1966080,
					"bits_per_second":	15728420.628059687,
					"retransmits":	0,
					"snd_cwnd":	163552,
					"snd_wnd":	1095168,
					"rtt":	118818,
					"rttvar":	4836,
					"pmtu":	1500,
					"reorder":	0,
					"omitted":	false,
					"sender":	true
				}],
			"sum":	{
				"start":	1.001128,
				"end":	2.001142,
				"seconds":	1.0000139474868774,
				"bytes":	1966080,
				"bits_per_second":	15728420.628059687,
				"retransmits":	0,
				"omitted":	false,
				"sender":	true
			}
		}, {
			"streams":	[{
					"socket":	5,
					"start":	2.001142,
					"end":	3.001136,
					"seconds":	0.99999397993087769,
					"bytes":	2490368,
					"bits_per_second":	19923063.938222036,
					"retransmits":	0,
					"snd_cwnd":	244720,
					"snd_wnd":	1302400,
					"rtt":	161959,
					"rttvar":	7660,
					"pmtu":	1500,
					"reorder":	0,
					"omitted":	false,
					"sender":	true
				}],
			"sum":	{
				"start":	2.001142,
				"end":	3.001136,
				"seconds":	0.99999397993087769,
				"bytes":	2490368,
				"bits_per_second":	19923063.938222036,
				"retransmits":	0,
				"omitted":	false,
				"sender":	true
			}
		}, {
			"streams":	[{
					"socket":	5,
					"start":	3.001136,
					"end":	4.001139,
					"seconds":	1.0000029802322388,
					"bytes":	1572864,
					"bits_per_second":	12582874.500111759,
					"retransmits":	0,
					"snd_cwnd":	322848,
					"snd_wnd":	1308480,
					"rtt":	205324,
					"rttvar":	3469,
					"pmtu":	1500,
					"reorder":	0,
					"omitted":	false,
					"sender":	true
				}],
			"sum":	{
				"start":	3.001136,
				"end":	4.001139,
				"seconds":	1.0000029802322388,
				"bytes":	1572864,
				"bits_per_second":	12582874.500111759,
				"retransmits":	0,
				"omitted":	false,
				"sender":	true
			}
		}, {
			"streams":	[{
					"socket":	5,
					"start":	4.001139,
					"end":	5.001126,
					"seconds":	0.999987006187439,
					"bytes":	2097152,
					"bits_per_second":	16777434.002832688,
					"retransmits":	0,
					"snd_cwnd":	395200,
					"snd_wnd":	1414272,
					"rtt":	231838,
					"rttvar":	2753,
					"pmtu":	1500,
					"reorder":	0,
					"omitted":	false,
					"sender":	true
				}],
			"sum":	{
				"start":	4.001139,
				"end":	5.001126,
				"seconds":	0.999987006187439,
				"bytes":	2097152,
				"bits_per_second":	16777434.002832688,
				"retransmits":	0,
				"omitted":	false,
				"sender":	true
			}
		}, {
			"streams":	[{
					"socket":	5,
					"start":	5.001126,
					"end":	6.001103,
					"seconds":	0.9999769926071167,
					"bytes":	2490368,
					"bits_per_second":	19923402.385546256,
					"retransmits":	0,
					"snd_cwnd":	476368,
					"snd_wnd":	1898624,
					"rtt":	298192,
					"rttvar":	2829,
					"pmtu":	1500,
					"reorder":	0,
					"omitted":	false,
					"sender":	true
				}],
			"sum":	{
				"start":	5.001126,
				"end":	6.001103,
				"seconds":	0.9999769926071167,
				"bytes":	2490368,
				"bits_per_second":	19923402.385546256,
				"retransmits":	0,
				"omitted":	false,
				"sender":	true
			}
		}, {
			"streams":	[{
					"socket":	5,
					"start":	6.001103,
					"end":	7.001139,
					"seconds":	1.0000360012054443,
					"bytes":	1441792,
					"bits_per_second":	11533920.764948962,
					"retransmits":	0,
					"snd_cwnd":	558448,
					"snd_wnd":	1910784,
					"rtt":	302317,
					"rttvar":	3765,
					"pmtu":	1500,
					"reorder":	0,
					"omitted":	false,
					"sender":	true
				}],
			"sum":	{
				"start":	6.001103,
				"end":	7.001139,
				"seconds":	1.0000360012054443,
				"bytes":	1441792,
				"bits_per_second":	11533920.764948962,
				"retransmits":	0,
				"omitted":	false,
				"sender":	true
			}
		}, {
			"streams":	[{
					"socket":	5,
					"start":	7.001139,
					"end":	8.001133,
					"seconds":	0.99999397993087769,
					"bytes":	2752512,
					"bits_per_second":	22020228.563298039,
					"retransmits":	0,
					"snd_cwnd":	661200,
					"snd_wnd":	1933312,
					"rtt":	361945,
					"rttvar":	6322,
					"pmtu":	1500,
					"reorder":	0,
					"omitted":	false,
					"sender":	true
				}],
			"sum":	{
				"start":	7.001139,
				"end":	8.001133,
				"seconds":	0.99999397993087769,
				"bytes":	2752512,
				"bits_per_second":	22020228.563298039,
				"retransmits":	0,
				"omitted":	false,
				"sender":	true
			}
		}, {
			"streams":	[{
					"socket":	5,
					"start":	8.001133,
					"end":	9.001094,
					"seconds":	0.999961018562317,
					"bytes":	1441792,
					"bits_per_second":	11534785.642527713,
					"retransmits":	0,
					"snd_cwnd":	753008,
					"snd_wnd":	1933888,
					"rtt":	377428,
					"rttvar":	6318,
					"pmtu":	1500,
					"reorder":	0,
					"omitted":	false,
					"sender":	true
				}],
			"sum":	{
				"start":	8.001133,
				"end":	9.001094,
				"seconds":	0.999961018562317,
				"bytes":	1441792,
				"bits_per_second":	11534785.642527713,
				"retransmits":	0,
				"omitted":	false,
				"sender":	true
			}
		}, {
			"streams":	[{
					"socket":	5,
					"start":	9.001094,
					"end":	10.001772,
					"seconds":	1.0006779432296753,
					"bytes":	1966080,
					"bits_per_second":	15717984.099095874,
					"retransmits":	0,
					"snd_cwnd":	822928,
					"snd_wnd":	1600128,
					"rtt":	856509,
					"rttvar":	54823,
					"pmtu":	1500,
					"reorder":	0,
					"omitted":	false,
					"sender":	true
				}],
			"sum":	{
				"start":	9.001094,
				"end":	10.001772,
				"seconds":	1.0006779432296753,
				"bytes":	1966080,
				"bits_per_second":	15717984.099095874,
				"retransmits":	0,
				"omitted":	false,
				"sender":	true
			}
		}],
	"end":	{
		"streams":	[{
				"sender":	{
					"socket":	5,
					"start":	0,
					"end":	10.001772,
					"seconds":	10.001772,
					"bytes":	20447232,
					"bits_per_second":	16354887.51393253,
					"retransmits":	0,
					"reorder":	0,
					"max_snd_cwnd":	822928,
					"max_snd_wnd":	1933888,
					"max_rtt":	856509,
					"min_rtt":	59205,
					"mean_rtt":	297353,
					"sender":	true
				},
				"receiver":	{
					"socket":	5,
					"start":	0,
					"end":	10.130767,
					"seconds":	10.001772,
					"bytes":	16515072,
					"bits_per_second":	13041517.586970463,
					"sender":	true
				}
			}],
		"sum_sent":	{
			"start":	0,
			"end":	10.001772,
			"seconds":	10.001772,
			"bytes":	20447232,
			"bits_per_second":	16354887.51393253,
			"retransmits":	0,
			"sender":	true
		},
		"sum_received":	{
			"start":	0,
			"end":	10.130767,
			"seconds":	10.130767,
			"bytes":	16515072,
			"bits_per_second":	13041517.586970463,
			"sender":	true
		},
		"cpu_utilization_percent":	{
			"host_total":	0.15650151807962553,
			"host_user":	0,
			"host_system":	0.15650151807962553,
			"remote_total":	9.53620224745176,
			"remote_user":	0.929735223601567,
			"remote_system":	8.6064473573198139
		},
		"sender_tcp_congestion":	"cubic",
		"receiver_tcp_congestion":	"cubic"
	}
}
{
	"start":	{
		"connected":	[{
				"socket":	5,
				"local_host":	"192.168.1.48",
				"local_port":	41104,
				"remote_host":	"192.168.1.58",
				"remote_port":	5201
			}],
		"version":	"iperf 3.20",
		"system_info":	"Linux kuroi-washi 6.19.11+kali-amd64 #1 SMP PREEMPT_DYNAMIC Kali 6.19.11-1kali1 (2026-04-09) x86_64",
		"timestamp":	{
			"time":	"Thu, 23 Apr 2026 18:33:31 GMT",
			"timesecs":	1776969211,
			"timemillisecs":	1776969211595
		},
		"connecting_to":	{
			"host":	"192.168.1.58",
			"port":	5201
		},
		"cookie":	"khpa3zg4q5kosz3iu3hjwwlxwomtjzssmbv3",
		"tcp_mss":	316,
		"target_bitrate":	0,
		"fq_rate":	0,
		"sock_bufsize":	0,
		"sndbuf_actual":	16384,
		"rcvbuf_actual":	131072,
		"test_start":	{
			"protocol":	"TCP",
			"num_streams":	1,
			"blksize":	131072,
			"omit":	0,
			"duration":	10,
			"bytes":	0,
			"blocks":	0,
			"reverse":	0,
			"tos":	0,
			"target_bitrate":	0,
			"bidir":	0,
			"fqrate":	0,
			"interval":	1
		}
	},
	"intervals":	[{
			"streams":	[{
					"socket":	5,
					"start":	0,
					"end":	1.001139,
					"seconds":	1.0011390447616577,
					"bytes":	1572864,
					"bits_per_second":	12568595.806784889,
					"retransmits":	0,
					"snd_cwnd":	79648,
					"snd_wnd":	600832,
					"rtt":	51090,
					"rttvar":	4811,
					"pmtu":	1500,
					"reorder":	0,
					"omitted":	false,
					"sender":	true
				}],
			"sum":	{
				"start":	0,
				"end":	1.001139,
				"seconds":	1.0011390447616577,
				"bytes":	1572864,
				"bits_per_second":	12568595.806784889,
				"retransmits":	0,
				"omitted":	false,
				"sender":	true
			}
		}, {
			"streams":	[{
					"socket":	5,
					"start":	1.001139,
					"end":	2.001121,
					"seconds":	0.99998199939727783,
					"bytes":	2097152,
					"bits_per_second":	16777518.005436279,
					"retransmits":	0,
					"snd_cwnd":	153824,
					"snd_wnd":	607808,
					"rtt":	81282,
					"rttvar":	20505,
					"pmtu":	1500,
					"reorder":	0,
					"omitted":	false,
					"sender":	true
				}],
			"sum":	{
				"start":	1.001139,
				"end":	2.001121,
				"seconds":	0.99998199939727783,
				"bytes":	2097152,
				"bits_per_second":	16777518.005436279,
				"retransmits":	0,
				"omitted":	false,
				"sender":	true
			}
		}, {
			"streams":	[{
					"socket":	5,
					"start":	2.001121,
					"end":	3.001139,
					"seconds":	1.0000180006027222,
					"bytes":	1835008,
					"bits_per_second":	14679799.754756574,
					"retransmits":	0,
					"snd_cwnd":	216752,
					"snd_wnd":	1056128,
					"rtt":	109296,
					"rttvar":	6229,
					"pmtu":	1500,
					"reorder":	0,
					"omitted":	false,
					"sender":	true
				}],
			"sum":	{
				"start":	2.001121,
				"end":	3.001139,
				"seconds":	1.0000180006027222,
				"bytes":	1835008,
				"bits_per_second":	14679799.754756574,
				"retransmits":	0,
				"omitted":	false,
				"sender":	true
			}
		}, {
			"streams":	[{
					"socket":	5,
					"start":	3.001139,
					"end":	4.001135,
					"seconds":	0.9999960064888,
					"bytes":	2359296,
					"bits_per_second":	18874443.375301011,
					"retransmits":	0,
					"snd_cwnd":	301872,
					"snd_wnd":	1467648,
					"rtt":	169885,
					"rttvar":	6448,
					"pmtu":	1500,
					"reorder":	0,
					"omitted":	false,
					"sender":	true
				}],
			"sum":	{
				"start":	3.001139,
				"end":	4.001135,
				"seconds":	0.9999960064888,
				"bytes":	2359296,
				"bits_per_second":	18874443.375301011,
				"retransmits":	0,
				"omitted":	false,
				"sender":	true
			}
		}, {
			"streams":	[{
					"socket":	5,
					"start":	4.001135,
					"end":	5.001086,
					"seconds":	0.99995100498199463,
					"bytes":	1966080,
					"bits_per_second":	15729410.662758635,
					"retransmits":	0,
					"snd_cwnd":	383648,
					"snd_wnd":	1517504,
					"rtt":	173954,
					"rttvar":	3846,
					"pmtu":	1500,
					"reorder":	0,
					"omitted":	false,
					"sender":	true
				}],
			"sum":	{
				"start":	4.001135,
				"end":	5.001086,
				"seconds":	0.99995100498199463,
				"bytes":	1966080,
				"bits_per_second":	15729410.662758635,
				"retransmits":	0,
				"omitted":	false,
				"sender":	true
			}
		}, {
			"streams":	[{
					"socket":	5,
					"start":	5.001086,
					"end":	6.001095,
					"seconds":	1.0000089406967163,
					"bytes":	1703936,
					"bits_per_second":	13631366.126089638,
					"retransmits":	0,
					"snd_cwnd":	445664,
					"snd_wnd":	1517504,
					"rtt":	404522,
					"rttvar":	5838,
					"pmtu":	1500,
					"reorder":	0,
					"omitted":	false,
					"sender":	true
				}],
			"sum":	{
				"start":	5.001086,
				"end":	6.001095,
				"seconds":	1.0000089406967163,
				"bytes":	1703936,
				"bits_per_second":	13631366.126089638,
				"retransmits":	0,
				"omitted":	false,
				"sender":	true
			}
		}, {
			"streams":	[{
					"socket":	5,
					"start":	6.001095,
					"end":	7.001103,
					"seconds":	1.0000079870224,
					"bytes":	1310720,
					"bits_per_second":	10485676.250668908,
					"retransmits":	0,
					"snd_cwnd":	524096,
					"snd_wnd":	1753408,
					"rtt":	329076,
					"rttvar":	11392,
					"pmtu":	1500,
					"reorder":	0,
					"omitted":	false,
					"sender":	true
				}],
			"sum":	{
				"start":	6.001095,
				"end":	7.001103,
				"seconds":	1.0000079870224,
				"bytes":	1310720,
				"bits_per_second":	10485676.250668908,
				"retransmits":	0,
				"omitted":	false,
				"sender":	true
			}
		}, {
			"streams":	[{
					"socket":	5,
					"start":	7.001103,
					"end":	8.001051,
					"seconds":	0.999948024749756,
					"bytes":	1441792,
					"bits_per_second":	11534935.531160783,
					"retransmits":	0,
					"snd_cwnd":	598272,
					"snd_wnd":	1878656,
					"rtt":	272180,
					"rttvar":	4088,
					"pmtu":	1500,
					"reorder":	0,
					"omitted":	false,
					"sender":	true
				}],
			"sum":	{
				"start":	7.001103,
				"end":	8.001051,
				"seconds":	0.999948024749756,
				"bytes":	1441792,
				"bits_per_second":	11534935.531160783,
				"retransmits":	0,
				"omitted":	false,
				"sender":	true
			}
		}, {
			"streams":	[{
					"socket":	5,
					"start":	8.001051,
					"end":	9.001122,
					"seconds":	1.0000710487365723,
					"bytes":	2883584,
					"bits_per_second":	23067033.1164406,
					"retransmits":	0,
					"snd_cwnd":	684912,
					"snd_wnd":	1905408,
					"rtt":	415353,
					"rttvar":	1516,
					"pmtu":	1500,
					"reorder":	0,
					"omitted":	false,
					"sender":	true
				}],
			"sum":	{
				"start":	8.001051,
				"end":	9.001122,
				"seconds":	1.0000710487365723,
				"bytes":	2883584,
				"bits_per_second":	23067033.1164406,
				"retransmits":	0,
				"omitted":	false,
				"sender":	true
			}
		}, {
			"streams":	[{
					"socket":	5,
					"start":	9.001122,
					"end":	10.0018,
					"seconds":	1.0006779432296753,
					"bytes":	1441792,
					"bits_per_second":	11526521.672670309,
					"retransmits":	0,
					"snd_cwnd":	768512,
					"snd_wnd":	1927232,
					"rtt":	452317,
					"rttvar":	10728,
					"pmtu":	1500,
					"reorder":	0,
					"omitted":	false,
					"sender":	true
				}],
			"sum":	{
				"start":	9.001122,
				"end":	10.0018,
				"seconds":	1.0006779432296753,
				"bytes":	1441792,
				"bits_per_second":	11526521.672670309,
				"retransmits":	0,
				"omitted":	false,
				"sender":	true
			}
		}],
	"end":	{
		"streams":	[{
				"sender":	{
					"socket":	5,
					"start":	0,
					"end":	10.0018,
					"seconds":	10.0018,
					"bytes":	18612224,
					"bits_per_second":	14887099.522086026,
					"retransmits":	0,
					"reorder":	0,
					"max_snd_cwnd":	768512,
					"max_snd_wnd":	1927232,
					"max_rtt":	452317,
					"min_rtt":	51090,
					"mean_rtt":	245895,
					"sender":	true
				},
				"receiver":	{
					"socket":	5,
					"start":	0,
					"end":	10.134135,
					"seconds":	10.0018,
					"bytes":	15728640,
					"bits_per_second":	12416365.086906776,
					"sender":	true
				}
			}],
		"sum_sent":	{
			"start":	0,
			"end":	10.0018,
			"seconds":	10.0018,
			"bytes":	18612224,
			"bits_per_second":	14887099.522086026,
			"retransmits":	0,
			"sender":	true
		},
		"sum_received":	{
			"start":	0,
			"end":	10.134135,
			"seconds":	10.134135,
			"bytes":	15728640,
			"bits_per_second":	12416365.086906776,
			"sender":	true
		},
		"cpu_utilization_percent":	{
			"host_total":	0.16812959746440781,
			"host_user":	0,
			"host_system":	0.16811966424938568,
			"remote_total":	9.55557628467605,
			"remote_user":	0.36695130326590786,
			"remote_system":	9.18860532260251
		},
		"sender_tcp_congestion":	"cubic",
		"receiver_tcp_congestion":	"cubic"
	}
}
{
	"start":	{
		"connected":	[{
				"socket":	5,
				"local_host":	"192.168.1.48",
				"local_port":	36432,
				"remote_host":	"192.168.1.58",
				"remote_port":	5201
			}],
		"version":	"iperf 3.20",
		"system_info":	"Linux kuroi-washi 6.19.11+kali-amd64 #1 SMP PREEMPT_DYNAMIC Kali 6.19.11-1kali1 (2026-04-09) x86_64",
		"timestamp":	{
			"time":	"Thu, 23 Apr 2026 18:33:42 GMT",
			"timesecs":	1776969222,
			"timemillisecs":	1776969222271
		},
		"connecting_to":	{
			"host":	"192.168.1.58",
			"port":	5201
		},
		"cookie":	"3crn3bmxmohlez2viqmwf35ouam7nce5rkob",
		"tcp_mss":	316,
		"target_bitrate":	0,
		"fq_rate":	0,
		"sock_bufsize":	0,
		"sndbuf_actual":	16384,
		"rcvbuf_actual":	131072,
		"test_start":	{
			"protocol":	"TCP",
			"num_streams":	1,
			"blksize":	131072,
			"omit":	0,
			"duration":	10,
			"bytes":	0,
			"blocks":	0,
			"reverse":	0,
			"tos":	0,
			"target_bitrate":	0,
			"bidir":	0,
			"fqrate":	0,
			"interval":	1
		}
	},
	"intervals":	[{
			"streams":	[{
					"socket":	5,
					"start":	0,
					"end":	1.001149,
					"seconds":	1.00114905834198,
					"bytes":	2228224,
					"bits_per_second":	17805332.634005167,
					"retransmits":	0,
					"snd_cwnd":	101840,
					"snd_wnd":	646400,
					"rtt":	46526,
					"rttvar":	3827,
					"pmtu":	1500,
					"reorder":	0,
					"omitted":	false,
					"sender":	true
				}],
			"sum":	{
				"start":	0,
				"end":	1.001149,
				"seconds":	1.00114905834198,
				"bytes":	2228224,
				"bits_per_second":	17805332.634005167,
				"retransmits":	0,
				"omitted":	false,
				"sender":	true
			}
		}, {
			"streams":	[{
					"socket":	5,
					"start":	1.001149,
					"end":	2.001082,
					"seconds":	0.99993300437927246,
					"bytes":	1703936,
					"bits_per_second":	13632401.31118785,
					"retransmits":	0,
					"snd_cwnd":	178448,
					"snd_wnd":	1003904,
					"rtt":	94043,
					"rttvar":	13108,
					"pmtu":	1500,
					"reorder":	0,
					"omitted":	false,
					"sender":	true
				}],
			"sum":	{
				"start":	1.001149,
				"end":	2.001082,
				"seconds":	0.99993300437927246,
				"bytes":	1703936,
				"bits_per_second":	13632401.31118785,
				"retransmits":	0,
				"omitted":	false,
				"sender":	true
			}
		}, {
			"streams":	[{
					"socket":	5,
					"start":	2.001082,
					"end":	3.001156,
					"seconds":	1.000074028968811,
					"bytes":	1835008,
					"bits_per_second":	14678977.330445027,
					"retransmits":	0,
					"snd_cwnd":	250800,
					"snd_wnd":	1524096,
					"rtt":	64029,
					"rttvar":	2596,
					"pmtu":	1500,
					"reorder":	0,
					"omitted":	false,
					"sender":	true
				}],
			"sum":	{
				"start":	2.001082,
				"end":	3.001156,
				"seconds":	1.000074028968811,
				"bytes":	1835008,
				"bits_per_second":	14678977.330445027,
				"retransmits":	0,
				"omitted":	false,
				"sender":	true
			}
		}, {
			"streams":	[{
					"socket":	5,
					"start":	3.001156,
					"end":	4.001127,
					"seconds":	0.99997097253799438,
					"bytes":	2490368,
					"bits_per_second":	19923522.329287432,
					"retransmits":	0,
					"snd_cwnd":	332272,
					"snd_wnd":	1916864,
					"rtt":	175349,
					"rttvar":	4341,
					"pmtu":	1500,
					"reorder":	0,
					"omitted":	false,
					"sender":	true
				}],
			"sum":	{
				"start":	3.001156,
				"end":	4.001127,
				"seconds":	0.99997097253799438,
				"bytes":	2490368,
				"bits_per_second":	19923522.329287432,
				"retransmits":	0,
				"omitted":	false,
				"sender":	true
			}
		}, {
			"streams":	[{
					"socket":	5,
					"start":	4.001127,
					"end":	5.001138,
					"seconds":	1.0000109672546387,
					"bytes":	2228224,
					"bits_per_second":	17825596.502144076,
					"retransmits":	0,
					"snd_cwnd":	423776,
					"snd_wnd":	1933888,
					"rtt":	157360,
					"rttvar":	1382,
					"pmtu":	1500,
					"reorder":	0,
					"omitted":	false,
					"sender":	true
				}],
			"sum":	{
				"start":	4.001127,
				"end":	5.001138,
				"seconds":	1.0000109672546387,
				"bytes":	2228224,
				"bits_per_second":	17825596.502144076,
				"retransmits":	0,
				"omitted":	false,
				"sender":	true
			}
		}, {
			"streams":	[{
					"socket":	5,
					"start":	5.001138,
					"end":	6.00107,
					"seconds":	0.99993199110031128,
					"bytes":	2883584,
					"bits_per_second":	23070240.981704719,
					"retransmits":	0,
					"snd_cwnd":	508896,
					"snd_wnd":	1933888,
					"rtt":	310527,
					"rttvar":	6470,
					"pmtu":	1500,
					"reorder":	0,
					"omitted":	false,
					"sender":	true
				}],
			"sum":	{
				"start":	5.001138,
				"end":	6.00107,
				"seconds":	0.99993199110031128,
				"bytes":	2883584,
				"bits_per_second":	23070240.981704719,
				"retransmits":	0,
				"omitted":	false,
				"sender":	true
			}
		}, {
			"streams":	[{
					"socket":	5,
					"start":	6.00107,
					"end":	7.001087,
					"seconds":	1.0000170469284058,
					"bytes":	1441792,
					"bits_per_second":	11534139.378351795,
					"retransmits":	0,
					"snd_cwnd":	596752,
					"snd_wnd":	1934528,
					"rtt":	379880,
					"rttvar":	1717,
					"pmtu":	1500,
					"reorder":	0,
					"omitted":	false,
					"sender":	true
				}],
			"sum":	{
				"start":	6.00107,
				"end":	7.001087,
				"seconds":	1.0000170469284058,
				"bytes":	1441792,
				"bits_per_second":	11534139.378351795,
				"retransmits":	0,
				"omitted":	false,
				"sender":	true
			}
		}, {
			"streams":	[{
					"socket":	5,
					"start":	7.001087,
					"end":	8.001159,
					"seconds":	1.0000720024108887,
					"bytes":	1835008,
					"bits_per_second":	14679007.076101068,
					"retransmits":	0,
					"snd_cwnd":	661808,
					"snd_wnd":	1934528,
					"rtt":	117987,
					"rttvar":	11345,
					"pmtu":	1500,
					"reorder":	0,
					"omitted":	false,
					"sender":	true
				}],
			"sum":	{
				"start":	7.001087,
				"end":	8.001159,
				"seconds":	1.0000720024108887,
				"bytes":	1835008,
				"bits_per_second":	14679007.076101068,
				"retransmits":	0,
				"omitted":	false,
				"sender":	true
			}
		}, {
			"streams":	[{
					"socket":	5,
					"start":	8.001159,
					"end":	9.00115,
					"seconds":	0.999990999698639,
					"bytes":	1441792,
					"bits_per_second":	11534439.813434353,
					"retransmits":	0,
					"snd_cwnd":	735072,
					"snd_wnd":	1934528,
					"rtt":	178266,
					"rttvar":	8572,
					"pmtu":	1500,
					"reorder":	0,
					"omitted":	false,
					"sender":	true
				}],
			"sum":	{
				"start":	8.001159,
				"end":	9.00115,
				"seconds":	0.999990999698639,
				"bytes":	1441792,
				"bits_per_second":	11534439.813434353,
				"retransmits":	0,
				"omitted":	false,
				"sender":	true
			}
		}, {
			"streams":	[{
					"socket":	5,
					"start":	9.00115,
					"end":	10.001851,
					"seconds":	1.0007009506225586,
					"bytes":	0,
					"bits_per_second":	0,
					"retransmits":	0,
					"snd_cwnd":	799824,
					"snd_wnd":	1934528,
					"rtt":	556856,
					"rttvar":	3220,
					"pmtu":	1500,
					"reorder":	0,
					"omitted":	false,
					"sender":	true
				}],
			"sum":	{
				"start":	9.00115,
				"end":	10.001851,
				"seconds":	1.0007009506225586,
				"bytes":	0,
				"bits_per_second":	0,
				"retransmits":	0,
				"omitted":	false,
				"sender":	true
			}
		}],
	"end":	{
		"streams":	[{
				"sender":	{
					"socket":	5,
					"start":	0,
					"end":	10.001851,
					"seconds":	10.001851,
					"bytes":	18087936,
					"bits_per_second":	14467670.8341286,
					"retransmits":	0,
					"reorder":	0,
					"max_snd_cwnd":	799824,
					"max_snd_wnd":	1934528,
					"max_rtt":	556856,
					"min_rtt":	46526,
					"mean_rtt":	208082,
					"sender":	true
				},
				"receiver":	{
					"socket":	5,
					"start":	0,
					"end":	10.248504,
					"seconds":	10.001851,
					"bytes":	16252928,
					"bits_per_second":	12687063.789993154,
					"sender":	true
				}
			}],
		"sum_sent":	{
			"start":	0,
			"end":	10.001851,
			"seconds":	10.001851,
			"bytes":	18087936,
			"bits_per_second":	14467670.8341286,
			"retransmits":	0,
			"sender":	true
		},
		"sum_received":	{
			"start":	0,
			"end":	10.248504,
			"seconds":	10.248504,
			"bytes":	16252928,
			"bits_per_second":	12687063.789993154,
			"sender":	true
		},
		"cpu_utilization_percent":	{
			"host_total":	0.15273168199120277,
			"host_user":	0,
			"host_system":	0.15271179764255138,
			"remote_total":	10.126829054012095,
			"remote_user":	0.61537402971930022,
			"remote_system":	9.51144530581475
		},
		"sender_tcp_congestion":	"cubic",
		"receiver_tcp_congestion":	"cubic"
	}
}
{
	"start":	{
		"connected":	[{
				"socket":	5,
				"local_host":	"192.168.1.48",
				"local_port":	58618,
				"remote_host":	"192.168.1.58",
				"remote_port":	5201
			}],
		"version":	"iperf 3.20",
		"system_info":	"Linux kuroi-washi 6.19.11+kali-amd64 #1 SMP PREEMPT_DYNAMIC Kali 6.19.11-1kali1 (2026-04-09) x86_64",
		"timestamp":	{
			"time":	"Thu, 23 Apr 2026 18:33:53 GMT",
			"timesecs":	1776969233,
			"timemillisecs":	1776969233171
		},
		"connecting_to":	{
			"host":	"192.168.1.58",
			"port":	5201
		},
		"cookie":	"uvrnttrnjdghsz6vdgozzikiacvteim4uclc",
		"tcp_mss":	316,
		"target_bitrate":	0,
		"fq_rate":	0,
		"sock_bufsize":	0,
		"sndbuf_actual":	16384,
		"rcvbuf_actual":	131072,
		"test_start":	{
			"protocol":	"TCP",
			"num_streams":	1,
			"blksize":	131072,
			"omit":	0,
			"duration":	10,
			"bytes":	0,
			"blocks":	0,
			"reverse":	0,
			"tos":	0,
			"target_bitrate":	0,
			"bidir":	0,
			"fqrate":	0,
			"interval":	1
		}
	},
	"intervals":	[{
			"streams":	[{
					"socket":	5,
					"start":	0,
					"end":	1.001114,
					"seconds":	1.0011140108108521,
					"bytes":	2228224,
					"bits_per_second":	17805955.972549025,
					"retransmits":	0,
					"snd_cwnd":	88160,
					"snd_wnd":	872576,
					"rtt":	32208,
					"rttvar":	6377,
					"pmtu":	1500,
					"reorder":	0,
					"omitted":	false,
					"sender":	true
				}],
			"sum":	{
				"start":	0,
				"end":	1.001114,
				"seconds":	1.0011140108108521,
				"bytes":	2228224,
				"bits_per_second":	17805955.972549025,
				"retransmits":	0,
				"omitted":	false,
				"sender":	true
			}
		}, {
			"streams":	[{
					"socket":	5,
					"start":	1.001114,
					"end":	2.001123,
					"seconds":	1.0000089406967163,
					"bytes":	2621440,
					"bits_per_second":	20971332.501676366,
					"retransmits":	0,
					"snd_cwnd":	183312,
					"snd_wnd":	1890432,
					"rtt":	85418,
					"rttvar":	2563,
					"pmtu":	1500,
					"reorder":	0,
					"omitted":	false,
					"sender":	true
				}],
			"sum":	{
				"start":	1.001114,
				"end":	2.001123,
				"seconds":	1.0000089406967163,
				"bytes":	2621440,
				"bits_per_second":	20971332.501676366,
				"retransmits":	0,
				"omitted":	false,
				"sender":	true
			}
		}, {
			"streams":	[{
					"socket":	5,
					"start":	2.001123,
					"end":	3.001109,
					"seconds":	0.99998599290847778,
					"bytes":	2097152,
					"bits_per_second":	16777451.003291711,
					"retransmits":	0,
					"snd_cwnd":	262048,
					"snd_wnd":	1926016,
					"rtt":	163363,
					"rttvar":	5229,
					"pmtu":	1500,
					"reorder":	0,
					"omitted":	false,
					"sender":	true
				}],
			"sum":	{
				"start":	2.001123,
				"end":	3.001109,
				"seconds":	0.99998599290847778,
				"bytes":	2097152,
				"bits_per_second":	16777451.003291711,
				"retransmits":	0,
				"omitted":	false,
				"sender":	true
			}
		}, {
			"streams":	[{
					"socket":	5,
					"start":	3.001109,
					"end":	4.001135,
					"seconds":	1.0000259876251221,
					"bytes":	1703936,
					"bits_per_second":	13631133.759205878,
					"retransmits":	0,
					"snd_cwnd":	350208,
					"snd_wnd":	1929664,
					"rtt":	180136,
					"rttvar":	5130,
					"pmtu":	1500,
					"reorder":	0,
					"omitted":	false,
					"sender":	true
				}],
			"sum":	{
				"start":	3.001109,
				"end":	4.001135,
				"seconds":	1.0000259876251221,
				"bytes":	1703936,
				"bits_per_second":	13631133.759205878,
				"retransmits":	0,
				"omitted":	false,
				"sender":	true
			}
		}, {
			"streams":	[{
					"socket":	5,
					"start":	4.001135,
					"end":	5.001127,
					"seconds":	0.9999920129776,
					"bytes":	2359296,
					"bits_per_second":	18874518.751204055,
					"retransmits":	0,
					"snd_cwnd":	438672,
					"snd_wnd":	1933888,
					"rtt":	69459,
					"rttvar":	2403,
					"pmtu":	1500,
					"reorder":	0,
					"omitted":	false,
					"sender":	true
				}],
			"sum":	{
				"start":	4.001135,
				"end":	5.001127,
				"seconds":	0.9999920129776,
				"bytes":	2359296,
				"bits_per_second":	18874518.751204055,
				"retransmits":	0,
				"omitted":	false,
				"sender":	true
			}
		}, {
			"streams":	[{
					"socket":	5,
					"start":	5.001127,
					"end":	6.0007,
					"seconds":	0.999572992324829,
					"bytes":	2621440,
					"bits_per_second":	20980478.825487245,
					"retransmits":	0,
					"snd_cwnd":	517712,
					"snd_wnd":	1934528,
					"rtt":	392927,
					"rttvar":	5293,
					"pmtu":	1500,
					"reorder":	0,
					"omitted":	false,
					"sender":	true
				}],
			"sum":	{
				"start":	5.001127,
				"end":	6.0007,
				"seconds":	0.999572992324829,
				"bytes":	2621440,
				"bits_per_second":	20980478.825487245,
				"retransmits":	0,
				"omitted":	false,
				"sender":	true
			}
		}, {
			"streams":	[{
					"socket":	5,
					"start":	6.0007,
					"end":	7.001118,
					"seconds":	1.000417947769165,
					"bytes":	1703936,
					"bits_per_second":	13625793.130158147,
					"retransmits":	0,
					"snd_cwnd":	608000,
					"snd_wnd":	1934528,
					"rtt":	338276,
					"rttvar":	2740,
					"pmtu":	1500,
					"reorder":	0,
					"omitted":	false,
					"sender":	true
				}],
			"sum":	{
				"start":	6.0007,
				"end":	7.001118,
				"seconds":	1.000417947769165,
				"bytes":	1703936,
				"bits_per_second":	13625793.130158147,
				"retransmits":	0,
				"omitted":	false,
				"sender":	true
			}
		}, {
			"streams":	[{
					"socket":	5,
					"start":	7.001118,
					"end":	8.001099,
					"seconds":	0.99998098611831665,
					"bytes":	2097152,
					"bits_per_second":	16777535.006065544,
					"retransmits":	0,
					"snd_cwnd":	696160,
					"snd_wnd":	1934528,
					"rtt":	248789,
					"rttvar":	10104,
					"pmtu":	1500,
					"reorder":	0,
					"omitted":	false,
					"sender":	true
				}],
			"sum":	{
				"start":	7.001118,
				"end":	8.001099,
				"seconds":	0.99998098611831665,
				"bytes":	2097152,
				"bits_per_second":	16777535.006065544,
				"retransmits":	0,
				"omitted":	false,
				"sender":	true
			}
		}, {
			"streams":	[{
					"socket":	5,
					"start":	8.001099,
					"end":	9.001122,
					"seconds":	1.0000230073928833,
					"bytes":	1835008,
					"bits_per_second":	14679726.257770568,
					"retransmits":	0,
					"snd_cwnd":	773376,
					"snd_wnd":	1934528,
					"rtt":	437193,
					"rttvar":	3758,
					"pmtu":	1500,
					"reorder":	0,
					"omitted":	false,
					"sender":	true
				}],
			"sum":	{
				"start":	8.001099,
				"end":	9.001122,
				"seconds":	1.0000230073928833,
				"bytes":	1835008,
				"bits_per_second":	14679726.257770568,
				"retransmits":	0,
				"omitted":	false,
				"sender":	true
			}
		}, {
			"streams":	[{
					"socket":	5,
					"start":	9.001122,
					"end":	10.002145,
					"seconds":	1.0010230541229248,
					"bytes":	1441792,
					"bits_per_second":	11522547.809956426,
					"retransmits":	0,
					"snd_cwnd":	875520,
					"snd_wnd":	1934528,
					"rtt":	427759,
					"rttvar":	7502,
					"pmtu":	1500,
					"reorder":	0,
					"omitted":	false,
					"sender":	true
				}],
			"sum":	{
				"start":	9.001122,
				"end":	10.002145,
				"seconds":	1.0010230541229248,
				"bytes":	1441792,
				"bits_per_second":	11522547.809956426,
				"retransmits":	0,
				"omitted":	false,
				"sender":	true
			}
		}],
	"end":	{
		"streams":	[{
				"sender":	{
					"socket":	5,
					"start":	0,
					"end":	10.002145,
					"seconds":	10.002145,
					"bytes":	20709376,
					"bits_per_second":	16563947.83318978,
					"retransmits":	0,
					"reorder":	0,
					"max_snd_cwnd":	875520,
					"max_snd_wnd":	1934528,
					"max_rtt":	437193,
					"min_rtt":	32208,
					"mean_rtt":	237552,
					"sender":	true
				},
				"receiver":	{
					"socket":	5,
					"start":	0,
					"end":	10.44948,
					"seconds":	10.002145,
					"bytes":	18219008,
					"bits_per_second":	13948260.0091105,
					"sender":	true
				}
			}],
		"sum_sent":	{
			"start":	0,
			"end":	10.002145,
			"seconds":	10.002145,
			"bytes":	20709376,
			"bits_per_second":	16563947.83318978,
			"retransmits":	0,
			"sender":	true
		},
		"sum_received":	{
			"start":	0,
			"end":	10.44948,
			"seconds":	10.44948,
			"bytes":	18219008,
			"bits_per_second":	13948260.0091105,
			"sender":	true
		},
		"cpu_utilization_percent":	{
			"host_total":	0.16887859071918851,
			"host_user":	0,
			"host_system":	0.16887859071918851,
			"remote_total":	10.61459116957807,
			"remote_user":	0.572537543859917,
			"remote_system":	10.042034546857014
		},
		"sender_tcp_congestion":	"cubic",
		"receiver_tcp_congestion":	"cubic"
	}
}
{
	"start":	{
		"connected":	[{
				"socket":	5,
				"local_host":	"192.168.1.48",
				"local_port":	59884,
				"remote_host":	"192.168.1.58",
				"remote_port":	5201
			}],
		"version":	"iperf 3.20",
		"system_info":	"Linux kuroi-washi 6.19.11+kali-amd64 #1 SMP PREEMPT_DYNAMIC Kali 6.19.11-1kali1 (2026-04-09) x86_64",
		"timestamp":	{
			"time":	"Thu, 23 Apr 2026 18:34:04 GMT",
			"timesecs":	1776969244,
			"timemillisecs":	1776969244471
		},
		"connecting_to":	{
			"host":	"192.168.1.58",
			"port":	5201
		},
		"cookie":	"4r3rdax6dattyitupihgxtjg5hl7dpik2mxw",
		"tcp_mss":	316,
		"target_bitrate":	0,
		"fq_rate":	0,
		"sock_bufsize":	0,
		"sndbuf_actual":	16384,
		"rcvbuf_actual":	131072,
		"test_start":	{
			"protocol":	"TCP",
			"num_streams":	1,
			"blksize":	131072,
			"omit":	0,
			"duration":	10,
			"bytes":	0,
			"blocks":	0,
			"reverse":	0,
			"tos":	0,
			"target_bitrate":	0,
			"bidir":	0,
			"fqrate":	0,
			"interval":	1
		}
	},
	"intervals":	[{
			"streams":	[{
					"socket":	5,
					"start":	0,
					"end":	1.001103,
					"seconds":	1.0011030435562134,
					"bytes":	2752512,
					"bits_per_second":	21995833.637442678,
					"retransmits":	0,
					"snd_cwnd":	129808,
					"snd_wnd":	742848,
					"rtt":	47877,
					"rttvar":	3273,
					"pmtu":	1500,
					"reorder":	0,
					"omitted":	false,
					"sender":	true
				}],
			"sum":	{
				"start":	0,
				"end":	1.001103,
				"seconds":	1.0011030435562134,
				"bytes":	2752512,
				"bits_per_second":	21995833.637442678,
				"retransmits":	0,
				"omitted":	false,
				"sender":	true
			}
		}, {
			"streams":	[{
					"socket":	5,
					"start":	1.001103,
					"end":	2.00115,
					"seconds":	1.000046968460083,
					"bytes":	2490368,
					"bits_per_second":	19922008.293948673,
					"retransmits":	0,
					"snd_cwnd":	220096,
					"snd_wnd":	942080,
					"rtt":	113546,
					"rttvar":	8093,
					"pmtu":	1500,
					"reorder":	0,
					"omitted":	false,
					"sender":	true
				}],
			"sum":	{
				"start":	1.001103,
				"end":	2.00115,
				"seconds":	1.000046968460083,
				"bytes":	2490368,
				"bits_per_second":	19922008.293948673,
				"retransmits":	0,
				"omitted":	false,
				"sender":	true
			}
		}, {
			"streams":	[{
					"socket":	5,
					"start":	2.00115,
					"end":	3.001103,
					"seconds":	0.99995297193527222,
					"bytes":	2490368,
					"bits_per_second":	19923880.981564429,
					"retransmits":	0,
					"snd_cwnd":	306736,
					"snd_wnd":	1419328,
					"rtt":	99237,
					"rttvar":	8820,
					"pmtu":	1500,
					"reorder":	0,
					"omitted":	false,
					"sender":	true
				}],
			"sum":	{
				"start":	2.00115,
				"end":	3.001103,
				"seconds":	0.99995297193527222,
				"bytes":	2490368,
				"bits_per_second":	19923880.981564429,
				"retransmits":	0,
				"omitted":	false,
				"sender":	true
			}
		}, {
			"streams":	[{
					"socket":	5,
					"start":	3.001103,
					"end":	4.001057,
					"seconds":	0.9999539852142334,
					"bytes":	2097152,
					"bits_per_second":	16777988.03552505,
					"retransmits":	0,
					"snd_cwnd":	382432,
					"snd_wnd":	1772352,
					"rtt":	300231,
					"rttvar":	1578,
					"pmtu":	1500,
					"reorder":	0,
					"omitted":	false,
					"sender":	true
				}],
			"sum":	{
				"start":	3.001103,
				"end":	4.001057,
				"seconds":	0.9999539852142334,
				"bytes":	2097152,
				"bits_per_second":	16777988.03552505,
				"retransmits":	0,
				"omitted":	false,
				"sender":	true
			}
		}, {
			"streams":	[{
					"socket":	5,
					"start":	4.001057,
					"end":	5.001089,
					"seconds":	1.0000319480895996,
					"bytes":	2490368,
					"bits_per_second":	19922307.520334311,
					"retransmits":	0,
					"snd_cwnd":	467248,
					"snd_wnd":	1928448,
					"rtt":	255047,
					"rttvar":	2003,
					"pmtu":	1500,
					"reorder":	0,
					"omitted":	false,
					"sender":	true
				}],
			"sum":	{
				"start":	4.001057,
				"end":	5.001089,
				"seconds":	1.0000319480895996,
				"bytes":	2490368,
				"bits_per_second":	19922307.520334311,
				"retransmits":	0,
				"omitted":	false,
				"sender":	true
			}
		}, {
			"streams":	[{
					"socket":	5,
					"start":	5.001089,
					"end":	6.001139,
					"seconds":	1.0000499486923218,
					"bytes":	1441792,
					"bits_per_second":	11533759.903775252,
					"retransmits":	0,
					"snd_cwnd":	554192,
					"snd_wnd":	1932096,
					"rtt":	350652,
					"rttvar":	3659,
					"pmtu":	1500,
					"reorder":	0,
					"omitted":	false,
					"sender":	true
				}],
			"sum":	{
				"start":	5.001089,
				"end":	6.001139,
				"seconds":	1.0000499486923218,
				"bytes":	1441792,
				"bits_per_second":	11533759.903775252,
				"retransmits":	0,
				"omitted":	false,
				"sender":	true
			}
		}, {
			"streams":	[{
					"socket":	5,
					"start":	6.001139,
					"end":	7.001093,
					"seconds":	0.9999539852142334,
					"bytes":	1441792,
					"bits_per_second":	11534866.774423471,
					"retransmits":	0,
					"snd_cwnd":	660288,
					"snd_wnd":	1934528,
					"rtt":	116111,
					"rttvar":	6602,
					"pmtu":	1500,
					"reorder":	0,
					"omitted":	false,
					"sender":	true
				}],
			"sum":	{
				"start":	6.001139,
				"end":	7.001093,
				"seconds":	0.9999539852142334,
				"bytes":	1441792,
				"bits_per_second":	11534866.774423471,
				"retransmits":	0,
				"omitted":	false,
				"sender":	true
			}
		}, {
			"streams":	[{
					"socket":	5,
					"start":	7.001093,
					"end":	8.001116,
					"seconds":	1.0000230073928833,
					"bytes":	2883584,
					"bits_per_second":	23068141.262210894,
					"retransmits":	0,
					"snd_cwnd":	748752,
					"snd_wnd":	1934528,
					"rtt":	217450,
					"rttvar":	4686,
					"pmtu":	1500,
					"reorder":	0,
					"omitted":	false,
					"sender":	true
				}],
			"sum":	{
				"start":	7.001093,
				"end":	8.001116,
				"seconds":	1.0000230073928833,
				"bytes":	2883584,
				"bits_per_second":	23068141.262210894,
				"retransmits":	0,
				"omitted":	false,
				"sender":	true
			}
		}, {
			"streams":	[{
					"socket":	5,
					"start":	8.001116,
					"end":	9.001165,
					"seconds":	1.0000489950180054,
					"bytes":	1441792,
					"bits_per_second":	11533770.902686954,
					"retransmits":	0,
					"snd_cwnd":	822624,
					"snd_wnd":	1934528,
					"rtt":	600856,
					"rttvar":	7589,
					"pmtu":	1500,
					"reorder":	0,
					"omitted":	false,
					"sender":	true
				}],
			"sum":	{
				"start":	8.001116,
				"end":	9.001165,
				"seconds":	1.0000489950180054,
				"bytes":	1441792,
				"bits_per_second":	11533770.902686954,
				"retransmits":	0,
				"omitted":	false,
				"sender":	true
			}
		}, {
			"streams":	[{
					"socket":	5,
					"start":	9.001165,
					"end":	10.001895,
					"seconds":	1.000730037689209,
					"bytes":	1441792,
					"bits_per_second":	11525921.642797887,
					"retransmits":	0,
					"snd_cwnd":	914432,
					"snd_wnd":	1934528,
					"rtt":	509743,
					"rttvar":	3727,
					"pmtu":	1500,
					"reorder":	0,
					"omitted":	false,
					"sender":	true
				}],
			"sum":	{
				"start":	9.001165,
				"end":	10.001895,
				"seconds":	1.000730037689209,
				"bytes":	1441792,
				"bits_per_second":	11525921.642797887,
				"retransmits":	0,
				"omitted":	false,
				"sender":	true
			}
		}],
	"end":	{
		"streams":	[{
				"sender":	{
					"socket":	5,
					"start":	0,
					"end":	10.001895,
					"seconds":	10.001895,
					"bytes":	20971520,
					"bits_per_second":	16774037.319927875,
					"retransmits":	0,
					"reorder":	0,
					"max_snd_cwnd":	914432,
					"max_snd_wnd":	1934528,
					"max_rtt":	600856,
					"min_rtt":	47877,
					"mean_rtt":	261075,
					"sender":	true
				},
				"receiver":	{
					"socket":	5,
					"start":	0,
					"end":	10.660695,
					"seconds":	10.001895,
					"bytes":	18612224,
					"bits_per_second":	13966987.330563344,
					"sender":	true
				}
			}],
		"sum_sent":	{
			"start":	0,
			"end":	10.001895,
			"seconds":	10.001895,
			"bytes":	20971520,
			"bits_per_second":	16774037.319927875,
			"retransmits":	0,
			"sender":	true
		},
		"sum_received":	{
			"start":	0,
			"end":	10.660695,
			"seconds":	10.660695,
			"bytes":	18612224,
			"bits_per_second":	13966987.330563344,
			"sender":	true
		},
		"cpu_utilization_percent":	{
			"host_total":	0.16779592532529655,
			"host_user":	0.1677859853972517,
			"host_system":	0,
			"remote_total":	10.632348310367057,
			"remote_user":	0.86719981665238621,
			"remote_system":	9.76514849371467
		},
		"sender_tcp_congestion":	"cubic",
		"receiver_tcp_congestion":	"cubic"
	}
}
{
	"start":	{
		"connected":	[{
				"socket":	5,
				"local_host":	"192.168.1.48",
				"local_port":	54994,
				"remote_host":	"192.168.1.58",
				"remote_port":	5201
			}],
		"version":	"iperf 3.20",
		"system_info":	"Linux kuroi-washi 6.19.11+kali-amd64 #1 SMP PREEMPT_DYNAMIC Kali 6.19.11-1kali1 (2026-04-09) x86_64",
		"timestamp":	{
			"time":	"Thu, 23 Apr 2026 18:34:15 GMT",
			"timesecs":	1776969255,
			"timemillisecs":	1776969255952
		},
		"connecting_to":	{
			"host":	"192.168.1.58",
			"port":	5201
		},
		"cookie":	"nstpqpijoxuwo6owd7pll5g5agnk6cnt6s4u",
		"tcp_mss":	316,
		"target_bitrate":	0,
		"fq_rate":	0,
		"sock_bufsize":	0,
		"sndbuf_actual":	16384,
		"rcvbuf_actual":	131072,
		"test_start":	{
			"protocol":	"TCP",
			"num_streams":	1,
			"blksize":	131072,
			"omit":	0,
			"duration":	10,
			"bytes":	0,
			"blocks":	0,
			"reverse":	0,
			"tos":	0,
			"target_bitrate":	0,
			"bidir":	0,
			"fqrate":	0,
			"interval":	1
		}
	},
	"intervals":	[{
			"streams":	[{
					"socket":	5,
					"start":	0,
					"end":	1.001151,
					"seconds":	1.0011509656906128,
					"bytes":	1703936,
					"bits_per_second":	13615816.662172167,
					"retransmits":	0,
					"snd_cwnd":	86032,
					"snd_wnd":	513984,
					"rtt":	86394,
					"rttvar":	9675,
					"pmtu":	1500,
					"reorder":	0,
					"omitted":	false,
					"sender":	true
				}],
			"sum":	{
				"start":	0,
				"end":	1.001151,
				"seconds":	1.0011509656906128,
				"bytes":	1703936,
				"bits_per_second":	13615816.662172167,
				"retransmits":	0,
				"omitted":	false,
				"sender":	true
			}
		}, {
			"streams":	[{
					"socket":	5,
					"start":	1.001151,
					"end":	2.001145,
					"seconds":	0.99999397993087769,
					"bytes":	1966080,
					"bits_per_second":	15728734.688070029,
					"retransmits":	0,
					"snd_cwnd":	153824,
					"snd_wnd":	668352,
					"rtt":	109924,
					"rttvar":	9754,
					"pmtu":	1500,
					"reorder":	0,
					"omitted":	false,
					"sender":	true
				}],
			"sum":	{
				"start":	1.001151,
				"end":	2.001145,
				"seconds":	0.99999397993087769,
				"bytes":	1966080,
				"bits_per_second":	15728734.688070029,
				"retransmits":	0,
				"omitted":	false,
				"sender":	true
			}
		}, {
			"streams":	[{
					"socket":	5,
					"start":	2.001145,
					"end":	3.001148,
					"seconds":	1.0000029802322388,
					"bytes":	1179648,
					"bits_per_second":	9437155.87508382,
					"retransmits":	0,
					"snd_cwnd":	196384,
					"snd_wnd":	769088,
					"rtt":	210441,
					"rttvar":	13375,
					"pmtu":	1500,
					"reorder":	0,
					"omitted":	false,
					"sender":	true
				}],
			"sum":	{
				"start":	2.001145,
				"end":	3.001148,
				"seconds":	1.0000029802322388,
				"bytes":	1179648,
				"bits_per_second":	9437155.87508382,
				"retransmits":	0,
				"omitted":	false,
				"sender":	true
			}
		}, {
			"streams":	[{
					"socket":	5,
					"start":	3.001148,
					"end":	4.001143,
					"seconds":	0.999994993209839,
					"bytes":	1310720,
					"bits_per_second":	10485812.500262858,
					"retransmits":	0,
					"snd_cwnd":	245632,
					"snd_wnd":	888128,
					"rtt":	224869,
					"rttvar":	8270,
					"pmtu":	1500,
					"reorder":	0,
					"omitted":	false,
					"sender":	true
				}],
			"sum":	{
				"start":	3.001148,
				"end":	4.001143,
				"seconds":	0.999994993209839,
				"bytes":	1310720,
				"bits_per_second":	10485812.500262858,
				"retransmits":	0,
				"omitted":	false,
				"sender":	true
			}
		}, {
			"streams":	[{
					"socket":	5,
					"start":	4.001143,
					"end":	5.001088,
					"seconds":	0.99994498491287231,
					"bytes":	786432,
					"bits_per_second":	6291802.1440431448,
					"retransmits":	0,
					"snd_cwnd":	290928,
					"snd_wnd":	1136000,
					"rtt":	154735,
					"rttvar":	3281,
					"pmtu":	1500,
					"reorder":	0,
					"omitted":	false,
					"sender":	true
				}],
			"sum":	{
				"start":	4.001143,
				"end":	5.001088,
				"seconds":	0.99994498491287231,
				"bytes":	786432,
				"bits_per_second":	6291802.1440431448,
				"retransmits":	0,
				"omitted":	false,
				"sender":	true
			}
		}, {
			"streams":	[{
					"socket":	5,
					"start":	5.001088,
					"end":	6.001143,
					"seconds":	1.0000549554824829,
					"bytes":	2883584,
					"bits_per_second":	23067404.319665983,
					"retransmits":	0,
					"snd_cwnd":	371488,
					"snd_wnd":	1744448,
					"rtt":	188487,
					"rttvar":	14199,
					"pmtu":	1500,
					"reorder":	0,
					"omitted":	false,
					"sender":	true
				}],
			"sum":	{
				"start":	5.001088,
				"end":	6.001143,
				"seconds":	1.0000549554824829,
				"bytes":	2883584,
				"bits_per_second":	23067404.319665983,
				"retransmits":	0,
				"omitted":	false,
				"sender":	true
			}
		}, {
			"streams":	[{
					"socket":	5,
					"start":	6.001143,
					"end":	7.001149,
					"seconds":	1.0000059604644775,
					"bytes":	1310720,
					"bits_per_second":	10485697.500372527,
					"retransmits":	0,
					"snd_cwnd":	452352,
					"snd_wnd":	1798016,
					"rtt":	305458,
					"rttvar":	4900,
					"pmtu":	1500,
					"reorder":	0,
					"omitted":	false,
					"sender":	true
				}],
			"sum":	{
				"start":	6.001143,
				"end":	7.001149,
				"seconds":	1.0000059604644775,
				"bytes":	1310720,
				"bits_per_second":	10485697.500372527,
				"retransmits":	0,
				"omitted":	false,
				"sender":	true
			}
		}, {
			"streams":	[{
					"socket":	5,
					"start":	7.001149,
					"end":	8.001123,
					"seconds":	0.999974012374878,
					"bytes":	2752512,
					"bits_per_second":	22020668.264871806,
					"retransmits":	0,
					"snd_cwnd":	538688,
					"snd_wnd":	1878272,
					"rtt":	302295,
					"rttvar":	8219,
					"pmtu":	1500,
					"reorder":	0,
					"omitted":	false,
					"sender":	true
				}],
			"sum":	{
				"start":	7.001149,
				"end":	8.001123,
				"seconds":	0.999974012374878,
				"bytes":	2752512,
				"bits_per_second":	22020668.264871806,
				"retransmits":	0,
				"omitted":	false,
				"sender":	true
			}
		}, {
			"streams":	[{
					"socket":	5,
					"start":	8.001123,
					"end":	9.001134,
					"seconds":	1.0000109672546387,
					"bytes":	1441792,
					"bits_per_second":	11534209.501387343,
					"retransmits":	0,
					"snd_cwnd":	620464,
					"snd_wnd":	1927232,
					"rtt":	313719,
					"rttvar":	10670,
					"pmtu":	1500,
					"reorder":	0,
					"omitted":	false,
					"sender":	true
				}],
			"sum":	{
				"start":	8.001123,
				"end":	9.001134,
				"seconds":	1.0000109672546387,
				"bytes":	1441792,
				"bits_per_second":	11534209.501387343,
				"retransmits":	0,
				"omitted":	false,
				"sender":	true
			}
		}, {
			"streams":	[{
					"socket":	5,
					"start":	9.001134,
					"end":	10.00195,
					"seconds":	1.0008159875869751,
					"bytes":	1310720,
					"bits_per_second":	10477210.72610138,
					"retransmits":	0,
					"snd_cwnd":	703152,
					"snd_wnd":	1933312,
					"rtt":	368906,
					"rttvar":	7030,
					"pmtu":	1500,
					"reorder":	0,
					"omitted":	false,
					"sender":	true
				}],
			"sum":	{
				"start":	9.001134,
				"end":	10.00195,
				"seconds":	1.0008159875869751,
				"bytes":	1310720,
				"bits_per_second":	10477210.72610138,
				"retransmits":	0,
				"omitted":	false,
				"sender":	true
			}
		}],
	"end":	{
		"streams":	[{
				"sender":	{
					"socket":	5,
					"start":	0,
					"end":	10.00195,
					"seconds":	10.00195,
					"bytes":	16646144,
					"bits_per_second":	13314318.907812975,
					"retransmits":	0,
					"reorder":	0,
					"max_snd_cwnd":	703152,
					"max_snd_wnd":	1933312,
					"max_rtt":	368906,
					"min_rtt":	86394,
					"mean_rtt":	226522,
					"sender":	true
				},
				"receiver":	{
					"socket":	5,
					"start":	0,
					"end":	10.098114,
					"seconds":	10.00195,
					"bytes":	14024704,
					"bits_per_second":	11110751.17591265,
					"sender":	true
				}
			}],
		"sum_sent":	{
			"start":	0,
			"end":	10.00195,
			"seconds":	10.00195,
			"bytes":	16646144,
			"bits_per_second":	13314318.907812975,
			"retransmits":	0,
			"sender":	true
		},
		"sum_received":	{
			"start":	0,
			"end":	10.098114,
			"seconds":	10.098114,
			"bytes":	14024704,
			"bits_per_second":	11110751.17591265,
			"sender":	true
		},
		"cpu_utilization_percent":	{
			"host_total":	0.13908082862328955,
			"host_user":	0,
			"host_system":	0.139090763677838,
			"remote_total":	9.9799944148445228,
			"remote_user":	0.72992578369671035,
			"remote_system":	9.2500390487565145
		},
		"sender_tcp_congestion":	"cubic",
		"receiver_tcp_congestion":	"cubic"
	}
}
{
	"start":	{
		"connected":	[{
				"socket":	5,
				"local_host":	"192.168.1.48",
				"local_port":	35890,
				"remote_host":	"192.168.1.58",
				"remote_port":	5201
			}],
		"version":	"iperf 3.20",
		"system_info":	"Linux kuroi-washi 6.19.11+kali-amd64 #1 SMP PREEMPT_DYNAMIC Kali 6.19.11-1kali1 (2026-04-09) x86_64",
		"timestamp":	{
			"time":	"Thu, 23 Apr 2026 18:34:26 GMT",
			"timesecs":	1776969266,
			"timemillisecs":	1776969266525
		},
		"connecting_to":	{
			"host":	"192.168.1.58",
			"port":	5201
		},
		"cookie":	"cburiweqeiw3grelawua5qpjgdfyot6szpbb",
		"tcp_mss":	316,
		"target_bitrate":	0,
		"fq_rate":	0,
		"sock_bufsize":	0,
		"sndbuf_actual":	16384,
		"rcvbuf_actual":	131072,
		"test_start":	{
			"protocol":	"TCP",
			"num_streams":	1,
			"blksize":	131072,
			"omit":	0,
			"duration":	10,
			"bytes":	0,
			"blocks":	0,
			"reverse":	0,
			"tos":	0,
			"target_bitrate":	0,
			"bidir":	0,
			"fqrate":	0,
			"interval":	1
		}
	},
	"intervals":	[{
			"streams":	[{
					"socket":	5,
					"start":	0,
					"end":	1.001136,
					"seconds":	1.0011359453201294,
					"bytes":	2097152,
					"bits_per_second":	16758179.624281909,
					"retransmits":	0,
					"snd_cwnd":	87248,
					"snd_wnd":	819520,
					"rtt":	32171,
					"rttvar":	3440,
					"pmtu":	1500,
					"reorder":	0,
					"omitted":	false,
					"sender":	true
				}],
			"sum":	{
				"start":	0,
				"end":	1.001136,
				"seconds":	1.0011359453201294,
				"bytes":	2097152,
				"bits_per_second":	16758179.624281909,
				"retransmits":	0,
				"omitted":	false,
				"sender":	true
			}
		}, {
			"streams":	[{
					"socket":	5,
					"start":	1.001136,
					"end":	2.001099,
					"seconds":	0.99996298551559448,
					"bytes":	2883584,
					"bits_per_second":	23069525.906606913,
					"retransmits":	0,
					"snd_cwnd":	188480,
					"snd_wnd":	840896,
					"rtt":	88370,
					"rttvar":	13898,
					"pmtu":	1500,
					"reorder":	0,
					"omitted":	false,
					"sender":	true
				}],
			"sum":	{
				"start":	1.001136,
				"end":	2.001099,
				"seconds":	0.99996298551559448,
				"bytes":	2883584,
				"bits_per_second":	23069525.906606913,
				"retransmits":	0,
				"omitted":	false,
				"sender":	true
			}
		}, {
			"streams":	[{
					"socket":	5,
					"start":	2.001099,
					"end":	3.001137,
					"seconds":	1.0000380277633667,
					"bytes":	1966080,
					"bits_per_second":	15728041.897744492,
					"retransmits":	0,
					"snd_cwnd":	269344,
					"snd_wnd":	1057472,
					"rtt":	127745,
					"rttvar":	12029,
					"pmtu":	1500,
					"reorder":	0,
					"omitted":	false,
					"sender":	true
				}],
			"sum":	{
				"start":	2.001099,
				"end":	3.001137,
				"seconds":	1.0000380277633667,
				"bytes":	1966080,
				"bits_per_second":	15728041.897744492,
				"retransmits":	0,
				"omitted":	false,
				"sender":	true
			}
		}, {
			"streams":	[{
					"socket":	5,
					"start":	3.001137,
					"end":	4.001136,
					"seconds":	0.99999898672103882,
					"bytes":	2883584,
					"bits_per_second":	23068695.375023685,
					"retransmits":	0,
					"snd_cwnd":	354768,
					"snd_wnd":	1433216,
					"rtt":	149767,
					"rttvar":	2655,
					"pmtu":	1500,
					"reorder":	0,
					"omitted":	false,
					"sender":	true
				}],
			"sum":	{
				"start":	3.001137,
				"end":	4.001136,
				"seconds":	0.99999898672103882,
				"bytes":	2883584,
				"bits_per_second":	23068695.375023685,
				"retransmits":	0,
				"omitted":	false,
				"sender":	true
			}
		}, {
			"streams":	[{
					"socket":	5,
					"start":	4.001136,
					"end":	5.00112,
					"seconds":	0.9999840259552002,
					"bytes":	2490368,
					"bits_per_second":	19923262.255083822,
					"retransmits":	0,
					"snd_cwnd":	444448,
					"snd_wnd":	1788032,
					"rtt":	185935,
					"rttvar":	7483,
					"pmtu":	1500,
					"reorder":	0,
					"omitted":	false,
					"sender":	true
				}],
			"sum":	{
				"start":	4.001136,
				"end":	5.00112,
				"seconds":	0.9999840259552002,
				"bytes":	2490368,
				"bits_per_second":	19923262.255083822,
				"retransmits":	0,
				"omitted":	false,
				"sender":	true
			}
		}, {
			"streams":	[{
					"socket":	5,
					"start":	5.00112,
					"end":	6.001136,
					"seconds":	1.0000159740448,
					"bytes":	1441792,
					"bits_per_second":	11534151.752943171,
					"retransmits":	0,
					"snd_cwnd":	527440,
					"snd_wnd":	1885888,
					"rtt":	305229,
					"rttvar":	2547,
					"pmtu":	1500,
					"reorder":	0,
					"omitted":	false,
					"sender":	true
				}],
			"sum":	{
				"start":	5.00112,
				"end":	6.001136,
				"seconds":	1.0000159740448,
				"bytes":	1441792,
				"bits_per_second":	11534151.752943171,
				"retransmits":	0,
				"omitted":	false,
				"sender":	true
			}
		}, {
			"streams":	[{
					"socket":	5,
					"start":	6.001136,
					"end":	7.001143,
					"seconds":	1.0000070333480835,
					"bytes":	1441792,
					"bits_per_second":	11534254.875570577,
					"retransmits":	0,
					"snd_cwnd":	609216,
					"snd_wnd":	1912640,
					"rtt":	258590,
					"rttvar":	2399,
					"pmtu":	1500,
					"reorder":	0,
					"omitted":	false,
					"sender":	true
				}],
			"sum":	{
				"start":	6.001136,
				"end":	7.001143,
				"seconds":	1.0000070333480835,
				"bytes":	1441792,
				"bits_per_second":	11534254.875570577,
				"retransmits":	0,
				"omitted":	false,
				"sender":	true
			}
		}, {
			"streams":	[{
					"socket":	5,
					"start":	7.001143,
					"end":	8.001151,
					"seconds":	1.0000079870224,
					"bytes":	1572864,
					"bits_per_second":	12582811.50080269,
					"retransmits":	0,
					"snd_cwnd":	671536,
					"snd_wnd":	1926784,
					"rtt":	339662,
					"rttvar":	11057,
					"pmtu":	1500,
					"reorder":	0,
					"omitted":	false,
					"sender":	true
				}],
			"sum":	{
				"start":	7.001143,
				"end":	8.001151,
				"seconds":	1.0000079870224,
				"bytes":	1572864,
				"bits_per_second":	12582811.50080269,
				"retransmits":	0,
				"omitted":	false,
				"sender":	true
			}
		}, {
			"streams":	[{
					"socket":	5,
					"start":	8.001151,
					"end":	9.001121,
					"seconds":	0.999970018863678,
					"bytes":	1441792,
					"bits_per_second":	11534681.822868163,
					"retransmits":	0,
					"snd_cwnd":	782192,
					"snd_wnd":	1933888,
					"rtt":	464846,
					"rttvar":	1212,
					"pmtu":	1500,
					"reorder":	0,
					"omitted":	false,
					"sender":	true
				}],
			"sum":	{
				"start":	8.001151,
				"end":	9.001121,
				"seconds":	0.999970018863678,
				"bytes":	1441792,
				"bits_per_second":	11534681.822868163,
				"retransmits":	0,
				"omitted":	false,
				"sender":	true
			}
		}, {
			"streams":	[{
					"socket":	5,
					"start":	9.001121,
					"end":	10.001825,
					"seconds":	1.0007040500640869,
					"bytes":	2883584,
					"bits_per_second":	23052441.926784087,
					"retransmits":	0,
					"snd_cwnd":	882208,
					"snd_wnd":	1934528,
					"rtt":	470671,
					"rttvar":	1214,
					"pmtu":	1500,
					"reorder":	0,
					"omitted":	false,
					"sender":	true
				}],
			"sum":	{
				"start":	9.001121,
				"end":	10.001825,
				"seconds":	1.0007040500640869,
				"bytes":	2883584,
				"bits_per_second":	23052441.926784087,
				"retransmits":	0,
				"omitted":	false,
				"sender":	true
			}
		}],
	"end":	{
		"streams":	[{
				"sender":	{
					"socket":	5,
					"start":	0,
					"end":	10.001825,
					"seconds":	10.001825,
					"bytes":	21102592,
					"bits_per_second":	16878993.183743965,
					"retransmits":	0,
					"reorder":	0,
					"max_snd_cwnd":	882208,
					"max_snd_wnd":	1934528,
					"max_rtt":	470671,
					"min_rtt":	32171,
					"mean_rtt":	242298,
					"sender":	true
				},
				"receiver":	{
					"socket":	5,
					"start":	0,
					"end":	10.506629,
					"seconds":	10.001825,
					"bytes":	18481152,
					"bits_per_second":	14071993.59566232,
					"sender":	true
				}
			}],
		"sum_sent":	{
			"start":	0,
			"end":	10.001825,
			"seconds":	10.001825,
			"bytes":	21102592,
			"bits_per_second":	16878993.183743965,
			"retransmits":	0,
			"sender":	true
		},
		"sum_received":	{
			"start":	0,
			"end":	10.506629,
			"seconds":	10.506629,
			"bytes":	18481152,
			"bits_per_second":	14071993.59566232,
			"sender":	true
		},
		"cpu_utilization_percent":	{
			"host_total":	0.16454846322264863,
			"host_user":	0,
			"host_system":	0.16454846322264863,
			"remote_total":	10.518108015217416,
			"remote_user":	0.397861976604999,
			"remote_system":	10.120217594842195
		},
		"sender_tcp_congestion":	"cubic",
		"receiver_tcp_congestion":	"cubic"
	}
}
{
	"start":	{
		"connected":	[{
				"socket":	5,
				"local_host":	"192.168.1.48",
				"local_port":	38052,
				"remote_host":	"192.168.1.58",
				"remote_port":	5201
			}],
		"version":	"iperf 3.20",
		"system_info":	"Linux kuroi-washi 6.19.11+kali-amd64 #1 SMP PREEMPT_DYNAMIC Kali 6.19.11-1kali1 (2026-04-09) x86_64",
		"timestamp":	{
			"time":	"Thu, 23 Apr 2026 18:34:37 GMT",
			"timesecs":	1776969277,
			"timemillisecs":	1776969277998
		},
		"connecting_to":	{
			"host":	"192.168.1.58",
			"port":	5201
		},
		"cookie":	"7aukj5l2unwhmjg5eghg3hqusptpiwl3asq6",
		"tcp_mss":	316,
		"target_bitrate":	0,
		"fq_rate":	0,
		"sock_bufsize":	0,
		"sndbuf_actual":	16384,
		"rcvbuf_actual":	131072,
		"test_start":	{
			"protocol":	"TCP",
			"num_streams":	1,
			"blksize":	131072,
			"omit":	0,
			"duration":	10,
			"bytes":	0,
			"blocks":	0,
			"reverse":	0,
			"tos":	0,
			"target_bitrate":	0,
			"bidir":	0,
			"fqrate":	0,
			"interval":	1
		}
	},
	"intervals":	[{
			"streams":	[{
					"socket":	5,
					"start":	0,
					"end":	1.001088,
					"seconds":	1.00108802318573,
					"bytes":	1310720,
					"bits_per_second":	10474363.649493584,
					"retransmits":	0,
					"snd_cwnd":	73264,
					"snd_wnd":	378880,
					"rtt":	68975,
					"rttvar":	5133,
					"pmtu":	1500,
					"reorder":	0,
					"omitted":	false,
					"sender":	true
				}],
			"sum":	{
				"start":	0,
				"end":	1.001088,
				"seconds":	1.00108802318573,
				"bytes":	1310720,
				"bits_per_second":	10474363.649493584,
				"retransmits":	0,
				"omitted":	false,
				"sender":	true
			}
		}, {
			"streams":	[{
					"socket":	5,
					"start":	1.001088,
					"end":	2.001116,
					"seconds":	1.0000280141830444,
					"bytes":	1179648,
					"bits_per_second":	9436919.6324060429,
					"retransmits":	0,
					"snd_cwnd":	120992,
					"snd_wnd":	706432,
					"rtt":	66812,
					"rttvar":	6956,
					"pmtu":	1500,
					"reorder":	0,
					"omitted":	false,
					"sender":	true
				}],
			"sum":	{
				"start":	1.001088,
				"end":	2.001116,
				"seconds":	1.0000280141830444,
				"bytes":	1179648,
				"bits_per_second":	9436919.6324060429,
				"retransmits":	0,
				"omitted":	false,
				"sender":	true
			}
		}, {
			"streams":	[{
					"socket":	5,
					"start":	2.001116,
					"end":	3.001122,
					"seconds":	1.0000059604644775,
					"bytes":	2359296,
					"bits_per_second":	18874255.500670549,
					"retransmits":	0,
					"snd_cwnd":	211280,
					"snd_wnd":	968384,
					"rtt":	103822,
					"rttvar":	13506,
					"pmtu":	1500,
					"reorder":	0,
					"omitted":	false,
					"sender":	true
				}],
			"sum":	{
				"start":	2.001116,
				"end":	3.001122,
				"seconds":	1.0000059604644775,
				"bytes":	2359296,
				"bits_per_second":	18874255.500670549,
				"retransmits":	0,
				"omitted":	false,
				"sender":	true
			}
		}, {
			"streams":	[{
					"socket":	5,
					"start":	3.001122,
					"end":	4.001138,
					"seconds":	1.0000159740448,
					"bytes":	2359296,
					"bits_per_second":	18874066.5048161,
					"retransmits":	0,
					"snd_cwnd":	289712,
					"snd_wnd":	975744,
					"rtt":	127229,
					"rttvar":	8273,
					"pmtu":	1500,
					"reorder":	0,
					"omitted":	false,
					"sender":	true
				}],
			"sum":	{
				"start":	3.001122,
				"end":	4.001138,
				"seconds":	1.0000159740448,
				"bytes":	2359296,
				"bits_per_second":	18874066.5048161,
				"retransmits":	0,
				"omitted":	false,
				"sender":	true
			}
		}, {
			"streams":	[{
					"socket":	5,
					"start":	4.001138,
					"end":	5.00109,
					"seconds":	0.99995201826095581,
					"bytes":	1966080,
					"bits_per_second":	15729394.723712957,
					"retransmits":	0,
					"snd_cwnd":	363888,
					"snd_wnd":	1000064,
					"rtt":	188097,
					"rttvar":	2318,
					"pmtu":	1500,
					"reorder":	0,
					"omitted":	false,
					"sender":	true
				}],
			"sum":	{
				"start":	4.001138,
				"end":	5.00109,
				"seconds":	0.99995201826095581,
				"bytes":	1966080,
				"bits_per_second":	15729394.723712957,
				"retransmits":	0,
				"omitted":	false,
				"sender":	true
			}
		}, {
			"streams":	[{
					"socket":	5,
					"start":	5.00109,
					"end":	6.001142,
					"seconds":	1.0000519752502441,
					"bytes":	2359296,
					"bits_per_second":	18873387.050985072,
					"retransmits":	0,
					"snd_cwnd":	459952,
					"snd_wnd":	1798656,
					"rtt":	195552,
					"rttvar":	7224,
					"pmtu":	1500,
					"reorder":	0,
					"omitted":	false,
					"sender":	true
				}],
			"sum":	{
				"start":	5.00109,
				"end":	6.001142,
				"seconds":	1.0000519752502441,
				"bytes":	2359296,
				"bits_per_second":	18873387.050985072,
				"retransmits":	0,
				"omitted":	false,
				"sender":	true
			}
		}, {
			"streams":	[{
					"socket":	5,
					"start":	6.001142,
					"end":	7.001145,
					"seconds":	1.0000029802322388,
					"bytes":	1441792,
					"bits_per_second":	11534301.625102445,
					"retransmits":	0,
					"snd_cwnd":	526224,
					"snd_wnd":	1876480,
					"rtt":	376417,
					"rttvar":	625,
					"pmtu":	1500,
					"reorder":	0,
					"omitted":	false,
					"sender":	true
				}],
			"sum":	{
				"start":	6.001142,
				"end":	7.001145,
				"seconds":	1.0000029802322388,
				"bytes":	1441792,
				"bits_per_second":	11534301.625102445,
				"retransmits":	0,
				"omitted":	false,
				"sender":	true
			}
		}, {
			"streams":	[{
					"socket":	5,
					"start":	7.001145,
					"end":	8.001142,
					"seconds":	0.99999701976776123,
					"bytes":	1441792,
					"bits_per_second":	11534370.375102445,
					"retransmits":	0,
					"snd_cwnd":	593712,
					"snd_wnd":	1919296,
					"rtt":	248422,
					"rttvar":	4777,
					"pmtu":	1500,
					"reorder":	0,
					"omitted":	false,
					"sender":	true
				}],
			"sum":	{
				"start":	7.001145,
				"end":	8.001142,
				"seconds":	0.99999701976776123,
				"bytes":	1441792,
				"bits_per_second":	11534370.375102445,
				"retransmits":	0,
				"omitted":	false,
				"sender":	true
			}
		}, {
			"streams":	[{
					"socket":	5,
					"start":	8.001142,
					"end":	9.001122,
					"seconds":	0.99997997283935547,
					"bytes":	1441792,
					"bits_per_second":	11534567.004626367,
					"retransmits":	0,
					"snd_cwnd":	686736,
					"snd_wnd":	1890112,
					"rtt":	421627,
					"rttvar":	24169,
					"pmtu":	1500,
					"reorder":	0,
					"omitted":	false,
					"sender":	true
				}],
			"sum":	{
				"start":	8.001142,
				"end":	9.001122,
				"seconds":	0.99997997283935547,
				"bytes":	1441792,
				"bits_per_second":	11534567.004626367,
				"retransmits":	0,
				"omitted":	false,
				"sender":	true
			}
		}, {
			"streams":	[{
					"socket":	5,
					"start":	9.001122,
					"end":	10.001898,
					"seconds":	1.0007760524749756,
					"bytes":	2883584,
					"bits_per_second":	23050783.382505879,
					"retransmits":	0,
					"snd_cwnd":	770336,
					"snd_wnd":	1933888,
					"rtt":	434085,
					"rttvar":	3817,
					"pmtu":	1500,
					"reorder":	0,
					"omitted":	false,
					"sender":	true
				}],
			"sum":	{
				"start":	9.001122,
				"end":	10.001898,
				"seconds":	1.0007760524749756,
				"bytes":	2883584,
				"bits_per_second":	23050783.382505879,
				"retransmits":	0,
				"omitted":	false,
				"sender":	true
			}
		}],
	"end":	{
		"streams":	[{
				"sender":	{
					"socket":	5,
					"start":	0,
					"end":	10.001898,
					"seconds":	10.001898,
					"bytes":	18743296,
					"bits_per_second":	14991791.358000251,
					"retransmits":	0,
					"reorder":	0,
					"max_snd_cwnd":	770336,
					"max_snd_wnd":	1933888,
					"max_rtt":	434085,
					"min_rtt":	66812,
					"mean_rtt":	223103,
					"sender":	true
				},
				"receiver":	{
					"socket":	5,
					"start":	0,
					"end":	10.477713,
					"seconds":	10.001898,
					"bytes":	15597568,
					"bits_per_second":	11909139.332218777,
					"sender":	true
				}
			}],
		"sum_sent":	{
			"start":	0,
			"end":	10.001898,
			"seconds":	10.001898,
			"bytes":	18743296,
			"bits_per_second":	14991791.358000251,
			"retransmits":	0,
			"sender":	true
		},
		"sum_received":	{
			"start":	0,
			"end":	10.477713,
			"seconds":	10.477713,
			"bytes":	15597568,
			"bits_per_second":	11909139.332218777,
			"sender":	true
		},
		"cpu_utilization_percent":	{
			"host_total":	0.14131706272058467,
			"host_user":	0,
			"host_system":	0.14134683039283305,
			"remote_total":	9.58016585875822,
			"remote_user":	0.687880498637302,
			"remote_system":	8.89226634529068
		},
		"sender_tcp_congestion":	"cubic",
		"receiver_tcp_congestion":	"cubic"
	}
}
