{
	"start":	{
		"connected":	[{
				"socket":	5,
				"local_host":	"192.168.1.48",
				"local_port":	57188,
				"remote_host":	"192.168.1.58",
				"remote_port":	5201
			}],
		"version":	"iperf 3.20",
		"system_info":	"Linux kuroi-washi 6.19.11+kali-amd64 #1 SMP PREEMPT_DYNAMIC Kali 6.19.11-1kali1 (2026-04-09) x86_64",
		"timestamp":	{
			"time":	"Thu, 23 Apr 2026 18:52:17 GMT",
			"timesecs":	1776970337,
			"timemillisecs":	1776970337713
		},
		"connecting_to":	{
			"host":	"192.168.1.58",
			"port":	5201
		},
		"cookie":	"4nlqrey2d33qeu7v7p4hvon7u6tbd2pjbz2f",
		"tcp_mss":	766,
		"target_bitrate":	0,
		"fq_rate":	0,
		"sock_bufsize":	0,
		"sndbuf_actual":	16384,
		"rcvbuf_actual":	131072,
		"test_start":	{
			"protocol":	"TCP",
			"num_streams":	1,
			"blksize":	131072,
			"omit":	0,
			"duration":	10,
			"bytes":	0,
			"blocks":	0,
			"reverse":	0,
			"tos":	0,
			"target_bitrate":	0,
			"bidir":	0,
			"fqrate":	0,
			"interval":	1
		}
	},
	"intervals":	[{
			"streams":	[{
					"socket":	5,
					"start":	0,
					"end":	1.001119,
					"seconds":	1.0011190176010132,
					"bytes":	1703936,
					"bits_per_second":	13616251.17527505,
					"retransmits":	0,
					"snd_cwnd":	134966,
					"snd_wnd":	453696,
					"rtt":	113312,
					"rttvar":	18388,
					"pmtu":	1500,
					"reorder":	0,
					"omitted":	false,
					"sender":	true
				}],
			"sum":	{
				"start":	0,
				"end":	1.001119,
				"seconds":	1.0011190176010132,
				"bytes":	1703936,
				"bits_per_second":	13616251.17527505,
				"retransmits":	0,
				"omitted":	false,
				"sender":	true
			}
		}, {
			"streams":	[{
					"socket":	5,
					"start":	1.001119,
					"end":	2.001178,
					"seconds":	1.0000590085983276,
					"bytes":	1572864,
					"bits_per_second":	12582169.5438113,
					"retransmits":	0,
					"snd_cwnd":	196040,
					"snd_wnd":	459712,
					"rtt":	95254,
					"rttvar":	12488,
					"pmtu":	1500,
					"reorder":	0,
					"omitted":	false,
					"sender":	true
				}],
			"sum":	{
				"start":	1.001119,
				"end":	2.001178,
				"seconds":	1.0000590085983276,
				"bytes":	1572864,
				"bits_per_second":	12582169.5438113,
				"retransmits":	0,
				"omitted":	false,
				"sender":	true
			}
		}, {
			"streams":	[{
					"socket":	5,
					"start":	2.001178,
					"end":	3.000707,
					"seconds":	0.999529004096985,
					"bytes":	1703936,
					"bits_per_second":	13637911.40039527,
					"retransmits":	0,
					"snd_cwnd":	257868,
					"snd_wnd":	873792,
					"rtt":	108306,
					"rttvar":	10938,
					"pmtu":	1500,
					"reorder":	0,
					"omitted":	false,
					"sender":	true
				}],
			"sum":	{
				"start":	2.001178,
				"end":	3.000707,
				"seconds":	0.999529004096985,
				"bytes":	1703936,
				"bits_per_second":	13637911.40039527,
				"retransmits":	0,
				"omitted":	false,
				"sender":	true
			}
		}, {
			"streams":	[{
					"socket":	5,
					"start":	3.000707,
					"end":	4.001148,
					"seconds":	1.0004409551620483,
					"bytes":	524288,
					"bits_per_second":	4192455.315187111,
					"retransmits":	0,
					"snd_cwnd":	288782,
					"snd_wnd":	885184,
					"rtt":	458211,
					"rttvar":	48880,
					"pmtu":	1500,
					"reorder":	0,
					"omitted":	false,
					"sender":	true
				}],
			"sum":	{
				"start":	3.000707,
				"end":	4.001148,
				"seconds":	1.0004409551620483,
				"bytes":	524288,
				"bits_per_second":	4192455.315187111,
				"retransmits":	0,
				"omitted":	false,
				"sender":	true
			}
		}, {
			"streams":	[{
					"socket":	5,
					"start":	4.001148,
					"end":	5.000685,
					"seconds":	0.99953699111938477,
					"bytes":	1703936,
					"bits_per_second":	13637802.423634218,
					"retransmits":	0,
					"snd_cwnd":	355888,
					"snd_wnd":	1168128,
					"rtt":	164777,
					"rttvar":	29674,
					"pmtu":	1500,
					"reorder":	0,
					"omitted":	false,
					"sender":	true
				}],
			"sum":	{
				"start":	4.001148,
				"end":	5.000685,
				"seconds":	0.99953699111938477,
				"bytes":	1703936,
				"bits_per_second":	13637802.423634218,
				"retransmits":	0,
				"omitted":	false,
				"sender":	true
			}
		}, {
			"streams":	[{
					"socket":	5,
					"start":	5.000685,
					"end":	6.001145,
					"seconds":	1.0004600286483765,
					"bytes":	1966080,
					"bits_per_second":	15721407.702064244,
					"retransmits":	0,
					"snd_cwnd":	422240,
					"snd_wnd":	1169792,
					"rtt":	122638,
					"rttvar":	40009,
					"pmtu":	1500,
					"reorder":	0,
					"omitted":	false,
					"sender":	true
				}],
			"sum":	{
				"start":	5.000685,
				"end":	6.001145,
				"seconds":	1.0004600286483765,
				"bytes":	1966080,
				"bits_per_second":	15721407.702064244,
				"retransmits":	0,
				"omitted":	false,
				"sender":	true
			}
		}, {
			"streams":	[{
					"socket":	5,
					"start":	6.001145,
					"end":	7.001121,
					"seconds":	0.99997597932815552,
					"bytes":	2359296,
					"bits_per_second":	18874821.385890633,
					"retransmits":	0,
					"snd_cwnd":	541372,
					"snd_wnd":	1381888,
					"rtt":	159501,
					"rttvar":	1327,
					"pmtu":	1500,
					"reorder":	0,
					"omitted":	false,
					"sender":	true
				}],
			"sum":	{
				"start":	6.001145,
				"end":	7.001121,
				"seconds":	0.99997597932815552,
				"bytes":	2359296,
				"bits_per_second":	18874821.385890633,
				"retransmits":	0,
				"omitted":	false,
				"sender":	true
			}
		}, {
			"streams":	[{
					"socket":	5,
					"start":	7.001121,
					"end":	8.001099,
					"seconds":	0.999978005886078,
					"bytes":	2752512,
					"bits_per_second":	22020580.323152259,
					"retransmits":	0,
					"snd_cwnd":	638638,
					"snd_wnd":	1385920,
					"rtt":	437326,
					"rttvar":	10049,
					"pmtu":	1500,
					"reorder":	0,
					"omitted":	false,
					"sender":	true
				}],
			"sum":	{
				"start":	7.001121,
				"end":	8.001099,
				"seconds":	0.999978005886078,
				"bytes":	2752512,
				"bits_per_second":	22020580.323152259,
				"retransmits":	0,
				"omitted":	false,
				"sender":	true
			}
		}, {
			"streams":	[{
					"socket":	5,
					"start":	8.001099,
					"end":	9.001119,
					"seconds":	1.0000200271606445,
					"bytes":	2883584,
					"bits_per_second":	23068210.009252362,
					"retransmits":	0,
					"snd_cwnd":	750230,
					"snd_wnd":	1935680,
					"rtt":	248820,
					"rttvar":	3967,
					"pmtu":	1500,
					"reorder":	0,
					"omitted":	false,
					"sender":	true
				}],
			"sum":	{
				"start":	8.001099,
				"end":	9.001119,
				"seconds":	1.0000200271606445,
				"bytes":	2883584,
				"bits_per_second":	23068210.009252362,
				"retransmits":	0,
				"omitted":	false,
				"sender":	true
			}
		}, {
			"streams":	[{
					"socket":	5,
					"start":	9.001119,
					"end":	10.002052,
					"seconds":	1.000933051109314,
					"bytes":	1441792,
					"bits_per_second":	11523583.907252066,
					"retransmits":	0,
					"snd_cwnd":	859560,
					"snd_wnd":	1935680,
					"rtt":	320087,
					"rttvar":	20631,
					"pmtu":	1500,
					"reorder":	0,
					"omitted":	false,
					"sender":	true
				}],
			"sum":	{
				"start":	9.001119,
				"end":	10.002052,
				"seconds":	1.000933051109314,
				"bytes":	1441792,
				"bits_per_second":	11523583.907252066,
				"retransmits":	0,
				"omitted":	false,
				"sender":	true
			}
		}],
	"end":	{
		"streams":	[{
				"sender":	{
					"socket":	5,
					"start":	0,
					"end":	10.002052,
					"seconds":	10.002052,
					"bytes":	18612224,
					"bits_per_second":	14886724.444144061,
					"retransmits":	0,
					"reorder":	0,
					"max_snd_cwnd":	859560,
					"max_snd_wnd":	1935680,
					"max_rtt":	458211,
					"min_rtt":	95254,
					"mean_rtt":	222823,
					"sender":	true
				},
				"receiver":	{
					"socket":	5,
					"start":	0,
					"end":	10.289437,
					"seconds":	10.002052,
					"bytes":	16646144,
					"bits_per_second":	12942316.669026693,
					"sender":	true
				}
			}],
		"sum_sent":	{
			"start":	0,
			"end":	10.002052,
			"seconds":	10.002052,
			"bytes":	18612224,
			"bits_per_second":	14886724.444144061,
			"retransmits":	0,
			"sender":	true
		},
		"sum_received":	{
			"start":	0,
			"end":	10.289437,
			"seconds":	10.289437,
			"bytes":	16646144,
			"bits_per_second":	12942316.669026693,
			"sender":	true
		},
		"cpu_utilization_percent":	{
			"host_total":	0.14871426052506587,
			"host_user":	0,
			"host_system":	0.14871426052506587,
			"remote_total":	1.878282356731471,
			"remote_user":	0.03783436918607886,
			"remote_system":	1.8404479875453919
		},
		"sender_tcp_congestion":	"cubic",
		"receiver_tcp_congestion":	"cubic"
	}
}
{
	"start":	{
		"connected":	[{
				"socket":	5,
				"local_host":	"192.168.1.48",
				"local_port":	59434,
				"remote_host":	"192.168.1.58",
				"remote_port":	5201
			}],
		"version":	"iperf 3.20",
		"system_info":	"Linux kuroi-washi 6.19.11+kali-amd64 #1 SMP PREEMPT_DYNAMIC Kali 6.19.11-1kali1 (2026-04-09) x86_64",
		"timestamp":	{
			"time":	"Thu, 23 Apr 2026 18:52:28 GMT",
			"timesecs":	1776970348,
			"timemillisecs":	1776970348619
		},
		"connecting_to":	{
			"host":	"192.168.1.58",
			"port":	5201
		},
		"cookie":	"hrurnd26vwvcixvuaijjplzpshk3dsjjpghh",
		"tcp_mss":	766,
		"target_bitrate":	0,
		"fq_rate":	0,
		"sock_bufsize":	0,
		"sndbuf_actual":	16384,
		"rcvbuf_actual":	131072,
		"test_start":	{
			"protocol":	"TCP",
			"num_streams":	1,
			"blksize":	131072,
			"omit":	0,
			"duration":	10,
			"bytes":	0,
			"blocks":	0,
			"reverse":	0,
			"tos":	0,
			"target_bitrate":	0,
			"bidir":	0,
			"fqrate":	0,
			"interval":	1
		}
	},
	"intervals":	[{
			"streams":	[{
					"socket":	5,
					"start":	0,
					"end":	1.001139,
					"seconds":	1.0011390447616577,
					"bytes":	3538944,
					"bits_per_second":	28279340.565266,
					"retransmits":	0,
					"snd_cwnd":	212628,
					"snd_wnd":	748928,
					"rtt":	61439,
					"rttvar":	5167,
					"pmtu":	1500,
					"reorder":	0,
					"omitted":	false,
					"sender":	true
				}],
			"sum":	{
				"start":	0,
				"end":	1.001139,
				"seconds":	1.0011390447616577,
				"bytes":	3538944,
				"bits_per_second":	28279340.565266,
				"retransmits":	0,
				"omitted":	false,
				"sender":	true
			}
		}, {
			"streams":	[{
					"socket":	5,
					"start":	1.001139,
					"end":	2.001095,
					"seconds":	0.99995601177215576,
					"bytes":	3538944,
					"bits_per_second":	28312797.42978425,
					"retransmits":	0,
					"snd_cwnd":	330252,
					"snd_wnd":	707328,
					"rtt":	108114,
					"rttvar":	14834,
					"pmtu":	1500,
					"reorder":	0,
					"omitted":	false,
					"sender":	true
				}],
			"sum":	{
				"start":	1.001139,
				"end":	2.001095,
				"seconds":	0.99995601177215576,
				"bytes":	3538944,
				"bits_per_second":	28312797.42978425,
				"retransmits":	0,
				"omitted":	false,
				"sender":	true
			}
		}, {
			"streams":	[{
					"socket":	5,
					"start":	2.001095,
					"end":	3.001137,
					"seconds":	1.0000419616699219,
					"bytes":	4718592,
					"bits_per_second":	37747152.0664645,
					"retransmits":	0,
					"snd_cwnd":	511966,
					"snd_wnd":	1851264,
					"rtt":	61495,
					"rttvar":	35695,
					"pmtu":	1500,
					"reorder":	0,
					"omitted":	false,
					"sender":	true
				}],
			"sum":	{
				"start":	2.001095,
				"end":	3.001137,
				"seconds":	1.0000419616699219,
				"bytes":	4718592,
				"bits_per_second":	37747152.0664645,
				"retransmits":	0,
				"omitted":	false,
				"sender":	true
			}
		}, {
			"streams":	[{
					"socket":	5,
					"start":	3.001137,
					"end":	4.001022,
					"seconds":	0.99988502264022827,
					"bytes":	3276800,
					"bits_per_second":	26217414.4090888,
					"retransmits":	0,
					"snd_cwnd":	678600,
					"snd_wnd":	1462336,
					"rtt":	150211,
					"rttvar":	97918,
					"pmtu":	1500,
					"reorder":	0,
					"omitted":	false,
					"sender":	true
				}],
			"sum":	{
				"start":	3.001137,
				"end":	4.001022,
				"seconds":	0.99988502264022827,
				"bytes":	3276800,
				"bits_per_second":	26217414.4090888,
				"retransmits":	0,
				"omitted":	false,
				"sender":	true
			}
		}, {
			"streams":	[{
					"socket":	5,
					"start":	4.001022,
					"end":	5.001136,
					"seconds":	1.0001139640808105,
					"bytes":	2883584,
					"bits_per_second":	23066043.299577426,
					"retransmits":	0,
					"snd_cwnd":	796224,
					"snd_wnd":	1935680,
					"rtt":	292575,
					"rttvar":	22192,
					"pmtu":	1500,
					"reorder":	0,
					"omitted":	false,
					"sender":	true
				}],
			"sum":	{
				"start":	4.001022,
				"end":	5.001136,
				"seconds":	1.0001139640808105,
				"bytes":	2883584,
				"bits_per_second":	23066043.299577426,
				"retransmits":	0,
				"omitted":	false,
				"sender":	true
			}
		}, {
			"streams":	[{
					"socket":	5,
					"start":	5.001136,
					"end":	6.001044,
					"seconds":	0.9999079704284668,
					"bytes":	2752512,
					"bits_per_second":	22022122.686515093,
					"retransmits":	0,
					"snd_cwnd":	920634,
					"snd_wnd":	1935680,
					"rtt":	155670,
					"rttvar":	18849,
					"pmtu":	1500,
					"reorder":	0,
					"omitted":	false,
					"sender":	true
				}],
			"sum":	{
				"start":	5.001136,
				"end":	6.001044,
				"seconds":	0.9999079704284668,
				"bytes":	2752512,
				"bits_per_second":	22022122.686515093,
				"retransmits":	0,
				"omitted":	false,
				"sender":	true
			}
		}, {
			"streams":	[{
					"socket":	5,
					"start":	6.001044,
					"end":	7.00109,
					"seconds":	1.0000460147857666,
					"bytes":	1441792,
					"bits_per_second":	11533805.274421224,
					"retransmits":	0,
					"snd_cwnd":	1016392,
					"snd_wnd":	1935680,
					"rtt":	461570,
					"rttvar":	26949,
					"pmtu":	1500,
					"reorder":	0,
					"omitted":	false,
					"sender":	true
				}],
			"sum":	{
				"start":	6.001044,
				"end":	7.00109,
				"seconds":	1.0000460147857666,
				"bytes":	1441792,
				"bits_per_second":	11533805.274421224,
				"retransmits":	0,
				"omitted":	false,
				"sender":	true
			}
		}, {
			"streams":	[{
					"socket":	5,
					"start":	7.00109,
					"end":	8.001078,
					"seconds":	0.9999880194664,
					"bytes":	1441792,
					"bits_per_second":	11534474.18915558,
					"retransmits":	0,
					"snd_cwnd":	1109134,
					"snd_wnd":	1935680,
					"rtt":	546894,
					"rttvar":	8248,
					"pmtu":	1500,
					"reorder":	0,
					"omitted":	false,
					"sender":	true
				}],
			"sum":	{
				"start":	7.00109,
				"end":	8.001078,
				"seconds":	0.9999880194664,
				"bytes":	1441792,
				"bits_per_second":	11534474.18915558,
				"retransmits":	0,
				"omitted":	false,
				"sender":	true
			}
		}, {
			"streams":	[{
					"socket":	5,
					"start":	8.001078,
					"end":	9.001146,
					"seconds":	1.0000679492950439,
					"bytes":	1441792,
					"bits_per_second":	11533552.303251641,
					"retransmits":	0,
					"snd_cwnd":	1152112,
					"snd_wnd":	1935680,
					"rtt":	795382,
					"rttvar":	36962,
					"pmtu":	1500,
					"reorder":	0,
					"omitted":	false,
					"sender":	true
				}],
			"sum":	{
				"start":	8.001078,
				"end":	9.001146,
				"seconds":	1.0000679492950439,
				"bytes":	1441792,
				"bits_per_second":	11533552.303251641,
				"retransmits":	0,
				"omitted":	false,
				"sender":	true
			}
		}, {
			"streams":	[{
					"socket":	5,
					"start":	9.001146,
					"end":	10.002007,
					"seconds":	1.0008610486984253,
					"bytes":	0,
					"bits_per_second":	0,
					"retransmits":	0,
					"snd_cwnd":	1168700,
					"snd_wnd":	1935680,
					"rtt":	1816237,
					"rttvar":	84065,
					"pmtu":	1500,
					"reorder":	0,
					"omitted":	false,
					"sender":	true
				}],
			"sum":	{
				"start":	9.001146,
				"end":	10.002007,
				"seconds":	1.0008610486984253,
				"bytes":	0,
				"bits_per_second":	0,
				"retransmits":	0,
				"omitted":	false,
				"sender":	true
			}
		}],
	"end":	{
		"streams":	[{
				"sender":	{
					"socket":	5,
					"start":	0,
					"end":	10.002007,
					"seconds":	10.002007,
					"bytes":	25034752,
					"bits_per_second":	20023782.826786663,
					"retransmits":	0,
					"reorder":	0,
					"max_snd_cwnd":	1168700,
					"max_snd_wnd":	1935680,
					"max_rtt":	1816237,
					"min_rtt":	61439,
					"mean_rtt":	444958,
					"sender":	true
				},
				"receiver":	{
					"socket":	5,
					"start":	0,
					"end":	11.343217,
					"seconds":	10.002007,
					"bytes":	23068672,
					"bits_per_second":	16269579.9613108,
					"sender":	true
				}
			}],
		"sum_sent":	{
			"start":	0,
			"end":	10.002007,
			"seconds":	10.002007,
			"bytes":	25034752,
			"bits_per_second":	20023782.826786663,
			"retransmits":	0,
			"sender":	true
		},
		"sum_received":	{
			"start":	0,
			"end":	11.343217,
			"seconds":	11.343217,
			"bytes":	23068672,
			"bits_per_second":	16269579.9613108,
			"sender":	true
		},
		"cpu_utilization_percent":	{
			"host_total":	0.163568731859373,
			"host_user":	0,
			"host_system":	0.16357866920638756,
			"remote_total":	11.345152775983676,
			"remote_user":	1.295775474087169,
			"remote_system":	10.049377301896508
		},
		"sender_tcp_congestion":	"cubic",
		"receiver_tcp_congestion":	"cubic"
	}
}
{
	"start":	{
		"connected":	[{
				"socket":	5,
				"local_host":	"192.168.1.48",
				"local_port":	36472,
				"remote_host":	"192.168.1.58",
				"remote_port":	5201
			}],
		"version":	"iperf 3.20",
		"system_info":	"Linux kuroi-washi 6.19.11+kali-amd64 #1 SMP PREEMPT_DYNAMIC Kali 6.19.11-1kali1 (2026-04-09) x86_64",
		"timestamp":	{
			"time":	"Thu, 23 Apr 2026 18:52:40 GMT",
			"timesecs":	1776970360,
			"timemillisecs":	1776970360897
		},
		"connecting_to":	{
			"host":	"192.168.1.58",
			"port":	5201
		},
		"cookie":	"o5r2y6xor7s7wwyi36m67lb4ctjtwwzajhuk",
		"tcp_mss":	766,
		"target_bitrate":	0,
		"fq_rate":	0,
		"sock_bufsize":	0,
		"sndbuf_actual":	16384,
		"rcvbuf_actual":	131072,
		"test_start":	{
			"protocol":	"TCP",
			"num_streams":	1,
			"blksize":	131072,
			"omit":	0,
			"duration":	10,
			"bytes":	0,
			"blocks":	0,
			"reverse":	0,
			"tos":	0,
			"target_bitrate":	0,
			"bidir":	0,
			"fqrate":	0,
			"interval":	1
		}
	},
	"intervals":	[{
			"streams":	[{
					"socket":	5,
					"start":	0,
					"end":	1.00109,
					"seconds":	1.0010900497436523,
					"bytes":	3407872,
					"bits_per_second":	27233290.358825553,
					"retransmits":	0,
					"snd_cwnd":	198302,
					"snd_wnd":	602816,
					"rtt":	98158,
					"rttvar":	14335,
					"pmtu":	1500,
					"reorder":	0,
					"omitted":	false,
					"sender":	true
				}],
			"sum":	{
				"start":	0,
				"end":	1.00109,
				"seconds":	1.0010900497436523,
				"bytes":	3407872,
				"bits_per_second":	27233290.358825553,
				"retransmits":	0,
				"omitted":	false,
				"sender":	true
			}
		}, {
			"streams":	[{
					"socket":	5,
					"start":	1.00109,
					"end":	2.001117,
					"seconds":	1.0000269412994385,
					"bytes":	3014656,
					"bits_per_second":	24116598.267504636,
					"retransmits":	0,
					"snd_cwnd":	327236,
					"snd_wnd":	1045760,
					"rtt":	101762,
					"rttvar":	13022,
					"pmtu":	1500,
					"reorder":	0,
					"omitted":	false,
					"sender":	true
				}],
			"sum":	{
				"start":	1.00109,
				"end":	2.001117,
				"seconds":	1.0000269412994385,
				"bytes":	3014656,
				"bits_per_second":	24116598.267504636,
				"retransmits":	0,
				"omitted":	false,
				"sender":	true
			}
		}, {
			"streams":	[{
					"socket":	5,
					"start":	2.001117,
					"end":	3.001142,
					"seconds":	1.0000250339508057,
					"bytes":	3538944,
					"bits_per_second":	28310843.267742369,
					"retransmits":	0,
					"snd_cwnd":	461448,
					"snd_wnd":	1102080,
					"rtt":	134318,
					"rttvar":	15989,
					"pmtu":	1500,
					"reorder":	0,
					"omitted":	false,
					"sender":	true
				}],
			"sum":	{
				"start":	2.001117,
				"end":	3.001142,
				"seconds":	1.0000250339508057,
				"bytes":	3538944,
				"bits_per_second":	28310843.267742369,
				"retransmits":	0,
				"omitted":	false,
				"sender":	true
			}
		}, {
			"streams":	[{
					"socket":	5,
					"start":	3.001142,
					"end":	4.001123,
					"seconds":	0.99998098611831665,
					"bytes":	3670016,
					"bits_per_second":	29360686.2606147,
					"retransmits":	0,
					"snd_cwnd":	608478,
					"snd_wnd":	1267200,
					"rtt":	226772,
					"rttvar":	5416,
					"pmtu":	1500,
					"reorder":	0,
					"omitted":	false,
					"sender":	true
				}],
			"sum":	{
				"start":	3.001142,
				"end":	4.001123,
				"seconds":	0.99998098611831665,
				"bytes":	3670016,
				"bits_per_second":	29360686.2606147,
				"retransmits":	0,
				"omitted":	false,
				"sender":	true
			}
		}, {
			"streams":	[{
					"socket":	5,
					"start":	4.001123,
					"end":	5.001073,
					"seconds":	0.99994999170303345,
					"bytes":	1310720,
					"bits_per_second":	10486284.401224412,
					"retransmits":	0,
					"snd_cwnd":	685386,
					"snd_wnd":	1808256,
					"rtt":	263395,
					"rttvar":	18208,
					"pmtu":	1500,
					"reorder":	0,
					"omitted":	false,
					"sender":	true
				}],
			"sum":	{
				"start":	4.001123,
				"end":	5.001073,
				"seconds":	0.99994999170303345,
				"bytes":	1310720,
				"bits_per_second":	10486284.401224412,
				"retransmits":	0,
				"omitted":	false,
				"sender":	true
			}
		}, {
			"streams":	[{
					"socket":	5,
					"start":	5.001073,
					"end":	6.001098,
					"seconds":	1.0000250339508057,
					"bytes":	2883584,
					"bits_per_second":	23068094.514456745,
					"retransmits":	0,
					"snd_cwnd":	835432,
					"snd_wnd":	1935680,
					"rtt":	228279,
					"rttvar":	6424,
					"pmtu":	1500,
					"reorder":	0,
					"omitted":	false,
					"sender":	true
				}],
			"sum":	{
				"start":	5.001073,
				"end":	6.001098,
				"seconds":	1.0000250339508057,
				"bytes":	2883584,
				"bits_per_second":	23068094.514456745,
				"retransmits":	0,
				"omitted":	false,
				"sender":	true
			}
		}, {
			"streams":	[{
					"socket":	5,
					"start":	6.001098,
					"end":	7.001059,
					"seconds":	0.999961018562317,
					"bytes":	2883584,
					"bits_per_second":	23069571.285055425,
					"retransmits":	0,
					"snd_cwnd":	953810,
					"snd_wnd":	1935680,
					"rtt":	301435,
					"rttvar":	16449,
					"pmtu":	1500,
					"reorder":	0,
					"omitted":	false,
					"sender":	true
				}],
			"sum":	{
				"start":	6.001098,
				"end":	7.001059,
				"seconds":	0.999961018562317,
				"bytes":	2883584,
				"bits_per_second":	23069571.285055425,
				"retransmits":	0,
				"omitted":	false,
				"sender":	true
			}
		}, {
			"streams":	[{
					"socket":	5,
					"start":	7.001059,
					"end":	8.001105,
					"seconds":	1.0000460147857666,
					"bytes":	2883584,
					"bits_per_second":	23067610.548842449,
					"retransmits":	0,
					"snd_cwnd":	1091792,
					"snd_wnd":	1935680,
					"rtt":	391061,
					"rttvar":	6226,
					"pmtu":	1500,
					"reorder":	0,
					"omitted":	false,
					"sender":	true
				}],
			"sum":	{
				"start":	7.001059,
				"end":	8.001105,
				"seconds":	1.0000460147857666,
				"bytes":	2883584,
				"bits_per_second":	23067610.548842449,
				"retransmits":	0,
				"omitted":	false,
				"sender":	true
			}
		}, {
			"streams":	[{
					"socket":	5,
					"start":	8.001105,
					"end":	9.001142,
					"seconds":	1.0000369548797607,
					"bytes":	2752512,
					"bits_per_second":	22019282.280070923,
					"retransmits":	0,
					"snd_cwnd":	1249378,
					"snd_wnd":	1934912,
					"rtt":	345953,
					"rttvar":	10558,
					"pmtu":	1500,
					"reorder":	0,
					"omitted":	false,
					"sender":	true
				}],
			"sum":	{
				"start":	8.001105,
				"end":	9.001142,
				"seconds":	1.0000369548797607,
				"bytes":	2752512,
				"bits_per_second":	22019282.280070923,
				"retransmits":	0,
				"omitted":	false,
				"sender":	true
			}
		}, {
			"streams":	[{
					"socket":	5,
					"start":	9.001142,
					"end":	10.001906,
					"seconds":	1.000764012336731,
					"bytes":	2883584,
					"bits_per_second":	23051060.705246456,
					"retransmits":	0,
					"snd_cwnd":	1377558,
					"snd_wnd":	1934912,
					"rtt":	482486,
					"rttvar":	3919,
					"pmtu":	1500,
					"reorder":	0,
					"omitted":	false,
					"sender":	true
				}],
			"sum":	{
				"start":	9.001142,
				"end":	10.001906,
				"seconds":	1.000764012336731,
				"bytes":	2883584,
				"bits_per_second":	23051060.705246456,
				"retransmits":	0,
				"omitted":	false,
				"sender":	true
			}
		}],
	"end":	{
		"streams":	[{
				"sender":	{
					"socket":	5,
					"start":	0,
					"end":	10.001906,
					"seconds":	10.001906,
					"bytes":	29229056,
					"bits_per_second":	23378788.802854177,
					"retransmits":	0,
					"reorder":	0,
					"max_snd_cwnd":	1377558,
					"max_snd_wnd":	1935680,
					"max_rtt":	482486,
					"min_rtt":	98158,
					"mean_rtt":	257361,
					"sender":	true
				},
				"receiver":	{
					"socket":	5,
					"start":	0,
					"end":	10.489085,
					"seconds":	10.001906,
					"bytes":	27262976,
					"bits_per_second":	20793406.479211487,
					"sender":	true
				}
			}],
		"sum_sent":	{
			"start":	0,
			"end":	10.001906,
			"seconds":	10.001906,
			"bytes":	29229056,
			"bits_per_second":	23378788.802854177,
			"retransmits":	0,
			"sender":	true
		},
		"sum_received":	{
			"start":	0,
			"end":	10.489085,
			"seconds":	10.489085,
			"bytes":	27262976,
			"bits_per_second":	20793406.479211487,
			"sender":	true
		},
		"cpu_utilization_percent":	{
			"host_total":	0.18791584694347216,
			"host_user":	0,
			"host_system":	0.18791584694347216,
			"remote_total":	12.878621019142777,
			"remote_user":	0.87812083756090031,
			"remote_system":	12.000481177722383
		},
		"sender_tcp_congestion":	"cubic",
		"receiver_tcp_congestion":	"cubic"
	}
}
{
	"start":	{
		"connected":	[{
				"socket":	5,
				"local_host":	"192.168.1.48",
				"local_port":	35668,
				"remote_host":	"192.168.1.58",
				"remote_port":	5201
			}],
		"version":	"iperf 3.20",
		"system_info":	"Linux kuroi-washi 6.19.11+kali-amd64 #1 SMP PREEMPT_DYNAMIC Kali 6.19.11-1kali1 (2026-04-09) x86_64",
		"timestamp":	{
			"time":	"Thu, 23 Apr 2026 18:52:52 GMT",
			"timesecs":	1776970372,
			"timemillisecs":	1776970372026
		},
		"connecting_to":	{
			"host":	"192.168.1.58",
			"port":	5201
		},
		"cookie":	"yyq4xdf4t3sxkkwzeipdse2lict5b3wcwyx5",
		"tcp_mss":	766,
		"target_bitrate":	0,
		"fq_rate":	0,
		"sock_bufsize":	0,
		"sndbuf_actual":	16384,
		"rcvbuf_actual":	131072,
		"test_start":	{
			"protocol":	"TCP",
			"num_streams":	1,
			"blksize":	131072,
			"omit":	0,
			"duration":	10,
			"bytes":	0,
			"blocks":	0,
			"reverse":	0,
			"tos":	0,
			"target_bitrate":	0,
			"bidir":	0,
			"fqrate":	0,
			"interval":	1
		}
	},
	"intervals":	[{
			"streams":	[{
					"socket":	5,
					"start":	0,
					"end":	1.001087,
					"seconds":	1.001086950302124,
					"bytes":	4325376,
					"bits_per_second":	34565437.087714463,
					"retransmits":	0,
					"snd_cwnd":	232232,
					"snd_wnd":	907968,
					"rtt":	70970,
					"rttvar":	3215,
					"pmtu":	1500,
					"reorder":	0,
					"omitted":	false,
					"sender":	true
				}],
			"sum":	{
				"start":	0,
				"end":	1.001087,
				"seconds":	1.001086950302124,
				"bytes":	4325376,
				"bits_per_second":	34565437.087714463,
				"retransmits":	0,
				"omitted":	false,
				"sender":	true
			}
		}, {
			"streams":	[{
					"socket":	5,
					"start":	1.001087,
					"end":	2.001088,
					"seconds":	1.0000009536743164,
					"bytes":	2621440,
					"bits_per_second":	20971500.000019073,
					"retransmits":	0,
					"snd_cwnd":	349102,
					"snd_wnd":	913344,
					"rtt":	136042,
					"rttvar":	6163,
					"pmtu":	1500,
					"reorder":	0,
					"omitted":	false,
					"sender":	true
				}],
			"sum":	{
				"start":	1.001087,
				"end":	2.001088,
				"seconds":	1.0000009536743164,
				"bytes":	2621440,
				"bits_per_second":	20971500.000019073,
				"retransmits":	0,
				"omitted":	false,
				"sender":	true
			}
		}, {
			"streams":	[{
					"socket":	5,
					"start":	2.001088,
					"end":	3.001021,
					"seconds":	0.99993300437927246,
					"bytes":	2490368,
					"bits_per_second":	19924278.8394284,
					"retransmits":	0,
					"snd_cwnd":	462202,
					"snd_wnd":	1112704,
					"rtt":	124032,
					"rttvar":	20336,
					"pmtu":	1500,
					"reorder":	0,
					"omitted":	false,
					"sender":	true
				}],
			"sum":	{
				"start":	2.001088,
				"end":	3.001021,
				"seconds":	0.99993300437927246,
				"bytes":	2490368,
				"bits_per_second":	19924278.8394284,
				"retransmits":	0,
				"omitted":	false,
				"sender":	true
			}
		}, {
			"streams":	[{
					"socket":	5,
					"start":	3.001021,
					"end":	4.001087,
					"seconds":	1.0000660419464111,
					"bytes":	3145728,
					"bits_per_second":	25164162.109754466,
					"retransmits":	0,
					"snd_cwnd":	582088,
					"snd_wnd":	1149248,
					"rtt":	230534,
					"rttvar":	14435,
					"pmtu":	1500,
					"reorder":	0,
					"omitted":	false,
					"sender":	true
				}],
			"sum":	{
				"start":	3.001021,
				"end":	4.001087,
				"seconds":	1.0000660419464111,
				"bytes":	3145728,
				"bits_per_second":	25164162.109754466,
				"retransmits":	0,
				"omitted":	false,
				"sender":	true
			}
		}, {
			"streams":	[{
					"socket":	5,
					"start":	4.001087,
					"end":	5.001091,
					"seconds":	1.0000040531158447,
					"bytes":	1572864,
					"bits_per_second":	12582861.000206709,
					"retransmits":	0,
					"snd_cwnd":	650702,
					"snd_wnd":	1272896,
					"rtt":	370620,
					"rttvar":	10712,
					"pmtu":	1500,
					"reorder":	0,
					"omitted":	false,
					"sender":	true
				}],
			"sum":	{
				"start":	4.001087,
				"end":	5.001091,
				"seconds":	1.0000040531158447,
				"bytes":	1572864,
				"bits_per_second":	12582861.000206709,
				"retransmits":	0,
				"omitted":	false,
				"sender":	true
			}
		}, {
			"streams":	[{
					"socket":	5,
					"start":	5.001091,
					"end":	6.001088,
					"seconds":	0.99999701976776123,
					"bytes":	2752512,
					"bits_per_second":	22020161.625195578,
					"retransmits":	0,
					"snd_cwnd":	747968,
					"snd_wnd":	1610368,
					"rtt":	447638,
					"rttvar":	18160,
					"pmtu":	1500,
					"reorder":	0,
					"omitted":	false,
					"sender":	true
				}],
			"sum":	{
				"start":	5.001091,
				"end":	6.001088,
				"seconds":	0.99999701976776123,
				"bytes":	2752512,
				"bits_per_second":	22020161.625195578,
				"retransmits":	0,
				"omitted":	false,
				"sender":	true
			}
		}, {
			"streams":	[{
					"socket":	5,
					"start":	6.001088,
					"end":	7.001068,
					"seconds":	0.99997997283935547,
					"bytes":	1572864,
					"bits_per_second":	12583164.005046945,
					"retransmits":	0,
					"snd_cwnd":	866346,
					"snd_wnd":	1935680,
					"rtt":	197318,
					"rttvar":	3025,
					"pmtu":	1500,
					"reorder":	0,
					"omitted":	false,
					"sender":	true
				}],
			"sum":	{
				"start":	6.001088,
				"end":	7.001068,
				"seconds":	0.99997997283935547,
				"bytes":	1572864,
				"bits_per_second":	12583164.005046945,
				"retransmits":	0,
				"omitted":	false,
				"sender":	true
			}
		}, {
			"streams":	[{
					"socket":	5,
					"start":	7.001068,
					"end":	8.001097,
					"seconds":	1.0000289678573608,
					"bytes":	2883584,
					"bits_per_second":	23068003.769357208,
					"retransmits":	0,
					"snd_cwnd":	959842,
					"snd_wnd":	1935680,
					"rtt":	632130,
					"rttvar":	14509,
					"pmtu":	1500,
					"reorder":	0,
					"omitted":	false,
					"sender":	true
				}],
			"sum":	{
				"start":	7.001068,
				"end":	8.001097,
				"seconds":	1.0000289678573608,
				"bytes":	2883584,
				"bits_per_second":	23068003.769357208,
				"retransmits":	0,
				"omitted":	false,
				"sender":	true
			}
		}, {
			"streams":	[{
					"socket":	5,
					"start":	8.001097,
					"end":	9.0011,
					"seconds":	1.0000029802322388,
					"bytes":	1441792,
					"bits_per_second":	11534301.625102445,
					"retransmits":	0,
					"snd_cwnd":	1039766,
					"snd_wnd":	1935680,
					"rtt":	582708,
					"rttvar":	12681,
					"pmtu":	1500,
					"reorder":	0,
					"omitted":	false,
					"sender":	true
				}],
			"sum":	{
				"start":	8.001097,
				"end":	9.0011,
				"seconds":	1.0000029802322388,
				"bytes":	1441792,
				"bits_per_second":	11534301.625102445,
				"retransmits":	0,
				"omitted":	false,
				"sender":	true
			}
		}, {
			"streams":	[{
					"socket":	5,
					"start":	9.0011,
					"end":	10.001992,
					"seconds":	1.0008920431137085,
					"bytes":	1441792,
					"bits_per_second":	11524056.045162922,
					"retransmits":	0,
					"snd_cwnd":	1117428,
					"snd_wnd":	1935680,
					"rtt":	325626,
					"rttvar":	32820,
					"pmtu":	1500,
					"reorder":	0,
					"omitted":	false,
					"sender":	true
				}],
			"sum":	{
				"start":	9.0011,
				"end":	10.001992,
				"seconds":	1.0008920431137085,
				"bytes":	1441792,
				"bits_per_second":	11524056.045162922,
				"retransmits":	0,
				"omitted":	false,
				"sender":	true
			}
		}],
	"end":	{
		"streams":	[{
				"sender":	{
					"socket":	5,
					"start":	0,
					"end":	10.001992,
					"seconds":	10.001992,
					"bytes":	24248320,
					"bits_per_second":	19394792.55732258,
					"retransmits":	0,
					"reorder":	0,
					"max_snd_cwnd":	1117428,
					"max_snd_wnd":	1935680,
					"max_rtt":	632130,
					"min_rtt":	70970,
					"mean_rtt":	311761,
					"sender":	true
				},
				"receiver":	{
					"socket":	5,
					"start":	0,
					"end":	10.864471,
					"seconds":	10.001992,
					"bytes":	21889024,
					"bits_per_second":	16117875.59652007,
					"sender":	true
				}
			}],
		"sum_sent":	{
			"start":	0,
			"end":	10.001992,
			"seconds":	10.001992,
			"bytes":	24248320,
			"bits_per_second":	19394792.55732258,
			"retransmits":	0,
			"sender":	true
		},
		"sum_received":	{
			"start":	0,
			"end":	10.864471,
			"seconds":	10.864471,
			"bytes":	21889024,
			"bits_per_second":	16117875.59652007,
			"sender":	true
		},
		"cpu_utilization_percent":	{
			"host_total":	0.15969059179238757,
			"host_user":	0.067279901547606338,
			"host_system":	0.092400772806463471,
			"remote_total":	12.109828986216643,
			"remote_user":	0.73055613573247724,
			"remote_system":	11.3792453925054
		},
		"sender_tcp_congestion":	"cubic",
		"receiver_tcp_congestion":	"cubic"
	}
}
{
	"start":	{
		"connected":	[{
				"socket":	5,
				"local_host":	"192.168.1.48",
				"local_port":	44246,
				"remote_host":	"192.168.1.58",
				"remote_port":	5201
			}],
		"version":	"iperf 3.20",
		"system_info":	"Linux kuroi-washi 6.19.11+kali-amd64 #1 SMP PREEMPT_DYNAMIC Kali 6.19.11-1kali1 (2026-04-09) x86_64",
		"timestamp":	{
			"time":	"Thu, 23 Apr 2026 18:53:04 GMT",
			"timesecs":	1776970384,
			"timemillisecs":	1776970384212
		},
		"connecting_to":	{
			"host":	"192.168.1.58",
			"port":	5201
		},
		"cookie":	"w54qfy7dbru7dk6jhmj6o4re6ddanarujlp7",
		"tcp_mss":	766,
		"target_bitrate":	0,
		"fq_rate":	0,
		"sock_bufsize":	0,
		"sndbuf_actual":	16384,
		"rcvbuf_actual":	131072,
		"test_start":	{
			"protocol":	"TCP",
			"num_streams":	1,
			"blksize":	131072,
			"omit":	0,
			"duration":	10,
			"bytes":	0,
			"blocks":	0,
			"reverse":	0,
			"tos":	0,
			"target_bitrate":	0,
			"bidir":	0,
			"fqrate":	0,
			"interval":	1
		}
	},
	"intervals":	[{
			"streams":	[{
					"socket":	5,
					"start":	0,
					"end":	1.001091,
					"seconds":	1.0010910034179688,
					"bytes":	1048576,
					"bits_per_second":	8379465.9739816329,
					"retransmits":	0,
					"snd_cwnd":	101790,
					"snd_wnd":	452928,
					"rtt":	112364,
					"rttvar":	14577,
					"pmtu":	1500,
					"reorder":	0,
					"omitted":	false,
					"sender":	true
				}],
			"sum":	{
				"start":	0,
				"end":	1.001091,
				"seconds":	1.0010910034179688,
				"bytes":	1048576,
				"bits_per_second":	8379465.9739816329,
				"retransmits":	0,
				"omitted":	false,
				"sender":	true
			}
		}, {
			"streams":	[{
					"socket":	5,
					"start":	1.001091,
					"end":	2.001121,
					"seconds":	1.0000300407409668,
					"bytes":	1966080,
					"bits_per_second":	15728167.514193824,
					"retransmits":	0,
					"snd_cwnd":	183222,
					"snd_wnd":	1130944,
					"rtt":	47185,
					"rttvar":	5154,
					"pmtu":	1500,
					"reorder":	0,
					"omitted":	false,
					"sender":	true
				}],
			"sum":	{
				"start":	1.001091,
				"end":	2.001121,
				"seconds":	1.0000300407409668,
				"bytes":	1966080,
				"bits_per_second":	15728167.514193824,
				"retransmits":	0,
				"omitted":	false,
				"sender":	true
			}
		}, {
			"streams":	[{
					"socket":	5,
					"start":	2.001121,
					"end":	3.001139,
					"seconds":	1.0000180006027222,
					"bytes":	917504,
					"bits_per_second":	7339899.8773782868,
					"retransmits":	1,
					"snd_cwnd":	218660,
					"snd_wnd":	1164480,
					"rtt":	99986,
					"rttvar":	31657,
					"pmtu":	1500,
					"reorder":	0,
					"omitted":	false,
					"sender":	true
				}],
			"sum":	{
				"start":	2.001121,
				"end":	3.001139,
				"seconds":	1.0000180006027222,
				"bytes":	917504,
				"bits_per_second":	7339899.8773782868,
				"retransmits":	1,
				"omitted":	false,
				"sender":	true
			}
		}, {
			"streams":	[{
					"socket":	5,
					"start":	3.001139,
					"end":	4.00113,
					"seconds":	0.999990999698639,
					"bytes":	2228224,
					"bits_per_second":	17825952.438944,
					"retransmits":	0,
					"snd_cwnd":	318188,
					"snd_wnd":	1164480,
					"rtt":	105489,
					"rttvar":	6115,
					"pmtu":	1500,
					"reorder":	0,
					"omitted":	false,
					"sender":	true
				}],
			"sum":	{
				"start":	3.001139,
				"end":	4.00113,
				"seconds":	0.999990999698639,
				"bytes":	2228224,
				"bits_per_second":	17825952.438944,
				"retransmits":	0,
				"omitted":	false,
				"sender":	true
			}
		}, {
			"streams":	[{
					"socket":	5,
					"start":	4.00113,
					"end":	5.001125,
					"seconds":	0.999994993209839,
					"bytes":	3538944,
					"bits_per_second":	28311693.750709716,
					"retransmits":	0,
					"snd_cwnd":	430534,
					"snd_wnd":	1164480,
					"rtt":	98353,
					"rttvar":	16729,
					"pmtu":	1500,
					"reorder":	0,
					"omitted":	false,
					"sender":	true
				}],
			"sum":	{
				"start":	4.00113,
				"end":	5.001125,
				"seconds":	0.999994993209839,
				"bytes":	3538944,
				"bits_per_second":	28311693.750709716,
				"retransmits":	0,
				"omitted":	false,
				"sender":	true
			}
		}, {
			"streams":	[{
					"socket":	5,
					"start":	5.001125,
					"end":	6.001114,
					"seconds":	0.99998897314071655,
					"bytes":	2097152,
					"bits_per_second":	16777401.002039991,
					"retransmits":	0,
					"snd_cwnd":	549666,
					"snd_wnd":	1164480,
					"rtt":	198184,
					"rttvar":	8217,
					"pmtu":	1500,
					"reorder":	0,
					"omitted":	false,
					"sender":	true
				}],
			"sum":	{
				"start":	5.001125,
				"end":	6.001114,
				"seconds":	0.99998897314071655,
				"bytes":	2097152,
				"bits_per_second":	16777401.002039991,
				"retransmits":	0,
				"omitted":	false,
				"sender":	true
			}
		}, {
			"streams":	[{
					"socket":	5,
					"start":	6.001114,
					"end":	7.001056,
					"seconds":	0.99994200468063354,
					"bytes":	3670016,
					"bits_per_second":	29361830.848757256,
					"retransmits":	0,
					"snd_cwnd":	670306,
					"snd_wnd":	1270208,
					"rtt":	360954,
					"rttvar":	15423,
					"pmtu":	1500,
					"reorder":	0,
					"omitted":	false,
					"sender":	true
				}],
			"sum":	{
				"start":	6.001114,
				"end":	7.001056,
				"seconds":	0.99994200468063354,
				"bytes":	3670016,
				"bits_per_second":	29361830.848757256,
				"retransmits":	0,
				"omitted":	false,
				"sender":	true
			}
		}, {
			"streams":	[{
					"socket":	5,
					"start":	7.001056,
					"end":	8.001094,
					"seconds":	1.0000380277633667,
					"bytes":	1703936,
					"bits_per_second":	13630969.644711893,
					"retransmits":	0,
					"snd_cwnd":	775112,
					"snd_wnd":	1378304,
					"rtt":	87888,
					"rttvar":	51536,
					"pmtu":	1500,
					"reorder":	0,
					"omitted":	false,
					"sender":	true
				}],
			"sum":	{
				"start":	7.001056,
				"end":	8.001094,
				"seconds":	1.0000380277633667,
				"bytes":	1703936,
				"bits_per_second":	13630969.644711893,
				"retransmits":	0,
				"omitted":	false,
				"sender":	true
			}
		}, {
			"streams":	[{
					"socket":	5,
					"start":	8.001094,
					"end":	9.001136,
					"seconds":	1.0000419616699219,
					"bytes":	3014656,
					"bits_per_second":	24116236.042463429,
					"retransmits":	0,
					"snd_cwnd":	916110,
					"snd_wnd":	1935680,
					"rtt":	311380,
					"rttvar":	7298,
					"pmtu":	1500,
					"reorder":	0,
					"omitted":	false,
					"sender":	true
				}],
			"sum":	{
				"start":	8.001094,
				"end":	9.001136,
				"seconds":	1.0000419616699219,
				"bytes":	3014656,
				"bits_per_second":	24116236.042463429,
				"retransmits":	0,
				"omitted":	false,
				"sender":	true
			}
		}, {
			"streams":	[{
					"socket":	5,
					"start":	9.001136,
					"end":	10.001911,
					"seconds":	1.0007749795913696,
					"bytes":	1441792,
					"bits_per_second":	11525404.047081223,
					"retransmits":	0,
					"snd_cwnd":	1005836,
					"snd_wnd":	1935680,
					"rtt":	263848,
					"rttvar":	31479,
					"pmtu":	1500,
					"reorder":	0,
					"omitted":	false,
					"sender":	true
				}],
			"sum":	{
				"start":	9.001136,
				"end":	10.001911,
				"seconds":	1.0007749795913696,
				"bytes":	1441792,
				"bits_per_second":	11525404.047081223,
				"retransmits":	0,
				"omitted":	false,
				"sender":	true
			}
		}],
	"end":	{
		"streams":	[{
				"sender":	{
					"socket":	5,
					"start":	0,
					"end":	10.001911,
					"seconds":	10.001911,
					"bytes":	21626880,
					"bits_per_second":	17298198.314302139,
					"retransmits":	1,
					"reorder":	0,
					"max_snd_cwnd":	1005836,
					"max_snd_wnd":	1935680,
					"max_rtt":	360954,
					"min_rtt":	47185,
					"mean_rtt":	168563,
					"sender":	true
				},
				"receiver":	{
					"socket":	5,
					"start":	0,
					"end":	10.349118,
					"seconds":	10.001911,
					"bytes":	19791872,
					"bits_per_second":	15299369.0863318,
					"sender":	true
				}
			}],
		"sum_sent":	{
			"start":	0,
			"end":	10.001911,
			"seconds":	10.001911,
			"bytes":	21626880,
			"bits_per_second":	17298198.314302139,
			"retransmits":	1,
			"sender":	true
		},
		"sum_received":	{
			"start":	0,
			"end":	10.349118,
			"seconds":	10.349118,
			"bytes":	19791872,
			"bits_per_second":	15299369.0863318,
			"sender":	true
		},
		"cpu_utilization_percent":	{
			"host_total":	0.16097044936797777,
			"host_user":	0.0588957445044621,
			"host_system":	0.10209456182390152,
			"remote_total":	10.774080836727665,
			"remote_user":	0.271732542680076,
			"remote_system":	10.502367534474034
		},
		"sender_tcp_congestion":	"cubic",
		"receiver_tcp_congestion":	"cubic"
	}
}
{
	"start":	{
		"connected":	[{
				"socket":	5,
				"local_host":	"192.168.1.48",
				"local_port":	57928,
				"remote_host":	"192.168.1.58",
				"remote_port":	5201
			}],
		"version":	"iperf 3.20",
		"system_info":	"Linux kuroi-washi 6.19.11+kali-amd64 #1 SMP PREEMPT_DYNAMIC Kali 6.19.11-1kali1 (2026-04-09) x86_64",
		"timestamp":	{
			"time":	"Thu, 23 Apr 2026 18:53:15 GMT",
			"timesecs":	1776970395,
			"timemillisecs":	1776970395093
		},
		"connecting_to":	{
			"host":	"192.168.1.58",
			"port":	5201
		},
		"cookie":	"5ckxbc2ompzaw7njxxpkxr3gzmgncminwaec",
		"tcp_mss":	766,
		"target_bitrate":	0,
		"fq_rate":	0,
		"sock_bufsize":	0,
		"sndbuf_actual":	16384,
		"rcvbuf_actual":	131072,
		"test_start":	{
			"protocol":	"TCP",
			"num_streams":	1,
			"blksize":	131072,
			"omit":	0,
			"duration":	10,
			"bytes":	0,
			"blocks":	0,
			"reverse":	0,
			"tos":	0,
			"target_bitrate":	0,
			"bidir":	0,
			"fqrate":	0,
			"interval":	1
		}
	},
	"intervals":	[{
			"streams":	[{
					"socket":	5,
					"start":	0,
					"end":	1.001144,
					"seconds":	1.0011440515518188,
					"bytes":	2883584,
					"bits_per_second":	23042310.409019072,
					"retransmits":	0,
					"snd_cwnd":	199056,
					"snd_wnd":	1516032,
					"rtt":	95065,
					"rttvar":	9605,
					"pmtu":	1500,
					"reorder":	0,
					"omitted":	false,
					"sender":	true
				}],
			"sum":	{
				"start":	0,
				"end":	1.001144,
				"seconds":	1.0011440515518188,
				"bytes":	2883584,
				"bits_per_second":	23042310.409019072,
				"retransmits":	0,
				"omitted":	false,
				"sender":	true
			}
		}, {
			"streams":	[{
					"socket":	5,
					"start":	1.001144,
					"end":	2.001136,
					"seconds":	0.9999920129776,
					"bytes":	1703936,
					"bits_per_second":	13631596.875869595,
					"retransmits":	0,
					"snd_cwnd":	262392,
					"snd_wnd":	1516032,
					"rtt":	161760,
					"rttvar":	44972,
					"pmtu":	1500,
					"reorder":	0,
					"omitted":	false,
					"sender":	true
				}],
			"sum":	{
				"start":	1.001144,
				"end":	2.001136,
				"seconds":	0.9999920129776,
				"bytes":	1703936,
				"bits_per_second":	13631596.875869595,
				"retransmits":	0,
				"omitted":	false,
				"sender":	true
			}
		}, {
			"streams":	[{
					"socket":	5,
					"start":	2.001136,
					"end":	3.001139,
					"seconds":	1.0000029802322388,
					"bytes":	0,
					"bits_per_second":	0,
					"retransmits":	0,
					"snd_cwnd":	271440,
					"snd_wnd":	1516032,
					"rtt":	692242,
					"rttvar":	116211,
					"pmtu":	1500,
					"reorder":	0,
					"omitted":	false,
					"sender":	true
				}],
			"sum":	{
				"start":	2.001136,
				"end":	3.001139,
				"seconds":	1.0000029802322388,
				"bytes":	0,
				"bits_per_second":	0,
				"retransmits":	0,
				"omitted":	false,
				"sender":	true
			}
		}, {
			"streams":	[{
					"socket":	5,
					"start":	3.001139,
					"end":	4.001138,
					"seconds":	0.99999898672103882,
					"bytes":	3932160,
					"bits_per_second":	31457311.8750323,
					"retransmits":	0,
					"snd_cwnd":	429026,
					"snd_wnd":	1926208,
					"rtt":	92884,
					"rttvar":	29007,
					"pmtu":	1500,
					"reorder":	0,
					"omitted":	false,
					"sender":	true
				}],
			"sum":	{
				"start":	3.001139,
				"end":	4.001138,
				"seconds":	0.99999898672103882,
				"bytes":	3932160,
				"bits_per_second":	31457311.8750323,
				"retransmits":	0,
				"omitted":	false,
				"sender":	true
			}
		}, {
			"streams":	[{
					"socket":	5,
					"start":	4.001138,
					"end":	5.001089,
					"seconds":	0.99995100498199463,
					"bytes":	4194304,
					"bits_per_second":	33556076.080551758,
					"retransmits":	0,
					"snd_cwnd":	583596,
					"snd_wnd":	1926208,
					"rtt":	202492,
					"rttvar":	11071,
					"pmtu":	1500,
					"reorder":	0,
					"omitted":	false,
					"sender":	true
				}],
			"sum":	{
				"start":	4.001138,
				"end":	5.001089,
				"seconds":	0.99995100498199463,
				"bytes":	4194304,
				"bits_per_second":	33556076.080551758,
				"retransmits":	0,
				"omitted":	false,
				"sender":	true
			}
		}, {
			"streams":	[{
					"socket":	5,
					"start":	5.001089,
					"end":	6.001135,
					"seconds":	1.0000460147857666,
					"bytes":	3407872,
					"bits_per_second":	27261721.557722893,
					"retransmits":	0,
					"snd_cwnd":	721578,
					"snd_wnd":	1928320,
					"rtt":	212421,
					"rttvar":	35617,
					"pmtu":	1500,
					"reorder":	0,
					"omitted":	false,
					"sender":	true
				}],
			"sum":	{
				"start":	5.001089,
				"end":	6.001135,
				"seconds":	1.0000460147857666,
				"bytes":	3407872,
				"bits_per_second":	27261721.557722893,
				"retransmits":	0,
				"omitted":	false,
				"sender":	true
			}
		}, {
			"streams":	[{
					"socket":	5,
					"start":	6.001135,
					"end":	7.001135,
					"seconds":	1,
					"bytes":	1441792,
					"bits_per_second":	11534336,
					"retransmits":	0,
					"snd_cwnd":	838448,
					"snd_wnd":	1935680,
					"rtt":	359220,
					"rttvar":	14581,
					"pmtu":	1500,
					"reorder":	0,
					"omitted":	false,
					"sender":	true
				}],
			"sum":	{
				"start":	6.001135,
				"end":	7.001135,
				"seconds":	1,
				"bytes":	1441792,
				"bits_per_second":	11534336,
				"retransmits":	0,
				"omitted":	false,
				"sender":	true
			}
		}, {
			"streams":	[{
					"socket":	5,
					"start":	7.001135,
					"end":	8.001136,
					"seconds":	1.0000009536743164,
					"bytes":	2359296,
					"bits_per_second":	18874350.000017166,
					"retransmits":	0,
					"snd_cwnd":	929682,
					"snd_wnd":	1935680,
					"rtt":	373969,
					"rttvar":	10065,
					"pmtu":	1500,
					"reorder":	0,
					"omitted":	false,
					"sender":	true
				}],
			"sum":	{
				"start":	7.001135,
				"end":	8.001136,
				"seconds":	1.0000009536743164,
				"bytes":	2359296,
				"bits_per_second":	18874350.000017166,
				"retransmits":	0,
				"omitted":	false,
				"sender":	true
			}
		}, {
			"streams":	[{
					"socket":	5,
					"start":	8.001136,
					"end":	9.001133,
					"seconds":	0.99999701976776123,
					"bytes":	3276800,
					"bits_per_second":	26214478.125232831,
					"retransmits":	0,
					"snd_cwnd":	1059370,
					"snd_wnd":	1935680,
					"rtt":	114594,
					"rttvar":	24857,
					"pmtu":	1500,
					"reorder":	0,
					"omitted":	false,
					"sender":	true
				}],
			"sum":	{
				"start":	8.001136,
				"end":	9.001133,
				"seconds":	0.99999701976776123,
				"bytes":	3276800,
				"bits_per_second":	26214478.125232831,
				"retransmits":	0,
				"omitted":	false,
				"sender":	true
			}
		}, {
			"streams":	[{
					"socket":	5,
					"start":	9.001133,
					"end":	10.001867,
					"seconds":	1.0007339715957642,
					"bytes":	2883584,
					"bits_per_second":	23051752.66830888,
					"retransmits":	0,
					"snd_cwnd":	1226004,
					"snd_wnd":	1935680,
					"rtt":	350016,
					"rttvar":	5171,
					"pmtu":	1500,
					"reorder":	0,
					"omitted":	false,
					"sender":	true
				}],
			"sum":	{
				"start":	9.001133,
				"end":	10.001867,
				"seconds":	1.0007339715957642,
				"bytes":	2883584,
				"bits_per_second":	23051752.66830888,
				"retransmits":	0,
				"omitted":	false,
				"sender":	true
			}
		}],
	"end":	{
		"streams":	[{
				"sender":	{
					"socket":	5,
					"start":	0,
					"end":	10.001867,
					"seconds":	10.001867,
					"bytes":	26083328,
					"bits_per_second":	20862767.3213411,
					"retransmits":	0,
					"reorder":	0,
					"max_snd_cwnd":	1226004,
					"max_snd_wnd":	1935680,
					"max_rtt":	692242,
					"min_rtt":	92884,
					"mean_rtt":	265466,
					"sender":	true
				},
				"receiver":	{
					"socket":	5,
					"start":	0,
					"end":	10.643974,
					"seconds":	10.001867,
					"bytes":	23986176,
					"bits_per_second":	18027985.4122154,
					"sender":	true
				}
			}],
		"sum_sent":	{
			"start":	0,
			"end":	10.001867,
			"seconds":	10.001867,
			"bytes":	26083328,
			"bits_per_second":	20862767.3213411,
			"retransmits":	0,
			"sender":	true
		},
		"sum_received":	{
			"start":	0,
			"end":	10.643974,
			"seconds":	10.643974,
			"bytes":	23986176,
			"bits_per_second":	18027985.4122154,
			"sender":	true
		},
		"cpu_utilization_percent":	{
			"host_total":	0.19612347383069612,
			"host_user":	0.036822209535263183,
			"host_system":	0.15931120013178895,
			"remote_total":	11.803273714397932,
			"remote_user":	0.75947207241815029,
			"remote_system":	11.0437829122436
		},
		"sender_tcp_congestion":	"cubic",
		"receiver_tcp_congestion":	"cubic"
	}
}
{
	"start":	{
		"connected":	[{
				"socket":	5,
				"local_host":	"192.168.1.48",
				"local_port":	46212,
				"remote_host":	"192.168.1.58",
				"remote_port":	5201
			}],
		"version":	"iperf 3.20",
		"system_info":	"Linux kuroi-washi 6.19.11+kali-amd64 #1 SMP PREEMPT_DYNAMIC Kali 6.19.11-1kali1 (2026-04-09) x86_64",
		"timestamp":	{
			"time":	"Thu, 23 Apr 2026 18:53:26 GMT",
			"timesecs":	1776970406,
			"timemillisecs":	1776970406636
		},
		"connecting_to":	{
			"host":	"192.168.1.58",
			"port":	5201
		},
		"cookie":	"q6a37aqrrks77etotqzdudr6yqqcegtnwa43",
		"tcp_mss":	766,
		"target_bitrate":	0,
		"fq_rate":	0,
		"sock_bufsize":	0,
		"sndbuf_actual":	16384,
		"rcvbuf_actual":	131072,
		"test_start":	{
			"protocol":	"TCP",
			"num_streams":	1,
			"blksize":	131072,
			"omit":	0,
			"duration":	10,
			"bytes":	0,
			"blocks":	0,
			"reverse":	0,
			"tos":	0,
			"target_bitrate":	0,
			"bidir":	0,
			"fqrate":	0,
			"interval":	1
		}
	},
	"intervals":	[{
			"streams":	[{
					"socket":	5,
					"start":	0,
					"end":	1.001128,
					"seconds":	1.0011279582977295,
					"bytes":	1048576,
					"bits_per_second":	8379156.66071657,
					"retransmits":	10,
					"snd_cwnd":	91234,
					"snd_wnd":	971136,
					"rtt":	690872,
					"rttvar":	14127,
					"pmtu":	1500,
					"reorder":	0,
					"omitted":	false,
					"sender":	true
				}],
			"sum":	{
				"start":	0,
				"end":	1.001128,
				"seconds":	1.0011279582977295,
				"bytes":	1048576,
				"bits_per_second":	8379156.66071657,
				"retransmits":	10,
				"omitted":	false,
				"sender":	true
			}
		}, {
			"streams":	[{
					"socket":	5,
					"start":	1.001128,
					"end":	2.001136,
					"seconds":	1.0000079870224,
					"bytes":	786432,
					"bits_per_second":	6291405.7504013451,
					"retransmits":	0,
					"snd_cwnd":	88972,
					"snd_wnd":	1192576,
					"rtt":	66466,
					"rttvar":	8238,
					"pmtu":	1500,
					"reorder":	0,
					"omitted":	false,
					"sender":	true
				}],
			"sum":	{
				"start":	1.001128,
				"end":	2.001136,
				"seconds":	1.0000079870224,
				"bytes":	786432,
				"bits_per_second":	6291405.7504013451,
				"retransmits":	0,
				"omitted":	false,
				"sender":	true
			}
		}, {
			"streams":	[{
					"socket":	5,
					"start":	2.001136,
					"end":	3.001139,
					"seconds":	1.0000029802322388,
					"bytes":	1703936,
					"bits_per_second":	13631447.375121072,
					"retransmits":	0,
					"snd_cwnd":	101036,
					"snd_wnd":	1188416,
					"rtt":	54135,
					"rttvar":	9762,
					"pmtu":	1500,
					"reorder":	0,
					"omitted":	false,
					"sender":	true
				}],
			"sum":	{
				"start":	2.001136,
				"end":	3.001139,
				"seconds":	1.0000029802322388,
				"bytes":	1703936,
				"bits_per_second":	13631447.375121072,
				"retransmits":	0,
				"omitted":	false,
				"sender":	true
			}
		}, {
			"streams":	[{
					"socket":	5,
					"start":	3.001139,
					"end":	4.001141,
					"seconds":	1.0000020265579224,
					"bytes":	1572864,
					"bits_per_second":	12582886.500051677,
					"retransmits":	0,
					"snd_cwnd":	107068,
					"snd_wnd":	1192576,
					"rtt":	48018,
					"rttvar":	8174,
					"pmtu":	1500,
					"reorder":	0,
					"omitted":	false,
					"sender":	true
				}],
			"sum":	{
				"start":	3.001139,
				"end":	4.001141,
				"seconds":	1.0000020265579224,
				"bytes":	1572864,
				"bits_per_second":	12582886.500051677,
				"retransmits":	0,
				"omitted":	false,
				"sender":	true
			}
		}, {
			"streams":	[{
					"socket":	5,
					"start":	4.001141,
					"end":	5.001094,
					"seconds":	0.99995297193527222,
					"bytes":	1835008,
					"bits_per_second":	14680754.407468528,
					"retransmits":	0,
					"snd_cwnd":	108576,
					"snd_wnd":	1192576,
					"rtt":	49883,
					"rttvar":	14644,
					"pmtu":	1500,
					"reorder":	0,
					"omitted":	false,
					"sender":	true
				}],
			"sum":	{
				"start":	4.001141,
				"end":	5.001094,
				"seconds":	0.99995297193527222,
				"bytes":	1835008,
				"bits_per_second":	14680754.407468528,
				"retransmits":	0,
				"omitted":	false,
				"sender":	true
			}
		}, {
			"streams":	[{
					"socket":	5,
					"start":	5.001094,
					"end":	6.001135,
					"seconds":	1.0000410079956055,
					"bytes":	2883584,
					"bits_per_second":	23067726.038791973,
					"retransmits":	0,
					"snd_cwnd":	109330,
					"snd_wnd":	1192576,
					"rtt":	26433,
					"rttvar":	3792,
					"pmtu":	1500,
					"reorder":	0,
					"omitted":	false,
					"sender":	true
				}],
			"sum":	{
				"start":	5.001094,
				"end":	6.001135,
				"seconds":	1.0000410079956055,
				"bytes":	2883584,
				"bits_per_second":	23067726.038791973,
				"retransmits":	0,
				"omitted":	false,
				"sender":	true
			}
		}, {
			"streams":	[{
					"socket":	5,
					"start":	6.001135,
					"end":	7.001096,
					"seconds":	0.999961018562317,
					"bytes":	2228224,
					"bits_per_second":	17826486.902088281,
					"retransmits":	0,
					"snd_cwnd":	116870,
					"snd_wnd":	1192576,
					"rtt":	88244,
					"rttvar":	3666,
					"pmtu":	1500,
					"reorder":	0,
					"omitted":	false,
					"sender":	true
				}],
			"sum":	{
				"start":	6.001135,
				"end":	7.001096,
				"seconds":	0.999961018562317,
				"bytes":	2228224,
				"bits_per_second":	17826486.902088281,
				"retransmits":	0,
				"omitted":	false,
				"sender":	true
			}
		}, {
			"streams":	[{
					"socket":	5,
					"start":	7.001096,
					"end":	8.00114,
					"seconds":	1.0000439882278442,
					"bytes":	1572864,
					"bits_per_second":	12582358.524346413,
					"retransmits":	0,
					"snd_cwnd":	121394,
					"snd_wnd":	1192576,
					"rtt":	72704,
					"rttvar":	12451,
					"pmtu":	1500,
					"reorder":	0,
					"omitted":	false,
					"sender":	true
				}],
			"sum":	{
				"start":	7.001096,
				"end":	8.00114,
				"seconds":	1.0000439882278442,
				"bytes":	1572864,
				"bits_per_second":	12582358.524346413,
				"retransmits":	0,
				"omitted":	false,
				"sender":	true
			}
		}, {
			"streams":	[{
					"socket":	5,
					"start":	8.00114,
					"end":	9.001094,
					"seconds":	0.9999539852142334,
					"bytes":	262144,
					"bits_per_second":	2097248.5044406313,
					"retransmits":	0,
					"snd_cwnd":	122902,
					"snd_wnd":	1192576,
					"rtt":	337525,
					"rttvar":	33803,
					"pmtu":	1500,
					"reorder":	0,
					"omitted":	false,
					"sender":	true
				}],
			"sum":	{
				"start":	8.00114,
				"end":	9.001094,
				"seconds":	0.9999539852142334,
				"bytes":	262144,
				"bits_per_second":	2097248.5044406313,
				"retransmits":	0,
				"omitted":	false,
				"sender":	true
			}
		}, {
			"streams":	[{
					"socket":	5,
					"start":	9.001094,
					"end":	10.001849,
					"seconds":	1.0007549524307251,
					"bytes":	1703936,
					"bits_per_second":	13621204.6384488,
					"retransmits":	0,
					"snd_cwnd":	128934,
					"snd_wnd":	1192576,
					"rtt":	40435,
					"rttvar":	7803,
					"pmtu":	1500,
					"reorder":	0,
					"omitted":	false,
					"sender":	true
				}],
			"sum":	{
				"start":	9.001094,
				"end":	10.001849,
				"seconds":	1.0007549524307251,
				"bytes":	1703936,
				"bits_per_second":	13621204.6384488,
				"retransmits":	0,
				"omitted":	false,
				"sender":	true
			}
		}],
	"end":	{
		"streams":	[{
				"sender":	{
					"socket":	5,
					"start":	0,
					"end":	10.001849,
					"seconds":	10.001849,
					"bytes":	15597568,
					"bits_per_second":	12475747.634262424,
					"retransmits":	10,
					"reorder":	0,
					"max_snd_cwnd":	128934,
					"max_snd_wnd":	1192576,
					"max_rtt":	690872,
					"min_rtt":	26433,
					"mean_rtt":	147471,
					"sender":	true
				},
				"receiver":	{
					"socket":	5,
					"start":	0,
					"end":	10.083857,
					"seconds":	10.001849,
					"bytes":	15204352,
					"bits_per_second":	12062330.515000362,
					"sender":	true
				}
			}],
		"sum_sent":	{
			"start":	0,
			"end":	10.001849,
			"seconds":	10.001849,
			"bytes":	15597568,
			"bits_per_second":	12475747.634262424,
			"retransmits":	10,
			"sender":	true
		},
		"sum_received":	{
			"start":	0,
			"end":	10.083857,
			"seconds":	10.083857,
			"bytes":	15204352,
			"bits_per_second":	12062330.515000362,
			"sender":	true
		},
		"cpu_utilization_percent":	{
			"host_total":	0.14340703308637776,
			"host_user":	0,
			"host_system":	0.14340703308637776,
			"remote_total":	10.161725607761058,
			"remote_user":	0.46350233874472863,
			"remote_system":	9.6982035173559336
		},
		"sender_tcp_congestion":	"cubic",
		"receiver_tcp_congestion":	"cubic"
	}
}
{
	"start":	{
		"connected":	[{
				"socket":	5,
				"local_host":	"192.168.1.48",
				"local_port":	56384,
				"remote_host":	"192.168.1.58",
				"remote_port":	5201
			}],
		"version":	"iperf 3.20",
		"system_info":	"Linux kuroi-washi 6.19.11+kali-amd64 #1 SMP PREEMPT_DYNAMIC Kali 6.19.11-1kali1 (2026-04-09) x86_64",
		"timestamp":	{
			"time":	"Thu, 23 Apr 2026 18:53:36 GMT",
			"timesecs":	1776970416,
			"timemillisecs":	1776970416902
		},
		"connecting_to":	{
			"host":	"192.168.1.58",
			"port":	5201
		},
		"cookie":	"wknaskxmlvrajws7hlphwjomprnwhelyoztu",
		"tcp_mss":	766,
		"target_bitrate":	0,
		"fq_rate":	0,
		"sock_bufsize":	0,
		"sndbuf_actual":	16384,
		"rcvbuf_actual":	131072,
		"test_start":	{
			"protocol":	"TCP",
			"num_streams":	1,
			"blksize":	131072,
			"omit":	0,
			"duration":	10,
			"bytes":	0,
			"blocks":	0,
			"reverse":	0,
			"tos":	0,
			"target_bitrate":	0,
			"bidir":	0,
			"fqrate":	0,
			"interval":	1
		}
	},
	"intervals":	[{
			"streams":	[{
					"socket":	5,
					"start":	0,
					"end":	1.001158,
					"seconds":	1.0011579990386963,
					"bytes":	1179648,
					"bits_per_second":	9426268.39026558,
					"retransmits":	0,
					"snd_cwnd":	85956,
					"snd_wnd":	500864,
					"rtt":	133058,
					"rttvar":	48429,
					"pmtu":	1500,
					"reorder":	0,
					"omitted":	false,
					"sender":	true
				}],
			"sum":	{
				"start":	0,
				"end":	1.001158,
				"seconds":	1.0011579990386963,
				"bytes":	1179648,
				"bits_per_second":	9426268.39026558,
				"retransmits":	0,
				"omitted":	false,
				"sender":	true
			}
		}, {
			"streams":	[{
					"socket":	5,
					"start":	1.001158,
					"end":	2.001111,
					"seconds":	0.99995297193527222,
					"bytes":	2359296,
					"bits_per_second":	18875255.666745249,
					"retransmits":	0,
					"snd_cwnd":	179452,
					"snd_wnd":	500864,
					"rtt":	46907,
					"rttvar":	2849,
					"pmtu":	1500,
					"reorder":	0,
					"omitted":	false,
					"sender":	true
				}],
			"sum":	{
				"start":	1.001158,
				"end":	2.001111,
				"seconds":	0.99995297193527222,
				"bytes":	2359296,
				"bits_per_second":	18875255.666745249,
				"retransmits":	0,
				"omitted":	false,
				"sender":	true
			}
		}, {
			"streams":	[{
					"socket":	5,
					"start":	2.001111,
					"end":	3.001141,
					"seconds":	1.0000300407409668,
					"bytes":	2097152,
					"bits_per_second":	16776712.015140079,
					"retransmits":	0,
					"snd_cwnd":	266162,
					"snd_wnd":	509248,
					"rtt":	67063,
					"rttvar":	10701,
					"pmtu":	1500,
					"reorder":	0,
					"omitted":	false,
					"sender":	true
				}],
			"sum":	{
				"start":	2.001111,
				"end":	3.001141,
				"seconds":	1.0000300407409668,
				"bytes":	2097152,
				"bits_per_second":	16776712.015140079,
				"retransmits":	0,
				"omitted":	false,
				"sender":	true
			}
		}, {
			"streams":	[{
					"socket":	5,
					"start":	3.001141,
					"end":	4.00115,
					"seconds":	1.0000089406967163,
					"bytes":	1572864,
					"bits_per_second":	12582799.501005819,
					"retransmits":	0,
					"snd_cwnd":	318942,
					"snd_wnd":	1527808,
					"rtt":	478165,
					"rttvar":	62014,
					"pmtu":	1500,
					"reorder":	0,
					"omitted":	false,
					"sender":	true
				}],
			"sum":	{
				"start":	3.001141,
				"end":	4.00115,
				"seconds":	1.0000089406967163,
				"bytes":	1572864,
				"bits_per_second":	12582799.501005819,
				"retransmits":	0,
				"omitted":	false,
				"sender":	true
			}
		}, {
			"streams":	[{
					"socket":	5,
					"start":	4.00115,
					"end":	5.001083,
					"seconds":	0.99993300437927246,
					"bytes":	1703936,
					"bits_per_second":	13632401.31118785,
					"retransmits":	0,
					"snd_cwnd":	399620,
					"snd_wnd":	1528960,
					"rtt":	237946,
					"rttvar":	19891,
					"pmtu":	1500,
					"reorder":	0,
					"omitted":	false,
					"sender":	true
				}],
			"sum":	{
				"start":	4.00115,
				"end":	5.001083,
				"seconds":	0.99993300437927246,
				"bytes":	1703936,
				"bits_per_second":	13632401.31118785,
				"retransmits":	0,
				"omitted":	false,
				"sender":	true
			}
		}, {
			"streams":	[{
					"socket":	5,
					"start":	5.001083,
					"end":	6.001145,
					"seconds":	1.0000619888305664,
					"bytes":	2883584,
					"bits_per_second":	23067242.088638533,
					"retransmits":	0,
					"snd_cwnd":	520260,
					"snd_wnd":	1528192,
					"rtt":	134931,
					"rttvar":	12679,
					"pmtu":	1500,
					"reorder":	0,
					"omitted":	false,
					"sender":	true
				}],
			"sum":	{
				"start":	5.001083,
				"end":	6.001145,
				"seconds":	1.0000619888305664,
				"bytes":	2883584,
				"bits_per_second":	23067242.088638533,
				"retransmits":	0,
				"omitted":	false,
				"sender":	true
			}
		}, {
			"streams":	[{
					"socket":	5,
					"start":	6.001145,
					"end":	7.001137,
					"seconds":	0.9999920129776,
					"bytes":	3932160,
					"bits_per_second":	31457531.252006754,
					"retransmits":	0,
					"snd_cwnd":	683124,
					"snd_wnd":	1528192,
					"rtt":	106389,
					"rttvar":	48472,
					"pmtu":	1500,
					"reorder":	0,
					"omitted":	false,
					"sender":	true
				}],
			"sum":	{
				"start":	6.001145,
				"end":	7.001137,
				"seconds":	0.9999920129776,
				"bytes":	3932160,
				"bits_per_second":	31457531.252006754,
				"retransmits":	0,
				"omitted":	false,
				"sender":	true
			}
		}, {
			"streams":	[{
					"socket":	5,
					"start":	7.001137,
					"end":	8.001143,
					"seconds":	1.0000059604644775,
					"bytes":	4325376,
					"bits_per_second":	34602801.751229338,
					"retransmits":	0,
					"snd_cwnd":	852774,
					"snd_wnd":	1934528,
					"rtt":	229271,
					"rttvar":	8595,
					"pmtu":	1500,
					"reorder":	0,
					"omitted":	false,
					"sender":	true
				}],
			"sum":	{
				"start":	7.001137,
				"end":	8.001143,
				"seconds":	1.0000059604644775,
				"bytes":	4325376,
				"bits_per_second":	34602801.751229338,
				"retransmits":	0,
				"omitted":	false,
				"sender":	true
			}
		}, {
			"streams":	[{
					"socket":	5,
					"start":	8.001143,
					"end":	9.001145,
					"seconds":	1.0000020265579224,
					"bytes":	1441792,
					"bits_per_second":	11534312.625047371,
					"retransmits":	0,
					"snd_cwnd":	980954,
					"snd_wnd":	1935680,
					"rtt":	381546,
					"rttvar":	12098,
					"pmtu":	1500,
					"reorder":	0,
					"omitted":	false,
					"sender":	true
				}],
			"sum":	{
				"start":	8.001143,
				"end":	9.001145,
				"seconds":	1.0000020265579224,
				"bytes":	1441792,
				"bits_per_second":	11534312.625047371,
				"retransmits":	0,
				"omitted":	false,
				"sender":	true
			}
		}, {
			"streams":	[{
					"socket":	5,
					"start":	9.001145,
					"end":	10.001832,
					"seconds":	1.0006870031356812,
					"bytes":	4325376,
					"bits_per_second":	34579251.945483945,
					"retransmits":	0,
					"snd_cwnd":	1146834,
					"snd_wnd":	1935680,
					"rtt":	317435,
					"rttvar":	23277,
					"pmtu":	1500,
					"reorder":	0,
					"omitted":	false,
					"sender":	true
				}],
			"sum":	{
				"start":	9.001145,
				"end":	10.001832,
				"seconds":	1.0006870031356812,
				"bytes":	4325376,
				"bits_per_second":	34579251.945483945,
				"retransmits":	0,
				"omitted":	false,
				"sender":	true
			}
		}],
	"end":	{
		"streams":	[{
				"sender":	{
					"socket":	5,
					"start":	0,
					"end":	10.001832,
					"seconds":	10.001832,
					"bytes":	25821184,
					"bits_per_second":	20653163.54043939,
					"retransmits":	0,
					"reorder":	0,
					"max_snd_cwnd":	1146834,
					"max_snd_wnd":	1935680,
					"max_rtt":	478165,
					"min_rtt":	46907,
					"mean_rtt":	213271,
					"sender":	true
				},
				"receiver":	{
					"socket":	5,
					"start":	0,
					"end":	10.438894,
					"seconds":	10.001832,
					"bytes":	23199744,
					"bits_per_second":	17779465.142571617,
					"sender":	true
				}
			}],
		"sum_sent":	{
			"start":	0,
			"end":	10.001832,
			"seconds":	10.001832,
			"bytes":	25821184,
			"bits_per_second":	20653163.54043939,
			"retransmits":	0,
			"sender":	true
		},
		"sum_received":	{
			"start":	0,
			"end":	10.438894,
			"seconds":	10.438894,
			"bytes":	23199744,
			"bits_per_second":	17779465.142571617,
			"sender":	true
		},
		"cpu_utilization_percent":	{
			"host_total":	0.17980084149576805,
			"host_user":	0.011877391132528625,
			"host_system":	0.167913511123798,
			"remote_total":	11.70571079248808,
			"remote_user":	0.2994563803002539,
			"remote_system":	11.406235332456683
		},
		"sender_tcp_congestion":	"cubic",
		"receiver_tcp_congestion":	"cubic"
	}
}
{
	"start":	{
		"connected":	[{
				"socket":	5,
				"local_host":	"192.168.1.48",
				"local_port":	60148,
				"remote_host":	"192.168.1.58",
				"remote_port":	5201
			}],
		"version":	"iperf 3.20",
		"system_info":	"Linux kuroi-washi 6.19.11+kali-amd64 #1 SMP PREEMPT_DYNAMIC Kali 6.19.11-1kali1 (2026-04-09) x86_64",
		"timestamp":	{
			"time":	"Thu, 23 Apr 2026 18:53:48 GMT",
			"timesecs":	1776970428,
			"timemillisecs":	1776970428163
		},
		"connecting_to":	{
			"host":	"192.168.1.58",
			"port":	5201
		},
		"cookie":	"yxdbd7ubnrqmrci6xlbn5rcamev6cf7ste76",
		"tcp_mss":	766,
		"target_bitrate":	0,
		"fq_rate":	0,
		"sock_bufsize":	0,
		"sndbuf_actual":	16384,
		"rcvbuf_actual":	131072,
		"test_start":	{
			"protocol":	"TCP",
			"num_streams":	1,
			"blksize":	131072,
			"omit":	0,
			"duration":	10,
			"bytes":	0,
			"blocks":	0,
			"reverse":	0,
			"tos":	0,
			"target_bitrate":	0,
			"bidir":	0,
			"fqrate":	0,
			"interval":	1
		}
	},
	"intervals":	[{
			"streams":	[{
					"socket":	5,
					"start":	0,
					"end":	1.001135,
					"seconds":	1.001134991645813,
					"bytes":	4325376,
					"bits_per_second":	34563778.400267966,
					"retransmits":	0,
					"snd_cwnd":	244296,
					"snd_wnd":	1602816,
					"rtt":	40799,
					"rttvar":	19861,
					"pmtu":	1500,
					"reorder":	0,
					"omitted":	false,
					"sender":	true
				}],
			"sum":	{
				"start":	0,
				"end":	1.001135,
				"seconds":	1.001134991645813,
				"bytes":	4325376,
				"bits_per_second":	34563778.400267966,
				"retransmits":	0,
				"omitted":	false,
				"sender":	true
			}
		}, {
			"streams":	[{
					"socket":	5,
					"start":	1.001135,
					"end":	2.001093,
					"seconds":	0.99995797872543335,
					"bytes":	4325376,
					"bits_per_second":	34604462.123604126,
					"retransmits":	0,
					"snd_cwnd":	409422,
					"snd_wnd":	1935680,
					"rtt":	105233,
					"rttvar":	7011,
					"pmtu":	1500,
					"reorder":	0,
					"omitted":	false,
					"sender":	true
				}],
			"sum":	{
				"start":	1.001135,
				"end":	2.001093,
				"seconds":	0.99995797872543335,
				"bytes":	4325376,
				"bits_per_second":	34604462.123604126,
				"retransmits":	0,
				"omitted":	false,
				"sender":	true
			}
		}, {
			"streams":	[{
					"socket":	5,
					"start":	2.001093,
					"end":	3.001134,
					"seconds":	1.0000410079956055,
					"bytes":	4325376,
					"bits_per_second":	34601589.058187962,
					"retransmits":	0,
					"snd_cwnd":	582842,
					"snd_wnd":	1934528,
					"rtt":	152058,
					"rttvar":	8826,
					"pmtu":	1500,
					"reorder":	0,
					"omitted":	false,
					"sender":	true
				}],
			"sum":	{
				"start":	2.001093,
				"end":	3.001134,
				"seconds":	1.0000410079956055,
				"bytes":	4325376,
				"bits_per_second":	34601589.058187962,
				"retransmits":	0,
				"omitted":	false,
				"sender":	true
			}
		}, {
			"streams":	[{
					"socket":	5,
					"start":	3.001134,
					"end":	4.001136,
					"seconds":	1.0000020265579224,
					"bytes":	3276800,
					"bits_per_second":	26214346.875107661,
					"retransmits":	0,
					"snd_cwnd":	753246,
					"snd_wnd":	1935680,
					"rtt":	70704,
					"rttvar":	71850,
					"pmtu":	1500,
					"reorder":	0,
					"omitted":	false,
					"sender":	true
				}],
			"sum":	{
				"start":	3.001134,
				"end":	4.001136,
				"seconds":	1.0000020265579224,
				"bytes":	3276800,
				"bits_per_second":	26214346.875107661,
				"retransmits":	0,
				"omitted":	false,
				"sender":	true
			}
		}, {
			"streams":	[{
					"socket":	5,
					"start":	4.001136,
					"end":	5.001134,
					"seconds":	0.99999797344207764,
					"bytes":	3145728,
					"bits_per_second":	25165875.000103354,
					"retransmits":	0,
					"snd_cwnd":	928174,
					"snd_wnd":	1935680,
					"rtt":	76638,
					"rttvar":	7853,
					"pmtu":	1500,
					"reorder":	0,
					"omitted":	false,
					"sender":	true
				}],
			"sum":	{
				"start":	4.001136,
				"end":	5.001134,
				"seconds":	0.99999797344207764,
				"bytes":	3145728,
				"bits_per_second":	25165875.000103354,
				"retransmits":	0,
				"omitted":	false,
				"sender":	true
			}
		}, {
			"streams":	[{
					"socket":	5,
					"start":	5.001134,
					"end":	6.001136,
					"seconds":	1.0000020265579224,
					"bytes":	4325376,
					"bits_per_second":	34602937.875142112,
					"retransmits":	0,
					"snd_cwnd":	1086514,
					"snd_wnd":	1935680,
					"rtt":	364502,
					"rttvar":	33173,
					"pmtu":	1500,
					"reorder":	0,
					"omitted":	false,
					"sender":	true
				}],
			"sum":	{
				"start":	5.001134,
				"end":	6.001136,
				"seconds":	1.0000020265579224,
				"bytes":	4325376,
				"bits_per_second":	34602937.875142112,
				"retransmits":	0,
				"omitted":	false,
				"sender":	true
			}
		}, {
			"streams":	[{
					"socket":	5,
					"start":	6.001136,
					"end":	7.001145,
					"seconds":	1.0000089406967163,
					"bytes":	2883584,
					"bits_per_second":	23068465.751844,
					"retransmits":	0,
					"snd_cwnd":	1251640,
					"snd_wnd":	1933184,
					"rtt":	446183,
					"rttvar":	6900,
					"pmtu":	1500,
					"reorder":	0,
					"omitted":	false,
					"sender":	true
				}],
			"sum":	{
				"start":	6.001136,
				"end":	7.001145,
				"seconds":	1.0000089406967163,
				"bytes":	2883584,
				"bits_per_second":	23068465.751844,
				"retransmits":	0,
				"omitted":	false,
				"sender":	true
			}
		}, {
			"streams":	[{
					"socket":	5,
					"start":	7.001145,
					"end":	8.001137,
					"seconds":	0.9999920129776,
					"bytes":	2883584,
					"bits_per_second":	23068856.25147162,
					"retransmits":	0,
					"snd_cwnd":	1382082,
					"snd_wnd":	1935680,
					"rtt":	446533,
					"rttvar":	11116,
					"pmtu":	1500,
					"reorder":	0,
					"omitted":	false,
					"sender":	true
				}],
			"sum":	{
				"start":	7.001145,
				"end":	8.001137,
				"seconds":	0.9999920129776,
				"bytes":	2883584,
				"bits_per_second":	23068856.25147162,
				"retransmits":	0,
				"omitted":	false,
				"sender":	true
			}
		}, {
			"streams":	[{
					"socket":	5,
					"start":	8.001137,
					"end":	9.001116,
					"seconds":	0.999979019165039,
					"bytes":	2883584,
					"bits_per_second":	23069156.010154936,
					"retransmits":	0,
					"snd_cwnd":	1541930,
					"snd_wnd":	1935680,
					"rtt":	385869,
					"rttvar":	14099,
					"pmtu":	1500,
					"reorder":	0,
					"omitted":	false,
					"sender":	true
				}],
			"sum":	{
				"start":	8.001137,
				"end":	9.001116,
				"seconds":	0.999979019165039,
				"bytes":	2883584,
				"bits_per_second":	23069156.010154936,
				"retransmits":	0,
				"omitted":	false,
				"sender":	true
			}
		}, {
			"streams":	[{
					"socket":	5,
					"start":	9.001116,
					"end":	10.002015,
					"seconds":	1.0008989572525024,
					"bytes":	1441792,
					"bits_per_second":	11523976.437803568,
					"retransmits":	0,
					"snd_cwnd":	1636934,
					"snd_wnd":	1934208,
					"rtt":	640262,
					"rttvar":	19748,
					"pmtu":	1500,
					"reorder":	0,
					"omitted":	false,
					"sender":	true
				}],
			"sum":	{
				"start":	9.001116,
				"end":	10.002015,
				"seconds":	1.0008989572525024,
				"bytes":	1441792,
				"bits_per_second":	11523976.437803568,
				"retransmits":	0,
				"omitted":	false,
				"sender":	true
			}
		}],
	"end":	{
		"streams":	[{
				"sender":	{
					"socket":	5,
					"start":	0,
					"end":	10.002015,
					"seconds":	10.002015,
					"bytes":	33816576,
					"bits_per_second":	27047810.666150771,
					"retransmits":	0,
					"reorder":	0,
					"max_snd_cwnd":	1636934,
					"max_snd_wnd":	1935680,
					"max_rtt":	640262,
					"min_rtt":	40799,
					"mean_rtt":	272878,
					"sender":	true
				},
				"receiver":	{
					"socket":	5,
					"start":	0,
					"end":	10.444804,
					"seconds":	10.002015,
					"bytes":	32505856,
					"bits_per_second":	24897245.367170125,
					"sender":	true
				}
			}],
		"sum_sent":	{
			"start":	0,
			"end":	10.002015,
			"seconds":	10.002015,
			"bytes":	33816576,
			"bits_per_second":	27047810.666150771,
			"retransmits":	0,
			"sender":	true
		},
		"sum_received":	{
			"start":	0,
			"end":	10.444804,
			"seconds":	10.444804,
			"bytes":	32505856,
			"bits_per_second":	24897245.367170125,
			"sender":	true
		},
		"cpu_utilization_percent":	{
			"host_total":	0.21966167691436631,
			"host_user":	0,
			"host_system":	0.21966167691436631,
			"remote_total":	13.556093370507794,
			"remote_user":	0.530781270205412,
			"remote_system":	13.025283490869585
		},
		"sender_tcp_congestion":	"cubic",
		"receiver_tcp_congestion":	"cubic"
	}
}
{
	"start":	{
		"connected":	[{
				"socket":	5,
				"local_host":	"192.168.1.48",
				"local_port":	50320,
				"remote_host":	"192.168.1.58",
				"remote_port":	5201
			}],
		"version":	"iperf 3.20",
		"system_info":	"Linux kuroi-washi 6.19.11+kali-amd64 #1 SMP PREEMPT_DYNAMIC Kali 6.19.11-1kali1 (2026-04-09) x86_64",
		"timestamp":	{
			"time":	"Thu, 23 Apr 2026 18:53:59 GMT",
			"timesecs":	1776970439,
			"timemillisecs":	1776970439314
		},
		"connecting_to":	{
			"host":	"192.168.1.58",
			"port":	5201
		},
		"cookie":	"ywxv3w2wjxo7xwdkjowe3ite7qxfeqw3bd27",
		"tcp_mss":	766,
		"target_bitrate":	0,
		"fq_rate":	0,
		"sock_bufsize":	0,
		"sndbuf_actual":	16384,
		"rcvbuf_actual":	131072,
		"test_start":	{
			"protocol":	"TCP",
			"num_streams":	1,
			"blksize":	131072,
			"omit":	0,
			"duration":	10,
			"bytes":	0,
			"blocks":	0,
			"reverse":	0,
			"tos":	0,
			"target_bitrate":	0,
			"bidir":	0,
			"fqrate":	0,
			"interval":	1
		}
	},
	"intervals":	[{
			"streams":	[{
					"socket":	5,
					"start":	0,
					"end":	1.001093,
					"seconds":	1.0010930299758911,
					"bytes":	4194304,
					"bits_per_second":	33517796.044197887,
					"retransmits":	0,
					"snd_cwnd":	202072,
					"snd_wnd":	1737472,
					"rtt":	52323,
					"rttvar":	6945,
					"pmtu":	1500,
					"reorder":	0,
					"omitted":	false,
					"sender":	true
				}],
			"sum":	{
				"start":	0,
				"end":	1.001093,
				"seconds":	1.0010930299758911,
				"bytes":	4194304,
				"bits_per_second":	33517796.044197887,
				"retransmits":	0,
				"omitted":	false,
				"sender":	true
			}
		}, {
			"streams":	[{
					"socket":	5,
					"start":	1.001093,
					"end":	2.001141,
					"seconds":	1.000048041343689,
					"bytes":	3801088,
					"bits_per_second":	30407243.195179027,
					"retransmits":	0,
					"snd_cwnd":	363428,
					"snd_wnd":	1736704,
					"rtt":	111620,
					"rttvar":	6145,
					"pmtu":	1500,
					"reorder":	0,
					"omitted":	false,
					"sender":	true
				}],
			"sum":	{
				"start":	1.001093,
				"end":	2.001141,
				"seconds":	1.000048041343689,
				"bytes":	3801088,
				"bits_per_second":	30407243.195179027,
				"retransmits":	0,
				"omitted":	false,
				"sender":	true
			}
		}, {
			"streams":	[{
					"socket":	5,
					"start":	2.001141,
					"end":	3.001147,
					"seconds":	1.0000059604644775,
					"bytes":	3276800,
					"bits_per_second":	26214243.750931319,
					"retransmits":	0,
					"snd_cwnd":	493116,
					"snd_wnd":	1935680,
					"rtt":	122824,
					"rttvar":	22963,
					"pmtu":	1500,
					"reorder":	0,
					"omitted":	false,
					"sender":	true
				}],
			"sum":	{
				"start":	2.001141,
				"end":	3.001147,
				"seconds":	1.0000059604644775,
				"bytes":	3276800,
				"bits_per_second":	26214243.750931319,
				"retransmits":	0,
				"omitted":	false,
				"sender":	true
			}
		}, {
			"streams":	[{
					"socket":	5,
					"start":	3.001147,
					"end":	4.001129,
					"seconds":	0.99998199939727783,
					"bytes":	3538944,
					"bits_per_second":	28312061.634173721,
					"retransmits":	0,
					"snd_cwnd":	641654,
					"snd_wnd":	1935680,
					"rtt":	179980,
					"rttvar":	14320,
					"pmtu":	1500,
					"reorder":	0,
					"omitted":	false,
					"sender":	true
				}],
			"sum":	{
				"start":	3.001147,
				"end":	4.001129,
				"seconds":	0.99998199939727783,
				"bytes":	3538944,
				"bits_per_second":	28312061.634173721,
				"retransmits":	0,
				"omitted":	false,
				"sender":	true
			}
		}, {
			"streams":	[{
					"socket":	5,
					"start":	4.001129,
					"end":	5.00115,
					"seconds":	1.0000209808349609,
					"bytes":	2752512,
					"bits_per_second":	22019634.009692941,
					"retransmits":	0,
					"snd_cwnd":	786422,
					"snd_wnd":	1934528,
					"rtt":	217463,
					"rttvar":	2936,
					"pmtu":	1500,
					"reorder":	0,
					"omitted":	false,
					"sender":	true
				}],
			"sum":	{
				"start":	4.001129,
				"end":	5.00115,
				"seconds":	1.0000209808349609,
				"bytes":	2752512,
				"bits_per_second":	22019634.009692941,
				"retransmits":	0,
				"omitted":	false,
				"sender":	true
			}
		}, {
			"streams":	[{
					"socket":	5,
					"start":	5.00115,
					"end":	6.001091,
					"seconds":	0.99994099140167236,
					"bytes":	3538944,
					"bits_per_second":	28313222.723587058,
					"retransmits":	0,
					"snd_cwnd":	942500,
					"snd_wnd":	1933504,
					"rtt":	269694,
					"rttvar":	16767,
					"pmtu":	1500,
					"reorder":	0,
					"omitted":	false,
					"sender":	true
				}],
			"sum":	{
				"start":	5.00115,
				"end":	6.001091,
				"seconds":	0.99994099140167236,
				"bytes":	3538944,
				"bits_per_second":	28313222.723587058,
				"retransmits":	0,
				"omitted":	false,
				"sender":	true
			}
		}, {
			"streams":	[{
					"socket":	5,
					"start":	6.001091,
					"end":	7.00112,
					"seconds":	1.0000289678573608,
					"bytes":	4587520,
					"bits_per_second":	36699096.905795559,
					"retransmits":	0,
					"snd_cwnd":	1158898,
					"snd_wnd":	1933824,
					"rtt":	362577,
					"rttvar":	13931,
					"pmtu":	1500,
					"reorder":	0,
					"omitted":	false,
					"sender":	true
				}],
			"sum":	{
				"start":	6.001091,
				"end":	7.00112,
				"seconds":	1.0000289678573608,
				"bytes":	4587520,
				"bits_per_second":	36699096.905795559,
				"retransmits":	0,
				"omitted":	false,
				"sender":	true
			}
		}, {
			"streams":	[{
					"socket":	5,
					"start":	7.00112,
					"end":	8.001123,
					"seconds":	1.0000029802322388,
					"bytes":	3276800,
					"bits_per_second":	26214321.875232831,
					"retransmits":	0,
					"snd_cwnd":	1329302,
					"snd_wnd":	1934528,
					"rtt":	357237,
					"rttvar":	8521,
					"pmtu":	1500,
					"reorder":	0,
					"omitted":	false,
					"sender":	true
				}],
			"sum":	{
				"start":	7.00112,
				"end":	8.001123,
				"seconds":	1.0000029802322388,
				"bytes":	3276800,
				"bits_per_second":	26214321.875232831,
				"retransmits":	0,
				"omitted":	false,
				"sender":	true
			}
		}, {
			"streams":	[{
					"socket":	5,
					"start":	8.001123,
					"end":	9.001114,
					"seconds":	0.999990999698639,
					"bytes":	2883584,
					"bits_per_second":	23068879.626868706,
					"retransmits":	0,
					"snd_cwnd":	1488396,
					"snd_wnd":	1933824,
					"rtt":	321824,
					"rttvar":	22791,
					"pmtu":	1500,
					"reorder":	0,
					"omitted":	false,
					"sender":	true
				}],
			"sum":	{
				"start":	8.001123,
				"end":	9.001114,
				"seconds":	0.999990999698639,
				"bytes":	2883584,
				"bits_per_second":	23068879.626868706,
				"retransmits":	0,
				"omitted":	false,
				"sender":	true
			}
		}, {
			"streams":	[{
					"socket":	5,
					"start":	9.001114,
					"end":	10.001427,
					"seconds":	1.0003130435943604,
					"bytes":	1572864,
					"bits_per_second":	12578974.232692832,
					"retransmits":	0,
					"snd_cwnd":	1564550,
					"snd_wnd":	1935680,
					"rtt":	819264,
					"rttvar":	36301,
					"pmtu":	1500,
					"reorder":	0,
					"omitted":	false,
					"sender":	true
				}],
			"sum":	{
				"start":	9.001114,
				"end":	10.001427,
				"seconds":	1.0003130435943604,
				"bytes":	1572864,
				"bits_per_second":	12578974.232692832,
				"retransmits":	0,
				"omitted":	false,
				"sender":	true
			}
		}],
	"end":	{
		"streams":	[{
				"sender":	{
					"socket":	5,
					"start":	0,
					"end":	10.001427,
					"seconds":	10.001427,
					"bytes":	33423360,
					"bits_per_second":	26734872.93363237,
					"retransmits":	0,
					"reorder":	0,
					"max_snd_cwnd":	1564550,
					"max_snd_wnd":	1935680,
					"max_rtt":	819264,
					"min_rtt":	52323,
					"mean_rtt":	281480,
					"sender":	true
				},
				"receiver":	{
					"socket":	5,
					"start":	0,
					"end":	10.498208,
					"seconds":	10.001427,
					"bytes":	31981568,
					"bits_per_second":	24371068.281367641,
					"sender":	true
				}
			}],
		"sum_sent":	{
			"start":	0,
			"end":	10.001427,
			"seconds":	10.001427,
			"bytes":	33423360,
			"bits_per_second":	26734872.93363237,
			"retransmits":	0,
			"sender":	true
		},
		"sum_received":	{
			"start":	0,
			"end":	10.498208,
			"seconds":	10.498208,
			"bytes":	31981568,
			"bits_per_second":	24371068.281367641,
			"sender":	true
		},
		"cpu_utilization_percent":	{
			"host_total":	0.22935276070540633,
			"host_user":	0,
			"host_system":	0.22934282254955637,
			"remote_total":	13.792513571231115,
			"remote_user":	0.993986357381322,
			"remote_system":	12.798508227796191
		},
		"sender_tcp_congestion":	"cubic",
		"receiver_tcp_congestion":	"cubic"
	}
}
