{
	"start":	{
		"connected":	[{
				"socket":	5,
				"local_host":	"192.168.1.48",
				"local_port":	35640,
				"remote_host":	"192.168.1.58",
				"remote_port":	5201
			}],
		"version":	"iperf 3.20",
		"system_info":	"Linux kuroi-washi 6.19.11+kali-amd64 #1 SMP PREEMPT_DYNAMIC Kali 6.19.11-1kali1 (2026-04-09) x86_64",
		"timestamp":	{
			"time":	"Thu, 23 Apr 2026 18:59:37 GMT",
			"timesecs":	1776970777,
			"timemillisecs":	1776970777559
		},
		"connecting_to":	{
			"host":	"192.168.1.58",
			"port":	5201
		},
		"cookie":	"xcne6yvd7lzrbx72xa3ihjz72roajvzv3sqo",
		"tcp_mss":	1216,
		"target_bitrate":	0,
		"fq_rate":	0,
		"sock_bufsize":	0,
		"sndbuf_actual":	16384,
		"rcvbuf_actual":	131072,
		"test_start":	{
			"protocol":	"TCP",
			"num_streams":	1,
			"blksize":	131072,
			"omit":	0,
			"duration":	10,
			"bytes":	0,
			"blocks":	0,
			"reverse":	0,
			"tos":	0,
			"target_bitrate":	0,
			"bidir":	0,
			"fqrate":	0,
			"interval":	1
		}
	},
	"intervals":	[{
			"streams":	[{
					"socket":	5,
					"start":	0,
					"end":	1.00115,
					"seconds":	1.0011500120162964,
					"bytes":	2621440,
					"bits_per_second":	20947430.203555383,
					"retransmits":	0,
					"snd_cwnd":	168560,
					"snd_wnd":	456192,
					"rtt":	63051,
					"rttvar":	6947,
					"pmtu":	1500,
					"reorder":	0,
					"omitted":	false,
					"sender":	true
				}],
			"sum":	{
				"start":	0,
				"end":	1.00115,
				"seconds":	1.0011500120162964,
				"bytes":	2621440,
				"bits_per_second":	20947430.203555383,
				"retransmits":	0,
				"omitted":	false,
				"sender":	true
			}
		}, {
			"streams":	[{
					"socket":	5,
					"start":	1.00115,
					"end":	2.001155,
					"seconds":	1.0000050067901611,
					"bytes":	3538944,
					"bits_per_second":	28311410.250709709,
					"retransmits":	0,
					"snd_cwnd":	325080,
					"snd_wnd":	844928,
					"rtt":	92504,
					"rttvar":	14424,
					"pmtu":	1500,
					"reorder":	0,
					"omitted":	false,
					"sender":	true
				}],
			"sum":	{
				"start":	1.00115,
				"end":	2.001155,
				"seconds":	1.0000050067901611,
				"bytes":	3538944,
				"bits_per_second":	28311410.250709709,
				"retransmits":	0,
				"omitted":	false,
				"sender":	true
			}
		}, {
			"streams":	[{
					"socket":	5,
					"start":	2.001155,
					"end":	3.001114,
					"seconds":	0.99995899200439453,
					"bytes":	4587520,
					"bits_per_second":	36701665.061719567,
					"retransmits":	0,
					"snd_cwnd":	510496,
					"snd_wnd":	1191424,
					"rtt":	111669,
					"rttvar":	8012,
					"pmtu":	1500,
					"reorder":	0,
					"omitted":	false,
					"sender":	true
				}],
			"sum":	{
				"start":	2.001155,
				"end":	3.001114,
				"seconds":	0.99995899200439453,
				"bytes":	4587520,
				"bits_per_second":	36701665.061719567,
				"retransmits":	0,
				"omitted":	false,
				"sender":	true
			}
		}, {
			"streams":	[{
					"socket":	5,
					"start":	3.001114,
					"end":	4.001154,
					"seconds":	1.0000400543212891,
					"bytes":	3407872,
					"bits_per_second":	27261884.043737568,
					"retransmits":	0,
					"snd_cwnd":	674240,
					"snd_wnd":	1595136,
					"rtt":	184318,
					"rttvar":	8785,
					"pmtu":	1500,
					"reorder":	0,
					"omitted":	false,
					"sender":	true
				}],
			"sum":	{
				"start":	3.001114,
				"end":	4.001154,
				"seconds":	1.0000400543212891,
				"bytes":	3407872,
				"bits_per_second":	27261884.043737568,
				"retransmits":	0,
				"omitted":	false,
				"sender":	true
			}
		}, {
			"streams":	[{
					"socket":	5,
					"start":	4.001154,
					"end":	5.001157,
					"seconds":	1.0000029802322388,
					"bytes":	3014656,
					"bits_per_second":	24117176.1252142,
					"retransmits":	0,
					"snd_cwnd":	818720,
					"snd_wnd":	1700544,
					"rtt":	354554,
					"rttvar":	14283,
					"pmtu":	1500,
					"reorder":	0,
					"omitted":	false,
					"sender":	true
				}],
			"sum":	{
				"start":	4.001154,
				"end":	5.001157,
				"seconds":	1.0000029802322388,
				"bytes":	3014656,
				"bits_per_second":	24117176.1252142,
				"retransmits":	0,
				"omitted":	false,
				"sender":	true
			}
		}, {
			"streams":	[{
					"socket":	5,
					"start":	5.001157,
					"end":	6.001171,
					"seconds":	1.0000139474868774,
					"bytes":	2097152,
					"bits_per_second":	16776982.003263667,
					"retransmits":	0,
					"snd_cwnd":	911428,
					"snd_wnd":	1935424,
					"rtt":	456413,
					"rttvar":	37572,
					"pmtu":	1500,
					"reorder":	0,
					"omitted":	false,
					"sender":	true
				}],
			"sum":	{
				"start":	5.001157,
				"end":	6.001171,
				"seconds":	1.0000139474868774,
				"bytes":	2097152,
				"bits_per_second":	16776982.003263667,
				"retransmits":	0,
				"omitted":	false,
				"sender":	true
			}
		}, {
			"streams":	[{
					"socket":	5,
					"start":	6.001171,
					"end":	7.00116,
					"seconds":	0.99998897314071655,
					"bytes":	2621440,
					"bits_per_second":	20971751.252549991,
					"retransmits":	0,
					"snd_cwnd":	1024604,
					"snd_wnd":	1935424,
					"rtt":	355389,
					"rttvar":	13653,
					"pmtu":	1500,
					"reorder":	0,
					"omitted":	false,
					"sender":	true
				}],
			"sum":	{
				"start":	6.001171,
				"end":	7.00116,
				"seconds":	0.99998897314071655,
				"bytes":	2621440,
				"bits_per_second":	20971751.252549991,
				"retransmits":	0,
				"omitted":	false,
				"sender":	true
			}
		}, {
			"streams":	[{
					"socket":	5,
					"start":	7.00116,
					"end":	8.001152,
					"seconds":	0.9999920129776,
					"bytes":	4456448,
					"bits_per_second":	35651868.75227432,
					"retransmits":	0,
					"snd_cwnd":	1177512,
					"snd_wnd":	1935424,
					"rtt":	310524,
					"rttvar":	14961,
					"pmtu":	1500,
					"reorder":	0,
					"omitted":	false,
					"sender":	true
				}],
			"sum":	{
				"start":	7.00116,
				"end":	8.001152,
				"seconds":	0.9999920129776,
				"bytes":	4456448,
				"bits_per_second":	35651868.75227432,
				"retransmits":	0,
				"omitted":	false,
				"sender":	true
			}
		}, {
			"streams":	[{
					"socket":	5,
					"start":	8.001152,
					"end":	9.001146,
					"seconds":	0.99999397993087769,
					"bytes":	2883584,
					"bits_per_second":	23068810.875836041,
					"retransmits":	0,
					"snd_cwnd":	1359316,
					"snd_wnd":	1935424,
					"rtt":	317339,
					"rttvar":	8714,
					"pmtu":	1500,
					"reorder":	0,
					"omitted":	false,
					"sender":	true
				}],
			"sum":	{
				"start":	8.001152,
				"end":	9.001146,
				"seconds":	0.99999397993087769,
				"bytes":	2883584,
				"bits_per_second":	23068810.875836041,
				"retransmits":	0,
				"omitted":	false,
				"sender":	true
			}
		}, {
			"streams":	[{
					"socket":	5,
					"start":	9.001146,
					"end":	10.001797,
					"seconds":	1.0006510019302368,
					"bytes":	2883584,
					"bits_per_second":	23053664.0202238,
					"retransmits":	0,
					"snd_cwnd":	1521856,
					"snd_wnd":	1935424,
					"rtt":	442304,
					"rttvar":	13211,
					"pmtu":	1500,
					"reorder":	0,
					"omitted":	false,
					"sender":	true
				}],
			"sum":	{
				"start":	9.001146,
				"end":	10.001797,
				"seconds":	1.0006510019302368,
				"bytes":	2883584,
				"bits_per_second":	23053664.0202238,
				"retransmits":	0,
				"omitted":	false,
				"sender":	true
			}
		}],
	"end":	{
		"streams":	[{
				"sender":	{
					"socket":	5,
					"start":	0,
					"end":	10.001797,
					"seconds":	10.001797,
					"bytes":	32112640,
					"bits_per_second":	25685496.316311959,
					"retransmits":	0,
					"reorder":	0,
					"max_snd_cwnd":	1521856,
					"max_snd_wnd":	1935424,
					"max_rtt":	456413,
					"min_rtt":	63051,
					"mean_rtt":	268806,
					"sender":	true
				},
				"receiver":	{
					"socket":	5,
					"start":	0,
					"end":	10.464302,
					"seconds":	10.001797,
					"bytes":	30801920,
					"bits_per_second":	23548188.880634371,
					"sender":	true
				}
			}],
		"sum_sent":	{
			"start":	0,
			"end":	10.001797,
			"seconds":	10.001797,
			"bytes":	32112640,
			"bits_per_second":	25685496.316311959,
			"retransmits":	0,
			"sender":	true
		},
		"sum_received":	{
			"start":	0,
			"end":	10.464302,
			"seconds":	10.464302,
			"bytes":	30801920,
			"bits_per_second":	23548188.880634371,
			"sender":	true
		},
		"cpu_utilization_percent":	{
			"host_total":	0.19897799522380633,
			"host_user":	0.0342852638422004,
			"host_system":	0.16468323407860253,
			"remote_total":	2.3995088547259642,
			"remote_user":	0.13597436837255214,
			"remote_system":	2.2635328322646293
		},
		"sender_tcp_congestion":	"cubic",
		"receiver_tcp_congestion":	"cubic"
	}
}
{
	"start":	{
		"connected":	[{
				"socket":	5,
				"local_host":	"192.168.1.48",
				"local_port":	38502,
				"remote_host":	"192.168.1.58",
				"remote_port":	5201
			}],
		"version":	"iperf 3.20",
		"system_info":	"Linux kuroi-washi 6.19.11+kali-amd64 #1 SMP PREEMPT_DYNAMIC Kali 6.19.11-1kali1 (2026-04-09) x86_64",
		"timestamp":	{
			"time":	"Thu, 23 Apr 2026 18:59:48 GMT",
			"timesecs":	1776970788,
			"timemillisecs":	1776970788878
		},
		"connecting_to":	{
			"host":	"192.168.1.58",
			"port":	5201
		},
		"cookie":	"t7mggkh5drecnm2zj6fsnhfyplup3bmor7kc",
		"tcp_mss":	1216,
		"target_bitrate":	0,
		"fq_rate":	0,
		"sock_bufsize":	0,
		"sndbuf_actual":	16384,
		"rcvbuf_actual":	131072,
		"test_start":	{
			"protocol":	"TCP",
			"num_streams":	1,
			"blksize":	131072,
			"omit":	0,
			"duration":	10,
			"bytes":	0,
			"blocks":	0,
			"reverse":	0,
			"tos":	0,
			"target_bitrate":	0,
			"bidir":	0,
			"fqrate":	0,
			"interval":	1
		}
	},
	"intervals":	[{
			"streams":	[{
					"socket":	5,
					"start":	0,
					"end":	1.000898,
					"seconds":	1.000898003578186,
					"bytes":	4325376,
					"bits_per_second":	34571962.254190825,
					"retransmits":	0,
					"snd_cwnd":	274512,
					"snd_wnd":	1602560,
					"rtt":	73509,
					"rttvar":	12874,
					"pmtu":	1500,
					"reorder":	0,
					"omitted":	false,
					"sender":	true
				}],
			"sum":	{
				"start":	0,
				"end":	1.000898,
				"seconds":	1.000898003578186,
				"bytes":	4325376,
				"bits_per_second":	34571962.254190825,
				"retransmits":	0,
				"omitted":	false,
				"sender":	true
			}
		}, {
			"streams":	[{
					"socket":	5,
					"start":	1.000898,
					"end":	2.001124,
					"seconds":	1.0002260208129883,
					"bytes":	3276800,
					"bits_per_second":	26208476.3388707,
					"retransmits":	0,
					"snd_cwnd":	410564,
					"snd_wnd":	1602560,
					"rtt":	93058,
					"rttvar":	9419,
					"pmtu":	1500,
					"reorder":	0,
					"omitted":	false,
					"sender":	true
				}],
			"sum":	{
				"start":	1.000898,
				"end":	2.001124,
				"seconds":	1.0002260208129883,
				"bytes":	3276800,
				"bits_per_second":	26208476.3388707,
				"retransmits":	0,
				"omitted":	false,
				"sender":	true
			}
		}, {
			"streams":	[{
					"socket":	5,
					"start":	2.001124,
					"end":	3.001126,
					"seconds":	1.0000020265579224,
					"bytes":	2752512,
					"bits_per_second":	22020051.375090435,
					"retransmits":	0,
					"snd_cwnd":	523740,
					"snd_wnd":	1602560,
					"rtt":	195691,
					"rttvar":	3778,
					"pmtu":	1500,
					"reorder":	0,
					"omitted":	false,
					"sender":	true
				}],
			"sum":	{
				"start":	2.001124,
				"end":	3.001126,
				"seconds":	1.0000020265579224,
				"bytes":	2752512,
				"bits_per_second":	22020051.375090435,
				"retransmits":	0,
				"omitted":	false,
				"sender":	true
			}
		}, {
			"streams":	[{
					"socket":	5,
					"start":	3.001126,
					"end":	4.001146,
					"seconds":	1.0000200271606445,
					"bytes":	2490368,
					"bits_per_second":	19922545.007990677,
					"retransmits":	0,
					"snd_cwnd":	629692,
					"snd_wnd":	1602560,
					"rtt":	300617,
					"rttvar":	13592,
					"pmtu":	1500,
					"reorder":	0,
					"omitted":	false,
					"sender":	true
				}],
			"sum":	{
				"start":	3.001126,
				"end":	4.001146,
				"seconds":	1.0000200271606445,
				"bytes":	2490368,
				"bits_per_second":	19922545.007990677,
				"retransmits":	0,
				"omitted":	false,
				"sender":	true
			}
		}, {
			"streams":	[{
					"socket":	5,
					"start":	4.001146,
					"end":	5.000855,
					"seconds":	0.99970901012420654,
					"bytes":	1703936,
					"bits_per_second":	13635455.779583689,
					"retransmits":	0,
					"snd_cwnd":	704340,
					"snd_wnd":	1602560,
					"rtt":	210306,
					"rttvar":	44702,
					"pmtu":	1500,
					"reorder":	0,
					"omitted":	false,
					"sender":	true
				}],
			"sum":	{
				"start":	4.001146,
				"end":	5.000855,
				"seconds":	0.99970901012420654,
				"bytes":	1703936,
				"bits_per_second":	13635455.779583689,
				"retransmits":	0,
				"omitted":	false,
				"sender":	true
			}
		}, {
			"streams":	[{
					"socket":	5,
					"start":	5.000855,
					"end":	6.001057,
					"seconds":	1.000201940536499,
					"bytes":	2228224,
					"bits_per_second":	17822192.976788677,
					"retransmits":	0,
					"snd_cwnd":	797048,
					"snd_wnd":	1935424,
					"rtt":	406592,
					"rttvar":	12415,
					"pmtu":	1500,
					"reorder":	0,
					"omitted":	false,
					"sender":	true
				}],
			"sum":	{
				"start":	5.000855,
				"end":	6.001057,
				"seconds":	1.000201940536499,
				"bytes":	2228224,
				"bits_per_second":	17822192.976788677,
				"retransmits":	0,
				"omitted":	false,
				"sender":	true
			}
		}, {
			"streams":	[{
					"socket":	5,
					"start":	6.001057,
					"end":	7.000903,
					"seconds":	0.99984598159790039,
					"bytes":	2490368,
					"bits_per_second":	19926012.972678266,
					"retransmits":	0,
					"snd_cwnd":	919856,
					"snd_wnd":	1935424,
					"rtt":	150315,
					"rttvar":	13485,
					"pmtu":	1500,
					"reorder":	0,
					"omitted":	false,
					"sender":	true
				}],
			"sum":	{
				"start":	6.001057,
				"end":	7.000903,
				"seconds":	0.99984598159790039,
				"bytes":	2490368,
				"bits_per_second":	19926012.972678266,
				"retransmits":	0,
				"omitted":	false,
				"sender":	true
			}
		}, {
			"streams":	[{
					"socket":	5,
					"start":	7.000903,
					"end":	8.001061,
					"seconds":	1.0001579523086548,
					"bytes":	3276800,
					"bits_per_second":	26210260.028917991,
					"retransmits":	0,
					"snd_cwnd":	1071560,
					"snd_wnd":	1935424,
					"rtt":	225564,
					"rttvar":	32085,
					"pmtu":	1500,
					"reorder":	0,
					"omitted":	false,
					"sender":	true
				}],
			"sum":	{
				"start":	7.000903,
				"end":	8.001061,
				"seconds":	1.0001579523086548,
				"bytes":	3276800,
				"bits_per_second":	26210260.028917991,
				"retransmits":	0,
				"omitted":	false,
				"sender":	true
			}
		}, {
			"streams":	[{
					"socket":	5,
					"start":	8.001061,
					"end":	9.001137,
					"seconds":	1.0000760555267334,
					"bytes":	2883584,
					"bits_per_second":	23066917.633429274,
					"retransmits":	0,
					"snd_cwnd":	1211224,
					"snd_wnd":	1935424,
					"rtt":	440590,
					"rttvar":	19188,
					"pmtu":	1500,
					"reorder":	0,
					"omitted":	false,
					"sender":	true
				}],
			"sum":	{
				"start":	8.001061,
				"end":	9.001137,
				"seconds":	1.0000760555267334,
				"bytes":	2883584,
				"bits_per_second":	23066917.633429274,
				"retransmits":	0,
				"omitted":	false,
				"sender":	true
			}
		}, {
			"streams":	[{
					"socket":	5,
					"start":	9.001137,
					"end":	10.001932,
					"seconds":	1.0007950067520142,
					"bytes":	1572864,
					"bits_per_second":	12572916.446532497,
					"retransmits":	0,
					"snd_cwnd":	1309952,
					"snd_wnd":	1935424,
					"rtt":	457416,
					"rttvar":	15473,
					"pmtu":	1500,
					"reorder":	0,
					"omitted":	false,
					"sender":	true
				}],
			"sum":	{
				"start":	9.001137,
				"end":	10.001932,
				"seconds":	1.0007950067520142,
				"bytes":	1572864,
				"bits_per_second":	12572916.446532497,
				"retransmits":	0,
				"omitted":	false,
				"sender":	true
			}
		}],
	"end":	{
		"streams":	[{
				"sender":	{
					"socket":	5,
					"start":	0,
					"end":	10.001932,
					"seconds":	10.001932,
					"bytes":	27000832,
					"bits_per_second":	21596493.157521967,
					"retransmits":	0,
					"reorder":	0,
					"max_snd_cwnd":	1309952,
					"max_snd_wnd":	1935424,
					"max_rtt":	457416,
					"min_rtt":	73509,
					"mean_rtt":	255365,
					"sender":	true
				},
				"receiver":	{
					"socket":	5,
					"start":	0,
					"end":	10.231628,
					"seconds":	10.001932,
					"bytes":	25559040,
					"bits_per_second":	19984338.7582113,
					"sender":	true
				}
			}],
		"sum_sent":	{
			"start":	0,
			"end":	10.001932,
			"seconds":	10.001932,
			"bytes":	27000832,
			"bits_per_second":	21596493.157521967,
			"retransmits":	0,
			"sender":	true
		},
		"sum_received":	{
			"start":	0,
			"end":	10.231628,
			"seconds":	10.231628,
			"bytes":	25559040,
			"bits_per_second":	19984338.7582113,
			"sender":	true
		},
		"cpu_utilization_percent":	{
			"host_total":	0.18590363413735586,
			"host_user":	0.038579648942085022,
			"host_system":	0.14732398519527085,
			"remote_total":	11.694150135202113,
			"remote_user":	0.671200343531185,
			"remote_system":	11.02293031711395
		},
		"sender_tcp_congestion":	"cubic",
		"receiver_tcp_congestion":	"cubic"
	}
}
{
	"start":	{
		"connected":	[{
				"socket":	5,
				"local_host":	"192.168.1.48",
				"local_port":	54464,
				"remote_host":	"192.168.1.58",
				"remote_port":	5201
			}],
		"version":	"iperf 3.20",
		"system_info":	"Linux kuroi-washi 6.19.11+kali-amd64 #1 SMP PREEMPT_DYNAMIC Kali 6.19.11-1kali1 (2026-04-09) x86_64",
		"timestamp":	{
			"time":	"Thu, 23 Apr 2026 18:59:59 GMT",
			"timesecs":	1776970799,
			"timemillisecs":	1776970799748
		},
		"connecting_to":	{
			"host":	"192.168.1.58",
			"port":	5201
		},
		"cookie":	"e76nqlofnukdzz63zwcr7qvruwmiqtphjjx3",
		"tcp_mss":	1216,
		"target_bitrate":	0,
		"fq_rate":	0,
		"sock_bufsize":	0,
		"sndbuf_actual":	16384,
		"rcvbuf_actual":	131072,
		"test_start":	{
			"protocol":	"TCP",
			"num_streams":	1,
			"blksize":	131072,
			"omit":	0,
			"duration":	10,
			"bytes":	0,
			"blocks":	0,
			"reverse":	0,
			"tos":	0,
			"target_bitrate":	0,
			"bidir":	0,
			"fqrate":	0,
			"interval":	1
		}
	},
	"intervals":	[{
			"streams":	[{
					"socket":	5,
					"start":	0,
					"end":	1.00117,
					"seconds":	1.0011700391769409,
					"bytes":	2883584,
					"bits_per_second":	23041712.293912321,
					"retransmits":	0,
					"snd_cwnd":	231168,
					"snd_wnd":	761728,
					"rtt":	80274,
					"rttvar":	7473,
					"pmtu":	1500,
					"reorder":	0,
					"omitted":	false,
					"sender":	true
				}],
			"sum":	{
				"start":	0,
				"end":	1.00117,
				"seconds":	1.0011700391769409,
				"bytes":	2883584,
				"bits_per_second":	23041712.293912321,
				"retransmits":	0,
				"omitted":	false,
				"sender":	true
			}
		}, {
			"streams":	[{
					"socket":	5,
					"start":	1.00117,
					"end":	2.001151,
					"seconds":	0.99998098611831665,
					"bytes":	3801088,
					"bits_per_second":	30409282.1984938,
					"retransmits":	0,
					"snd_cwnd":	403340,
					"snd_wnd":	1847232,
					"rtt":	104142,
					"rttvar":	9239,
					"pmtu":	1500,
					"reorder":	0,
					"omitted":	false,
					"sender":	true
				}],
			"sum":	{
				"start":	1.00117,
				"end":	2.001151,
				"seconds":	0.99998098611831665,
				"bytes":	3801088,
				"bits_per_second":	30409282.1984938,
				"retransmits":	0,
				"omitted":	false,
				"sender":	true
			}
		}, {
			"streams":	[{
					"socket":	5,
					"start":	2.001151,
					"end":	3.001136,
					"seconds":	0.9999849796295166,
					"bytes":	5373952,
					"bits_per_second":	42992261.759699553,
					"retransmits":	0,
					"snd_cwnd":	621264,
					"snd_wnd":	1846400,
					"rtt":	109369,
					"rttvar":	7998,
					"pmtu":	1500,
					"reorder":	0,
					"omitted":	false,
					"sender":	true
				}],
			"sum":	{
				"start":	2.001151,
				"end":	3.001136,
				"seconds":	0.9999849796295166,
				"bytes":	5373952,
				"bits_per_second":	42992261.759699553,
				"retransmits":	0,
				"omitted":	false,
				"sender":	true
			}
		}, {
			"streams":	[{
					"socket":	5,
					"start":	3.001136,
					"end":	4.001144,
					"seconds":	1.0000079870224,
					"bytes":	4849664,
					"bits_per_second":	38797002.127474956,
					"retransmits":	0,
					"snd_cwnd":	842800,
					"snd_wnd":	1847232,
					"rtt":	194255,
					"rttvar":	28825,
					"pmtu":	1500,
					"reorder":	0,
					"omitted":	false,
					"sender":	true
				}],
			"sum":	{
				"start":	3.001136,
				"end":	4.001144,
				"seconds":	1.0000079870224,
				"bytes":	4849664,
				"bits_per_second":	38797002.127474956,
				"retransmits":	0,
				"omitted":	false,
				"sender":	true
			}
		}, {
			"streams":	[{
					"socket":	5,
					"start":	4.001144,
					"end":	5.001095,
					"seconds":	0.99995100498199463,
					"bytes":	3145728,
					"bits_per_second":	25167057.060413819,
					"retransmits":	0,
					"snd_cwnd":	954772,
					"snd_wnd":	1935296,
					"rtt":	398451,
					"rttvar":	21780,
					"pmtu":	1500,
					"reorder":	0,
					"omitted":	false,
					"sender":	true
				}],
			"sum":	{
				"start":	4.001144,
				"end":	5.001095,
				"seconds":	0.99995100498199463,
				"bytes":	3145728,
				"bits_per_second":	25167057.060413819,
				"retransmits":	0,
				"omitted":	false,
				"sender":	true
			}
		}, {
			"streams":	[{
					"socket":	5,
					"start":	5.001095,
					"end":	6.001141,
					"seconds":	1.0000460147857666,
					"bytes":	2621440,
					"bits_per_second":	20970555.044402227,
					"retransmits":	0,
					"snd_cwnd":	1073968,
					"snd_wnd":	1935424,
					"rtt":	313941,
					"rttvar":	14057,
					"pmtu":	1500,
					"reorder":	0,
					"omitted":	false,
					"sender":	true
				}],
			"sum":	{
				"start":	5.001095,
				"end":	6.001141,
				"seconds":	1.0000460147857666,
				"bytes":	2621440,
				"bits_per_second":	20970555.044402227,
				"retransmits":	0,
				"omitted":	false,
				"sender":	true
			}
		}, {
			"streams":	[{
					"socket":	5,
					"start":	6.001141,
					"end":	7.001143,
					"seconds":	1.0000020265579224,
					"bytes":	3276800,
					"bits_per_second":	26214346.875107661,
					"retransmits":	0,
					"snd_cwnd":	1256976,
					"snd_wnd":	1935424,
					"rtt":	222065,
					"rttvar":	10185,
					"pmtu":	1500,
					"reorder":	0,
					"omitted":	false,
					"sender":	true
				}],
			"sum":	{
				"start":	6.001141,
				"end":	7.001143,
				"seconds":	1.0000020265579224,
				"bytes":	3276800,
				"bits_per_second":	26214346.875107661,
				"retransmits":	0,
				"omitted":	false,
				"sender":	true
			}
		}, {
			"streams":	[{
					"socket":	5,
					"start":	7.001143,
					"end":	8.001147,
					"seconds":	1.0000040531158447,
					"bytes":	5767168,
					"bits_per_second":	46137157.000757933,
					"retransmits":	0,
					"snd_cwnd":	1511020,
					"snd_wnd":	1935424,
					"rtt":	254313,
					"rttvar":	8231,
					"pmtu":	1500,
					"reorder":	0,
					"omitted":	false,
					"sender":	true
				}],
			"sum":	{
				"start":	7.001143,
				"end":	8.001147,
				"seconds":	1.0000040531158447,
				"bytes":	5767168,
				"bits_per_second":	46137157.000757933,
				"retransmits":	0,
				"omitted":	false,
				"sender":	true
			}
		}, {
			"streams":	[{
					"socket":	5,
					"start":	8.001147,
					"end":	9.001131,
					"seconds":	0.9999840259552002,
					"bytes":	2883584,
					"bits_per_second":	23069040.505886529,
					"retransmits":	0,
					"snd_cwnd":	1686804,
					"snd_wnd":	1935424,
					"rtt":	477851,
					"rttvar":	7170,
					"pmtu":	1500,
					"reorder":	0,
					"omitted":	false,
					"sender":	true
				}],
			"sum":	{
				"start":	8.001147,
				"end":	9.001131,
				"seconds":	0.9999840259552002,
				"bytes":	2883584,
				"bits_per_second":	23069040.505886529,
				"retransmits":	0,
				"omitted":	false,
				"sender":	true
			}
		}, {
			"streams":	[{
					"socket":	5,
					"start":	9.001131,
					"end":	10.001931,
					"seconds":	1.0008000135421753,
					"bytes":	4194304,
					"bits_per_second":	33527609.458396517,
					"retransmits":	0,
					"snd_cwnd":	1914360,
					"snd_wnd":	1935424,
					"rtt":	369433,
					"rttvar":	10826,
					"pmtu":	1500,
					"reorder":	0,
					"omitted":	false,
					"sender":	true
				}],
			"sum":	{
				"start":	9.001131,
				"end":	10.001931,
				"seconds":	1.0008000135421753,
				"bytes":	4194304,
				"bits_per_second":	33527609.458396517,
				"retransmits":	0,
				"omitted":	false,
				"sender":	true
			}
		}],
	"end":	{
		"streams":	[{
				"sender":	{
					"socket":	5,
					"start":	0,
					"end":	10.001931,
					"seconds":	10.001931,
					"bytes":	38797312,
					"bits_per_second":	31031857.348346032,
					"retransmits":	0,
					"reorder":	0,
					"max_snd_cwnd":	1914360,
					"max_snd_wnd":	1935424,
					"max_rtt":	477851,
					"min_rtt":	80274,
					"mean_rtt":	252409,
					"sender":	true
				},
				"receiver":	{
					"socket":	5,
					"start":	0,
					"end":	10.431993,
					"seconds":	10.001931,
					"bytes":	37879808,
					"bits_per_second":	29048952.007540647,
					"sender":	true
				}
			}],
		"sum_sent":	{
			"start":	0,
			"end":	10.001931,
			"seconds":	10.001931,
			"bytes":	38797312,
			"bits_per_second":	31031857.348346032,
			"retransmits":	0,
			"sender":	true
		},
		"sum_received":	{
			"start":	0,
			"end":	10.431993,
			"seconds":	10.431993,
			"bytes":	37879808,
			"bits_per_second":	29048952.007540647,
			"sender":	true
		},
		"cpu_utilization_percent":	{
			"host_total":	0.25189972847043113,
			"host_user":	0,
			"host_system":	0.25188979434066533,
			"remote_total":	14.354174875200856,
			"remote_user":	1.2857081376207258,
			"remote_system":	13.068457195084585
		},
		"sender_tcp_congestion":	"cubic",
		"receiver_tcp_congestion":	"cubic"
	}
}
{
	"start":	{
		"connected":	[{
				"socket":	5,
				"local_host":	"192.168.1.48",
				"local_port":	33766,
				"remote_host":	"192.168.1.58",
				"remote_port":	5201
			}],
		"version":	"iperf 3.20",
		"system_info":	"Linux kuroi-washi 6.19.11+kali-amd64 #1 SMP PREEMPT_DYNAMIC Kali 6.19.11-1kali1 (2026-04-09) x86_64",
		"timestamp":	{
			"time":	"Thu, 23 Apr 2026 19:00:10 GMT",
			"timesecs":	1776970810,
			"timemillisecs":	1776970810602
		},
		"connecting_to":	{
			"host":	"192.168.1.58",
			"port":	5201
		},
		"cookie":	"rnagbrk6d7u3m52fm63tbaer3gyywtmizzps",
		"tcp_mss":	1216,
		"target_bitrate":	0,
		"fq_rate":	0,
		"sock_bufsize":	0,
		"sndbuf_actual":	16384,
		"rcvbuf_actual":	131072,
		"test_start":	{
			"protocol":	"TCP",
			"num_streams":	1,
			"blksize":	131072,
			"omit":	0,
			"duration":	10,
			"bytes":	0,
			"blocks":	0,
			"reverse":	0,
			"tos":	0,
			"target_bitrate":	0,
			"bidir":	0,
			"fqrate":	0,
			"interval":	1
		}
	},
	"intervals":	[{
			"streams":	[{
					"socket":	5,
					"start":	0,
					"end":	1.001129,
					"seconds":	1.0011290311813354,
					"bytes":	5111808,
					"bits_per_second":	40848344.944851317,
					"retransmits":	0,
					"snd_cwnd":	335916,
					"snd_wnd":	1935424,
					"rtt":	60616,
					"rttvar":	5544,
					"pmtu":	1500,
					"reorder":	0,
					"omitted":	false,
					"sender":	true
				}],
			"sum":	{
				"start":	0,
				"end":	1.001129,
				"seconds":	1.0011290311813354,
				"bytes":	5111808,
				"bits_per_second":	40848344.944851317,
				"retransmits":	0,
				"omitted":	false,
				"sender":	true
			}
		}, {
			"streams":	[{
					"socket":	5,
					"start":	1.001129,
					"end":	2.001134,
					"seconds":	1.0000050067901611,
					"bytes":	5636096,
					"bits_per_second":	45088542.251130275,
					"retransmits":	0,
					"snd_cwnd":	583940,
					"snd_wnd":	1935424,
					"rtt":	102795,
					"rttvar":	7808,
					"pmtu":	1500,
					"reorder":	0,
					"omitted":	false,
					"sender":	true
				}],
			"sum":	{
				"start":	1.001129,
				"end":	2.001134,
				"seconds":	1.0000050067901611,
				"bytes":	5636096,
				"bits_per_second":	45088542.251130275,
				"retransmits":	0,
				"omitted":	false,
				"sender":	true
			}
		}, {
			"streams":	[{
					"socket":	5,
					"start":	2.001134,
					"end":	3.001135,
					"seconds":	1.0000009536743164,
					"bytes":	6684672,
					"bits_per_second":	53477325.000048637,
					"retransmits":	0,
					"snd_cwnd":	831964,
					"snd_wnd":	1935424,
					"rtt":	151189,
					"rttvar":	3154,
					"pmtu":	1500,
					"reorder":	0,
					"omitted":	false,
					"sender":	true
				}],
			"sum":	{
				"start":	2.001134,
				"end":	3.001135,
				"seconds":	1.0000009536743164,
				"bytes":	6684672,
				"bits_per_second":	53477325.000048637,
				"retransmits":	0,
				"omitted":	false,
				"sender":	true
			}
		}, {
			"streams":	[{
					"socket":	5,
					"start":	3.001135,
					"end":	4.001138,
					"seconds":	1.0000029802322388,
					"bytes":	5111808,
					"bits_per_second":	40894342.125363216,
					"retransmits":	0,
					"snd_cwnd":	1089620,
					"snd_wnd":	1935424,
					"rtt":	169854,
					"rttvar":	5762,
					"pmtu":	1500,
					"reorder":	0,
					"omitted":	false,
					"sender":	true
				}],
			"sum":	{
				"start":	3.001135,
				"end":	4.001138,
				"seconds":	1.0000029802322388,
				"bytes":	5111808,
				"bits_per_second":	40894342.125363216,
				"retransmits":	0,
				"omitted":	false,
				"sender":	true
			}
		}, {
			"streams":	[{
					"socket":	5,
					"start":	4.001138,
					"end":	5.001096,
					"seconds":	0.99995797872543335,
					"bytes":	5898240,
					"bits_per_second":	47187902.8958238,
					"retransmits":	0,
					"snd_cwnd":	1358112,
					"snd_wnd":	1935424,
					"rtt":	244465,
					"rttvar":	3807,
					"pmtu":	1500,
					"reorder":	0,
					"omitted":	false,
					"sender":	true
				}],
			"sum":	{
				"start":	4.001138,
				"end":	5.001096,
				"seconds":	0.99995797872543335,
				"bytes":	5898240,
				"bits_per_second":	47187902.8958238,
				"retransmits":	0,
				"omitted":	false,
				"sender":	true
			}
		}, {
			"streams":	[{
					"socket":	5,
					"start":	5.001096,
					"end":	6.001134,
					"seconds":	1.0000380277633667,
					"bytes":	5898240,
					"bits_per_second":	47184125.693233475,
					"retransmits":	0,
					"snd_cwnd":	1630216,
					"snd_wnd":	1930304,
					"rtt":	275118,
					"rttvar":	11334,
					"pmtu":	1500,
					"reorder":	0,
					"omitted":	false,
					"sender":	true
				}],
			"sum":	{
				"start":	5.001096,
				"end":	6.001134,
				"seconds":	1.0000380277633667,
				"bytes":	5898240,
				"bits_per_second":	47184125.693233475,
				"retransmits":	0,
				"omitted":	false,
				"sender":	true
			}
		}, {
			"streams":	[{
					"socket":	5,
					"start":	6.001134,
					"end":	7.001143,
					"seconds":	1.0000089406967163,
					"bytes":	2752512,
					"bits_per_second":	22019899.126760185,
					"retransmits":	0,
					"snd_cwnd":	1833692,
					"snd_wnd":	1935424,
					"rtt":	315999,
					"rttvar":	8438,
					"pmtu":	1500,
					"reorder":	0,
					"omitted":	false,
					"sender":	true
				}],
			"sum":	{
				"start":	6.001134,
				"end":	7.001143,
				"seconds":	1.0000089406967163,
				"bytes":	2752512,
				"bits_per_second":	22019899.126760185,
				"retransmits":	0,
				"omitted":	false,
				"sender":	true
			}
		}, {
			"streams":	[{
					"socket":	5,
					"start":	7.001143,
					"end":	8.001138,
					"seconds":	0.999994993209839,
					"bytes":	7471104,
					"bits_per_second":	59769131.2514983,
					"retransmits":	0,
					"snd_cwnd":	2035964,
					"snd_wnd":	1935424,
					"rtt":	342385,
					"rttvar":	6000,
					"pmtu":	1500,
					"reorder":	0,
					"omitted":	false,
					"sender":	true
				}],
			"sum":	{
				"start":	7.001143,
				"end":	8.001138,
				"seconds":	0.999994993209839,
				"bytes":	7471104,
				"bits_per_second":	59769131.2514983,
				"retransmits":	0,
				"omitted":	false,
				"sender":	true
			}
		}, {
			"streams":	[{
					"socket":	5,
					"start":	8.001138,
					"end":	9.001133,
					"seconds":	0.999994993209839,
					"bytes":	5767168,
					"bits_per_second":	46137575.001156576,
					"retransmits":	0,
					"snd_cwnd":	2035964,
					"snd_wnd":	1935424,
					"rtt":	355961,
					"rttvar":	3280,
					"pmtu":	1500,
					"reorder":	0,
					"omitted":	false,
					"sender":	true
				}],
			"sum":	{
				"start":	8.001138,
				"end":	9.001133,
				"seconds":	0.999994993209839,
				"bytes":	5767168,
				"bits_per_second":	46137575.001156576,
				"retransmits":	0,
				"omitted":	false,
				"sender":	true
			}
		}, {
			"streams":	[{
					"socket":	5,
					"start":	9.001133,
					"end":	10.001872,
					"seconds":	1.0007389783859253,
					"bytes":	4194304,
					"bits_per_second":	33529654.310177233,
					"retransmits":	0,
					"snd_cwnd":	2035964,
					"snd_wnd":	1935424,
					"rtt":	359175,
					"rttvar":	4899,
					"pmtu":	1500,
					"reorder":	0,
					"omitted":	false,
					"sender":	true
				}],
			"sum":	{
				"start":	9.001133,
				"end":	10.001872,
				"seconds":	1.0007389783859253,
				"bytes":	4194304,
				"bits_per_second":	33529654.310177233,
				"retransmits":	0,
				"omitted":	false,
				"sender":	true
			}
		}],
	"end":	{
		"streams":	[{
				"sender":	{
					"socket":	5,
					"start":	0,
					"end":	10.001872,
					"seconds":	10.001872,
					"bytes":	54525952,
					"bits_per_second":	43612597.32178136,
					"retransmits":	0,
					"reorder":	0,
					"max_snd_cwnd":	2035964,
					"max_snd_wnd":	1935424,
					"max_rtt":	359175,
					"min_rtt":	60616,
					"mean_rtt":	237755,
					"sender":	true
				},
				"receiver":	{
					"socket":	5,
					"start":	0,
					"end":	10.378525,
					"seconds":	10.001872,
					"bytes":	53215232,
					"bits_per_second":	41019495.159475937,
					"sender":	true
				}
			}],
		"sum_sent":	{
			"start":	0,
			"end":	10.001872,
			"seconds":	10.001872,
			"bytes":	54525952,
			"bits_per_second":	43612597.32178136,
			"retransmits":	0,
			"sender":	true
		},
		"sum_received":	{
			"start":	0,
			"end":	10.378525,
			"seconds":	10.378525,
			"bytes":	53215232,
			"bits_per_second":	41019495.159475937,
			"sender":	true
		},
		"cpu_utilization_percent":	{
			"host_total":	0.304454598672535,
			"host_user":	0.026184407190486647,
			"host_system":	0.27826025432561935,
			"remote_total":	15.825344591725843,
			"remote_user":	0.99955142672316022,
			"remote_system":	14.825773966488804
		},
		"sender_tcp_congestion":	"cubic",
		"receiver_tcp_congestion":	"cubic"
	}
}
{
	"start":	{
		"connected":	[{
				"socket":	5,
				"local_host":	"192.168.1.48",
				"local_port":	56834,
				"remote_host":	"192.168.1.58",
				"remote_port":	5201
			}],
		"version":	"iperf 3.20",
		"system_info":	"Linux kuroi-washi 6.19.11+kali-amd64 #1 SMP PREEMPT_DYNAMIC Kali 6.19.11-1kali1 (2026-04-09) x86_64",
		"timestamp":	{
			"time":	"Thu, 23 Apr 2026 19:00:21 GMT",
			"timesecs":	1776970821,
			"timemillisecs":	1776970821409
		},
		"connecting_to":	{
			"host":	"192.168.1.58",
			"port":	5201
		},
		"cookie":	"jlpdv4dctw7sny4cgnrlubnnmckaohnwfhpq",
		"tcp_mss":	1216,
		"target_bitrate":	0,
		"fq_rate":	0,
		"sock_bufsize":	0,
		"sndbuf_actual":	16384,
		"rcvbuf_actual":	131072,
		"test_start":	{
			"protocol":	"TCP",
			"num_streams":	1,
			"blksize":	131072,
			"omit":	0,
			"duration":	10,
			"bytes":	0,
			"blocks":	0,
			"reverse":	0,
			"tos":	0,
			"target_bitrate":	0,
			"bidir":	0,
			"fqrate":	0,
			"interval":	1
		}
	},
	"intervals":	[{
			"streams":	[{
					"socket":	5,
					"start":	0,
					"end":	1.001143,
					"seconds":	1.0011429786682129,
					"bytes":	6160384,
					"bits_per_second":	49226806.809912033,
					"retransmits":	0,
					"snd_cwnd":	414176,
					"snd_wnd":	1935424,
					"rtt":	68861,
					"rttvar":	4585,
					"pmtu":	1500,
					"reorder":	0,
					"omitted":	false,
					"sender":	true
				}],
			"sum":	{
				"start":	0,
				"end":	1.001143,
				"seconds":	1.0011429786682129,
				"bytes":	6160384,
				"bits_per_second":	49226806.809912033,
				"retransmits":	0,
				"omitted":	false,
				"sender":	true
			}
		}, {
			"streams":	[{
					"socket":	5,
					"start":	1.001143,
					"end":	2.001141,
					"seconds":	0.99999797344207764,
					"bytes":	6029312,
					"bits_per_second":	48234593.7501981,
					"retransmits":	0,
					"snd_cwnd":	659792,
					"snd_wnd":	1935424,
					"rtt":	166876,
					"rttvar":	13106,
					"pmtu":	1500,
					"reorder":	0,
					"omitted":	false,
					"sender":	true
				}],
			"sum":	{
				"start":	1.001143,
				"end":	2.001141,
				"seconds":	0.99999797344207764,
				"bytes":	6029312,
				"bits_per_second":	48234593.7501981,
				"retransmits":	0,
				"omitted":	false,
				"sender":	true
			}
		}, {
			"streams":	[{
					"socket":	5,
					"start":	2.001141,
					"end":	3.00115,
					"seconds":	1.0000089406967163,
					"bytes":	6684672,
					"bits_per_second":	53476897.879274733,
					"retransmits":	0,
					"snd_cwnd":	934304,
					"snd_wnd":	1935424,
					"rtt":	150714,
					"rttvar":	8083,
					"pmtu":	1500,
					"reorder":	0,
					"omitted":	false,
					"sender":	true
				}],
			"sum":	{
				"start":	2.001141,
				"end":	3.00115,
				"seconds":	1.0000089406967163,
				"bytes":	6684672,
				"bits_per_second":	53476897.879274733,
				"retransmits":	0,
				"omitted":	false,
				"sender":	true
			}
		}, {
			"streams":	[{
					"socket":	5,
					"start":	3.00115,
					"end":	4.00114,
					"seconds":	0.99998998641967773,
					"bytes":	5505024,
					"bits_per_second":	44040633.004416034,
					"retransmits":	0,
					"snd_cwnd":	1208816,
					"snd_wnd":	1935424,
					"rtt":	211390,
					"rttvar":	6921,
					"pmtu":	1500,
					"reorder":	0,
					"omitted":	false,
					"sender":	true
				}],
			"sum":	{
				"start":	3.00115,
				"end":	4.00114,
				"seconds":	0.99998998641967773,
				"bytes":	5505024,
				"bits_per_second":	44040633.004416034,
				"retransmits":	0,
				"omitted":	false,
				"sender":	true
			}
		}, {
			"streams":	[{
					"socket":	5,
					"start":	4.00114,
					"end":	5.001103,
					"seconds":	0.99996298551559448,
					"bytes":	5767168,
					"bits_per_second":	46139051.813213825,
					"retransmits":	0,
					"snd_cwnd":	1477308,
					"snd_wnd":	1935424,
					"rtt":	237791,
					"rttvar":	6783,
					"pmtu":	1500,
					"reorder":	0,
					"omitted":	false,
					"sender":	true
				}],
			"sum":	{
				"start":	4.00114,
				"end":	5.001103,
				"seconds":	0.99996298551559448,
				"bytes":	5767168,
				"bits_per_second":	46139051.813213825,
				"retransmits":	0,
				"omitted":	false,
				"sender":	true
			}
		}, {
			"streams":	[{
					"socket":	5,
					"start":	5.001103,
					"end":	6.001137,
					"seconds":	1.000033974647522,
					"bytes":	5767168,
					"bits_per_second":	46135776.553253449,
					"retransmits":	0,
					"snd_cwnd":	1773492,
					"snd_wnd":	1935424,
					"rtt":	272182,
					"rttvar":	4501,
					"pmtu":	1500,
					"reorder":	0,
					"omitted":	false,
					"sender":	true
				}],
			"sum":	{
				"start":	5.001103,
				"end":	6.001137,
				"seconds":	1.000033974647522,
				"bytes":	5767168,
				"bits_per_second":	46135776.553253449,
				"retransmits":	0,
				"omitted":	false,
				"sender":	true
			}
		}, {
			"streams":	[{
					"socket":	5,
					"start":	6.001137,
					"end":	7.001106,
					"seconds":	0.9999690055847168,
					"bytes":	5767168,
					"bits_per_second":	46138774.044323385,
					"retransmits":	0,
					"snd_cwnd":	2033556,
					"snd_wnd":	1935424,
					"rtt":	356204,
					"rttvar":	3452,
					"pmtu":	1500,
					"reorder":	0,
					"omitted":	false,
					"sender":	true
				}],
			"sum":	{
				"start":	6.001137,
				"end":	7.001106,
				"seconds":	0.9999690055847168,
				"bytes":	5767168,
				"bits_per_second":	46138774.044323385,
				"retransmits":	0,
				"omitted":	false,
				"sender":	true
			}
		}, {
			"streams":	[{
					"socket":	5,
					"start":	7.001106,
					"end":	8.001142,
					"seconds":	1.0000360012054443,
					"bytes":	3014656,
					"bits_per_second":	24116379.781256922,
					"retransmits":	0,
					"snd_cwnd":	2033556,
					"snd_wnd":	1935424,
					"rtt":	562192,
					"rttvar":	4372,
					"pmtu":	1500,
					"reorder":	0,
					"omitted":	false,
					"sender":	true
				}],
			"sum":	{
				"start":	7.001106,
				"end":	8.001142,
				"seconds":	1.0000360012054443,
				"bytes":	3014656,
				"bits_per_second":	24116379.781256922,
				"retransmits":	0,
				"omitted":	false,
				"sender":	true
			}
		}, {
			"streams":	[{
					"socket":	5,
					"start":	8.001142,
					"end":	9.001142,
					"seconds":	1,
					"bytes":	4325376,
					"bits_per_second":	34603008,
					"retransmits":	0,
					"snd_cwnd":	2033556,
					"snd_wnd":	1935424,
					"rtt":	405876,
					"rttvar":	11987,
					"pmtu":	1500,
					"reorder":	0,
					"omitted":	false,
					"sender":	true
				}],
			"sum":	{
				"start":	8.001142,
				"end":	9.001142,
				"seconds":	1,
				"bytes":	4325376,
				"bits_per_second":	34603008,
				"retransmits":	0,
				"omitted":	false,
				"sender":	true
			}
		}, {
			"streams":	[{
					"socket":	5,
					"start":	9.001142,
					"end":	10.00208,
					"seconds":	1.0009380578994751,
					"bytes":	5767168,
					"bits_per_second":	46094105.060628645,
					"retransmits":	0,
					"snd_cwnd":	2033556,
					"snd_wnd":	1935424,
					"rtt":	398848,
					"rttvar":	12607,
					"pmtu":	1500,
					"reorder":	0,
					"omitted":	false,
					"sender":	true
				}],
			"sum":	{
				"start":	9.001142,
				"end":	10.00208,
				"seconds":	1.0009380578994751,
				"bytes":	5767168,
				"bits_per_second":	46094105.060628645,
				"retransmits":	0,
				"omitted":	false,
				"sender":	true
			}
		}],
	"end":	{
		"streams":	[{
				"sender":	{
					"socket":	5,
					"start":	0,
					"end":	10.00208,
					"seconds":	10.00208,
					"bytes":	54788096,
					"bits_per_second":	43821361.956713,
					"retransmits":	0,
					"reorder":	0,
					"max_snd_cwnd":	2033556,
					"max_snd_wnd":	1935424,
					"max_rtt":	562192,
					"min_rtt":	68861,
					"mean_rtt":	283093,
					"sender":	true
				},
				"receiver":	{
					"socket":	5,
					"start":	0,
					"end":	10.471922,
					"seconds":	10.00208,
					"bytes":	53084160,
					"bits_per_second":	40553518.25577005,
					"sender":	true
				}
			}],
		"sum_sent":	{
			"start":	0,
			"end":	10.00208,
			"seconds":	10.00208,
			"bytes":	54788096,
			"bits_per_second":	43821361.956713,
			"retransmits":	0,
			"sender":	true
		},
		"sum_received":	{
			"start":	0,
			"end":	10.471922,
			"seconds":	10.471922,
			"bytes":	53084160,
			"bits_per_second":	40553518.25577005,
			"sender":	true
		},
		"cpu_utilization_percent":	{
			"host_total":	0.3111165327557957,
			"host_user":	0,
			"host_system":	0.3111165327557957,
			"remote_total":	16.30672422295256,
			"remote_user":	0.889375343167985,
			"remote_system":	15.417329851235756
		},
		"sender_tcp_congestion":	"cubic",
		"receiver_tcp_congestion":	"cubic"
	}
}
{
	"start":	{
		"connected":	[{
				"socket":	5,
				"local_host":	"192.168.1.48",
				"local_port":	50706,
				"remote_host":	"192.168.1.58",
				"remote_port":	5201
			}],
		"version":	"iperf 3.20",
		"system_info":	"Linux kuroi-washi 6.19.11+kali-amd64 #1 SMP PREEMPT_DYNAMIC Kali 6.19.11-1kali1 (2026-04-09) x86_64",
		"timestamp":	{
			"time":	"Thu, 23 Apr 2026 19:00:32 GMT",
			"timesecs":	1776970832,
			"timemillisecs":	1776970832376
		},
		"connecting_to":	{
			"host":	"192.168.1.58",
			"port":	5201
		},
		"cookie":	"vrq4laevxth6wnhi2fvyipnqhqweynvntiij",
		"tcp_mss":	1216,
		"target_bitrate":	0,
		"fq_rate":	0,
		"sock_bufsize":	0,
		"sndbuf_actual":	16384,
		"rcvbuf_actual":	131072,
		"test_start":	{
			"protocol":	"TCP",
			"num_streams":	1,
			"blksize":	131072,
			"omit":	0,
			"duration":	10,
			"bytes":	0,
			"blocks":	0,
			"reverse":	0,
			"tos":	0,
			"target_bitrate":	0,
			"bidir":	0,
			"fqrate":	0,
			"interval":	1
		}
	},
	"intervals":	[{
			"streams":	[{
					"socket":	5,
					"start":	0,
					"end":	1.001143,
					"seconds":	1.0011429786682129,
					"bytes":	4980736,
					"bits_per_second":	39800396.995248027,
					"retransmits":	0,
					"snd_cwnd":	242004,
					"snd_wnd":	1437376,
					"rtt":	41863,
					"rttvar":	4172,
					"pmtu":	1500,
					"reorder":	0,
					"omitted":	false,
					"sender":	true
				}],
			"sum":	{
				"start":	0,
				"end":	1.001143,
				"seconds":	1.0011429786682129,
				"bytes":	4980736,
				"bits_per_second":	39800396.995248027,
				"retransmits":	0,
				"omitted":	false,
				"sender":	true
			}
		}, {
			"streams":	[{
					"socket":	5,
					"start":	1.001143,
					"end":	2.00107,
					"seconds":	0.99992698431015,
					"bytes":	5505024,
					"bits_per_second":	44043407.859808221,
					"retransmits":	0,
					"snd_cwnd":	484008,
					"snd_wnd":	1437376,
					"rtt":	95679,
					"rttvar":	9440,
					"pmtu":	1500,
					"reorder":	0,
					"omitted":	false,
					"sender":	true
				}],
			"sum":	{
				"start":	1.001143,
				"end":	2.00107,
				"seconds":	0.99992698431015,
				"bytes":	5505024,
				"bits_per_second":	44043407.859808221,
				"retransmits":	0,
				"omitted":	false,
				"sender":	true
			}
		}, {
			"streams":	[{
					"socket":	5,
					"start":	2.00107,
					"end":	3.001131,
					"seconds":	1.00006103515625,
					"bytes":	4849664,
					"bits_per_second":	38794944.144522429,
					"retransmits":	0,
					"snd_cwnd":	707952,
					"snd_wnd":	1688256,
					"rtt":	142552,
					"rttvar":	5218,
					"pmtu":	1500,
					"reorder":	0,
					"omitted":	false,
					"sender":	true
				}],
			"sum":	{
				"start":	2.00107,
				"end":	3.001131,
				"seconds":	1.00006103515625,
				"bytes":	4849664,
				"bits_per_second":	38794944.144522429,
				"retransmits":	0,
				"omitted":	false,
				"sender":	true
			}
		}, {
			"streams":	[{
					"socket":	5,
					"start":	3.001131,
					"end":	4.001135,
					"seconds":	1.0000040531158447,
					"bytes":	6553600,
					"bits_per_second":	52428587.500861287,
					"retransmits":	0,
					"snd_cwnd":	960792,
					"snd_wnd":	1935424,
					"rtt":	149070,
					"rttvar":	5826,
					"pmtu":	1500,
					"reorder":	0,
					"omitted":	false,
					"sender":	true
				}],
			"sum":	{
				"start":	3.001131,
				"end":	4.001135,
				"seconds":	1.0000040531158447,
				"bytes":	6553600,
				"bits_per_second":	52428587.500861287,
				"retransmits":	0,
				"omitted":	false,
				"sender":	true
			}
		}, {
			"streams":	[{
					"socket":	5,
					"start":	4.001135,
					"end":	5.001154,
					"seconds":	1.0000189542770386,
					"bytes":	4980736,
					"bits_per_second":	39845132.76431495,
					"retransmits":	0,
					"snd_cwnd":	1200388,
					"snd_wnd":	1935424,
					"rtt":	228640,
					"rttvar":	6713,
					"pmtu":	1500,
					"reorder":	0,
					"omitted":	false,
					"sender":	true
				}],
			"sum":	{
				"start":	4.001135,
				"end":	5.001154,
				"seconds":	1.0000189542770386,
				"bytes":	4980736,
				"bits_per_second":	39845132.76431495,
				"retransmits":	0,
				"omitted":	false,
				"sender":	true
			}
		}, {
			"streams":	[{
					"socket":	5,
					"start":	5.001154,
					"end":	6.001129,
					"seconds":	0.999975025653839,
					"bytes":	4325376,
					"bits_per_second":	34603872.209083058,
					"retransmits":	0,
					"snd_cwnd":	1394232,
					"snd_wnd":	1935424,
					"rtt":	353680,
					"rttvar":	7397,
					"pmtu":	1500,
					"reorder":	0,
					"omitted":	false,
					"sender":	true
				}],
			"sum":	{
				"start":	5.001154,
				"end":	6.001129,
				"seconds":	0.999975025653839,
				"bytes":	4325376,
				"bits_per_second":	34603872.209083058,
				"retransmits":	0,
				"omitted":	false,
				"sender":	true
			}
		}, {
			"streams":	[{
					"socket":	5,
					"start":	6.001129,
					"end":	7.001144,
					"seconds":	1.0000150203704834,
					"bytes":	2883584,
					"bits_per_second":	23068325.50520448,
					"retransmits":	0,
					"snd_cwnd":	1554364,
					"snd_wnd":	1935424,
					"rtt":	396853,
					"rttvar":	6351,
					"pmtu":	1500,
					"reorder":	0,
					"omitted":	false,
					"sender":	true
				}],
			"sum":	{
				"start":	6.001129,
				"end":	7.001144,
				"seconds":	1.0000150203704834,
				"bytes":	2883584,
				"bits_per_second":	23068325.50520448,
				"retransmits":	0,
				"omitted":	false,
				"sender":	true
			}
		}, {
			"streams":	[{
					"socket":	5,
					"start":	7.001144,
					"end":	8.001139,
					"seconds":	0.999994993209839,
					"bytes":	4325376,
					"bits_per_second":	34603181.250867434,
					"retransmits":	0,
					"snd_cwnd":	1755432,
					"snd_wnd":	1935424,
					"rtt":	482477,
					"rttvar":	3045,
					"pmtu":	1500,
					"reorder":	0,
					"omitted":	false,
					"sender":	true
				}],
			"sum":	{
				"start":	7.001144,
				"end":	8.001139,
				"seconds":	0.999994993209839,
				"bytes":	4325376,
				"bits_per_second":	34603181.250867434,
				"retransmits":	0,
				"omitted":	false,
				"sender":	true
			}
		}, {
			"streams":	[{
					"socket":	5,
					"start":	8.001139,
					"end":	9.001141,
					"seconds":	1.0000020265579224,
					"bytes":	2883584,
					"bits_per_second":	23068625.250094742,
					"retransmits":	0,
					"snd_cwnd":	1922788,
					"snd_wnd":	1935424,
					"rtt":	547825,
					"rttvar":	14317,
					"pmtu":	1500,
					"reorder":	0,
					"omitted":	false,
					"sender":	true
				}],
			"sum":	{
				"start":	8.001139,
				"end":	9.001141,
				"seconds":	1.0000020265579224,
				"bytes":	2883584,
				"bits_per_second":	23068625.250094742,
				"retransmits":	0,
				"omitted":	false,
				"sender":	true
			}
		}, {
			"streams":	[{
					"socket":	5,
					"start":	9.001141,
					"end":	10.002198,
					"seconds":	1.0010570287704468,
					"bytes":	2621440,
					"bits_per_second":	20949375.906943455,
					"retransmits":	0,
					"snd_cwnd":	2031148,
					"snd_wnd":	1935424,
					"rtt":	156978,
					"rttvar":	25297,
					"pmtu":	1500,
					"reorder":	0,
					"omitted":	false,
					"sender":	true
				}],
			"sum":	{
				"start":	9.001141,
				"end":	10.002198,
				"seconds":	1.0010570287704468,
				"bytes":	2621440,
				"bits_per_second":	20949375.906943455,
				"retransmits":	0,
				"omitted":	false,
				"sender":	true
			}
		}],
	"end":	{
		"streams":	[{
				"sender":	{
					"socket":	5,
					"start":	0,
					"end":	10.002198,
					"seconds":	10.002198,
					"bytes":	43909120,
					"bits_per_second":	35119576.7170376,
					"retransmits":	0,
					"reorder":	0,
					"max_snd_cwnd":	2031148,
					"max_snd_wnd":	1935424,
					"max_rtt":	547825,
					"min_rtt":	41863,
					"mean_rtt":	259561,
					"sender":	true
				},
				"receiver":	{
					"socket":	5,
					"start":	0,
					"end":	10.704091,
					"seconds":	10.002198,
					"bytes":	42336256,
					"bits_per_second":	31641177.938416258,
					"sender":	true
				}
			}],
		"sum_sent":	{
			"start":	0,
			"end":	10.002198,
			"seconds":	10.002198,
			"bytes":	43909120,
			"bits_per_second":	35119576.7170376,
			"retransmits":	0,
			"sender":	true
		},
		"sum_received":	{
			"start":	0,
			"end":	10.704091,
			"seconds":	10.704091,
			"bytes":	42336256,
			"bits_per_second":	31641177.938416258,
			"sender":	true
		},
		"cpu_utilization_percent":	{
			"host_total":	0.26310853907707177,
			"host_user":	0.0509110950226532,
			"host_system":	0.21219744405441854,
			"remote_total":	15.573806190872103,
			"remote_user":	0.56447489670619377,
			"remote_system":	15.009321987998394
		},
		"sender_tcp_congestion":	"cubic",
		"receiver_tcp_congestion":	"cubic"
	}
}
{
	"start":	{
		"connected":	[{
				"socket":	5,
				"local_host":	"192.168.1.48",
				"local_port":	50324,
				"remote_host":	"192.168.1.58",
				"remote_port":	5201
			}],
		"version":	"iperf 3.20",
		"system_info":	"Linux kuroi-washi 6.19.11+kali-amd64 #1 SMP PREEMPT_DYNAMIC Kali 6.19.11-1kali1 (2026-04-09) x86_64",
		"timestamp":	{
			"time":	"Thu, 23 Apr 2026 19:00:43 GMT",
			"timesecs":	1776970843,
			"timemillisecs":	1776970843740
		},
		"connecting_to":	{
			"host":	"192.168.1.58",
			"port":	5201
		},
		"cookie":	"texfl7ch5oamj3op6wef4xotmo6hg7knm4c5",
		"tcp_mss":	1216,
		"target_bitrate":	0,
		"fq_rate":	0,
		"sock_bufsize":	0,
		"sndbuf_actual":	16384,
		"rcvbuf_actual":	131072,
		"test_start":	{
			"protocol":	"TCP",
			"num_streams":	1,
			"blksize":	131072,
			"omit":	0,
			"duration":	10,
			"bytes":	0,
			"blocks":	0,
			"reverse":	0,
			"tos":	0,
			"target_bitrate":	0,
			"bidir":	0,
			"fqrate":	0,
			"interval":	1
		}
	},
	"intervals":	[{
			"streams":	[{
					"socket":	5,
					"start":	0,
					"end":	1.001111,
					"seconds":	1.0011110305786133,
					"bytes":	3145728,
					"bits_per_second":	25137895.029939767,
					"retransmits":	0,
					"snd_cwnd":	222740,
					"snd_wnd":	821312,
					"rtt":	48584,
					"rttvar":	8133,
					"pmtu":	1500,
					"reorder":	0,
					"omitted":	false,
					"sender":	true
				}],
			"sum":	{
				"start":	0,
				"end":	1.001111,
				"seconds":	1.0011110305786133,
				"bytes":	3145728,
				"bits_per_second":	25137895.029939767,
				"retransmits":	0,
				"omitted":	false,
				"sender":	true
			}
		}, {
			"streams":	[{
					"socket":	5,
					"start":	1.001111,
					"end":	2.001148,
					"seconds":	1.0000369548797607,
					"bytes":	3538944,
					"bits_per_second":	28310505.788662612,
					"retransmits":	0,
					"snd_cwnd":	367220,
					"snd_wnd":	821312,
					"rtt":	176904,
					"rttvar":	11929,
					"pmtu":	1500,
					"reorder":	0,
					"omitted":	false,
					"sender":	true
				}],
			"sum":	{
				"start":	1.001111,
				"end":	2.001148,
				"seconds":	1.0000369548797607,
				"bytes":	3538944,
				"bits_per_second":	28310505.788662612,
				"retransmits":	0,
				"omitted":	false,
				"sender":	true
			}
		}, {
			"streams":	[{
					"socket":	5,
					"start":	2.001148,
					"end":	3.001149,
					"seconds":	1.0000009536743164,
					"bytes":	3145728,
					"bits_per_second":	25165800.000022888,
					"retransmits":	0,
					"snd_cwnd":	498456,
					"snd_wnd":	1037440,
					"rtt":	158283,
					"rttvar":	23911,
					"pmtu":	1500,
					"reorder":	0,
					"omitted":	false,
					"sender":	true
				}],
			"sum":	{
				"start":	2.001148,
				"end":	3.001149,
				"seconds":	1.0000009536743164,
				"bytes":	3145728,
				"bits_per_second":	25165800.000022888,
				"retransmits":	0,
				"omitted":	false,
				"sender":	true
			}
		}, {
			"streams":	[{
					"socket":	5,
					"start":	3.001149,
					"end":	4.001145,
					"seconds":	0.9999960064888,
					"bytes":	3538944,
					"bits_per_second":	28311665.062951516,
					"retransmits":	0,
					"snd_cwnd":	675444,
					"snd_wnd":	1881984,
					"rtt":	196447,
					"rttvar":	6789,
					"pmtu":	1500,
					"reorder":	0,
					"omitted":	false,
					"sender":	true
				}],
			"sum":	{
				"start":	3.001149,
				"end":	4.001145,
				"seconds":	0.9999960064888,
				"bytes":	3538944,
				"bits_per_second":	28311665.062951516,
				"retransmits":	0,
				"omitted":	false,
				"sender":	true
			}
		}, {
			"streams":	[{
					"socket":	5,
					"start":	4.001145,
					"end":	5.001067,
					"seconds":	0.999921977519989,
					"bytes":	3801088,
					"bits_per_second":	30411076.747627653,
					"retransmits":	0,
					"snd_cwnd":	818720,
					"snd_wnd":	1935424,
					"rtt":	270140,
					"rttvar":	8093,
					"pmtu":	1500,
					"reorder":	0,
					"omitted":	false,
					"sender":	true
				}],
			"sum":	{
				"start":	4.001145,
				"end":	5.001067,
				"seconds":	0.999921977519989,
				"bytes":	3801088,
				"bits_per_second":	30411076.747627653,
				"retransmits":	0,
				"omitted":	false,
				"sender":	true
			}
		}, {
			"streams":	[{
					"socket":	5,
					"start":	5.001067,
					"end":	6.00111,
					"seconds":	1.0000430345535278,
					"bytes":	2490368,
					"bits_per_second":	19922086.661895163,
					"retransmits":	0,
					"snd_cwnd":	959588,
					"snd_wnd":	1933760,
					"rtt":	322817,
					"rttvar":	9912,
					"pmtu":	1500,
					"reorder":	0,
					"omitted":	false,
					"sender":	true
				}],
			"sum":	{
				"start":	5.001067,
				"end":	6.00111,
				"seconds":	1.0000430345535278,
				"bytes":	2490368,
				"bits_per_second":	19922086.661895163,
				"retransmits":	0,
				"omitted":	false,
				"sender":	true
			}
		}, {
			"streams":	[{
					"socket":	5,
					"start":	6.00111,
					"end":	7.001146,
					"seconds":	1.0000360012054443,
					"bytes":	4194304,
					"bits_per_second":	33553224.043487892,
					"retransmits":	0,
					"snd_cwnd":	1100456,
					"snd_wnd":	1935424,
					"rtt":	293397,
					"rttvar":	15687,
					"pmtu":	1500,
					"reorder":	0,
					"omitted":	false,
					"sender":	true
				}],
			"sum":	{
				"start":	6.00111,
				"end":	7.001146,
				"seconds":	1.0000360012054443,
				"bytes":	4194304,
				"bits_per_second":	33553224.043487892,
				"retransmits":	0,
				"omitted":	false,
				"sender":	true
			}
		}, {
			"streams":	[{
					"socket":	5,
					"start":	7.001146,
					"end":	8.001149,
					"seconds":	1.0000029802322388,
					"bytes":	2883584,
					"bits_per_second":	23068603.250204891,
					"retransmits":	0,
					"snd_cwnd":	1271424,
					"snd_wnd":	1935424,
					"rtt":	353396,
					"rttvar":	4339,
					"pmtu":	1500,
					"reorder":	0,
					"omitted":	false,
					"sender":	true
				}],
			"sum":	{
				"start":	7.001146,
				"end":	8.001149,
				"seconds":	1.0000029802322388,
				"bytes":	2883584,
				"bits_per_second":	23068603.250204891,
				"retransmits":	0,
				"omitted":	false,
				"sender":	true
			}
		}, {
			"streams":	[{
					"socket":	5,
					"start":	8.001149,
					"end":	9.001149,
					"seconds":	1,
					"bytes":	4325376,
					"bits_per_second":	34603008,
					"retransmits":	0,
					"snd_cwnd":	1447208,
					"snd_wnd":	1935424,
					"rtt":	383545,
					"rttvar":	8300,
					"pmtu":	1500,
					"reorder":	0,
					"omitted":	false,
					"sender":	true
				}],
			"sum":	{
				"start":	8.001149,
				"end":	9.001149,
				"seconds":	1,
				"bytes":	4325376,
				"bits_per_second":	34603008,
				"retransmits":	0,
				"omitted":	false,
				"sender":	true
			}
		}, {
			"streams":	[{
					"socket":	5,
					"start":	9.001149,
					"end":	10.001944,
					"seconds":	1.0007950067520142,
					"bytes":	1572864,
					"bits_per_second":	12572916.446532497,
					"retransmits":	0,
					"snd_cwnd":	1588076,
					"snd_wnd":	1935424,
					"rtt":	465417,
					"rttvar":	12785,
					"pmtu":	1500,
					"reorder":	0,
					"omitted":	false,
					"sender":	true
				}],
			"sum":	{
				"start":	9.001149,
				"end":	10.001944,
				"seconds":	1.0007950067520142,
				"bytes":	1572864,
				"bits_per_second":	12572916.446532497,
				"retransmits":	0,
				"omitted":	false,
				"sender":	true
			}
		}],
	"end":	{
		"streams":	[{
				"sender":	{
					"socket":	5,
					"start":	0,
					"end":	10.001944,
					"seconds":	10.001944,
					"bytes":	32636928,
					"bits_per_second":	26104467.691480774,
					"retransmits":	0,
					"reorder":	0,
					"max_snd_cwnd":	1588076,
					"max_snd_wnd":	1935424,
					"max_rtt":	465417,
					"min_rtt":	48584,
					"mean_rtt":	266893,
					"sender":	true
				},
				"receiver":	{
					"socket":	5,
					"start":	0,
					"end":	10.365837,
					"seconds":	10.001944,
					"bytes":	31588352,
					"bits_per_second":	24378814.368776973,
					"sender":	true
				}
			}],
		"sum_sent":	{
			"start":	0,
			"end":	10.001944,
			"seconds":	10.001944,
			"bytes":	32636928,
			"bits_per_second":	26104467.691480774,
			"retransmits":	0,
			"sender":	true
		},
		"sum_received":	{
			"start":	0,
			"end":	10.365837,
			"seconds":	10.365837,
			"bytes":	31588352,
			"bits_per_second":	24378814.368776973,
			"sender":	true
		},
		"cpu_utilization_percent":	{
			"host_total":	0.20505385870554158,
			"host_user":	0,
			"host_system":	0.20504391525395077,
			"remote_total":	13.861563713119182,
			"remote_user":	0.818119719271684,
			"remote_system":	13.0434151594021
		},
		"sender_tcp_congestion":	"cubic",
		"receiver_tcp_congestion":	"cubic"
	}
}
{
	"start":	{
		"connected":	[{
				"socket":	5,
				"local_host":	"192.168.1.48",
				"local_port":	58224,
				"remote_host":	"192.168.1.58",
				"remote_port":	5201
			}],
		"version":	"iperf 3.20",
		"system_info":	"Linux kuroi-washi 6.19.11+kali-amd64 #1 SMP PREEMPT_DYNAMIC Kali 6.19.11-1kali1 (2026-04-09) x86_64",
		"timestamp":	{
			"time":	"Thu, 23 Apr 2026 19:00:54 GMT",
			"timesecs":	1776970854,
			"timemillisecs":	1776970854535
		},
		"connecting_to":	{
			"host":	"192.168.1.58",
			"port":	5201
		},
		"cookie":	"iykkznyel3l3oopio27ruktsfuril47jauzn",
		"tcp_mss":	1216,
		"target_bitrate":	0,
		"fq_rate":	0,
		"sock_bufsize":	0,
		"sndbuf_actual":	16384,
		"rcvbuf_actual":	131072,
		"test_start":	{
			"protocol":	"TCP",
			"num_streams":	1,
			"blksize":	131072,
			"omit":	0,
			"duration":	10,
			"bytes":	0,
			"blocks":	0,
			"reverse":	0,
			"tos":	0,
			"target_bitrate":	0,
			"bidir":	0,
			"fqrate":	0,
			"interval":	1
		}
	},
	"intervals":	[{
			"streams":	[{
					"socket":	5,
					"start":	0,
					"end":	1.00108,
					"seconds":	1.00108003616333,
					"bytes":	4456448,
					"bits_per_second":	35613120.541925684,
					"retransmits":	0,
					"snd_cwnd":	363608,
					"snd_wnd":	826304,
					"rtt":	95425,
					"rttvar":	11324,
					"pmtu":	1500,
					"reorder":	0,
					"omitted":	false,
					"sender":	true
				}],
			"sum":	{
				"start":	0,
				"end":	1.00108,
				"seconds":	1.00108003616333,
				"bytes":	4456448,
				"bits_per_second":	35613120.541925684,
				"retransmits":	0,
				"omitted":	false,
				"sender":	true
			}
		}, {
			"streams":	[{
					"socket":	5,
					"start":	1.00108,
					"end":	2.001066,
					"seconds":	0.99998599290847778,
					"bytes":	3407872,
					"bits_per_second":	27263357.880349033,
					"retransmits":	0,
					"snd_cwnd":	527352,
					"snd_wnd":	1237248,
					"rtt":	100958,
					"rttvar":	15843,
					"pmtu":	1500,
					"reorder":	0,
					"omitted":	false,
					"sender":	true
				}],
			"sum":	{
				"start":	1.00108,
				"end":	2.001066,
				"seconds":	0.99998599290847778,
				"bytes":	3407872,
				"bits_per_second":	27263357.880349033,
				"retransmits":	0,
				"omitted":	false,
				"sender":	true
			}
		}, {
			"streams":	[{
					"socket":	5,
					"start":	2.001066,
					"end":	3.001097,
					"seconds":	1.0000309944152832,
					"bytes":	4063232,
					"bits_per_second":	32504848.5312259,
					"retransmits":	0,
					"snd_cwnd":	698320,
					"snd_wnd":	1367808,
					"rtt":	173357,
					"rttvar":	10503,
					"pmtu":	1500,
					"reorder":	0,
					"omitted":	false,
					"sender":	true
				}],
			"sum":	{
				"start":	2.001066,
				"end":	3.001097,
				"seconds":	1.0000309944152832,
				"bytes":	4063232,
				"bits_per_second":	32504848.5312259,
				"retransmits":	0,
				"omitted":	false,
				"sender":	true
			}
		}, {
			"streams":	[{
					"socket":	5,
					"start":	3.001097,
					"end":	4.001101,
					"seconds":	1.0000040531158447,
					"bytes":	4194304,
					"bits_per_second":	33554296.00055122,
					"retransmits":	0,
					"snd_cwnd":	868084,
					"snd_wnd":	1651008,
					"rtt":	224964,
					"rttvar":	26122,
					"pmtu":	1500,
					"reorder":	0,
					"omitted":	false,
					"sender":	true
				}],
			"sum":	{
				"start":	3.001097,
				"end":	4.001101,
				"seconds":	1.0000040531158447,
				"bytes":	4194304,
				"bits_per_second":	33554296.00055122,
				"retransmits":	0,
				"omitted":	false,
				"sender":	true
			}
		}, {
			"streams":	[{
					"socket":	5,
					"start":	4.001101,
					"end":	5.001098,
					"seconds":	0.99999701976776123,
					"bytes":	2883584,
					"bits_per_second":	23068740.750204891,
					"retransmits":	0,
					"snd_cwnd":	1001728,
					"snd_wnd":	1935424,
					"rtt":	343790,
					"rttvar":	22748,
					"pmtu":	1500,
					"reorder":	0,
					"omitted":	false,
					"sender":	true
				}],
			"sum":	{
				"start":	4.001101,
				"end":	5.001098,
				"seconds":	0.99999701976776123,
				"bytes":	2883584,
				"bits_per_second":	23068740.750204891,
				"retransmits":	0,
				"omitted":	false,
				"sender":	true
			}
		}, {
			"streams":	[{
					"socket":	5,
					"start":	5.001098,
					"end":	6.0011,
					"seconds":	1.0000020265579224,
					"bytes":	2883584,
					"bits_per_second":	23068625.250094742,
					"retransmits":	0,
					"snd_cwnd":	1107680,
					"snd_wnd":	1935424,
					"rtt":	455303,
					"rttvar":	3827,
					"pmtu":	1500,
					"reorder":	0,
					"omitted":	false,
					"sender":	true
				}],
			"sum":	{
				"start":	5.001098,
				"end":	6.0011,
				"seconds":	1.0000020265579224,
				"bytes":	2883584,
				"bits_per_second":	23068625.250094742,
				"retransmits":	0,
				"omitted":	false,
				"sender":	true
			}
		}, {
			"streams":	[{
					"socket":	5,
					"start":	6.0011,
					"end":	7.001072,
					"seconds":	0.99997198581695557,
					"bytes":	1441792,
					"bits_per_second":	11534659.134052336,
					"retransmits":	0,
					"snd_cwnd":	1235304,
					"snd_wnd":	1935424,
					"rtt":	488602,
					"rttvar":	8112,
					"pmtu":	1500,
					"reorder":	0,
					"omitted":	false,
					"sender":	true
				}],
			"sum":	{
				"start":	6.0011,
				"end":	7.001072,
				"seconds":	0.99997198581695557,
				"bytes":	1441792,
				"bits_per_second":	11534659.134052336,
				"retransmits":	0,
				"omitted":	false,
				"sender":	true
			}
		}, {
			"streams":	[{
					"socket":	5,
					"start":	7.001072,
					"end":	8.001109,
					"seconds":	1.0000369548797607,
					"bytes":	2883584,
					"bits_per_second":	23067819.531502869,
					"retransmits":	0,
					"snd_cwnd":	1356908,
					"snd_wnd":	1935424,
					"rtt":	550489,
					"rttvar":	12656,
					"pmtu":	1500,
					"reorder":	0,
					"omitted":	false,
					"sender":	true
				}],
			"sum":	{
				"start":	7.001072,
				"end":	8.001109,
				"seconds":	1.0000369548797607,
				"bytes":	2883584,
				"bits_per_second":	23067819.531502869,
				"retransmits":	0,
				"omitted":	false,
				"sender":	true
			}
		}, {
			"streams":	[{
					"socket":	5,
					"start":	8.001109,
					"end":	9.001103,
					"seconds":	0.99999397993087769,
					"bytes":	1441792,
					"bits_per_second":	11534405.43791802,
					"retransmits":	0,
					"snd_cwnd":	1443596,
					"snd_wnd":	1935296,
					"rtt":	815797,
					"rttvar":	25006,
					"pmtu":	1500,
					"reorder":	0,
					"omitted":	false,
					"sender":	true
				}],
			"sum":	{
				"start":	8.001109,
				"end":	9.001103,
				"seconds":	0.99999397993087769,
				"bytes":	1441792,
				"bits_per_second":	11534405.43791802,
				"retransmits":	0,
				"omitted":	false,
				"sender":	true
			}
		}, {
			"streams":	[{
					"socket":	5,
					"start":	9.001103,
					"end":	10.001819,
					"seconds":	1.000715970993042,
					"bytes":	1441792,
					"bits_per_second":	11526083.658437183,
					"retransmits":	0,
					"snd_cwnd":	1505000,
					"snd_wnd":	1935424,
					"rtt":	1105220,
					"rttvar":	24693,
					"pmtu":	1500,
					"reorder":	0,
					"omitted":	false,
					"sender":	true
				}],
			"sum":	{
				"start":	9.001103,
				"end":	10.001819,
				"seconds":	1.000715970993042,
				"bytes":	1441792,
				"bits_per_second":	11526083.658437183,
				"retransmits":	0,
				"omitted":	false,
				"sender":	true
			}
		}],
	"end":	{
		"streams":	[{
				"sender":	{
					"socket":	5,
					"start":	0,
					"end":	10.001819,
					"seconds":	10.001819,
					"bytes":	29097984,
					"bits_per_second":	23274153.631454442,
					"retransmits":	0,
					"reorder":	0,
					"max_snd_cwnd":	1505000,
					"max_snd_wnd":	1935424,
					"max_rtt":	1105220,
					"min_rtt":	95425,
					"mean_rtt":	435390,
					"sender":	true
				},
				"receiver":	{
					"socket":	5,
					"start":	0,
					"end":	10.676765,
					"seconds":	10.001819,
					"bytes":	27525120,
					"bits_per_second":	20624314.574686248,
					"sender":	true
				}
			}],
		"sum_sent":	{
			"start":	0,
			"end":	10.001819,
			"seconds":	10.001819,
			"bytes":	29097984,
			"bits_per_second":	23274153.631454442,
			"retransmits":	0,
			"sender":	true
		},
		"sum_received":	{
			"start":	0,
			"end":	10.676765,
			"seconds":	10.676765,
			"bytes":	27525120,
			"bits_per_second":	20624314.574686248,
			"sender":	true
		},
		"cpu_utilization_percent":	{
			"host_total":	0.1883558819127672,
			"host_user":	0.046149874200848942,
			"host_system":	0.14220600771191824,
			"remote_total":	14.133078756883844,
			"remote_user":	1.0974318350661025,
			"remote_system":	13.035628265150054
		},
		"sender_tcp_congestion":	"cubic",
		"receiver_tcp_congestion":	"cubic"
	}
}
{
	"start":	{
		"connected":	[{
				"socket":	5,
				"local_host":	"192.168.1.48",
				"local_port":	53434,
				"remote_host":	"192.168.1.58",
				"remote_port":	5201
			}],
		"version":	"iperf 3.20",
		"system_info":	"Linux kuroi-washi 6.19.11+kali-amd64 #1 SMP PREEMPT_DYNAMIC Kali 6.19.11-1kali1 (2026-04-09) x86_64",
		"timestamp":	{
			"time":	"Thu, 23 Apr 2026 19:01:06 GMT",
			"timesecs":	1776970866,
			"timemillisecs":	1776970866086
		},
		"connecting_to":	{
			"host":	"192.168.1.58",
			"port":	5201
		},
		"cookie":	"iohaqmwimbhh66nxzdb3fiemfqb45daayo55",
		"tcp_mss":	1216,
		"target_bitrate":	0,
		"fq_rate":	0,
		"sock_bufsize":	0,
		"sndbuf_actual":	16384,
		"rcvbuf_actual":	131072,
		"test_start":	{
			"protocol":	"TCP",
			"num_streams":	1,
			"blksize":	131072,
			"omit":	0,
			"duration":	10,
			"bytes":	0,
			"blocks":	0,
			"reverse":	0,
			"tos":	0,
			"target_bitrate":	0,
			"bidir":	0,
			"fqrate":	0,
			"interval":	1
		}
	},
	"intervals":	[{
			"streams":	[{
					"socket":	5,
					"start":	0,
					"end":	1.001134,
					"seconds":	1.0011340379714966,
					"bytes":	2228224,
					"bits_per_second":	17805599.7737513,
					"retransmits":	0,
					"snd_cwnd":	169764,
					"snd_wnd":	744320,
					"rtt":	50648,
					"rttvar":	5636,
					"pmtu":	1500,
					"reorder":	0,
					"omitted":	false,
					"sender":	true
				}],
			"sum":	{
				"start":	0,
				"end":	1.001134,
				"seconds":	1.0011340379714966,
				"bytes":	2228224,
				"bits_per_second":	17805599.7737513,
				"retransmits":	0,
				"omitted":	false,
				"sender":	true
			}
		}, {
			"streams":	[{
					"socket":	5,
					"start":	1.001134,
					"end":	2.001131,
					"seconds":	0.99999701976776123,
					"bytes":	2883584,
					"bits_per_second":	23068740.750204891,
					"retransmits":	0,
					"snd_cwnd":	286552,
					"snd_wnd":	744320,
					"rtt":	110940,
					"rttvar":	5113,
					"pmtu":	1500,
					"reorder":	0,
					"omitted":	false,
					"sender":	true
				}],
			"sum":	{
				"start":	1.001134,
				"end":	2.001131,
				"seconds":	0.99999701976776123,
				"bytes":	2883584,
				"bits_per_second":	23068740.750204891,
				"retransmits":	0,
				"omitted":	false,
				"sender":	true
			}
		}, {
			"streams":	[{
					"socket":	5,
					"start":	2.001131,
					"end":	3.001142,
					"seconds":	1.0000109672546387,
					"bytes":	3014656,
					"bits_per_second":	24116983.5029008,
					"retransmits":	0,
					"snd_cwnd":	409360,
					"snd_wnd":	801472,
					"rtt":	133372,
					"rttvar":	15809,
					"pmtu":	1500,
					"reorder":	0,
					"omitted":	false,
					"sender":	true
				}],
			"sum":	{
				"start":	2.001131,
				"end":	3.001142,
				"seconds":	1.0000109672546387,
				"bytes":	3014656,
				"bits_per_second":	24116983.5029008,
				"retransmits":	0,
				"omitted":	false,
				"sender":	true
			}
		}, {
			"streams":	[{
					"socket":	5,
					"start":	3.001142,
					"end":	4.001107,
					"seconds":	0.999965012073517,
					"bytes":	1966080,
					"bits_per_second":	15729190.331754968,
					"retransmits":	0,
					"snd_cwnd":	514108,
					"snd_wnd":	1215040,
					"rtt":	186251,
					"rttvar":	9535,
					"pmtu":	1500,
					"reorder":	0,
					"omitted":	false,
					"sender":	true
				}],
			"sum":	{
				"start":	3.001142,
				"end":	4.001107,
				"seconds":	0.999965012073517,
				"bytes":	1966080,
				"bits_per_second":	15729190.331754968,
				"retransmits":	0,
				"omitted":	false,
				"sender":	true
			}
		}, {
			"streams":	[{
					"socket":	5,
					"start":	4.001107,
					"end":	5.001084,
					"seconds":	0.9999769926071167,
					"bytes":	2883584,
					"bits_per_second":	23069202.762211453,
					"retransmits":	0,
					"snd_cwnd":	646548,
					"snd_wnd":	1370304,
					"rtt":	156522,
					"rttvar":	4829,
					"pmtu":	1500,
					"reorder":	0,
					"omitted":	false,
					"sender":	true
				}],
			"sum":	{
				"start":	4.001107,
				"end":	5.001084,
				"seconds":	0.9999769926071167,
				"bytes":	2883584,
				"bits_per_second":	23069202.762211453,
				"retransmits":	0,
				"omitted":	false,
				"sender":	true
			}
		}, {
			"streams":	[{
					"socket":	5,
					"start":	5.001084,
					"end":	6.00114,
					"seconds":	1.0000560283660889,
					"bytes":	4194304,
					"bits_per_second":	33552552.105327427,
					"retransmits":	0,
					"snd_cwnd":	809088,
					"snd_wnd":	1935424,
					"rtt":	286028,
					"rttvar":	6200,
					"pmtu":	1500,
					"reorder":	0,
					"omitted":	false,
					"sender":	true
				}],
			"sum":	{
				"start":	5.001084,
				"end":	6.00114,
				"seconds":	1.0000560283660889,
				"bytes":	4194304,
				"bits_per_second":	33552552.105327427,
				"retransmits":	0,
				"omitted":	false,
				"sender":	true
			}
		}, {
			"streams":	[{
					"socket":	5,
					"start":	6.00114,
					"end":	7.001142,
					"seconds":	1.0000020265579224,
					"bytes":	3932160,
					"bits_per_second":	31457216.250129193,
					"retransmits":	0,
					"snd_cwnd":	978852,
					"snd_wnd":	1935424,
					"rtt":	93690,
					"rttvar":	4254,
					"pmtu":	1500,
					"reorder":	0,
					"omitted":	false,
					"sender":	true
				}],
			"sum":	{
				"start":	6.00114,
				"end":	7.001142,
				"seconds":	1.0000020265579224,
				"bytes":	3932160,
				"bits_per_second":	31457216.250129193,
				"retransmits":	0,
				"omitted":	false,
				"sender":	true
			}
		}, {
			"streams":	[{
					"socket":	5,
					"start":	7.001142,
					"end":	8.001141,
					"seconds":	0.99999898672103882,
					"bytes":	2883584,
					"bits_per_second":	23068695.375023685,
					"retransmits":	0,
					"snd_cwnd":	1137780,
					"snd_wnd":	1935424,
					"rtt":	288943,
					"rttvar":	9966,
					"pmtu":	1500,
					"reorder":	0,
					"omitted":	false,
					"sender":	true
				}],
			"sum":	{
				"start":	7.001142,
				"end":	8.001141,
				"seconds":	0.99999898672103882,
				"bytes":	2883584,
				"bits_per_second":	23068695.375023685,
				"retransmits":	0,
				"omitted":	false,
				"sender":	true
			}
		}, {
			"streams":	[{
					"socket":	5,
					"start":	8.001141,
					"end":	9.001146,
					"seconds":	1.0000050067901611,
					"bytes":	4980736,
					"bits_per_second":	39845688.500998847,
					"retransmits":	0,
					"snd_cwnd":	1348480,
					"snd_wnd":	1935424,
					"rtt":	353884,
					"rttvar":	8465,
					"pmtu":	1500,
					"reorder":	0,
					"omitted":	false,
					"sender":	true
				}],
			"sum":	{
				"start":	8.001141,
				"end":	9.001146,
				"seconds":	1.0000050067901611,
				"bytes":	4980736,
				"bits_per_second":	39845688.500998847,
				"retransmits":	0,
				"omitted":	false,
				"sender":	true
			}
		}, {
			"streams":	[{
					"socket":	5,
					"start":	9.001146,
					"end":	10.001998,
					"seconds":	1.0008519887924194,
					"bytes":	4325376,
					"bits_per_second":	34573551.721419215,
					"retransmits":	0,
					"snd_cwnd":	1555568,
					"snd_wnd":	1935424,
					"rtt":	353329,
					"rttvar":	6288,
					"pmtu":	1500,
					"reorder":	0,
					"omitted":	false,
					"sender":	true
				}],
			"sum":	{
				"start":	9.001146,
				"end":	10.001998,
				"seconds":	1.0008519887924194,
				"bytes":	4325376,
				"bits_per_second":	34573551.721419215,
				"retransmits":	0,
				"omitted":	false,
				"sender":	true
			}
		}],
	"end":	{
		"streams":	[{
				"sender":	{
					"socket":	5,
					"start":	0,
					"end":	10.001998,
					"seconds":	10.001998,
					"bytes":	33292288,
					"bits_per_second":	26628510.023697264,
					"retransmits":	0,
					"reorder":	0,
					"max_snd_cwnd":	1555568,
					"max_snd_wnd":	1935424,
					"max_rtt":	353884,
					"min_rtt":	50648,
					"mean_rtt":	201360,
					"sender":	true
				},
				"receiver":	{
					"socket":	5,
					"start":	0,
					"end":	10.424677,
					"seconds":	10.001998,
					"bytes":	31195136,
					"bits_per_second":	23939455.198468018,
					"sender":	true
				}
			}],
		"sum_sent":	{
			"start":	0,
			"end":	10.001998,
			"seconds":	10.001998,
			"bytes":	33292288,
			"bits_per_second":	26628510.023697264,
			"retransmits":	0,
			"sender":	true
		},
		"sum_received":	{
			"start":	0,
			"end":	10.424677,
			"seconds":	10.424677,
			"bytes":	31195136,
			"bits_per_second":	23939455.198468018,
			"sender":	true
		},
		"cpu_utilization_percent":	{
			"host_total":	0.21924051588574858,
			"host_user":	0.00086424670965383444,
			"host_system":	0.21836633530586883,
			"remote_total":	13.978719102703844,
			"remote_user":	0.848333239062407,
			"remote_system":	13.130376309155645
		},
		"sender_tcp_congestion":	"cubic",
		"receiver_tcp_congestion":	"cubic"
	}
}
{
	"start":	{
		"connected":	[{
				"socket":	5,
				"local_host":	"192.168.1.48",
				"local_port":	40372,
				"remote_host":	"192.168.1.58",
				"remote_port":	5201
			}],
		"version":	"iperf 3.20",
		"system_info":	"Linux kuroi-washi 6.19.11+kali-amd64 #1 SMP PREEMPT_DYNAMIC Kali 6.19.11-1kali1 (2026-04-09) x86_64",
		"timestamp":	{
			"time":	"Thu, 23 Apr 2026 19:01:17 GMT",
			"timesecs":	1776970877,
			"timemillisecs":	1776970877064
		},
		"connecting_to":	{
			"host":	"192.168.1.58",
			"port":	5201
		},
		"cookie":	"vyztcfnij7ggbyoxiiv6qpvxaitjy2diqlai",
		"tcp_mss":	1216,
		"target_bitrate":	0,
		"fq_rate":	0,
		"sock_bufsize":	0,
		"sndbuf_actual":	16384,
		"rcvbuf_actual":	131072,
		"test_start":	{
			"protocol":	"TCP",
			"num_streams":	1,
			"blksize":	131072,
			"omit":	0,
			"duration":	10,
			"bytes":	0,
			"blocks":	0,
			"reverse":	0,
			"tos":	0,
			"target_bitrate":	0,
			"bidir":	0,
			"fqrate":	0,
			"interval":	1
		}
	},
	"intervals":	[{
			"streams":	[{
					"socket":	5,
					"start":	0,
					"end":	1.0001,
					"seconds":	1.0001000165939331,
					"bytes":	4587520,
					"bits_per_second":	36696489.7420867,
					"retransmits":	0,
					"snd_cwnd":	285348,
					"snd_wnd":	1181504,
					"rtt":	59884,
					"rttvar":	14541,
					"pmtu":	1500,
					"reorder":	0,
					"omitted":	false,
					"sender":	true
				}],
			"sum":	{
				"start":	0,
				"end":	1.0001,
				"seconds":	1.0001000165939331,
				"bytes":	4587520,
				"bits_per_second":	36696489.7420867,
				"retransmits":	0,
				"omitted":	false,
				"sender":	true
			}
		}, {
			"streams":	[{
					"socket":	5,
					"start":	1.0001,
					"end":	2.000101,
					"seconds":	1.0000009536743164,
					"bytes":	3538944,
					"bits_per_second":	28311525.000025749,
					"retransmits":	0,
					"snd_cwnd":	439460,
					"snd_wnd":	1729216,
					"rtt":	153884,
					"rttvar":	7282,
					"pmtu":	1500,
					"reorder":	0,
					"omitted":	false,
					"sender":	true
				}],
			"sum":	{
				"start":	1.0001,
				"end":	2.000101,
				"seconds":	1.0000009536743164,
				"bytes":	3538944,
				"bits_per_second":	28311525.000025749,
				"retransmits":	0,
				"omitted":	false,
				"sender":	true
			}
		}, {
			"streams":	[{
					"socket":	5,
					"start":	2.000101,
					"end":	3.000103,
					"seconds":	1.0000020265579224,
					"bytes":	4194304,
					"bits_per_second":	33554364.000137806,
					"retransmits":	0,
					"snd_cwnd":	616448,
					"snd_wnd":	1729216,
					"rtt":	180037,
					"rttvar":	51010,
					"pmtu":	1500,
					"reorder":	0,
					"omitted":	false,
					"sender":	true
				}],
			"sum":	{
				"start":	2.000101,
				"end":	3.000103,
				"seconds":	1.0000020265579224,
				"bytes":	4194304,
				"bits_per_second":	33554364.000137806,
				"retransmits":	0,
				"omitted":	false,
				"sender":	true
			}
		}, {
			"streams":	[{
					"socket":	5,
					"start":	3.000103,
					"end":	4.000069,
					"seconds":	0.999966025352478,
					"bytes":	1835008,
					"bits_per_second":	14680562.766945431,
					"retransmits":	0,
					"snd_cwnd":	676648,
					"snd_wnd":	1935424,
					"rtt":	142838,
					"rttvar":	32582,
					"pmtu":	1500,
					"reorder":	0,
					"omitted":	false,
					"sender":	true
				}],
			"sum":	{
				"start":	3.000103,
				"end":	4.000069,
				"seconds":	0.999966025352478,
				"bytes":	1835008,
				"bits_per_second":	14680562.766945431,
				"retransmits":	0,
				"omitted":	false,
				"sender":	true
			}
		}, {
			"streams":	[{
					"socket":	5,
					"start":	4.000069,
					"end":	5.000071,
					"seconds":	1.0000020265579224,
					"bytes":	917504,
					"bits_per_second":	7340017.125030145,
					"retransmits":	0,
					"snd_cwnd":	740460,
					"snd_wnd":	1935424,
					"rtt":	654738,
					"rttvar":	178091,
					"pmtu":	1500,
					"reorder":	0,
					"omitted":	false,
					"sender":	true
				}],
			"sum":	{
				"start":	4.000069,
				"end":	5.000071,
				"seconds":	1.0000020265579224,
				"bytes":	917504,
				"bits_per_second":	7340017.125030145,
				"retransmits":	0,
				"omitted":	false,
				"sender":	true
			}
		}, {
			"streams":	[{
					"socket":	5,
					"start":	5.000071,
					"end":	6.000081,
					"seconds":	1.0000100135803223,
					"bytes":	1572864,
					"bits_per_second":	12582786.0012617,
					"retransmits":	0,
					"snd_cwnd":	817516,
					"snd_wnd":	1935424,
					"rtt":	469676,
					"rttvar":	5303,
					"pmtu":	1500,
					"reorder":	0,
					"omitted":	false,
					"sender":	true
				}],
			"sum":	{
				"start":	5.000071,
				"end":	6.000081,
				"seconds":	1.0000100135803223,
				"bytes":	1572864,
				"bits_per_second":	12582786.0012617,
				"retransmits":	0,
				"omitted":	false,
				"sender":	true
			}
		}, {
			"streams":	[{
					"socket":	5,
					"start":	6.000081,
					"end":	7.000087,
					"seconds":	1.0000059604644775,
					"bytes":	3407872,
					"bits_per_second":	27262813.500968568,
					"retransmits":	0,
					"snd_cwnd":	936712,
					"snd_wnd":	1935424,
					"rtt":	126102,
					"rttvar":	7168,
					"pmtu":	1500,
					"reorder":	0,
					"omitted":	false,
					"sender":	true
				}],
			"sum":	{
				"start":	6.000081,
				"end":	7.000087,
				"seconds":	1.0000059604644775,
				"bytes":	3407872,
				"bits_per_second":	27262813.500968568,
				"retransmits":	0,
				"omitted":	false,
				"sender":	true
			}
		}, {
			"streams":	[{
					"socket":	5,
					"start":	7.000087,
					"end":	8.00009,
					"seconds":	1.0000029802322388,
					"bytes":	1310720,
					"bits_per_second":	10485728.750093132,
					"retransmits":	0,
					"snd_cwnd":	1027012,
					"snd_wnd":	1935424,
					"rtt":	462836,
					"rttvar":	28885,
					"pmtu":	1500,
					"reorder":	0,
					"omitted":	false,
					"sender":	true
				}],
			"sum":	{
				"start":	7.000087,
				"end":	8.00009,
				"seconds":	1.0000029802322388,
				"bytes":	1310720,
				"bits_per_second":	10485728.750093132,
				"retransmits":	0,
				"omitted":	false,
				"sender":	true
			}
		}, {
			"streams":	[{
					"socket":	5,
					"start":	8.00009,
					"end":	9.001141,
					"seconds":	1.00105094909668,
					"bytes":	2883584,
					"bits_per_second":	23044453.452460658,
					"retransmits":	0,
					"snd_cwnd":	1102864,
					"snd_wnd":	1935424,
					"rtt":	657311,
					"rttvar":	7043,
					"pmtu":	1500,
					"reorder":	0,
					"omitted":	false,
					"sender":	true
				}],
			"sum":	{
				"start":	8.00009,
				"end":	9.001141,
				"seconds":	1.00105094909668,
				"bytes":	2883584,
				"bits_per_second":	23044453.452460658,
				"retransmits":	0,
				"omitted":	false,
				"sender":	true
			}
		}, {
			"streams":	[{
					"socket":	5,
					"start":	9.001141,
					"end":	10.000948,
					"seconds":	0.99980700016021729,
					"bytes":	1441792,
					"bits_per_second":	11536562.554724704,
					"retransmits":	0,
					"snd_cwnd":	1193164,
					"snd_wnd":	1935424,
					"rtt":	619302,
					"rttvar":	21521,
					"pmtu":	1500,
					"reorder":	0,
					"omitted":	false,
					"sender":	true
				}],
			"sum":	{
				"start":	9.001141,
				"end":	10.000948,
				"seconds":	0.99980700016021729,
				"bytes":	1441792,
				"bits_per_second":	11536562.554724704,
				"retransmits":	0,
				"omitted":	false,
				"sender":	true
			}
		}],
	"end":	{
		"streams":	[{
				"sender":	{
					"socket":	5,
					"start":	0,
					"end":	10.000948,
					"seconds":	10.000948,
					"bytes":	25690112,
					"bits_per_second":	20550141.446590863,
					"retransmits":	0,
					"reorder":	0,
					"max_snd_cwnd":	1193164,
					"max_snd_wnd":	1935424,
					"max_rtt":	657311,
					"min_rtt":	59884,
					"mean_rtt":	352660,
					"sender":	true
				},
				"receiver":	{
					"socket":	5,
					"start":	0,
					"end":	10.826695,
					"seconds":	10.000948,
					"bytes":	23330816,
					"bits_per_second":	17239474.096203871,
					"sender":	true
				}
			}],
		"sum_sent":	{
			"start":	0,
			"end":	10.000948,
			"seconds":	10.000948,
			"bytes":	25690112,
			"bits_per_second":	20550141.446590863,
			"retransmits":	0,
			"sender":	true
		},
		"sum_received":	{
			"start":	0,
			"end":	10.826695,
			"seconds":	10.826695,
			"bytes":	23330816,
			"bits_per_second":	17239474.096203871,
			"sender":	true
		},
		"cpu_utilization_percent":	{
			"host_total":	0.1857176626314353,
			"host_user":	0.0760843006894506,
			"host_system":	0.10963336194198467,
			"remote_total":	11.716105334808244,
			"remote_user":	1.01142889902284,
			"remote_system":	10.704658031613031
		},
		"sender_tcp_congestion":	"cubic",
		"receiver_tcp_congestion":	"cubic"
	}
}
