{
	"start":	{
		"connected":	[{
				"socket":	5,
				"local_host":	"192.168.1.3",
				"local_port":	50792,
				"remote_host":	"192.168.1.58",
				"remote_port":	5201
			}],
		"version":	"iperf 3.20",
		"system_info":	"Linux kuroi-washi 6.19.11+kali-amd64 #1 SMP PREEMPT_DYNAMIC Kali 6.19.11-1kali1 (2026-04-09) x86_64",
		"timestamp":	{
			"time":	"Thu, 23 Apr 2026 20:08:20 GMT",
			"timesecs":	1776974900,
			"timemillisecs":	1776974900845
		},
		"connecting_to":	{
			"host":	"192.168.1.58",
			"port":	5201
		},
		"cookie":	"isfmfchhuqdrgeab6gipjh2indyquyag3ajx",
		"tcp_mss":	1066,
		"target_bitrate":	0,
		"fq_rate":	0,
		"sock_bufsize":	0,
		"sndbuf_actual":	16384,
		"rcvbuf_actual":	131072,
		"test_start":	{
			"protocol":	"TCP",
			"num_streams":	1,
			"blksize":	131072,
			"omit":	0,
			"duration":	10,
			"bytes":	0,
			"blocks":	0,
			"reverse":	0,
			"tos":	0,
			"target_bitrate":	0,
			"bidir":	0,
			"fqrate":	0,
			"interval":	1
		}
	},
	"intervals":	[{
			"streams":	[{
					"socket":	5,
					"start":	0,
					"end":	1.001056,
					"seconds":	1.0010559558868408,
					"bytes":	5767168,
					"bits_per_second":	46088676.390848383,
					"retransmits":	0,
					"snd_cwnd":	315146,
					"snd_wnd":	1371328,
					"rtt":	45177,
					"rttvar":	5976,
					"pmtu":	1500,
					"reorder":	0,
					"omitted":	false,
					"sender":	true
				}],
			"sum":	{
				"start":	0,
				"end":	1.001056,
				"seconds":	1.0010559558868408,
				"bytes":	5767168,
				"bits_per_second":	46088676.390848383,
				"retransmits":	0,
				"omitted":	false,
				"sender":	true
			}
		}, {
			"streams":	[{
					"socket":	5,
					"start":	1.001056,
					"end":	2.00107,
					"seconds":	1.0000139474868774,
					"bytes":	4718592,
					"bits_per_second":	37748209.507343248,
					"retransmits":	0,
					"snd_cwnd":	531216,
					"snd_wnd":	1371328,
					"rtt":	93887,
					"rttvar":	2825,
					"pmtu":	1500,
					"reorder":	0,
					"omitted":	false,
					"sender":	true
				}],
			"sum":	{
				"start":	1.001056,
				"end":	2.00107,
				"seconds":	1.0000139474868774,
				"bytes":	4718592,
				"bits_per_second":	37748209.507343248,
				"retransmits":	0,
				"omitted":	false,
				"sender":	true
			}
		}, {
			"streams":	[{
					"socket":	5,
					"start":	2.00107,
					"end":	3.00113,
					"seconds":	1.000059962272644,
					"bytes":	5242880,
					"bits_per_second":	41940525.150796071,
					"retransmits":	0,
					"snd_cwnd":	752556,
					"snd_wnd":	1602944,
					"rtt":	116011,
					"rttvar":	9591,
					"pmtu":	1500,
					"reorder":	0,
					"omitted":	false,
					"sender":	true
				}],
			"sum":	{
				"start":	2.00107,
				"end":	3.00113,
				"seconds":	1.000059962272644,
				"bytes":	5242880,
				"bits_per_second":	41940525.150796071,
				"retransmits":	0,
				"omitted":	false,
				"sender":	true
			}
		}, {
			"streams":	[{
					"socket":	5,
					"start":	3.00113,
					"end":	4.001131,
					"seconds":	1.0000009536743164,
					"bytes":	5242880,
					"bits_per_second":	41943000.000038147,
					"retransmits":	0,
					"snd_cwnd":	976004,
					"snd_wnd":	1935488,
					"rtt":	132649,
					"rttvar":	6310,
					"pmtu":	1500,
					"reorder":	0,
					"omitted":	false,
					"sender":	true
				}],
			"sum":	{
				"start":	3.00113,
				"end":	4.001131,
				"seconds":	1.0000009536743164,
				"bytes":	5242880,
				"bits_per_second":	41943000.000038147,
				"retransmits":	0,
				"omitted":	false,
				"sender":	true
			}
		}, {
			"streams":	[{
					"socket":	5,
					"start":	4.001131,
					"end":	5.001066,
					"seconds":	0.99993497133255,
					"bytes":	5636096,
					"bits_per_second":	45091700.253180519,
					"retransmits":	0,
					"snd_cwnd":	1235288,
					"snd_wnd":	1935488,
					"rtt":	213167,
					"rttvar":	3761,
					"pmtu":	1500,
					"reorder":	0,
					"omitted":	false,
					"sender":	true
				}],
			"sum":	{
				"start":	4.001131,
				"end":	5.001066,
				"seconds":	0.99993497133255,
				"bytes":	5636096,
				"bits_per_second":	45091700.253180519,
				"retransmits":	0,
				"omitted":	false,
				"sender":	true
			}
		}, {
			"streams":	[{
					"socket":	5,
					"start":	5.001066,
					"end":	6.001033,
					"seconds":	0.99996697902679443,
					"bytes":	4587520,
					"bits_per_second":	36701371.9150186,
					"retransmits":	0,
					"snd_cwnd":	1461898,
					"snd_wnd":	1935488,
					"rtt":	291383,
					"rttvar":	8928,
					"pmtu":	1500,
					"reorder":	0,
					"omitted":	false,
					"sender":	true
				}],
			"sum":	{
				"start":	5.001066,
				"end":	6.001033,
				"seconds":	0.99996697902679443,
				"bytes":	4587520,
				"bits_per_second":	36701371.9150186,
				"retransmits":	0,
				"omitted":	false,
				"sender":	true
			}
		}, {
			"streams":	[{
					"socket":	5,
					"start":	6.001033,
					"end":	7.001066,
					"seconds":	1.0000330209732056,
					"bytes":	4456448,
					"bits_per_second":	35650406.788872659,
					"retransmits":	0,
					"snd_cwnd":	1691670,
					"snd_wnd":	1935488,
					"rtt":	349505,
					"rttvar":	5103,
					"pmtu":	1500,
					"reorder":	0,
					"omitted":	false,
					"sender":	true
				}],
			"sum":	{
				"start":	6.001033,
				"end":	7.001066,
				"seconds":	1.0000330209732056,
				"bytes":	4456448,
				"bits_per_second":	35650406.788872659,
				"retransmits":	0,
				"omitted":	false,
				"sender":	true
			}
		}, {
			"streams":	[{
					"socket":	5,
					"start":	7.001066,
					"end":	8.001153,
					"seconds":	1.0000870227813721,
					"bytes":	2883584,
					"bits_per_second":	23066664.674683031,
					"retransmits":	0,
					"snd_cwnd":	1838176,
					"snd_wnd":	1935488,
					"rtt":	347113,
					"rttvar":	6632,
					"pmtu":	1500,
					"reorder":	0,
					"omitted":	false,
					"sender":	true
				}],
			"sum":	{
				"start":	7.001066,
				"end":	8.001153,
				"seconds":	1.0000870227813721,
				"bytes":	2883584,
				"bits_per_second":	23066664.674683031,
				"retransmits":	0,
				"omitted":	false,
				"sender":	true
			}
		}, {
			"streams":	[{
					"socket":	5,
					"start":	8.001153,
					"end":	9.001136,
					"seconds":	0.999983012676239,
					"bytes":	6029312,
					"bits_per_second":	48235315.388919227,
					"retransmits":	0,
					"snd_cwnd":	2033166,
					"snd_wnd":	1935488,
					"rtt":	389450,
					"rttvar":	6004,
					"pmtu":	1500,
					"reorder":	0,
					"omitted":	false,
					"sender":	true
				}],
			"sum":	{
				"start":	8.001153,
				"end":	9.001136,
				"seconds":	0.999983012676239,
				"bytes":	6029312,
				"bits_per_second":	48235315.388919227,
				"retransmits":	0,
				"omitted":	false,
				"sender":	true
			}
		}, {
			"streams":	[{
					"socket":	5,
					"start":	9.001136,
					"end":	10.001701,
					"seconds":	1.0005650520324707,
					"bytes":	5767168,
					"bits_per_second":	46111288.722587459,
					"retransmits":	0,
					"snd_cwnd":	2033166,
					"snd_wnd":	1935488,
					"rtt":	326210,
					"rttvar":	7600,
					"pmtu":	1500,
					"reorder":	0,
					"omitted":	false,
					"sender":	true
				}],
			"sum":	{
				"start":	9.001136,
				"end":	10.001701,
				"seconds":	1.0005650520324707,
				"bytes":	5767168,
				"bits_per_second":	46111288.722587459,
				"retransmits":	0,
				"omitted":	false,
				"sender":	true
			}
		}],
	"end":	{
		"streams":	[{
				"sender":	{
					"socket":	5,
					"start":	0,
					"end":	10.001701,
					"seconds":	10.001701,
					"bytes":	50331648,
					"bits_per_second":	40258470.434179142,
					"retransmits":	0,
					"reorder":	0,
					"max_snd_cwnd":	2033166,
					"max_snd_wnd":	1935488,
					"max_rtt":	389450,
					"min_rtt":	45177,
					"mean_rtt":	230455,
					"sender":	true
				},
				"receiver":	{
					"socket":	5,
					"start":	0,
					"end":	10.402389,
					"seconds":	10.001701,
					"bytes":	49020928,
					"bits_per_second":	37699746.087172858,
					"sender":	true
				}
			}],
		"sum_sent":	{
			"start":	0,
			"end":	10.001701,
			"seconds":	10.001701,
			"bytes":	50331648,
			"bits_per_second":	40258470.434179142,
			"retransmits":	0,
			"sender":	true
		},
		"sum_received":	{
			"start":	0,
			"end":	10.402389,
			"seconds":	10.402389,
			"bytes":	49020928,
			"bits_per_second":	37699746.087172858,
			"sender":	true
		},
		"cpu_utilization_percent":	{
			"host_total":	0.269033103019421,
			"host_user":	0,
			"host_system":	0.26902316312793279,
			"remote_total":	16.442428736914312,
			"remote_user":	0.792589613049852,
			"remote_system":	15.649829537633053
		},
		"sender_tcp_congestion":	"cubic",
		"receiver_tcp_congestion":	"cubic"
	}
}
