{
	"start":	{
		"connected":	[{
				"socket":	5,
				"local_host":	"192.168.1.3",
				"local_port":	57754,
				"remote_host":	"192.168.1.58",
				"remote_port":	5201
			}],
		"version":	"iperf 3.20",
		"system_info":	"Linux kuroi-washi 6.19.11+kali-amd64 #1 SMP PREEMPT_DYNAMIC Kali 6.19.11-1kali1 (2026-04-09) x86_64",
		"timestamp":	{
			"time":	"Thu, 23 Apr 2026 20:07:16 GMT",
			"timesecs":	1776974836,
			"timemillisecs":	1776974836575
		},
		"connecting_to":	{
			"host":	"192.168.1.58",
			"port":	5201
		},
		"cookie":	"o7oebudmortt5yfxeqeurpc4n7oysqw5wnr7",
		"tcp_mss":	316,
		"target_bitrate":	0,
		"fq_rate":	0,
		"sock_bufsize":	0,
		"sndbuf_actual":	16384,
		"rcvbuf_actual":	131072,
		"test_start":	{
			"protocol":	"TCP",
			"num_streams":	1,
			"blksize":	131072,
			"omit":	0,
			"duration":	10,
			"bytes":	0,
			"blocks":	0,
			"reverse":	0,
			"tos":	0,
			"target_bitrate":	0,
			"bidir":	0,
			"fqrate":	0,
			"interval":	1
		}
	},
	"intervals":	[{
			"streams":	[{
					"socket":	5,
					"start":	0,
					"end":	1.001123,
					"seconds":	1.0011229515075684,
					"bytes":	2359296,
					"bits_per_second":	18853196.774259862,
					"retransmits":	0,
					"snd_cwnd":	122208,
					"snd_wnd":	905792,
					"rtt":	29493,
					"rttvar":	16465,
					"pmtu":	1500,
					"reorder":	0,
					"omitted":	false,
					"sender":	true
				}],
			"sum":	{
				"start":	0,
				"end":	1.001123,
				"seconds":	1.0011229515075684,
				"bytes":	2359296,
				"bits_per_second":	18853196.774259862,
				"retransmits":	0,
				"omitted":	false,
				"sender":	true
			}
		}, {
			"streams":	[{
					"socket":	5,
					"start":	1.001123,
					"end":	2.000111,
					"seconds":	0.99898797273635864,
					"bytes":	2228224,
					"bits_per_second":	17843850.463157054,
					"retransmits":	0,
					"snd_cwnd":	209760,
					"snd_wnd":	972096,
					"rtt":	85980,
					"rttvar":	3872,
					"pmtu":	1500,
					"reorder":	0,
					"omitted":	false,
					"sender":	true
				}],
			"sum":	{
				"start":	1.001123,
				"end":	2.000111,
				"seconds":	0.99898797273635864,
				"bytes":	2228224,
				"bits_per_second":	17843850.463157054,
				"retransmits":	0,
				"omitted":	false,
				"sender":	true
			}
		}, {
			"streams":	[{
					"socket":	5,
					"start":	2.000111,
					"end":	3.00007,
					"seconds":	0.99995899200439453,
					"bytes":	3014656,
					"bits_per_second":	24118237.040558569,
					"retransmits":	0,
					"snd_cwnd":	306128,
					"snd_wnd":	1857088,
					"rtt":	118226,
					"rttvar":	4549,
					"pmtu":	1500,
					"reorder":	0,
					"omitted":	false,
					"sender":	true
				}],
			"sum":	{
				"start":	2.000111,
				"end":	3.00007,
				"seconds":	0.99995899200439453,
				"bytes":	3014656,
				"bits_per_second":	24118237.040558569,
				"retransmits":	0,
				"omitted":	false,
				"sender":	true
			}
		}, {
			"streams":	[{
					"socket":	5,
					"start":	3.00007,
					"end":	4.000143,
					"seconds":	1.0000729560852051,
					"bytes":	1966080,
					"bits_per_second":	15727492.583711,
					"retransmits":	0,
					"snd_cwnd":	380608,
					"snd_wnd":	1914432,
					"rtt":	212349,
					"rttvar":	6578,
					"pmtu":	1500,
					"reorder":	0,
					"omitted":	false,
					"sender":	true
				}],
			"sum":	{
				"start":	3.00007,
				"end":	4.000143,
				"seconds":	1.0000729560852051,
				"bytes":	1966080,
				"bits_per_second":	15727492.583711,
				"retransmits":	0,
				"omitted":	false,
				"sender":	true
			}
		}, {
			"streams":	[{
					"socket":	5,
					"start":	4.000143,
					"end":	5.001097,
					"seconds":	1.0009540319442749,
					"bytes":	1179648,
					"bits_per_second":	9428189.2063205,
					"retransmits":	0,
					"snd_cwnd":	460256,
					"snd_wnd":	1914432,
					"rtt":	269452,
					"rttvar":	1457,
					"pmtu":	1500,
					"reorder":	0,
					"omitted":	false,
					"sender":	true
				}],
			"sum":	{
				"start":	4.000143,
				"end":	5.001097,
				"seconds":	1.0009540319442749,
				"bytes":	1179648,
				"bits_per_second":	9428189.2063205,
				"retransmits":	0,
				"omitted":	false,
				"sender":	true
			}
		}, {
			"streams":	[{
					"socket":	5,
					"start":	5.001097,
					"end":	6.000108,
					"seconds":	0.999010980129242,
					"bytes":	2621440,
					"bits_per_second":	20992281.783816747,
					"retransmits":	0,
					"snd_cwnd":	544464,
					"snd_wnd":	1920512,
					"rtt":	290765,
					"rttvar":	4947,
					"pmtu":	1500,
					"reorder":	0,
					"omitted":	false,
					"sender":	true
				}],
			"sum":	{
				"start":	5.001097,
				"end":	6.000108,
				"seconds":	0.999010980129242,
				"bytes":	2621440,
				"bits_per_second":	20992281.783816747,
				"retransmits":	0,
				"omitted":	false,
				"sender":	true
			}
		}, {
			"streams":	[{
					"socket":	5,
					"start":	6.000108,
					"end":	7.000152,
					"seconds":	1.0000439882278442,
					"bytes":	1310720,
					"bits_per_second":	10485298.770288678,
					"retransmits":	0,
					"snd_cwnd":	628672,
					"snd_wnd":	1928448,
					"rtt":	342930,
					"rttvar":	1929,
					"pmtu":	1500,
					"reorder":	0,
					"omitted":	false,
					"sender":	true
				}],
			"sum":	{
				"start":	6.000108,
				"end":	7.000152,
				"seconds":	1.0000439882278442,
				"bytes":	1310720,
				"bits_per_second":	10485298.770288678,
				"retransmits":	0,
				"omitted":	false,
				"sender":	true
			}
		}, {
			"streams":	[{
					"socket":	5,
					"start":	7.000152,
					"end":	8.000183,
					"seconds":	1.0000309944152832,
					"bytes":	1310720,
					"bits_per_second":	10485435.010072872,
					"retransmits":	0,
					"snd_cwnd":	716224,
					"snd_wnd":	1933888,
					"rtt":	405428,
					"rttvar":	1668,
					"pmtu":	1500,
					"reorder":	0,
					"omitted":	false,
					"sender":	true
				}],
			"sum":	{
				"start":	7.000152,
				"end":	8.000183,
				"seconds":	1.0000309944152832,
				"bytes":	1310720,
				"bits_per_second":	10485435.010072872,
				"retransmits":	0,
				"omitted":	false,
				"sender":	true
			}
		}, {
			"streams":	[{
					"socket":	5,
					"start":	8.000183,
					"end":	9.001139,
					"seconds":	1.0009560585021973,
					"bytes":	2752512,
					"bits_per_second":	21999063.608197,
					"retransmits":	0,
					"snd_cwnd":	797696,
					"snd_wnd":	1933888,
					"rtt":	406026,
					"rttvar":	6664,
					"pmtu":	1500,
					"reorder":	0,
					"omitted":	false,
					"sender":	true
				}],
			"sum":	{
				"start":	8.000183,
				"end":	9.001139,
				"seconds":	1.0009560585021973,
				"bytes":	2752512,
				"bits_per_second":	21999063.608197,
				"retransmits":	0,
				"omitted":	false,
				"sender":	true
			}
		}, {
			"streams":	[{
					"socket":	5,
					"start":	9.001139,
					"end":	10.001667,
					"seconds":	1.0005279779434204,
					"bytes":	1572864,
					"bits_per_second":	12576272.005770497,
					"retransmits":	0,
					"snd_cwnd":	880688,
					"snd_wnd":	1933888,
					"rtt":	535501,
					"rttvar":	4226,
					"pmtu":	1500,
					"reorder":	0,
					"omitted":	false,
					"sender":	true
				}],
			"sum":	{
				"start":	9.001139,
				"end":	10.001667,
				"seconds":	1.0005279779434204,
				"bytes":	1572864,
				"bits_per_second":	12576272.005770497,
				"retransmits":	0,
				"omitted":	false,
				"sender":	true
			}
		}],
	"end":	{
		"streams":	[{
				"sender":	{
					"socket":	5,
					"start":	0,
					"end":	10.001667,
					"seconds":	10.001667,
					"bytes":	20316160,
					"bits_per_second":	16250219.088477952,
					"retransmits":	0,
					"reorder":	0,
					"max_snd_cwnd":	880688,
					"max_snd_wnd":	1933888,
					"max_rtt":	535501,
					"min_rtt":	29493,
					"mean_rtt":	269615,
					"sender":	true
				},
				"receiver":	{
					"socket":	5,
					"start":	0,
					"end":	10.062332,
					"seconds":	10.001667,
					"bytes":	17694720,
					"bits_per_second":	14068086.801349826,
					"sender":	true
				}
			}],
		"sum_sent":	{
			"start":	0,
			"end":	10.001667,
			"seconds":	10.001667,
			"bytes":	20316160,
			"bits_per_second":	16250219.088477952,
			"retransmits":	0,
			"sender":	true
		},
		"sum_received":	{
			"start":	0,
			"end":	10.062332,
			"seconds":	10.062332,
			"bytes":	17694720,
			"bits_per_second":	14068086.801349826,
			"sender":	true
		},
		"cpu_utilization_percent":	{
			"host_total":	0.17021670132059344,
			"host_user":	0,
			"host_system":	0.1701869327474349,
			"remote_total":	8.9828297788309648,
			"remote_user":	0.37938388625592417,
			"remote_system":	8.6034360189573462
		},
		"sender_tcp_congestion":	"cubic",
		"receiver_tcp_congestion":	"cubic"
	}
}
