{
	"start":	{
		"connected":	[{
				"socket":	5,
				"local_host":	"192.168.1.48",
				"local_port":	57536,
				"remote_host":	"192.168.1.58",
				"remote_port":	5201
			}],
		"version":	"iperf 3.20",
		"system_info":	"Linux kuroi-washi 6.19.11+kali-amd64 #1 SMP PREEMPT_DYNAMIC Kali 6.19.11-1kali1 (2026-04-09) x86_64",
		"timestamp":	{
			"time":	"Thu, 23 Apr 2026 21:04:59 GMT",
			"timesecs":	1776978299,
			"timemillisecs":	1776978299909
		},
		"connecting_to":	{
			"host":	"192.168.1.58",
			"port":	5201
		},
		"cookie":	"evlmae53tq4xncjixbatgjhyhvcgkwd6zbit",
		"tcp_mss":	166,
		"target_bitrate":	0,
		"fq_rate":	0,
		"sock_bufsize":	0,
		"sndbuf_actual":	16384,
		"rcvbuf_actual":	131072,
		"test_start":	{
			"protocol":	"TCP",
			"num_streams":	1,
			"blksize":	131072,
			"omit":	0,
			"duration":	10,
			"bytes":	0,
			"blocks":	0,
			"reverse":	0,
			"tos":	0,
			"target_bitrate":	0,
			"bidir":	0,
			"fqrate":	0,
			"interval":	1
		}
	},
	"intervals":	[{
			"streams":	[{
					"socket":	5,
					"start":	0,
					"end":	1.001137,
					"seconds":	1.0011370182037354,
					"bytes":	1441792,
					"bits_per_second":	11521236.144773858,
					"retransmits":	0,
					"snd_cwnd":	61600,
					"snd_wnd":	484288,
					"rtt":	70252,
					"rttvar":	5264,
					"pmtu":	1520,
					"reorder":	0,
					"omitted":	false,
					"sender":	true
				}],
			"sum":	{
				"start":	0,
				"end":	1.001137,
				"seconds":	1.0011370182037354,
				"bytes":	1441792,
				"bits_per_second":	11521236.144773858,
				"retransmits":	0,
				"omitted":	false,
				"sender":	true
			}
		}, {
			"streams":	[{
					"socket":	5,
					"start":	1.001137,
					"end":	2.001137,
					"seconds":	1,
					"bytes":	1310720,
					"bits_per_second":	10485760,
					"retransmits":	0,
					"snd_cwnd":	103334,
					"snd_wnd":	484288,
					"rtt":	112151,
					"rttvar":	5340,
					"pmtu":	1520,
					"reorder":	0,
					"omitted":	false,
					"sender":	true
				}],
			"sum":	{
				"start":	1.001137,
				"end":	2.001137,
				"seconds":	1,
				"bytes":	1310720,
				"bits_per_second":	10485760,
				"retransmits":	0,
				"omitted":	false,
				"sender":	true
			}
		}, {
			"streams":	[{
					"socket":	5,
					"start":	2.001137,
					"end":	3.001136,
					"seconds":	0.99999898672103882,
					"bytes":	1310720,
					"bits_per_second":	10485770.625010766,
					"retransmits":	0,
					"snd_cwnd":	148764,
					"snd_wnd":	484288,
					"rtt":	153926,
					"rttvar":	2777,
					"pmtu":	1520,
					"reorder":	0,
					"omitted":	false,
					"sender":	true
				}],
			"sum":	{
				"start":	2.001137,
				"end":	3.001136,
				"seconds":	0.99999898672103882,
				"bytes":	1310720,
				"bits_per_second":	10485770.625010766,
				"retransmits":	0,
				"omitted":	false,
				"sender":	true
			}
		}, {
			"streams":	[{
					"socket":	5,
					"start":	3.001136,
					"end":	4.001085,
					"seconds":	0.99994897842407227,
					"bytes":	1966080,
					"bits_per_second":	15729442.540946905,
					"retransmits":	0,
					"snd_cwnd":	191884,
					"snd_wnd":	484288,
					"rtt":	220090,
					"rttvar":	3084,
					"pmtu":	1520,
					"reorder":	0,
					"omitted":	false,
					"sender":	true
				}],
			"sum":	{
				"start":	3.001136,
				"end":	4.001085,
				"seconds":	0.99994897842407227,
				"bytes":	1966080,
				"bits_per_second":	15729442.540946905,
				"retransmits":	0,
				"omitted":	false,
				"sender":	true
			}
		}, {
			"streams":	[{
					"socket":	5,
					"start":	4.001085,
					"end":	5.001063,
					"seconds":	0.999978005886078,
					"bytes":	1179648,
					"bits_per_second":	9437391.5670652539,
					"retransmits":	0,
					"snd_cwnd":	231154,
					"snd_wnd":	484288,
					"rtt":	72336,
					"rttvar":	18573,
					"pmtu":	1520,
					"reorder":	0,
					"omitted":	false,
					"sender":	true
				}],
			"sum":	{
				"start":	4.001085,
				"end":	5.001063,
				"seconds":	0.999978005886078,
				"bytes":	1179648,
				"bits_per_second":	9437391.5670652539,
				"retransmits":	0,
				"omitted":	false,
				"sender":	true
			}
		}, {
			"streams":	[{
					"socket":	5,
					"start":	5.001063,
					"end":	6.001141,
					"seconds":	1.0000779628753662,
					"bytes":	1572864,
					"bits_per_second":	12581931.076475618,
					"retransmits":	0,
					"snd_cwnd":	275198,
					"snd_wnd":	484288,
					"rtt":	109503,
					"rttvar":	36316,
					"pmtu":	1520,
					"reorder":	0,
					"omitted":	false,
					"sender":	true
				}],
			"sum":	{
				"start":	5.001063,
				"end":	6.001141,
				"seconds":	1.0000779628753662,
				"bytes":	1572864,
				"bits_per_second":	12581931.076475618,
				"retransmits":	0,
				"omitted":	false,
				"sender":	true
			}
		}, {
			"streams":	[{
					"socket":	5,
					"start":	6.001141,
					"end":	7.00115,
					"seconds":	1.0000089406967163,
					"bytes":	0,
					"bits_per_second":	0,
					"retransmits":	0,
					"snd_cwnd":	306306,
					"snd_wnd":	484288,
					"rtt":	168703,
					"rttvar":	6084,
					"pmtu":	1520,
					"reorder":	0,
					"omitted":	false,
					"sender":	true
				}],
			"sum":	{
				"start":	6.001141,
				"end":	7.00115,
				"seconds":	1.0000089406967163,
				"bytes":	0,
				"bits_per_second":	0,
				"retransmits":	0,
				"omitted":	false,
				"sender":	true
			}
		}, {
			"streams":	[{
					"socket":	5,
					"start":	7.00115,
					"end":	8.001139,
					"seconds":	0.99998897314071655,
					"bytes":	1572864,
					"bits_per_second":	12583050.751529993,
					"retransmits":	0,
					"snd_cwnd":	342034,
					"snd_wnd":	484288,
					"rtt":	415019,
					"rttvar":	9680,
					"pmtu":	1520,
					"reorder":	0,
					"omitted":	false,
					"sender":	true
				}],
			"sum":	{
				"start":	7.00115,
				"end":	8.001139,
				"seconds":	0.99998897314071655,
				"bytes":	1572864,
				"bits_per_second":	12583050.751529993,
				"retransmits":	0,
				"omitted":	false,
				"sender":	true
			}
		}, {
			"streams":	[{
					"socket":	5,
					"start":	8.001139,
					"end":	9.001112,
					"seconds":	0.99997299909591675,
					"bytes":	0,
					"bits_per_second":	0,
					"retransmits":	0,
					"snd_cwnd":	388080,
					"snd_wnd":	484288,
					"rtt":	395416,
					"rttvar":	2924,
					"pmtu":	1520,
					"reorder":	0,
					"omitted":	false,
					"sender":	true
				}],
			"sum":	{
				"start":	8.001139,
				"end":	9.001112,
				"seconds":	0.99997299909591675,
				"bytes":	0,
				"bits_per_second":	0,
				"retransmits":	0,
				"omitted":	false,
				"sender":	true
			}
		}, {
			"streams":	[{
					"socket":	5,
					"start":	9.001112,
					"end":	10.001937,
					"seconds":	1.000825047492981,
					"bytes":	1703936,
					"bits_per_second":	13620250.646350456,
					"retransmits":	0,
					"snd_cwnd":	439978,
					"snd_wnd":	484288,
					"rtt":	394507,
					"rttvar":	18976,
					"pmtu":	1520,
					"reorder":	0,
					"omitted":	false,
					"sender":	true
				}],
			"sum":	{
				"start":	9.001112,
				"end":	10.001937,
				"seconds":	1.000825047492981,
				"bytes":	1703936,
				"bits_per_second":	13620250.646350456,
				"retransmits":	0,
				"omitted":	false,
				"sender":	true
			}
		}],
	"end":	{
		"streams":	[{
				"sender":	{
					"socket":	5,
					"start":	0,
					"end":	10.001937,
					"seconds":	10.001937,
					"bytes":	12058624,
					"bits_per_second":	9645030.95750353,
					"retransmits":	0,
					"reorder":	0,
					"max_snd_cwnd":	439978,
					"max_snd_wnd":	484288,
					"max_rtt":	415019,
					"min_rtt":	70252,
					"mean_rtt":	211190,
					"sender":	true
				},
				"receiver":	{
					"socket":	5,
					"start":	0,
					"end":	10.404486,
					"seconds":	10.001937,
					"bytes":	8650752,
					"bits_per_second":	6651555.49250583,
					"sender":	true
				}
			}],
		"sum_sent":	{
			"start":	0,
			"end":	10.001937,
			"seconds":	10.001937,
			"bytes":	12058624,
			"bits_per_second":	9645030.95750353,
			"retransmits":	0,
			"sender":	true
		},
		"sum_received":	{
			"start":	0,
			"end":	10.404486,
			"seconds":	10.404486,
			"bytes":	8650752,
			"bits_per_second":	6651555.49250583,
			"sender":	true
		},
		"cpu_utilization_percent":	{
			"host_total":	0.12208917242033433,
			"host_user":	0,
			"host_system":	0.12207923030531638,
			"remote_total":	4.3069872550348469,
			"remote_user":	0.2406958997556379,
			"remote_system":	4.0662722106461
		},
		"sender_tcp_congestion":	"cubic",
		"receiver_tcp_congestion":	"cubic"
	}
}
{
	"start":	{
		"connected":	[{
				"socket":	5,
				"local_host":	"192.168.1.48",
				"local_port":	54164,
				"remote_host":	"192.168.1.58",
				"remote_port":	5201
			}],
		"version":	"iperf 3.20",
		"system_info":	"Linux kuroi-washi 6.19.11+kali-amd64 #1 SMP PREEMPT_DYNAMIC Kali 6.19.11-1kali1 (2026-04-09) x86_64",
		"timestamp":	{
			"time":	"Thu, 23 Apr 2026 21:05:10 GMT",
			"timesecs":	1776978310,
			"timemillisecs":	1776978310992
		},
		"connecting_to":	{
			"host":	"192.168.1.58",
			"port":	5201
		},
		"cookie":	"zoup55nu72jkev5oyc373y64jk7jew7jkdmr",
		"tcp_mss":	166,
		"target_bitrate":	0,
		"fq_rate":	0,
		"sock_bufsize":	0,
		"sndbuf_actual":	16384,
		"rcvbuf_actual":	131072,
		"test_start":	{
			"protocol":	"TCP",
			"num_streams":	1,
			"blksize":	131072,
			"omit":	0,
			"duration":	10,
			"bytes":	0,
			"blocks":	0,
			"reverse":	0,
			"tos":	0,
			"target_bitrate":	0,
			"bidir":	0,
			"fqrate":	0,
			"interval":	1
		}
	},
	"intervals":	[{
			"streams":	[{
					"socket":	5,
					"start":	0,
					"end":	1.001127,
					"seconds":	1.0011270046234131,
					"bytes":	1310720,
					"bits_per_second":	10473955.803384162,
					"retransmits":	0,
					"snd_cwnd":	43890,
					"snd_wnd":	484288,
					"rtt":	37163,
					"rttvar":	1368,
					"pmtu":	1520,
					"reorder":	0,
					"omitted":	false,
					"sender":	true
				}],
			"sum":	{
				"start":	0,
				"end":	1.001127,
				"seconds":	1.0011270046234131,
				"bytes":	1310720,
				"bits_per_second":	10473955.803384162,
				"retransmits":	0,
				"omitted":	false,
				"sender":	true
			}
		}, {
			"streams":	[{
					"socket":	5,
					"start":	1.001127,
					"end":	2.001092,
					"seconds":	0.999965012073517,
					"bytes":	1441792,
					"bits_per_second":	11534739.576620309,
					"retransmits":	0,
					"snd_cwnd":	88396,
					"snd_wnd":	484288,
					"rtt":	96522,
					"rttvar":	2667,
					"pmtu":	1520,
					"reorder":	0,
					"omitted":	false,
					"sender":	true
				}],
			"sum":	{
				"start":	1.001127,
				"end":	2.001092,
				"seconds":	0.999965012073517,
				"bytes":	1441792,
				"bits_per_second":	11534739.576620309,
				"retransmits":	0,
				"omitted":	false,
				"sender":	true
			}
		}, {
			"streams":	[{
					"socket":	5,
					"start":	2.001092,
					"end":	3.00111,
					"seconds":	1.0000180006027222,
					"bytes":	1835008,
					"bits_per_second":	14679799.754756574,
					"retransmits":	0,
					"snd_cwnd":	132748,
					"snd_wnd":	484288,
					"rtt":	133068,
					"rttvar":	2759,
					"pmtu":	1520,
					"reorder":	0,
					"omitted":	false,
					"sender":	true
				}],
			"sum":	{
				"start":	2.001092,
				"end":	3.00111,
				"seconds":	1.0000180006027222,
				"bytes":	1835008,
				"bits_per_second":	14679799.754756574,
				"retransmits":	0,
				"omitted":	false,
				"sender":	true
			}
		}, {
			"streams":	[{
					"socket":	5,
					"start":	3.00111,
					"end":	4.001103,
					"seconds":	0.99999302625656128,
					"bytes":	917504,
					"bits_per_second":	7340083.18785697,
					"retransmits":	0,
					"snd_cwnd":	174790,
					"snd_wnd":	484288,
					"rtt":	193982,
					"rttvar":	5708,
					"pmtu":	1520,
					"reorder":	0,
					"omitted":	false,
					"sender":	true
				}],
			"sum":	{
				"start":	3.00111,
				"end":	4.001103,
				"seconds":	0.99999302625656128,
				"bytes":	917504,
				"bits_per_second":	7340083.18785697,
				"retransmits":	0,
				"omitted":	false,
				"sender":	true
			}
		}, {
			"streams":	[{
					"socket":	5,
					"start":	4.001103,
					"end":	5.0011,
					"seconds":	0.99999701976776123,
					"bytes":	1048576,
					"bits_per_second":	8388633.0000745058,
					"retransmits":	0,
					"snd_cwnd":	213136,
					"snd_wnd":	484288,
					"rtt":	214967,
					"rttvar":	4162,
					"pmtu":	1520,
					"reorder":	0,
					"omitted":	false,
					"sender":	true
				}],
			"sum":	{
				"start":	4.001103,
				"end":	5.0011,
				"seconds":	0.99999701976776123,
				"bytes":	1048576,
				"bits_per_second":	8388633.0000745058,
				"retransmits":	0,
				"omitted":	false,
				"sender":	true
			}
		}, {
			"streams":	[{
					"socket":	5,
					"start":	5.0011,
					"end":	6.00044,
					"seconds":	0.999339997768402,
					"bytes":	1441792,
					"bits_per_second":	11541953.715209037,
					"retransmits":	0,
					"snd_cwnd":	258874,
					"snd_wnd":	484288,
					"rtt":	59950,
					"rttvar":	10220,
					"pmtu":	1520,
					"reorder":	0,
					"omitted":	false,
					"sender":	true
				}],
			"sum":	{
				"start":	5.0011,
				"end":	6.00044,
				"seconds":	0.999339997768402,
				"bytes":	1441792,
				"bits_per_second":	11541953.715209037,
				"retransmits":	0,
				"omitted":	false,
				"sender":	true
			}
		}, {
			"streams":	[{
					"socket":	5,
					"start":	6.00044,
					"end":	7.000448,
					"seconds":	1.0000079870224,
					"bytes":	1572864,
					"bits_per_second":	12582811.50080269,
					"retransmits":	0,
					"snd_cwnd":	283206,
					"snd_wnd":	484288,
					"rtt":	66447,
					"rttvar":	31127,
					"pmtu":	1520,
					"reorder":	0,
					"omitted":	false,
					"sender":	true
				}],
			"sum":	{
				"start":	6.00044,
				"end":	7.000448,
				"seconds":	1.0000079870224,
				"bytes":	1572864,
				"bits_per_second":	12582811.50080269,
				"retransmits":	0,
				"omitted":	false,
				"sender":	true
			}
		}, {
			"streams":	[{
					"socket":	5,
					"start":	7.000448,
					"end":	8.00109,
					"seconds":	1.000641942024231,
					"bytes":	0,
					"bits_per_second":	0,
					"retransmits":	0,
					"snd_cwnd":	320012,
					"snd_wnd":	484288,
					"rtt":	359311,
					"rttvar":	2408,
					"pmtu":	1520,
					"reorder":	0,
					"omitted":	false,
					"sender":	true
				}],
			"sum":	{
				"start":	7.000448,
				"end":	8.00109,
				"seconds":	1.000641942024231,
				"bytes":	0,
				"bits_per_second":	0,
				"retransmits":	0,
				"omitted":	false,
				"sender":	true
			}
		}, {
			"streams":	[{
					"socket":	5,
					"start":	8.00109,
					"end":	9.001067,
					"seconds":	0.9999769926071167,
					"bytes":	1441792,
					"bits_per_second":	11534601.381105727,
					"retransmits":	0,
					"snd_cwnd":	364364,
					"snd_wnd":	484288,
					"rtt":	378078,
					"rttvar":	1971,
					"pmtu":	1520,
					"reorder":	0,
					"omitted":	false,
					"sender":	true
				}],
			"sum":	{
				"start":	8.00109,
				"end":	9.001067,
				"seconds":	0.9999769926071167,
				"bytes":	1441792,
				"bits_per_second":	11534601.381105727,
				"retransmits":	0,
				"omitted":	false,
				"sender":	true
			}
		}, {
			"streams":	[{
					"socket":	5,
					"start":	9.001067,
					"end":	10.001866,
					"seconds":	1.0007989406585693,
					"bytes":	0,
					"bits_per_second":	0,
					"retransmits":	0,
					"snd_cwnd":	408716,
					"snd_wnd":	484288,
					"rtt":	424642,
					"rttvar":	2836,
					"pmtu":	1520,
					"reorder":	0,
					"omitted":	false,
					"sender":	true
				}],
			"sum":	{
				"start":	9.001067,
				"end":	10.001866,
				"seconds":	1.0007989406585693,
				"bytes":	0,
				"bits_per_second":	0,
				"retransmits":	0,
				"omitted":	false,
				"sender":	true
			}
		}],
	"end":	{
		"streams":	[{
				"sender":	{
					"socket":	5,
					"start":	0,
					"end":	10.001866,
					"seconds":	10.001866,
					"bytes":	11010048,
					"bits_per_second":	8806395.1266693641,
					"retransmits":	0,
					"reorder":	0,
					"max_snd_cwnd":	408716,
					"max_snd_wnd":	484288,
					"max_rtt":	424642,
					"min_rtt":	37163,
					"mean_rtt":	196413,
					"sender":	true
				},
				"receiver":	{
					"socket":	5,
					"start":	0,
					"end":	10.059121,
					"seconds":	10.001866,
					"bytes":	8519680,
					"bits_per_second":	6775685.4699332081,
					"sender":	true
				}
			}],
		"sum_sent":	{
			"start":	0,
			"end":	10.001866,
			"seconds":	10.001866,
			"bytes":	11010048,
			"bits_per_second":	8806395.1266693641,
			"retransmits":	0,
			"sender":	true
		},
		"sum_received":	{
			"start":	0,
			"end":	10.059121,
			"seconds":	10.059121,
			"bytes":	8519680,
			"bits_per_second":	6775685.4699332081,
			"sender":	true
		},
		"cpu_utilization_percent":	{
			"host_total":	0.12177543961162209,
			"host_user":	0,
			"host_system":	0.12176550443665174,
			"remote_total":	4.6969611945590168,
			"remote_user":	0.2094729605584465,
			"remote_system":	4.48772618132419
		},
		"sender_tcp_congestion":	"cubic",
		"receiver_tcp_congestion":	"cubic"
	}
}
{
	"start":	{
		"connected":	[{
				"socket":	5,
				"local_host":	"192.168.1.48",
				"local_port":	49242,
				"remote_host":	"192.168.1.58",
				"remote_port":	5201
			}],
		"version":	"iperf 3.20",
		"system_info":	"Linux kuroi-washi 6.19.11+kali-amd64 #1 SMP PREEMPT_DYNAMIC Kali 6.19.11-1kali1 (2026-04-09) x86_64",
		"timestamp":	{
			"time":	"Thu, 23 Apr 2026 21:05:21 GMT",
			"timesecs":	1776978321,
			"timemillisecs":	1776978321678
		},
		"connecting_to":	{
			"host":	"192.168.1.58",
			"port":	5201
		},
		"cookie":	"ajvss3zouvmwds4gzyf3qors2ehtpowu4xp4",
		"tcp_mss":	166,
		"target_bitrate":	0,
		"fq_rate":	0,
		"sock_bufsize":	0,
		"sndbuf_actual":	16384,
		"rcvbuf_actual":	131072,
		"test_start":	{
			"protocol":	"TCP",
			"num_streams":	1,
			"blksize":	131072,
			"omit":	0,
			"duration":	10,
			"bytes":	0,
			"blocks":	0,
			"reverse":	0,
			"tos":	0,
			"target_bitrate":	0,
			"bidir":	0,
			"fqrate":	0,
			"interval":	1
		}
	},
	"intervals":	[{
			"streams":	[{
					"socket":	5,
					"start":	0,
					"end":	1.001071,
					"seconds":	1.0010709762573242,
					"bytes":	1703936,
					"bits_per_second":	13616904.618455386,
					"retransmits":	0,
					"snd_cwnd":	60522,
					"snd_wnd":	484288,
					"rtt":	59871,
					"rttvar":	6661,
					"pmtu":	1520,
					"reorder":	0,
					"omitted":	false,
					"sender":	true
				}],
			"sum":	{
				"start":	0,
				"end":	1.001071,
				"seconds":	1.0010709762573242,
				"bytes":	1703936,
				"bits_per_second":	13616904.618455386,
				"retransmits":	0,
				"omitted":	false,
				"sender":	true
			}
		}, {
			"streams":	[{
					"socket":	5,
					"start":	1.001071,
					"end":	2.000789,
					"seconds":	0.99971801042556763,
					"bytes":	1048576,
					"bits_per_second":	8390974.16723449,
					"retransmits":	0,
					"snd_cwnd":	104874,
					"snd_wnd":	484288,
					"rtt":	102832,
					"rttvar":	980,
					"pmtu":	1520,
					"reorder":	0,
					"omitted":	false,
					"sender":	true
				}],
			"sum":	{
				"start":	1.001071,
				"end":	2.000789,
				"seconds":	0.99971801042556763,
				"bytes":	1048576,
				"bits_per_second":	8390974.16723449,
				"retransmits":	0,
				"omitted":	false,
				"sender":	true
			}
		}, {
			"streams":	[{
					"socket":	5,
					"start":	2.000789,
					"end":	3.001143,
					"seconds":	1.0003540515899658,
					"bytes":	2097152,
					"bits_per_second":	16771278.102322115,
					"retransmits":	0,
					"snd_cwnd":	148302,
					"snd_wnd":	484288,
					"rtt":	154761,
					"rttvar":	1475,
					"pmtu":	1520,
					"reorder":	0,
					"omitted":	false,
					"sender":	true
				}],
			"sum":	{
				"start":	2.000789,
				"end":	3.001143,
				"seconds":	1.0003540515899658,
				"bytes":	2097152,
				"bits_per_second":	16771278.102322115,
				"retransmits":	0,
				"omitted":	false,
				"sender":	true
			}
		}, {
			"streams":	[{
					"socket":	5,
					"start":	3.001143,
					"end":	4.000821,
					"seconds":	0.99967801570892334,
					"bytes":	1048576,
					"bits_per_second":	8391309.8699596841,
					"retransmits":	0,
					"snd_cwnd":	192192,
					"snd_wnd":	484288,
					"rtt":	211107,
					"rttvar":	3347,
					"pmtu":	1520,
					"reorder":	0,
					"omitted":	false,
					"sender":	true
				}],
			"sum":	{
				"start":	3.001143,
				"end":	4.000821,
				"seconds":	0.99967801570892334,
				"bytes":	1048576,
				"bits_per_second":	8391309.8699596841,
				"retransmits":	0,
				"omitted":	false,
				"sender":	true
			}
		}, {
			"streams":	[{
					"socket":	5,
					"start":	4.000821,
					"end":	5.000794,
					"seconds":	0.99997299909591675,
					"bytes":	1179648,
					"bits_per_second":	9437438.8193803541,
					"retransmits":	0,
					"snd_cwnd":	235620,
					"snd_wnd":	484288,
					"rtt":	254881,
					"rttvar":	3028,
					"pmtu":	1520,
					"reorder":	0,
					"omitted":	false,
					"sender":	true
				}],
			"sum":	{
				"start":	4.000821,
				"end":	5.000794,
				"seconds":	0.99997299909591675,
				"bytes":	1179648,
				"bits_per_second":	9437438.8193803541,
				"retransmits":	0,
				"omitted":	false,
				"sender":	true
			}
		}, {
			"streams":	[{
					"socket":	5,
					"start":	5.000794,
					"end":	6.000844,
					"seconds":	1.0000499486923218,
					"bytes":	1310720,
					"bits_per_second":	10485236.276159322,
					"retransmits":	1,
					"snd_cwnd":	281666,
					"snd_wnd":	484288,
					"rtt":	143676,
					"rttvar":	51399,
					"pmtu":	1520,
					"reorder":	0,
					"omitted":	false,
					"sender":	true
				}],
			"sum":	{
				"start":	5.000794,
				"end":	6.000844,
				"seconds":	1.0000499486923218,
				"bytes":	1310720,
				"bits_per_second":	10485236.276159322,
				"retransmits":	1,
				"omitted":	false,
				"sender":	true
			}
		}, {
			"streams":	[{
					"socket":	5,
					"start":	6.000844,
					"end":	7.00084,
					"seconds":	0.9999960064888,
					"bytes":	1572864,
					"bits_per_second":	12582962.250200674,
					"retransmits":	0,
					"snd_cwnd":	312620,
					"snd_wnd":	484288,
					"rtt":	381575,
					"rttvar":	4610,
					"pmtu":	1520,
					"reorder":	0,
					"omitted":	false,
					"sender":	true
				}],
			"sum":	{
				"start":	6.000844,
				"end":	7.00084,
				"seconds":	0.9999960064888,
				"bytes":	1572864,
				"bits_per_second":	12582962.250200674,
				"retransmits":	0,
				"omitted":	false,
				"sender":	true
			}
		}, {
			"streams":	[{
					"socket":	5,
					"start":	7.00084,
					"end":	8.000818,
					"seconds":	0.999978005886078,
					"bytes":	0,
					"bits_per_second":	0,
					"retransmits":	0,
					"snd_cwnd":	347578,
					"snd_wnd":	484288,
					"rtt":	371179,
					"rttvar":	2683,
					"pmtu":	1520,
					"reorder":	0,
					"omitted":	false,
					"sender":	true
				}],
			"sum":	{
				"start":	7.00084,
				"end":	8.000818,
				"seconds":	0.999978005886078,
				"bytes":	0,
				"bits_per_second":	0,
				"retransmits":	0,
				"omitted":	false,
				"sender":	true
			}
		}, {
			"streams":	[{
					"socket":	5,
					"start":	8.000818,
					"end":	9.000819,
					"seconds":	1.0000009536743164,
					"bytes":	1441792,
					"bits_per_second":	11534325.00001049,
					"retransmits":	0,
					"snd_cwnd":	391930,
					"snd_wnd":	484288,
					"rtt":	412902,
					"rttvar":	2306,
					"pmtu":	1520,
					"reorder":	0,
					"omitted":	false,
					"sender":	true
				}],
			"sum":	{
				"start":	8.000818,
				"end":	9.000819,
				"seconds":	1.0000009536743164,
				"bytes":	1441792,
				"bits_per_second":	11534325.00001049,
				"retransmits":	0,
				"omitted":	false,
				"sender":	true
			}
		}, {
			"streams":	[{
					"socket":	5,
					"start":	9.000819,
					"end":	10.001531,
					"seconds":	1.0007120370864868,
					"bytes":	0,
					"bits_per_second":	0,
					"retransmits":	0,
					"snd_cwnd":	436898,
					"snd_wnd":	484288,
					"rtt":	442125,
					"rttvar":	1385,
					"pmtu":	1520,
					"reorder":	0,
					"omitted":	false,
					"sender":	true
				}],
			"sum":	{
				"start":	9.000819,
				"end":	10.001531,
				"seconds":	1.0007120370864868,
				"bytes":	0,
				"bits_per_second":	0,
				"retransmits":	0,
				"omitted":	false,
				"sender":	true
			}
		}],
	"end":	{
		"streams":	[{
				"sender":	{
					"socket":	5,
					"start":	0,
					"end":	10.001531,
					"seconds":	10.001531,
					"bytes":	11403264,
					"bits_per_second":	9121214.7420229968,
					"retransmits":	1,
					"reorder":	0,
					"max_snd_cwnd":	436898,
					"max_snd_wnd":	484288,
					"max_rtt":	442125,
					"min_rtt":	59871,
					"mean_rtt":	253490,
					"sender":	true
				},
				"receiver":	{
					"socket":	5,
					"start":	0,
					"end":	10.051165,
					"seconds":	10.001531,
					"bytes":	8781824,
					"bits_per_second":	6989696.4182758918,
					"sender":	true
				}
			}],
		"sum_sent":	{
			"start":	0,
			"end":	10.001531,
			"seconds":	10.001531,
			"bytes":	11403264,
			"bits_per_second":	9121214.7420229968,
			"retransmits":	1,
			"sender":	true
		},
		"sum_received":	{
			"start":	0,
			"end":	10.051165,
			"seconds":	10.051165,
			"bytes":	8781824,
			"bits_per_second":	6989696.4182758918,
			"sender":	true
		},
		"cpu_utilization_percent":	{
			"host_total":	0.10576526015699809,
			"host_user":	0.007473733850597874,
			"host_system":	0.098291526306400229,
			"remote_total":	4.64579518723007,
			"remote_user":	0.056606479702399189,
			"remote_system":	4.5891787956944183
		},
		"sender_tcp_congestion":	"cubic",
		"receiver_tcp_congestion":	"cubic"
	}
}
{
	"start":	{
		"connected":	[{
				"socket":	5,
				"local_host":	"192.168.1.48",
				"local_port":	56716,
				"remote_host":	"192.168.1.58",
				"remote_port":	5201
			}],
		"version":	"iperf 3.20",
		"system_info":	"Linux kuroi-washi 6.19.11+kali-amd64 #1 SMP PREEMPT_DYNAMIC Kali 6.19.11-1kali1 (2026-04-09) x86_64",
		"timestamp":	{
			"time":	"Thu, 23 Apr 2026 21:05:32 GMT",
			"timesecs":	1776978332,
			"timemillisecs":	1776978332307
		},
		"connecting_to":	{
			"host":	"192.168.1.58",
			"port":	5201
		},
		"cookie":	"7nsassap7hormhxwy6cr6y2pjiyseegk573h",
		"tcp_mss":	166,
		"target_bitrate":	0,
		"fq_rate":	0,
		"sock_bufsize":	0,
		"sndbuf_actual":	16384,
		"rcvbuf_actual":	131072,
		"test_start":	{
			"protocol":	"TCP",
			"num_streams":	1,
			"blksize":	131072,
			"omit":	0,
			"duration":	10,
			"bytes":	0,
			"blocks":	0,
			"reverse":	0,
			"tos":	0,
			"target_bitrate":	0,
			"bidir":	0,
			"fqrate":	0,
			"interval":	1
		}
	},
	"intervals":	[{
			"streams":	[{
					"socket":	5,
					"start":	0,
					"end":	1.00113,
					"seconds":	1.0011299848556519,
					"bytes":	1572864,
					"bits_per_second":	12568709.548555046,
					"retransmits":	0,
					"snd_cwnd":	49280,
					"snd_wnd":	484288,
					"rtt":	53056,
					"rttvar":	3322,
					"pmtu":	1520,
					"reorder":	0,
					"omitted":	false,
					"sender":	true
				}],
			"sum":	{
				"start":	0,
				"end":	1.00113,
				"seconds":	1.0011299848556519,
				"bytes":	1572864,
				"bits_per_second":	12568709.548555046,
				"retransmits":	0,
				"omitted":	false,
				"sender":	true
			}
		}, {
			"streams":	[{
					"socket":	5,
					"start":	1.00113,
					"end":	2.001141,
					"seconds":	1.0000109672546387,
					"bytes":	1179648,
					"bits_per_second":	9437080.5011351,
					"retransmits":	0,
					"snd_cwnd":	80696,
					"snd_wnd":	484288,
					"rtt":	107925,
					"rttvar":	3714,
					"pmtu":	1520,
					"reorder":	0,
					"omitted":	false,
					"sender":	true
				}],
			"sum":	{
				"start":	1.00113,
				"end":	2.001141,
				"seconds":	1.0000109672546387,
				"bytes":	1179648,
				"bits_per_second":	9437080.5011351,
				"retransmits":	0,
				"omitted":	false,
				"sender":	true
			}
		}, {
			"streams":	[{
					"socket":	5,
					"start":	2.001141,
					"end":	3.001142,
					"seconds":	1.0000009536743164,
					"bytes":	655360,
					"bits_per_second":	5242875.0000047684,
					"retransmits":	0,
					"snd_cwnd":	108262,
					"snd_wnd":	484288,
					"rtt":	165631,
					"rttvar":	4369,
					"pmtu":	1520,
					"reorder":	0,
					"omitted":	false,
					"sender":	true
				}],
			"sum":	{
				"start":	2.001141,
				"end":	3.001142,
				"seconds":	1.0000009536743164,
				"bytes":	655360,
				"bits_per_second":	5242875.0000047684,
				"retransmits":	0,
				"omitted":	false,
				"sender":	true
			}
		}, {
			"streams":	[{
					"socket":	5,
					"start":	3.001142,
					"end":	4.00115,
					"seconds":	1.0000079870224,
					"bytes":	1441792,
					"bits_per_second":	11534243.8757358,
					"retransmits":	0,
					"snd_cwnd":	147840,
					"snd_wnd":	484288,
					"rtt":	155094,
					"rttvar":	1594,
					"pmtu":	1520,
					"reorder":	0,
					"omitted":	false,
					"sender":	true
				}],
			"sum":	{
				"start":	3.001142,
				"end":	4.00115,
				"seconds":	1.0000079870224,
				"bytes":	1441792,
				"bits_per_second":	11534243.8757358,
				"retransmits":	0,
				"omitted":	false,
				"sender":	true
			}
		}, {
			"streams":	[{
					"socket":	5,
					"start":	4.00115,
					"end":	5.001096,
					"seconds":	0.9999459981918335,
					"bytes":	917504,
					"bits_per_second":	7340428.3964061225,
					"retransmits":	0,
					"snd_cwnd":	192654,
					"snd_wnd":	484288,
					"rtt":	209442,
					"rttvar":	3356,
					"pmtu":	1520,
					"reorder":	0,
					"omitted":	false,
					"sender":	true
				}],
			"sum":	{
				"start":	4.00115,
				"end":	5.001096,
				"seconds":	0.9999459981918335,
				"bytes":	917504,
				"bits_per_second":	7340428.3964061225,
				"retransmits":	0,
				"omitted":	false,
				"sender":	true
			}
		}, {
			"streams":	[{
					"socket":	5,
					"start":	5.001096,
					"end":	6.001143,
					"seconds":	1.000046968460083,
					"bytes":	2359296,
					"bits_per_second":	18873481.541635584,
					"retransmits":	0,
					"snd_cwnd":	234388,
					"snd_wnd":	484288,
					"rtt":	267059,
					"rttvar":	2336,
					"pmtu":	1520,
					"reorder":	0,
					"omitted":	false,
					"sender":	true
				}],
			"sum":	{
				"start":	5.001096,
				"end":	6.001143,
				"seconds":	1.000046968460083,
				"bytes":	2359296,
				"bits_per_second":	18873481.541635584,
				"retransmits":	0,
				"omitted":	false,
				"sender":	true
			}
		}, {
			"streams":	[{
					"socket":	5,
					"start":	6.001143,
					"end":	7.001141,
					"seconds":	0.99999797344207764,
					"bytes":	0,
					"bits_per_second":	0,
					"retransmits":	0,
					"snd_cwnd":	279356,
					"snd_wnd":	484288,
					"rtt":	283985,
					"rttvar":	2170,
					"pmtu":	1520,
					"reorder":	0,
					"omitted":	false,
					"sender":	true
				}],
			"sum":	{
				"start":	6.001143,
				"end":	7.001141,
				"seconds":	0.99999797344207764,
				"bytes":	0,
				"bits_per_second":	0,
				"retransmits":	0,
				"omitted":	false,
				"sender":	true
			}
		}, {
			"streams":	[{
					"socket":	5,
					"start":	7.001141,
					"end":	8.001129,
					"seconds":	0.9999880194664,
					"bytes":	1441792,
					"bits_per_second":	11534474.18915558,
					"retransmits":	0,
					"snd_cwnd":	318164,
					"snd_wnd":	484288,
					"rtt":	398834,
					"rttvar":	2640,
					"pmtu":	1520,
					"reorder":	0,
					"omitted":	false,
					"sender":	true
				}],
			"sum":	{
				"start":	7.001141,
				"end":	8.001129,
				"seconds":	0.9999880194664,
				"bytes":	1441792,
				"bits_per_second":	11534474.18915558,
				"retransmits":	0,
				"omitted":	false,
				"sender":	true
			}
		}, {
			"streams":	[{
					"socket":	5,
					"start":	8.001129,
					"end":	9.001143,
					"seconds":	1.0000139474868774,
					"bytes":	1703936,
					"bits_per_second":	13631297.877651729,
					"retransmits":	0,
					"snd_cwnd":	368368,
					"snd_wnd":	484288,
					"rtt":	137505,
					"rttvar":	64151,
					"pmtu":	1520,
					"reorder":	0,
					"omitted":	false,
					"sender":	true
				}],
			"sum":	{
				"start":	8.001129,
				"end":	9.001143,
				"seconds":	1.0000139474868774,
				"bytes":	1703936,
				"bits_per_second":	13631297.877651729,
				"retransmits":	0,
				"omitted":	false,
				"sender":	true
			}
		}, {
			"streams":	[{
					"socket":	5,
					"start":	9.001143,
					"end":	10.002138,
					"seconds":	1.0009950399398804,
					"bytes":	0,
					"bits_per_second":	0,
					"retransmits":	0,
					"snd_cwnd":	393778,
					"snd_wnd":	484288,
					"rtt":	258544,
					"rttvar":	4192,
					"pmtu":	1520,
					"reorder":	0,
					"omitted":	false,
					"sender":	true
				}],
			"sum":	{
				"start":	9.001143,
				"end":	10.002138,
				"seconds":	1.0009950399398804,
				"bytes":	0,
				"bits_per_second":	0,
				"retransmits":	0,
				"omitted":	false,
				"sender":	true
			}
		}],
	"end":	{
		"streams":	[{
				"sender":	{
					"socket":	5,
					"start":	0,
					"end":	10.002138,
					"seconds":	10.002138,
					"bytes":	11272192,
					"bits_per_second":	9015826.0163976941,
					"retransmits":	0,
					"reorder":	0,
					"max_snd_cwnd":	393778,
					"max_snd_wnd":	484288,
					"max_rtt":	398834,
					"min_rtt":	53056,
					"mean_rtt":	203707,
					"sender":	true
				},
				"receiver":	{
					"socket":	5,
					"start":	0,
					"end":	10.166632,
					"seconds":	10.002138,
					"bytes":	8126464,
					"bits_per_second":	6394616.42754454,
					"sender":	true
				}
			}],
		"sum_sent":	{
			"start":	0,
			"end":	10.002138,
			"seconds":	10.002138,
			"bytes":	11272192,
			"bits_per_second":	9015826.0163976941,
			"retransmits":	0,
			"sender":	true
		},
		"sum_received":	{
			"start":	0,
			"end":	10.166632,
			"seconds":	10.166632,
			"bytes":	8126464,
			"bits_per_second":	6394616.42754454,
			"sender":	true
		},
		"cpu_utilization_percent":	{
			"host_total":	0.12558508409321517,
			"host_user":	0,
			"host_system":	0.12557514699208422,
			"remote_total":	4.3126152883612923,
			"remote_user":	0.39574619635385455,
			"remote_system":	3.9168592917004528
		},
		"sender_tcp_congestion":	"cubic",
		"receiver_tcp_congestion":	"cubic"
	}
}
{
	"start":	{
		"connected":	[{
				"socket":	5,
				"local_host":	"192.168.1.48",
				"local_port":	54454,
				"remote_host":	"192.168.1.58",
				"remote_port":	5201
			}],
		"version":	"iperf 3.20",
		"system_info":	"Linux kuroi-washi 6.19.11+kali-amd64 #1 SMP PREEMPT_DYNAMIC Kali 6.19.11-1kali1 (2026-04-09) x86_64",
		"timestamp":	{
			"time":	"Thu, 23 Apr 2026 21:05:42 GMT",
			"timesecs":	1776978342,
			"timemillisecs":	1776978342983
		},
		"connecting_to":	{
			"host":	"192.168.1.58",
			"port":	5201
		},
		"cookie":	"suyaao3pq5lg4keiau7adohoi3we6wgin5zh",
		"tcp_mss":	166,
		"target_bitrate":	0,
		"fq_rate":	0,
		"sock_bufsize":	0,
		"sndbuf_actual":	16384,
		"rcvbuf_actual":	131072,
		"test_start":	{
			"protocol":	"TCP",
			"num_streams":	1,
			"blksize":	131072,
			"omit":	0,
			"duration":	10,
			"bytes":	0,
			"blocks":	0,
			"reverse":	0,
			"tos":	0,
			"target_bitrate":	0,
			"bidir":	0,
			"fqrate":	0,
			"interval":	1
		}
	},
	"intervals":	[{
			"streams":	[{
					"socket":	5,
					"start":	0,
					"end":	1.001085,
					"seconds":	1.0010850429534912,
					"bytes":	1572864,
					"bits_per_second":	12569273.79803494,
					"retransmits":	0,
					"snd_cwnd":	65142,
					"snd_wnd":	484288,
					"rtt":	66289,
					"rttvar":	1783,
					"pmtu":	1520,
					"reorder":	0,
					"omitted":	false,
					"sender":	true
				}],
			"sum":	{
				"start":	0,
				"end":	1.001085,
				"seconds":	1.0010850429534912,
				"bytes":	1572864,
				"bits_per_second":	12569273.79803494,
				"retransmits":	0,
				"omitted":	false,
				"sender":	true
			}
		}, {
			"streams":	[{
					"socket":	5,
					"start":	1.001085,
					"end":	2.001091,
					"seconds":	1.0000059604644775,
					"bytes":	1441792,
					"bits_per_second":	11534267.25040978,
					"retransmits":	0,
					"snd_cwnd":	108570,
					"snd_wnd":	484288,
					"rtt":	115122,
					"rttvar":	1545,
					"pmtu":	1520,
					"reorder":	0,
					"omitted":	false,
					"sender":	true
				}],
			"sum":	{
				"start":	1.001085,
				"end":	2.001091,
				"seconds":	1.0000059604644775,
				"bytes":	1441792,
				"bits_per_second":	11534267.25040978,
				"retransmits":	0,
				"omitted":	false,
				"sender":	true
			}
		}, {
			"streams":	[{
					"socket":	5,
					"start":	2.001091,
					"end":	3.001128,
					"seconds":	1.0000369548797607,
					"bytes":	1441792,
					"bits_per_second":	11533909.765751434,
					"retransmits":	0,
					"snd_cwnd":	152152,
					"snd_wnd":	484288,
					"rtt":	171497,
					"rttvar":	809,
					"pmtu":	1520,
					"reorder":	0,
					"omitted":	false,
					"sender":	true
				}],
			"sum":	{
				"start":	2.001091,
				"end":	3.001128,
				"seconds":	1.0000369548797607,
				"bytes":	1441792,
				"bits_per_second":	11533909.765751434,
				"retransmits":	0,
				"omitted":	false,
				"sender":	true
			}
		}, {
			"streams":	[{
					"socket":	5,
					"start":	3.001128,
					"end":	4.001091,
					"seconds":	0.99996298551559448,
					"bytes":	2097152,
					"bits_per_second":	16777837.022986844,
					"retransmits":	0,
					"snd_cwnd":	196042,
					"snd_wnd":	484288,
					"rtt":	212723,
					"rttvar":	1046,
					"pmtu":	1520,
					"reorder":	0,
					"omitted":	false,
					"sender":	true
				}],
			"sum":	{
				"start":	3.001128,
				"end":	4.001091,
				"seconds":	0.99996298551559448,
				"bytes":	2097152,
				"bits_per_second":	16777837.022986844,
				"retransmits":	0,
				"omitted":	false,
				"sender":	true
			}
		}, {
			"streams":	[{
					"socket":	5,
					"start":	4.001091,
					"end":	5.001083,
					"seconds":	0.9999920129776,
					"bytes":	1179648,
					"bits_per_second":	9437259.37560203,
					"retransmits":	0,
					"snd_cwnd":	240086,
					"snd_wnd":	484288,
					"rtt":	253335,
					"rttvar":	5887,
					"pmtu":	1520,
					"reorder":	0,
					"omitted":	false,
					"sender":	true
				}],
			"sum":	{
				"start":	4.001091,
				"end":	5.001083,
				"seconds":	0.9999920129776,
				"bytes":	1179648,
				"bits_per_second":	9437259.37560203,
				"retransmits":	0,
				"omitted":	false,
				"sender":	true
			}
		}, {
			"streams":	[{
					"socket":	5,
					"start":	5.001083,
					"end":	6.001107,
					"seconds":	1.0000239610672,
					"bytes":	0,
					"bits_per_second":	0,
					"retransmits":	0,
					"snd_cwnd":	283668,
					"snd_wnd":	484288,
					"rtt":	312428,
					"rttvar":	1794,
					"pmtu":	1520,
					"reorder":	0,
					"omitted":	false,
					"sender":	true
				}],
			"sum":	{
				"start":	5.001083,
				"end":	6.001107,
				"seconds":	1.0000239610672,
				"bytes":	0,
				"bits_per_second":	0,
				"retransmits":	0,
				"omitted":	false,
				"sender":	true
			}
		}, {
			"streams":	[{
					"socket":	5,
					"start":	6.001107,
					"end":	7.001134,
					"seconds":	1.0000269412994385,
					"bytes":	1441792,
					"bits_per_second":	11534025.258371783,
					"retransmits":	0,
					"snd_cwnd":	329714,
					"snd_wnd":	484288,
					"rtt":	353700,
					"rttvar":	1907,
					"pmtu":	1520,
					"reorder":	0,
					"omitted":	false,
					"sender":	true
				}],
			"sum":	{
				"start":	6.001107,
				"end":	7.001134,
				"seconds":	1.0000269412994385,
				"bytes":	1441792,
				"bits_per_second":	11534025.258371783,
				"retransmits":	0,
				"omitted":	false,
				"sender":	true
			}
		}, {
			"streams":	[{
					"socket":	5,
					"start":	7.001134,
					"end":	8.001119,
					"seconds":	0.9999849796295166,
					"bytes":	1703936,
					"bits_per_second":	13631692.753075467,
					"retransmits":	0,
					"snd_cwnd":	371602,
					"snd_wnd":	484288,
					"rtt":	401182,
					"rttvar":	2258,
					"pmtu":	1520,
					"reorder":	0,
					"omitted":	false,
					"sender":	true
				}],
			"sum":	{
				"start":	7.001134,
				"end":	8.001119,
				"seconds":	0.9999849796295166,
				"bytes":	1703936,
				"bits_per_second":	13631692.753075467,
				"retransmits":	0,
				"omitted":	false,
				"sender":	true
			}
		}, {
			"streams":	[{
					"socket":	5,
					"start":	8.001119,
					"end":	9.001097,
					"seconds":	0.999978005886078,
					"bytes":	0,
					"bits_per_second":	0,
					"retransmits":	0,
					"snd_cwnd":	421652,
					"snd_wnd":	484288,
					"rtt":	477798,
					"rttvar":	2426,
					"pmtu":	1520,
					"reorder":	0,
					"omitted":	false,
					"sender":	true
				}],
			"sum":	{
				"start":	8.001119,
				"end":	9.001097,
				"seconds":	0.999978005886078,
				"bytes":	0,
				"bits_per_second":	0,
				"retransmits":	0,
				"omitted":	false,
				"sender":	true
			}
		}, {
			"streams":	[{
					"socket":	5,
					"start":	9.001097,
					"end":	10.001812,
					"seconds":	1.0007150173187256,
					"bytes":	1441792,
					"bits_per_second":	11526094.642713189,
					"retransmits":	0,
					"snd_cwnd":	444136,
					"snd_wnd":	484288,
					"rtt":	597335,
					"rttvar":	91002,
					"pmtu":	1520,
					"reorder":	0,
					"omitted":	false,
					"sender":	true
				}],
			"sum":	{
				"start":	9.001097,
				"end":	10.001812,
				"seconds":	1.0007150173187256,
				"bytes":	1441792,
				"bits_per_second":	11526094.642713189,
				"retransmits":	0,
				"omitted":	false,
				"sender":	true
			}
		}],
	"end":	{
		"streams":	[{
				"sender":	{
					"socket":	5,
					"start":	0,
					"end":	10.001812,
					"seconds":	10.001812,
					"bytes":	12320768,
					"bits_per_second":	9854828.70503865,
					"retransmits":	0,
					"reorder":	0,
					"max_snd_cwnd":	444136,
					"max_snd_wnd":	484288,
					"max_rtt":	597335,
					"min_rtt":	66289,
					"mean_rtt":	296140,
					"sender":	true
				},
				"receiver":	{
					"socket":	5,
					"start":	0,
					"end":	10.11584,
					"seconds":	10.001812,
					"bytes":	8912896,
					"bits_per_second":	7048665.0638997843,
					"sender":	true
				}
			}],
		"sum_sent":	{
			"start":	0,
			"end":	10.001812,
			"seconds":	10.001812,
			"bytes":	12320768,
			"bits_per_second":	9854828.70503865,
			"retransmits":	0,
			"sender":	true
		},
		"sum_received":	{
			"start":	0,
			"end":	10.11584,
			"seconds":	10.11584,
			"bytes":	8912896,
			"bits_per_second":	7048665.0638997843,
			"sender":	true
		},
		"cpu_utilization_percent":	{
			"host_total":	0.1133604091826801,
			"host_user":	0.0093216501984179842,
			"host_system":	0.10404869677765062,
			"remote_total":	4.8261468011407231,
			"remote_user":	0.22855430148707007,
			"remote_system":	4.59756296049699
		},
		"sender_tcp_congestion":	"cubic",
		"receiver_tcp_congestion":	"cubic"
	}
}
{
	"start":	{
		"connected":	[{
				"socket":	5,
				"local_host":	"192.168.1.48",
				"local_port":	57762,
				"remote_host":	"192.168.1.58",
				"remote_port":	5201
			}],
		"version":	"iperf 3.20",
		"system_info":	"Linux kuroi-washi 6.19.11+kali-amd64 #1 SMP PREEMPT_DYNAMIC Kali 6.19.11-1kali1 (2026-04-09) x86_64",
		"timestamp":	{
			"time":	"Thu, 23 Apr 2026 21:05:53 GMT",
			"timesecs":	1776978353,
			"timemillisecs":	1776978353665
		},
		"connecting_to":	{
			"host":	"192.168.1.58",
			"port":	5201
		},
		"cookie":	"ruogc5du7xuuz7ea7lbqrmg55xzcksdwiky5",
		"tcp_mss":	166,
		"target_bitrate":	0,
		"fq_rate":	0,
		"sock_bufsize":	0,
		"sndbuf_actual":	16384,
		"rcvbuf_actual":	131072,
		"test_start":	{
			"protocol":	"TCP",
			"num_streams":	1,
			"blksize":	131072,
			"omit":	0,
			"duration":	10,
			"bytes":	0,
			"blocks":	0,
			"reverse":	0,
			"tos":	0,
			"target_bitrate":	0,
			"bidir":	0,
			"fqrate":	0,
			"interval":	1
		}
	},
	"intervals":	[{
			"streams":	[{
					"socket":	5,
					"start":	0,
					"end":	1.001145,
					"seconds":	1.0011450052261353,
					"bytes":	1835008,
					"bits_per_second":	14663274.474094905,
					"retransmits":	0,
					"snd_cwnd":	64834,
					"snd_wnd":	484288,
					"rtt":	55335,
					"rttvar":	3530,
					"pmtu":	1520,
					"reorder":	0,
					"omitted":	false,
					"sender":	true
				}],
			"sum":	{
				"start":	0,
				"end":	1.001145,
				"seconds":	1.0011450052261353,
				"bytes":	1835008,
				"bits_per_second":	14663274.474094905,
				"retransmits":	0,
				"omitted":	false,
				"sender":	true
			}
		}, {
			"streams":	[{
					"socket":	5,
					"start":	1.001145,
					"end":	2.001161,
					"seconds":	1.0000159740448,
					"bytes":	917504,
					"bits_per_second":	7339914.751872927,
					"retransmits":	0,
					"snd_cwnd":	108416,
					"snd_wnd":	484288,
					"rtt":	115682,
					"rttvar":	4877,
					"pmtu":	1520,
					"reorder":	0,
					"omitted":	false,
					"sender":	true
				}],
			"sum":	{
				"start":	1.001145,
				"end":	2.001161,
				"seconds":	1.0000159740448,
				"bytes":	917504,
				"bits_per_second":	7339914.751872927,
				"retransmits":	0,
				"omitted":	false,
				"sender":	true
			}
		}, {
			"streams":	[{
					"socket":	5,
					"start":	2.001161,
					"end":	3.00114,
					"seconds":	0.999979019165039,
					"bytes":	1441792,
					"bits_per_second":	11534578.005077468,
					"retransmits":	0,
					"snd_cwnd":	151074,
					"snd_wnd":	484288,
					"rtt":	164734,
					"rttvar":	3541,
					"pmtu":	1520,
					"reorder":	0,
					"omitted":	false,
					"sender":	true
				}],
			"sum":	{
				"start":	2.001161,
				"end":	3.00114,
				"seconds":	0.999979019165039,
				"bytes":	1441792,
				"bits_per_second":	11534578.005077468,
				"retransmits":	0,
				"omitted":	false,
				"sender":	true
			}
		}, {
			"streams":	[{
					"socket":	5,
					"start":	3.00114,
					"end":	4.001155,
					"seconds":	1.0000150203704834,
					"bytes":	1966080,
					"bits_per_second":	15728403.753548509,
					"retransmits":	0,
					"snd_cwnd":	194964,
					"snd_wnd":	484288,
					"rtt":	201082,
					"rttvar":	1286,
					"pmtu":	1520,
					"reorder":	0,
					"omitted":	false,
					"sender":	true
				}],
			"sum":	{
				"start":	3.00114,
				"end":	4.001155,
				"seconds":	1.0000150203704834,
				"bytes":	1966080,
				"bits_per_second":	15728403.753548509,
				"retransmits":	0,
				"omitted":	false,
				"sender":	true
			}
		}, {
			"streams":	[{
					"socket":	5,
					"start":	4.001155,
					"end":	5.001114,
					"seconds":	0.99995899200439453,
					"bytes":	1310720,
					"bits_per_second":	10486190.017634161,
					"retransmits":	0,
					"snd_cwnd":	235158,
					"snd_wnd":	484288,
					"rtt":	238472,
					"rttvar":	9804,
					"pmtu":	1520,
					"reorder":	0,
					"omitted":	false,
					"sender":	true
				}],
			"sum":	{
				"start":	4.001155,
				"end":	5.001114,
				"seconds":	0.99995899200439453,
				"bytes":	1310720,
				"bits_per_second":	10486190.017634161,
				"retransmits":	0,
				"omitted":	false,
				"sender":	true
			}
		}, {
			"streams":	[{
					"socket":	5,
					"start":	5.001114,
					"end":	6.00111,
					"seconds":	0.9999960064888,
					"bytes":	1441792,
					"bits_per_second":	11534382.062683951,
					"retransmits":	0,
					"snd_cwnd":	280588,
					"snd_wnd":	484288,
					"rtt":	285419,
					"rttvar":	2000,
					"pmtu":	1520,
					"reorder":	0,
					"omitted":	false,
					"sender":	true
				}],
			"sum":	{
				"start":	5.001114,
				"end":	6.00111,
				"seconds":	0.9999960064888,
				"bytes":	1441792,
				"bits_per_second":	11534382.062683951,
				"retransmits":	0,
				"omitted":	false,
				"sender":	true
			}
		}, {
			"streams":	[{
					"socket":	5,
					"start":	6.00111,
					"end":	7.001097,
					"seconds":	0.999987006187439,
					"bytes":	0,
					"bits_per_second":	0,
					"retransmits":	0,
					"snd_cwnd":	324016,
					"snd_wnd":	484288,
					"rtt":	335406,
					"rttvar":	2993,
					"pmtu":	1520,
					"reorder":	0,
					"omitted":	false,
					"sender":	true
				}],
			"sum":	{
				"start":	6.00111,
				"end":	7.001097,
				"seconds":	0.999987006187439,
				"bytes":	0,
				"bits_per_second":	0,
				"retransmits":	0,
				"omitted":	false,
				"sender":	true
			}
		}, {
			"streams":	[{
					"socket":	5,
					"start":	7.001097,
					"end":	8.001122,
					"seconds":	1.0000250339508057,
					"bytes":	1310720,
					"bits_per_second":	10485497.506571248,
					"retransmits":	0,
					"snd_cwnd":	367136,
					"snd_wnd":	484288,
					"rtt":	409531,
					"rttvar":	19655,
					"pmtu":	1520,
					"reorder":	0,
					"omitted":	false,
					"sender":	true
				}],
			"sum":	{
				"start":	7.001097,
				"end":	8.001122,
				"seconds":	1.0000250339508057,
				"bytes":	1310720,
				"bits_per_second":	10485497.506571248,
				"retransmits":	0,
				"omitted":	false,
				"sender":	true
			}
		}, {
			"streams":	[{
					"socket":	5,
					"start":	8.001122,
					"end":	9.001132,
					"seconds":	1.0000100135803223,
					"bytes":	0,
					"bits_per_second":	0,
					"retransmits":	0,
					"snd_cwnd":	409794,
					"snd_wnd":	484288,
					"rtt":	459058,
					"rttvar":	7734,
					"pmtu":	1520,
					"reorder":	0,
					"omitted":	false,
					"sender":	true
				}],
			"sum":	{
				"start":	8.001122,
				"end":	9.001132,
				"seconds":	1.0000100135803223,
				"bytes":	0,
				"bits_per_second":	0,
				"retransmits":	0,
				"omitted":	false,
				"sender":	true
			}
		}, {
			"streams":	[{
					"socket":	5,
					"start":	9.001132,
					"end":	10.002291,
					"seconds":	1.0011589527130127,
					"bytes":	1441792,
					"bits_per_second":	11520983.724655734,
					"retransmits":	0,
					"snd_cwnd":	457996,
					"snd_wnd":	484288,
					"rtt":	316889,
					"rttvar":	3857,
					"pmtu":	1520,
					"reorder":	0,
					"omitted":	false,
					"sender":	true
				}],
			"sum":	{
				"start":	9.001132,
				"end":	10.002291,
				"seconds":	1.0011589527130127,
				"bytes":	1441792,
				"bits_per_second":	11520983.724655734,
				"retransmits":	0,
				"omitted":	false,
				"sender":	true
			}
		}],
	"end":	{
		"streams":	[{
				"sender":	{
					"socket":	5,
					"start":	0,
					"end":	10.002291,
					"seconds":	10.002291,
					"bytes":	11665408,
					"bits_per_second":	9330188.85373361,
					"retransmits":	0,
					"reorder":	0,
					"max_snd_cwnd":	457996,
					"max_snd_wnd":	484288,
					"max_rtt":	459058,
					"min_rtt":	55335,
					"mean_rtt":	258160,
					"sender":	true
				},
				"receiver":	{
					"socket":	5,
					"start":	0,
					"end":	10.243451,
					"seconds":	10.002291,
					"bytes":	9175040,
					"bits_per_second":	7165585.1138449339,
					"sender":	true
				}
			}],
		"sum_sent":	{
			"start":	0,
			"end":	10.002291,
			"seconds":	10.002291,
			"bytes":	11665408,
			"bits_per_second":	9330188.85373361,
			"retransmits":	0,
			"sender":	true
		},
		"sum_received":	{
			"start":	0,
			"end":	10.243451,
			"seconds":	10.243451,
			"bytes":	9175040,
			"bits_per_second":	7165585.1138449339,
			"sender":	true
		},
		"cpu_utilization_percent":	{
			"host_total":	0.10975958290365107,
			"host_user":	0,
			"host_system":	0.10975958290365107,
			"remote_total":	5.1715069100929,
			"remote_user":	0.60343150037167781,
			"remote_system":	4.5680462203679415
		},
		"sender_tcp_congestion":	"cubic",
		"receiver_tcp_congestion":	"cubic"
	}
}
{
	"start":	{
		"connected":	[{
				"socket":	5,
				"local_host":	"192.168.1.48",
				"local_port":	55298,
				"remote_host":	"192.168.1.58",
				"remote_port":	5201
			}],
		"version":	"iperf 3.20",
		"system_info":	"Linux kuroi-washi 6.19.11+kali-amd64 #1 SMP PREEMPT_DYNAMIC Kali 6.19.11-1kali1 (2026-04-09) x86_64",
		"timestamp":	{
			"time":	"Thu, 23 Apr 2026 21:06:04 GMT",
			"timesecs":	1776978364,
			"timemillisecs":	1776978364492
		},
		"connecting_to":	{
			"host":	"192.168.1.58",
			"port":	5201
		},
		"cookie":	"zeothdph3z5rxgyt5cbkiign3umnllv6pgwh",
		"tcp_mss":	166,
		"target_bitrate":	0,
		"fq_rate":	0,
		"sock_bufsize":	0,
		"sndbuf_actual":	16384,
		"rcvbuf_actual":	131072,
		"test_start":	{
			"protocol":	"TCP",
			"num_streams":	1,
			"blksize":	131072,
			"omit":	0,
			"duration":	10,
			"bytes":	0,
			"blocks":	0,
			"reverse":	0,
			"tos":	0,
			"target_bitrate":	0,
			"bidir":	0,
			"fqrate":	0,
			"interval":	1
		}
	},
	"intervals":	[{
			"streams":	[{
					"socket":	5,
					"start":	0,
					"end":	1.001121,
					"seconds":	1.0011210441589355,
					"bytes":	1703936,
					"bits_per_second":	13616223.612052947,
					"retransmits":	0,
					"snd_cwnd":	66836,
					"snd_wnd":	484288,
					"rtt":	61466,
					"rttvar":	2968,
					"pmtu":	1520,
					"reorder":	0,
					"omitted":	false,
					"sender":	true
				}],
			"sum":	{
				"start":	0,
				"end":	1.001121,
				"seconds":	1.0011210441589355,
				"bytes":	1703936,
				"bits_per_second":	13616223.612052947,
				"retransmits":	0,
				"omitted":	false,
				"sender":	true
			}
		}, {
			"streams":	[{
					"socket":	5,
					"start":	1.001121,
					"end":	2.00109,
					"seconds":	0.9999690055847168,
					"bytes":	1441792,
					"bits_per_second":	11534693.511080846,
					"retransmits":	0,
					"snd_cwnd":	110110,
					"snd_wnd":	484288,
					"rtt":	99077,
					"rttvar":	5322,
					"pmtu":	1520,
					"reorder":	0,
					"omitted":	false,
					"sender":	true
				}],
			"sum":	{
				"start":	1.001121,
				"end":	2.00109,
				"seconds":	0.9999690055847168,
				"bytes":	1441792,
				"bits_per_second":	11534693.511080846,
				"retransmits":	0,
				"omitted":	false,
				"sender":	true
			}
		}, {
			"streams":	[{
					"socket":	5,
					"start":	2.00109,
					"end":	3.001151,
					"seconds":	1.00006103515625,
					"bytes":	1572864,
					"bits_per_second":	12582144.046872139,
					"retransmits":	0,
					"snd_cwnd":	153538,
					"snd_wnd":	484288,
					"rtt":	168089,
					"rttvar":	11150,
					"pmtu":	1520,
					"reorder":	0,
					"omitted":	false,
					"sender":	true
				}],
			"sum":	{
				"start":	2.00109,
				"end":	3.001151,
				"seconds":	1.00006103515625,
				"bytes":	1572864,
				"bits_per_second":	12582144.046872139,
				"retransmits":	0,
				"omitted":	false,
				"sender":	true
			}
		}, {
			"streams":	[{
					"socket":	5,
					"start":	3.001151,
					"end":	4.001146,
					"seconds":	0.999994993209839,
					"bytes":	1048576,
					"bits_per_second":	8388650.000210287,
					"retransmits":	0,
					"snd_cwnd":	195118,
					"snd_wnd":	484288,
					"rtt":	158969,
					"rttvar":	2553,
					"pmtu":	1520,
					"reorder":	0,
					"omitted":	false,
					"sender":	true
				}],
			"sum":	{
				"start":	3.001151,
				"end":	4.001146,
				"seconds":	0.999994993209839,
				"bytes":	1048576,
				"bits_per_second":	8388650.000210287,
				"retransmits":	0,
				"omitted":	false,
				"sender":	true
			}
		}, {
			"streams":	[{
					"socket":	5,
					"start":	4.001146,
					"end":	5.001105,
					"seconds":	0.99995899200439453,
					"bytes":	1179648,
					"bits_per_second":	9437571.0158707444,
					"retransmits":	0,
					"snd_cwnd":	239008,
					"snd_wnd":	484288,
					"rtt":	259658,
					"rttvar":	1482,
					"pmtu":	1520,
					"reorder":	0,
					"omitted":	false,
					"sender":	true
				}],
			"sum":	{
				"start":	4.001146,
				"end":	5.001105,
				"seconds":	0.99995899200439453,
				"bytes":	1179648,
				"bits_per_second":	9437571.0158707444,
				"retransmits":	0,
				"omitted":	false,
				"sender":	true
			}
		}, {
			"streams":	[{
					"socket":	5,
					"start":	5.001105,
					"end":	6.001146,
					"seconds":	1.0000410079956055,
					"bytes":	1310720,
					"bits_per_second":	10485330.017632715,
					"retransmits":	0,
					"snd_cwnd":	286440,
					"snd_wnd":	484288,
					"rtt":	44638,
					"rttvar":	5243,
					"pmtu":	1520,
					"reorder":	0,
					"omitted":	false,
					"sender":	true
				}],
			"sum":	{
				"start":	5.001105,
				"end":	6.001146,
				"seconds":	1.0000410079956055,
				"bytes":	1310720,
				"bits_per_second":	10485330.017632715,
				"retransmits":	0,
				"omitted":	false,
				"sender":	true
			}
		}, {
			"streams":	[{
					"socket":	5,
					"start":	6.001146,
					"end":	7.001112,
					"seconds":	0.999966025352478,
					"bytes":	1441792,
					"bits_per_second":	11534727.888314268,
					"retransmits":	0,
					"snd_cwnd":	312774,
					"snd_wnd":	484288,
					"rtt":	586400,
					"rttvar":	170,
					"pmtu":	1520,
					"reorder":	0,
					"omitted":	false,
					"sender":	true
				}],
			"sum":	{
				"start":	6.001146,
				"end":	7.001112,
				"seconds":	0.999966025352478,
				"bytes":	1441792,
				"bits_per_second":	11534727.888314268,
				"retransmits":	0,
				"omitted":	false,
				"sender":	true
			}
		}, {
			"streams":	[{
					"socket":	5,
					"start":	7.001112,
					"end":	8.001112,
					"seconds":	1,
					"bytes":	0,
					"bits_per_second":	0,
					"retransmits":	0,
					"snd_cwnd":	345114,
					"snd_wnd":	484288,
					"rtt":	489267,
					"rttvar":	6778,
					"pmtu":	1520,
					"reorder":	0,
					"omitted":	false,
					"sender":	true
				}],
			"sum":	{
				"start":	7.001112,
				"end":	8.001112,
				"seconds":	1,
				"bytes":	0,
				"bits_per_second":	0,
				"retransmits":	0,
				"omitted":	false,
				"sender":	true
			}
		}, {
			"streams":	[{
					"socket":	5,
					"start":	8.001112,
					"end":	9.001137,
					"seconds":	1.0000250339508057,
					"bytes":	1441792,
					"bits_per_second":	11534047.257228373,
					"retransmits":	0,
					"snd_cwnd":	388080,
					"snd_wnd":	484288,
					"rtt":	410429,
					"rttvar":	1666,
					"pmtu":	1520,
					"reorder":	0,
					"omitted":	false,
					"sender":	true
				}],
			"sum":	{
				"start":	8.001112,
				"end":	9.001137,
				"seconds":	1.0000250339508057,
				"bytes":	1441792,
				"bits_per_second":	11534047.257228373,
				"retransmits":	0,
				"omitted":	false,
				"sender":	true
			}
		}, {
			"streams":	[{
					"socket":	5,
					"start":	9.001137,
					"end":	10.001863,
					"seconds":	1.0007259845733643,
					"bytes":	0,
					"bits_per_second":	0,
					"retransmits":	0,
					"snd_cwnd":	432278,
					"snd_wnd":	484288,
					"rtt":	459535,
					"rttvar":	2532,
					"pmtu":	1520,
					"reorder":	0,
					"omitted":	false,
					"sender":	true
				}],
			"sum":	{
				"start":	9.001137,
				"end":	10.001863,
				"seconds":	1.0007259845733643,
				"bytes":	0,
				"bits_per_second":	0,
				"retransmits":	0,
				"omitted":	false,
				"sender":	true
			}
		}],
	"end":	{
		"streams":	[{
				"sender":	{
					"socket":	5,
					"start":	0,
					"end":	10.001863,
					"seconds":	10.001863,
					"bytes":	11141120,
					"bits_per_second":	8911235.83676361,
					"retransmits":	0,
					"reorder":	0,
					"max_snd_cwnd":	432278,
					"max_snd_wnd":	484288,
					"max_rtt":	586400,
					"min_rtt":	44638,
					"mean_rtt":	273752,
					"sender":	true
				},
				"receiver":	{
					"socket":	5,
					"start":	0,
					"end":	10.098543,
					"seconds":	10.001863,
					"bytes":	8650752,
					"bits_per_second":	6853069.3982290318,
					"sender":	true
				}
			}],
		"sum_sent":	{
			"start":	0,
			"end":	10.001863,
			"seconds":	10.001863,
			"bytes":	11141120,
			"bits_per_second":	8911235.83676361,
			"retransmits":	0,
			"sender":	true
		},
		"sum_received":	{
			"start":	0,
			"end":	10.098543,
			"seconds":	10.098543,
			"bytes":	8650752,
			"bits_per_second":	6853069.3982290318,
			"sender":	true
		},
		"cpu_utilization_percent":	{
			"host_total":	0.10934449981056633,
			"host_user":	0,
			"host_system":	0.10933455578548351,
			"remote_total":	4.51581439159332,
			"remote_user":	0.30362123672674968,
			"remote_system":	4.2121734142055578
		},
		"sender_tcp_congestion":	"cubic",
		"receiver_tcp_congestion":	"cubic"
	}
}
{
	"start":	{
		"connected":	[{
				"socket":	5,
				"local_host":	"192.168.1.48",
				"local_port":	40396,
				"remote_host":	"192.168.1.58",
				"remote_port":	5201
			}],
		"version":	"iperf 3.20",
		"system_info":	"Linux kuroi-washi 6.19.11+kali-amd64 #1 SMP PREEMPT_DYNAMIC Kali 6.19.11-1kali1 (2026-04-09) x86_64",
		"timestamp":	{
			"time":	"Thu, 23 Apr 2026 21:06:15 GMT",
			"timesecs":	1776978375,
			"timemillisecs":	1776978375177
		},
		"connecting_to":	{
			"host":	"192.168.1.58",
			"port":	5201
		},
		"cookie":	"sqklzoiohvldcdxqtfrl4fbj4qthrwcgzz4a",
		"tcp_mss":	166,
		"target_bitrate":	0,
		"fq_rate":	0,
		"sock_bufsize":	0,
		"sndbuf_actual":	16384,
		"rcvbuf_actual":	131072,
		"test_start":	{
			"protocol":	"TCP",
			"num_streams":	1,
			"blksize":	131072,
			"omit":	0,
			"duration":	10,
			"bytes":	0,
			"blocks":	0,
			"reverse":	0,
			"tos":	0,
			"target_bitrate":	0,
			"bidir":	0,
			"fqrate":	0,
			"interval":	1
		}
	},
	"intervals":	[{
			"streams":	[{
					"socket":	5,
					"start":	0,
					"end":	1.001123,
					"seconds":	1.0011229515075684,
					"bytes":	1572864,
					"bits_per_second":	12568797.849506574,
					"retransmits":	0,
					"snd_cwnd":	64218,
					"snd_wnd":	484288,
					"rtt":	60668,
					"rttvar":	2955,
					"pmtu":	1520,
					"reorder":	0,
					"omitted":	false,
					"sender":	true
				}],
			"sum":	{
				"start":	0,
				"end":	1.001123,
				"seconds":	1.0011229515075684,
				"bytes":	1572864,
				"bits_per_second":	12568797.849506574,
				"retransmits":	0,
				"omitted":	false,
				"sender":	true
			}
		}, {
			"streams":	[{
					"socket":	5,
					"start":	1.001123,
					"end":	2.001157,
					"seconds":	1.000033974647522,
					"bytes":	1441792,
					"bits_per_second":	11533944.138313362,
					"retransmits":	0,
					"snd_cwnd":	105798,
					"snd_wnd":	484288,
					"rtt":	108005,
					"rttvar":	2961,
					"pmtu":	1520,
					"reorder":	0,
					"omitted":	false,
					"sender":	true
				}],
			"sum":	{
				"start":	1.001123,
				"end":	2.001157,
				"seconds":	1.000033974647522,
				"bytes":	1441792,
				"bits_per_second":	11533944.138313362,
				"retransmits":	0,
				"omitted":	false,
				"sender":	true
			}
		}, {
			"streams":	[{
					"socket":	5,
					"start":	2.001157,
					"end":	3.001062,
					"seconds":	0.999904990196228,
					"bytes":	1441792,
					"bits_per_second":	11535431.979128761,
					"retransmits":	0,
					"snd_cwnd":	150458,
					"snd_wnd":	484288,
					"rtt":	141664,
					"rttvar":	4375,
					"pmtu":	1520,
					"reorder":	0,
					"omitted":	false,
					"sender":	true
				}],
			"sum":	{
				"start":	2.001157,
				"end":	3.001062,
				"seconds":	0.999904990196228,
				"bytes":	1441792,
				"bits_per_second":	11535431.979128761,
				"retransmits":	0,
				"omitted":	false,
				"sender":	true
			}
		}, {
			"streams":	[{
					"socket":	5,
					"start":	3.001062,
					"end":	4.001127,
					"seconds":	1.0000649690628052,
					"bytes":	1966080,
					"bits_per_second":	15727618.191385947,
					"retransmits":	0,
					"snd_cwnd":	194656,
					"snd_wnd":	484288,
					"rtt":	204839,
					"rttvar":	5992,
					"pmtu":	1520,
					"reorder":	0,
					"omitted":	false,
					"sender":	true
				}],
			"sum":	{
				"start":	3.001062,
				"end":	4.001127,
				"seconds":	1.0000649690628052,
				"bytes":	1966080,
				"bits_per_second":	15727618.191385947,
				"retransmits":	0,
				"omitted":	false,
				"sender":	true
			}
		}, {
			"streams":	[{
					"socket":	5,
					"start":	4.001127,
					"end":	5.001089,
					"seconds":	0.9999619722366333,
					"bytes":	1310720,
					"bits_per_second":	10486158.765164148,
					"retransmits":	0,
					"snd_cwnd":	239778,
					"snd_wnd":	484288,
					"rtt":	253702,
					"rttvar":	3158,
					"pmtu":	1520,
					"reorder":	0,
					"omitted":	false,
					"sender":	true
				}],
			"sum":	{
				"start":	4.001127,
				"end":	5.001089,
				"seconds":	0.9999619722366333,
				"bytes":	1310720,
				"bits_per_second":	10486158.765164148,
				"retransmits":	0,
				"omitted":	false,
				"sender":	true
			}
		}, {
			"streams":	[{
					"socket":	5,
					"start":	5.001089,
					"end":	6.001149,
					"seconds":	1.000059962272644,
					"bytes":	1441792,
					"bits_per_second":	11533644.41646892,
					"retransmits":	0,
					"snd_cwnd":	291368,
					"snd_wnd":	484288,
					"rtt":	160411,
					"rttvar":	2124,
					"pmtu":	1520,
					"reorder":	0,
					"omitted":	false,
					"sender":	true
				}],
			"sum":	{
				"start":	5.001089,
				"end":	6.001149,
				"seconds":	1.000059962272644,
				"bytes":	1441792,
				"bits_per_second":	11533644.41646892,
				"retransmits":	0,
				"omitted":	false,
				"sender":	true
			}
		}, {
			"streams":	[{
					"socket":	5,
					"start":	6.001149,
					"end":	7.001136,
					"seconds":	0.999987006187439,
					"bytes":	0,
					"bits_per_second":	0,
					"retransmits":	0,
					"snd_cwnd":	320166,
					"snd_wnd":	484288,
					"rtt":	342236,
					"rttvar":	1698,
					"pmtu":	1520,
					"reorder":	0,
					"omitted":	false,
					"sender":	true
				}],
			"sum":	{
				"start":	6.001149,
				"end":	7.001136,
				"seconds":	0.999987006187439,
				"bytes":	0,
				"bits_per_second":	0,
				"retransmits":	0,
				"omitted":	false,
				"sender":	true
			}
		}, {
			"streams":	[{
					"socket":	5,
					"start":	7.001136,
					"end":	8.00114,
					"seconds":	1.0000040531158447,
					"bytes":	1441792,
					"bits_per_second":	11534289.250189483,
					"retransmits":	0,
					"snd_cwnd":	362978,
					"snd_wnd":	484288,
					"rtt":	400375,
					"rttvar":	3171,
					"pmtu":	1520,
					"reorder":	0,
					"omitted":	false,
					"sender":	true
				}],
			"sum":	{
				"start":	7.001136,
				"end":	8.00114,
				"seconds":	1.0000040531158447,
				"bytes":	1441792,
				"bits_per_second":	11534289.250189483,
				"retransmits":	0,
				"omitted":	false,
				"sender":	true
			}
		}, {
			"streams":	[{
					"socket":	5,
					"start":	8.00114,
					"end":	9.001126,
					"seconds":	0.99998599290847778,
					"bytes":	0,
					"bits_per_second":	0,
					"retransmits":	0,
					"snd_cwnd":	405944,
					"snd_wnd":	484288,
					"rtt":	222953,
					"rttvar":	4189,
					"pmtu":	1520,
					"reorder":	0,
					"omitted":	false,
					"sender":	true
				}],
			"sum":	{
				"start":	8.00114,
				"end":	9.001126,
				"seconds":	0.99998599290847778,
				"bytes":	0,
				"bits_per_second":	0,
				"retransmits":	0,
				"omitted":	false,
				"sender":	true
			}
		}, {
			"streams":	[{
					"socket":	5,
					"start":	9.001126,
					"end":	10.002039,
					"seconds":	1.0009130239486694,
					"bytes":	1572864,
					"bits_per_second":	12571433.979707411,
					"retransmits":	0,
					"snd_cwnd":	439670,
					"snd_wnd":	484288,
					"rtt":	643287,
					"rttvar":	10890,
					"pmtu":	1520,
					"reorder":	0,
					"omitted":	false,
					"sender":	true
				}],
			"sum":	{
				"start":	9.001126,
				"end":	10.002039,
				"seconds":	1.0009130239486694,
				"bytes":	1572864,
				"bits_per_second":	12571433.979707411,
				"retransmits":	0,
				"omitted":	false,
				"sender":	true
			}
		}],
	"end":	{
		"streams":	[{
				"sender":	{
					"socket":	5,
					"start":	0,
					"end":	10.002039,
					"seconds":	10.002039,
					"bytes":	12189696,
					"bits_per_second":	9749768.8221371658,
					"retransmits":	0,
					"reorder":	0,
					"max_snd_cwnd":	439670,
					"max_snd_wnd":	484288,
					"max_rtt":	643287,
					"min_rtt":	60668,
					"mean_rtt":	253814,
					"sender":	true
				},
				"receiver":	{
					"socket":	5,
					"start":	0,
					"end":	10.237325,
					"seconds":	10.002039,
					"bytes":	8912896,
					"bits_per_second":	6965019.4753023861,
					"sender":	true
				}
			}],
		"sum_sent":	{
			"start":	0,
			"end":	10.002039,
			"seconds":	10.002039,
			"bytes":	12189696,
			"bits_per_second":	9749768.8221371658,
			"retransmits":	0,
			"sender":	true
		},
		"sum_received":	{
			"start":	0,
			"end":	10.237325,
			"seconds":	10.237325,
			"bytes":	8912896,
			"bits_per_second":	6965019.4753023861,
			"sender":	true
		},
		"cpu_utilization_percent":	{
			"host_total":	0.12150155380553236,
			"host_user":	0.049571998286880734,
			"host_system":	0.071909690963136944,
			"remote_total":	4.7950443270578376,
			"remote_user":	0.5728523048484413,
			"remote_system":	4.2221822942167186
		},
		"sender_tcp_congestion":	"cubic",
		"receiver_tcp_congestion":	"cubic"
	}
}
{
	"start":	{
		"connected":	[{
				"socket":	5,
				"local_host":	"192.168.1.48",
				"local_port":	38420,
				"remote_host":	"192.168.1.58",
				"remote_port":	5201
			}],
		"version":	"iperf 3.20",
		"system_info":	"Linux kuroi-washi 6.19.11+kali-amd64 #1 SMP PREEMPT_DYNAMIC Kali 6.19.11-1kali1 (2026-04-09) x86_64",
		"timestamp":	{
			"time":	"Thu, 23 Apr 2026 21:06:25 GMT",
			"timesecs":	1776978385,
			"timemillisecs":	1776978385988
		},
		"connecting_to":	{
			"host":	"192.168.1.58",
			"port":	5201
		},
		"cookie":	"pkyrx6lypkasltoi4qalykctmv24weyu6h5w",
		"tcp_mss":	166,
		"target_bitrate":	0,
		"fq_rate":	0,
		"sock_bufsize":	0,
		"sndbuf_actual":	16384,
		"rcvbuf_actual":	131072,
		"test_start":	{
			"protocol":	"TCP",
			"num_streams":	1,
			"blksize":	131072,
			"omit":	0,
			"duration":	10,
			"bytes":	0,
			"blocks":	0,
			"reverse":	0,
			"tos":	0,
			"target_bitrate":	0,
			"bidir":	0,
			"fqrate":	0,
			"interval":	1
		}
	},
	"intervals":	[{
			"streams":	[{
					"socket":	5,
					"start":	0,
					"end":	1.001121,
					"seconds":	1.0011210441589355,
					"bytes":	1572864,
					"bits_per_second":	12568821.795741182,
					"retransmits":	0,
					"snd_cwnd":	68530,
					"snd_wnd":	484288,
					"rtt":	68558,
					"rttvar":	896,
					"pmtu":	1520,
					"reorder":	0,
					"omitted":	false,
					"sender":	true
				}],
			"sum":	{
				"start":	0,
				"end":	1.001121,
				"seconds":	1.0011210441589355,
				"bytes":	1572864,
				"bits_per_second":	12568821.795741182,
				"retransmits":	0,
				"omitted":	false,
				"sender":	true
			}
		}, {
			"streams":	[{
					"socket":	5,
					"start":	1.001121,
					"end":	2.001126,
					"seconds":	1.0000050067901611,
					"bytes":	1572864,
					"bits_per_second":	12582849.000315426,
					"retransmits":	0,
					"snd_cwnd":	113190,
					"snd_wnd":	484288,
					"rtt":	128413,
					"rttvar":	1066,
					"pmtu":	1520,
					"reorder":	0,
					"omitted":	false,
					"sender":	true
				}],
			"sum":	{
				"start":	1.001121,
				"end":	2.001126,
				"seconds":	1.0000050067901611,
				"bytes":	1572864,
				"bits_per_second":	12582849.000315426,
				"retransmits":	0,
				"omitted":	false,
				"sender":	true
			}
		}, {
			"streams":	[{
					"socket":	5,
					"start":	2.001126,
					"end":	3.001125,
					"seconds":	0.99999898672103882,
					"bytes":	1572864,
					"bits_per_second":	12582924.750012919,
					"retransmits":	0,
					"snd_cwnd":	158004,
					"snd_wnd":	484288,
					"rtt":	169627,
					"rttvar":	2223,
					"pmtu":	1520,
					"reorder":	0,
					"omitted":	false,
					"sender":	true
				}],
			"sum":	{
				"start":	2.001126,
				"end":	3.001125,
				"seconds":	0.99999898672103882,
				"bytes":	1572864,
				"bits_per_second":	12582924.750012919,
				"retransmits":	0,
				"omitted":	false,
				"sender":	true
			}
		}, {
			"streams":	[{
					"socket":	5,
					"start":	3.001125,
					"end":	4.0009,
					"seconds":	0.999774992465973,
					"bytes":	1048576,
					"bits_per_second":	8390495.924797304,
					"retransmits":	0,
					"snd_cwnd":	190960,
					"snd_wnd":	484288,
					"rtt":	259293,
					"rttvar":	3734,
					"pmtu":	1520,
					"reorder":	0,
					"omitted":	false,
					"sender":	true
				}],
			"sum":	{
				"start":	3.001125,
				"end":	4.0009,
				"seconds":	0.999774992465973,
				"bytes":	1048576,
				"bits_per_second":	8390495.924797304,
				"retransmits":	0,
				"omitted":	false,
				"sender":	true
			}
		}, {
			"streams":	[{
					"socket":	5,
					"start":	4.0009,
					"end":	5.000847,
					"seconds":	0.99994701147079468,
					"bytes":	1179648,
					"bits_per_second":	9437684.08899898,
					"retransmits":	0,
					"snd_cwnd":	236698,
					"snd_wnd":	484288,
					"rtt":	253276,
					"rttvar":	3102,
					"pmtu":	1520,
					"reorder":	0,
					"omitted":	false,
					"sender":	true
				}],
			"sum":	{
				"start":	4.0009,
				"end":	5.000847,
				"seconds":	0.99994701147079468,
				"bytes":	1179648,
				"bits_per_second":	9437684.08899898,
				"retransmits":	0,
				"omitted":	false,
				"sender":	true
			}
		}, {
			"streams":	[{
					"socket":	5,
					"start":	5.000847,
					"end":	6.001125,
					"seconds":	1.0002779960632324,
					"bytes":	1441792,
					"bits_per_second":	11531130.391146641,
					"retransmits":	0,
					"snd_cwnd":	279972,
					"snd_wnd":	484288,
					"rtt":	317614,
					"rttvar":	5622,
					"pmtu":	1520,
					"reorder":	0,
					"omitted":	false,
					"sender":	true
				}],
			"sum":	{
				"start":	5.000847,
				"end":	6.001125,
				"seconds":	1.0002779960632324,
				"bytes":	1441792,
				"bits_per_second":	11531130.391146641,
				"retransmits":	0,
				"omitted":	false,
				"sender":	true
			}
		}, {
			"streams":	[{
					"socket":	5,
					"start":	6.001125,
					"end":	7.001119,
					"seconds":	0.99999397993087769,
					"bytes":	1310720,
					"bits_per_second":	10485823.125380019,
					"retransmits":	0,
					"snd_cwnd":	324016,
					"snd_wnd":	484288,
					"rtt":	349468,
					"rttvar":	7724,
					"pmtu":	1520,
					"reorder":	0,
					"omitted":	false,
					"sender":	true
				}],
			"sum":	{
				"start":	6.001125,
				"end":	7.001119,
				"seconds":	0.99999397993087769,
				"bytes":	1310720,
				"bits_per_second":	10485823.125380019,
				"retransmits":	0,
				"omitted":	false,
				"sender":	true
			}
		}, {
			"streams":	[{
					"socket":	5,
					"start":	7.001119,
					"end":	8.001132,
					"seconds":	1.000012993812561,
					"bytes":	0,
					"bits_per_second":	0,
					"retransmits":	0,
					"snd_cwnd":	367136,
					"snd_wnd":	484288,
					"rtt":	387315,
					"rttvar":	2256,
					"pmtu":	1520,
					"reorder":	0,
					"omitted":	false,
					"sender":	true
				}],
			"sum":	{
				"start":	7.001119,
				"end":	8.001132,
				"seconds":	1.000012993812561,
				"bytes":	0,
				"bits_per_second":	0,
				"retransmits":	0,
				"omitted":	false,
				"sender":	true
			}
		}, {
			"streams":	[{
					"socket":	5,
					"start":	8.001132,
					"end":	9.001112,
					"seconds":	0.99997997283935547,
					"bytes":	1441792,
					"bits_per_second":	11534567.004626367,
					"retransmits":	0,
					"snd_cwnd":	411026,
					"snd_wnd":	484288,
					"rtt":	445169,
					"rttvar":	2473,
					"pmtu":	1520,
					"reorder":	0,
					"omitted":	false,
					"sender":	true
				}],
			"sum":	{
				"start":	8.001132,
				"end":	9.001112,
				"seconds":	0.99997997283935547,
				"bytes":	1441792,
				"bits_per_second":	11534567.004626367,
				"retransmits":	0,
				"omitted":	false,
				"sender":	true
			}
		}, {
			"streams":	[{
					"socket":	5,
					"start":	9.001112,
					"end":	10.001856,
					"seconds":	1.0007439851760864,
					"bytes":	0,
					"bits_per_second":	0,
					"retransmits":	0,
					"snd_cwnd":	455840,
					"snd_wnd":	484288,
					"rtt":	496104,
					"rttvar":	4260,
					"pmtu":	1520,
					"reorder":	0,
					"omitted":	false,
					"sender":	true
				}],
			"sum":	{
				"start":	9.001112,
				"end":	10.001856,
				"seconds":	1.0007439851760864,
				"bytes":	0,
				"bits_per_second":	0,
				"retransmits":	0,
				"omitted":	false,
				"sender":	true
			}
		}],
	"end":	{
		"streams":	[{
				"sender":	{
					"socket":	5,
					"start":	0,
					"end":	10.001856,
					"seconds":	10.001856,
					"bytes":	11141120,
					"bits_per_second":	8911242.0734711643,
					"retransmits":	0,
					"reorder":	0,
					"max_snd_cwnd":	455840,
					"max_snd_wnd":	484288,
					"max_rtt":	496104,
					"min_rtt":	68558,
					"mean_rtt":	287483,
					"sender":	true
				},
				"receiver":	{
					"socket":	5,
					"start":	0,
					"end":	10.043936,
					"seconds":	10.001856,
					"bytes":	9043968,
					"bits_per_second":	7203524.9925925452,
					"sender":	true
				}
			}],
		"sum_sent":	{
			"start":	0,
			"end":	10.001856,
			"seconds":	10.001856,
			"bytes":	11141120,
			"bits_per_second":	8911242.0734711643,
			"retransmits":	0,
			"sender":	true
		},
		"sum_received":	{
			"start":	0,
			"end":	10.043936,
			"seconds":	10.043936,
			"bytes":	9043968,
			"bits_per_second":	7203524.9925925452,
			"sender":	true
		},
		"cpu_utilization_percent":	{
			"host_total":	0.10747947660664529,
			"host_user":	0.00766078177532805,
			"host_system":	0.099818694831317237,
			"remote_total":	5.1679766707249861,
			"remote_user":	0.55437373826225023,
			"remote_system":	4.6136227662339175
		},
		"sender_tcp_congestion":	"cubic",
		"receiver_tcp_congestion":	"cubic"
	}
}
{
	"start":	{
		"connected":	[{
				"socket":	5,
				"local_host":	"192.168.1.48",
				"local_port":	59900,
				"remote_host":	"192.168.1.58",
				"remote_port":	5201
			}],
		"version":	"iperf 3.20",
		"system_info":	"Linux kuroi-washi 6.19.11+kali-amd64 #1 SMP PREEMPT_DYNAMIC Kali 6.19.11-1kali1 (2026-04-09) x86_64",
		"timestamp":	{
			"time":	"Thu, 23 Apr 2026 21:06:36 GMT",
			"timesecs":	1776978396,
			"timemillisecs":	1776978396641
		},
		"connecting_to":	{
			"host":	"192.168.1.58",
			"port":	5201
		},
		"cookie":	"smo47knbawvzozu3scj4dzionh6rctu734pq",
		"tcp_mss":	166,
		"target_bitrate":	0,
		"fq_rate":	0,
		"sock_bufsize":	0,
		"sndbuf_actual":	16384,
		"rcvbuf_actual":	131072,
		"test_start":	{
			"protocol":	"TCP",
			"num_streams":	1,
			"blksize":	131072,
			"omit":	0,
			"duration":	10,
			"bytes":	0,
			"blocks":	0,
			"reverse":	0,
			"tos":	0,
			"target_bitrate":	0,
			"bidir":	0,
			"fqrate":	0,
			"interval":	1
		}
	},
	"intervals":	[{
			"streams":	[{
					"socket":	5,
					"start":	0,
					"end":	1.00111,
					"seconds":	1.0011099576950073,
					"bytes":	1703936,
					"bits_per_second":	13616374.400456114,
					"retransmits":	0,
					"snd_cwnd":	62832,
					"snd_wnd":	484288,
					"rtt":	65872,
					"rttvar":	4773,
					"pmtu":	1520,
					"reorder":	0,
					"omitted":	false,
					"sender":	true
				}],
			"sum":	{
				"start":	0,
				"end":	1.00111,
				"seconds":	1.0011099576950073,
				"bytes":	1703936,
				"bits_per_second":	13616374.400456114,
				"retransmits":	0,
				"omitted":	false,
				"sender":	true
			}
		}, {
			"streams":	[{
					"socket":	5,
					"start":	1.00111,
					"end":	2.001115,
					"seconds":	1.0000050067901611,
					"bytes":	1572864,
					"bits_per_second":	12582849.000315426,
					"retransmits":	0,
					"snd_cwnd":	107184,
					"snd_wnd":	484288,
					"rtt":	107885,
					"rttvar":	2192,
					"pmtu":	1520,
					"reorder":	0,
					"omitted":	false,
					"sender":	true
				}],
			"sum":	{
				"start":	1.00111,
				"end":	2.001115,
				"seconds":	1.0000050067901611,
				"bytes":	1572864,
				"bits_per_second":	12582849.000315426,
				"retransmits":	0,
				"omitted":	false,
				"sender":	true
			}
		}, {
			"streams":	[{
					"socket":	5,
					"start":	2.001115,
					"end":	3.001098,
					"seconds":	0.999983012676239,
					"bytes":	1572864,
					"bits_per_second":	12583125.7536311,
					"retransmits":	0,
					"snd_cwnd":	154308,
					"snd_wnd":	484288,
					"rtt":	133028,
					"rttvar":	3122,
					"pmtu":	1520,
					"reorder":	0,
					"omitted":	false,
					"sender":	true
				}],
			"sum":	{
				"start":	2.001115,
				"end":	3.001098,
				"seconds":	0.999983012676239,
				"bytes":	1572864,
				"bits_per_second":	12583125.7536311,
				"retransmits":	0,
				"omitted":	false,
				"sender":	true
			}
		}, {
			"streams":	[{
					"socket":	5,
					"start":	3.001098,
					"end":	4.001099,
					"seconds":	1.0000009536743164,
					"bytes":	917504,
					"bits_per_second":	7340025.0000066757,
					"retransmits":	0,
					"snd_cwnd":	193116,
					"snd_wnd":	484288,
					"rtt":	199494,
					"rttvar":	4633,
					"pmtu":	1520,
					"reorder":	0,
					"omitted":	false,
					"sender":	true
				}],
			"sum":	{
				"start":	3.001098,
				"end":	4.001099,
				"seconds":	1.0000009536743164,
				"bytes":	917504,
				"bits_per_second":	7340025.0000066757,
				"retransmits":	0,
				"omitted":	false,
				"sender":	true
			}
		}, {
			"streams":	[{
					"socket":	5,
					"start":	4.001099,
					"end":	5.001084,
					"seconds":	0.9999849796295166,
					"bytes":	1179648,
					"bits_per_second":	9437325.75212917,
					"retransmits":	0,
					"snd_cwnd":	238084,
					"snd_wnd":	484288,
					"rtt":	233680,
					"rttvar":	1906,
					"pmtu":	1520,
					"reorder":	0,
					"omitted":	false,
					"sender":	true
				}],
			"sum":	{
				"start":	4.001099,
				"end":	5.001084,
				"seconds":	0.9999849796295166,
				"bytes":	1179648,
				"bits_per_second":	9437325.75212917,
				"retransmits":	0,
				"omitted":	false,
				"sender":	true
			}
		}, {
			"streams":	[{
					"socket":	5,
					"start":	5.001084,
					"end":	6.00114,
					"seconds":	1.0000560283660889,
					"bytes":	1572864,
					"bits_per_second":	12582207.039497785,
					"retransmits":	1,
					"snd_cwnd":	274120,
					"snd_wnd":	484288,
					"rtt":	72570,
					"rttvar":	37440,
					"pmtu":	1520,
					"reorder":	0,
					"omitted":	false,
					"sender":	true
				}],
			"sum":	{
				"start":	5.001084,
				"end":	6.00114,
				"seconds":	1.0000560283660889,
				"bytes":	1572864,
				"bits_per_second":	12582207.039497785,
				"retransmits":	1,
				"omitted":	false,
				"sender":	true
			}
		}, {
			"streams":	[{
					"socket":	5,
					"start":	6.00114,
					"end":	7.001126,
					"seconds":	0.99998599290847778,
					"bytes":	0,
					"bits_per_second":	0,
					"retransmits":	0,
					"snd_cwnd":	315084,
					"snd_wnd":	484288,
					"rtt":	323942,
					"rttvar":	2007,
					"pmtu":	1520,
					"reorder":	0,
					"omitted":	false,
					"sender":	true
				}],
			"sum":	{
				"start":	6.00114,
				"end":	7.001126,
				"seconds":	0.99998599290847778,
				"bytes":	0,
				"bits_per_second":	0,
				"retransmits":	0,
				"omitted":	false,
				"sender":	true
			}
		}, {
			"streams":	[{
					"socket":	5,
					"start":	7.001126,
					"end":	8.001094,
					"seconds":	0.99996799230575562,
					"bytes":	1441792,
					"bits_per_second":	11534705.199317219,
					"retransmits":	0,
					"snd_cwnd":	359898,
					"snd_wnd":	484288,
					"rtt":	384202,
					"rttvar":	4740,
					"pmtu":	1520,
					"reorder":	0,
					"omitted":	false,
					"sender":	true
				}],
			"sum":	{
				"start":	7.001126,
				"end":	8.001094,
				"seconds":	0.99996799230575562,
				"bytes":	1441792,
				"bits_per_second":	11534705.199317219,
				"retransmits":	0,
				"omitted":	false,
				"sender":	true
			}
		}, {
			"streams":	[{
					"socket":	5,
					"start":	8.001094,
					"end":	9.001093,
					"seconds":	0.99999898672103882,
					"bytes":	1441792,
					"bits_per_second":	11534347.687511843,
					"retransmits":	0,
					"snd_cwnd":	404096,
					"snd_wnd":	484288,
					"rtt":	431356,
					"rttvar":	3346,
					"pmtu":	1520,
					"reorder":	0,
					"omitted":	false,
					"sender":	true
				}],
			"sum":	{
				"start":	8.001094,
				"end":	9.001093,
				"seconds":	0.99999898672103882,
				"bytes":	1441792,
				"bits_per_second":	11534347.687511843,
				"retransmits":	0,
				"omitted":	false,
				"sender":	true
			}
		}, {
			"streams":	[{
					"socket":	5,
					"start":	9.001093,
					"end":	10.001808,
					"seconds":	1.0007150173187256,
					"bytes":	0,
					"bits_per_second":	0,
					"retransmits":	0,
					"snd_cwnd":	449218,
					"snd_wnd":	484288,
					"rtt":	477571,
					"rttvar":	3648,
					"pmtu":	1520,
					"reorder":	0,
					"omitted":	false,
					"sender":	true
				}],
			"sum":	{
				"start":	9.001093,
				"end":	10.001808,
				"seconds":	1.0007150173187256,
				"bytes":	0,
				"bits_per_second":	0,
				"retransmits":	0,
				"omitted":	false,
				"sender":	true
			}
		}],
	"end":	{
		"streams":	[{
				"sender":	{
					"socket":	5,
					"start":	0,
					"end":	10.001808,
					"seconds":	10.001808,
					"bytes":	11403264,
					"bits_per_second":	9120962.13004689,
					"retransmits":	1,
					"reorder":	0,
					"max_snd_cwnd":	449218,
					"max_snd_wnd":	484288,
					"max_rtt":	477571,
					"min_rtt":	65872,
					"mean_rtt":	242960,
					"sender":	true
				},
				"receiver":	{
					"socket":	5,
					"start":	0,
					"end":	10.08842,
					"seconds":	10.001808,
					"bytes":	9043968,
					"bits_per_second":	7171761.6831971714,
					"sender":	true
				}
			}],
		"sum_sent":	{
			"start":	0,
			"end":	10.001808,
			"seconds":	10.001808,
			"bytes":	11403264,
			"bits_per_second":	9120962.13004689,
			"retransmits":	1,
			"sender":	true
		},
		"sum_received":	{
			"start":	0,
			"end":	10.08842,
			"seconds":	10.08842,
			"bytes":	9043968,
			"bits_per_second":	7171761.6831971714,
			"sender":	true
		},
		"cpu_utilization_percent":	{
			"host_total":	0.12539872261667387,
			"host_user":	0,
			"host_system":	0.12538878374668763,
			"remote_total":	5.0021437406229863,
			"remote_user":	0.40089233326862284,
			"remote_system":	4.60127115623159
		},
		"sender_tcp_congestion":	"cubic",
		"receiver_tcp_congestion":	"cubic"
	}
}
