{
	"start":	{
		"connected":	[{
				"socket":	5,
				"local_host":	"192.168.1.48",
				"local_port":	49528,
				"remote_host":	"192.168.1.58",
				"remote_port":	5201
			}],
		"version":	"iperf 3.20",
		"system_info":	"Linux kuroi-washi 6.19.11+kali-amd64 #1 SMP PREEMPT_DYNAMIC Kali 6.19.11-1kali1 (2026-04-09) x86_64",
		"timestamp":	{
			"time":	"Thu, 23 Apr 2026 21:13:49 GMT",
			"timesecs":	1776978829,
			"timemillisecs":	1776978829783
		},
		"connecting_to":	{
			"host":	"192.168.1.58",
			"port":	5201
		},
		"cookie":	"4ev2yq2zjy6xig5fe4sbeesmlkirqgure2mu",
		"tcp_mss":	766,
		"target_bitrate":	0,
		"fq_rate":	0,
		"sock_bufsize":	0,
		"sndbuf_actual":	16384,
		"rcvbuf_actual":	131072,
		"test_start":	{
			"protocol":	"TCP",
			"num_streams":	1,
			"blksize":	131072,
			"omit":	0,
			"duration":	10,
			"bytes":	0,
			"blocks":	0,
			"reverse":	0,
			"tos":	0,
			"target_bitrate":	0,
			"bidir":	0,
			"fqrate":	0,
			"interval":	1
		}
	},
	"intervals":	[{
			"streams":	[{
					"socket":	5,
					"start":	0,
					"end":	1.001147,
					"seconds":	1.0011470317840576,
					"bytes":	3801088,
					"bits_per_second":	30373864.21234379,
					"retransmits":	0,
					"snd_cwnd":	217906,
					"snd_wnd":	1390464,
					"rtt":	31578,
					"rttvar":	13952,
					"pmtu":	1520,
					"reorder":	0,
					"omitted":	false,
					"sender":	true
				}],
			"sum":	{
				"start":	0,
				"end":	1.001147,
				"seconds":	1.0011470317840576,
				"bytes":	3801088,
				"bits_per_second":	30373864.21234379,
				"retransmits":	0,
				"omitted":	false,
				"sender":	true
			}
		}, {
			"streams":	[{
					"socket":	5,
					"start":	1.001147,
					"end":	2.001115,
					"seconds":	0.99996799230575562,
					"bytes":	5242880,
					"bits_per_second":	41944382.5429717,
					"retransmits":	0,
					"snd_cwnd":	398112,
					"snd_wnd":	1638080,
					"rtt":	62756,
					"rttvar":	48446,
					"pmtu":	1520,
					"reorder":	0,
					"omitted":	false,
					"sender":	true
				}],
			"sum":	{
				"start":	1.001147,
				"end":	2.001115,
				"seconds":	0.99996799230575562,
				"bytes":	5242880,
				"bits_per_second":	41944382.5429717,
				"retransmits":	0,
				"omitted":	false,
				"sender":	true
			}
		}, {
			"streams":	[{
					"socket":	5,
					"start":	2.001115,
					"end":	3.001143,
					"seconds":	1.0000280141830444,
					"bytes":	3932160,
					"bits_per_second":	31456398.774686806,
					"retransmits":	0,
					"snd_cwnd":	557206,
					"snd_wnd":	1933824,
					"rtt":	45080,
					"rttvar":	36349,
					"pmtu":	1520,
					"reorder":	0,
					"omitted":	false,
					"sender":	true
				}],
			"sum":	{
				"start":	2.001115,
				"end":	3.001143,
				"seconds":	1.0000280141830444,
				"bytes":	3932160,
				"bits_per_second":	31456398.774686806,
				"retransmits":	0,
				"omitted":	false,
				"sender":	true
			}
		}, {
			"streams":	[{
					"socket":	5,
					"start":	3.001143,
					"end":	4.00115,
					"seconds":	1.0000070333480835,
					"bytes":	2621440,
					"bits_per_second":	20971372.501037411,
					"retransmits":	0,
					"snd_cwnd":	696696,
					"snd_wnd":	1857472,
					"rtt":	50873,
					"rttvar":	31628,
					"pmtu":	1520,
					"reorder":	0,
					"omitted":	false,
					"sender":	true
				}],
			"sum":	{
				"start":	3.001143,
				"end":	4.00115,
				"seconds":	1.0000070333480835,
				"bytes":	2621440,
				"bits_per_second":	20971372.501037411,
				"retransmits":	0,
				"omitted":	false,
				"sender":	true
			}
		}, {
			"streams":	[{
					"socket":	5,
					"start":	4.00115,
					"end":	5.001066,
					"seconds":	0.99991601705551147,
					"bytes":	3145728,
					"bits_per_second":	25167937.677512862,
					"retransmits":	0,
					"snd_cwnd":	869362,
					"snd_wnd":	1593408,
					"rtt":	86749,
					"rttvar":	52048,
					"pmtu":	1520,
					"reorder":	0,
					"omitted":	false,
					"sender":	true
				}],
			"sum":	{
				"start":	4.00115,
				"end":	5.001066,
				"seconds":	0.99991601705551147,
				"bytes":	3145728,
				"bits_per_second":	25167937.677512862,
				"retransmits":	0,
				"omitted":	false,
				"sender":	true
			}
		}, {
			"streams":	[{
					"socket":	5,
					"start":	5.001066,
					"end":	6.001148,
					"seconds":	1.0000820159912109,
					"bytes":	5242880,
					"bits_per_second":	41939600.282111876,
					"retransmits":	0,
					"snd_cwnd":	1066910,
					"snd_wnd":	1916480,
					"rtt":	124777,
					"rttvar":	33800,
					"pmtu":	1520,
					"reorder":	0,
					"omitted":	false,
					"sender":	true
				}],
			"sum":	{
				"start":	5.001066,
				"end":	6.001148,
				"seconds":	1.0000820159912109,
				"bytes":	5242880,
				"bits_per_second":	41939600.282111876,
				"retransmits":	0,
				"omitted":	false,
				"sender":	true
			}
		}, {
			"streams":	[{
					"socket":	5,
					"start":	6.001148,
					"end":	7.00022,
					"seconds":	0.999072015285492,
					"bytes":	3145728,
					"bits_per_second":	25189199.191820707,
					"retransmits":	0,
					"snd_cwnd":	1222234,
					"snd_wnd":	1931776,
					"rtt":	86601,
					"rttvar":	94088,
					"pmtu":	1520,
					"reorder":	0,
					"omitted":	false,
					"sender":	true
				}],
			"sum":	{
				"start":	6.001148,
				"end":	7.00022,
				"seconds":	0.999072015285492,
				"bytes":	3145728,
				"bits_per_second":	25189199.191820707,
				"retransmits":	0,
				"omitted":	false,
				"sender":	true
			}
		}, {
			"streams":	[{
					"socket":	5,
					"start":	7.00022,
					"end":	8.000204,
					"seconds":	0.9999840259552002,
					"bytes":	2752512,
					"bits_per_second":	22020447.75561896,
					"retransmits":	0,
					"snd_cwnd":	1351168,
					"snd_wnd":	1932800,
					"rtt":	109992,
					"rttvar":	126739,
					"pmtu":	1520,
					"reorder":	0,
					"omitted":	false,
					"sender":	true
				}],
			"sum":	{
				"start":	7.00022,
				"end":	8.000204,
				"seconds":	0.9999840259552002,
				"bytes":	2752512,
				"bits_per_second":	22020447.75561896,
				"retransmits":	0,
				"omitted":	false,
				"sender":	true
			}
		}, {
			"streams":	[{
					"socket":	5,
					"start":	8.000204,
					"end":	9.000222,
					"seconds":	1.0000180006027222,
					"bytes":	2883584,
					"bits_per_second":	23068256.757474616,
					"retransmits":	0,
					"snd_cwnd":	1495936,
					"snd_wnd":	1935680,
					"rtt":	110614,
					"rttvar":	122863,
					"pmtu":	1520,
					"reorder":	0,
					"omitted":	false,
					"sender":	true
				}],
			"sum":	{
				"start":	8.000204,
				"end":	9.000222,
				"seconds":	1.0000180006027222,
				"bytes":	2883584,
				"bits_per_second":	23068256.757474616,
				"retransmits":	0,
				"omitted":	false,
				"sender":	true
			}
		}, {
			"streams":	[{
					"socket":	5,
					"start":	9.000222,
					"end":	10.00094,
					"seconds":	1.0007179975509644,
					"bytes":	3145728,
					"bits_per_second":	25147767.964189492,
					"retransmits":	65,
					"snd_cwnd":	662766,
					"snd_wnd":	1935552,
					"rtt":	59107,
					"rttvar":	69145,
					"pmtu":	1520,
					"reorder":	0,
					"omitted":	false,
					"sender":	true
				}],
			"sum":	{
				"start":	9.000222,
				"end":	10.00094,
				"seconds":	1.0007179975509644,
				"bytes":	3145728,
				"bits_per_second":	25147767.964189492,
				"retransmits":	65,
				"omitted":	false,
				"sender":	true
			}
		}],
	"end":	{
		"streams":	[{
				"sender":	{
					"socket":	5,
					"start":	0,
					"end":	10.00094,
					"seconds":	10.00094,
					"bytes":	35913728,
					"bits_per_second":	28728281.9414975,
					"retransmits":	65,
					"reorder":	0,
					"max_snd_cwnd":	1495936,
					"max_snd_wnd":	1935680,
					"max_rtt":	124777,
					"min_rtt":	31578,
					"mean_rtt":	76812,
					"sender":	true
				},
				"receiver":	{
					"socket":	5,
					"start":	0,
					"end":	10.169163,
					"seconds":	10.00094,
					"bytes":	31850496,
					"bits_per_second":	25056532.97129764,
					"sender":	true
				}
			}],
		"sum_sent":	{
			"start":	0,
			"end":	10.00094,
			"seconds":	10.00094,
			"bytes":	35913728,
			"bits_per_second":	28728281.9414975,
			"retransmits":	65,
			"sender":	true
		},
		"sum_received":	{
			"start":	0,
			"end":	10.169163,
			"seconds":	10.169163,
			"bytes":	31850496,
			"bits_per_second":	25056532.97129764,
			"sender":	true
		},
		"cpu_utilization_percent":	{
			"host_total":	0.24660664777938174,
			"host_user":	0,
			"host_system":	0.246596703962939,
			"remote_total":	10.742324947274145,
			"remote_user":	0.021843953032267018,
			"remote_system":	10.720461394463474
		},
		"sender_tcp_congestion":	"cubic",
		"receiver_tcp_congestion":	"cubic"
	}
}
{
	"start":	{
		"connected":	[{
				"socket":	5,
				"local_host":	"192.168.1.48",
				"local_port":	33486,
				"remote_host":	"192.168.1.58",
				"remote_port":	5201
			}],
		"version":	"iperf 3.20",
		"system_info":	"Linux kuroi-washi 6.19.11+kali-amd64 #1 SMP PREEMPT_DYNAMIC Kali 6.19.11-1kali1 (2026-04-09) x86_64",
		"timestamp":	{
			"time":	"Thu, 23 Apr 2026 21:14:00 GMT",
			"timesecs":	1776978840,
			"timemillisecs":	1776978840282
		},
		"connecting_to":	{
			"host":	"192.168.1.58",
			"port":	5201
		},
		"cookie":	"5zq4qpakzxjh6wbm7lxvgmhaflxula2m2lzk",
		"tcp_mss":	766,
		"target_bitrate":	0,
		"fq_rate":	0,
		"sock_bufsize":	0,
		"sndbuf_actual":	16384,
		"rcvbuf_actual":	131072,
		"test_start":	{
			"protocol":	"TCP",
			"num_streams":	1,
			"blksize":	131072,
			"omit":	0,
			"duration":	10,
			"bytes":	0,
			"blocks":	0,
			"reverse":	0,
			"tos":	0,
			"target_bitrate":	0,
			"bidir":	0,
			"fqrate":	0,
			"interval":	1
		}
	},
	"intervals":	[{
			"streams":	[{
					"socket":	5,
					"start":	0,
					"end":	1.001128,
					"seconds":	1.0011279582977295,
					"bytes":	4063232,
					"bits_per_second":	32469232.060276706,
					"retransmits":	0,
					"snd_cwnd":	236756,
					"snd_wnd":	1516032,
					"rtt":	35001,
					"rttvar":	16911,
					"pmtu":	1520,
					"reorder":	0,
					"omitted":	false,
					"sender":	true
				}],
			"sum":	{
				"start":	0,
				"end":	1.001128,
				"seconds":	1.0011279582977295,
				"bytes":	4063232,
				"bits_per_second":	32469232.060276706,
				"retransmits":	0,
				"omitted":	false,
				"sender":	true
			}
		}, {
			"streams":	[{
					"socket":	5,
					"start":	1.001128,
					"end":	2.001141,
					"seconds":	1.000012993812561,
					"bytes":	4325376,
					"bits_per_second":	34602558.380842268,
					"retransmits":	0,
					"snd_cwnd":	410176,
					"snd_wnd":	1537728,
					"rtt":	42392,
					"rttvar":	17240,
					"pmtu":	1520,
					"reorder":	0,
					"omitted":	false,
					"sender":	true
				}],
			"sum":	{
				"start":	1.001128,
				"end":	2.001141,
				"seconds":	1.000012993812561,
				"bytes":	4325376,
				"bits_per_second":	34602558.380842268,
				"retransmits":	0,
				"omitted":	false,
				"sender":	true
			}
		}, {
			"streams":	[{
					"socket":	5,
					"start":	2.001141,
					"end":	3.001135,
					"seconds":	0.99999397993087769,
					"bytes":	4849664,
					"bits_per_second":	38797545.563906074,
					"retransmits":	0,
					"snd_cwnd":	583596,
					"snd_wnd":	1463552,
					"rtt":	86042,
					"rttvar":	83748,
					"pmtu":	1520,
					"reorder":	0,
					"omitted":	false,
					"sender":	true
				}],
			"sum":	{
				"start":	2.001141,
				"end":	3.001135,
				"seconds":	0.99999397993087769,
				"bytes":	4849664,
				"bits_per_second":	38797545.563906074,
				"retransmits":	0,
				"omitted":	false,
				"sender":	true
			}
		}, {
			"streams":	[{
					"socket":	5,
					"start":	3.001135,
					"end":	4.001147,
					"seconds":	1.0000120401382446,
					"bytes":	3145728,
					"bits_per_second":	25165521.003648117,
					"retransmits":	0,
					"snd_cwnd":	727610,
					"snd_wnd":	1935680,
					"rtt":	72035,
					"rttvar":	65525,
					"pmtu":	1520,
					"reorder":	0,
					"omitted":	false,
					"sender":	true
				}],
			"sum":	{
				"start":	3.001135,
				"end":	4.001147,
				"seconds":	1.0000120401382446,
				"bytes":	3145728,
				"bits_per_second":	25165521.003648117,
				"retransmits":	0,
				"omitted":	false,
				"sender":	true
			}
		}, {
			"streams":	[{
					"socket":	5,
					"start":	4.001147,
					"end":	5.001149,
					"seconds":	1.0000020265579224,
					"bytes":	3014656,
					"bits_per_second":	24117199.125099048,
					"retransmits":	0,
					"snd_cwnd":	886704,
					"snd_wnd":	1935680,
					"rtt":	97475,
					"rttvar":	97470,
					"pmtu":	1520,
					"reorder":	0,
					"omitted":	false,
					"sender":	true
				}],
			"sum":	{
				"start":	4.001147,
				"end":	5.001149,
				"seconds":	1.0000020265579224,
				"bytes":	3014656,
				"bits_per_second":	24117199.125099048,
				"retransmits":	0,
				"omitted":	false,
				"sender":	true
			}
		}, {
			"streams":	[{
					"socket":	5,
					"start":	5.001149,
					"end":	6.001085,
					"seconds":	0.99993598461151123,
					"bytes":	3407872,
					"bits_per_second":	27264721.361730009,
					"retransmits":	0,
					"snd_cwnd":	1064648,
					"snd_wnd":	1193856,
					"rtt":	184373,
					"rttvar":	147278,
					"pmtu":	1520,
					"reorder":	0,
					"omitted":	false,
					"sender":	true
				}],
			"sum":	{
				"start":	5.001149,
				"end":	6.001085,
				"seconds":	0.99993598461151123,
				"bytes":	3407872,
				"bits_per_second":	27264721.361730009,
				"retransmits":	0,
				"omitted":	false,
				"sender":	true
			}
		}, {
			"streams":	[{
					"socket":	5,
					"start":	6.001085,
					"end":	7.00114,
					"seconds":	1.0000549554824829,
					"bytes":	4194304,
					"bits_per_second":	33552588.10133234,
					"retransmits":	0,
					"snd_cwnd":	1235052,
					"snd_wnd":	1920384,
					"rtt":	117706,
					"rttvar":	62529,
					"pmtu":	1520,
					"reorder":	0,
					"omitted":	false,
					"sender":	true
				}],
			"sum":	{
				"start":	6.001085,
				"end":	7.00114,
				"seconds":	1.0000549554824829,
				"bytes":	4194304,
				"bits_per_second":	33552588.10133234,
				"retransmits":	0,
				"omitted":	false,
				"sender":	true
			}
		}, {
			"streams":	[{
					"socket":	5,
					"start":	7.00114,
					"end":	8.00114,
					"seconds":	1,
					"bytes":	1703936,
					"bits_per_second":	13631488,
					"retransmits":	0,
					"snd_cwnd":	1369264,
					"snd_wnd":	866112,
					"rtt":	259713,
					"rttvar":	195706,
					"pmtu":	1520,
					"reorder":	0,
					"omitted":	false,
					"sender":	true
				}],
			"sum":	{
				"start":	7.00114,
				"end":	8.00114,
				"seconds":	1,
				"bytes":	1703936,
				"bits_per_second":	13631488,
				"retransmits":	0,
				"omitted":	false,
				"sender":	true
			}
		}, {
			"streams":	[{
					"socket":	5,
					"start":	8.00114,
					"end":	9.001143,
					"seconds":	1.0000029802322388,
					"bytes":	4325376,
					"bits_per_second":	34602904.875307336,
					"retransmits":	0,
					"snd_cwnd":	1423552,
					"snd_wnd":	1935680,
					"rtt":	110242,
					"rttvar":	86248,
					"pmtu":	1520,
					"reorder":	0,
					"omitted":	false,
					"sender":	true
				}],
			"sum":	{
				"start":	8.00114,
				"end":	9.001143,
				"seconds":	1.0000029802322388,
				"bytes":	4325376,
				"bits_per_second":	34602904.875307336,
				"retransmits":	0,
				"omitted":	false,
				"sender":	true
			}
		}, {
			"streams":	[{
					"socket":	5,
					"start":	9.001143,
					"end":	10.001961,
					"seconds":	1.0008180141448975,
					"bytes":	3276800,
					"bits_per_second":	26192973.776953522,
					"retransmits":	0,
					"snd_cwnd":	1579630,
					"snd_wnd":	1935680,
					"rtt":	95903,
					"rttvar":	94512,
					"pmtu":	1520,
					"reorder":	0,
					"omitted":	false,
					"sender":	true
				}],
			"sum":	{
				"start":	9.001143,
				"end":	10.001961,
				"seconds":	1.0008180141448975,
				"bytes":	3276800,
				"bits_per_second":	26192973.776953522,
				"retransmits":	0,
				"omitted":	false,
				"sender":	true
			}
		}],
	"end":	{
		"streams":	[{
				"sender":	{
					"socket":	5,
					"start":	0,
					"end":	10.001961,
					"seconds":	10.001961,
					"bytes":	36306944,
					"bits_per_second":	29039860.483359214,
					"retransmits":	0,
					"reorder":	0,
					"max_snd_cwnd":	1579630,
					"max_snd_wnd":	1935680,
					"max_rtt":	259713,
					"min_rtt":	35001,
					"mean_rtt":	110088,
					"sender":	true
				},
				"receiver":	{
					"socket":	5,
					"start":	0,
					"end":	10.208822,
					"seconds":	10.001961,
					"bytes":	32768000,
					"bits_per_second":	25678183.045996886,
					"sender":	true
				}
			}],
		"sum_sent":	{
			"start":	0,
			"end":	10.001961,
			"seconds":	10.001961,
			"bytes":	36306944,
			"bits_per_second":	29039860.483359214,
			"retransmits":	0,
			"sender":	true
		},
		"sum_received":	{
			"start":	0,
			"end":	10.208822,
			"seconds":	10.208822,
			"bytes":	32768000,
			"bits_per_second":	25678183.045996886,
			"sender":	true
		},
		"cpu_utilization_percent":	{
			"host_total":	0.24381875231593025,
			"host_user":	0,
			"host_system":	0.24382869193078213,
			"remote_total":	11.721932735151148,
			"remote_user":	0.060044654795939921,
			"remote_system":	11.661907600724128
		},
		"sender_tcp_congestion":	"cubic",
		"receiver_tcp_congestion":	"cubic"
	}
}
{
	"start":	{
		"connected":	[{
				"socket":	5,
				"local_host":	"192.168.1.48",
				"local_port":	46594,
				"remote_host":	"192.168.1.58",
				"remote_port":	5201
			}],
		"version":	"iperf 3.20",
		"system_info":	"Linux kuroi-washi 6.19.11+kali-amd64 #1 SMP PREEMPT_DYNAMIC Kali 6.19.11-1kali1 (2026-04-09) x86_64",
		"timestamp":	{
			"time":	"Thu, 23 Apr 2026 21:14:10 GMT",
			"timesecs":	1776978850,
			"timemillisecs":	1776978850666
		},
		"connecting_to":	{
			"host":	"192.168.1.58",
			"port":	5201
		},
		"cookie":	"iprsqsroc7xpzzys354lokhe7iwofgxz6hct",
		"tcp_mss":	766,
		"target_bitrate":	0,
		"fq_rate":	0,
		"sock_bufsize":	0,
		"sndbuf_actual":	16384,
		"rcvbuf_actual":	131072,
		"test_start":	{
			"protocol":	"TCP",
			"num_streams":	1,
			"blksize":	131072,
			"omit":	0,
			"duration":	10,
			"bytes":	0,
			"blocks":	0,
			"reverse":	0,
			"tos":	0,
			"target_bitrate":	0,
			"bidir":	0,
			"fqrate":	0,
			"interval":	1
		}
	},
	"intervals":	[{
			"streams":	[{
					"socket":	5,
					"start":	0,
					"end":	1.00115,
					"seconds":	1.0011500120162964,
					"bytes":	4194304,
					"bits_per_second":	33515888.325688612,
					"retransmits":	0,
					"snd_cwnd":	232986,
					"snd_wnd":	1267264,
					"rtt":	50274,
					"rttvar":	31996,
					"pmtu":	1520,
					"reorder":	0,
					"omitted":	false,
					"sender":	true
				}],
			"sum":	{
				"start":	0,
				"end":	1.00115,
				"seconds":	1.0011500120162964,
				"bytes":	4194304,
				"bits_per_second":	33515888.325688612,
				"retransmits":	0,
				"omitted":	false,
				"sender":	true
			}
		}, {
			"streams":	[{
					"socket":	5,
					"start":	1.00115,
					"end":	2.001107,
					"seconds":	0.999957025051117,
					"bytes":	4587520,
					"bits_per_second":	36701737.255282462,
					"retransmits":	0,
					"snd_cwnd":	407914,
					"snd_wnd":	1676480,
					"rtt":	72739,
					"rttvar":	61855,
					"pmtu":	1520,
					"reorder":	0,
					"omitted":	false,
					"sender":	true
				}],
			"sum":	{
				"start":	1.00115,
				"end":	2.001107,
				"seconds":	0.999957025051117,
				"bytes":	4587520,
				"bits_per_second":	36701737.255282462,
				"retransmits":	0,
				"omitted":	false,
				"sender":	true
			}
		}, {
			"streams":	[{
					"socket":	5,
					"start":	2.001107,
					"end":	3.001148,
					"seconds":	1.0000410079956055,
					"bytes":	3407872,
					"bits_per_second":	27261858.045845058,
					"retransmits":	0,
					"snd_cwnd":	564746,
					"snd_wnd":	1921088,
					"rtt":	60001,
					"rttvar":	21422,
					"pmtu":	1520,
					"reorder":	0,
					"omitted":	false,
					"sender":	true
				}],
			"sum":	{
				"start":	2.001107,
				"end":	3.001148,
				"seconds":	1.0000410079956055,
				"bytes":	3407872,
				"bits_per_second":	27261858.045845058,
				"retransmits":	0,
				"omitted":	false,
				"sender":	true
			}
		}, {
			"streams":	[{
					"socket":	5,
					"start":	3.001148,
					"end":	4.00114,
					"seconds":	0.9999920129776,
					"bytes":	4849664,
					"bits_per_second":	38797621.877475,
					"retransmits":	0,
					"snd_cwnd":	727610,
					"snd_wnd":	1935680,
					"rtt":	63774,
					"rttvar":	44031,
					"pmtu":	1520,
					"reorder":	0,
					"omitted":	false,
					"sender":	true
				}],
			"sum":	{
				"start":	3.001148,
				"end":	4.00114,
				"seconds":	0.9999920129776,
				"bytes":	4849664,
				"bits_per_second":	38797621.877475,
				"retransmits":	0,
				"omitted":	false,
				"sender":	true
			}
		}, {
			"streams":	[{
					"socket":	5,
					"start":	4.00114,
					"end":	5.001088,
					"seconds":	0.999948024749756,
					"bytes":	2883584,
					"bits_per_second":	23069871.062321566,
					"retransmits":	0,
					"snd_cwnd":	874640,
					"snd_wnd":	1935680,
					"rtt":	73295,
					"rttvar":	54031,
					"pmtu":	1520,
					"reorder":	0,
					"omitted":	false,
					"sender":	true
				}],
			"sum":	{
				"start":	4.00114,
				"end":	5.001088,
				"seconds":	0.999948024749756,
				"bytes":	2883584,
				"bits_per_second":	23069871.062321566,
				"retransmits":	0,
				"omitted":	false,
				"sender":	true
			}
		}, {
			"streams":	[{
					"socket":	5,
					"start":	5.001088,
					"end":	6.00115,
					"seconds":	1.0000619888305664,
					"bytes":	3538944,
					"bits_per_second":	28309797.108783655,
					"retransmits":	0,
					"snd_cwnd":	1047306,
					"snd_wnd":	1916544,
					"rtt":	77963,
					"rttvar":	42917,
					"pmtu":	1520,
					"reorder":	0,
					"omitted":	false,
					"sender":	true
				}],
			"sum":	{
				"start":	5.001088,
				"end":	6.00115,
				"seconds":	1.0000619888305664,
				"bytes":	3538944,
				"bits_per_second":	28309797.108783655,
				"retransmits":	0,
				"omitted":	false,
				"sender":	true
			}
		}, {
			"streams":	[{
					"socket":	5,
					"start":	6.00115,
					"end":	7.001145,
					"seconds":	0.999994993209839,
					"bytes":	3407872,
					"bits_per_second":	27263112.500683431,
					"retransmits":	8,
					"snd_cwnd":	809796,
					"snd_wnd":	1934528,
					"rtt":	79134,
					"rttvar":	40837,
					"pmtu":	1520,
					"reorder":	0,
					"omitted":	false,
					"sender":	true
				}],
			"sum":	{
				"start":	6.00115,
				"end":	7.001145,
				"seconds":	0.999994993209839,
				"bytes":	3407872,
				"bits_per_second":	27263112.500683431,
				"retransmits":	8,
				"omitted":	false,
				"sender":	true
			}
		}, {
			"streams":	[{
					"socket":	5,
					"start":	7.001145,
					"end":	8.001141,
					"seconds":	0.9999960064888,
					"bytes":	1835008,
					"bits_per_second":	14680122.625234121,
					"retransmits":	0,
					"snd_cwnd":	894244,
					"snd_wnd":	1929664,
					"rtt":	81004,
					"rttvar":	53205,
					"pmtu":	1520,
					"reorder":	0,
					"omitted":	false,
					"sender":	true
				}],
			"sum":	{
				"start":	7.001145,
				"end":	8.001141,
				"seconds":	0.9999960064888,
				"bytes":	1835008,
				"bits_per_second":	14680122.625234121,
				"retransmits":	0,
				"omitted":	false,
				"sender":	true
			}
		}, {
			"streams":	[{
					"socket":	5,
					"start":	8.001141,
					"end":	9.001151,
					"seconds":	1.0000100135803223,
					"bytes":	3014656,
					"bits_per_second":	24117006.502418254,
					"retransmits":	0,
					"snd_cwnd":	969644,
					"snd_wnd":	1929024,
					"rtt":	133199,
					"rttvar":	123708,
					"pmtu":	1520,
					"reorder":	0,
					"omitted":	false,
					"sender":	true
				}],
			"sum":	{
				"start":	8.001141,
				"end":	9.001151,
				"seconds":	1.0000100135803223,
				"bytes":	3014656,
				"bits_per_second":	24117006.502418254,
				"retransmits":	0,
				"omitted":	false,
				"sender":	true
			}
		}, {
			"streams":	[{
					"socket":	5,
					"start":	9.001151,
					"end":	10.001846,
					"seconds":	1.0006949901580811,
					"bytes":	3670016,
					"bits_per_second":	29339737.171425175,
					"retransmits":	0,
					"snd_cwnd":	1027702,
					"snd_wnd":	1727872,
					"rtt":	173264,
					"rttvar":	150836,
					"pmtu":	1520,
					"reorder":	0,
					"omitted":	false,
					"sender":	true
				}],
			"sum":	{
				"start":	9.001151,
				"end":	10.001846,
				"seconds":	1.0006949901580811,
				"bytes":	3670016,
				"bits_per_second":	29339737.171425175,
				"retransmits":	0,
				"omitted":	false,
				"sender":	true
			}
		}],
	"end":	{
		"streams":	[{
				"sender":	{
					"socket":	5,
					"start":	0,
					"end":	10.001846,
					"seconds":	10.001846,
					"bytes":	35389440,
					"bits_per_second":	28306326.652100023,
					"retransmits":	8,
					"reorder":	0,
					"max_snd_cwnd":	1047306,
					"max_snd_wnd":	1935680,
					"max_rtt":	173264,
					"min_rtt":	50274,
					"mean_rtt":	86464,
					"sender":	true
				},
				"receiver":	{
					"socket":	5,
					"start":	0,
					"end":	10.280528,
					"seconds":	10.001846,
					"bytes":	33554432,
					"bits_per_second":	26111057.330907516,
					"sender":	true
				}
			}],
		"sum_sent":	{
			"start":	0,
			"end":	10.001846,
			"seconds":	10.001846,
			"bytes":	35389440,
			"bits_per_second":	28306326.652100023,
			"retransmits":	8,
			"sender":	true
		},
		"sum_received":	{
			"start":	0,
			"end":	10.280528,
			"seconds":	10.280528,
			"bytes":	33554432,
			"bits_per_second":	26111057.330907516,
			"sender":	true
		},
		"cpu_utilization_percent":	{
			"host_total":	0.242345380973756,
			"host_user":	0.057090835842630423,
			"host_system":	0.1852446076488205,
			"remote_total":	12.360618081286281,
			"remote_user":	1.0076346498658766,
			"remote_system":	11.353632586907871
		},
		"sender_tcp_congestion":	"cubic",
		"receiver_tcp_congestion":	"cubic"
	}
}
{
	"start":	{
		"connected":	[{
				"socket":	5,
				"local_host":	"192.168.1.48",
				"local_port":	43792,
				"remote_host":	"192.168.1.58",
				"remote_port":	5201
			}],
		"version":	"iperf 3.20",
		"system_info":	"Linux kuroi-washi 6.19.11+kali-amd64 #1 SMP PREEMPT_DYNAMIC Kali 6.19.11-1kali1 (2026-04-09) x86_64",
		"timestamp":	{
			"time":	"Thu, 23 Apr 2026 21:14:21 GMT",
			"timesecs":	1776978861,
			"timemillisecs":	1776978861434
		},
		"connecting_to":	{
			"host":	"192.168.1.58",
			"port":	5201
		},
		"cookie":	"btakiokthb7xjs5wxwryrma56stexfrv6e64",
		"tcp_mss":	766,
		"target_bitrate":	0,
		"fq_rate":	0,
		"sock_bufsize":	0,
		"sndbuf_actual":	16384,
		"rcvbuf_actual":	131072,
		"test_start":	{
			"protocol":	"TCP",
			"num_streams":	1,
			"blksize":	131072,
			"omit":	0,
			"duration":	10,
			"bytes":	0,
			"blocks":	0,
			"reverse":	0,
			"tos":	0,
			"target_bitrate":	0,
			"bidir":	0,
			"fqrate":	0,
			"interval":	1
		}
	},
	"intervals":	[{
			"streams":	[{
					"socket":	5,
					"start":	0,
					"end":	1.00114,
					"seconds":	1.0011399984359741,
					"bytes":	4194304,
					"bits_per_second":	33516223.557564616,
					"retransmits":	0,
					"snd_cwnd":	238264,
					"snd_wnd":	1371072,
					"rtt":	33286,
					"rttvar":	6813,
					"pmtu":	1520,
					"reorder":	0,
					"omitted":	false,
					"sender":	true
				}],
			"sum":	{
				"start":	0,
				"end":	1.00114,
				"seconds":	1.0011399984359741,
				"bytes":	4194304,
				"bits_per_second":	33516223.557564616,
				"retransmits":	0,
				"omitted":	false,
				"sender":	true
			}
		}, {
			"streams":	[{
					"socket":	5,
					"start":	1.00114,
					"end":	2.001075,
					"seconds":	0.99993497133255,
					"bytes":	4456448,
					"bits_per_second":	35653902.525770642,
					"retransmits":	0,
					"snd_cwnd":	393588,
					"snd_wnd":	1931968,
					"rtt":	43735,
					"rttvar":	17120,
					"pmtu":	1520,
					"reorder":	0,
					"omitted":	false,
					"sender":	true
				}],
			"sum":	{
				"start":	1.00114,
				"end":	2.001075,
				"seconds":	0.99993497133255,
				"bytes":	4456448,
				"bits_per_second":	35653902.525770642,
				"retransmits":	0,
				"omitted":	false,
				"sender":	true
			}
		}, {
			"streams":	[{
					"socket":	5,
					"start":	2.001075,
					"end":	3.001121,
					"seconds":	1.0000460147857666,
					"bytes":	3276800,
					"bits_per_second":	26213193.80550278,
					"retransmits":	0,
					"snd_cwnd":	548912,
					"snd_wnd":	1911168,
					"rtt":	81623,
					"rttvar":	56992,
					"pmtu":	1520,
					"reorder":	0,
					"omitted":	false,
					"sender":	true
				}],
			"sum":	{
				"start":	2.001075,
				"end":	3.001121,
				"seconds":	1.0000460147857666,
				"bytes":	3276800,
				"bits_per_second":	26213193.80550278,
				"retransmits":	0,
				"omitted":	false,
				"sender":	true
			}
		}, {
			"streams":	[{
					"socket":	5,
					"start":	3.001121,
					"end":	4.001124,
					"seconds":	1.0000029802322388,
					"bytes":	4587520,
					"bits_per_second":	36700050.625325963,
					"retransmits":	0,
					"snd_cwnd":	698958,
					"snd_wnd":	1935680,
					"rtt":	58222,
					"rttvar":	40653,
					"pmtu":	1520,
					"reorder":	0,
					"omitted":	false,
					"sender":	true
				}],
			"sum":	{
				"start":	3.001121,
				"end":	4.001124,
				"seconds":	1.0000029802322388,
				"bytes":	4587520,
				"bits_per_second":	36700050.625325963,
				"retransmits":	0,
				"omitted":	false,
				"sender":	true
			}
		}, {
			"streams":	[{
					"socket":	5,
					"start":	4.001124,
					"end":	5.001138,
					"seconds":	1.0000139474868774,
					"bytes":	3670016,
					"bits_per_second":	29359718.505711418,
					"retransmits":	0,
					"snd_cwnd":	876902,
					"snd_wnd":	1302912,
					"rtt":	121424,
					"rttvar":	111588,
					"pmtu":	1520,
					"reorder":	0,
					"omitted":	false,
					"sender":	true
				}],
			"sum":	{
				"start":	4.001124,
				"end":	5.001138,
				"seconds":	1.0000139474868774,
				"bytes":	3670016,
				"bits_per_second":	29359718.505711418,
				"retransmits":	0,
				"omitted":	false,
				"sender":	true
			}
		}, {
			"streams":	[{
					"socket":	5,
					"start":	5.001138,
					"end":	6.00114,
					"seconds":	1.0000020265579224,
					"bytes":	3145728,
					"bits_per_second":	25165773.000103354,
					"retransmits":	4,
					"snd_cwnd":	683124,
					"snd_wnd":	1932416,
					"rtt":	61856,
					"rttvar":	54360,
					"pmtu":	1520,
					"reorder":	0,
					"omitted":	false,
					"sender":	true
				}],
			"sum":	{
				"start":	5.001138,
				"end":	6.00114,
				"seconds":	1.0000020265579224,
				"bytes":	3145728,
				"bits_per_second":	25165773.000103354,
				"retransmits":	4,
				"omitted":	false,
				"sender":	true
			}
		}, {
			"streams":	[{
					"socket":	5,
					"start":	6.00114,
					"end":	7.001146,
					"seconds":	1.0000059604644775,
					"bytes":	3014656,
					"bits_per_second":	24117104.250856813,
					"retransmits":	0,
					"snd_cwnd":	744952,
					"snd_wnd":	1933824,
					"rtt":	69745,
					"rttvar":	53419,
					"pmtu":	1520,
					"reorder":	0,
					"omitted":	false,
					"sender":	true
				}],
			"sum":	{
				"start":	6.00114,
				"end":	7.001146,
				"seconds":	1.0000059604644775,
				"bytes":	3014656,
				"bits_per_second":	24117104.250856813,
				"retransmits":	0,
				"omitted":	false,
				"sender":	true
			}
		}, {
			"streams":	[{
					"socket":	5,
					"start":	7.001146,
					"end":	8.00114,
					"seconds":	0.99999397993087769,
					"bytes":	1966080,
					"bits_per_second":	15728734.688070029,
					"retransmits":	0,
					"snd_cwnd":	787930,
					"snd_wnd":	1935680,
					"rtt":	78482,
					"rttvar":	70564,
					"pmtu":	1520,
					"reorder":	0,
					"omitted":	false,
					"sender":	true
				}],
			"sum":	{
				"start":	7.001146,
				"end":	8.00114,
				"seconds":	0.99999397993087769,
				"bytes":	1966080,
				"bits_per_second":	15728734.688070029,
				"retransmits":	0,
				"omitted":	false,
				"sender":	true
			}
		}, {
			"streams":	[{
					"socket":	5,
					"start":	8.00114,
					"end":	9.001147,
					"seconds":	1.0000070333480835,
					"bytes":	3670016,
					"bits_per_second":	29359921.501452375,
					"retransmits":	0,
					"snd_cwnd":	834678,
					"snd_wnd":	1919296,
					"rtt":	91368,
					"rttvar":	52421,
					"pmtu":	1520,
					"reorder":	0,
					"omitted":	false,
					"sender":	true
				}],
			"sum":	{
				"start":	8.00114,
				"end":	9.001147,
				"seconds":	1.0000070333480835,
				"bytes":	3670016,
				"bits_per_second":	29359921.501452375,
				"retransmits":	0,
				"omitted":	false,
				"sender":	true
			}
		}, {
			"streams":	[{
					"socket":	5,
					"start":	9.001147,
					"end":	10.001901,
					"seconds":	1.0007539987564087,
					"bytes":	4325376,
					"bits_per_second":	34576937.032477088,
					"retransmits":	0,
					"snd_cwnd":	861822,
					"snd_wnd":	1917440,
					"rtt":	91866,
					"rttvar":	95304,
					"pmtu":	1520,
					"reorder":	0,
					"omitted":	false,
					"sender":	true
				}],
			"sum":	{
				"start":	9.001147,
				"end":	10.001901,
				"seconds":	1.0007539987564087,
				"bytes":	4325376,
				"bits_per_second":	34576937.032477088,
				"retransmits":	0,
				"omitted":	false,
				"sender":	true
			}
		}],
	"end":	{
		"streams":	[{
				"sender":	{
					"socket":	5,
					"start":	0,
					"end":	10.001901,
					"seconds":	10.001901,
					"bytes":	36306944,
					"bits_per_second":	29040034.689405542,
					"retransmits":	4,
					"reorder":	0,
					"max_snd_cwnd":	876902,
					"max_snd_wnd":	1935680,
					"max_rtt":	121424,
					"min_rtt":	33286,
					"mean_rtt":	73160,
					"sender":	true
				},
				"receiver":	{
					"socket":	5,
					"start":	0,
					"end":	10.352138,
					"seconds":	10.001901,
					"bytes":	32505856,
					"bits_per_second":	25120110.261281293,
					"sender":	true
				}
			}],
		"sum_sent":	{
			"start":	0,
			"end":	10.001901,
			"seconds":	10.001901,
			"bytes":	36306944,
			"bits_per_second":	29040034.689405542,
			"retransmits":	4,
			"sender":	true
		},
		"sum_received":	{
			"start":	0,
			"end":	10.352138,
			"seconds":	10.352138,
			"bytes":	32505856,
			"bits_per_second":	25120110.261281293,
			"sender":	true
		},
		"cpu_utilization_percent":	{
			"host_total":	0.23209764960869556,
			"host_user":	0,
			"host_system":	0.23209764960869556,
			"remote_total":	12.171682640367326,
			"remote_user":	0.15041470906441165,
			"remote_system":	12.021248676987877
		},
		"sender_tcp_congestion":	"cubic",
		"receiver_tcp_congestion":	"cubic"
	}
}
{
	"start":	{
		"connected":	[{
				"socket":	5,
				"local_host":	"192.168.1.48",
				"local_port":	52020,
				"remote_host":	"192.168.1.58",
				"remote_port":	5201
			}],
		"version":	"iperf 3.20",
		"system_info":	"Linux kuroi-washi 6.19.11+kali-amd64 #1 SMP PREEMPT_DYNAMIC Kali 6.19.11-1kali1 (2026-04-09) x86_64",
		"timestamp":	{
			"time":	"Thu, 23 Apr 2026 21:14:32 GMT",
			"timesecs":	1776978872,
			"timemillisecs":	1776978872119
		},
		"connecting_to":	{
			"host":	"192.168.1.58",
			"port":	5201
		},
		"cookie":	"e7hbicmlzo2xnknnfosrkabgtehgcqd7oukx",
		"tcp_mss":	766,
		"target_bitrate":	0,
		"fq_rate":	0,
		"sock_bufsize":	0,
		"sndbuf_actual":	16384,
		"rcvbuf_actual":	131072,
		"test_start":	{
			"protocol":	"TCP",
			"num_streams":	1,
			"blksize":	131072,
			"omit":	0,
			"duration":	10,
			"bytes":	0,
			"blocks":	0,
			"reverse":	0,
			"tos":	0,
			"target_bitrate":	0,
			"bidir":	0,
			"fqrate":	0,
			"interval":	1
		}
	},
	"intervals":	[{
			"streams":	[{
					"socket":	5,
					"start":	0,
					"end":	1.001134,
					"seconds":	1.0011340379714966,
					"bytes":	4456448,
					"bits_per_second":	35611199.5475026,
					"retransmits":	0,
					"snd_cwnd":	254098,
					"snd_wnd":	1506240,
					"rtt":	47359,
					"rttvar":	33419,
					"pmtu":	1520,
					"reorder":	0,
					"omitted":	false,
					"sender":	true
				}],
			"sum":	{
				"start":	0,
				"end":	1.001134,
				"seconds":	1.0011340379714966,
				"bytes":	4456448,
				"bits_per_second":	35611199.5475026,
				"retransmits":	0,
				"omitted":	false,
				"sender":	true
			}
		}, {
			"streams":	[{
					"socket":	5,
					"start":	1.001134,
					"end":	2.001141,
					"seconds":	1.0000070333480835,
					"bytes":	4325376,
					"bits_per_second":	34602764.626711726,
					"retransmits":	0,
					"snd_cwnd":	412438,
					"snd_wnd":	1935680,
					"rtt":	36843,
					"rttvar":	17302,
					"pmtu":	1520,
					"reorder":	0,
					"omitted":	false,
					"sender":	true
				}],
			"sum":	{
				"start":	1.001134,
				"end":	2.001141,
				"seconds":	1.0000070333480835,
				"bytes":	4325376,
				"bits_per_second":	34602764.626711726,
				"retransmits":	0,
				"omitted":	false,
				"sender":	true
			}
		}, {
			"streams":	[{
					"socket":	5,
					"start":	2.001141,
					"end":	3.001141,
					"seconds":	1,
					"bytes":	4718592,
					"bits_per_second":	37748736,
					"retransmits":	0,
					"snd_cwnd":	592644,
					"snd_wnd":	1779840,
					"rtt":	72271,
					"rttvar":	51209,
					"pmtu":	1520,
					"reorder":	0,
					"omitted":	false,
					"sender":	true
				}],
			"sum":	{
				"start":	2.001141,
				"end":	3.001141,
				"seconds":	1,
				"bytes":	4718592,
				"bits_per_second":	37748736,
				"retransmits":	0,
				"omitted":	false,
				"sender":	true
			}
		}, {
			"streams":	[{
					"socket":	5,
					"start":	3.001141,
					"end":	4.001118,
					"seconds":	0.9999769926071167,
					"bytes":	3801088,
					"bits_per_second":	30409403.641096916,
					"retransmits":	0,
					"snd_cwnd":	748722,
					"snd_wnd":	1910144,
					"rtt":	67249,
					"rttvar":	28017,
					"pmtu":	1520,
					"reorder":	0,
					"omitted":	false,
					"sender":	true
				}],
			"sum":	{
				"start":	3.001141,
				"end":	4.001118,
				"seconds":	0.9999769926071167,
				"bytes":	3801088,
				"bits_per_second":	30409403.641096916,
				"retransmits":	0,
				"omitted":	false,
				"sender":	true
			}
		}, {
			"streams":	[{
					"socket":	5,
					"start":	4.001118,
					"end":	5.001143,
					"seconds":	1.0000250339508057,
					"bytes":	1703936,
					"bits_per_second":	13631146.758542622,
					"retransmits":	0,
					"snd_cwnd":	894244,
					"snd_wnd":	1935680,
					"rtt":	95282,
					"rttvar":	92672,
					"pmtu":	1520,
					"reorder":	0,
					"omitted":	false,
					"sender":	true
				}],
			"sum":	{
				"start":	4.001118,
				"end":	5.001143,
				"seconds":	1.0000250339508057,
				"bytes":	1703936,
				"bits_per_second":	13631146.758542622,
				"retransmits":	0,
				"omitted":	false,
				"sender":	true
			}
		}, {
			"streams":	[{
					"socket":	5,
					"start":	5.001143,
					"end":	6.001138,
					"seconds":	0.999994993209839,
					"bytes":	3538944,
					"bits_per_second":	28311693.750709716,
					"retransmits":	0,
					"snd_cwnd":	1045044,
					"snd_wnd":	1898880,
					"rtt":	118902,
					"rttvar":	134755,
					"pmtu":	1520,
					"reorder":	0,
					"omitted":	false,
					"sender":	true
				}],
			"sum":	{
				"start":	5.001143,
				"end":	6.001138,
				"seconds":	0.999994993209839,
				"bytes":	3538944,
				"bits_per_second":	28311693.750709716,
				"retransmits":	0,
				"omitted":	false,
				"sender":	true
			}
		}, {
			"streams":	[{
					"socket":	5,
					"start":	6.001138,
					"end":	7.001142,
					"seconds":	1.0000040531158447,
					"bytes":	3538944,
					"bits_per_second":	28311437.250465091,
					"retransmits":	0,
					"snd_cwnd":	1189058,
					"snd_wnd":	1753536,
					"rtt":	112164,
					"rttvar":	86958,
					"pmtu":	1520,
					"reorder":	0,
					"omitted":	false,
					"sender":	true
				}],
			"sum":	{
				"start":	6.001138,
				"end":	7.001142,
				"seconds":	1.0000040531158447,
				"bytes":	3538944,
				"bits_per_second":	28311437.250465091,
				"retransmits":	0,
				"omitted":	false,
				"sender":	true
			}
		}, {
			"streams":	[{
					"socket":	5,
					"start":	7.001142,
					"end":	8.00114,
					"seconds":	0.99999797344207764,
					"bytes":	1441792,
					"bits_per_second":	11534359.375047371,
					"retransmits":	11,
					"snd_cwnd":	832416,
					"snd_wnd":	929664,
					"rtt":	558229,
					"rttvar":	96262,
					"pmtu":	1520,
					"reorder":	0,
					"omitted":	false,
					"sender":	true
				}],
			"sum":	{
				"start":	7.001142,
				"end":	8.00114,
				"seconds":	0.99999797344207764,
				"bytes":	1441792,
				"bits_per_second":	11534359.375047371,
				"retransmits":	11,
				"omitted":	false,
				"sender":	true
			}
		}, {
			"streams":	[{
					"socket":	5,
					"start":	8.00114,
					"end":	9.00115,
					"seconds":	1.0000100135803223,
					"bytes":	3801088,
					"bits_per_second":	30408399.5030491,
					"retransmits":	0,
					"snd_cwnd":	969644,
					"snd_wnd":	1931072,
					"rtt":	99898,
					"rttvar":	57268,
					"pmtu":	1520,
					"reorder":	0,
					"omitted":	false,
					"sender":	true
				}],
			"sum":	{
				"start":	8.00114,
				"end":	9.00115,
				"seconds":	1.0000100135803223,
				"bytes":	3801088,
				"bits_per_second":	30408399.5030491,
				"retransmits":	0,
				"omitted":	false,
				"sender":	true
			}
		}, {
			"streams":	[{
					"socket":	5,
					"start":	9.00115,
					"end":	10.001904,
					"seconds":	1.0007539987564087,
					"bytes":	4063232,
					"bits_per_second":	32481365.091114841,
					"retransmits":	0,
					"snd_cwnd":	1055600,
					"snd_wnd":	1935680,
					"rtt":	138584,
					"rttvar":	130486,
					"pmtu":	1520,
					"reorder":	0,
					"omitted":	false,
					"sender":	true
				}],
			"sum":	{
				"start":	9.00115,
				"end":	10.001904,
				"seconds":	1.0007539987564087,
				"bytes":	4063232,
				"bits_per_second":	32481365.091114841,
				"retransmits":	0,
				"omitted":	false,
				"sender":	true
			}
		}],
	"end":	{
		"streams":	[{
				"sender":	{
					"socket":	5,
					"start":	0,
					"end":	10.001904,
					"seconds":	10.001904,
					"bytes":	35389440,
					"bits_per_second":	28306162.506658733,
					"retransmits":	11,
					"reorder":	0,
					"max_snd_cwnd":	1189058,
					"max_snd_wnd":	1935680,
					"max_rtt":	558229,
					"min_rtt":	36843,
					"mean_rtt":	134678,
					"sender":	true
				},
				"receiver":	{
					"socket":	5,
					"start":	0,
					"end":	10.082404,
					"seconds":	10.001904,
					"bytes":	31457280,
					"bits_per_second":	24960142.442219138,
					"sender":	true
				}
			}],
		"sum_sent":	{
			"start":	0,
			"end":	10.001904,
			"seconds":	10.001904,
			"bytes":	35389440,
			"bits_per_second":	28306162.506658733,
			"retransmits":	11,
			"sender":	true
		},
		"sum_received":	{
			"start":	0,
			"end":	10.082404,
			"seconds":	10.082404,
			"bytes":	31457280,
			"bits_per_second":	24960142.442219138,
			"sender":	true
		},
		"cpu_utilization_percent":	{
			"host_total":	0.23939045168973488,
			"host_user":	0,
			"host_system":	0.23940038902687433,
			"remote_total":	11.846834405437816,
			"remote_user":	0.158466249090247,
			"remote_system":	11.688368156347568
		},
		"sender_tcp_congestion":	"cubic",
		"receiver_tcp_congestion":	"cubic"
	}
}
{
	"start":	{
		"connected":	[{
				"socket":	5,
				"local_host":	"192.168.1.48",
				"local_port":	43486,
				"remote_host":	"192.168.1.58",
				"remote_port":	5201
			}],
		"version":	"iperf 3.20",
		"system_info":	"Linux kuroi-washi 6.19.11+kali-amd64 #1 SMP PREEMPT_DYNAMIC Kali 6.19.11-1kali1 (2026-04-09) x86_64",
		"timestamp":	{
			"time":	"Thu, 23 Apr 2026 21:14:42 GMT",
			"timesecs":	1776978882,
			"timemillisecs":	1776978882450
		},
		"connecting_to":	{
			"host":	"192.168.1.58",
			"port":	5201
		},
		"cookie":	"ge5v4uozdvvabmbxr3dw773wcwnfkv4mfsnn",
		"tcp_mss":	766,
		"target_bitrate":	0,
		"fq_rate":	0,
		"sock_bufsize":	0,
		"sndbuf_actual":	16384,
		"rcvbuf_actual":	131072,
		"test_start":	{
			"protocol":	"TCP",
			"num_streams":	1,
			"blksize":	131072,
			"omit":	0,
			"duration":	10,
			"bytes":	0,
			"blocks":	0,
			"reverse":	0,
			"tos":	0,
			"target_bitrate":	0,
			"bidir":	0,
			"fqrate":	0,
			"interval":	1
		}
	},
	"intervals":	[{
			"streams":	[{
					"socket":	5,
					"start":	0,
					"end":	1.001148,
					"seconds":	1.001147985458374,
					"bytes":	4456448,
					"bits_per_second":	35610703.430299543,
					"retransmits":	0,
					"snd_cwnd":	234494,
					"snd_wnd":	1390464,
					"rtt":	32967,
					"rttvar":	13602,
					"pmtu":	1520,
					"reorder":	0,
					"omitted":	false,
					"sender":	true
				}],
			"sum":	{
				"start":	0,
				"end":	1.001148,
				"seconds":	1.001147985458374,
				"bytes":	4456448,
				"bits_per_second":	35610703.430299543,
				"retransmits":	0,
				"omitted":	false,
				"sender":	true
			}
		}, {
			"streams":	[{
					"socket":	5,
					"start":	1.001148,
					"end":	2.001106,
					"seconds":	0.99995797872543335,
					"bytes":	4718592,
					"bits_per_second":	37750322.316659048,
					"retransmits":	0,
					"snd_cwnd":	413192,
					"snd_wnd":	1712192,
					"rtt":	60576,
					"rttvar":	48782,
					"pmtu":	1520,
					"reorder":	0,
					"omitted":	false,
					"sender":	true
				}],
			"sum":	{
				"start":	1.001148,
				"end":	2.001106,
				"seconds":	0.99995797872543335,
				"bytes":	4718592,
				"bits_per_second":	37750322.316659048,
				"retransmits":	0,
				"omitted":	false,
				"sender":	true
			}
		}, {
			"streams":	[{
					"socket":	5,
					"start":	2.001106,
					"end":	3.001119,
					"seconds":	1.000012993812561,
					"bytes":	4194304,
					"bits_per_second":	33553996.005665228,
					"retransmits":	0,
					"snd_cwnd":	578318,
					"snd_wnd":	1935680,
					"rtt":	57214,
					"rttvar":	33264,
					"pmtu":	1520,
					"reorder":	0,
					"omitted":	false,
					"sender":	true
				}],
			"sum":	{
				"start":	2.001106,
				"end":	3.001119,
				"seconds":	1.000012993812561,
				"bytes":	4194304,
				"bits_per_second":	33553996.005665228,
				"retransmits":	0,
				"omitted":	false,
				"sender":	true
			}
		}, {
			"streams":	[{
					"socket":	5,
					"start":	3.001119,
					"end":	4.001146,
					"seconds":	1.0000269412994385,
					"bytes":	3801088,
					"bits_per_second":	30407884.772071064,
					"retransmits":	0,
					"snd_cwnd":	735904,
					"snd_wnd":	1928576,
					"rtt":	61251,
					"rttvar":	28302,
					"pmtu":	1520,
					"reorder":	0,
					"omitted":	false,
					"sender":	true
				}],
			"sum":	{
				"start":	3.001119,
				"end":	4.001146,
				"seconds":	1.0000269412994385,
				"bytes":	3801088,
				"bits_per_second":	30407884.772071064,
				"retransmits":	0,
				"omitted":	false,
				"sender":	true
			}
		}, {
			"streams":	[{
					"socket":	5,
					"start":	4.001146,
					"end":	5.001133,
					"seconds":	0.999987006187439,
					"bytes":	3407872,
					"bits_per_second":	27263330.254603118,
					"retransmits":	0,
					"snd_cwnd":	901030,
					"snd_wnd":	1935680,
					"rtt":	81372,
					"rttvar":	95497,
					"pmtu":	1520,
					"reorder":	0,
					"omitted":	false,
					"sender":	true
				}],
			"sum":	{
				"start":	4.001146,
				"end":	5.001133,
				"seconds":	0.999987006187439,
				"bytes":	3407872,
				"bits_per_second":	27263330.254603118,
				"retransmits":	0,
				"omitted":	false,
				"sender":	true
			}
		}, {
			"streams":	[{
					"socket":	5,
					"start":	5.001133,
					"end":	6.001137,
					"seconds":	1.0000040531158447,
					"bytes":	2883584,
					"bits_per_second":	23068578.500378966,
					"retransmits":	0,
					"snd_cwnd":	1049568,
					"snd_wnd":	1916544,
					"rtt":	112389,
					"rttvar":	51657,
					"pmtu":	1520,
					"reorder":	0,
					"omitted":	false,
					"sender":	true
				}],
			"sum":	{
				"start":	5.001133,
				"end":	6.001137,
				"seconds":	1.0000040531158447,
				"bytes":	2883584,
				"bits_per_second":	23068578.500378966,
				"retransmits":	0,
				"omitted":	false,
				"sender":	true
			}
		}, {
			"streams":	[{
					"socket":	5,
					"start":	6.001137,
					"end":	7.001142,
					"seconds":	1.0000050067901611,
					"bytes":	3538944,
					"bits_per_second":	28311410.250709709,
					"retransmits":	0,
					"snd_cwnd":	1220726,
					"snd_wnd":	1935680,
					"rtt":	68276,
					"rttvar":	43998,
					"pmtu":	1520,
					"reorder":	0,
					"omitted":	false,
					"sender":	true
				}],
			"sum":	{
				"start":	6.001137,
				"end":	7.001142,
				"seconds":	1.0000050067901611,
				"bytes":	3538944,
				"bits_per_second":	28311410.250709709,
				"retransmits":	0,
				"omitted":	false,
				"sender":	true
			}
		}, {
			"streams":	[{
					"socket":	5,
					"start":	7.001142,
					"end":	8.001147,
					"seconds":	1.0000050067901611,
					"bytes":	3014656,
					"bits_per_second":	24117127.250604566,
					"retransmits":	0,
					"snd_cwnd":	1364740,
					"snd_wnd":	1881664,
					"rtt":	121432,
					"rttvar":	95248,
					"pmtu":	1520,
					"reorder":	0,
					"omitted":	false,
					"sender":	true
				}],
			"sum":	{
				"start":	7.001142,
				"end":	8.001147,
				"seconds":	1.0000050067901611,
				"bytes":	3014656,
				"bits_per_second":	24117127.250604566,
				"retransmits":	0,
				"omitted":	false,
				"sender":	true
			}
		}, {
			"streams":	[{
					"socket":	5,
					"start":	8.001147,
					"end":	9.001146,
					"seconds":	0.99999898672103882,
					"bytes":	3538944,
					"bits_per_second":	28311580.687529068,
					"retransmits":	0,
					"snd_cwnd":	1544192,
					"snd_wnd":	1932352,
					"rtt":	147190,
					"rttvar":	187316,
					"pmtu":	1520,
					"reorder":	0,
					"omitted":	false,
					"sender":	true
				}],
			"sum":	{
				"start":	8.001147,
				"end":	9.001146,
				"seconds":	0.99999898672103882,
				"bytes":	3538944,
				"bits_per_second":	28311580.687529068,
				"retransmits":	0,
				"omitted":	false,
				"sender":	true
			}
		}, {
			"streams":	[{
					"socket":	5,
					"start":	9.001146,
					"end":	10.002005,
					"seconds":	1.0008590221405029,
					"bytes":	1703936,
					"bits_per_second":	13619788.300301079,
					"retransmits":	0,
					"snd_cwnd":	1625624,
					"snd_wnd":	1934528,
					"rtt":	135979,
					"rttvar":	178861,
					"pmtu":	1520,
					"reorder":	0,
					"omitted":	false,
					"sender":	true
				}],
			"sum":	{
				"start":	9.001146,
				"end":	10.002005,
				"seconds":	1.0008590221405029,
				"bytes":	1703936,
				"bits_per_second":	13619788.300301079,
				"retransmits":	0,
				"omitted":	false,
				"sender":	true
			}
		}],
	"end":	{
		"streams":	[{
				"sender":	{
					"socket":	5,
					"start":	0,
					"end":	10.002005,
					"seconds":	10.002005,
					"bytes":	35258368,
					"bits_per_second":	28201040.091461662,
					"retransmits":	0,
					"reorder":	0,
					"max_snd_cwnd":	1625624,
					"max_snd_wnd":	1935680,
					"max_rtt":	147190,
					"min_rtt":	32967,
					"mean_rtt":	87864,
					"sender":	true
				},
				"receiver":	{
					"socket":	5,
					"start":	0,
					"end":	10.090406,
					"seconds":	10.002005,
					"bytes":	31326208,
					"bits_per_second":	24836430.16941043,
					"sender":	true
				}
			}],
		"sum_sent":	{
			"start":	0,
			"end":	10.002005,
			"seconds":	10.002005,
			"bytes":	35258368,
			"bits_per_second":	28201040.091461662,
			"retransmits":	0,
			"sender":	true
		},
		"sum_received":	{
			"start":	0,
			"end":	10.090406,
			"seconds":	10.090406,
			"bytes":	31326208,
			"bits_per_second":	24836430.16941043,
			"sender":	true
		},
		"cpu_utilization_percent":	{
			"host_total":	0.24843258677002053,
			"host_user":	0,
			"host_system":	0.24845246455740813,
			"remote_total":	11.072279394034307,
			"remote_user":	0.32612256884299612,
			"remote_system":	10.746127201922274
		},
		"sender_tcp_congestion":	"cubic",
		"receiver_tcp_congestion":	"cubic"
	}
}
{
	"start":	{
		"connected":	[{
				"socket":	5,
				"local_host":	"192.168.1.48",
				"local_port":	52880,
				"remote_host":	"192.168.1.58",
				"remote_port":	5201
			}],
		"version":	"iperf 3.20",
		"system_info":	"Linux kuroi-washi 6.19.11+kali-amd64 #1 SMP PREEMPT_DYNAMIC Kali 6.19.11-1kali1 (2026-04-09) x86_64",
		"timestamp":	{
			"time":	"Thu, 23 Apr 2026 21:14:52 GMT",
			"timesecs":	1776978892,
			"timemillisecs":	1776978892793
		},
		"connecting_to":	{
			"host":	"192.168.1.58",
			"port":	5201
		},
		"cookie":	"b5oqqq37g4x6le5ldbcahsvmdpbvra4i74ux",
		"tcp_mss":	766,
		"target_bitrate":	0,
		"fq_rate":	0,
		"sock_bufsize":	0,
		"sndbuf_actual":	16384,
		"rcvbuf_actual":	131072,
		"test_start":	{
			"protocol":	"TCP",
			"num_streams":	1,
			"blksize":	131072,
			"omit":	0,
			"duration":	10,
			"bytes":	0,
			"blocks":	0,
			"reverse":	0,
			"tos":	0,
			"target_bitrate":	0,
			"bidir":	0,
			"fqrate":	0,
			"interval":	1
		}
	},
	"intervals":	[{
			"streams":	[{
					"socket":	5,
					"start":	0,
					"end":	1.001144,
					"seconds":	1.0011440515518188,
					"bytes":	3407872,
					"bits_per_second":	27231821.392477084,
					"retransmits":	0,
					"snd_cwnd":	213382,
					"snd_wnd":	1692608,
					"rtt":	34414,
					"rttvar":	14936,
					"pmtu":	1520,
					"reorder":	0,
					"omitted":	false,
					"sender":	true
				}],
			"sum":	{
				"start":	0,
				"end":	1.001144,
				"seconds":	1.0011440515518188,
				"bytes":	3407872,
				"bits_per_second":	27231821.392477084,
				"retransmits":	0,
				"omitted":	false,
				"sender":	true
			}
		}, {
			"streams":	[{
					"socket":	5,
					"start":	1.001144,
					"end":	2.001146,
					"seconds":	1.0000020265579224,
					"bytes":	4063232,
					"bits_per_second":	32505790.1251335,
					"retransmits":	0,
					"snd_cwnd":	374738,
					"snd_wnd":	1931840,
					"rtt":	35740,
					"rttvar":	16098,
					"pmtu":	1520,
					"reorder":	0,
					"omitted":	false,
					"sender":	true
				}],
			"sum":	{
				"start":	1.001144,
				"end":	2.001146,
				"seconds":	1.0000020265579224,
				"bytes":	4063232,
				"bits_per_second":	32505790.1251335,
				"retransmits":	0,
				"omitted":	false,
				"sender":	true
			}
		}, {
			"streams":	[{
					"socket":	5,
					"start":	2.001146,
					"end":	3.001044,
					"seconds":	0.99989801645278931,
					"bytes":	5111808,
					"bits_per_second":	40898634.987872139,
					"retransmits":	0,
					"snd_cwnd":	545896,
					"snd_wnd":	1544832,
					"rtt":	150720,
					"rttvar":	125631,
					"pmtu":	1520,
					"reorder":	0,
					"omitted":	false,
					"sender":	true
				}],
			"sum":	{
				"start":	2.001146,
				"end":	3.001044,
				"seconds":	0.99989801645278931,
				"bytes":	5111808,
				"bits_per_second":	40898634.987872139,
				"retransmits":	0,
				"omitted":	false,
				"sender":	true
			}
		}, {
			"streams":	[{
					"socket":	5,
					"start":	3.001044,
					"end":	4.001139,
					"seconds":	1.000095009803772,
					"bytes":	3670016,
					"bits_per_second":	29357338.765004668,
					"retransmits":	0,
					"snd_cwnd":	694434,
					"snd_wnd":	1935680,
					"rtt":	49980,
					"rttvar":	11202,
					"pmtu":	1520,
					"reorder":	0,
					"omitted":	false,
					"sender":	true
				}],
			"sum":	{
				"start":	3.001044,
				"end":	4.001139,
				"seconds":	1.000095009803772,
				"bytes":	3670016,
				"bits_per_second":	29357338.765004668,
				"retransmits":	0,
				"omitted":	false,
				"sender":	true
			}
		}, {
			"streams":	[{
					"socket":	5,
					"start":	4.001139,
					"end":	5.001082,
					"seconds":	0.99994301795959473,
					"bytes":	2097152,
					"bits_per_second":	16778172.054477934,
					"retransmits":	0,
					"snd_cwnd":	855036,
					"snd_wnd":	1666240,
					"rtt":	90516,
					"rttvar":	46376,
					"pmtu":	1520,
					"reorder":	0,
					"omitted":	false,
					"sender":	true
				}],
			"sum":	{
				"start":	4.001139,
				"end":	5.001082,
				"seconds":	0.99994301795959473,
				"bytes":	2097152,
				"bits_per_second":	16778172.054477934,
				"retransmits":	0,
				"omitted":	false,
				"sender":	true
			}
		}, {
			"streams":	[{
					"socket":	5,
					"start":	5.001082,
					"end":	6.001146,
					"seconds":	1.0000640153884888,
					"bytes":	4456448,
					"bits_per_second":	35649301.89608977,
					"retransmits":	13,
					"snd_cwnd":	662012,
					"snd_wnd":	1935680,
					"rtt":	62355,
					"rttvar":	48018,
					"pmtu":	1520,
					"reorder":	0,
					"omitted":	false,
					"sender":	true
				}],
			"sum":	{
				"start":	5.001082,
				"end":	6.001146,
				"seconds":	1.0000640153884888,
				"bytes":	4456448,
				"bits_per_second":	35649301.89608977,
				"retransmits":	13,
				"omitted":	false,
				"sender":	true
			}
		}, {
			"streams":	[{
					"socket":	5,
					"start":	6.001146,
					"end":	7.001153,
					"seconds":	1.0000070333480835,
					"bytes":	2097152,
					"bits_per_second":	16777098.000829929,
					"retransmits":	0,
					"snd_cwnd":	731380,
					"snd_wnd":	1750912,
					"rtt":	77933,
					"rttvar":	28089,
					"pmtu":	1520,
					"reorder":	0,
					"omitted":	false,
					"sender":	true
				}],
			"sum":	{
				"start":	6.001146,
				"end":	7.001153,
				"seconds":	1.0000070333480835,
				"bytes":	2097152,
				"bits_per_second":	16777098.000829929,
				"retransmits":	0,
				"omitted":	false,
				"sender":	true
			}
		}, {
			"streams":	[{
					"socket":	5,
					"start":	7.001153,
					"end":	8.001144,
					"seconds":	0.999990999698639,
					"bytes":	3538944,
					"bits_per_second":	28311806.814793412,
					"retransmits":	0,
					"snd_cwnd":	778882,
					"snd_wnd":	1924608,
					"rtt":	82809,
					"rttvar":	59726,
					"pmtu":	1520,
					"reorder":	0,
					"omitted":	false,
					"sender":	true
				}],
			"sum":	{
				"start":	7.001153,
				"end":	8.001144,
				"seconds":	0.999990999698639,
				"bytes":	3538944,
				"bits_per_second":	28311806.814793412,
				"retransmits":	0,
				"omitted":	false,
				"sender":	true
			}
		}, {
			"streams":	[{
					"socket":	5,
					"start":	8.001144,
					"end":	9.001141,
					"seconds":	0.99999701976776123,
					"bytes":	3014656,
					"bits_per_second":	24117319.8752142,
					"retransmits":	0,
					"snd_cwnd":	821860,
					"snd_wnd":	1929152,
					"rtt":	78105,
					"rttvar":	46948,
					"pmtu":	1520,
					"reorder":	0,
					"omitted":	false,
					"sender":	true
				}],
			"sum":	{
				"start":	8.001144,
				"end":	9.001141,
				"seconds":	0.99999701976776123,
				"bytes":	3014656,
				"bits_per_second":	24117319.8752142,
				"retransmits":	0,
				"omitted":	false,
				"sender":	true
			}
		}, {
			"streams":	[{
					"socket":	5,
					"start":	9.001141,
					"end":	10.001808,
					"seconds":	1.0006669759750366,
					"bytes":	5111808,
					"bits_per_second":	40867206.555060916,
					"retransmits":	0,
					"snd_cwnd":	858052,
					"snd_wnd":	1935680,
					"rtt":	78764,
					"rttvar":	74877,
					"pmtu":	1520,
					"reorder":	0,
					"omitted":	false,
					"sender":	true
				}],
			"sum":	{
				"start":	9.001141,
				"end":	10.001808,
				"seconds":	1.0006669759750366,
				"bytes":	5111808,
				"bits_per_second":	40867206.555060916,
				"retransmits":	0,
				"omitted":	false,
				"sender":	true
			}
		}],
	"end":	{
		"streams":	[{
				"sender":	{
					"socket":	5,
					"start":	0,
					"end":	10.001808,
					"seconds":	10.001808,
					"bytes":	36569088,
					"bits_per_second":	29249982.00325381,
					"retransmits":	13,
					"reorder":	0,
					"max_snd_cwnd":	858052,
					"max_snd_wnd":	1935680,
					"max_rtt":	150720,
					"min_rtt":	34414,
					"mean_rtt":	74133,
					"sender":	true
				},
				"receiver":	{
					"socket":	5,
					"start":	0,
					"end":	10.414658,
					"seconds":	10.001808,
					"bytes":	32636928,
					"bits_per_second":	25069995.001276087,
					"sender":	true
				}
			}],
		"sum_sent":	{
			"start":	0,
			"end":	10.001808,
			"seconds":	10.001808,
			"bytes":	36569088,
			"bits_per_second":	29249982.00325381,
			"retransmits":	13,
			"sender":	true
		},
		"sum_received":	{
			"start":	0,
			"end":	10.414658,
			"seconds":	10.414658,
			"bytes":	32636928,
			"bits_per_second":	25069995.001276087,
			"sender":	true
		},
		"cpu_utilization_percent":	{
			"host_total":	0.25692883210445977,
			"host_user":	0,
			"host_system":	0.25692883210445977,
			"remote_total":	11.688905442115578,
			"remote_user":	0.23611303201232081,
			"remote_system":	11.452773280796606
		},
		"sender_tcp_congestion":	"cubic",
		"receiver_tcp_congestion":	"cubic"
	}
}
{
	"start":	{
		"connected":	[{
				"socket":	5,
				"local_host":	"192.168.1.48",
				"local_port":	50754,
				"remote_host":	"192.168.1.58",
				"remote_port":	5201
			}],
		"version":	"iperf 3.20",
		"system_info":	"Linux kuroi-washi 6.19.11+kali-amd64 #1 SMP PREEMPT_DYNAMIC Kali 6.19.11-1kali1 (2026-04-09) x86_64",
		"timestamp":	{
			"time":	"Thu, 23 Apr 2026 21:15:03 GMT",
			"timesecs":	1776978903,
			"timemillisecs":	1776978903586
		},
		"connecting_to":	{
			"host":	"192.168.1.58",
			"port":	5201
		},
		"cookie":	"tcu7e3uhz2whq77k6jhde563hpntehid2exh",
		"tcp_mss":	766,
		"target_bitrate":	0,
		"fq_rate":	0,
		"sock_bufsize":	0,
		"sndbuf_actual":	16384,
		"rcvbuf_actual":	131072,
		"test_start":	{
			"protocol":	"TCP",
			"num_streams":	1,
			"blksize":	131072,
			"omit":	0,
			"duration":	10,
			"bytes":	0,
			"blocks":	0,
			"reverse":	0,
			"tos":	0,
			"target_bitrate":	0,
			"bidir":	0,
			"fqrate":	0,
			"interval":	1
		}
	},
	"intervals":	[{
			"streams":	[{
					"socket":	5,
					"start":	0,
					"end":	1.001117,
					"seconds":	1.0011169910430908,
					"bytes":	4587520,
					"bits_per_second":	36659211.988562,
					"retransmits":	0,
					"snd_cwnd":	227708,
					"snd_wnd":	919104,
					"rtt":	32637,
					"rttvar":	20597,
					"pmtu":	1520,
					"reorder":	0,
					"omitted":	false,
					"sender":	true
				}],
			"sum":	{
				"start":	0,
				"end":	1.001117,
				"seconds":	1.0011169910430908,
				"bytes":	4587520,
				"bits_per_second":	36659211.988562,
				"retransmits":	0,
				"omitted":	false,
				"sender":	true
			}
		}, {
			"streams":	[{
					"socket":	5,
					"start":	1.001117,
					"end":	2.001115,
					"seconds":	0.99999797344207764,
					"bytes":	3932160,
					"bits_per_second":	31457343.750129193,
					"retransmits":	0,
					"snd_cwnd":	383032,
					"snd_wnd":	1934208,
					"rtt":	42444,
					"rttvar":	28244,
					"pmtu":	1520,
					"reorder":	0,
					"omitted":	false,
					"sender":	true
				}],
			"sum":	{
				"start":	1.001117,
				"end":	2.001115,
				"seconds":	0.99999797344207764,
				"bytes":	3932160,
				"bits_per_second":	31457343.750129193,
				"retransmits":	0,
				"omitted":	false,
				"sender":	true
			}
		}, {
			"streams":	[{
					"socket":	5,
					"start":	2.001115,
					"end":	3.001085,
					"seconds":	0.999970018863678,
					"bytes":	3276800,
					"bits_per_second":	26215185.961064007,
					"retransmits":	0,
					"snd_cwnd":	534586,
					"snd_wnd":	1923584,
					"rtt":	43643,
					"rttvar":	26226,
					"pmtu":	1520,
					"reorder":	0,
					"omitted":	false,
					"sender":	true
				}],
			"sum":	{
				"start":	2.001115,
				"end":	3.001085,
				"seconds":	0.999970018863678,
				"bytes":	3276800,
				"bits_per_second":	26215185.961064007,
				"retransmits":	0,
				"omitted":	false,
				"sender":	true
			}
		}, {
			"streams":	[{
					"socket":	5,
					"start":	3.001085,
					"end":	4.001134,
					"seconds":	1.0000489950180054,
					"bytes":	4980736,
					"bits_per_second":	39843935.845645837,
					"retransmits":	0,
					"snd_cwnd":	702728,
					"snd_wnd":	1935680,
					"rtt":	65259,
					"rttvar":	47906,
					"pmtu":	1520,
					"reorder":	0,
					"omitted":	false,
					"sender":	true
				}],
			"sum":	{
				"start":	3.001085,
				"end":	4.001134,
				"seconds":	1.0000489950180054,
				"bytes":	4980736,
				"bits_per_second":	39843935.845645837,
				"retransmits":	0,
				"omitted":	false,
				"sender":	true
			}
		}, {
			"streams":	[{
					"socket":	5,
					"start":	4.001134,
					"end":	5.001097,
					"seconds":	0.99996298551559448,
					"bytes":	1966080,
					"bits_per_second":	15729222.209050167,
					"retransmits":	0,
					"snd_cwnd":	849758,
					"snd_wnd":	1871040,
					"rtt":	115462,
					"rttvar":	91917,
					"pmtu":	1520,
					"reorder":	0,
					"omitted":	false,
					"sender":	true
				}],
			"sum":	{
				"start":	4.001134,
				"end":	5.001097,
				"seconds":	0.99996298551559448,
				"bytes":	1966080,
				"bits_per_second":	15729222.209050167,
				"retransmits":	0,
				"omitted":	false,
				"sender":	true
			}
		}, {
			"streams":	[{
					"socket":	5,
					"start":	5.001097,
					"end":	6.001118,
					"seconds":	1.0000209808349609,
					"bytes":	3276800,
					"bits_per_second":	26213850.011539217,
					"retransmits":	0,
					"snd_cwnd":	1023932,
					"snd_wnd":	1932672,
					"rtt":	108741,
					"rttvar":	114529,
					"pmtu":	1520,
					"reorder":	0,
					"omitted":	false,
					"sender":	true
				}],
			"sum":	{
				"start":	5.001097,
				"end":	6.001118,
				"seconds":	1.0000209808349609,
				"bytes":	3276800,
				"bits_per_second":	26213850.011539217,
				"retransmits":	0,
				"omitted":	false,
				"sender":	true
			}
		}, {
			"streams":	[{
					"socket":	5,
					"start":	6.001118,
					"end":	7.001113,
					"seconds":	0.999994993209839,
					"bytes":	4194304,
					"bits_per_second":	33554600.000841148,
					"retransmits":	0,
					"snd_cwnd":	1165684,
					"snd_wnd":	1935680,
					"rtt":	103214,
					"rttvar":	122772,
					"pmtu":	1520,
					"reorder":	0,
					"omitted":	false,
					"sender":	true
				}],
			"sum":	{
				"start":	6.001118,
				"end":	7.001113,
				"seconds":	0.999994993209839,
				"bytes":	4194304,
				"bits_per_second":	33554600.000841148,
				"retransmits":	0,
				"omitted":	false,
				"sender":	true
			}
		}, {
			"streams":	[{
					"socket":	5,
					"start":	7.001113,
					"end":	8.000874,
					"seconds":	0.99976098537445068,
					"bytes":	2490368,
					"bits_per_second":	19927707.013429873,
					"retransmits":	0,
					"snd_cwnd":	1293864,
					"snd_wnd":	1930048,
					"rtt":	105051,
					"rttvar":	111768,
					"pmtu":	1520,
					"reorder":	0,
					"omitted":	false,
					"sender":	true
				}],
			"sum":	{
				"start":	7.001113,
				"end":	8.000874,
				"seconds":	0.99976098537445068,
				"bytes":	2490368,
				"bits_per_second":	19927707.013429873,
				"retransmits":	0,
				"omitted":	false,
				"sender":	true
			}
		}, {
			"streams":	[{
					"socket":	5,
					"start":	8.000874,
					"end":	9.000881,
					"seconds":	1.0000070333480835,
					"bytes":	3276800,
					"bits_per_second":	26214215.626296766,
					"retransmits":	0,
					"snd_cwnd":	1446172,
					"snd_wnd":	1935680,
					"rtt":	107651,
					"rttvar":	101339,
					"pmtu":	1520,
					"reorder":	0,
					"omitted":	false,
					"sender":	true
				}],
			"sum":	{
				"start":	8.000874,
				"end":	9.000881,
				"seconds":	1.0000070333480835,
				"bytes":	3276800,
				"bits_per_second":	26214215.626296766,
				"retransmits":	0,
				"omitted":	false,
				"sender":	true
			}
		}, {
			"streams":	[{
					"socket":	5,
					"start":	9.000881,
					"end":	10.00163,
					"seconds":	1.0007489919662476,
					"bytes":	1441792,
					"bits_per_second":	11525703.340792393,
					"retransmits":	0,
					"snd_cwnd":	1572090,
					"snd_wnd":	1931712,
					"rtt":	333624,
					"rttvar":	59154,
					"pmtu":	1520,
					"reorder":	0,
					"omitted":	false,
					"sender":	true
				}],
			"sum":	{
				"start":	9.000881,
				"end":	10.00163,
				"seconds":	1.0007489919662476,
				"bytes":	1441792,
				"bits_per_second":	11525703.340792393,
				"retransmits":	0,
				"omitted":	false,
				"sender":	true
			}
		}],
	"end":	{
		"streams":	[{
				"sender":	{
					"socket":	5,
					"start":	0,
					"end":	10.00163,
					"seconds":	10.00163,
					"bytes":	33423360,
					"bits_per_second":	26734330.30416042,
					"retransmits":	0,
					"reorder":	0,
					"max_snd_cwnd":	1572090,
					"max_snd_wnd":	1935680,
					"max_rtt":	333624,
					"min_rtt":	32637,
					"mean_rtt":	105772,
					"sender":	true
				},
				"receiver":	{
					"socket":	5,
					"start":	0,
					"end":	10.269941,
					"seconds":	10.00163,
					"bytes":	31981568,
					"bits_per_second":	24912756.94767867,
					"sender":	true
				}
			}],
		"sum_sent":	{
			"start":	0,
			"end":	10.00163,
			"seconds":	10.00163,
			"bytes":	33423360,
			"bits_per_second":	26734330.30416042,
			"retransmits":	0,
			"sender":	true
		},
		"sum_received":	{
			"start":	0,
			"end":	10.269941,
			"seconds":	10.269941,
			"bytes":	31981568,
			"bits_per_second":	24912756.94767867,
			"sender":	true
		},
		"cpu_utilization_percent":	{
			"host_total":	0.22783872349886494,
			"host_user":	0,
			"host_system":	0.22782878462591524,
			"remote_total":	10.442069849677754,
			"remote_user":	0.0631360611230048,
			"remote_system":	10.378924084272375
		},
		"sender_tcp_congestion":	"cubic",
		"receiver_tcp_congestion":	"cubic"
	}
}
{
	"start":	{
		"connected":	[{
				"socket":	5,
				"local_host":	"192.168.1.48",
				"local_port":	59672,
				"remote_host":	"192.168.1.58",
				"remote_port":	5201
			}],
		"version":	"iperf 3.20",
		"system_info":	"Linux kuroi-washi 6.19.11+kali-amd64 #1 SMP PREEMPT_DYNAMIC Kali 6.19.11-1kali1 (2026-04-09) x86_64",
		"timestamp":	{
			"time":	"Thu, 23 Apr 2026 21:15:14 GMT",
			"timesecs":	1776978914,
			"timemillisecs":	1776978914251
		},
		"connecting_to":	{
			"host":	"192.168.1.58",
			"port":	5201
		},
		"cookie":	"iwtbbqdjddibmu66fkr2xphi4gryvsfat5yq",
		"tcp_mss":	766,
		"target_bitrate":	0,
		"fq_rate":	0,
		"sock_bufsize":	0,
		"sndbuf_actual":	16384,
		"rcvbuf_actual":	131072,
		"test_start":	{
			"protocol":	"TCP",
			"num_streams":	1,
			"blksize":	131072,
			"omit":	0,
			"duration":	10,
			"bytes":	0,
			"blocks":	0,
			"reverse":	0,
			"tos":	0,
			"target_bitrate":	0,
			"bidir":	0,
			"fqrate":	0,
			"interval":	1
		}
	},
	"intervals":	[{
			"streams":	[{
					"socket":	5,
					"start":	0,
					"end":	1.001163,
					"seconds":	1.0011630058288574,
					"bytes":	4194304,
					"bits_per_second":	33515453.3324176,
					"retransmits":	0,
					"snd_cwnd":	219414,
					"snd_wnd":	1373952,
					"rtt":	69834,
					"rttvar":	23050,
					"pmtu":	1520,
					"reorder":	0,
					"omitted":	false,
					"sender":	true
				}],
			"sum":	{
				"start":	0,
				"end":	1.001163,
				"seconds":	1.0011630058288574,
				"bytes":	4194304,
				"bits_per_second":	33515453.3324176,
				"retransmits":	0,
				"omitted":	false,
				"sender":	true
			}
		}, {
			"streams":	[{
					"socket":	5,
					"start":	1.001163,
					"end":	2.001146,
					"seconds":	0.999983012676239,
					"bytes":	3670016,
					"bits_per_second":	29360626.758472573,
					"retransmits":	0,
					"snd_cwnd":	362674,
					"snd_wnd":	1935680,
					"rtt":	37950,
					"rttvar":	21386,
					"pmtu":	1520,
					"reorder":	0,
					"omitted":	false,
					"sender":	true
				}],
			"sum":	{
				"start":	1.001163,
				"end":	2.001146,
				"seconds":	0.999983012676239,
				"bytes":	3670016,
				"bits_per_second":	29360626.758472573,
				"retransmits":	0,
				"omitted":	false,
				"sender":	true
			}
		}, {
			"streams":	[{
					"socket":	5,
					"start":	2.001146,
					"end":	3.001149,
					"seconds":	1.0000029802322388,
					"bytes":	3801088,
					"bits_per_second":	30408613.375270084,
					"retransmits":	0,
					"snd_cwnd":	511966,
					"snd_wnd":	1935680,
					"rtt":	44321,
					"rttvar":	30860,
					"pmtu":	1520,
					"reorder":	0,
					"omitted":	false,
					"sender":	true
				}],
			"sum":	{
				"start":	2.001146,
				"end":	3.001149,
				"seconds":	1.0000029802322388,
				"bytes":	3801088,
				"bits_per_second":	30408613.375270084,
				"retransmits":	0,
				"omitted":	false,
				"sender":	true
			}
		}, {
			"streams":	[{
					"socket":	5,
					"start":	3.001149,
					"end":	4.001166,
					"seconds":	1.0000170469284058,
					"bytes":	4325376,
					"bits_per_second":	34602418.135055386,
					"retransmits":	0,
					"snd_cwnd":	678600,
					"snd_wnd":	1916544,
					"rtt":	58939,
					"rttvar":	21878,
					"pmtu":	1520,
					"reorder":	0,
					"omitted":	false,
					"sender":	true
				}],
			"sum":	{
				"start":	3.001149,
				"end":	4.001166,
				"seconds":	1.0000170469284058,
				"bytes":	4325376,
				"bits_per_second":	34602418.135055386,
				"retransmits":	0,
				"omitted":	false,
				"sender":	true
			}
		}, {
			"streams":	[{
					"socket":	5,
					"start":	4.001166,
					"end":	5.001145,
					"seconds":	0.999979019165039,
					"bytes":	3014656,
					"bits_per_second":	24117754.010616526,
					"retransmits":	0,
					"snd_cwnd":	853528,
					"snd_wnd":	1903680,
					"rtt":	84710,
					"rttvar":	23849,
					"pmtu":	1520,
					"reorder":	0,
					"omitted":	false,
					"sender":	true
				}],
			"sum":	{
				"start":	4.001166,
				"end":	5.001145,
				"seconds":	0.999979019165039,
				"bytes":	3014656,
				"bits_per_second":	24117754.010616526,
				"retransmits":	0,
				"omitted":	false,
				"sender":	true
			}
		}, {
			"streams":	[{
					"socket":	5,
					"start":	5.001145,
					"end":	6.001112,
					"seconds":	0.99996697902679443,
					"bytes":	3670016,
					"bits_per_second":	29361097.532014892,
					"retransmits":	0,
					"snd_cwnd":	1008852,
					"snd_wnd":	1934528,
					"rtt":	91889,
					"rttvar":	78602,
					"pmtu":	1520,
					"reorder":	0,
					"omitted":	false,
					"sender":	true
				}],
			"sum":	{
				"start":	5.001145,
				"end":	6.001112,
				"seconds":	0.99996697902679443,
				"bytes":	3670016,
				"bits_per_second":	29361097.532014892,
				"retransmits":	0,
				"omitted":	false,
				"sender":	true
			}
		}, {
			"streams":	[{
					"socket":	5,
					"start":	6.001112,
					"end":	7.001117,
					"seconds":	1.0000050067901611,
					"bytes":	2883584,
					"bits_per_second":	23068556.500578281,
					"retransmits":	0,
					"snd_cwnd":	1158898,
					"snd_wnd":	1845760,
					"rtt":	97726,
					"rttvar":	68976,
					"pmtu":	1520,
					"reorder":	0,
					"omitted":	false,
					"sender":	true
				}],
			"sum":	{
				"start":	6.001112,
				"end":	7.001117,
				"seconds":	1.0000050067901611,
				"bytes":	2883584,
				"bits_per_second":	23068556.500578281,
				"retransmits":	0,
				"omitted":	false,
				"sender":	true
			}
		}, {
			"streams":	[{
					"socket":	5,
					"start":	7.001117,
					"end":	8.001155,
					"seconds":	1.0000380277633667,
					"bytes":	2883584,
					"bits_per_second":	23067794.783358585,
					"retransmits":	0,
					"snd_cwnd":	1286324,
					"snd_wnd":	1933824,
					"rtt":	93899,
					"rttvar":	95045,
					"pmtu":	1520,
					"reorder":	0,
					"omitted":	false,
					"sender":	true
				}],
			"sum":	{
				"start":	7.001117,
				"end":	8.001155,
				"seconds":	1.0000380277633667,
				"bytes":	2883584,
				"bits_per_second":	23067794.783358585,
				"retransmits":	0,
				"omitted":	false,
				"sender":	true
			}
		}, {
			"streams":	[{
					"socket":	5,
					"start":	8.001155,
					"end":	9.001159,
					"seconds":	1.0000040531158447,
					"bytes":	2752512,
					"bits_per_second":	22020006.750361741,
					"retransmits":	0,
					"snd_cwnd":	1424306,
					"snd_wnd":	1911936,
					"rtt":	91117,
					"rttvar":	70004,
					"pmtu":	1520,
					"reorder":	0,
					"omitted":	false,
					"sender":	true
				}],
			"sum":	{
				"start":	8.001155,
				"end":	9.001159,
				"seconds":	1.0000040531158447,
				"bytes":	2752512,
				"bits_per_second":	22020006.750361741,
				"retransmits":	0,
				"omitted":	false,
				"sender":	true
			}
		}, {
			"streams":	[{
					"socket":	5,
					"start":	9.001159,
					"end":	10.001898,
					"seconds":	1.0007389783859253,
					"bytes":	3145728,
					"bits_per_second":	25147240.732632924,
					"retransmits":	44,
					"snd_cwnd":	535340,
					"snd_wnd":	1726528,
					"rtt":	280916,
					"rttvar":	4062,
					"pmtu":	1520,
					"reorder":	0,
					"omitted":	false,
					"sender":	true
				}],
			"sum":	{
				"start":	9.001159,
				"end":	10.001898,
				"seconds":	1.0007389783859253,
				"bytes":	3145728,
				"bits_per_second":	25147240.732632924,
				"retransmits":	44,
				"omitted":	false,
				"sender":	true
			}
		}],
	"end":	{
		"streams":	[{
				"sender":	{
					"socket":	5,
					"start":	0,
					"end":	10.001898,
					"seconds":	10.001898,
					"bytes":	34340864,
					"bits_per_second":	27467477.87269976,
					"retransmits":	44,
					"reorder":	0,
					"max_snd_cwnd":	1424306,
					"max_snd_wnd":	1935680,
					"max_rtt":	280916,
					"min_rtt":	37950,
					"mean_rtt":	95130,
					"sender":	true
				},
				"receiver":	{
					"socket":	5,
					"start":	0,
					"end":	10.624745,
					"seconds":	10.001898,
					"bytes":	31326208,
					"bits_per_second":	23587358.002474412,
					"sender":	true
				}
			}],
		"sum_sent":	{
			"start":	0,
			"end":	10.001898,
			"seconds":	10.001898,
			"bytes":	34340864,
			"bits_per_second":	27467477.87269976,
			"retransmits":	44,
			"sender":	true
		},
		"sum_received":	{
			"start":	0,
			"end":	10.624745,
			"seconds":	10.624745,
			"bytes":	31326208,
			"bits_per_second":	23587358.002474412,
			"sender":	true
		},
		"cpu_utilization_percent":	{
			"host_total":	0.2335719395508821,
			"host_user":	0.04601442773035426,
			"host_system":	0.18755751182052782,
			"remote_total":	10.511928448074643,
			"remote_user":	0.1613719722936679,
			"remote_system":	10.350528331143055
		},
		"sender_tcp_congestion":	"cubic",
		"receiver_tcp_congestion":	"cubic"
	}
}
{
	"start":	{
		"connected":	[{
				"socket":	5,
				"local_host":	"192.168.1.48",
				"local_port":	59094,
				"remote_host":	"192.168.1.58",
				"remote_port":	5201
			}],
		"version":	"iperf 3.20",
		"system_info":	"Linux kuroi-washi 6.19.11+kali-amd64 #1 SMP PREEMPT_DYNAMIC Kali 6.19.11-1kali1 (2026-04-09) x86_64",
		"timestamp":	{
			"time":	"Thu, 23 Apr 2026 21:15:25 GMT",
			"timesecs":	1776978925,
			"timemillisecs":	1776978925209
		},
		"connecting_to":	{
			"host":	"192.168.1.58",
			"port":	5201
		},
		"cookie":	"oogo43ngl3jwnpt42ywdmi7xdd5d4wmel6v5",
		"tcp_mss":	766,
		"target_bitrate":	0,
		"fq_rate":	0,
		"sock_bufsize":	0,
		"sndbuf_actual":	16384,
		"rcvbuf_actual":	131072,
		"test_start":	{
			"protocol":	"TCP",
			"num_streams":	1,
			"blksize":	131072,
			"omit":	0,
			"duration":	10,
			"bytes":	0,
			"blocks":	0,
			"reverse":	0,
			"tos":	0,
			"target_bitrate":	0,
			"bidir":	0,
			"fqrate":	0,
			"interval":	1
		}
	},
	"intervals":	[{
			"streams":	[{
					"socket":	5,
					"start":	0,
					"end":	1.001122,
					"seconds":	1.001121997833252,
					"bytes":	3801088,
					"bits_per_second":	30374623.737980142,
					"retransmits":	0,
					"snd_cwnd":	264654,
					"snd_wnd":	1705536,
					"rtt":	43618,
					"rttvar":	17582,
					"pmtu":	1520,
					"reorder":	0,
					"omitted":	false,
					"sender":	true
				}],
			"sum":	{
				"start":	0,
				"end":	1.001122,
				"seconds":	1.001121997833252,
				"bytes":	3801088,
				"bits_per_second":	30374623.737980142,
				"retransmits":	0,
				"omitted":	false,
				"sender":	true
			}
		}, {
			"streams":	[{
					"socket":	5,
					"start":	1.001122,
					"end":	2.001135,
					"seconds":	1.000012993812561,
					"bytes":	3276800,
					"bits_per_second":	26214059.379425962,
					"retransmits":	0,
					"snd_cwnd":	418470,
					"snd_wnd":	1704768,
					"rtt":	42909,
					"rttvar":	24344,
					"pmtu":	1520,
					"reorder":	0,
					"omitted":	false,
					"sender":	true
				}],
			"sum":	{
				"start":	1.001122,
				"end":	2.001135,
				"seconds":	1.000012993812561,
				"bytes":	3276800,
				"bits_per_second":	26214059.379425962,
				"retransmits":	0,
				"omitted":	false,
				"sender":	true
			}
		}, {
			"streams":	[{
					"socket":	5,
					"start":	2.001135,
					"end":	3.001147,
					"seconds":	1.0000120401382446,
					"bytes":	4980736,
					"bits_per_second":	39845408.2557762,
					"retransmits":	0,
					"snd_cwnd":	577564,
					"snd_wnd":	1817600,
					"rtt":	60016,
					"rttvar":	32381,
					"pmtu":	1520,
					"reorder":	0,
					"omitted":	false,
					"sender":	true
				}],
			"sum":	{
				"start":	2.001135,
				"end":	3.001147,
				"seconds":	1.0000120401382446,
				"bytes":	4980736,
				"bits_per_second":	39845408.2557762,
				"retransmits":	0,
				"omitted":	false,
				"sender":	true
			}
		}, {
			"streams":	[{
					"socket":	5,
					"start":	3.001147,
					"end":	4.001146,
					"seconds":	0.99999898672103882,
					"bytes":	3014656,
					"bits_per_second":	24117272.437524762,
					"retransmits":	0,
					"snd_cwnd":	747214,
					"snd_wnd":	1913856,
					"rtt":	69428,
					"rttvar":	57085,
					"pmtu":	1520,
					"reorder":	0,
					"omitted":	false,
					"sender":	true
				}],
			"sum":	{
				"start":	3.001147,
				"end":	4.001146,
				"seconds":	0.99999898672103882,
				"bytes":	3014656,
				"bits_per_second":	24117272.437524762,
				"retransmits":	0,
				"omitted":	false,
				"sender":	true
			}
		}, {
			"streams":	[{
					"socket":	5,
					"start":	4.001146,
					"end":	5.001124,
					"seconds":	0.999978005886078,
					"bytes":	3801088,
					"bits_per_second":	30409372.827210262,
					"retransmits":	0,
					"snd_cwnd":	899522,
					"snd_wnd":	1740480,
					"rtt":	141808,
					"rttvar":	96344,
					"pmtu":	1520,
					"reorder":	0,
					"omitted":	false,
					"sender":	true
				}],
			"sum":	{
				"start":	4.001146,
				"end":	5.001124,
				"seconds":	0.999978005886078,
				"bytes":	3801088,
				"bits_per_second":	30409372.827210262,
				"retransmits":	0,
				"omitted":	false,
				"sender":	true
			}
		}, {
			"streams":	[{
					"socket":	5,
					"start":	5.001124,
					"end":	6.000833,
					"seconds":	0.99970901012420654,
					"bytes":	3145728,
					"bits_per_second":	25173149.131539118,
					"retransmits":	0,
					"snd_cwnd":	1044290,
					"snd_wnd":	1832896,
					"rtt":	103168,
					"rttvar":	47040,
					"pmtu":	1520,
					"reorder":	0,
					"omitted":	false,
					"sender":	true
				}],
			"sum":	{
				"start":	5.001124,
				"end":	6.000833,
				"seconds":	0.99970901012420654,
				"bytes":	3145728,
				"bits_per_second":	25173149.131539118,
				"retransmits":	0,
				"omitted":	false,
				"sender":	true
			}
		}, {
			"streams":	[{
					"socket":	5,
					"start":	6.000833,
					"end":	7.001149,
					"seconds":	1.0003160238265991,
					"bytes":	2883584,
					"bits_per_second":	23061384.053164847,
					"retransmits":	0,
					"snd_cwnd":	1204138,
					"snd_wnd":	1826432,
					"rtt":	130848,
					"rttvar":	80523,
					"pmtu":	1520,
					"reorder":	0,
					"omitted":	false,
					"sender":	true
				}],
			"sum":	{
				"start":	6.000833,
				"end":	7.001149,
				"seconds":	1.0003160238265991,
				"bytes":	2883584,
				"bits_per_second":	23061384.053164847,
				"retransmits":	0,
				"omitted":	false,
				"sender":	true
			}
		}, {
			"streams":	[{
					"socket":	5,
					"start":	7.001149,
					"end":	8.001132,
					"seconds":	0.999983012676239,
					"bytes":	3145728,
					"bits_per_second":	25166251.5072622,
					"retransmits":	47,
					"snd_cwnd":	937222,
					"snd_wnd":	1903680,
					"rtt":	87992,
					"rttvar":	64199,
					"pmtu":	1520,
					"reorder":	0,
					"omitted":	false,
					"sender":	true
				}],
			"sum":	{
				"start":	7.001149,
				"end":	8.001132,
				"seconds":	0.999983012676239,
				"bytes":	3145728,
				"bits_per_second":	25166251.5072622,
				"retransmits":	47,
				"omitted":	false,
				"sender":	true
			}
		}, {
			"streams":	[{
					"socket":	5,
					"start":	8.001132,
					"end":	9.001148,
					"seconds":	1.0000159740448,
					"bytes":	4325376,
					"bits_per_second":	34602455.258829512,
					"retransmits":	0,
					"snd_cwnd":	1013376,
					"snd_wnd":	1935680,
					"rtt":	69373,
					"rttvar":	63475,
					"pmtu":	1520,
					"reorder":	0,
					"omitted":	false,
					"sender":	true
				}],
			"sum":	{
				"start":	8.001132,
				"end":	9.001148,
				"seconds":	1.0000159740448,
				"bytes":	4325376,
				"bits_per_second":	34602455.258829512,
				"retransmits":	0,
				"omitted":	false,
				"sender":	true
			}
		}, {
			"streams":	[{
					"socket":	5,
					"start":	9.001148,
					"end":	10.001919,
					"seconds":	1.0007710456848145,
					"bytes":	2228224,
					"bits_per_second":	17812058.089472447,
					"retransmits":	0,
					"snd_cwnd":	1086514,
					"snd_wnd":	1916544,
					"rtt":	88347,
					"rttvar":	85791,
					"pmtu":	1520,
					"reorder":	0,
					"omitted":	false,
					"sender":	true
				}],
			"sum":	{
				"start":	9.001148,
				"end":	10.001919,
				"seconds":	1.0007710456848145,
				"bytes":	2228224,
				"bits_per_second":	17812058.089472447,
				"retransmits":	0,
				"omitted":	false,
				"sender":	true
			}
		}],
	"end":	{
		"streams":	[{
				"sender":	{
					"socket":	5,
					"start":	0,
					"end":	10.001919,
					"seconds":	10.001919,
					"bytes":	34603008,
					"bits_per_second":	27677095.165437754,
					"retransmits":	47,
					"reorder":	0,
					"max_snd_cwnd":	1204138,
					"max_snd_wnd":	1935680,
					"max_rtt":	141808,
					"min_rtt":	42909,
					"mean_rtt":	83750,
					"sender":	true
				},
				"receiver":	{
					"socket":	5,
					"start":	0,
					"end":	10.391947,
					"seconds":	10.001919,
					"bytes":	31850496,
					"bits_per_second":	24519367.544888362,
					"sender":	true
				}
			}],
		"sum_sent":	{
			"start":	0,
			"end":	10.001919,
			"seconds":	10.001919,
			"bytes":	34603008,
			"bits_per_second":	27677095.165437754,
			"retransmits":	47,
			"sender":	true
		},
		"sum_received":	{
			"start":	0,
			"end":	10.391947,
			"seconds":	10.391947,
			"bytes":	31850496,
			"bits_per_second":	24519367.544888362,
			"sender":	true
		},
		"cpu_utilization_percent":	{
			"host_total":	0.22172717629233524,
			"host_user":	0,
			"host_system":	0.22172717629233524,
			"remote_total":	11.394528834328641,
			"remote_user":	0.23345599573183581,
			"remote_system":	11.161063246354397
		},
		"sender_tcp_congestion":	"cubic",
		"receiver_tcp_congestion":	"cubic"
	}
}
