{
	"start":	{
		"connected":	[{
				"socket":	5,
				"local_host":	"192.168.1.48",
				"local_port":	43342,
				"remote_host":	"192.168.1.58",
				"remote_port":	5201
			}],
		"version":	"iperf 3.20",
		"system_info":	"Linux kuroi-washi 6.19.11+kali-amd64 #1 SMP PREEMPT_DYNAMIC Kali 6.19.11-1kali1 (2026-04-09) x86_64",
		"timestamp":	{
			"time":	"Thu, 23 Apr 2026 19:55:06 GMT",
			"timesecs":	1776974106,
			"timemillisecs":	1776974106546
		},
		"connecting_to":	{
			"host":	"192.168.1.58",
			"port":	5201
		},
		"cookie":	"rtdlryxjozmktu5dyl2glgrxumv5vqlaiu5w",
		"tcp_mss":	466,
		"target_bitrate":	0,
		"fq_rate":	0,
		"sock_bufsize":	0,
		"sndbuf_actual":	16384,
		"rcvbuf_actual":	131072,
		"test_start":	{
			"protocol":	"TCP",
			"num_streams":	1,
			"blksize":	131072,
			"omit":	0,
			"duration":	10,
			"bytes":	0,
			"blocks":	0,
			"reverse":	0,
			"tos":	0,
			"target_bitrate":	0,
			"bidir":	0,
			"fqrate":	0,
			"interval":	1
		}
	},
	"intervals":	[{
			"streams":	[{
					"socket":	5,
					"start":	0,
					"end":	1.00101,
					"seconds":	1.0010099411010742,
					"bytes":	3801088,
					"bits_per_second":	30378023.985008121,
					"retransmits":	0,
					"snd_cwnd":	165256,
					"snd_wnd":	968384,
					"rtt":	40654,
					"rttvar":	5394,
					"pmtu":	1500,
					"reorder":	0,
					"omitted":	false,
					"sender":	true
				}],
			"sum":	{
				"start":	0,
				"end":	1.00101,
				"seconds":	1.0010099411010742,
				"bytes":	3801088,
				"bits_per_second":	30378023.985008121,
				"retransmits":	0,
				"omitted":	false,
				"sender":	true
			}
		}, {
			"streams":	[{
					"socket":	5,
					"start":	1.00101,
					"end":	2.001082,
					"seconds":	1.0000720024108887,
					"bytes":	5111808,
					"bits_per_second":	40891519.711995833,
					"retransmits":	0,
					"snd_cwnd":	344132,
					"snd_wnd":	968384,
					"rtt":	70545,
					"rttvar":	1854,
					"pmtu":	1500,
					"reorder":	0,
					"omitted":	false,
					"sender":	true
				}],
			"sum":	{
				"start":	1.00101,
				"end":	2.001082,
				"seconds":	1.0000720024108887,
				"bytes":	5111808,
				"bits_per_second":	40891519.711995833,
				"retransmits":	0,
				"omitted":	false,
				"sender":	true
			}
		}, {
			"streams":	[{
					"socket":	5,
					"start":	2.001082,
					"end":	3.001066,
					"seconds":	0.9999840259552002,
					"bytes":	2883584,
					"bits_per_second":	23069040.505886529,
					"retransmits":	0,
					"snd_cwnd":	448552,
					"snd_wnd":	970240,
					"rtt":	153074,
					"rttvar":	6506,
					"pmtu":	1500,
					"reorder":	0,
					"omitted":	false,
					"sender":	true
				}],
			"sum":	{
				"start":	2.001082,
				"end":	3.001066,
				"seconds":	0.9999840259552002,
				"bytes":	2883584,
				"bits_per_second":	23069040.505886529,
				"retransmits":	0,
				"omitted":	false,
				"sender":	true
			}
		}, {
			"streams":	[{
					"socket":	5,
					"start":	3.001066,
					"end":	4.001039,
					"seconds":	0.99997299909591675,
					"bytes":	1572864,
					"bits_per_second":	12583251.759173805,
					"retransmits":	0,
					"snd_cwnd":	559782,
					"snd_wnd":	970240,
					"rtt":	341305,
					"rttvar":	13760,
					"pmtu":	1500,
					"reorder":	0,
					"omitted":	false,
					"sender":	true
				}],
			"sum":	{
				"start":	3.001066,
				"end":	4.001039,
				"seconds":	0.99997299909591675,
				"bytes":	1572864,
				"bits_per_second":	12583251.759173805,
				"retransmits":	0,
				"omitted":	false,
				"sender":	true
			}
		}, {
			"streams":	[{
					"socket":	5,
					"start":	4.001039,
					"end":	5.000995,
					"seconds":	0.99995601177215576,
					"bytes":	4980736,
					"bits_per_second":	39847640.827103756,
					"retransmits":	0,
					"snd_cwnd":	740474,
					"snd_wnd":	589376,
					"rtt":	333806,
					"rttvar":	33819,
					"pmtu":	1500,
					"reorder":	0,
					"omitted":	false,
					"sender":	true
				}],
			"sum":	{
				"start":	4.001039,
				"end":	5.000995,
				"seconds":	0.99995601177215576,
				"bytes":	4980736,
				"bits_per_second":	39847640.827103756,
				"retransmits":	0,
				"omitted":	false,
				"sender":	true
			}
		}, {
			"streams":	[{
					"socket":	5,
					"start":	5.000995,
					"end":	6.001016,
					"seconds":	1.0000209808349609,
					"bytes":	1441792,
					"bits_per_second":	11534094.005077256,
					"retransmits":	0,
					"snd_cwnd":	861692,
					"snd_wnd":	970240,
					"rtt":	73554,
					"rttvar":	10047,
					"pmtu":	1500,
					"reorder":	0,
					"omitted":	false,
					"sender":	true
				}],
			"sum":	{
				"start":	5.000995,
				"end":	6.001016,
				"seconds":	1.0000209808349609,
				"bytes":	1441792,
				"bits_per_second":	11534094.005077256,
				"retransmits":	0,
				"omitted":	false,
				"sender":	true
			}
		}, {
			"streams":	[{
					"socket":	5,
					"start":	6.001016,
					"end":	7.001045,
					"seconds":	1.0000289678573608,
					"bytes":	2883584,
					"bits_per_second":	23068003.769357208,
					"retransmits":	0,
					"snd_cwnd":	1011966,
					"snd_wnd":	975680,
					"rtt":	234575,
					"rttvar":	9783,
					"pmtu":	1500,
					"reorder":	0,
					"omitted":	false,
					"sender":	true
				}],
			"sum":	{
				"start":	6.001016,
				"end":	7.001045,
				"seconds":	1.0000289678573608,
				"bytes":	2883584,
				"bits_per_second":	23068003.769357208,
				"retransmits":	0,
				"omitted":	false,
				"sender":	true
			}
		}, {
			"streams":	[{
					"socket":	5,
					"start":	7.001045,
					"end":	8.001037,
					"seconds":	0.9999920129776,
					"bytes":	3932160,
					"bits_per_second":	31457531.252006754,
					"retransmits":	0,
					"snd_cwnd":	1011966,
					"snd_wnd":	975680,
					"rtt":	151688,
					"rttvar":	51598,
					"pmtu":	1500,
					"reorder":	0,
					"omitted":	false,
					"sender":	true
				}],
			"sum":	{
				"start":	7.001045,
				"end":	8.001037,
				"seconds":	0.9999920129776,
				"bytes":	3932160,
				"bits_per_second":	31457531.252006754,
				"retransmits":	0,
				"omitted":	false,
				"sender":	true
			}
		}, {
			"streams":	[{
					"socket":	5,
					"start":	8.001037,
					"end":	9.001037,
					"seconds":	1,
					"bytes":	3145728,
					"bits_per_second":	25165824,
					"retransmits":	0,
					"snd_cwnd":	1011966,
					"snd_wnd":	975680,
					"rtt":	253447,
					"rttvar":	6311,
					"pmtu":	1500,
					"reorder":	0,
					"omitted":	false,
					"sender":	true
				}],
			"sum":	{
				"start":	8.001037,
				"end":	9.001037,
				"seconds":	1,
				"bytes":	3145728,
				"bits_per_second":	25165824,
				"retransmits":	0,
				"omitted":	false,
				"sender":	true
			}
		}, {
			"streams":	[{
					"socket":	5,
					"start":	9.001037,
					"end":	10.001793,
					"seconds":	1.0007560253143311,
					"bytes":	2883584,
					"bits_per_second":	23051244.675498486,
					"retransmits":	0,
					"snd_cwnd":	1011966,
					"snd_wnd":	968256,
					"rtt":	213127,
					"rttvar":	4095,
					"pmtu":	1500,
					"reorder":	0,
					"omitted":	false,
					"sender":	true
				}],
			"sum":	{
				"start":	9.001037,
				"end":	10.001793,
				"seconds":	1.0007560253143311,
				"bytes":	2883584,
				"bits_per_second":	23051244.675498486,
				"retransmits":	0,
				"omitted":	false,
				"sender":	true
			}
		}],
	"end":	{
		"streams":	[{
				"sender":	{
					"socket":	5,
					"start":	0,
					"end":	10.001793,
					"seconds":	10.001793,
					"bytes":	32636928,
					"bits_per_second":	26104861.798279569,
					"retransmits":	0,
					"reorder":	0,
					"max_snd_cwnd":	1011966,
					"max_snd_wnd":	975680,
					"max_rtt":	341305,
					"min_rtt":	40654,
					"mean_rtt":	186577,
					"sender":	true
				},
				"receiver":	{
					"socket":	5,
					"start":	0,
					"end":	10.384886,
					"seconds":	10.001793,
					"bytes":	29229056,
					"bits_per_second":	22516611.93006837,
					"sender":	true
				}
			}],
		"sum_sent":	{
			"start":	0,
			"end":	10.001793,
			"seconds":	10.001793,
			"bytes":	32636928,
			"bits_per_second":	26104861.798279569,
			"retransmits":	0,
			"sender":	true
		},
		"sum_received":	{
			"start":	0,
			"end":	10.384886,
			"seconds":	10.384886,
			"bytes":	29229056,
			"bits_per_second":	22516611.93006837,
			"sender":	true
		},
		"cpu_utilization_percent":	{
			"host_total":	0.21237421576727539,
			"host_user":	0,
			"host_system":	0.21238415093829741,
			"remote_total":	17.874187175385892,
			"remote_user":	0,
			"remote_system":	17.874187175385892
		},
		"sender_tcp_congestion":	"cubic",
		"receiver_tcp_congestion":	"cubic"
	}
}
