{
	"start":	{
		"connected":	[{
				"socket":	5,
				"local_host":	"192.168.1.48",
				"local_port":	38394,
				"remote_host":	"192.168.1.58",
				"remote_port":	5201
			}],
		"version":	"iperf 3.20",
		"system_info":	"Linux kuroi-washi 6.19.11+kali-amd64 #1 SMP PREEMPT_DYNAMIC Kali 6.19.11-1kali1 (2026-04-09) x86_64",
		"timestamp":	{
			"time":	"Thu, 23 Apr 2026 19:55:17 GMT",
			"timesecs":	1776974117,
			"timemillisecs":	1776974117481
		},
		"connecting_to":	{
			"host":	"192.168.1.58",
			"port":	5201
		},
		"cookie":	"g4q46owib7ip6ddunhk6dc65errvcd3wwovw",
		"tcp_mss":	500,
		"target_bitrate":	0,
		"fq_rate":	0,
		"sock_bufsize":	0,
		"sndbuf_actual":	16384,
		"rcvbuf_actual":	131072,
		"test_start":	{
			"protocol":	"TCP",
			"num_streams":	1,
			"blksize":	131072,
			"omit":	0,
			"duration":	10,
			"bytes":	0,
			"blocks":	0,
			"reverse":	0,
			"tos":	0,
			"target_bitrate":	0,
			"bidir":	0,
			"fqrate":	0,
			"interval":	1
		}
	},
	"intervals":	[{
			"streams":	[{
					"socket":	5,
					"start":	0,
					"end":	1.001143,
					"seconds":	1.0011429786682129,
					"bytes":	4194304,
					"bits_per_second":	33516123.785472024,
					"retransmits":	0,
					"snd_cwnd":	187392,
					"snd_wnd":	970496,
					"rtt":	36108,
					"rttvar":	2382,
					"pmtu":	1500,
					"reorder":	0,
					"omitted":	false,
					"sender":	true
				}],
			"sum":	{
				"start":	0,
				"end":	1.001143,
				"seconds":	1.0011429786682129,
				"bytes":	4194304,
				"bits_per_second":	33516123.785472024,
				"retransmits":	0,
				"omitted":	false,
				"sender":	true
			}
		}, {
			"streams":	[{
					"socket":	5,
					"start":	1.001143,
					"end":	2.001104,
					"seconds":	0.999961018562317,
					"bytes":	5505024,
					"bits_per_second":	44041908.816924,
					"retransmits":	0,
					"snd_cwnd":	395280,
					"snd_wnd":	972416,
					"rtt":	84262,
					"rttvar":	3543,
					"pmtu":	1500,
					"reorder":	0,
					"omitted":	false,
					"sender":	true
				}],
			"sum":	{
				"start":	1.001143,
				"end":	2.001104,
				"seconds":	0.999961018562317,
				"bytes":	5505024,
				"bits_per_second":	44041908.816924,
				"retransmits":	0,
				"omitted":	false,
				"sender":	true
			}
		}, {
			"streams":	[{
					"socket":	5,
					"start":	2.001104,
					"end":	3.001099,
					"seconds":	0.999994993209839,
					"bytes":	4194304,
					"bits_per_second":	33554600.000841148,
					"retransmits":	0,
					"snd_cwnd":	581696,
					"snd_wnd":	974400,
					"rtt":	135113,
					"rttvar":	6546,
					"pmtu":	1500,
					"reorder":	0,
					"omitted":	false,
					"sender":	true
				}],
			"sum":	{
				"start":	2.001104,
				"end":	3.001099,
				"seconds":	0.999994993209839,
				"bytes":	4194304,
				"bits_per_second":	33554600.000841148,
				"retransmits":	0,
				"omitted":	false,
				"sender":	true
			}
		}, {
			"streams":	[{
					"socket":	5,
					"start":	3.001099,
					"end":	4.001114,
					"seconds":	1.0000150203704834,
					"bytes":	3014656,
					"bits_per_second":	24116885.755441047,
					"retransmits":	0,
					"snd_cwnd":	718336,
					"snd_wnd":	976320,
					"rtt":	57194,
					"rttvar":	31575,
					"pmtu":	1500,
					"reorder":	0,
					"omitted":	false,
					"sender":	true
				}],
			"sum":	{
				"start":	3.001099,
				"end":	4.001114,
				"seconds":	1.0000150203704834,
				"bytes":	3014656,
				"bits_per_second":	24116885.755441047,
				"retransmits":	0,
				"omitted":	false,
				"sender":	true
			}
		}, {
			"streams":	[{
					"socket":	5,
					"start":	4.001114,
					"end":	5.001087,
					"seconds":	0.99997299909591675,
					"bytes":	2883584,
					"bits_per_second":	23069294.891818643,
					"retransmits":	0,
					"snd_cwnd":	854976,
					"snd_wnd":	976320,
					"rtt":	167709,
					"rttvar":	7657,
					"pmtu":	1500,
					"reorder":	0,
					"omitted":	false,
					"sender":	true
				}],
			"sum":	{
				"start":	4.001114,
				"end":	5.001087,
				"seconds":	0.99997299909591675,
				"bytes":	2883584,
				"bits_per_second":	23069294.891818643,
				"retransmits":	0,
				"omitted":	false,
				"sender":	true
			}
		}, {
			"streams":	[{
					"socket":	5,
					"start":	5.001087,
					"end":	6.001084,
					"seconds":	0.99999701976776123,
					"bytes":	1441792,
					"bits_per_second":	11534370.375102445,
					"retransmits":	0,
					"snd_cwnd":	949648,
					"snd_wnd":	976320,
					"rtt":	126256,
					"rttvar":	55465,
					"pmtu":	1500,
					"reorder":	0,
					"omitted":	false,
					"sender":	true
				}],
			"sum":	{
				"start":	5.001087,
				"end":	6.001084,
				"seconds":	0.99999701976776123,
				"bytes":	1441792,
				"bits_per_second":	11534370.375102445,
				"retransmits":	0,
				"omitted":	false,
				"sender":	true
			}
		}, {
			"streams":	[{
					"socket":	5,
					"start":	6.001084,
					"end":	7.00113,
					"seconds":	1.0000460147857666,
					"bytes":	4849664,
					"bits_per_second":	38795526.832144119,
					"retransmits":	0,
					"snd_cwnd":	1006256,
					"snd_wnd":	980224,
					"rtt":	238813,
					"rttvar":	6504,
					"pmtu":	1500,
					"reorder":	0,
					"omitted":	false,
					"sender":	true
				}],
			"sum":	{
				"start":	6.001084,
				"end":	7.00113,
				"seconds":	1.0000460147857666,
				"bytes":	4849664,
				"bits_per_second":	38795526.832144119,
				"retransmits":	0,
				"omitted":	false,
				"sender":	true
			}
		}, {
			"streams":	[{
					"socket":	5,
					"start":	7.00113,
					"end":	8.001143,
					"seconds":	1.000012993812561,
					"bytes":	2883584,
					"bits_per_second":	23068372.253894843,
					"retransmits":	0,
					"snd_cwnd":	1006256,
					"snd_wnd":	982208,
					"rtt":	198012,
					"rttvar":	2641,
					"pmtu":	1500,
					"reorder":	0,
					"omitted":	false,
					"sender":	true
				}],
			"sum":	{
				"start":	7.00113,
				"end":	8.001143,
				"seconds":	1.000012993812561,
				"bytes":	2883584,
				"bits_per_second":	23068372.253894843,
				"retransmits":	0,
				"omitted":	false,
				"sender":	true
			}
		}, {
			"streams":	[{
					"socket":	5,
					"start":	8.001143,
					"end":	9.001092,
					"seconds":	0.99994897842407227,
					"bytes":	2883584,
					"bits_per_second":	23069849.060055461,
					"retransmits":	1,
					"snd_cwnd":	727120,
					"snd_wnd":	982208,
					"rtt":	177197,
					"rttvar":	7667,
					"pmtu":	1500,
					"reorder":	0,
					"omitted":	false,
					"sender":	true
				}],
			"sum":	{
				"start":	8.001143,
				"end":	9.001092,
				"seconds":	0.99994897842407227,
				"bytes":	2883584,
				"bits_per_second":	23069849.060055461,
				"retransmits":	1,
				"omitted":	false,
				"sender":	true
			}
		}, {
			"streams":	[{
					"socket":	5,
					"start":	9.001092,
					"end":	10.001925,
					"seconds":	1.0008330345153809,
					"bytes":	4325376,
					"bits_per_second":	34574206.492649719,
					"retransmits":	0,
					"snd_cwnd":	794952,
					"snd_wnd":	984128,
					"rtt":	180718,
					"rttvar":	4635,
					"pmtu":	1500,
					"reorder":	0,
					"omitted":	false,
					"sender":	true
				}],
			"sum":	{
				"start":	9.001092,
				"end":	10.001925,
				"seconds":	1.0008330345153809,
				"bytes":	4325376,
				"bits_per_second":	34574206.492649719,
				"retransmits":	0,
				"omitted":	false,
				"sender":	true
			}
		}],
	"end":	{
		"streams":	[{
				"sender":	{
					"socket":	5,
					"start":	0,
					"end":	10.001925,
					"seconds":	10.001925,
					"bytes":	36175872,
					"bits_per_second":	28935127.587939322,
					"retransmits":	1,
					"reorder":	0,
					"max_snd_cwnd":	1006256,
					"max_snd_wnd":	984128,
					"max_rtt":	238813,
					"min_rtt":	36108,
					"mean_rtt":	140138,
					"sender":	true
				},
				"receiver":	{
					"socket":	5,
					"start":	0,
					"end":	10.23421,
					"seconds":	10.001925,
					"bytes":	33292288,
					"bits_per_second":	26024314.920252763,
					"sender":	true
				}
			}],
		"sum_sent":	{
			"start":	0,
			"end":	10.001925,
			"seconds":	10.001925,
			"bytes":	36175872,
			"bits_per_second":	28935127.587939322,
			"retransmits":	1,
			"sender":	true
		},
		"sum_received":	{
			"start":	0,
			"end":	10.23421,
			"seconds":	10.23421,
			"bytes":	33292288,
			"bits_per_second":	26024314.920252763,
			"sender":	true
		},
		"cpu_utilization_percent":	{
			"host_total":	0.21958934119520093,
			"host_user":	0.00981010635765461,
			"host_system":	0.20977923483754632,
			"remote_total":	21.760870621367662,
			"remote_user":	0.00075941225775114074,
			"remote_system":	21.760072264891566
		},
		"sender_tcp_congestion":	"cubic",
		"receiver_tcp_congestion":	"cubic"
	}
}
