{
	"start":	{
		"connected":	[{
				"socket":	5,
				"local_host":	"192.168.1.48",
				"local_port":	54146,
				"remote_host":	"192.168.1.58",
				"remote_port":	5201
			}],
		"version":	"iperf 3.20",
		"system_info":	"Linux kuroi-washi 6.19.11+kali-amd64 #1 SMP PREEMPT_DYNAMIC Kali 6.19.11-1kali1 (2026-04-09) x86_64",
		"timestamp":	{
			"time":	"Thu, 23 Apr 2026 19:55:38 GMT",
			"timesecs":	1776974138,
			"timemillisecs":	1776974138784
		},
		"connecting_to":	{
			"host":	"192.168.1.58",
			"port":	5201
		},
		"cookie":	"5jsht5wfvi4dhme5hvc62tw7bolmodmzqgdg",
		"tcp_mss":	766,
		"target_bitrate":	0,
		"fq_rate":	0,
		"sock_bufsize":	0,
		"sndbuf_actual":	16384,
		"rcvbuf_actual":	131072,
		"test_start":	{
			"protocol":	"TCP",
			"num_streams":	1,
			"blksize":	131072,
			"omit":	0,
			"duration":	10,
			"bytes":	0,
			"blocks":	0,
			"reverse":	0,
			"tos":	0,
			"target_bitrate":	0,
			"bidir":	0,
			"fqrate":	0,
			"interval":	1
		}
	},
	"intervals":	[{
			"streams":	[{
					"socket":	5,
					"start":	0,
					"end":	1.001146,
					"seconds":	1.0011459589004517,
					"bytes":	4456448,
					"bits_per_second":	35610775.514846772,
					"retransmits":	0,
					"snd_cwnd":	306124,
					"snd_wnd":	1934528,
					"rtt":	59288,
					"rttvar":	7657,
					"pmtu":	1500,
					"reorder":	0,
					"omitted":	false,
					"sender":	true
				}],
			"sum":	{
				"start":	0,
				"end":	1.001146,
				"seconds":	1.0011459589004517,
				"bytes":	4456448,
				"bits_per_second":	35610775.514846772,
				"retransmits":	0,
				"omitted":	false,
				"sender":	true
			}
		}, {
			"streams":	[{
					"socket":	5,
					"start":	1.001146,
					"end":	2.001113,
					"seconds":	0.99996697902679443,
					"bytes":	4194304,
					"bits_per_second":	33555540.036588445,
					"retransmits":	0,
					"snd_cwnd":	475020,
					"snd_wnd":	1860416,
					"rtt":	128783,
					"rttvar":	56965,
					"pmtu":	1500,
					"reorder":	0,
					"omitted":	false,
					"sender":	true
				}],
			"sum":	{
				"start":	1.001146,
				"end":	2.001113,
				"seconds":	0.99996697902679443,
				"bytes":	4194304,
				"bits_per_second":	33555540.036588445,
				"retransmits":	0,
				"omitted":	false,
				"sender":	true
			}
		}, {
			"streams":	[{
					"socket":	5,
					"start":	2.001113,
					"end":	3.001149,
					"seconds":	1.0000360012054443,
					"bytes":	3801088,
					"bits_per_second":	30407609.2894109,
					"retransmits":	0,
					"snd_cwnd":	633360,
					"snd_wnd":	1934912,
					"rtt":	82042,
					"rttvar":	67752,
					"pmtu":	1500,
					"reorder":	0,
					"omitted":	false,
					"sender":	true
				}],
			"sum":	{
				"start":	2.001113,
				"end":	3.001149,
				"seconds":	1.0000360012054443,
				"bytes":	3801088,
				"bits_per_second":	30407609.2894109,
				"retransmits":	0,
				"omitted":	false,
				"sender":	true
			}
		}, {
			"streams":	[{
					"socket":	5,
					"start":	3.001149,
					"end":	4.001149,
					"seconds":	1,
					"bytes":	5373952,
					"bits_per_second":	42991616,
					"retransmits":	0,
					"snd_cwnd":	833170,
					"snd_wnd":	1935680,
					"rtt":	113358,
					"rttvar":	103234,
					"pmtu":	1500,
					"reorder":	0,
					"omitted":	false,
					"sender":	true
				}],
			"sum":	{
				"start":	3.001149,
				"end":	4.001149,
				"seconds":	1,
				"bytes":	5373952,
				"bits_per_second":	42991616,
				"retransmits":	0,
				"omitted":	false,
				"sender":	true
			}
		}, {
			"streams":	[{
					"socket":	5,
					"start":	4.001149,
					"end":	5.001099,
					"seconds":	0.99994999170303345,
					"bytes":	1572864,
					"bits_per_second":	12583541.281469295,
					"retransmits":	0,
					"snd_cwnd":	956072,
					"snd_wnd":	1934528,
					"rtt":	70595,
					"rttvar":	5751,
					"pmtu":	1500,
					"reorder":	0,
					"omitted":	false,
					"sender":	true
				}],
			"sum":	{
				"start":	4.001149,
				"end":	5.001099,
				"seconds":	0.99994999170303345,
				"bytes":	1572864,
				"bits_per_second":	12583541.281469295,
				"retransmits":	0,
				"omitted":	false,
				"sender":	true
			}
		}, {
			"streams":	[{
					"socket":	5,
					"start":	5.001099,
					"end":	6.001149,
					"seconds":	1.0000499486923218,
					"bytes":	4849664,
					"bits_per_second":	38795374.221789487,
					"retransmits":	0,
					"snd_cwnd":	1166438,
					"snd_wnd":	1934912,
					"rtt":	309786,
					"rttvar":	22680,
					"pmtu":	1500,
					"reorder":	0,
					"omitted":	false,
					"sender":	true
				}],
			"sum":	{
				"start":	5.001099,
				"end":	6.001149,
				"seconds":	1.0000499486923218,
				"bytes":	4849664,
				"bits_per_second":	38795374.221789487,
				"retransmits":	0,
				"omitted":	false,
				"sender":	true
			}
		}, {
			"streams":	[{
					"socket":	5,
					"start":	6.001149,
					"end":	7.001148,
					"seconds":	0.99999898672103882,
					"bytes":	3145728,
					"bits_per_second":	25165849.500025839,
					"retransmits":	0,
					"snd_cwnd":	1344382,
					"snd_wnd":	1930496,
					"rtt":	140920,
					"rttvar":	28746,
					"pmtu":	1500,
					"reorder":	0,
					"omitted":	false,
					"sender":	true
				}],
			"sum":	{
				"start":	6.001149,
				"end":	7.001148,
				"seconds":	0.99999898672103882,
				"bytes":	3145728,
				"bits_per_second":	25165849.500025839,
				"retransmits":	0,
				"omitted":	false,
				"sender":	true
			}
		}, {
			"streams":	[{
					"socket":	5,
					"start":	7.001148,
					"end":	8.001148,
					"seconds":	1,
					"bytes":	4194304,
					"bits_per_second":	33554432,
					"retransmits":	0,
					"snd_cwnd":	1509508,
					"snd_wnd":	1935680,
					"rtt":	179841,
					"rttvar":	207069,
					"pmtu":	1500,
					"reorder":	0,
					"omitted":	false,
					"sender":	true
				}],
			"sum":	{
				"start":	7.001148,
				"end":	8.001148,
				"seconds":	1,
				"bytes":	4194304,
				"bits_per_second":	33554432,
				"retransmits":	0,
				"omitted":	false,
				"sender":	true
			}
		}, {
			"streams":	[{
					"socket":	5,
					"start":	8.001148,
					"end":	9.001148,
					"seconds":	1,
					"bytes":	1441792,
					"bits_per_second":	11534336,
					"retransmits":	190,
					"snd_cwnd":	1108380,
					"snd_wnd":	1934528,
					"rtt":	109324,
					"rttvar":	47741,
					"pmtu":	1500,
					"reorder":	0,
					"omitted":	false,
					"sender":	true
				}],
			"sum":	{
				"start":	8.001148,
				"end":	9.001148,
				"seconds":	1,
				"bytes":	1441792,
				"bits_per_second":	11534336,
				"retransmits":	190,
				"omitted":	false,
				"sender":	true
			}
		}, {
			"streams":	[{
					"socket":	5,
					"start":	9.001148,
					"end":	10.001863,
					"seconds":	1.0007150173187256,
					"bytes":	3538944,
					"bits_per_second":	28291323.213932376,
					"retransmits":	0,
					"snd_cwnd":	1210924,
					"snd_wnd":	1931072,
					"rtt":	315181,
					"rttvar":	15435,
					"pmtu":	1500,
					"reorder":	0,
					"omitted":	false,
					"sender":	true
				}],
			"sum":	{
				"start":	9.001148,
				"end":	10.001863,
				"seconds":	1.0007150173187256,
				"bytes":	3538944,
				"bits_per_second":	28291323.213932376,
				"retransmits":	0,
				"omitted":	false,
				"sender":	true
			}
		}],
	"end":	{
		"streams":	[{
				"sender":	{
					"socket":	5,
					"start":	0,
					"end":	10.001863,
					"seconds":	10.001863,
					"bytes":	36569088,
					"bits_per_second":	29249821.158318207,
					"retransmits":	190,
					"reorder":	0,
					"max_snd_cwnd":	1509508,
					"max_snd_wnd":	1935680,
					"max_rtt":	315181,
					"min_rtt":	59288,
					"mean_rtt":	150911,
					"sender":	true
				},
				"receiver":	{
					"socket":	5,
					"start":	0,
					"end":	10.353741,
					"seconds":	10.001863,
					"bytes":	33947648,
					"bits_per_second":	26230247.018927749,
					"sender":	true
				}
			}],
		"sum_sent":	{
			"start":	0,
			"end":	10.001863,
			"seconds":	10.001863,
			"bytes":	36569088,
			"bits_per_second":	29249821.158318207,
			"retransmits":	190,
			"sender":	true
		},
		"sum_received":	{
			"start":	0,
			"end":	10.353741,
			"seconds":	10.353741,
			"bytes":	33947648,
			"bits_per_second":	26230247.018927749,
			"sender":	true
		},
		"cpu_utilization_percent":	{
			"host_total":	0.23753554340403238,
			"host_user":	0,
			"host_system":	0.23753554340403238,
			"remote_total":	12.810140434490005,
			"remote_user":	0.20859121854441731,
			"remote_system":	12.601510737580243
		},
		"sender_tcp_congestion":	"cubic",
		"receiver_tcp_congestion":	"cubic"
	}
}
