{
	"start":	{
		"connected":	[{
				"socket":	5,
				"local_host":	"192.168.1.3",
				"local_port":	35056,
				"remote_host":	"192.168.1.58",
				"remote_port":	5201
			}],
		"version":	"iperf 3.20",
		"system_info":	"Linux kuroi-washi 6.19.11+kali-amd64 #1 SMP PREEMPT_DYNAMIC Kali 6.19.11-1kali1 (2026-04-09) x86_64",
		"timestamp":	{
			"time":	"Thu, 23 Apr 2026 20:03:41 GMT",
			"timesecs":	1776974621,
			"timemillisecs":	1776974621613
		},
		"connecting_to":	{
			"host":	"192.168.1.58",
			"port":	5201
		},
		"cookie":	"jip5l4eyqkf7nbd6iizx55pqwzx6wpvexa4p",
		"tcp_mss":	316,
		"target_bitrate":	0,
		"fq_rate":	0,
		"sock_bufsize":	0,
		"sndbuf_actual":	16384,
		"rcvbuf_actual":	131072,
		"test_start":	{
			"protocol":	"TCP",
			"num_streams":	1,
			"blksize":	131072,
			"omit":	0,
			"duration":	10,
			"bytes":	0,
			"blocks":	0,
			"reverse":	0,
			"tos":	0,
			"target_bitrate":	0,
			"bidir":	0,
			"fqrate":	0,
			"interval":	1
		}
	},
	"intervals":	[{
			"streams":	[{
					"socket":	5,
					"start":	0,
					"end":	1.001101,
					"seconds":	1.001101016998291,
					"bytes":	1966080,
					"bits_per_second":	15711341.545892017,
					"retransmits":	0,
					"snd_cwnd":	82080,
					"snd_wnd":	1131712,
					"rtt":	59741,
					"rttvar":	5045,
					"pmtu":	1500,
					"reorder":	0,
					"omitted":	false,
					"sender":	true
				}],
			"sum":	{
				"start":	0,
				"end":	1.001101,
				"seconds":	1.001101016998291,
				"bytes":	1966080,
				"bits_per_second":	15711341.545892017,
				"retransmits":	0,
				"omitted":	false,
				"sender":	true
			}
		}, {
			"streams":	[{
					"socket":	5,
					"start":	1.001101,
					"end":	2.001115,
					"seconds":	1.0000139474868774,
					"bytes":	1966080,
					"bits_per_second":	15728420.628059687,
					"retransmits":	0,
					"snd_cwnd":	163248,
					"snd_wnd":	1135360,
					"rtt":	107925,
					"rttvar":	5655,
					"pmtu":	1500,
					"reorder":	0,
					"omitted":	false,
					"sender":	true
				}],
			"sum":	{
				"start":	1.001101,
				"end":	2.001115,
				"seconds":	1.0000139474868774,
				"bytes":	1966080,
				"bits_per_second":	15728420.628059687,
				"retransmits":	0,
				"omitted":	false,
				"sender":	true
			}
		}, {
			"streams":	[{
					"socket":	5,
					"start":	2.001115,
					"end":	3.001141,
					"seconds":	1.0000259876251221,
					"bytes":	2228224,
					"bits_per_second":	17825328.762038454,
					"retransmits":	0,
					"snd_cwnd":	245632,
					"snd_wnd":	1481920,
					"rtt":	115057,
					"rttvar":	16206,
					"pmtu":	1500,
					"reorder":	0,
					"omitted":	false,
					"sender":	true
				}],
			"sum":	{
				"start":	2.001115,
				"end":	3.001141,
				"seconds":	1.0000259876251221,
				"bytes":	2228224,
				"bits_per_second":	17825328.762038454,
				"retransmits":	0,
				"omitted":	false,
				"sender":	true
			}
		}, {
			"streams":	[{
					"socket":	5,
					"start":	3.001141,
					"end":	4.001111,
					"seconds":	0.999970018863678,
					"bytes":	2359296,
					"bits_per_second":	18874933.891966086,
					"retransmits":	0,
					"snd_cwnd":	316768,
					"snd_wnd":	1505024,
					"rtt":	186695,
					"rttvar":	971,
					"pmtu":	1500,
					"reorder":	0,
					"omitted":	false,
					"sender":	true
				}],
			"sum":	{
				"start":	3.001141,
				"end":	4.001111,
				"seconds":	0.999970018863678,
				"bytes":	2359296,
				"bits_per_second":	18874933.891966086,
				"retransmits":	0,
				"omitted":	false,
				"sender":	true
			}
		}, {
			"streams":	[{
					"socket":	5,
					"start":	4.001111,
					"end":	5.00109,
					"seconds":	0.999979019165039,
					"bytes":	1966080,
					"bits_per_second":	15728970.006923821,
					"retransmits":	0,
					"snd_cwnd":	400064,
					"snd_wnd":	1668800,
					"rtt":	263459,
					"rttvar":	4853,
					"pmtu":	1500,
					"reorder":	0,
					"omitted":	false,
					"sender":	true
				}],
			"sum":	{
				"start":	4.001111,
				"end":	5.00109,
				"seconds":	0.999979019165039,
				"bytes":	1966080,
				"bits_per_second":	15728970.006923821,
				"retransmits":	0,
				"omitted":	false,
				"sender":	true
			}
		}, {
			"streams":	[{
					"socket":	5,
					"start":	5.00109,
					"end":	6.001122,
					"seconds":	1.0000319480895996,
					"bytes":	2359296,
					"bits_per_second":	18873765.019264083,
					"retransmits":	0,
					"snd_cwnd":	483360,
					"snd_wnd":	1916288,
					"rtt":	295923,
					"rttvar":	2036,
					"pmtu":	1500,
					"reorder":	0,
					"omitted":	false,
					"sender":	true
				}],
			"sum":	{
				"start":	5.00109,
				"end":	6.001122,
				"seconds":	1.0000319480895996,
				"bytes":	2359296,
				"bits_per_second":	18873765.019264083,
				"retransmits":	0,
				"omitted":	false,
				"sender":	true
			}
		}, {
			"streams":	[{
					"socket":	5,
					"start":	6.001122,
					"end":	7.001091,
					"seconds":	0.9999690055847168,
					"bytes":	1310720,
					"bits_per_second":	10486085.0100735,
					"retransmits":	0,
					"snd_cwnd":	560272,
					"snd_wnd":	1929664,
					"rtt":	408191,
					"rttvar":	3073,
					"pmtu":	1500,
					"reorder":	0,
					"omitted":	false,
					"sender":	true
				}],
			"sum":	{
				"start":	6.001122,
				"end":	7.001091,
				"seconds":	0.9999690055847168,
				"bytes":	1310720,
				"bits_per_second":	10486085.0100735,
				"retransmits":	0,
				"omitted":	false,
				"sender":	true
			}
		}, {
			"streams":	[{
					"socket":	5,
					"start":	7.001091,
					"end":	8.001117,
					"seconds":	1.0000259876251221,
					"bytes":	1441792,
					"bits_per_second":	11534036.257789588,
					"retransmits":	0,
					"snd_cwnd":	632320,
					"snd_wnd":	1929664,
					"rtt":	355816,
					"rttvar":	55292,
					"pmtu":	1500,
					"reorder":	0,
					"omitted":	false,
					"sender":	true
				}],
			"sum":	{
				"start":	7.001091,
				"end":	8.001117,
				"seconds":	1.0000259876251221,
				"bytes":	1441792,
				"bits_per_second":	11534036.257789588,
				"retransmits":	0,
				"omitted":	false,
				"sender":	true
			}
		}, {
			"streams":	[{
					"socket":	5,
					"start":	8.001117,
					"end":	9.001136,
					"seconds":	1.0000189542770386,
					"bytes":	1441792,
					"bits_per_second":	11534117.3791438,
					"retransmits":	0,
					"snd_cwnd":	714096,
					"snd_wnd":	1930880,
					"rtt":	407191,
					"rttvar":	2660,
					"pmtu":	1500,
					"reorder":	0,
					"omitted":	false,
					"sender":	true
				}],
			"sum":	{
				"start":	8.001117,
				"end":	9.001136,
				"seconds":	1.0000189542770386,
				"bytes":	1441792,
				"bits_per_second":	11534117.3791438,
				"retransmits":	0,
				"omitted":	false,
				"sender":	true
			}
		}, {
			"streams":	[{
					"socket":	5,
					"start":	9.001136,
					"end":	10.001911,
					"seconds":	1.0007749795913696,
					"bytes":	1310720,
					"bits_per_second":	10477640.042801112,
					"retransmits":	0,
					"snd_cwnd":	796784,
					"snd_wnd":	1930880,
					"rtt":	443355,
					"rttvar":	3829,
					"pmtu":	1500,
					"reorder":	0,
					"omitted":	false,
					"sender":	true
				}],
			"sum":	{
				"start":	9.001136,
				"end":	10.001911,
				"seconds":	1.0007749795913696,
				"bytes":	1310720,
				"bits_per_second":	10477640.042801112,
				"retransmits":	0,
				"omitted":	false,
				"sender":	true
			}
		}],
	"end":	{
		"streams":	[{
				"sender":	{
					"socket":	5,
					"start":	0,
					"end":	10.001911,
					"seconds":	10.001911,
					"bytes":	18350080,
					"bits_per_second":	14677259.17577151,
					"retransmits":	0,
					"reorder":	0,
					"max_snd_cwnd":	796784,
					"max_snd_wnd":	1930880,
					"max_rtt":	443355,
					"min_rtt":	59741,
					"mean_rtt":	264335,
					"sender":	true
				},
				"receiver":	{
					"socket":	5,
					"start":	0,
					"end":	10.063318,
					"seconds":	10.001911,
					"bytes":	16646144,
					"bits_per_second":	13233125.694726132,
					"sender":	true
				}
			}],
		"sum_sent":	{
			"start":	0,
			"end":	10.001911,
			"seconds":	10.001911,
			"bytes":	18350080,
			"bits_per_second":	14677259.17577151,
			"retransmits":	0,
			"sender":	true
		},
		"sum_received":	{
			"start":	0,
			"end":	10.063318,
			"seconds":	10.063318,
			"bytes":	16646144,
			"bits_per_second":	13233125.694726132,
			"sender":	true
		},
		"cpu_utilization_percent":	{
			"host_total":	0.1661823201806531,
			"host_user":	0,
			"host_system":	0.1661823201806531,
			"remote_total":	8.73671945321942,
			"remote_user":	0.539646574533464,
			"remote_system":	8.197062973097113
		},
		"sender_tcp_congestion":	"cubic",
		"receiver_tcp_congestion":	"cubic"
	}
}
