{
	"start":	{
		"connected":	[{
				"socket":	5,
				"local_host":	"192.168.1.3",
				"local_port":	52038,
				"remote_host":	"192.168.1.58",
				"remote_port":	5201
			}],
		"version":	"iperf 3.20",
		"system_info":	"Linux kuroi-washi 6.19.11+kali-amd64 #1 SMP PREEMPT_DYNAMIC Kali 6.19.11-1kali1 (2026-04-09) x86_64",
		"timestamp":	{
			"time":	"Thu, 23 Apr 2026 20:04:02 GMT",
			"timesecs":	1776974642,
			"timemillisecs":	1776974642788
		},
		"connecting_to":	{
			"host":	"192.168.1.58",
			"port":	5201
		},
		"cookie":	"6ltmkw5kdey4rotcfwzpam663nawefuuu3pe",
		"tcp_mss":	500,
		"target_bitrate":	0,
		"fq_rate":	0,
		"sock_bufsize":	0,
		"sndbuf_actual":	16384,
		"rcvbuf_actual":	131072,
		"test_start":	{
			"protocol":	"TCP",
			"num_streams":	1,
			"blksize":	131072,
			"omit":	0,
			"duration":	10,
			"bytes":	0,
			"blocks":	0,
			"reverse":	0,
			"tos":	0,
			"target_bitrate":	0,
			"bidir":	0,
			"fqrate":	0,
			"interval":	1
		}
	},
	"intervals":	[{
			"streams":	[{
					"socket":	5,
					"start":	0,
					"end":	1.001138,
					"seconds":	1.0011379718780518,
					"bytes":	4587520,
					"bits_per_second":	36658443.721951276,
					"retransmits":	0,
					"snd_cwnd":	213256,
					"snd_wnd":	970816,
					"rtt":	41392,
					"rttvar":	2996,
					"pmtu":	1500,
					"reorder":	0,
					"omitted":	false,
					"sender":	true
				}],
			"sum":	{
				"start":	0,
				"end":	1.001138,
				"seconds":	1.0011379718780518,
				"bytes":	4587520,
				"bits_per_second":	36658443.721951276,
				"retransmits":	0,
				"omitted":	false,
				"sender":	true
			}
		}, {
			"streams":	[{
					"socket":	5,
					"start":	1.001138,
					"end":	2.000334,
					"seconds":	0.99919599294662476,
					"bytes":	3538944,
					"bits_per_second":	28334333.003587566,
					"retransmits":	0,
					"snd_cwnd":	360632,
					"snd_wnd":	972736,
					"rtt":	68108,
					"rttvar":	7701,
					"pmtu":	1500,
					"reorder":	0,
					"omitted":	false,
					"sender":	true
				}],
			"sum":	{
				"start":	1.001138,
				"end":	2.000334,
				"seconds":	0.99919599294662476,
				"bytes":	3538944,
				"bits_per_second":	28334333.003587566,
				"retransmits":	0,
				"omitted":	false,
				"sender":	true
			}
		}, {
			"streams":	[{
					"socket":	5,
					"start":	2.000334,
					"end":	3.001062,
					"seconds":	1.0007280111312866,
					"bytes":	5373952,
					"bits_per_second":	42960340.393989317,
					"retransmits":	0,
					"snd_cwnd":	534848,
					"snd_wnd":	974720,
					"rtt":	138297,
					"rttvar":	3034,
					"pmtu":	1500,
					"reorder":	0,
					"omitted":	false,
					"sender":	true
				}],
			"sum":	{
				"start":	2.000334,
				"end":	3.001062,
				"seconds":	1.0007280111312866,
				"bytes":	5373952,
				"bits_per_second":	42960340.393989317,
				"retransmits":	0,
				"omitted":	false,
				"sender":	true
			}
		}, {
			"streams":	[{
					"socket":	5,
					"start":	3.001062,
					"end":	4.001142,
					"seconds":	1.0000799894332886,
					"bytes":	2752512,
					"bits_per_second":	22018334.765880119,
					"retransmits":	0,
					"snd_cwnd":	704184,
					"snd_wnd":	978624,
					"rtt":	67458,
					"rttvar":	8546,
					"pmtu":	1500,
					"reorder":	0,
					"omitted":	false,
					"sender":	true
				}],
			"sum":	{
				"start":	3.001062,
				"end":	4.001142,
				"seconds":	1.0000799894332886,
				"bytes":	2752512,
				"bits_per_second":	22018334.765880119,
				"retransmits":	0,
				"omitted":	false,
				"sender":	true
			}
		}, {
			"streams":	[{
					"socket":	5,
					"start":	4.001142,
					"end":	5.001141,
					"seconds":	0.99999898672103882,
					"bytes":	3014656,
					"bits_per_second":	24117272.437524762,
					"retransmits":	0,
					"snd_cwnd":	836920,
					"snd_wnd":	980544,
					"rtt":	169666,
					"rttvar":	43428,
					"pmtu":	1500,
					"reorder":	0,
					"omitted":	false,
					"sender":	true
				}],
			"sum":	{
				"start":	4.001142,
				"end":	5.001141,
				"seconds":	0.99999898672103882,
				"bytes":	3014656,
				"bits_per_second":	24117272.437524762,
				"retransmits":	0,
				"omitted":	false,
				"sender":	true
			}
		}, {
			"streams":	[{
					"socket":	5,
					"start":	5.001141,
					"end":	6.001137,
					"seconds":	0.9999960064888,
					"bytes":	3407872,
					"bits_per_second":	27263084.875434794,
					"retransmits":	0,
					"snd_cwnd":	992104,
					"snd_wnd":	980544,
					"rtt":	39842,
					"rttvar":	7213,
					"pmtu":	1500,
					"reorder":	0,
					"omitted":	false,
					"sender":	true
				}],
			"sum":	{
				"start":	5.001141,
				"end":	6.001137,
				"seconds":	0.9999960064888,
				"bytes":	3407872,
				"bits_per_second":	27263084.875434794,
				"retransmits":	0,
				"omitted":	false,
				"sender":	true
			}
		}, {
			"streams":	[{
					"socket":	5,
					"start":	6.001137,
					"end":	7.001164,
					"seconds":	1.0000269412994385,
					"bytes":	1441792,
					"bits_per_second":	11534025.258371783,
					"retransmits":	83,
					"snd_cwnd":	694424,
					"snd_wnd":	980544,
					"rtt":	25332,
					"rttvar":	2995,
					"pmtu":	1500,
					"reorder":	0,
					"omitted":	false,
					"sender":	true
				}],
			"sum":	{
				"start":	6.001137,
				"end":	7.001164,
				"seconds":	1.0000269412994385,
				"bytes":	1441792,
				"bits_per_second":	11534025.258371783,
				"retransmits":	83,
				"omitted":	false,
				"sender":	true
			}
		}, {
			"streams":	[{
					"socket":	5,
					"start":	7.001164,
					"end":	8.001118,
					"seconds":	0.9999539852142334,
					"bytes":	3670016,
					"bits_per_second":	29361479.062168837,
					"retransmits":	0,
					"snd_cwnd":	768600,
					"snd_wnd":	982528,
					"rtt":	174643,
					"rttvar":	783,
					"pmtu":	1500,
					"reorder":	0,
					"omitted":	false,
					"sender":	true
				}],
			"sum":	{
				"start":	7.001164,
				"end":	8.001118,
				"seconds":	0.9999539852142334,
				"bytes":	3670016,
				"bits_per_second":	29361479.062168837,
				"retransmits":	0,
				"omitted":	false,
				"sender":	true
			}
		}, {
			"streams":	[{
					"socket":	5,
					"start":	8.001118,
					"end":	9.001137,
					"seconds":	1.0000189542770386,
					"bytes":	3538944,
					"bits_per_second":	28311015.385171145,
					"retransmits":	60,
					"snd_cwnd":	576328,
					"snd_wnd":	982528,
					"rtt":	50261,
					"rttvar":	6525,
					"pmtu":	1500,
					"reorder":	0,
					"omitted":	false,
					"sender":	true
				}],
			"sum":	{
				"start":	8.001118,
				"end":	9.001137,
				"seconds":	1.0000189542770386,
				"bytes":	3538944,
				"bits_per_second":	28311015.385171145,
				"retransmits":	60,
				"omitted":	false,
				"sender":	true
			}
		}, {
			"streams":	[{
					"socket":	5,
					"start":	9.001137,
					"end":	10.00192,
					"seconds":	1.0007829666137695,
					"bytes":	2752512,
					"bits_per_second":	22002868.488566291,
					"retransmits":	0,
					"snd_cwnd":	609024,
					"snd_wnd":	984448,
					"rtt":	337492,
					"rttvar":	10739,
					"pmtu":	1500,
					"reorder":	0,
					"omitted":	false,
					"sender":	true
				}],
			"sum":	{
				"start":	9.001137,
				"end":	10.00192,
				"seconds":	1.0007829666137695,
				"bytes":	2752512,
				"bits_per_second":	22002868.488566291,
				"retransmits":	0,
				"omitted":	false,
				"sender":	true
			}
		}],
	"end":	{
		"streams":	[{
				"sender":	{
					"socket":	5,
					"start":	0,
					"end":	10.00192,
					"seconds":	10.00192,
					"bytes":	34078720,
					"bits_per_second":	27257742.51343742,
					"retransmits":	143,
					"reorder":	0,
					"max_snd_cwnd":	992104,
					"max_snd_wnd":	984448,
					"max_rtt":	337492,
					"min_rtt":	25332,
					"mean_rtt":	111249,
					"sender":	true
				},
				"receiver":	{
					"socket":	5,
					"start":	0,
					"end":	10.172655,
					"seconds":	10.00192,
					"bytes":	30801920,
					"bits_per_second":	24223308.467651758,
					"sender":	true
				}
			}],
		"sum_sent":	{
			"start":	0,
			"end":	10.00192,
			"seconds":	10.00192,
			"bytes":	34078720,
			"bits_per_second":	27257742.51343742,
			"retransmits":	143,
			"sender":	true
		},
		"sum_received":	{
			"start":	0,
			"end":	10.172655,
			"seconds":	10.172655,
			"bytes":	30801920,
			"bits_per_second":	24223308.467651758,
			"sender":	true
		},
		"cpu_utilization_percent":	{
			"host_total":	0.1851622090542481,
			"host_user":	0,
			"host_system":	0.1851522674591311,
			"remote_total":	17.351096505969387,
			"remote_user":	0.1115702001541562,
			"remote_system":	17.239506708028447
		},
		"sender_tcp_congestion":	"cubic",
		"receiver_tcp_congestion":	"cubic"
	}
}
