{
	"start":	{
		"connected":	[{
				"socket":	5,
				"local_host":	"192.168.1.3",
				"local_port":	60188,
				"remote_host":	"192.168.1.58",
				"remote_port":	5201
			}],
		"version":	"iperf 3.20",
		"system_info":	"Linux kuroi-washi 6.19.11+kali-amd64 #1 SMP PREEMPT_DYNAMIC Kali 6.19.11-1kali1 (2026-04-09) x86_64",
		"timestamp":	{
			"time":	"Thu, 23 Apr 2026 20:46:35 GMT",
			"timesecs":	1776977195,
			"timemillisecs":	1776977195405
		},
		"connecting_to":	{
			"host":	"192.168.1.58",
			"port":	5201
		},
		"cookie":	"tvdoafqa3lswqsympsq5imdrvnqo32zne6tk",
		"tcp_mss":	616,
		"target_bitrate":	0,
		"fq_rate":	0,
		"sock_bufsize":	0,
		"sndbuf_actual":	16384,
		"rcvbuf_actual":	131072,
		"test_start":	{
			"protocol":	"TCP",
			"num_streams":	1,
			"blksize":	131072,
			"omit":	0,
			"duration":	10,
			"bytes":	0,
			"blocks":	0,
			"reverse":	0,
			"tos":	0,
			"target_bitrate":	0,
			"bidir":	0,
			"fqrate":	0,
			"interval":	1
		}
	},
	"intervals":	[{
			"streams":	[{
					"socket":	5,
					"start":	0,
					"end":	1.001116,
					"seconds":	1.0011160373687744,
					"bytes":	5898240,
					"bits_per_second":	47133317.456404343,
					"retransmits":	0,
					"snd_cwnd":	276632,
					"snd_wnd":	1142400,
					"rtt":	49021,
					"rttvar":	1453,
					"pmtu":	1500,
					"reorder":	0,
					"omitted":	false,
					"sender":	true
				}],
			"sum":	{
				"start":	0,
				"end":	1.001116,
				"seconds":	1.0011160373687744,
				"bytes":	5898240,
				"bits_per_second":	47133317.456404343,
				"retransmits":	0,
				"omitted":	false,
				"sender":	true
			}
		}, {
			"streams":	[{
					"socket":	5,
					"start":	1.001116,
					"end":	2.001141,
					"seconds":	1.0000250339508057,
					"bytes":	6160384,
					"bits_per_second":	49281838.280884862,
					"retransmits":	0,
					"snd_cwnd":	511588,
					"snd_wnd":	1291904,
					"rtt":	89624,
					"rttvar":	3816,
					"pmtu":	1500,
					"reorder":	0,
					"omitted":	false,
					"sender":	true
				}],
			"sum":	{
				"start":	1.001116,
				"end":	2.001141,
				"seconds":	1.0000250339508057,
				"bytes":	6160384,
				"bits_per_second":	49281838.280884862,
				"retransmits":	0,
				"omitted":	false,
				"sender":	true
			}
		}, {
			"streams":	[{
					"socket":	5,
					"start":	2.001141,
					"end":	3.001123,
					"seconds":	0.99998199939727783,
					"bytes":	4194304,
					"bits_per_second":	33555036.010872558,
					"retransmits":	0,
					"snd_cwnd":	743524,
					"snd_wnd":	1455680,
					"rtt":	169477,
					"rttvar":	2287,
					"pmtu":	1500,
					"reorder":	0,
					"omitted":	false,
					"sender":	true
				}],
			"sum":	{
				"start":	2.001141,
				"end":	3.001123,
				"seconds":	0.99998199939727783,
				"bytes":	4194304,
				"bits_per_second":	33555036.010872558,
				"retransmits":	0,
				"omitted":	false,
				"sender":	true
			}
		}, {
			"streams":	[{
					"socket":	5,
					"start":	3.001123,
					"end":	4.001112,
					"seconds":	0.99998897314071655,
					"bytes":	4194304,
					"bits_per_second":	33554802.004079983,
					"retransmits":	0,
					"snd_cwnd":	961568,
					"snd_wnd":	1611712,
					"rtt":	190217,
					"rttvar":	2582,
					"pmtu":	1500,
					"reorder":	0,
					"omitted":	false,
					"sender":	true
				}],
			"sum":	{
				"start":	3.001123,
				"end":	4.001112,
				"seconds":	0.99998897314071655,
				"bytes":	4194304,
				"bits_per_second":	33554802.004079983,
				"retransmits":	0,
				"omitted":	false,
				"sender":	true
			}
		}, {
			"streams":	[{
					"socket":	5,
					"start":	4.001112,
					"end":	5.001047,
					"seconds":	0.99993497133255,
					"bytes":	4194304,
					"bits_per_second":	33556614.141901784,
					"retransmits":	0,
					"snd_cwnd":	1177800,
					"snd_wnd":	1759296,
					"rtt":	286954,
					"rttvar":	2870,
					"pmtu":	1500,
					"reorder":	0,
					"omitted":	false,
					"sender":	true
				}],
			"sum":	{
				"start":	4.001112,
				"end":	5.001047,
				"seconds":	0.99993497133255,
				"bytes":	4194304,
				"bits_per_second":	33556614.141901784,
				"retransmits":	0,
				"omitted":	false,
				"sender":	true
			}
		}, {
			"streams":	[{
					"socket":	5,
					"start":	5.001047,
					"end":	6.001098,
					"seconds":	1.0000510215759277,
					"bytes":	4325376,
					"bits_per_second":	34601242.590074,
					"retransmits":	0,
					"snd_cwnd":	1354772,
					"snd_wnd":	1843840,
					"rtt":	374006,
					"rttvar":	2001,
					"pmtu":	1500,
					"reorder":	0,
					"omitted":	false,
					"sender":	true
				}],
			"sum":	{
				"start":	5.001047,
				"end":	6.001098,
				"seconds":	1.0000510215759277,
				"bytes":	4325376,
				"bits_per_second":	34601242.590074,
				"retransmits":	0,
				"omitted":	false,
				"sender":	true
			}
		}, {
			"streams":	[{
					"socket":	5,
					"start":	6.001098,
					"end":	7.001097,
					"seconds":	0.99999898672103882,
					"bytes":	2752512,
					"bits_per_second":	22020118.312522609,
					"retransmits":	0,
					"snd_cwnd":	1527516,
					"snd_wnd":	1899648,
					"rtt":	479453,
					"rttvar":	4266,
					"pmtu":	1500,
					"reorder":	0,
					"omitted":	false,
					"sender":	true
				}],
			"sum":	{
				"start":	6.001098,
				"end":	7.001097,
				"seconds":	0.99999898672103882,
				"bytes":	2752512,
				"bits_per_second":	22020118.312522609,
				"retransmits":	0,
				"omitted":	false,
				"sender":	true
			}
		}, {
			"streams":	[{
					"socket":	5,
					"start":	7.001097,
					"end":	8.001116,
					"seconds":	1.0000189542770386,
					"bytes":	4194304,
					"bits_per_second":	33553796.012054693,
					"retransmits":	0,
					"snd_cwnd":	1693616,
					"snd_wnd":	1928640,
					"rtt":	448296,
					"rttvar":	4112,
					"pmtu":	1500,
					"reorder":	0,
					"omitted":	false,
					"sender":	true
				}],
			"sum":	{
				"start":	7.001097,
				"end":	8.001116,
				"seconds":	1.0000189542770386,
				"bytes":	4194304,
				"bits_per_second":	33553796.012054693,
				"retransmits":	0,
				"omitted":	false,
				"sender":	true
			}
		}, {
			"streams":	[{
					"socket":	5,
					"start":	8.001116,
					"end":	9.001078,
					"seconds":	0.9999619722366333,
					"bytes":	2752512,
					"bits_per_second":	22020933.406844709,
					"retransmits":	0,
					"snd_cwnd":	1873004,
					"snd_wnd":	1932800,
					"rtt":	480722,
					"rttvar":	4684,
					"pmtu":	1500,
					"reorder":	0,
					"omitted":	false,
					"sender":	true
				}],
			"sum":	{
				"start":	8.001116,
				"end":	9.001078,
				"seconds":	0.9999619722366333,
				"bytes":	2752512,
				"bits_per_second":	22020933.406844709,
				"retransmits":	0,
				"omitted":	false,
				"sender":	true
			}
		}, {
			"streams":	[{
					"socket":	5,
					"start":	9.001078,
					"end":	10.001915,
					"seconds":	1.000836968421936,
					"bytes":	4456448,
					"bits_per_second":	35621769.7036246,
					"retransmits":	0,
					"snd_cwnd":	2029440,
					"snd_wnd":	1933952,
					"rtt":	452297,
					"rttvar":	3426,
					"pmtu":	1500,
					"reorder":	0,
					"omitted":	false,
					"sender":	true
				}],
			"sum":	{
				"start":	9.001078,
				"end":	10.001915,
				"seconds":	1.000836968421936,
				"bytes":	4456448,
				"bits_per_second":	35621769.7036246,
				"retransmits":	0,
				"omitted":	false,
				"sender":	true
			}
		}],
	"end":	{
		"streams":	[{
				"sender":	{
					"socket":	5,
					"start":	0,
					"end":	10.001915,
					"seconds":	10.001915,
					"bytes":	43122688,
					"bits_per_second":	34491545.269080967,
					"retransmits":	0,
					"reorder":	0,
					"max_snd_cwnd":	2029440,
					"max_snd_wnd":	1933952,
					"max_rtt":	480722,
					"min_rtt":	49021,
					"mean_rtt":	302006,
					"sender":	true
				},
				"receiver":	{
					"socket":	5,
					"start":	0,
					"end":	10.14816,
					"seconds":	10.001915,
					"bytes":	41811968,
					"bits_per_second":	32961220.950398888,
					"sender":	true
				}
			}],
		"sum_sent":	{
			"start":	0,
			"end":	10.001915,
			"seconds":	10.001915,
			"bytes":	43122688,
			"bits_per_second":	34491545.269080967,
			"retransmits":	0,
			"sender":	true
		},
		"sum_received":	{
			"start":	0,
			"end":	10.14816,
			"seconds":	10.14816,
			"bytes":	41811968,
			"bits_per_second":	32961220.950398888,
			"sender":	true
		},
		"cpu_utilization_percent":	{
			"host_total":	0.23509553625542237,
			"host_user":	0,
			"host_system":	0.23508559900222029,
			"remote_total":	20.222944598658351,
			"remote_user":	0.24633497252009415,
			"remote_system":	19.97658997201351
		},
		"sender_tcp_congestion":	"cubic",
		"receiver_tcp_congestion":	"cubic"
	}
}
{
	"start":	{
		"connected":	[{
				"socket":	5,
				"local_host":	"192.168.1.3",
				"local_port":	36278,
				"remote_host":	"192.168.1.58",
				"remote_port":	5201
			}],
		"version":	"iperf 3.20",
		"system_info":	"Linux kuroi-washi 6.19.11+kali-amd64 #1 SMP PREEMPT_DYNAMIC Kali 6.19.11-1kali1 (2026-04-09) x86_64",
		"timestamp":	{
			"time":	"Thu, 23 Apr 2026 20:46:46 GMT",
			"timesecs":	1776977206,
			"timemillisecs":	1776977206191
		},
		"connecting_to":	{
			"host":	"192.168.1.58",
			"port":	5201
		},
		"cookie":	"dsxzvvls4oex7gfg4kewybnrmw2n4fm5fnep",
		"tcp_mss":	616,
		"target_bitrate":	0,
		"fq_rate":	0,
		"sock_bufsize":	0,
		"sndbuf_actual":	16384,
		"rcvbuf_actual":	131072,
		"test_start":	{
			"protocol":	"TCP",
			"num_streams":	1,
			"blksize":	131072,
			"omit":	0,
			"duration":	10,
			"bytes":	0,
			"blocks":	0,
			"reverse":	0,
			"tos":	0,
			"target_bitrate":	0,
			"bidir":	0,
			"fqrate":	0,
			"interval":	1
		}
	},
	"intervals":	[{
			"streams":	[{
					"socket":	5,
					"start":	0,
					"end":	1.001119,
					"seconds":	1.0011190176010132,
					"bytes":	6160384,
					"bits_per_second":	49227985.0183021,
					"retransmits":	0,
					"snd_cwnd":	318912,
					"snd_wnd":	1154432,
					"rtt":	46711,
					"rttvar":	2528,
					"pmtu":	1500,
					"reorder":	0,
					"omitted":	false,
					"sender":	true
				}],
			"sum":	{
				"start":	0,
				"end":	1.001119,
				"seconds":	1.0011190176010132,
				"bytes":	6160384,
				"bits_per_second":	49227985.0183021,
				"retransmits":	0,
				"omitted":	false,
				"sender":	true
			}
		}, {
			"streams":	[{
					"socket":	5,
					"start":	1.001119,
					"end":	2.001093,
					"seconds":	0.999974012374878,
					"bytes":	5242880,
					"bits_per_second":	41944130.028327249,
					"retransmits":	0,
					"snd_cwnd":	539976,
					"snd_wnd":	1318976,
					"rtt":	113809,
					"rttvar":	1035,
					"pmtu":	1500,
					"reorder":	0,
					"omitted":	false,
					"sender":	true
				}],
			"sum":	{
				"start":	1.001119,
				"end":	2.001093,
				"seconds":	0.999974012374878,
				"bytes":	5242880,
				"bits_per_second":	41944130.028327249,
				"retransmits":	0,
				"omitted":	false,
				"sender":	true
			}
		}, {
			"streams":	[{
					"socket":	5,
					"start":	2.001093,
					"end":	3.001113,
					"seconds":	1.0000200271606445,
					"bytes":	5505024,
					"bits_per_second":	44039310.0176636,
					"retransmits":	0,
					"snd_cwnd":	750772,
					"snd_wnd":	1507520,
					"rtt":	154799,
					"rttvar":	885,
					"pmtu":	1500,
					"reorder":	0,
					"omitted":	false,
					"sender":	true
				}],
			"sum":	{
				"start":	2.001093,
				"end":	3.001113,
				"seconds":	1.0000200271606445,
				"bytes":	5505024,
				"bits_per_second":	44039310.0176636,
				"retransmits":	0,
				"omitted":	false,
				"sender":	true
			}
		}, {
			"streams":	[{
					"socket":	5,
					"start":	3.001113,
					"end":	4.001101,
					"seconds":	0.9999880194664,
					"bytes":	2883584,
					"bits_per_second":	23068948.378311161,
					"retransmits":	0,
					"snd_cwnd":	957944,
					"snd_wnd":	1701120,
					"rtt":	314826,
					"rttvar":	2703,
					"pmtu":	1500,
					"reorder":	0,
					"omitted":	false,
					"sender":	true
				}],
			"sum":	{
				"start":	3.001113,
				"end":	4.001101,
				"seconds":	0.9999880194664,
				"bytes":	2883584,
				"bits_per_second":	23068948.378311161,
				"retransmits":	0,
				"omitted":	false,
				"sender":	true
			}
		}, {
			"streams":	[{
					"socket":	5,
					"start":	4.001101,
					"end":	5.001134,
					"seconds":	1.0000330209732056,
					"bytes":	4194304,
					"bits_per_second":	33553324.036586031,
					"retransmits":	0,
					"snd_cwnd":	1137332,
					"snd_wnd":	1788096,
					"rtt":	276973,
					"rttvar":	7605,
					"pmtu":	1500,
					"reorder":	0,
					"omitted":	false,
					"sender":	true
				}],
			"sum":	{
				"start":	4.001101,
				"end":	5.001134,
				"seconds":	1.0000330209732056,
				"bytes":	4194304,
				"bits_per_second":	33553324.036586031,
				"retransmits":	0,
				"omitted":	false,
				"sender":	true
			}
		}, {
			"streams":	[{
					"socket":	5,
					"start":	5.001134,
					"end":	6.001137,
					"seconds":	1.0000029802322388,
					"bytes":	4325376,
					"bits_per_second":	34602904.875307336,
					"retransmits":	0,
					"snd_cwnd":	1323364,
					"snd_wnd":	1903488,
					"rtt":	364781,
					"rttvar":	2736,
					"pmtu":	1500,
					"reorder":	0,
					"omitted":	false,
					"sender":	true
				}],
			"sum":	{
				"start":	5.001134,
				"end":	6.001137,
				"seconds":	1.0000029802322388,
				"bytes":	4325376,
				"bits_per_second":	34602904.875307336,
				"retransmits":	0,
				"omitted":	false,
				"sender":	true
			}
		}, {
			"streams":	[{
					"socket":	5,
					"start":	6.001137,
					"end":	7.001137,
					"seconds":	1,
					"bytes":	2883584,
					"bits_per_second":	23068672,
					"retransmits":	0,
					"snd_cwnd":	1498524,
					"snd_wnd":	1932352,
					"rtt":	391123,
					"rttvar":	5150,
					"pmtu":	1500,
					"reorder":	0,
					"omitted":	false,
					"sender":	true
				}],
			"sum":	{
				"start":	6.001137,
				"end":	7.001137,
				"seconds":	1,
				"bytes":	2883584,
				"bits_per_second":	23068672,
				"retransmits":	0,
				"omitted":	false,
				"sender":	true
			}
		}, {
			"streams":	[{
					"socket":	5,
					"start":	7.001137,
					"end":	8.001117,
					"seconds":	0.99997997283935547,
					"bytes":	3014656,
					"bits_per_second":	24117731.009673312,
					"retransmits":	0,
					"snd_cwnd":	1667040,
					"snd_wnd":	1932352,
					"rtt":	475257,
					"rttvar":	2831,
					"pmtu":	1500,
					"reorder":	0,
					"omitted":	false,
					"sender":	true
				}],
			"sum":	{
				"start":	7.001137,
				"end":	8.001117,
				"seconds":	0.99997997283935547,
				"bytes":	3014656,
				"bits_per_second":	24117731.009673312,
				"retransmits":	0,
				"omitted":	false,
				"sender":	true
			}
		}, {
			"streams":	[{
					"socket":	5,
					"start":	8.001117,
					"end":	9.001129,
					"seconds":	1.0000120401382446,
					"bytes":	3014656,
					"bits_per_second":	24116957.628496114,
					"retransmits":	0,
					"snd_cwnd":	1827704,
					"snd_wnd":	1932352,
					"rtt":	540523,
					"rttvar":	7581,
					"pmtu":	1500,
					"reorder":	0,
					"omitted":	false,
					"sender":	true
				}],
			"sum":	{
				"start":	8.001117,
				"end":	9.001129,
				"seconds":	1.0000120401382446,
				"bytes":	3014656,
				"bits_per_second":	24116957.628496114,
				"retransmits":	0,
				"omitted":	false,
				"sender":	true
			}
		}, {
			"streams":	[{
					"socket":	5,
					"start":	9.001129,
					"end":	10.001478,
					"seconds":	1.0003490447998047,
					"bytes":	4849664,
					"bits_per_second":	38783774.7251154,
					"retransmits":	0,
					"snd_cwnd":	2009508,
					"snd_wnd":	1933952,
					"rtt":	462016,
					"rttvar":	16759,
					"pmtu":	1500,
					"reorder":	0,
					"omitted":	false,
					"sender":	true
				}],
			"sum":	{
				"start":	9.001129,
				"end":	10.001478,
				"seconds":	1.0003490447998047,
				"bytes":	4849664,
				"bits_per_second":	38783774.7251154,
				"retransmits":	0,
				"omitted":	false,
				"sender":	true
			}
		}],
	"end":	{
		"streams":	[{
				"sender":	{
					"socket":	5,
					"start":	0,
					"end":	10.001478,
					"seconds":	10.001478,
					"bytes":	42074112,
					"bits_per_second":	33654315.492170252,
					"retransmits":	0,
					"reorder":	0,
					"max_snd_cwnd":	2009508,
					"max_snd_wnd":	1933952,
					"max_rtt":	540523,
					"min_rtt":	46711,
					"mean_rtt":	314081,
					"sender":	true
				},
				"receiver":	{
					"socket":	5,
					"start":	0,
					"end":	10.196223,
					"seconds":	10.001478,
					"bytes":	39845888,
					"bits_per_second":	31263253.461600438,
					"sender":	true
				}
			}],
		"sum_sent":	{
			"start":	0,
			"end":	10.001478,
			"seconds":	10.001478,
			"bytes":	42074112,
			"bits_per_second":	33654315.492170252,
			"retransmits":	0,
			"sender":	true
		},
		"sum_received":	{
			"start":	0,
			"end":	10.196223,
			"seconds":	10.196223,
			"bytes":	39845888,
			"bits_per_second":	31263253.461600438,
			"sender":	true
		},
		"cpu_utilization_percent":	{
			"host_total":	0.196773608657999,
			"host_user":	0,
			"host_system":	0.19674378694413322,
			"remote_total":	19.09679863477157,
			"remote_user":	0.12354804883756385,
			"remote_system":	18.973231027908227
		},
		"sender_tcp_congestion":	"cubic",
		"receiver_tcp_congestion":	"cubic"
	}
}
{
	"start":	{
		"connected":	[{
				"socket":	5,
				"local_host":	"192.168.1.3",
				"local_port":	58308,
				"remote_host":	"192.168.1.58",
				"remote_port":	5201
			}],
		"version":	"iperf 3.20",
		"system_info":	"Linux kuroi-washi 6.19.11+kali-amd64 #1 SMP PREEMPT_DYNAMIC Kali 6.19.11-1kali1 (2026-04-09) x86_64",
		"timestamp":	{
			"time":	"Thu, 23 Apr 2026 20:46:56 GMT",
			"timesecs":	1776977216,
			"timemillisecs":	1776977216940
		},
		"connecting_to":	{
			"host":	"192.168.1.58",
			"port":	5201
		},
		"cookie":	"r6hsalla6nuej6f7eqbwwq7roo56pf677acu",
		"tcp_mss":	616,
		"target_bitrate":	0,
		"fq_rate":	0,
		"sock_bufsize":	0,
		"sndbuf_actual":	16384,
		"rcvbuf_actual":	131072,
		"test_start":	{
			"protocol":	"TCP",
			"num_streams":	1,
			"blksize":	131072,
			"omit":	0,
			"duration":	10,
			"bytes":	0,
			"blocks":	0,
			"reverse":	0,
			"tos":	0,
			"target_bitrate":	0,
			"bidir":	0,
			"fqrate":	0,
			"interval":	1
		}
	},
	"intervals":	[{
			"streams":	[{
					"socket":	5,
					"start":	0,
					"end":	1.001095,
					"seconds":	1.0010950565338135,
					"bytes":	5767168,
					"bits_per_second":	46086876.265022933,
					"retransmits":	0,
					"snd_cwnd":	282068,
					"snd_wnd":	1135232,
					"rtt":	53073,
					"rttvar":	2113,
					"pmtu":	1500,
					"reorder":	0,
					"omitted":	false,
					"sender":	true
				}],
			"sum":	{
				"start":	0,
				"end":	1.001095,
				"seconds":	1.0010950565338135,
				"bytes":	5767168,
				"bits_per_second":	46086876.265022933,
				"retransmits":	0,
				"omitted":	false,
				"sender":	true
			}
		}, {
			"streams":	[{
					"socket":	5,
					"start":	1.001095,
					"end":	2.001071,
					"seconds":	0.99997597932815552,
					"bytes":	6160384,
					"bits_per_second":	49284255.840936653,
					"retransmits":	0,
					"snd_cwnd":	518232,
					"snd_wnd":	1309184,
					"rtt":	93415,
					"rttvar":	3115,
					"pmtu":	1500,
					"reorder":	0,
					"omitted":	false,
					"sender":	true
				}],
			"sum":	{
				"start":	1.001095,
				"end":	2.001071,
				"seconds":	0.99997597932815552,
				"bytes":	6160384,
				"bits_per_second":	49284255.840936653,
				"retransmits":	0,
				"omitted":	false,
				"sender":	true
			}
		}, {
			"streams":	[{
					"socket":	5,
					"start":	2.001071,
					"end":	3.001094,
					"seconds":	1.0000230073928833,
					"bytes":	4063232,
					"bits_per_second":	32505108.142206259,
					"retransmits":	0,
					"snd_cwnd":	747752,
					"snd_wnd":	1529024,
					"rtt":	149748,
					"rttvar":	2315,
					"pmtu":	1500,
					"reorder":	0,
					"omitted":	false,
					"sender":	true
				}],
			"sum":	{
				"start":	2.001071,
				"end":	3.001094,
				"seconds":	1.0000230073928833,
				"bytes":	4063232,
				"bits_per_second":	32505108.142206259,
				"retransmits":	0,
				"omitted":	false,
				"sender":	true
			}
		}, {
			"streams":	[{
					"socket":	5,
					"start":	3.001094,
					"end":	4.001113,
					"seconds":	1.0000189542770386,
					"bytes":	5636096,
					"bits_per_second":	45087913.3911985,
					"retransmits":	0,
					"snd_cwnd":	976064,
					"snd_wnd":	1729664,
					"rtt":	184205,
					"rttvar":	3194,
					"pmtu":	1500,
					"reorder":	0,
					"omitted":	false,
					"sender":	true
				}],
			"sum":	{
				"start":	3.001094,
				"end":	4.001113,
				"seconds":	1.0000189542770386,
				"bytes":	5636096,
				"bits_per_second":	45087913.3911985,
				"retransmits":	0,
				"omitted":	false,
				"sender":	true
			}
		}, {
			"streams":	[{
					"socket":	5,
					"start":	4.001113,
					"end":	5.001127,
					"seconds":	1.0000139474868774,
					"bytes":	4194304,
					"bits_per_second":	33553964.006527334,
					"retransmits":	0,
					"snd_cwnd":	1179612,
					"snd_wnd":	1889088,
					"rtt":	301379,
					"rttvar":	3825,
					"pmtu":	1500,
					"reorder":	0,
					"omitted":	false,
					"sender":	true
				}],
			"sum":	{
				"start":	4.001113,
				"end":	5.001127,
				"seconds":	1.0000139474868774,
				"bytes":	4194304,
				"bits_per_second":	33553964.006527334,
				"retransmits":	0,
				"omitted":	false,
				"sender":	true
			}
		}, {
			"streams":	[{
					"socket":	5,
					"start":	5.001127,
					"end":	6.001097,
					"seconds":	0.999970018863678,
					"bytes":	2883584,
					"bits_per_second":	23069363.645736326,
					"retransmits":	0,
					"snd_cwnd":	1338464,
					"snd_wnd":	1909376,
					"rtt":	383983,
					"rttvar":	3144,
					"pmtu":	1500,
					"reorder":	0,
					"omitted":	false,
					"sender":	true
				}],
			"sum":	{
				"start":	5.001127,
				"end":	6.001097,
				"seconds":	0.999970018863678,
				"bytes":	2883584,
				"bits_per_second":	23069363.645736326,
				"retransmits":	0,
				"omitted":	false,
				"sender":	true
			}
		}, {
			"streams":	[{
					"socket":	5,
					"start":	6.001097,
					"end":	7.001113,
					"seconds":	1.0000159740448,
					"bytes":	2752512,
					"bits_per_second":	22019744.255618781,
					"retransmits":	0,
					"snd_cwnd":	1514228,
					"snd_wnd":	1930368,
					"rtt":	392178,
					"rttvar":	1732,
					"pmtu":	1500,
					"reorder":	0,
					"omitted":	false,
					"sender":	true
				}],
			"sum":	{
				"start":	6.001097,
				"end":	7.001113,
				"seconds":	1.0000159740448,
				"bytes":	2752512,
				"bits_per_second":	22019744.255618781,
				"retransmits":	0,
				"omitted":	false,
				"sender":	true
			}
		}, {
			"streams":	[{
					"socket":	5,
					"start":	7.001113,
					"end":	8.001135,
					"seconds":	1.0000220537185669,
					"bytes":	4325376,
					"bits_per_second":	34602244.891829371,
					"retransmits":	0,
					"snd_cwnd":	1706300,
					"snd_wnd":	1932800,
					"rtt":	371180,
					"rttvar":	11777,
					"pmtu":	1500,
					"reorder":	0,
					"omitted":	false,
					"sender":	true
				}],
			"sum":	{
				"start":	7.001113,
				"end":	8.001135,
				"seconds":	1.0000220537185669,
				"bytes":	4325376,
				"bits_per_second":	34602244.891829371,
				"retransmits":	0,
				"omitted":	false,
				"sender":	true
			}
		}, {
			"streams":	[{
					"socket":	5,
					"start":	8.001135,
					"end":	9.001114,
					"seconds":	0.999979019165039,
					"bytes":	4325376,
					"bits_per_second":	34603734.0152324,
					"retransmits":	0,
					"snd_cwnd":	1895956,
					"snd_wnd":	1932800,
					"rtt":	395584,
					"rttvar":	7129,
					"pmtu":	1500,
					"reorder":	0,
					"omitted":	false,
					"sender":	true
				}],
			"sum":	{
				"start":	8.001135,
				"end":	9.001114,
				"seconds":	0.999979019165039,
				"bytes":	4325376,
				"bits_per_second":	34603734.0152324,
				"retransmits":	0,
				"omitted":	false,
				"sender":	true
			}
		}, {
			"streams":	[{
					"socket":	5,
					"start":	9.001114,
					"end":	10.001965,
					"seconds":	1.000851035118103,
					"bytes":	3145728,
					"bits_per_second":	25144425.211120822,
					"retransmits":	0,
					"snd_cwnd":	1996220,
					"snd_wnd":	1932800,
					"rtt":	485165,
					"rttvar":	98572,
					"pmtu":	1500,
					"reorder":	0,
					"omitted":	false,
					"sender":	true
				}],
			"sum":	{
				"start":	9.001114,
				"end":	10.001965,
				"seconds":	1.000851035118103,
				"bytes":	3145728,
				"bits_per_second":	25144425.211120822,
				"retransmits":	0,
				"omitted":	false,
				"sender":	true
			}
		}],
	"end":	{
		"streams":	[{
				"sender":	{
					"socket":	5,
					"start":	0,
					"end":	10.001965,
					"seconds":	10.001965,
					"bytes":	43253760,
					"bits_per_second":	34596209.8447655,
					"retransmits":	0,
					"reorder":	0,
					"max_snd_cwnd":	1996220,
					"max_snd_wnd":	1932800,
					"max_rtt":	485165,
					"min_rtt":	53073,
					"mean_rtt":	280991,
					"sender":	true
				},
				"receiver":	{
					"socket":	5,
					"start":	0,
					"end":	10.077234,
					"seconds":	10.001965,
					"bytes":	41418752,
					"bits_per_second":	32881048.113004021,
					"sender":	true
				}
			}],
		"sum_sent":	{
			"start":	0,
			"end":	10.001965,
			"seconds":	10.001965,
			"bytes":	43253760,
			"bits_per_second":	34596209.8447655,
			"retransmits":	0,
			"sender":	true
		},
		"sum_received":	{
			"start":	0,
			"end":	10.077234,
			"seconds":	10.077234,
			"bytes":	41418752,
			"bits_per_second":	32881048.113004021,
			"sender":	true
		},
		"cpu_utilization_percent":	{
			"host_total":	0.22021556846219559,
			"host_user":	0,
			"host_system":	0.22021556846219559,
			"remote_total":	19.7595471216188,
			"remote_user":	0.65195704355512341,
			"remote_system":	19.107609865818247
		},
		"sender_tcp_congestion":	"cubic",
		"receiver_tcp_congestion":	"cubic"
	}
}
{
	"start":	{
		"connected":	[{
				"socket":	5,
				"local_host":	"192.168.1.3",
				"local_port":	49804,
				"remote_host":	"192.168.1.58",
				"remote_port":	5201
			}],
		"version":	"iperf 3.20",
		"system_info":	"Linux kuroi-washi 6.19.11+kali-amd64 #1 SMP PREEMPT_DYNAMIC Kali 6.19.11-1kali1 (2026-04-09) x86_64",
		"timestamp":	{
			"time":	"Thu, 23 Apr 2026 20:47:07 GMT",
			"timesecs":	1776977227,
			"timemillisecs":	1776977227628
		},
		"connecting_to":	{
			"host":	"192.168.1.58",
			"port":	5201
		},
		"cookie":	"y3dlyydrhflq33jkeh3uvlyrrwksnsc6arwd",
		"tcp_mss":	616,
		"target_bitrate":	0,
		"fq_rate":	0,
		"sock_bufsize":	0,
		"sndbuf_actual":	16384,
		"rcvbuf_actual":	131072,
		"test_start":	{
			"protocol":	"TCP",
			"num_streams":	1,
			"blksize":	131072,
			"omit":	0,
			"duration":	10,
			"bytes":	0,
			"blocks":	0,
			"reverse":	0,
			"tos":	0,
			"target_bitrate":	0,
			"bidir":	0,
			"fqrate":	0,
			"interval":	1
		}
	},
	"intervals":	[{
			"streams":	[{
					"socket":	5,
					"start":	0,
					"end":	1.00106,
					"seconds":	1.0010600090026855,
					"bytes":	5242880,
					"bits_per_second":	41898627.078097053,
					"retransmits":	0,
					"snd_cwnd":	276028,
					"snd_wnd":	1145856,
					"rtt":	33816,
					"rttvar":	937,
					"pmtu":	1500,
					"reorder":	0,
					"omitted":	false,
					"sender":	true
				}],
			"sum":	{
				"start":	0,
				"end":	1.00106,
				"seconds":	1.0010600090026855,
				"bytes":	5242880,
				"bits_per_second":	41898627.078097053,
				"retransmits":	0,
				"omitted":	false,
				"sender":	true
			}
		}, {
			"streams":	[{
					"socket":	5,
					"start":	1.00106,
					"end":	2.001052,
					"seconds":	0.9999920129776,
					"bytes":	5636096,
					"bits_per_second":	45089128.127876349,
					"retransmits":	0,
					"snd_cwnd":	489240,
					"snd_wnd":	1313728,
					"rtt":	97443,
					"rttvar":	13033,
					"pmtu":	1500,
					"reorder":	0,
					"omitted":	false,
					"sender":	true
				}],
			"sum":	{
				"start":	1.00106,
				"end":	2.001052,
				"seconds":	0.9999920129776,
				"bytes":	5636096,
				"bits_per_second":	45089128.127876349,
				"retransmits":	0,
				"omitted":	false,
				"sender":	true
			}
		}, {
			"streams":	[{
					"socket":	5,
					"start":	2.001052,
					"end":	3.001046,
					"seconds":	0.99999397993087769,
					"bytes":	5636096,
					"bits_per_second":	45089039.439134084,
					"retransmits":	0,
					"snd_cwnd":	732048,
					"snd_wnd":	1503104,
					"rtt":	143545,
					"rttvar":	5270,
					"pmtu":	1500,
					"reorder":	0,
					"omitted":	false,
					"sender":	true
				}],
			"sum":	{
				"start":	2.001052,
				"end":	3.001046,
				"seconds":	0.99999397993087769,
				"bytes":	5636096,
				"bits_per_second":	45089039.439134084,
				"retransmits":	0,
				"omitted":	false,
				"sender":	true
			}
		}, {
			"streams":	[{
					"socket":	5,
					"start":	3.001046,
					"end":	4.001045,
					"seconds":	0.99999898672103882,
					"bytes":	4194304,
					"bits_per_second":	33554466.000034451,
					"retransmits":	0,
					"snd_cwnd":	968212,
					"snd_wnd":	1735040,
					"rtt":	192416,
					"rttvar":	3112,
					"pmtu":	1500,
					"reorder":	0,
					"omitted":	false,
					"sender":	true
				}],
			"sum":	{
				"start":	3.001046,
				"end":	4.001045,
				"seconds":	0.99999898672103882,
				"bytes":	4194304,
				"bits_per_second":	33554466.000034451,
				"retransmits":	0,
				"omitted":	false,
				"sender":	true
			}
		}, {
			"streams":	[{
					"socket":	5,
					"start":	4.001045,
					"end":	5.001119,
					"seconds":	1.000074028968811,
					"bytes":	4194304,
					"bits_per_second":	33551948.183874346,
					"retransmits":	0,
					"snd_cwnd":	1145788,
					"snd_wnd":	1863040,
					"rtt":	285270,
					"rttvar":	2456,
					"pmtu":	1500,
					"reorder":	0,
					"omitted":	false,
					"sender":	true
				}],
			"sum":	{
				"start":	4.001045,
				"end":	5.001119,
				"seconds":	1.000074028968811,
				"bytes":	4194304,
				"bits_per_second":	33551948.183874346,
				"retransmits":	0,
				"omitted":	false,
				"sender":	true
			}
		}, {
			"streams":	[{
					"socket":	5,
					"start":	5.001119,
					"end":	6.00106,
					"seconds":	0.99994099140167236,
					"bytes":	2883584,
					"bits_per_second":	23070033.330330193,
					"retransmits":	0,
					"snd_cwnd":	1302828,
					"snd_wnd":	1913600,
					"rtt":	399161,
					"rttvar":	2737,
					"pmtu":	1500,
					"reorder":	0,
					"omitted":	false,
					"sender":	true
				}],
			"sum":	{
				"start":	5.001119,
				"end":	6.00106,
				"seconds":	0.99994099140167236,
				"bytes":	2883584,
				"bits_per_second":	23070033.330330193,
				"retransmits":	0,
				"omitted":	false,
				"sender":	true
			}
		}, {
			"streams":	[{
					"socket":	5,
					"start":	6.00106,
					"end":	7.001113,
					"seconds":	1.00005304813385,
					"bytes":	2752512,
					"bits_per_second":	22018927.936963566,
					"retransmits":	0,
					"snd_cwnd":	1466512,
					"snd_wnd":	1930368,
					"rtt":	373299,
					"rttvar":	21220,
					"pmtu":	1500,
					"reorder":	0,
					"omitted":	false,
					"sender":	true
				}],
			"sum":	{
				"start":	6.00106,
				"end":	7.001113,
				"seconds":	1.00005304813385,
				"bytes":	2752512,
				"bits_per_second":	22018927.936963566,
				"retransmits":	0,
				"omitted":	false,
				"sender":	true
			}
		}, {
			"streams":	[{
					"socket":	5,
					"start":	7.001113,
					"end":	8.001029,
					"seconds":	0.99991601705551147,
					"bytes":	4980736,
					"bits_per_second":	39849234.656062029,
					"retransmits":	0,
					"snd_cwnd":	1654356,
					"snd_wnd":	1930368,
					"rtt":	230650,
					"rttvar":	62725,
					"pmtu":	1500,
					"reorder":	0,
					"omitted":	false,
					"sender":	true
				}],
			"sum":	{
				"start":	7.001113,
				"end":	8.001029,
				"seconds":	0.99991601705551147,
				"bytes":	4980736,
				"bits_per_second":	39849234.656062029,
				"retransmits":	0,
				"omitted":	false,
				"sender":	true
			}
		}, {
			"streams":	[{
					"socket":	5,
					"start":	8.001029,
					"end":	9.001045,
					"seconds":	1.0000159740448,
					"bytes":	2883584,
					"bits_per_second":	23068303.505886342,
					"retransmits":	91,
					"snd_cwnd":	1218268,
					"snd_wnd":	1930368,
					"rtt":	350417,
					"rttvar":	16161,
					"pmtu":	1500,
					"reorder":	0,
					"omitted":	false,
					"sender":	true
				}],
			"sum":	{
				"start":	8.001029,
				"end":	9.001045,
				"seconds":	1.0000159740448,
				"bytes":	2883584,
				"bits_per_second":	23068303.505886342,
				"retransmits":	91,
				"omitted":	false,
				"sender":	true
			}
		}, {
			"streams":	[{
					"socket":	5,
					"start":	9.001045,
					"end":	10.001936,
					"seconds":	1.0008909702301025,
					"bytes":	3014656,
					"bits_per_second":	24095779.377903171,
					"retransmits":	0,
					"snd_cwnd":	1323364,
					"snd_wnd":	1930368,
					"rtt":	285757,
					"rttvar":	40771,
					"pmtu":	1500,
					"reorder":	0,
					"omitted":	false,
					"sender":	true
				}],
			"sum":	{
				"start":	9.001045,
				"end":	10.001936,
				"seconds":	1.0008909702301025,
				"bytes":	3014656,
				"bits_per_second":	24095779.377903171,
				"retransmits":	0,
				"omitted":	false,
				"sender":	true
			}
		}],
	"end":	{
		"streams":	[{
				"sender":	{
					"socket":	5,
					"start":	0,
					"end":	10.001936,
					"seconds":	10.001936,
					"bytes":	41418752,
					"bits_per_second":	33128587.905381516,
					"retransmits":	91,
					"reorder":	0,
					"max_snd_cwnd":	1654356,
					"max_snd_wnd":	1930368,
					"max_rtt":	399161,
					"min_rtt":	33816,
					"mean_rtt":	239177,
					"sender":	true
				},
				"receiver":	{
					"socket":	5,
					"start":	0,
					"end":	10.321302,
					"seconds":	10.001936,
					"bytes":	38666240,
					"bits_per_second":	29970048.352426857,
					"sender":	true
				}
			}],
		"sum_sent":	{
			"start":	0,
			"end":	10.001936,
			"seconds":	10.001936,
			"bytes":	41418752,
			"bits_per_second":	33128587.905381516,
			"retransmits":	91,
			"sender":	true
		},
		"sum_received":	{
			"start":	0,
			"end":	10.321302,
			"seconds":	10.321302,
			"bytes":	38666240,
			"bits_per_second":	29970048.352426857,
			"sender":	true
		},
		"cpu_utilization_percent":	{
			"host_total":	0.22943607628938315,
			"host_user":	0,
			"host_system":	0.22943607628938315,
			"remote_total":	18.568611309040687,
			"remote_user":	0.30098496002466529,
			"remote_system":	18.26762634901602
		},
		"sender_tcp_congestion":	"cubic",
		"receiver_tcp_congestion":	"cubic"
	}
}
{
	"start":	{
		"connected":	[{
				"socket":	5,
				"local_host":	"192.168.1.3",
				"local_port":	53728,
				"remote_host":	"192.168.1.58",
				"remote_port":	5201
			}],
		"version":	"iperf 3.20",
		"system_info":	"Linux kuroi-washi 6.19.11+kali-amd64 #1 SMP PREEMPT_DYNAMIC Kali 6.19.11-1kali1 (2026-04-09) x86_64",
		"timestamp":	{
			"time":	"Thu, 23 Apr 2026 20:47:18 GMT",
			"timesecs":	1776977238,
			"timemillisecs":	1776977238303
		},
		"connecting_to":	{
			"host":	"192.168.1.58",
			"port":	5201
		},
		"cookie":	"nj3nifhsjbtn6bshz546x27pup7tjalj725d",
		"tcp_mss":	616,
		"target_bitrate":	0,
		"fq_rate":	0,
		"sock_bufsize":	0,
		"sndbuf_actual":	16384,
		"rcvbuf_actual":	131072,
		"test_start":	{
			"protocol":	"TCP",
			"num_streams":	1,
			"blksize":	131072,
			"omit":	0,
			"duration":	10,
			"bytes":	0,
			"blocks":	0,
			"reverse":	0,
			"tos":	0,
			"target_bitrate":	0,
			"bidir":	0,
			"fqrate":	0,
			"interval":	1
		}
	},
	"intervals":	[{
			"streams":	[{
					"socket":	5,
					"start":	0,
					"end":	1.001129,
					"seconds":	1.0011290311813354,
					"bytes":	6029312,
					"bits_per_second":	48180099.165722065,
					"retransmits":	0,
					"snd_cwnd":	284484,
					"snd_wnd":	1131584,
					"rtt":	45001,
					"rttvar":	2154,
					"pmtu":	1500,
					"reorder":	0,
					"omitted":	false,
					"sender":	true
				}],
			"sum":	{
				"start":	0,
				"end":	1.001129,
				"seconds":	1.0011290311813354,
				"bytes":	6029312,
				"bits_per_second":	48180099.165722065,
				"retransmits":	0,
				"omitted":	false,
				"sender":	true
			}
		}, {
			"streams":	[{
					"socket":	5,
					"start":	1.001129,
					"end":	2.00109,
					"seconds":	0.999961018562317,
					"bytes":	6291456,
					"bits_per_second":	50333610.076484561,
					"retransmits":	0,
					"snd_cwnd":	518232,
					"snd_wnd":	1313600,
					"rtt":	93415,
					"rttvar":	2631,
					"pmtu":	1500,
					"reorder":	0,
					"omitted":	false,
					"sender":	true
				}],
			"sum":	{
				"start":	1.001129,
				"end":	2.00109,
				"seconds":	0.999961018562317,
				"bytes":	6291456,
				"bits_per_second":	50333610.076484561,
				"retransmits":	0,
				"omitted":	false,
				"sender":	true
			}
		}, {
			"streams":	[{
					"socket":	5,
					"start":	2.00109,
					"end":	3.001117,
					"seconds":	1.0000269412994385,
					"bytes":	4194304,
					"bits_per_second":	33553528.024354279,
					"retransmits":	0,
					"snd_cwnd":	748356,
					"snd_wnd":	1499648,
					"rtt":	144570,
					"rttvar":	1540,
					"pmtu":	1500,
					"reorder":	0,
					"omitted":	false,
					"sender":	true
				}],
			"sum":	{
				"start":	2.00109,
				"end":	3.001117,
				"seconds":	1.0000269412994385,
				"bytes":	4194304,
				"bits_per_second":	33553528.024354279,
				"retransmits":	0,
				"omitted":	false,
				"sender":	true
			}
		}, {
			"streams":	[{
					"socket":	5,
					"start":	3.001117,
					"end":	4.001102,
					"seconds":	0.9999849796295166,
					"bytes":	4194304,
					"bits_per_second":	33554936.007570378,
					"retransmits":	0,
					"snd_cwnd":	972440,
					"snd_wnd":	1667456,
					"rtt":	188554,
					"rttvar":	6395,
					"pmtu":	1500,
					"reorder":	0,
					"omitted":	false,
					"sender":	true
				}],
			"sum":	{
				"start":	3.001117,
				"end":	4.001102,
				"seconds":	0.9999849796295166,
				"bytes":	4194304,
				"bits_per_second":	33554936.007570378,
				"retransmits":	0,
				"omitted":	false,
				"sender":	true
			}
		}, {
			"streams":	[{
					"socket":	5,
					"start":	4.001102,
					"end":	5.001118,
					"seconds":	1.0000159740448,
					"bytes":	4456448,
					"bits_per_second":	35651014.50909707,
					"retransmits":	0,
					"snd_cwnd":	1180820,
					"snd_wnd":	1782848,
					"rtt":	235482,
					"rttvar":	1210,
					"pmtu":	1500,
					"reorder":	0,
					"omitted":	false,
					"sender":	true
				}],
			"sum":	{
				"start":	4.001102,
				"end":	5.001118,
				"seconds":	1.0000159740448,
				"bytes":	4456448,
				"bits_per_second":	35651014.50909707,
				"retransmits":	0,
				"omitted":	false,
				"sender":	true
			}
		}, {
			"streams":	[{
					"socket":	5,
					"start":	5.001118,
					"end":	6.001096,
					"seconds":	0.999978005886078,
					"bytes":	4194304,
					"bits_per_second":	33555170.016232014,
					"retransmits":	0,
					"snd_cwnd":	1365040,
					"snd_wnd":	1895872,
					"rtt":	393103,
					"rttvar":	17697,
					"pmtu":	1500,
					"reorder":	0,
					"omitted":	false,
					"sender":	true
				}],
			"sum":	{
				"start":	5.001118,
				"end":	6.001096,
				"seconds":	0.999978005886078,
				"bytes":	4194304,
				"bits_per_second":	33555170.016232014,
				"retransmits":	0,
				"omitted":	false,
				"sender":	true
			}
		}, {
			"streams":	[{
					"socket":	5,
					"start":	6.001096,
					"end":	7.001098,
					"seconds":	1.0000020265579224,
					"bytes":	2752512,
					"bits_per_second":	22020051.375090435,
					"retransmits":	0,
					"snd_cwnd":	1522080,
					"snd_wnd":	1930368,
					"rtt":	439818,
					"rttvar":	3619,
					"pmtu":	1500,
					"reorder":	0,
					"omitted":	false,
					"sender":	true
				}],
			"sum":	{
				"start":	6.001096,
				"end":	7.001098,
				"seconds":	1.0000020265579224,
				"bytes":	2752512,
				"bits_per_second":	22020051.375090435,
				"retransmits":	0,
				"omitted":	false,
				"sender":	true
			}
		}, {
			"streams":	[{
					"socket":	5,
					"start":	7.001098,
					"end":	8.001097,
					"seconds":	0.99999898672103882,
					"bytes":	2883584,
					"bits_per_second":	23068695.375023685,
					"retransmits":	0,
					"snd_cwnd":	1689992,
					"snd_wnd":	1930368,
					"rtt":	499988,
					"rttvar":	4944,
					"pmtu":	1500,
					"reorder":	0,
					"omitted":	false,
					"sender":	true
				}],
			"sum":	{
				"start":	7.001098,
				"end":	8.001097,
				"seconds":	0.99999898672103882,
				"bytes":	2883584,
				"bits_per_second":	23068695.375023685,
				"retransmits":	0,
				"omitted":	false,
				"sender":	true
			}
		}, {
			"streams":	[{
					"socket":	5,
					"start":	8.001097,
					"end":	9.001119,
					"seconds":	1.0000220537185669,
					"bytes":	3407872,
					"bits_per_second":	27262374.763259508,
					"retransmits":	0,
					"snd_cwnd":	1857300,
					"snd_wnd":	1932352,
					"rtt":	465513,
					"rttvar":	4192,
					"pmtu":	1500,
					"reorder":	0,
					"omitted":	false,
					"sender":	true
				}],
			"sum":	{
				"start":	8.001097,
				"end":	9.001119,
				"seconds":	1.0000220537185669,
				"bytes":	3407872,
				"bits_per_second":	27262374.763259508,
				"retransmits":	0,
				"omitted":	false,
				"sender":	true
			}
		}, {
			"streams":	[{
					"socket":	5,
					"start":	9.001119,
					"end":	10.00151,
					"seconds":	1.0003910064697266,
					"bytes":	2752512,
					"bits_per_second":	22011489.365249868,
					"retransmits":	0,
					"snd_cwnd":	2014944,
					"snd_wnd":	1932352,
					"rtt":	581103,
					"rttvar":	4660,
					"pmtu":	1500,
					"reorder":	0,
					"omitted":	false,
					"sender":	true
				}],
			"sum":	{
				"start":	9.001119,
				"end":	10.00151,
				"seconds":	1.0003910064697266,
				"bytes":	2752512,
				"bits_per_second":	22011489.365249868,
				"retransmits":	0,
				"omitted":	false,
				"sender":	true
			}
		}],
	"end":	{
		"streams":	[{
				"sender":	{
					"socket":	5,
					"start":	0,
					"end":	10.00151,
					"seconds":	10.00151,
					"bytes":	41156608,
					"bits_per_second":	32920315.432369713,
					"retransmits":	0,
					"reorder":	0,
					"max_snd_cwnd":	2014944,
					"max_snd_wnd":	1932352,
					"max_rtt":	581103,
					"min_rtt":	45001,
					"mean_rtt":	308654,
					"sender":	true
				},
				"receiver":	{
					"socket":	5,
					"start":	0,
					"end":	10.043095,
					"seconds":	10.00151,
					"bytes":	40370176,
					"bits_per_second":	32157557.8046409,
					"sender":	true
				}
			}],
		"sum_sent":	{
			"start":	0,
			"end":	10.00151,
			"seconds":	10.00151,
			"bytes":	41156608,
			"bits_per_second":	32920315.432369713,
			"retransmits":	0,
			"sender":	true
		},
		"sum_received":	{
			"start":	0,
			"end":	10.043095,
			"seconds":	10.043095,
			"bytes":	40370176,
			"bits_per_second":	32157557.8046409,
			"sender":	true
		},
		"cpu_utilization_percent":	{
			"host_total":	0.21027967047143875,
			"host_user":	0.0945438858590225,
			"host_system":	0.11573578461241626,
			"remote_total":	19.760574616153821,
			"remote_user":	0.20922978885530072,
			"remote_system":	19.551334895190436
		},
		"sender_tcp_congestion":	"cubic",
		"receiver_tcp_congestion":	"cubic"
	}
}
{
	"start":	{
		"connected":	[{
				"socket":	5,
				"local_host":	"192.168.1.3",
				"local_port":	40298,
				"remote_host":	"192.168.1.58",
				"remote_port":	5201
			}],
		"version":	"iperf 3.20",
		"system_info":	"Linux kuroi-washi 6.19.11+kali-amd64 #1 SMP PREEMPT_DYNAMIC Kali 6.19.11-1kali1 (2026-04-09) x86_64",
		"timestamp":	{
			"time":	"Thu, 23 Apr 2026 20:47:28 GMT",
			"timesecs":	1776977248,
			"timemillisecs":	1776977248725
		},
		"connecting_to":	{
			"host":	"192.168.1.58",
			"port":	5201
		},
		"cookie":	"6wcdely5l66wpz3sgjplijmuqbulnqsu24or",
		"tcp_mss":	616,
		"target_bitrate":	0,
		"fq_rate":	0,
		"sock_bufsize":	0,
		"sndbuf_actual":	16384,
		"rcvbuf_actual":	131072,
		"test_start":	{
			"protocol":	"TCP",
			"num_streams":	1,
			"blksize":	131072,
			"omit":	0,
			"duration":	10,
			"bytes":	0,
			"blocks":	0,
			"reverse":	0,
			"tos":	0,
			"target_bitrate":	0,
			"bidir":	0,
			"fqrate":	0,
			"interval":	1
		}
	},
	"intervals":	[{
			"streams":	[{
					"socket":	5,
					"start":	0,
					"end":	1.001115,
					"seconds":	1.0011149644851685,
					"bytes":	5242880,
					"bits_per_second":	41896327.083243184,
					"retransmits":	0,
					"snd_cwnd":	205964,
					"snd_wnd":	931008,
					"rtt":	33067,
					"rttvar":	4658,
					"pmtu":	1500,
					"reorder":	0,
					"omitted":	false,
					"sender":	true
				}],
			"sum":	{
				"start":	0,
				"end":	1.001115,
				"seconds":	1.0011149644851685,
				"bytes":	5242880,
				"bits_per_second":	41896327.083243184,
				"retransmits":	0,
				"omitted":	false,
				"sender":	true
			}
		}, {
			"streams":	[{
					"socket":	5,
					"start":	1.001115,
					"end":	2.001122,
					"seconds":	1.0000070333480835,
					"bytes":	5505024,
					"bits_per_second":	44039882.252178565,
					"retransmits":	0,
					"snd_cwnd":	441524,
					"snd_wnd":	1142976,
					"rtt":	92785,
					"rttvar":	465,
					"pmtu":	1500,
					"reorder":	0,
					"omitted":	false,
					"sender":	true
				}],
			"sum":	{
				"start":	1.001115,
				"end":	2.001122,
				"seconds":	1.0000070333480835,
				"bytes":	5505024,
				"bits_per_second":	44039882.252178565,
				"retransmits":	0,
				"omitted":	false,
				"sender":	true
			}
		}, {
			"streams":	[{
					"socket":	5,
					"start":	2.001122,
					"end":	3.001116,
					"seconds":	0.99999397993087769,
					"bytes":	5242880,
					"bits_per_second":	41943292.501520075,
					"retransmits":	0,
					"snd_cwnd":	661380,
					"snd_wnd":	1285504,
					"rtt":	147401,
					"rttvar":	1601,
					"pmtu":	1500,
					"reorder":	0,
					"omitted":	false,
					"sender":	true
				}],
			"sum":	{
				"start":	2.001122,
				"end":	3.001116,
				"seconds":	0.99999397993087769,
				"bytes":	5242880,
				"bits_per_second":	41943292.501520075,
				"retransmits":	0,
				"omitted":	false,
				"sender":	true
			}
		}, {
			"streams":	[{
					"socket":	5,
					"start":	3.001116,
					"end":	4.001102,
					"seconds":	0.99998599290847778,
					"bytes":	5505024,
					"bits_per_second":	44040808.883640744,
					"retransmits":	0,
					"snd_cwnd":	897544,
					"snd_wnd":	1478080,
					"rtt":	170028,
					"rttvar":	676,
					"pmtu":	1500,
					"reorder":	0,
					"omitted":	false,
					"sender":	true
				}],
			"sum":	{
				"start":	3.001116,
				"end":	4.001102,
				"seconds":	0.99998599290847778,
				"bytes":	5505024,
				"bits_per_second":	44040808.883640744,
				"retransmits":	0,
				"omitted":	false,
				"sender":	true
			}
		}, {
			"streams":	[{
					"socket":	5,
					"start":	4.001102,
					"end":	5.001096,
					"seconds":	0.99999397993087769,
					"bytes":	4325376,
					"bits_per_second":	34603216.313754067,
					"retransmits":	0,
					"snd_cwnd":	1135520,
					"snd_wnd":	1672384,
					"rtt":	216551,
					"rttvar":	2695,
					"pmtu":	1500,
					"reorder":	0,
					"omitted":	false,
					"sender":	true
				}],
			"sum":	{
				"start":	4.001102,
				"end":	5.001096,
				"seconds":	0.99999397993087769,
				"bytes":	4325376,
				"bits_per_second":	34603216.313754067,
				"retransmits":	0,
				"omitted":	false,
				"sender":	true
			}
		}, {
			"streams":	[{
					"socket":	5,
					"start":	5.001096,
					"end":	6.001118,
					"seconds":	1.0000220537185669,
					"bytes":	4194304,
					"bits_per_second":	33553692.01631939,
					"retransmits":	0,
					"snd_cwnd":	1337256,
					"snd_wnd":	1809984,
					"rtt":	323926,
					"rttvar":	2119,
					"pmtu":	1500,
					"reorder":	0,
					"omitted":	false,
					"sender":	true
				}],
			"sum":	{
				"start":	5.001096,
				"end":	6.001118,
				"seconds":	1.0000220537185669,
				"bytes":	4194304,
				"bits_per_second":	33553692.01631939,
				"retransmits":	0,
				"omitted":	false,
				"sender":	true
			}
		}, {
			"streams":	[{
					"socket":	5,
					"start":	6.001118,
					"end":	7.001075,
					"seconds":	0.999957025051117,
					"bytes":	2752512,
					"bits_per_second":	22021042.353169478,
					"retransmits":	0,
					"snd_cwnd":	1513624,
					"snd_wnd":	1878976,
					"rtt":	432620,
					"rttvar":	3565,
					"pmtu":	1500,
					"reorder":	0,
					"omitted":	false,
					"sender":	true
				}],
			"sum":	{
				"start":	6.001118,
				"end":	7.001075,
				"seconds":	0.999957025051117,
				"bytes":	2752512,
				"bits_per_second":	22021042.353169478,
				"retransmits":	0,
				"omitted":	false,
				"sender":	true
			}
		}, {
			"streams":	[{
					"socket":	5,
					"start":	7.001075,
					"end":	8.001078,
					"seconds":	1.0000029802322388,
					"bytes":	4325376,
					"bits_per_second":	34602904.875307336,
					"retransmits":	0,
					"snd_cwnd":	1690596,
					"snd_wnd":	1919104,
					"rtt":	451330,
					"rttvar":	4109,
					"pmtu":	1500,
					"reorder":	0,
					"omitted":	false,
					"sender":	true
				}],
			"sum":	{
				"start":	7.001075,
				"end":	8.001078,
				"seconds":	1.0000029802322388,
				"bytes":	4325376,
				"bits_per_second":	34602904.875307336,
				"retransmits":	0,
				"omitted":	false,
				"sender":	true
			}
		}, {
			"streams":	[{
					"socket":	5,
					"start":	8.001078,
					"end":	9.001115,
					"seconds":	1.0000369548797607,
					"bytes":	2752512,
					"bits_per_second":	22019282.280070923,
					"retransmits":	0,
					"snd_cwnd":	1852468,
					"snd_wnd":	1930368,
					"rtt":	565191,
					"rttvar":	2944,
					"pmtu":	1500,
					"reorder":	0,
					"omitted":	false,
					"sender":	true
				}],
			"sum":	{
				"start":	8.001078,
				"end":	9.001115,
				"seconds":	1.0000369548797607,
				"bytes":	2752512,
				"bits_per_second":	22019282.280070923,
				"retransmits":	0,
				"omitted":	false,
				"sender":	true
			}
		}, {
			"streams":	[{
					"socket":	5,
					"start":	9.001115,
					"end":	10.001689,
					"seconds":	1.000573992729187,
					"bytes":	3014656,
					"bits_per_second":	24103412.816294853,
					"retransmits":	0,
					"snd_cwnd":	2019776,
					"snd_wnd":	1930368,
					"rtt":	590596,
					"rttvar":	1216,
					"pmtu":	1500,
					"reorder":	0,
					"omitted":	false,
					"sender":	true
				}],
			"sum":	{
				"start":	9.001115,
				"end":	10.001689,
				"seconds":	1.000573992729187,
				"bytes":	3014656,
				"bits_per_second":	24103412.816294853,
				"retransmits":	0,
				"omitted":	false,
				"sender":	true
			}
		}],
	"end":	{
		"streams":	[{
				"sender":	{
					"socket":	5,
					"start":	0,
					"end":	10.001689,
					"seconds":	10.001689,
					"bytes":	42860544,
					"bits_per_second":	34282644.86128293,
					"retransmits":	0,
					"reorder":	0,
					"max_snd_cwnd":	2019776,
					"max_snd_wnd":	1930368,
					"max_rtt":	590596,
					"min_rtt":	33067,
					"mean_rtt":	302349,
					"sender":	true
				},
				"receiver":	{
					"socket":	5,
					"start":	0,
					"end":	10.088693,
					"seconds":	10.001689,
					"bytes":	42205184,
					"bits_per_second":	33467315.538296193,
					"sender":	true
				}
			}],
		"sum_sent":	{
			"start":	0,
			"end":	10.001689,
			"seconds":	10.001689,
			"bytes":	42860544,
			"bits_per_second":	34282644.86128293,
			"retransmits":	0,
			"sender":	true
		},
		"sum_received":	{
			"start":	0,
			"end":	10.088693,
			"seconds":	10.088693,
			"bytes":	42205184,
			"bits_per_second":	33467315.538296193,
			"sender":	true
		},
		"cpu_utilization_percent":	{
			"host_total":	0.214146282483377,
			"host_user":	0,
			"host_system":	0.21412639612200043,
			"remote_total":	20.190028964720284,
			"remote_user":	0.49222036433518424,
			"remote_system":	19.697788833292844
		},
		"sender_tcp_congestion":	"cubic",
		"receiver_tcp_congestion":	"cubic"
	}
}
{
	"start":	{
		"connected":	[{
				"socket":	5,
				"local_host":	"192.168.1.3",
				"local_port":	53084,
				"remote_host":	"192.168.1.58",
				"remote_port":	5201
			}],
		"version":	"iperf 3.20",
		"system_info":	"Linux kuroi-washi 6.19.11+kali-amd64 #1 SMP PREEMPT_DYNAMIC Kali 6.19.11-1kali1 (2026-04-09) x86_64",
		"timestamp":	{
			"time":	"Thu, 23 Apr 2026 20:47:39 GMT",
			"timesecs":	1776977259,
			"timemillisecs":	1776977259194
		},
		"connecting_to":	{
			"host":	"192.168.1.58",
			"port":	5201
		},
		"cookie":	"dacg7xsug624w62mdlfqscllzng67hliqb37",
		"tcp_mss":	616,
		"target_bitrate":	0,
		"fq_rate":	0,
		"sock_bufsize":	0,
		"sndbuf_actual":	16384,
		"rcvbuf_actual":	131072,
		"test_start":	{
			"protocol":	"TCP",
			"num_streams":	1,
			"blksize":	131072,
			"omit":	0,
			"duration":	10,
			"bytes":	0,
			"blocks":	0,
			"reverse":	0,
			"tos":	0,
			"target_bitrate":	0,
			"bidir":	0,
			"fqrate":	0,
			"interval":	1
		}
	},
	"intervals":	[{
			"streams":	[{
					"socket":	5,
					"start":	0,
					"end":	1.001134,
					"seconds":	1.0011340379714966,
					"bytes":	4849664,
					"bits_per_second":	38753364.2134587,
					"retransmits":	0,
					"snd_cwnd":	218044,
					"snd_wnd":	1166656,
					"rtt":	22375,
					"rttvar":	3961,
					"pmtu":	1500,
					"reorder":	0,
					"omitted":	false,
					"sender":	true
				}],
			"sum":	{
				"start":	0,
				"end":	1.001134,
				"seconds":	1.0011340379714966,
				"bytes":	4849664,
				"bits_per_second":	38753364.2134587,
				"retransmits":	0,
				"omitted":	false,
				"sender":	true
			}
		}, {
			"streams":	[{
					"socket":	5,
					"start":	1.001134,
					"end":	2.001073,
					"seconds":	0.99993902444839478,
					"bytes":	6815744,
					"bits_per_second":	54529276.952740826,
					"retransmits":	0,
					"snd_cwnd":	457832,
					"snd_wnd":	1393088,
					"rtt":	104344,
					"rttvar":	2745,
					"pmtu":	1500,
					"reorder":	0,
					"omitted":	false,
					"sender":	true
				}],
			"sum":	{
				"start":	1.001134,
				"end":	2.001073,
				"seconds":	0.99993902444839478,
				"bytes":	6815744,
				"bits_per_second":	54529276.952740826,
				"retransmits":	0,
				"omitted":	false,
				"sender":	true
			}
		}, {
			"streams":	[{
					"socket":	5,
					"start":	2.001073,
					"end":	3.001108,
					"seconds":	1.0000350475311279,
					"bytes":	4194304,
					"bits_per_second":	33553256.041214451,
					"retransmits":	0,
					"snd_cwnd":	684936,
					"snd_wnd":	1581568,
					"rtt":	142746,
					"rttvar":	13966,
					"pmtu":	1500,
					"reorder":	0,
					"omitted":	false,
					"sender":	true
				}],
			"sum":	{
				"start":	2.001073,
				"end":	3.001108,
				"seconds":	1.0000350475311279,
				"bytes":	4194304,
				"bits_per_second":	33553256.041214451,
				"retransmits":	0,
				"omitted":	false,
				"sender":	true
			}
		}, {
			"streams":	[{
					"socket":	5,
					"start":	3.001108,
					"end":	4.001106,
					"seconds":	0.99999797344207764,
					"bytes":	5636096,
					"bits_per_second":	45088859.375185177,
					"retransmits":	0,
					"snd_cwnd":	904792,
					"snd_wnd":	1745856,
					"rtt":	176730,
					"rttvar":	4024,
					"pmtu":	1500,
					"reorder":	0,
					"omitted":	false,
					"sender":	true
				}],
			"sum":	{
				"start":	3.001108,
				"end":	4.001106,
				"seconds":	0.99999797344207764,
				"bytes":	5636096,
				"bits_per_second":	45088859.375185177,
				"retransmits":	0,
				"omitted":	false,
				"sender":	true
			}
		}, {
			"streams":	[{
					"socket":	5,
					"start":	4.001106,
					"end":	5.001108,
					"seconds":	1.0000020265579224,
					"bytes":	2752512,
					"bits_per_second":	22020051.375090435,
					"retransmits":	0,
					"snd_cwnd":	1105320,
					"snd_wnd":	1867328,
					"rtt":	308146,
					"rttvar":	4674,
					"pmtu":	1500,
					"reorder":	0,
					"omitted":	false,
					"sender":	true
				}],
			"sum":	{
				"start":	4.001106,
				"end":	5.001108,
				"seconds":	1.0000020265579224,
				"bytes":	2752512,
				"bits_per_second":	22020051.375090435,
				"retransmits":	0,
				"omitted":	false,
				"sender":	true
			}
		}, {
			"streams":	[{
					"socket":	5,
					"start":	5.001108,
					"end":	6.001119,
					"seconds":	1.0000109672546387,
					"bytes":	4194304,
					"bits_per_second":	33554064.0040359,
					"retransmits":	0,
					"snd_cwnd":	1269608,
					"snd_wnd":	1918400,
					"rtt":	367769,
					"rttvar":	978,
					"pmtu":	1500,
					"reorder":	0,
					"omitted":	false,
					"sender":	true
				}],
			"sum":	{
				"start":	5.001108,
				"end":	6.001119,
				"seconds":	1.0000109672546387,
				"bytes":	4194304,
				"bits_per_second":	33554064.0040359,
				"retransmits":	0,
				"omitted":	false,
				"sender":	true
			}
		}, {
			"streams":	[{
					"socket":	5,
					"start":	6.001119,
					"end":	7.001074,
					"seconds":	0.99995499849319458,
					"bytes":	2752512,
					"bits_per_second":	22021086.982095689,
					"retransmits":	0,
					"snd_cwnd":	1442352,
					"snd_wnd":	1932864,
					"rtt":	370824,
					"rttvar":	34605,
					"pmtu":	1500,
					"reorder":	0,
					"omitted":	false,
					"sender":	true
				}],
			"sum":	{
				"start":	6.001119,
				"end":	7.001074,
				"seconds":	0.99995499849319458,
				"bytes":	2752512,
				"bits_per_second":	22021086.982095689,
				"retransmits":	0,
				"omitted":	false,
				"sender":	true
			}
		}, {
			"streams":	[{
					"socket":	5,
					"start":	7.001074,
					"end":	8.001148,
					"seconds":	1.000074028968811,
					"bytes":	4718592,
					"bits_per_second":	37745941.706858642,
					"retransmits":	0,
					"snd_cwnd":	1620532,
					"snd_wnd":	1933952,
					"rtt":	96159,
					"rttvar":	8635,
					"pmtu":	1500,
					"reorder":	0,
					"omitted":	false,
					"sender":	true
				}],
			"sum":	{
				"start":	7.001074,
				"end":	8.001148,
				"seconds":	1.000074028968811,
				"bytes":	4718592,
				"bits_per_second":	37745941.706858642,
				"retransmits":	0,
				"omitted":	false,
				"sender":	true
			}
		}, {
			"streams":	[{
					"socket":	5,
					"start":	8.001148,
					"end":	9.001096,
					"seconds":	0.999948024749756,
					"bytes":	3932160,
					"bits_per_second":	31458915.084983952,
					"retransmits":	0,
					"snd_cwnd":	1799316,
					"snd_wnd":	1933952,
					"rtt":	86991,
					"rttvar":	82175,
					"pmtu":	1500,
					"reorder":	0,
					"omitted":	false,
					"sender":	true
				}],
			"sum":	{
				"start":	8.001148,
				"end":	9.001096,
				"seconds":	0.999948024749756,
				"bytes":	3932160,
				"bits_per_second":	31458915.084983952,
				"retransmits":	0,
				"omitted":	false,
				"sender":	true
			}
		}, {
			"streams":	[{
					"socket":	5,
					"start":	9.001096,
					"end":	10.001976,
					"seconds":	1.0008800029754639,
					"bytes":	2228224,
					"bits_per_second":	17810119.042249456,
					"retransmits":	0,
					"snd_cwnd":	1891124,
					"snd_wnd":	1933952,
					"rtt":	107916,
					"rttvar":	28159,
					"pmtu":	1500,
					"reorder":	0,
					"omitted":	false,
					"sender":	true
				}],
			"sum":	{
				"start":	9.001096,
				"end":	10.001976,
				"seconds":	1.0008800029754639,
				"bytes":	2228224,
				"bits_per_second":	17810119.042249456,
				"retransmits":	0,
				"omitted":	false,
				"sender":	true
			}
		}],
	"end":	{
		"streams":	[{
				"sender":	{
					"socket":	5,
					"start":	0,
					"end":	10.001976,
					"seconds":	10.001976,
					"bytes":	42074112,
					"bits_per_second":	33652639.838367939,
					"retransmits":	0,
					"reorder":	0,
					"max_snd_cwnd":	1891124,
					"max_snd_wnd":	1933952,
					"max_rtt":	370824,
					"min_rtt":	22375,
					"mean_rtt":	178400,
					"sender":	true
				},
				"receiver":	{
					"socket":	5,
					"start":	0,
					"end":	10.203565,
					"seconds":	10.001976,
					"bytes":	39059456,
					"bits_per_second":	30624164.0054236,
					"sender":	true
				}
			}],
		"sum_sent":	{
			"start":	0,
			"end":	10.001976,
			"seconds":	10.001976,
			"bytes":	42074112,
			"bits_per_second":	33652639.838367939,
			"retransmits":	0,
			"sender":	true
		},
		"sum_received":	{
			"start":	0,
			"end":	10.203565,
			"seconds":	10.203565,
			"bytes":	39059456,
			"bits_per_second":	30624164.0054236,
			"sender":	true
		},
		"cpu_utilization_percent":	{
			"host_total":	0.239809750864701,
			"host_user":	0,
			"host_system":	0.23981969281366106,
			"remote_total":	19.282282726577481,
			"remote_user":	0.211889458257591,
			"remote_system":	19.0703639518796
		},
		"sender_tcp_congestion":	"cubic",
		"receiver_tcp_congestion":	"cubic"
	}
}
{
	"start":	{
		"connected":	[{
				"socket":	5,
				"local_host":	"192.168.1.3",
				"local_port":	34592,
				"remote_host":	"192.168.1.58",
				"remote_port":	5201
			}],
		"version":	"iperf 3.20",
		"system_info":	"Linux kuroi-washi 6.19.11+kali-amd64 #1 SMP PREEMPT_DYNAMIC Kali 6.19.11-1kali1 (2026-04-09) x86_64",
		"timestamp":	{
			"time":	"Thu, 23 Apr 2026 20:47:49 GMT",
			"timesecs":	1776977269,
			"timemillisecs":	1776977269653
		},
		"connecting_to":	{
			"host":	"192.168.1.58",
			"port":	5201
		},
		"cookie":	"gra2zo74u3azfwwzbr4u2nnm6rxa2vdi7rcf",
		"tcp_mss":	616,
		"target_bitrate":	0,
		"fq_rate":	0,
		"sock_bufsize":	0,
		"sndbuf_actual":	16384,
		"rcvbuf_actual":	131072,
		"test_start":	{
			"protocol":	"TCP",
			"num_streams":	1,
			"blksize":	131072,
			"omit":	0,
			"duration":	10,
			"bytes":	0,
			"blocks":	0,
			"reverse":	0,
			"tos":	0,
			"target_bitrate":	0,
			"bidir":	0,
			"fqrate":	0,
			"interval":	1
		}
	},
	"intervals":	[{
			"streams":	[{
					"socket":	5,
					"start":	0,
					"end":	1.001115,
					"seconds":	1.0011149644851685,
					"bytes":	5373952,
					"bits_per_second":	42943735.260324262,
					"retransmits":	0,
					"snd_cwnd":	225896,
					"snd_wnd":	1171776,
					"rtt":	37685,
					"rttvar":	3513,
					"pmtu":	1500,
					"reorder":	0,
					"omitted":	false,
					"sender":	true
				}],
			"sum":	{
				"start":	0,
				"end":	1.001115,
				"seconds":	1.0011149644851685,
				"bytes":	5373952,
				"bits_per_second":	42943735.260324262,
				"retransmits":	0,
				"omitted":	false,
				"sender":	true
			}
		}, {
			"streams":	[{
					"socket":	5,
					"start":	1.001115,
					"end":	2.001121,
					"seconds":	1.0000059604644775,
					"bytes":	6291456,
					"bits_per_second":	50331348.001788132,
					"retransmits":	0,
					"snd_cwnd":	446960,
					"snd_wnd":	1331264,
					"rtt":	79209,
					"rttvar":	4796,
					"pmtu":	1500,
					"reorder":	0,
					"omitted":	false,
					"sender":	true
				}],
			"sum":	{
				"start":	1.001115,
				"end":	2.001121,
				"seconds":	1.0000059604644775,
				"bytes":	6291456,
				"bits_per_second":	50331348.001788132,
				"retransmits":	0,
				"omitted":	false,
				"sender":	true
			}
		}, {
			"streams":	[{
					"socket":	5,
					"start":	2.001121,
					"end":	3.001069,
					"seconds":	0.999948024749756,
					"bytes":	5373952,
					"bits_per_second":	42993850.616144732,
					"retransmits":	0,
					"snd_cwnd":	683728,
					"snd_wnd":	1500416,
					"rtt":	128003,
					"rttvar":	2512,
					"pmtu":	1500,
					"reorder":	0,
					"omitted":	false,
					"sender":	true
				}],
			"sum":	{
				"start":	2.001121,
				"end":	3.001069,
				"seconds":	0.999948024749756,
				"bytes":	5373952,
				"bits_per_second":	42993850.616144732,
				"retransmits":	0,
				"omitted":	false,
				"sender":	true
			}
		}, {
			"streams":	[{
					"socket":	5,
					"start":	3.001069,
					"end":	4.001033,
					"seconds":	0.99996399879455566,
					"bytes":	4325376,
					"bits_per_second":	34604253.794850118,
					"retransmits":	0,
					"snd_cwnd":	915664,
					"snd_wnd":	1657408,
					"rtt":	195740,
					"rttvar":	2685,
					"pmtu":	1500,
					"reorder":	0,
					"omitted":	false,
					"sender":	true
				}],
			"sum":	{
				"start":	3.001069,
				"end":	4.001033,
				"seconds":	0.99996399879455566,
				"bytes":	4325376,
				"bits_per_second":	34604253.794850118,
				"retransmits":	0,
				"omitted":	false,
				"sender":	true
			}
		}, {
			"streams":	[{
					"socket":	5,
					"start":	4.001033,
					"end":	5.001134,
					"seconds":	1.0001009702682495,
					"bytes":	4194304,
					"bits_per_second":	33551044.342052732,
					"retransmits":	0,
					"snd_cwnd":	1122836,
					"snd_wnd":	1809664,
					"rtt":	241775,
					"rttvar":	4116,
					"pmtu":	1500,
					"reorder":	0,
					"omitted":	false,
					"sender":	true
				}],
			"sum":	{
				"start":	4.001033,
				"end":	5.001134,
				"seconds":	1.0001009702682495,
				"bytes":	4194304,
				"bits_per_second":	33551044.342052732,
				"retransmits":	0,
				"omitted":	false,
				"sender":	true
			}
		}, {
			"streams":	[{
					"socket":	5,
					"start":	5.001134,
					"end":	6.001137,
					"seconds":	1.0000029802322388,
					"bytes":	2883584,
					"bits_per_second":	23068603.250204891,
					"retransmits":	0,
					"snd_cwnd":	1304036,
					"snd_wnd":	1911104,
					"rtt":	374905,
					"rttvar":	4816,
					"pmtu":	1500,
					"reorder":	0,
					"omitted":	false,
					"sender":	true
				}],
			"sum":	{
				"start":	5.001134,
				"end":	6.001137,
				"seconds":	1.0000029802322388,
				"bytes":	2883584,
				"bits_per_second":	23068603.250204891,
				"retransmits":	0,
				"omitted":	false,
				"sender":	true
			}
		}, {
			"streams":	[{
					"socket":	5,
					"start":	6.001137,
					"end":	7.001073,
					"seconds":	0.99993598461151123,
					"bytes":	2883584,
					"bits_per_second":	23070148.844540779,
					"retransmits":	0,
					"snd_cwnd":	1464096,
					"snd_wnd":	1930368,
					"rtt":	403991,
					"rttvar":	4794,
					"pmtu":	1500,
					"reorder":	0,
					"omitted":	false,
					"sender":	true
				}],
			"sum":	{
				"start":	6.001137,
				"end":	7.001073,
				"seconds":	0.99993598461151123,
				"bytes":	2883584,
				"bits_per_second":	23070148.844540779,
				"retransmits":	0,
				"omitted":	false,
				"sender":	true
			}
		}, {
			"streams":	[{
					"socket":	5,
					"start":	7.001073,
					"end":	8.001092,
					"seconds":	1.0000189542770386,
					"bytes":	4194304,
					"bits_per_second":	33553796.012054693,
					"retransmits":	0,
					"snd_cwnd":	1642276,
					"snd_wnd":	1932352,
					"rtt":	447993,
					"rttvar":	3537,
					"pmtu":	1500,
					"reorder":	0,
					"omitted":	false,
					"sender":	true
				}],
			"sum":	{
				"start":	7.001073,
				"end":	8.001092,
				"seconds":	1.0000189542770386,
				"bytes":	4194304,
				"bits_per_second":	33553796.012054693,
				"retransmits":	0,
				"omitted":	false,
				"sender":	true
			}
		}, {
			"streams":	[{
					"socket":	5,
					"start":	8.001092,
					"end":	9.001138,
					"seconds":	1.0000460147857666,
					"bytes":	2883584,
					"bits_per_second":	23067610.548842449,
					"retransmits":	0,
					"snd_cwnd":	1813208,
					"snd_wnd":	1932352,
					"rtt":	377501,
					"rttvar":	23602,
					"pmtu":	1500,
					"reorder":	0,
					"omitted":	false,
					"sender":	true
				}],
			"sum":	{
				"start":	8.001092,
				"end":	9.001138,
				"seconds":	1.0000460147857666,
				"bytes":	2883584,
				"bits_per_second":	23067610.548842449,
				"retransmits":	0,
				"omitted":	false,
				"sender":	true
			}
		}, {
			"streams":	[{
					"socket":	5,
					"start":	9.001138,
					"end":	10.001843,
					"seconds":	1.0007050037384033,
					"bytes":	3145728,
					"bits_per_second":	25148094.499364227,
					"retransmits":	0,
					"snd_cwnd":	1969040,
					"snd_wnd":	1932352,
					"rtt":	599222,
					"rttvar":	2887,
					"pmtu":	1500,
					"reorder":	0,
					"omitted":	false,
					"sender":	true
				}],
			"sum":	{
				"start":	9.001138,
				"end":	10.001843,
				"seconds":	1.0007050037384033,
				"bytes":	3145728,
				"bits_per_second":	25148094.499364227,
				"retransmits":	0,
				"omitted":	false,
				"sender":	true
			}
		}],
	"end":	{
		"streams":	[{
				"sender":	{
					"socket":	5,
					"start":	0,
					"end":	10.001843,
					"seconds":	10.001843,
					"bytes":	41549824,
					"bits_per_second":	33233734.222782742,
					"retransmits":	0,
					"reorder":	0,
					"max_snd_cwnd":	1969040,
					"max_snd_wnd":	1932352,
					"max_rtt":	599222,
					"min_rtt":	37685,
					"mean_rtt":	288602,
					"sender":	true
				},
				"receiver":	{
					"socket":	5,
					"start":	0,
					"end":	10.16673,
					"seconds":	10.001843,
					"bytes":	40894464,
					"bits_per_second":	32179049.901000619,
					"sender":	true
				}
			}],
		"sum_sent":	{
			"start":	0,
			"end":	10.001843,
			"seconds":	10.001843,
			"bytes":	41549824,
			"bits_per_second":	33233734.222782742,
			"retransmits":	0,
			"sender":	true
		},
		"sum_received":	{
			"start":	0,
			"end":	10.16673,
			"seconds":	10.16673,
			"bytes":	40894464,
			"bits_per_second":	32179049.901000619,
			"sender":	true
		},
		"cpu_utilization_percent":	{
			"host_total":	0.190568064285146,
			"host_user":	0,
			"host_system":	0.190568064285146,
			"remote_total":	19.718576040861642,
			"remote_user":	0.58138394485875355,
			"remote_system":	19.137172481159944
		},
		"sender_tcp_congestion":	"cubic",
		"receiver_tcp_congestion":	"cubic"
	}
}
{
	"start":	{
		"connected":	[{
				"socket":	5,
				"local_host":	"192.168.1.3",
				"local_port":	59568,
				"remote_host":	"192.168.1.58",
				"remote_port":	5201
			}],
		"version":	"iperf 3.20",
		"system_info":	"Linux kuroi-washi 6.19.11+kali-amd64 #1 SMP PREEMPT_DYNAMIC Kali 6.19.11-1kali1 (2026-04-09) x86_64",
		"timestamp":	{
			"time":	"Thu, 23 Apr 2026 20:48:00 GMT",
			"timesecs":	1776977280,
			"timemillisecs":	1776977280192
		},
		"connecting_to":	{
			"host":	"192.168.1.58",
			"port":	5201
		},
		"cookie":	"j267wij3gtibxv47wnkjdmkpdmyzyseyp3gh",
		"tcp_mss":	616,
		"target_bitrate":	0,
		"fq_rate":	0,
		"sock_bufsize":	0,
		"sndbuf_actual":	16384,
		"rcvbuf_actual":	131072,
		"test_start":	{
			"protocol":	"TCP",
			"num_streams":	1,
			"blksize":	131072,
			"omit":	0,
			"duration":	10,
			"bytes":	0,
			"blocks":	0,
			"reverse":	0,
			"tos":	0,
			"target_bitrate":	0,
			"bidir":	0,
			"fqrate":	0,
			"interval":	1
		}
	},
	"intervals":	[{
			"streams":	[{
					"socket":	5,
					"start":	0,
					"end":	1.001077,
					"seconds":	1.0010770559310913,
					"bytes":	6160384,
					"bits_per_second":	49230048.484292082,
					"retransmits":	0,
					"snd_cwnd":	343676,
					"snd_wnd":	1134016,
					"rtt":	47506,
					"rttvar":	5105,
					"pmtu":	1500,
					"reorder":	0,
					"omitted":	false,
					"sender":	true
				}],
			"sum":	{
				"start":	0,
				"end":	1.001077,
				"seconds":	1.0010770559310913,
				"bytes":	6160384,
				"bits_per_second":	49230048.484292082,
				"retransmits":	0,
				"omitted":	false,
				"sender":	true
			}
		}, {
			"streams":	[{
					"socket":	5,
					"start":	1.001077,
					"end":	2.00104,
					"seconds":	0.99996298551559448,
					"bytes":	6160384,
					"bits_per_second":	49284896.255023859,
					"retransmits":	0,
					"snd_cwnd":	556888,
					"snd_wnd":	1259648,
					"rtt":	99715,
					"rttvar":	1859,
					"pmtu":	1500,
					"reorder":	0,
					"omitted":	false,
					"sender":	true
				}],
			"sum":	{
				"start":	1.001077,
				"end":	2.00104,
				"seconds":	0.99996298551559448,
				"bytes":	6160384,
				"bits_per_second":	49284896.255023859,
				"retransmits":	0,
				"omitted":	false,
				"sender":	true
			}
		}, {
			"streams":	[{
					"socket":	5,
					"start":	2.00104,
					"end":	3.001056,
					"seconds":	1.0000159740448,
					"bytes":	4194304,
					"bits_per_second":	33553896.00856195,
					"retransmits":	0,
					"snd_cwnd":	771308,
					"snd_wnd":	1442176,
					"rtt":	159269,
					"rttvar":	1797,
					"pmtu":	1500,
					"reorder":	0,
					"omitted":	false,
					"sender":	true
				}],
			"sum":	{
				"start":	2.00104,
				"end":	3.001056,
				"seconds":	1.0000159740448,
				"bytes":	4194304,
				"bits_per_second":	33553896.00856195,
				"retransmits":	0,
				"omitted":	false,
				"sender":	true
			}
		}, {
			"streams":	[{
					"socket":	5,
					"start":	3.001056,
					"end":	4.001151,
					"seconds":	1.000095009803772,
					"bytes":	3014656,
					"bits_per_second":	24114956.842682406,
					"retransmits":	0,
					"snd_cwnd":	977272,
					"snd_wnd":	1623424,
					"rtt":	303786,
					"rttvar":	3450,
					"pmtu":	1500,
					"reorder":	0,
					"omitted":	false,
					"sender":	true
				}],
			"sum":	{
				"start":	3.001056,
				"end":	4.001151,
				"seconds":	1.000095009803772,
				"bytes":	3014656,
				"bits_per_second":	24114956.842682406,
				"retransmits":	0,
				"omitted":	false,
				"sender":	true
			}
		}, {
			"streams":	[{
					"socket":	5,
					"start":	4.001151,
					"end":	5.001152,
					"seconds":	1.0000009536743164,
					"bytes":	4194304,
					"bits_per_second":	33554400.000030518,
					"retransmits":	0,
					"snd_cwnd":	1107736,
					"snd_wnd":	1712768,
					"rtt":	227652,
					"rttvar":	20356,
					"pmtu":	1500,
					"reorder":	0,
					"omitted":	false,
					"sender":	true
				}],
			"sum":	{
				"start":	4.001151,
				"end":	5.001152,
				"seconds":	1.0000009536743164,
				"bytes":	4194304,
				"bits_per_second":	33554400.000030518,
				"retransmits":	0,
				"omitted":	false,
				"sender":	true
			}
		}, {
			"streams":	[{
					"socket":	5,
					"start":	5.001152,
					"end":	6.001142,
					"seconds":	0.99998998641967773,
					"bytes":	2883584,
					"bits_per_second":	23068903.002313159,
					"retransmits":	0,
					"snd_cwnd":	1236388,
					"snd_wnd":	1746624,
					"rtt":	116298,
					"rttvar":	65148,
					"pmtu":	1500,
					"reorder":	0,
					"omitted":	false,
					"sender":	true
				}],
			"sum":	{
				"start":	5.001152,
				"end":	6.001142,
				"seconds":	0.99998998641967773,
				"bytes":	2883584,
				"bits_per_second":	23068903.002313159,
				"retransmits":	0,
				"omitted":	false,
				"sender":	true
			}
		}, {
			"streams":	[{
					"socket":	5,
					"start":	6.001142,
					"end":	7.001145,
					"seconds":	1.0000029802322388,
					"bytes":	2883584,
					"bits_per_second":	23068603.250204891,
					"retransmits":	0,
					"snd_cwnd":	1416380,
					"snd_wnd":	1811456,
					"rtt":	165749,
					"rttvar":	13719,
					"pmtu":	1500,
					"reorder":	0,
					"omitted":	false,
					"sender":	true
				}],
			"sum":	{
				"start":	6.001142,
				"end":	7.001145,
				"seconds":	1.0000029802322388,
				"bytes":	2883584,
				"bits_per_second":	23068603.250204891,
				"retransmits":	0,
				"omitted":	false,
				"sender":	true
			}
		}, {
			"streams":	[{
					"socket":	5,
					"start":	7.001145,
					"end":	8.000422,
					"seconds":	0.99927699565887451,
					"bytes":	3014656,
					"bits_per_second":	24134697.491057783,
					"retransmits":	0,
					"snd_cwnd":	1508188,
					"snd_wnd":	1830784,
					"rtt":	123467,
					"rttvar":	5372,
					"pmtu":	1500,
					"reorder":	0,
					"omitted":	false,
					"sender":	true
				}],
			"sum":	{
				"start":	7.001145,
				"end":	8.000422,
				"seconds":	0.99927699565887451,
				"bytes":	3014656,
				"bits_per_second":	24134697.491057783,
				"retransmits":	0,
				"omitted":	false,
				"sender":	true
			}
		}, {
			"streams":	[{
					"socket":	5,
					"start":	8.000422,
					"end":	9.000323,
					"seconds":	0.999900996685028,
					"bytes":	3801088,
					"bits_per_second":	30411714.860585179,
					"retransmits":	16,
					"snd_cwnd":	1136124,
					"snd_wnd":	1852864,
					"rtt":	416920,
					"rttvar":	3387,
					"pmtu":	1500,
					"reorder":	0,
					"omitted":	false,
					"sender":	true
				}],
			"sum":	{
				"start":	8.000422,
				"end":	9.000323,
				"seconds":	0.999900996685028,
				"bytes":	3801088,
				"bits_per_second":	30411714.860585179,
				"retransmits":	16,
				"omitted":	false,
				"sender":	true
			}
		}, {
			"streams":	[{
					"socket":	5,
					"start":	9.000323,
					"end":	10.0012,
					"seconds":	1.0008770227432251,
					"bytes":	2752512,
					"bits_per_second":	22000800.797331575,
					"retransmits":	0,
					"snd_cwnd":	1240616,
					"snd_wnd":	1884288,
					"rtt":	208752,
					"rttvar":	18146,
					"pmtu":	1500,
					"reorder":	0,
					"omitted":	false,
					"sender":	true
				}],
			"sum":	{
				"start":	9.000323,
				"end":	10.0012,
				"seconds":	1.0008770227432251,
				"bytes":	2752512,
				"bits_per_second":	22000800.797331575,
				"retransmits":	0,
				"omitted":	false,
				"sender":	true
			}
		}],
	"end":	{
		"streams":	[{
				"sender":	{
					"socket":	5,
					"start":	0,
					"end":	10.0012,
					"seconds":	10.0012,
					"bytes":	39059456,
					"bits_per_second":	31243815.542134941,
					"retransmits":	16,
					"reorder":	0,
					"max_snd_cwnd":	1508188,
					"max_snd_wnd":	1884288,
					"max_rtt":	416920,
					"min_rtt":	47506,
					"mean_rtt":	186911,
					"sender":	true
				},
				"receiver":	{
					"socket":	5,
					"start":	0,
					"end":	10.174839,
					"seconds":	10.0012,
					"bytes":	37355520,
					"bits_per_second":	29370898.153769311,
					"sender":	true
				}
			}],
		"sum_sent":	{
			"start":	0,
			"end":	10.0012,
			"seconds":	10.0012,
			"bytes":	39059456,
			"bits_per_second":	31243815.542134941,
			"retransmits":	16,
			"sender":	true
		},
		"sum_received":	{
			"start":	0,
			"end":	10.174839,
			"seconds":	10.174839,
			"bytes":	37355520,
			"bits_per_second":	29370898.153769311,
			"sender":	true
		},
		"cpu_utilization_percent":	{
			"host_total":	0.19493717774606162,
			"host_user":	0,
			"host_system":	0.19491730546126157,
			"remote_total":	19.363054766730308,
			"remote_user":	0.33060458026932277,
			"remote_system":	19.032440390769718
		},
		"sender_tcp_congestion":	"cubic",
		"receiver_tcp_congestion":	"cubic"
	}
}
{
	"start":	{
		"connected":	[{
				"socket":	5,
				"local_host":	"192.168.1.3",
				"local_port":	34378,
				"remote_host":	"192.168.1.58",
				"remote_port":	5201
			}],
		"version":	"iperf 3.20",
		"system_info":	"Linux kuroi-washi 6.19.11+kali-amd64 #1 SMP PREEMPT_DYNAMIC Kali 6.19.11-1kali1 (2026-04-09) x86_64",
		"timestamp":	{
			"time":	"Thu, 23 Apr 2026 20:48:10 GMT",
			"timesecs":	1776977290,
			"timemillisecs":	1776977290835
		},
		"connecting_to":	{
			"host":	"192.168.1.58",
			"port":	5201
		},
		"cookie":	"tdud7e2lhhdrgwkjnsktcl3tjyysy4waqsiw",
		"tcp_mss":	616,
		"target_bitrate":	0,
		"fq_rate":	0,
		"sock_bufsize":	0,
		"sndbuf_actual":	16384,
		"rcvbuf_actual":	131072,
		"test_start":	{
			"protocol":	"TCP",
			"num_streams":	1,
			"blksize":	131072,
			"omit":	0,
			"duration":	10,
			"bytes":	0,
			"blocks":	0,
			"reverse":	0,
			"tos":	0,
			"target_bitrate":	0,
			"bidir":	0,
			"fqrate":	0,
			"interval":	1
		}
	},
	"intervals":	[{
			"streams":	[{
					"socket":	5,
					"start":	0,
					"end":	1.001068,
					"seconds":	1.0010679960250854,
					"bytes":	5636096,
					"bits_per_second":	45040664.749080777,
					"retransmits":	0,
					"snd_cwnd":	267572,
					"snd_wnd":	1156288,
					"rtt":	53024,
					"rttvar":	4413,
					"pmtu":	1500,
					"reorder":	0,
					"omitted":	false,
					"sender":	true
				}],
			"sum":	{
				"start":	0,
				"end":	1.001068,
				"seconds":	1.0010679960250854,
				"bytes":	5636096,
				"bits_per_second":	45040664.749080777,
				"retransmits":	0,
				"omitted":	false,
				"sender":	true
			}
		}, {
			"streams":	[{
					"socket":	5,
					"start":	1.001068,
					"end":	2.001113,
					"seconds":	1.0000449419021606,
					"bytes":	5898240,
					"bits_per_second":	47183799.470300637,
					"retransmits":	0,
					"snd_cwnd":	476556,
					"snd_wnd":	1380928,
					"rtt":	97351,
					"rttvar":	5328,
					"pmtu":	1500,
					"reorder":	0,
					"omitted":	false,
					"sender":	true
				}],
			"sum":	{
				"start":	1.001068,
				"end":	2.001113,
				"seconds":	1.0000449419021606,
				"bytes":	5898240,
				"bits_per_second":	47183799.470300637,
				"retransmits":	0,
				"omitted":	false,
				"sender":	true
			}
		}, {
			"streams":	[{
					"socket":	5,
					"start":	2.001113,
					"end":	3.001144,
					"seconds":	1.0000309944152832,
					"bytes":	4063232,
					"bits_per_second":	32504848.5312259,
					"retransmits":	0,
					"snd_cwnd":	697620,
					"snd_wnd":	1641856,
					"rtt":	142498,
					"rttvar":	1617,
					"pmtu":	1500,
					"reorder":	0,
					"omitted":	false,
					"sender":	true
				}],
			"sum":	{
				"start":	2.001113,
				"end":	3.001144,
				"seconds":	1.0000309944152832,
				"bytes":	4063232,
				"bits_per_second":	32504848.5312259,
				"retransmits":	0,
				"omitted":	false,
				"sender":	true
			}
		}, {
			"streams":	[{
					"socket":	5,
					"start":	3.001144,
					"end":	4.001091,
					"seconds":	0.99994701147079468,
					"bytes":	2883584,
					"bits_per_second":	23069894.439775284,
					"retransmits":	0,
					"snd_cwnd":	848620,
					"snd_wnd":	1791680,
					"rtt":	208002,
					"rttvar":	6692,
					"pmtu":	1500,
					"reorder":	0,
					"omitted":	false,
					"sender":	true
				}],
			"sum":	{
				"start":	3.001144,
				"end":	4.001091,
				"seconds":	0.99994701147079468,
				"bytes":	2883584,
				"bits_per_second":	23069894.439775284,
				"retransmits":	0,
				"omitted":	false,
				"sender":	true
			}
		}, {
			"streams":	[{
					"socket":	5,
					"start":	4.001091,
					"end":	5.001159,
					"seconds":	1.0000679492950439,
					"bytes":	4325376,
					"bits_per_second":	34600656.909754924,
					"retransmits":	0,
					"snd_cwnd":	1028612,
					"snd_wnd":	1865664,
					"rtt":	238860,
					"rttvar":	2834,
					"pmtu":	1500,
					"reorder":	0,
					"omitted":	false,
					"sender":	true
				}],
			"sum":	{
				"start":	4.001091,
				"end":	5.001159,
				"seconds":	1.0000679492950439,
				"bytes":	4325376,
				"bits_per_second":	34600656.909754924,
				"retransmits":	0,
				"omitted":	false,
				"sender":	true
			}
		}, {
			"streams":	[{
					"socket":	5,
					"start":	5.001159,
					"end":	6.001108,
					"seconds":	0.99994897842407227,
					"bytes":	2752512,
					"bits_per_second":	22021219.557325665,
					"retransmits":	0,
					"snd_cwnd":	1197128,
					"snd_wnd":	1908224,
					"rtt":	356116,
					"rttvar":	3210,
					"pmtu":	1500,
					"reorder":	0,
					"omitted":	false,
					"sender":	true
				}],
			"sum":	{
				"start":	5.001159,
				"end":	6.001108,
				"seconds":	0.99994897842407227,
				"bytes":	2752512,
				"bits_per_second":	22021219.557325665,
				"retransmits":	0,
				"omitted":	false,
				"sender":	true
			}
		}, {
			"streams":	[{
					"socket":	5,
					"start":	6.001108,
					"end":	7.001122,
					"seconds":	1.0000139474868774,
					"bytes":	2752512,
					"bits_per_second":	22019788.879283562,
					"retransmits":	0,
					"snd_cwnd":	1363832,
					"snd_wnd":	1930368,
					"rtt":	382999,
					"rttvar":	1690,
					"pmtu":	1500,
					"reorder":	0,
					"omitted":	false,
					"sender":	true
				}],
			"sum":	{
				"start":	6.001108,
				"end":	7.001122,
				"seconds":	1.0000139474868774,
				"bytes":	2752512,
				"bits_per_second":	22019788.879283562,
				"retransmits":	0,
				"omitted":	false,
				"sender":	true
			}
		}, {
			"streams":	[{
					"socket":	5,
					"start":	7.001122,
					"end":	8.001104,
					"seconds":	0.99998199939727783,
					"bytes":	4456448,
					"bits_per_second":	35652225.7615521,
					"retransmits":	0,
					"snd_cwnd":	1523892,
					"snd_wnd":	1930368,
					"rtt":	491318,
					"rttvar":	6591,
					"pmtu":	1500,
					"reorder":	0,
					"omitted":	false,
					"sender":	true
				}],
			"sum":	{
				"start":	7.001122,
				"end":	8.001104,
				"seconds":	0.99998199939727783,
				"bytes":	4456448,
				"bits_per_second":	35652225.7615521,
				"retransmits":	0,
				"omitted":	false,
				"sender":	true
			}
		}, {
			"streams":	[{
					"socket":	5,
					"start":	8.001104,
					"end":	9.001142,
					"seconds":	1.0000380277633667,
					"bytes":	2752512,
					"bits_per_second":	22019258.656842288,
					"retransmits":	0,
					"snd_cwnd":	1688784,
					"snd_wnd":	1930368,
					"rtt":	346027,
					"rttvar":	32683,
					"pmtu":	1500,
					"reorder":	0,
					"omitted":	false,
					"sender":	true
				}],
			"sum":	{
				"start":	8.001104,
				"end":	9.001142,
				"seconds":	1.0000380277633667,
				"bytes":	2752512,
				"bits_per_second":	22019258.656842288,
				"retransmits":	0,
				"omitted":	false,
				"sender":	true
			}
		}, {
			"streams":	[{
					"socket":	5,
					"start":	9.001142,
					"end":	10.0018,
					"seconds":	1.00065803527832,
					"bytes":	4456448,
					"bits_per_second":	35628139.427355886,
					"retransmits":	0,
					"snd_cwnd":	1876628,
					"snd_wnd":	1930368,
					"rtt":	409560,
					"rttvar":	42138,
					"pmtu":	1500,
					"reorder":	0,
					"omitted":	false,
					"sender":	true
				}],
			"sum":	{
				"start":	9.001142,
				"end":	10.0018,
				"seconds":	1.00065803527832,
				"bytes":	4456448,
				"bits_per_second":	35628139.427355886,
				"retransmits":	0,
				"omitted":	false,
				"sender":	true
			}
		}],
	"end":	{
		"streams":	[{
				"sender":	{
					"socket":	5,
					"start":	0,
					"end":	10.0018,
					"seconds":	10.0018,
					"bytes":	39976960,
					"bits_per_second":	31975812.353776321,
					"retransmits":	0,
					"reorder":	0,
					"max_snd_cwnd":	1876628,
					"max_snd_wnd":	1930368,
					"max_rtt":	491318,
					"min_rtt":	53024,
					"mean_rtt":	272575,
					"sender":	true
				},
				"receiver":	{
					"socket":	5,
					"start":	0,
					"end":	10.311751,
					"seconds":	10.0018,
					"bytes":	37224448,
					"bits_per_second":	28879245.047713045,
					"sender":	true
				}
			}],
		"sum_sent":	{
			"start":	0,
			"end":	10.0018,
			"seconds":	10.0018,
			"bytes":	39976960,
			"bits_per_second":	31975812.353776321,
			"retransmits":	0,
			"sender":	true
		},
		"sum_received":	{
			"start":	0,
			"end":	10.311751,
			"seconds":	10.311751,
			"bytes":	37224448,
			"bits_per_second":	28879245.047713045,
			"sender":	true
		},
		"cpu_utilization_percent":	{
			"host_total":	0.22777328892400434,
			"host_user":	0,
			"host_system":	0.22777328892400434,
			"remote_total":	18.046621955824556,
			"remote_user":	0.18454221993150743,
			"remote_system":	17.862070065896194
		},
		"sender_tcp_congestion":	"cubic",
		"receiver_tcp_congestion":	"cubic"
	}
}
